============================= test session starts ==============================
platform linux -- Python 3.10.6, pytest-7.2.0, pluggy-1.0.0
rootdir: /root/projects/qvm
plugins: anyio-3.6.2
collected 55 items / 54 deselected / 1 selected

tst/qvm/integration/bench_test.py 
------------------- Testing --------------

QVM::selection::costs::	random	2.0503997802734375e-05
compute_unit_list	[{3, 6}, {0, 10}, {1, 12}, {4, 7}, {2}]
QVM::selection::costs::	naive	9.72747802734375e-05
compute_unit_list	[{3, 6}, {0, 10}, {1, 12}, {4, 7}, {2}]
QVM::selection::costs::	naive_reverse	0.00022220611572265625
compute_unit_list	[{1, 12}, {8, 11}, {0, 10}, {3, 6}, {2}]
QVM::selection::costs::	brute_force	0.02028632164001465
compute_unit_list	[{1, 12}, {3, 6}, {0, 10}, {4, 7}, {2}]
random	2.0503997802734375e-05	0.33513777742242057	0.7530105590820313
small_first	9.72747802734375e-05	0.3343948818533634	0.7533397674560547
large_first	0.00022220611572265625	0.30574241659587825	0.7705812454223633
brute_force	0.02028632164001465	0.26652287451787193	0.7919315338134766
.

=============================== warnings summary ===============================
qcs/tst/qvm/integration/bench_test.py: 10 warnings
  /root/anaconda3/envs/qcs-noise/lib/python3.10/site-packages/qiskit/providers/fake_provider/fake_backend.py:462: PendingDeprecationWarning: "warnings" argument will be deprecated as part of the qiskit-aer 0.12.0 and subsequently removed
    noise_model = NoiseModel.from_backend(self, warnings=False)

-- Docs: https://docs.pytest.org/en/stable/how-to/capture-warnings.html
========== 1 passed, 54 deselected, 10 warnings in 164.20s (0:02:44) ===========
