============================= test session starts ==============================
platform linux -- Python 3.10.6, pytest-7.2.0, pluggy-1.0.0
rootdir: /root/projects/qvm
plugins: anyio-3.6.2
collected 55 items / 54 deselected / 1 selected

tst/qvm/integration/bench_test.py 
------------------- Testing --------------

QVM::selection::costs::	random	1.9073486328125e-05
compute_unit_list	[{2}, {3}, {8, 11}, {0, 10}, {5}]
QVM::selection::costs::	naive	7.82012939453125e-05
compute_unit_list	[{3}, {2}, {1, 12}, {8, 11}, {5}]
QVM::selection::costs::	naive_reverse	0.00010061264038085938
compute_unit_list	[{5}, {0}, {8, 11}, {3, 6}, {2}]
QVM::selection::costs::	brute_force	0.16471338272094727
compute_unit_list	[{2}, {3}, {8, 11}, {0, 10}, {5}]
random	1.9073486328125e-05	0.6686937013692104	0.8252428054809571
small_first	7.82012939453125e-05	0.6451954558343431	0.8150386810302734
large_first	0.00010061264038085938	0.6635483003021042	0.826785659790039
brute_force	0.16471338272094727	0.667199216952241	0.8251014709472656
.

=============================== warnings summary ===============================
qcs/tst/qvm/integration/bench_test.py: 13 warnings
  /root/anaconda3/envs/qcs-noise/lib/python3.10/site-packages/qiskit/providers/fake_provider/fake_backend.py:462: PendingDeprecationWarning: "warnings" argument will be deprecated as part of the qiskit-aer 0.12.0 and subsequently removed
    noise_model = NoiseModel.from_backend(self, warnings=False)

qcs/tst/qvm/integration/bench_test.py: 12 warnings
  /root/anaconda3/envs/qcs-noise/lib/python3.10/site-packages/qiskit_aer/noise/device/models.py:365: UserWarning: Device model returned an invalid T_2 relaxation time greater than the theoretical maximum value 2 * T_1 (96966.20180926041 > 2 * 40591.82230473617). Truncating to maximum value.
    warn("Device model returned an invalid T_2 relaxation time greater than"

qcs/tst/qvm/integration/bench_test.py::TestBenchDiffBackendQvmFrpV2::test_bench_multi_methods_multi_metrics[/root/projects/QASMBench/small//basis_change_n3/basis_change_n3.qasm,/root/projects/QASMBench/small//dnn_n2/dnn_n2.qasm,/root/projects/QASMBench/small//hhl_n7/hhl_n7.qasm,/root/projects/QASMBench/small//simon_n6/simon_n6.qasm,/root/projects/QASMBench/small//variational_n4/variational_n4.qasm-FakeBrooklyn-4-random,small_first,large_first,brute_force]
qcs/tst/qvm/integration/bench_test.py::TestBenchDiffBackendQvmFrpV2::test_bench_multi_methods_multi_metrics[/root/projects/QASMBench/small//basis_change_n3/basis_change_n3.qasm,/root/projects/QASMBench/small//dnn_n2/dnn_n2.qasm,/root/projects/QASMBench/small//hhl_n7/hhl_n7.qasm,/root/projects/QASMBench/small//simon_n6/simon_n6.qasm,/root/projects/QASMBench/small//variational_n4/variational_n4.qasm-FakeBrooklyn-4-random,small_first,large_first,brute_force]
  /root/anaconda3/envs/qcs-noise/lib/python3.10/site-packages/qiskit_aer/noise/device/models.py:365: UserWarning: Device model returned an invalid T_2 relaxation time greater than the theoretical maximum value 2 * T_1 (9.696620180926042e-05 > 2 * 4.059182230473617e-05). Truncating to maximum value.
    warn("Device model returned an invalid T_2 relaxation time greater than"

-- Docs: https://docs.pytest.org/en/stable/how-to/capture-warnings.html
========== 1 passed, 54 deselected, 27 warnings in 181.06s (0:03:01) ===========
