============================= test session starts ==============================
platform linux -- Python 3.10.6, pytest-7.2.0, pluggy-1.0.0
rootdir: /root/projects/qvm
plugins: anyio-3.6.2
collected 55 items / 54 deselected / 1 selected

tst/qvm/integration/bench_test.py 
------------------- Testing --------------

system_name     qubits         status    
ScQ-P10        10             Online    
ScQ-P18        18             Online    
ScQ-P136       136            Online    
F

=================================== FAILURES ===================================
_ TestQuafuBackendRealMachineQvmFrpV2.test_bench_diff_methods_diff_metric[/root/projects/QASMBench/small//adder_n4/adder_n4.qasm,/root/projects/QASMBench/small//basis_change_n3/basis_change_n3.qasm,/root/projects/QASMBench/small//basis_trotter_n4/basis_trotter_n4.qasm,/root/projects/QASMBench/small//grover_n2/grover_n2.qasm,/root/projects/QASMBench/small//hs4_n4/hs4_n4.qasm,/root/projects/QASMBench/small//qrng_n4/qrng_n4.qasm-ScQ-P136-4-baseline-hybrid] _

self = <bench_test.TestQuafuBackendRealMachineQvmFrpV2 object at 0x7f1cb903aef0>
qasm = '/root/projects/QASMBench/small//adder_n4/adder_n4.qasm,/root/projects/QASMBench/small//basis_change_n3/basis_change_n...grover_n2.qasm,/root/projects/QASMBench/small//hs4_n4/hs4_n4.qasm,/root/projects/QASMBench/small//qrng_n4/qrng_n4.qasm'
backend = 'ScQ-P136', cu_size = 4, qvm_version = 'baseline', metric = 'hybrid'

    def test_bench_diff_methods_diff_metric(
        self, qasm, backend, cu_size, qvm_version, metric
    ):
        """Given a list of qasm benchmarks, run on QvmFrpBackendManagerV2
        and QvmProcessManagerV2.
    
        Support setting qvm versions or baseline
        - vanilla: randomly select exe
        - random: sort exes, greedily select without sorting processes
        - small_first: sort exes, sort processes (small circ first) and greedily select
        - large_first: sort exes, sort processes (large circ first) and greedily select
        - brute_force: sort exes, sort processes, and find optimal solution minimizing sum of idxes
        - baseline: online compilation
    
        Support different metric:
        - kl: KL divergence
        - pst: Percentage of successful trials
        """
        print("\n------------------- Testing --------------\n")
    
        self.prepare_for_test(backend, cu_size, vs=qvm_version)
        if qvm_version != "vanilla":
            self.init_proc_cache(qasm, backend, cu_size)
    
        # Prepare circuits
        shots = QVM_SHOTS
        qasms = qasm.split(",")
        circ_list = [self.get_qiskit_circ("qasm", qasm_path=q) for q in qasms]
    
        # Execution
        if qvm_version in V2M:
            res = self.run_qvm(
                circ_list, independent=True, method=V2M[qvm_version], shots=self.shots
            )
        elif qvm_version == "baseline":
>           res = self.run_frp(circ_list, independent=True, shots=self.shots)

tst/qvm/integration/bench_test.py:620: 
_ _ _ _ _ _ _ _ _ _ _ _ _ _ _ _ _ _ _ _ _ _ _ _ _ _ _ _ _ _ _ _ _ _ _ _ _ _ _ _ 
tst/qvm/integration/bench_test.py:746: in run_frp
    res = self.frp_proc.run(circ_list)
../qvm/manager/quafu_process_manager.py:89: in run
    return task.send(quafu_circ)
/root/anaconda3/envs/qcs-noise/lib/python3.10/site-packages/pyquafu-0.2.11-py3.10-linux-x86_64.egg/quafu/tasks/tasks.py:219: in send
    return ExecResult(res_dict, qc.measures)
_ _ _ _ _ _ _ _ _ _ _ _ _ _ _ _ _ _ _ _ _ _ _ _ _ _ _ _ _ _ _ _ _ _ _ _ _ _ _ _ 

self = <quafu.results.results.ExecResult object at 0x7f1c7d8fca60>
input_dict = {'measure': '{0: 0, 11: 1, 2: 2, 1: 3, 95: 4, 94: 5, 93: 6, 92: 7, 79: 8, 80: 9, 81: 10, 12: 11, 13: 12, 45: 13, 44: 1...;\nmeasure q[108] -> meas[18];\nmeasure q[110] -> meas[19];\nmeasure q[107] -> meas[20];\n', 'raw': '', 'res': '', ...}
measures = {0: 0, 1: 3, 2: 2, 11: 1, ...}

    def __init__(self, input_dict, measures):
        status_map = {0:"In Queue", 1:"Running", 2:"Completed", "Canceled":3, 4:"Failed"}
        self.measures = measures
        self.task_status = status_map[input_dict["status"]]
>       self.res = eval(input_dict['res'])
E         File "<string>", line 0
E           
E       SyntaxError: invalid syntax

/root/anaconda3/envs/qcs-noise/lib/python3.10/site-packages/pyquafu-0.2.11-py3.10-linux-x86_64.egg/quafu/results/results.py:27: SyntaxError
------------------------------ Captured log call -------------------------------
WARNING  root:graph.py:571 Failed to grow a subgraph from root: 111, current visited status: {0, 1, 2, 7, 8, 9, 10, 11, 12, 13, 14, 18, 19, 20, 21, 22, 24, 25, 26, 27, 28, 29, 30, 31, 32, 33, 34, 35, 36, 42, 44, 45, 46, 47, 48, 49, 50, 55, 56, 57, 58, 59, 60, 61, 79, 80, 81, 84, 92, 93, 94, 95, 96, 97, 98, 106, 107, 108, 109, 110, 111}, error message is 'Cannot grow a graph that satisfy the subgraph size from current root: 111'
WARNING  root:graph.py:571 Failed to grow a subgraph from root: 123, current visited status: {0, 1, 2, 7, 8, 9, 10, 11, 12, 13, 14, 18, 19, 20, 21, 22, 24, 25, 26, 27, 28, 29, 30, 31, 32, 33, 34, 35, 36, 39, 40, 41, 42, 44, 45, 46, 47, 48, 49, 50, 51, 52, 53, 54, 55, 56, 57, 58, 59, 60, 61, 63, 67, 68, 69, 78, 79, 80, 81, 84, 92, 93, 94, 95, 96, 97, 98, 106, 107, 108, 109, 110, 111, 121, 122, 123, 132, 133, 134}, error message is 'Cannot grow a graph that satisfy the subgraph size from current root: 123'
WARNING  root:graph.py:571 Failed to grow a subgraph from root: 62, current visited status: {0, 1, 2, 7, 8, 9, 10, 11, 12, 13, 14, 18, 19, 20, 21, 22, 24, 25, 26, 27, 28, 29, 30, 31, 32, 33, 34, 35, 36, 39, 40, 41, 42, 44, 45, 46, 47, 48, 49, 50, 51, 52, 53, 54, 55, 56, 57, 58, 59, 60, 61, 62, 63, 67, 68, 69, 78, 79, 80, 81, 84, 92, 93, 94, 95, 96, 97, 98, 106, 107, 108, 109, 110, 111, 121, 123, 132, 133, 134}, error message is 'Cannot grow a graph that satisfy the subgraph size from current root: 62'
WARNING  root:graph.py:571 Failed to grow a subgraph from root: 23, current visited status: {0, 1, 2, 7, 8, 9, 10, 11, 12, 13, 14, 18, 19, 20, 21, 22, 23, 24, 25, 26, 27, 28, 29, 30, 31, 32, 33, 34, 35, 36, 39, 40, 41, 42, 44, 45, 46, 47, 48, 49, 50, 51, 52, 53, 54, 55, 56, 57, 58, 59, 60, 61, 62, 63, 67, 68, 69, 78, 79, 80, 81, 84, 92, 93, 94, 95, 96, 97, 98, 106, 107, 108, 109, 110, 111, 121, 123, 132, 133, 134}, error message is 'Cannot grow a graph that satisfy the subgraph size from current root: 23'
WARNING  root:graph.py:571 Failed to grow a subgraph from root: 17, current visited status: {0, 1, 2, 3, 4, 7, 8, 9, 10, 11, 12, 13, 14, 15, 16, 17, 18, 19, 20, 21, 22, 23, 24, 25, 26, 27, 28, 29, 30, 31, 32, 33, 34, 35, 36, 39, 40, 41, 42, 44, 45, 46, 47, 48, 49, 50, 51, 52, 53, 54, 55, 56, 57, 58, 59, 60, 61, 62, 63, 65, 67, 68, 69, 74, 75, 76, 77, 78, 79, 80, 81, 84, 85, 86, 87, 88, 89, 90, 91, 92, 93, 94, 95, 96, 97, 98, 100, 101, 102, 103, 106, 107, 108, 109, 110, 111, 121, 123, 132, 133, 134}, error message is 'Cannot grow a graph that satisfy the subgraph size from current root: 17'
WARNING  root:graph.py:571 Failed to grow a subgraph from root: 122, current visited status: {0, 1, 2, 3, 4, 7, 8, 9, 10, 11, 12, 13, 14, 15, 16, 17, 18, 19, 20, 21, 22, 23, 24, 25, 26, 27, 28, 29, 30, 31, 32, 33, 34, 35, 36, 39, 40, 41, 42, 44, 45, 46, 47, 48, 49, 50, 51, 52, 53, 54, 55, 56, 57, 58, 59, 60, 61, 62, 63, 65, 67, 68, 69, 74, 75, 76, 77, 78, 79, 80, 81, 84, 85, 86, 87, 88, 89, 90, 91, 92, 93, 94, 95, 96, 97, 98, 100, 101, 102, 103, 106, 107, 108, 109, 110, 111, 121, 122, 123, 132, 133, 134}, error message is 'Cannot grow a graph that satisfy the subgraph size from current root: 122'
WARNING  root:graph.py:571 Failed to grow a subgraph from root: 43, current visited status: {0, 1, 2, 3, 4, 7, 8, 9, 10, 11, 12, 13, 14, 15, 16, 17, 18, 19, 20, 21, 22, 23, 24, 25, 26, 27, 28, 29, 30, 31, 32, 33, 34, 35, 36, 39, 40, 41, 42, 43, 44, 45, 46, 47, 48, 49, 50, 51, 52, 53, 54, 55, 56, 57, 58, 59, 60, 61, 62, 63, 65, 67, 68, 69, 70, 71, 74, 75, 76, 77, 78, 79, 80, 81, 82, 83, 84, 85, 86, 87, 88, 89, 90, 91, 92, 93, 94, 95, 96, 97, 98, 100, 101, 102, 103, 106, 107, 108, 109, 110, 111, 113, 114, 115, 121, 122, 123, 124, 132, 133, 134}, error message is 'Cannot grow a graph that satisfy the subgraph size from current root: 43'
WARNING  root:graph.py:571 Failed to grow a subgraph from root: 119, current visited status: {0, 1, 2, 3, 4, 7, 8, 9, 10, 11, 12, 13, 14, 15, 16, 17, 18, 19, 20, 21, 22, 23, 24, 25, 26, 27, 28, 29, 30, 31, 32, 33, 34, 35, 36, 39, 40, 41, 42, 43, 44, 45, 46, 47, 48, 49, 50, 51, 52, 53, 54, 55, 56, 57, 58, 59, 60, 61, 62, 63, 65, 67, 68, 69, 70, 71, 74, 75, 76, 77, 78, 79, 80, 81, 82, 83, 84, 85, 86, 87, 88, 89, 90, 91, 92, 93, 94, 95, 96, 97, 98, 100, 101, 102, 103, 106, 107, 108, 109, 110, 111, 113, 114, 115, 118, 119, 120, 121, 122, 123, 124, 132, 133, 134}, error message is 'Cannot grow a graph that satisfy the subgraph size from current root: 119'
WARNING  root:graph.py:571 Failed to grow a subgraph from root: 120, current visited status: {0, 1, 2, 3, 4, 7, 8, 9, 10, 11, 12, 13, 14, 15, 16, 17, 18, 19, 20, 21, 22, 23, 24, 25, 26, 27, 28, 29, 30, 31, 32, 33, 34, 35, 36, 39, 40, 41, 42, 43, 44, 45, 46, 47, 48, 49, 50, 51, 52, 53, 54, 55, 56, 57, 58, 59, 60, 61, 62, 63, 65, 67, 68, 69, 70, 71, 74, 75, 76, 77, 78, 79, 80, 81, 82, 83, 84, 85, 86, 87, 88, 89, 90, 91, 92, 93, 94, 95, 96, 97, 98, 100, 101, 102, 103, 106, 107, 108, 109, 110, 111, 113, 114, 115, 119, 120, 121, 122, 123, 124, 132, 133, 134}, error message is 'Cannot grow a graph that satisfy the subgraph size from current root: 120'
WARNING  root:graph.py:571 Failed to grow a subgraph from root: 73, current visited status: {0, 1, 2, 3, 4, 7, 8, 9, 10, 11, 12, 13, 14, 15, 16, 17, 18, 19, 20, 21, 22, 23, 24, 25, 26, 27, 28, 29, 30, 31, 32, 33, 34, 35, 36, 39, 40, 41, 42, 43, 44, 45, 46, 47, 48, 49, 50, 51, 52, 53, 54, 55, 56, 57, 58, 59, 60, 61, 62, 63, 65, 67, 68, 69, 70, 71, 73, 74, 75, 76, 77, 78, 79, 80, 81, 82, 83, 84, 85, 86, 87, 88, 89, 90, 91, 92, 93, 94, 95, 96, 97, 98, 100, 101, 102, 103, 106, 107, 108, 109, 110, 111, 113, 114, 115, 119, 120, 121, 122, 123, 124, 132, 133, 134}, error message is 'Cannot grow a graph that satisfy the subgraph size from current root: 73'
WARNING  root:graph.py:571 Failed to grow a subgraph from root: 99, current visited status: {0, 1, 2, 3, 4, 7, 8, 9, 10, 11, 12, 13, 14, 15, 16, 17, 18, 19, 20, 21, 22, 23, 24, 25, 26, 27, 28, 29, 30, 31, 32, 33, 34, 35, 36, 39, 40, 41, 42, 43, 44, 45, 46, 47, 48, 49, 50, 51, 52, 53, 54, 55, 56, 57, 58, 59, 60, 61, 62, 63, 65, 67, 68, 69, 70, 71, 73, 74, 75, 76, 77, 78, 79, 80, 81, 82, 83, 84, 85, 86, 87, 88, 89, 90, 91, 92, 93, 94, 95, 96, 97, 98, 99, 100, 101, 102, 103, 106, 107, 108, 109, 110, 111, 113, 114, 115, 119, 120, 121, 122, 123, 124, 132, 133, 134}, error message is 'Cannot grow a graph that satisfy the subgraph size from current root: 99'
WARNING  root:graph.py:571 Failed to grow a subgraph from root: 5, current visited status: {0, 1, 2, 3, 4, 5, 6, 7, 8, 9, 10, 11, 12, 13, 14, 15, 16, 17, 18, 19, 20, 21, 22, 23, 24, 25, 26, 27, 28, 29, 30, 31, 32, 33, 34, 35, 36, 39, 40, 41, 42, 43, 44, 45, 46, 47, 48, 49, 50, 51, 52, 53, 54, 55, 56, 57, 58, 59, 60, 61, 62, 63, 65, 67, 68, 69, 70, 71, 73, 74, 75, 76, 77, 78, 79, 80, 81, 82, 83, 84, 85, 86, 87, 88, 89, 90, 91, 92, 93, 94, 95, 96, 97, 98, 99, 100, 101, 102, 103, 106, 107, 108, 109, 110, 111, 113, 114, 115, 119, 120, 121, 122, 123, 124, 128, 129, 130, 131, 132, 133, 134}, error message is 'Cannot grow a graph that satisfy the subgraph size from current root: 5'
WARNING  root:graph.py:571 Failed to grow a subgraph from root: 118, current visited status: {0, 1, 2, 3, 4, 5, 7, 8, 9, 10, 11, 12, 13, 14, 15, 16, 17, 18, 19, 20, 21, 22, 23, 24, 25, 26, 27, 28, 29, 30, 31, 32, 33, 34, 35, 36, 39, 40, 41, 42, 43, 44, 45, 46, 47, 48, 49, 50, 51, 52, 53, 54, 55, 56, 57, 58, 59, 60, 61, 62, 63, 65, 67, 68, 69, 70, 71, 73, 74, 75, 76, 77, 78, 79, 80, 81, 82, 83, 84, 85, 86, 87, 88, 89, 90, 91, 92, 93, 94, 95, 96, 97, 98, 99, 100, 101, 102, 103, 106, 107, 108, 109, 110, 111, 113, 114, 115, 118, 119, 120, 121, 122, 123, 124, 128, 129, 130, 131, 132, 133, 134}, error message is 'Cannot grow a graph that satisfy the subgraph size from current root: 118'
WARNING  root:graph.py:571 Failed to grow a subgraph from root: 116, current visited status: {0, 1, 2, 3, 4, 5, 7, 8, 9, 10, 11, 12, 13, 14, 15, 16, 17, 18, 19, 20, 21, 22, 23, 24, 25, 26, 27, 28, 29, 30, 31, 32, 33, 34, 35, 36, 39, 40, 41, 42, 43, 44, 45, 46, 47, 48, 49, 50, 51, 52, 53, 54, 55, 56, 57, 58, 59, 60, 61, 62, 63, 65, 67, 68, 69, 70, 71, 73, 74, 75, 76, 77, 78, 79, 80, 81, 82, 83, 84, 85, 86, 87, 88, 89, 90, 91, 92, 93, 94, 95, 96, 97, 98, 99, 100, 101, 102, 103, 106, 107, 108, 109, 110, 111, 113, 114, 115, 116, 117, 118, 119, 120, 121, 122, 123, 124, 128, 129, 130, 131, 132, 133, 134}, error message is 'Cannot grow a graph that satisfy the subgraph size from current root: 116'
WARNING  root:graph.py:571 Failed to grow a subgraph from root: 66, current visited status: {0, 1, 2, 3, 4, 5, 7, 8, 9, 10, 11, 12, 13, 14, 15, 16, 17, 18, 19, 20, 21, 22, 23, 24, 25, 26, 27, 28, 29, 30, 31, 32, 33, 34, 35, 36, 39, 40, 41, 42, 43, 44, 45, 46, 47, 48, 49, 50, 51, 52, 53, 54, 55, 56, 57, 58, 59, 60, 61, 62, 63, 65, 66, 67, 68, 69, 70, 71, 73, 74, 75, 76, 77, 78, 79, 80, 81, 82, 83, 84, 85, 86, 87, 88, 89, 90, 91, 92, 93, 94, 95, 96, 97, 98, 99, 100, 101, 102, 103, 106, 107, 108, 109, 110, 111, 113, 114, 115, 116, 118, 119, 120, 121, 122, 123, 124, 128, 129, 130, 131, 132, 133, 134}, error message is 'Cannot grow a graph that satisfy the subgraph size from current root: 66'
WARNING  root:graph.py:571 Failed to grow a subgraph from root: 38, current visited status: {0, 1, 2, 3, 4, 5, 7, 8, 9, 10, 11, 12, 13, 14, 15, 16, 17, 18, 19, 20, 21, 22, 23, 24, 25, 26, 27, 28, 29, 30, 31, 32, 33, 34, 35, 36, 37, 38, 39, 40, 41, 42, 43, 44, 45, 46, 47, 48, 49, 50, 51, 52, 53, 54, 55, 56, 57, 58, 59, 60, 61, 62, 63, 65, 66, 67, 68, 69, 70, 71, 73, 74, 75, 76, 77, 78, 79, 80, 81, 82, 83, 84, 85, 86, 87, 88, 89, 90, 91, 92, 93, 94, 95, 96, 97, 98, 99, 100, 101, 102, 103, 106, 107, 108, 109, 110, 111, 113, 114, 115, 116, 118, 119, 120, 121, 122, 123, 124, 128, 129, 130, 131, 132, 133, 134}, error message is 'Cannot grow a graph that satisfy the subgraph size from current root: 38'
WARNING  root:graph.py:571 Failed to grow a subgraph from root: 37, current visited status: {0, 1, 2, 3, 4, 5, 7, 8, 9, 10, 11, 12, 13, 14, 15, 16, 17, 18, 19, 20, 21, 22, 23, 24, 25, 26, 27, 28, 29, 30, 31, 32, 33, 34, 35, 36, 37, 38, 39, 40, 41, 42, 43, 44, 45, 46, 47, 48, 49, 50, 51, 52, 53, 54, 55, 56, 57, 58, 59, 60, 61, 62, 63, 65, 66, 67, 68, 69, 70, 71, 73, 74, 75, 76, 77, 78, 79, 80, 81, 82, 83, 84, 85, 86, 87, 88, 89, 90, 91, 92, 93, 94, 95, 96, 97, 98, 99, 100, 101, 102, 103, 106, 107, 108, 109, 110, 111, 113, 114, 115, 116, 118, 119, 120, 121, 122, 123, 124, 128, 129, 130, 131, 132, 133, 134}, error message is 'Cannot grow a graph that satisfy the subgraph size from current root: 37'
WARNING  root:graph.py:571 Failed to grow a subgraph from root: 127, current visited status: {0, 1, 2, 3, 4, 5, 7, 8, 9, 10, 11, 12, 13, 14, 15, 16, 17, 18, 19, 20, 21, 22, 23, 24, 25, 26, 27, 28, 29, 30, 31, 32, 33, 34, 35, 36, 37, 38, 39, 40, 41, 42, 43, 44, 45, 46, 47, 48, 49, 50, 51, 52, 53, 54, 55, 56, 57, 58, 59, 60, 61, 62, 63, 65, 66, 67, 68, 69, 70, 71, 73, 74, 75, 76, 77, 78, 79, 80, 81, 82, 83, 84, 85, 86, 87, 88, 89, 90, 91, 92, 93, 94, 95, 96, 97, 98, 99, 100, 101, 102, 103, 106, 107, 108, 109, 110, 111, 113, 114, 115, 116, 118, 119, 120, 121, 122, 123, 124, 125, 126, 127, 128, 129, 130, 131, 132, 133, 134}, error message is 'Cannot grow a graph that satisfy the subgraph size from current root: 127'
WARNING  root:graph.py:571 Failed to grow a subgraph from root: 125, current visited status: {0, 1, 2, 3, 4, 5, 7, 8, 9, 10, 11, 12, 13, 14, 15, 16, 17, 18, 19, 20, 21, 22, 23, 24, 25, 26, 27, 28, 29, 30, 31, 32, 33, 34, 35, 36, 37, 38, 39, 40, 41, 42, 43, 44, 45, 46, 47, 48, 49, 50, 51, 52, 53, 54, 55, 56, 57, 58, 59, 60, 61, 62, 63, 65, 66, 67, 68, 69, 70, 71, 73, 74, 75, 76, 77, 78, 79, 80, 81, 82, 83, 84, 85, 86, 87, 88, 89, 90, 91, 92, 93, 94, 95, 96, 97, 98, 99, 100, 101, 102, 103, 106, 107, 108, 109, 110, 111, 113, 114, 115, 116, 118, 119, 120, 121, 122, 123, 124, 125, 126, 127, 128, 129, 130, 131, 132, 133, 134}, error message is 'Cannot grow a graph that satisfy the subgraph size from current root: 125'
WARNING  root:graph.py:571 Failed to grow a subgraph from root: 112, current visited status: {0, 1, 2, 3, 4, 5, 7, 8, 9, 10, 11, 12, 13, 14, 15, 16, 17, 18, 19, 20, 21, 22, 23, 24, 25, 26, 27, 28, 29, 30, 31, 32, 33, 34, 35, 36, 37, 38, 39, 40, 41, 42, 43, 44, 45, 46, 47, 48, 49, 50, 51, 52, 53, 54, 55, 56, 57, 58, 59, 60, 61, 62, 63, 65, 66, 67, 68, 69, 70, 71, 73, 74, 75, 76, 77, 78, 79, 80, 81, 82, 83, 84, 85, 86, 87, 88, 89, 90, 91, 92, 93, 94, 95, 96, 97, 98, 99, 100, 101, 102, 103, 106, 107, 108, 109, 110, 111, 112, 113, 114, 115, 116, 118, 119, 120, 121, 122, 123, 124, 125, 127, 128, 129, 130, 131, 132, 133, 134}, error message is 'Cannot grow a graph that satisfy the subgraph size from current root: 112'
WARNING  root:graph.py:571 Failed to grow a subgraph from root: 135, current visited status: {0, 1, 2, 3, 4, 5, 7, 8, 9, 10, 11, 12, 13, 14, 15, 16, 17, 18, 19, 20, 21, 22, 23, 24, 25, 26, 27, 28, 29, 30, 31, 32, 33, 34, 35, 36, 37, 38, 39, 40, 41, 42, 43, 44, 45, 46, 47, 48, 49, 50, 51, 52, 53, 54, 55, 56, 57, 58, 59, 60, 61, 62, 63, 65, 66, 67, 68, 69, 70, 71, 73, 74, 75, 76, 77, 78, 79, 80, 81, 82, 83, 84, 85, 86, 87, 88, 89, 90, 91, 92, 93, 94, 95, 96, 97, 98, 99, 100, 101, 102, 103, 106, 107, 108, 109, 110, 111, 112, 113, 114, 115, 116, 118, 119, 120, 121, 122, 123, 124, 125, 127, 128, 129, 130, 131, 132, 133, 134, 135}, error message is 'Cannot grow a graph that satisfy the subgraph size from current root: 135'
WARNING  root:graph.py:571 Failed to grow a subgraph from root: 117, current visited status: {0, 1, 2, 3, 4, 5, 7, 8, 9, 10, 11, 12, 13, 14, 15, 16, 17, 18, 19, 20, 21, 22, 23, 24, 25, 26, 27, 28, 29, 30, 31, 32, 33, 34, 35, 36, 37, 38, 39, 40, 41, 42, 43, 44, 45, 46, 47, 48, 49, 50, 51, 52, 53, 54, 55, 56, 57, 58, 59, 60, 61, 62, 63, 65, 66, 67, 68, 69, 70, 71, 73, 74, 75, 76, 77, 78, 79, 80, 81, 82, 83, 84, 85, 86, 87, 88, 89, 90, 91, 92, 93, 94, 95, 96, 97, 98, 99, 100, 101, 102, 103, 106, 107, 108, 109, 110, 111, 112, 113, 114, 115, 116, 117, 118, 119, 120, 121, 122, 123, 124, 125, 127, 128, 129, 130, 131, 132, 133, 134, 135}, error message is 'Cannot grow a graph that satisfy the subgraph size from current root: 117'
WARNING  root:graph.py:571 Failed to grow a subgraph from root: 126, current visited status: {0, 1, 2, 3, 4, 5, 7, 8, 9, 10, 11, 12, 13, 14, 15, 16, 17, 18, 19, 20, 21, 22, 23, 24, 25, 26, 27, 28, 29, 30, 31, 32, 33, 34, 35, 36, 37, 38, 39, 40, 41, 42, 43, 44, 45, 46, 47, 48, 49, 50, 51, 52, 53, 54, 55, 56, 57, 58, 59, 60, 61, 62, 63, 65, 66, 67, 68, 69, 70, 71, 73, 74, 75, 76, 77, 78, 79, 80, 81, 82, 83, 84, 85, 86, 87, 88, 89, 90, 91, 92, 93, 94, 95, 96, 97, 98, 99, 100, 101, 102, 103, 106, 107, 108, 109, 110, 111, 112, 113, 114, 115, 116, 117, 118, 119, 120, 121, 122, 123, 124, 125, 126, 127, 128, 129, 130, 131, 132, 133, 134, 135}, error message is 'Cannot grow a graph that satisfy the subgraph size from current root: 126'
WARNING  root:graph.py:571 Failed to grow a subgraph from root: 105, current visited status: {0, 1, 2, 3, 4, 5, 7, 8, 9, 10, 11, 12, 13, 14, 15, 16, 17, 18, 19, 20, 21, 22, 23, 24, 25, 26, 27, 28, 29, 30, 31, 32, 33, 34, 35, 36, 37, 38, 39, 40, 41, 42, 43, 44, 45, 46, 47, 48, 49, 50, 51, 52, 53, 54, 55, 56, 57, 58, 59, 60, 61, 62, 63, 65, 66, 67, 68, 69, 70, 71, 73, 74, 75, 76, 77, 78, 79, 80, 81, 82, 83, 84, 85, 86, 87, 88, 89, 90, 91, 92, 93, 94, 95, 96, 97, 98, 99, 100, 101, 102, 103, 104, 105, 106, 107, 108, 109, 110, 111, 112, 113, 114, 115, 116, 117, 118, 119, 120, 121, 122, 123, 124, 125, 126, 127, 128, 129, 130, 131, 132, 133, 134, 135}, error message is 'Cannot grow a graph that satisfy the subgraph size from current root: 105'
WARNING  root:graph.py:571 Failed to grow a subgraph from root: 6, current visited status: {0, 1, 2, 3, 4, 5, 6, 7, 8, 9, 10, 11, 12, 13, 14, 15, 16, 17, 18, 19, 20, 21, 22, 23, 24, 25, 26, 27, 28, 29, 30, 31, 32, 33, 34, 35, 36, 37, 38, 39, 40, 41, 42, 43, 44, 45, 46, 47, 48, 49, 50, 51, 52, 53, 54, 55, 56, 57, 58, 59, 60, 61, 62, 63, 65, 66, 67, 68, 69, 70, 71, 73, 74, 75, 76, 77, 78, 79, 80, 81, 82, 83, 84, 85, 86, 87, 88, 89, 90, 91, 92, 93, 94, 95, 96, 97, 98, 99, 100, 101, 102, 103, 105, 106, 107, 108, 109, 110, 111, 112, 113, 114, 115, 116, 117, 118, 119, 120, 121, 122, 123, 124, 125, 126, 127, 128, 129, 130, 131, 132, 133, 134, 135}, error message is 'Cannot grow a graph that satisfy the subgraph size from current root: 6'
WARNING  root:graph.py:571 Failed to grow a subgraph from root: 64, current visited status: {0, 1, 2, 3, 4, 5, 6, 7, 8, 9, 10, 11, 12, 13, 14, 15, 16, 17, 18, 19, 20, 21, 22, 23, 24, 25, 26, 27, 28, 29, 30, 31, 32, 33, 34, 35, 36, 37, 38, 39, 40, 41, 42, 43, 44, 45, 46, 47, 48, 49, 50, 51, 52, 53, 54, 55, 56, 57, 58, 59, 60, 61, 62, 63, 64, 65, 66, 67, 68, 69, 70, 71, 73, 74, 75, 76, 77, 78, 79, 80, 81, 82, 83, 84, 85, 86, 87, 88, 89, 90, 91, 92, 93, 94, 95, 96, 97, 98, 99, 100, 101, 102, 103, 105, 106, 107, 108, 109, 110, 111, 112, 113, 114, 115, 116, 117, 118, 119, 120, 121, 122, 123, 124, 125, 126, 127, 128, 129, 130, 131, 132, 133, 134, 135}, error message is 'Cannot grow a graph that satisfy the subgraph size from current root: 64'
WARNING  root:graph.py:571 Failed to grow a subgraph from root: 72, current visited status: {0, 1, 2, 3, 4, 5, 6, 7, 8, 9, 10, 11, 12, 13, 14, 15, 16, 17, 18, 19, 20, 21, 22, 23, 24, 25, 26, 27, 28, 29, 30, 31, 32, 33, 34, 35, 36, 37, 38, 39, 40, 41, 42, 43, 44, 45, 46, 47, 48, 49, 50, 51, 52, 53, 54, 55, 56, 57, 58, 59, 60, 61, 62, 63, 64, 65, 66, 67, 68, 69, 70, 71, 72, 73, 74, 75, 76, 77, 78, 79, 80, 81, 82, 83, 84, 85, 86, 87, 88, 89, 90, 91, 92, 93, 94, 95, 96, 97, 98, 99, 100, 101, 102, 103, 105, 106, 107, 108, 109, 110, 111, 112, 113, 114, 115, 116, 117, 118, 119, 120, 121, 122, 123, 124, 125, 126, 127, 128, 129, 130, 131, 132, 133, 134, 135}, error message is 'Cannot grow a graph that satisfy the subgraph size from current root: 72'
WARNING  root:graph.py:571 Failed to grow a subgraph from root: 104, current visited status: {0, 1, 2, 3, 4, 5, 6, 7, 8, 9, 10, 11, 12, 13, 14, 15, 16, 17, 18, 19, 20, 21, 22, 23, 24, 25, 26, 27, 28, 29, 30, 31, 32, 33, 34, 35, 36, 37, 38, 39, 40, 41, 42, 43, 44, 45, 46, 47, 48, 49, 50, 51, 52, 53, 54, 55, 56, 57, 58, 59, 60, 61, 62, 63, 64, 65, 66, 67, 68, 69, 70, 71, 72, 73, 74, 75, 76, 77, 78, 79, 80, 81, 82, 83, 84, 85, 86, 87, 88, 89, 90, 91, 92, 93, 94, 95, 96, 97, 98, 99, 100, 101, 102, 103, 104, 105, 106, 107, 108, 109, 110, 111, 112, 113, 114, 115, 116, 117, 118, 119, 120, 121, 122, 123, 124, 125, 126, 127, 128, 129, 130, 131, 132, 133, 134, 135}, error message is 'Cannot grow a graph that satisfy the subgraph size from current root: 104'
=========================== short test summary info ============================
FAILED tst/qvm/integration/bench_test.py::TestQuafuBackendRealMachineQvmFrpV2::test_bench_diff_methods_diff_metric[/root/projects/QASMBench/small/adder_n4/adder_n4.qasm,/root/projects/QASMBench/small/basis_change_n3/basis_change_n3.qasm,/root/projects/QASMBench/small/basis_trotter_n4/basis_trotter_n4.qasm,/root/projects/QASMBench/small/grover_n2/grover_n2.qasm,/root/projects/QASMBench/small/hs4_n4/hs4_n4.qasm,/root/projects/QASMBench/small/qrng_n4/qrng_n4.qasm-ScQ-P136-4-baseline-hybrid]
====================== 1 failed, 54 deselected in 28.33s =======================
