============================= test session starts ==============================
platform linux -- Python 3.10.6, pytest-7.2.0, pluggy-1.0.0
rootdir: /root/projects/qcs
collected 9 items / 8 deselected / 1 selected

tst/qdao/engine.py 
::::::::::::::::::Config::::::::::::::::::

NQ::	24
NP::	22
NL::	14
D::	21

::::::::::::::::::Config::::::::::::::::::

Partial simulation consumes time: 0.47528624534606934
Partial simulation consumes time: 0.5346109867095947
Partial simulation consumes time: 0.5112597942352295
Partial simulation consumes time: 0.5426926612854004
Partial simulation consumes time: 0.45043253898620605
Partial simulation consumes time: 0.423053503036499
Partial simulation consumes time: 0.42685413360595703
Partial simulation consumes time: 0.398212194442749
Partial simulation consumes time: 0.585221529006958
Partial simulation consumes time: 0.6416873931884766
Partial simulation consumes time: 0.5353188514709473
Partial simulation consumes time: 0.5519583225250244
Partial simulation consumes time: 0.647188663482666
Partial simulation consumes time: 0.7010936737060547
Partial simulation consumes time: 0.6468884944915771
Partial simulation consumes time: 0.7040581703186035
Partial simulation consumes time: 0.6190476417541504
Partial simulation consumes time: 0.6176273822784424
Partial simulation consumes time: 0.6260263919830322
Partial simulation consumes time: 0.6889204978942871
Partial simulation consumes time: 0.5894219875335693
Partial simulation consumes time: 0.5610542297363281
Partial simulation consumes time: 0.5693652629852295
Partial simulation consumes time: 0.5790152549743652
Qdao runs:	20.186505794525146
_initialize	0.5230205059051514
_preprocess	2.493560314178467
_postprocess	3.5212154388427734
_run	19.64188861846924
load_sv	2.484529972076416
store_sv	3.5207083225250244
Quafu runs:	15.93972396850586
.

======================= 1 passed, 8 deselected in 41.59s =======================
