============================= test session starts ==============================
platform linux -- Python 3.10.6, pytest-7.2.0, pluggy-1.0.0
rootdir: /root/projects/qvm
plugins: anyio-3.6.2
collected 47 items / 46 deselected / 1 selected

tst/qvm/integration/bench_test.py QVM::selection::costs::	1.0728836059570312e-05
FRP::online_compilation::costs::	1.058164119720459
Fid of qvm & frp	0.05913227617834062	0.07566640823739369
.

=============================== warnings summary ===============================
qcs/tst/qvm/integration/bench_test.py::TestBenchDiffBackendQvmFrpV2::test_independent_two_bench_frp[qasm-/root/projects/QASMBench/small//lpn_n5/lpn_n5.qasm,/root/projects/QASMBench/small//grover_n2/grover_n2.qasm-FakeCairo-4-10]
qcs/tst/qvm/integration/bench_test.py::TestBenchDiffBackendQvmFrpV2::test_independent_two_bench_frp[qasm-/root/projects/QASMBench/small//lpn_n5/lpn_n5.qasm,/root/projects/QASMBench/small//grover_n2/grover_n2.qasm-FakeCairo-4-10]
qcs/tst/qvm/integration/bench_test.py::TestBenchDiffBackendQvmFrpV2::test_independent_two_bench_frp[qasm-/root/projects/QASMBench/small//lpn_n5/lpn_n5.qasm,/root/projects/QASMBench/small//grover_n2/grover_n2.qasm-FakeCairo-4-10]
qcs/tst/qvm/integration/bench_test.py::TestBenchDiffBackendQvmFrpV2::test_independent_two_bench_frp[qasm-/root/projects/QASMBench/small//lpn_n5/lpn_n5.qasm,/root/projects/QASMBench/small//grover_n2/grover_n2.qasm-FakeCairo-4-10]
  /root/anaconda3/envs/qcs-noise/lib/python3.10/site-packages/qiskit/providers/fake_provider/fake_backend.py:462: PendingDeprecationWarning: "warnings" argument will be deprecated as part of the qiskit-aer 0.12.0 and subsequently removed
    noise_model = NoiseModel.from_backend(self, warnings=False)

qcs/tst/qvm/integration/bench_test.py::TestBenchDiffBackendQvmFrpV2::test_independent_two_bench_frp[qasm-/root/projects/QASMBench/small//lpn_n5/lpn_n5.qasm,/root/projects/QASMBench/small//grover_n2/grover_n2.qasm-FakeCairo-4-10]
qcs/tst/qvm/integration/bench_test.py::TestBenchDiffBackendQvmFrpV2::test_independent_two_bench_frp[qasm-/root/projects/QASMBench/small//lpn_n5/lpn_n5.qasm,/root/projects/QASMBench/small//grover_n2/grover_n2.qasm-FakeCairo-4-10]
qcs/tst/qvm/integration/bench_test.py::TestBenchDiffBackendQvmFrpV2::test_independent_two_bench_frp[qasm-/root/projects/QASMBench/small//lpn_n5/lpn_n5.qasm,/root/projects/QASMBench/small//grover_n2/grover_n2.qasm-FakeCairo-4-10]
qcs/tst/qvm/integration/bench_test.py::TestBenchDiffBackendQvmFrpV2::test_independent_two_bench_frp[qasm-/root/projects/QASMBench/small//lpn_n5/lpn_n5.qasm,/root/projects/QASMBench/small//grover_n2/grover_n2.qasm-FakeCairo-4-10]
qcs/tst/qvm/integration/bench_test.py::TestBenchDiffBackendQvmFrpV2::test_independent_two_bench_frp[qasm-/root/projects/QASMBench/small//lpn_n5/lpn_n5.qasm,/root/projects/QASMBench/small//grover_n2/grover_n2.qasm-FakeCairo-4-10]
qcs/tst/qvm/integration/bench_test.py::TestBenchDiffBackendQvmFrpV2::test_independent_two_bench_frp[qasm-/root/projects/QASMBench/small//lpn_n5/lpn_n5.qasm,/root/projects/QASMBench/small//grover_n2/grover_n2.qasm-FakeCairo-4-10]
  /root/anaconda3/envs/qcs-noise/lib/python3.10/site-packages/qiskit_aer/noise/device/models.py:365: UserWarning: Device model returned an invalid T_2 relaxation time greater than the theoretical maximum value 2 * T_1 (210788.50669687917 > 2 * 104325.12715207216). Truncating to maximum value.
    warn("Device model returned an invalid T_2 relaxation time greater than"

qcs/tst/qvm/integration/bench_test.py::TestBenchDiffBackendQvmFrpV2::test_independent_two_bench_frp[qasm-/root/projects/QASMBench/small//lpn_n5/lpn_n5.qasm,/root/projects/QASMBench/small//grover_n2/grover_n2.qasm-FakeCairo-4-10]
  /root/anaconda3/envs/qcs-noise/lib/python3.10/site-packages/qiskit_aer/noise/device/models.py:365: UserWarning: Device model returned an invalid T_2 relaxation time greater than the theoretical maximum value 2 * T_1 (0.00021078850669687914 > 2 * 0.00010432512715207217). Truncating to maximum value.
    warn("Device model returned an invalid T_2 relaxation time greater than"

-- Docs: https://docs.pytest.org/en/stable/how-to/capture-warnings.html
================ 1 passed, 46 deselected, 11 warnings in 25.79s ================
