============================= test session starts ==============================
platform linux -- Python 3.10.6, pytest-7.2.0, pluggy-1.0.0
rootdir: /root/projects/qvm
plugins: anyio-3.6.2
collected 51 items / 50 deselected / 1 selected

tst/qvm/integration/bench_test.py FRP::online_compilation::costs::	11.934365272521973
Fid of baseline	0.8851192792256674
.

=============================== warnings summary ===============================
qcs/tst/qvm/integration/bench_test.py::TestBenchDiffBackendQvmFrpV2::test_bench_diff_methods_diff_metric[/root/projects/QASMBench/small//wstate_n3/wstate_n3.qasm,/root/projects/QASMBench/small//qec_en_n5/qec_en_n5.qasm,/root/projects/QASMBench/small//toffoli_n3/toffoli_n3.qasm,/root/projects/QASMBench/small//hs4_n4/hs4_n4.qasm,/root/projects/QASMBench/small//lpn_n5/lpn_n5.qasm,/root/projects/QASMBench/small//quantumwalks_n2/quantumwalks_n2.qasm-FakeBrooklyn-4-baseline-pst]
qcs/tst/qvm/integration/bench_test.py::TestBenchDiffBackendQvmFrpV2::test_bench_diff_methods_diff_metric[/root/projects/QASMBench/small//wstate_n3/wstate_n3.qasm,/root/projects/QASMBench/small//qec_en_n5/qec_en_n5.qasm,/root/projects/QASMBench/small//toffoli_n3/toffoli_n3.qasm,/root/projects/QASMBench/small//hs4_n4/hs4_n4.qasm,/root/projects/QASMBench/small//lpn_n5/lpn_n5.qasm,/root/projects/QASMBench/small//quantumwalks_n2/quantumwalks_n2.qasm-FakeBrooklyn-4-baseline-pst]
qcs/tst/qvm/integration/bench_test.py::TestBenchDiffBackendQvmFrpV2::test_bench_diff_methods_diff_metric[/root/projects/QASMBench/small//wstate_n3/wstate_n3.qasm,/root/projects/QASMBench/small//qec_en_n5/qec_en_n5.qasm,/root/projects/QASMBench/small//toffoli_n3/toffoli_n3.qasm,/root/projects/QASMBench/small//hs4_n4/hs4_n4.qasm,/root/projects/QASMBench/small//lpn_n5/lpn_n5.qasm,/root/projects/QASMBench/small//quantumwalks_n2/quantumwalks_n2.qasm-FakeBrooklyn-4-baseline-pst]
qcs/tst/qvm/integration/bench_test.py::TestBenchDiffBackendQvmFrpV2::test_bench_diff_methods_diff_metric[/root/projects/QASMBench/small//wstate_n3/wstate_n3.qasm,/root/projects/QASMBench/small//qec_en_n5/qec_en_n5.qasm,/root/projects/QASMBench/small//toffoli_n3/toffoli_n3.qasm,/root/projects/QASMBench/small//hs4_n4/hs4_n4.qasm,/root/projects/QASMBench/small//lpn_n5/lpn_n5.qasm,/root/projects/QASMBench/small//quantumwalks_n2/quantumwalks_n2.qasm-FakeBrooklyn-4-baseline-pst]
qcs/tst/qvm/integration/bench_test.py::TestBenchDiffBackendQvmFrpV2::test_bench_diff_methods_diff_metric[/root/projects/QASMBench/small//wstate_n3/wstate_n3.qasm,/root/projects/QASMBench/small//qec_en_n5/qec_en_n5.qasm,/root/projects/QASMBench/small//toffoli_n3/toffoli_n3.qasm,/root/projects/QASMBench/small//hs4_n4/hs4_n4.qasm,/root/projects/QASMBench/small//lpn_n5/lpn_n5.qasm,/root/projects/QASMBench/small//quantumwalks_n2/quantumwalks_n2.qasm-FakeBrooklyn-4-baseline-pst]
qcs/tst/qvm/integration/bench_test.py::TestBenchDiffBackendQvmFrpV2::test_bench_diff_methods_diff_metric[/root/projects/QASMBench/small//wstate_n3/wstate_n3.qasm,/root/projects/QASMBench/small//qec_en_n5/qec_en_n5.qasm,/root/projects/QASMBench/small//toffoli_n3/toffoli_n3.qasm,/root/projects/QASMBench/small//hs4_n4/hs4_n4.qasm,/root/projects/QASMBench/small//lpn_n5/lpn_n5.qasm,/root/projects/QASMBench/small//quantumwalks_n2/quantumwalks_n2.qasm-FakeBrooklyn-4-baseline-pst]
  /root/anaconda3/envs/qcs-noise/lib/python3.10/site-packages/qiskit/providers/fake_provider/fake_backend.py:462: PendingDeprecationWarning: "warnings" argument will be deprecated as part of the qiskit-aer 0.12.0 and subsequently removed
    noise_model = NoiseModel.from_backend(self, warnings=False)

qcs/tst/qvm/integration/bench_test.py::TestBenchDiffBackendQvmFrpV2::test_bench_diff_methods_diff_metric[/root/projects/QASMBench/small//wstate_n3/wstate_n3.qasm,/root/projects/QASMBench/small//qec_en_n5/qec_en_n5.qasm,/root/projects/QASMBench/small//toffoli_n3/toffoli_n3.qasm,/root/projects/QASMBench/small//hs4_n4/hs4_n4.qasm,/root/projects/QASMBench/small//lpn_n5/lpn_n5.qasm,/root/projects/QASMBench/small//quantumwalks_n2/quantumwalks_n2.qasm-FakeBrooklyn-4-baseline-pst]
qcs/tst/qvm/integration/bench_test.py::TestBenchDiffBackendQvmFrpV2::test_bench_diff_methods_diff_metric[/root/projects/QASMBench/small//wstate_n3/wstate_n3.qasm,/root/projects/QASMBench/small//qec_en_n5/qec_en_n5.qasm,/root/projects/QASMBench/small//toffoli_n3/toffoli_n3.qasm,/root/projects/QASMBench/small//hs4_n4/hs4_n4.qasm,/root/projects/QASMBench/small//lpn_n5/lpn_n5.qasm,/root/projects/QASMBench/small//quantumwalks_n2/quantumwalks_n2.qasm-FakeBrooklyn-4-baseline-pst]
qcs/tst/qvm/integration/bench_test.py::TestBenchDiffBackendQvmFrpV2::test_bench_diff_methods_diff_metric[/root/projects/QASMBench/small//wstate_n3/wstate_n3.qasm,/root/projects/QASMBench/small//qec_en_n5/qec_en_n5.qasm,/root/projects/QASMBench/small//toffoli_n3/toffoli_n3.qasm,/root/projects/QASMBench/small//hs4_n4/hs4_n4.qasm,/root/projects/QASMBench/small//lpn_n5/lpn_n5.qasm,/root/projects/QASMBench/small//quantumwalks_n2/quantumwalks_n2.qasm-FakeBrooklyn-4-baseline-pst]
qcs/tst/qvm/integration/bench_test.py::TestBenchDiffBackendQvmFrpV2::test_bench_diff_methods_diff_metric[/root/projects/QASMBench/small//wstate_n3/wstate_n3.qasm,/root/projects/QASMBench/small//qec_en_n5/qec_en_n5.qasm,/root/projects/QASMBench/small//toffoli_n3/toffoli_n3.qasm,/root/projects/QASMBench/small//hs4_n4/hs4_n4.qasm,/root/projects/QASMBench/small//lpn_n5/lpn_n5.qasm,/root/projects/QASMBench/small//quantumwalks_n2/quantumwalks_n2.qasm-FakeBrooklyn-4-baseline-pst]
qcs/tst/qvm/integration/bench_test.py::TestBenchDiffBackendQvmFrpV2::test_bench_diff_methods_diff_metric[/root/projects/QASMBench/small//wstate_n3/wstate_n3.qasm,/root/projects/QASMBench/small//qec_en_n5/qec_en_n5.qasm,/root/projects/QASMBench/small//toffoli_n3/toffoli_n3.qasm,/root/projects/QASMBench/small//hs4_n4/hs4_n4.qasm,/root/projects/QASMBench/small//lpn_n5/lpn_n5.qasm,/root/projects/QASMBench/small//quantumwalks_n2/quantumwalks_n2.qasm-FakeBrooklyn-4-baseline-pst]
qcs/tst/qvm/integration/bench_test.py::TestBenchDiffBackendQvmFrpV2::test_bench_diff_methods_diff_metric[/root/projects/QASMBench/small//wstate_n3/wstate_n3.qasm,/root/projects/QASMBench/small//qec_en_n5/qec_en_n5.qasm,/root/projects/QASMBench/small//toffoli_n3/toffoli_n3.qasm,/root/projects/QASMBench/small//hs4_n4/hs4_n4.qasm,/root/projects/QASMBench/small//lpn_n5/lpn_n5.qasm,/root/projects/QASMBench/small//quantumwalks_n2/quantumwalks_n2.qasm-FakeBrooklyn-4-baseline-pst]
  /root/anaconda3/envs/qcs-noise/lib/python3.10/site-packages/qiskit_aer/noise/device/models.py:365: UserWarning: Device model returned an invalid T_2 relaxation time greater than the theoretical maximum value 2 * T_1 (96966.20180926041 > 2 * 40591.82230473617). Truncating to maximum value.
    warn("Device model returned an invalid T_2 relaxation time greater than"

qcs/tst/qvm/integration/bench_test.py::TestBenchDiffBackendQvmFrpV2::test_bench_diff_methods_diff_metric[/root/projects/QASMBench/small//wstate_n3/wstate_n3.qasm,/root/projects/QASMBench/small//qec_en_n5/qec_en_n5.qasm,/root/projects/QASMBench/small//toffoli_n3/toffoli_n3.qasm,/root/projects/QASMBench/small//hs4_n4/hs4_n4.qasm,/root/projects/QASMBench/small//lpn_n5/lpn_n5.qasm,/root/projects/QASMBench/small//quantumwalks_n2/quantumwalks_n2.qasm-FakeBrooklyn-4-baseline-pst]
  /root/anaconda3/envs/qcs-noise/lib/python3.10/site-packages/qiskit_aer/noise/device/models.py:365: UserWarning: Device model returned an invalid T_2 relaxation time greater than the theoretical maximum value 2 * T_1 (9.696620180926042e-05 > 2 * 4.059182230473617e-05). Truncating to maximum value.
    warn("Device model returned an invalid T_2 relaxation time greater than"

-- Docs: https://docs.pytest.org/en/stable/how-to/capture-warnings.html
================ 1 passed, 50 deselected, 13 warnings in 40.46s ================
