Randomly selected files:
/root/projects/QASMBench/small/wstate_n3/wstate_n3.qasm,/root/projects/QASMBench/small/simon_n6/simon_n6.qasm
============================= test session starts ==============================
platform linux -- Python 3.10.6, pytest-7.2.0, pluggy-1.0.0
rootdir: /root/projects/qcs
plugins: anyio-3.6.2
collected 15 items / 14 deselected / 1 selected

tst/qvm/integration/bench_test.py [1.06525421e-03 1.65529251e-02 1.47399902e-02 1.33419037e-03
 1.47438049e-02 7.84873962e-04 5.98907471e-04 4.43458557e-04
 2.83241272e-04 4.30393219e-03 3.98731232e-03 3.52859497e-04
 4.07981873e-03 2.25067139e-04 1.75476074e-04 1.15394592e-04
 3.26156616e-04 4.58908081e-03 4.25052643e-03 3.44276428e-04
 4.11701202e-03 2.12669373e-04 1.66893005e-04 1.26838684e-04
 1.05953217e-03 1.57403946e-02 1.40953064e-02 1.20830536e-03
 1.41878128e-02 7.49588013e-04 6.02722168e-04 4.06265259e-04
 1.04045868e-03 1.62239075e-02 1.43871307e-02 1.19018555e-03
 1.43184662e-02 7.41004944e-04 6.17027283e-04 4.79698181e-04
 2.85148621e-04 4.38880920e-03 3.83567810e-03 3.38554382e-04
 3.85665894e-03 2.37464905e-04 1.58309937e-04 1.13487244e-04
 3.08036804e-04 4.65011597e-03 4.16755676e-03 3.22341919e-04
 4.02641296e-03 2.25067139e-04 1.64985657e-04 1.19209290e-04
 1.01566315e-03 1.53150558e-02 1.36699677e-02 1.21784210e-03
 1.35946274e-02 7.27653503e-04 5.61714172e-04 4.14848328e-04
 1.04045868e-03 1.62858963e-02 1.46732330e-02 1.30748749e-03
 1.46636963e-02 7.36236572e-04 5.65528870e-04 4.34875488e-04
 2.83241272e-04 4.48036194e-03 3.95679474e-03 3.40461731e-04
 3.85570526e-03 2.17437744e-04 1.79290771e-04 1.10626221e-04
 3.22341919e-04 4.73976135e-03 4.34589386e-03 3.53813171e-04
 4.20093536e-03 2.41279602e-04 1.69754028e-04 1.32560730e-04
 1.02806091e-03 1.57651901e-02 1.42679214e-02 1.21974945e-03
 1.42364502e-02 7.56263733e-04 5.61714172e-04 4.36782837e-04
 9.92774963e-04 1.58052444e-02 1.41630173e-02 1.26171112e-03
 1.42450333e-02 7.89642334e-04 5.83648682e-04 4.02450562e-04
 2.42233276e-04 4.33444977e-03 3.81565094e-03 3.14712524e-04
 3.69071960e-03 1.85012817e-04 1.59263611e-04 1.08718872e-04
 3.01361084e-04 4.60147858e-03 4.12845612e-03 3.49998474e-04
 4.17423248e-03 2.09808350e-04 1.82151794e-04 1.32560730e-04
 9.68933105e-04 1.52339935e-02 1.39989853e-02 1.16062164e-03
 1.39331818e-02 7.06672668e-04 5.50270081e-04 3.97682190e-04
 1.03759766e-03 1.62086487e-02 1.45587921e-02 1.29604340e-03
 1.43976212e-02 7.72476196e-04 5.83648682e-04 4.48226929e-04
 2.76565552e-04 4.35638428e-03 4.01210785e-03 3.80516052e-04
 3.87477875e-03 1.95503235e-04 1.75476074e-04 1.16348267e-04
 2.88009644e-04 4.80270386e-03 4.25243378e-03 3.63349915e-04
 4.33826447e-03 2.31742859e-04 1.64031982e-04 1.14440918e-04
 1.00708008e-03 1.56478882e-02 1.41487122e-02 1.26171112e-03
 1.42831802e-02 7.63893127e-04 5.97953796e-04 4.12940979e-04
 9.88006592e-04 1.57642365e-02 1.42288208e-02 1.23500824e-03
 1.40943527e-02 7.80105591e-04 5.83648682e-04 4.21524048e-04
 2.69889832e-04 4.23431396e-03 3.80325317e-03 3.28063965e-04
 3.89862061e-03 2.15530396e-04 1.90734863e-04 1.11579895e-04
 2.93731689e-04 4.66632843e-03 4.24575806e-03 3.17573547e-04
 4.14943695e-03 2.26974487e-04 1.87873840e-04 1.18255615e-04
 9.38415527e-04 1.53083801e-02 1.37796402e-02 1.18637085e-03
 1.38015747e-02 7.23838806e-04 5.52177429e-04 4.31060791e-04
 1.07097626e-03 1.63421631e-02 1.48200989e-02 1.21879578e-03
 1.44929886e-02 7.39097595e-04 6.29425049e-04 4.34875488e-04
 2.58445740e-04 4.43077087e-03 3.87763977e-03 3.18527222e-04
 3.95107269e-03 2.15530396e-04 1.41143799e-04 1.19209290e-04
 2.97546387e-04 4.62150574e-03 4.07600403e-03 3.53813171e-04
 4.21047211e-03 2.30789185e-04 1.65939331e-04 1.24931335e-04
 9.47952271e-04 1.55792236e-02 1.40190125e-02 1.19590759e-03
 1.38950348e-02 7.79151917e-04 5.81741333e-04 4.33921814e-04
 1.00803375e-03 1.59711838e-02 1.42803192e-02 1.20067596e-03
 1.43928528e-02 8.01086426e-04 6.73294067e-04 3.92913818e-04
 2.71797180e-04 4.26578522e-03 3.84235382e-03 3.20434570e-04
 3.74507904e-03 2.12669373e-04 1.58309937e-04 1.23977661e-04
 3.13758850e-04 4.47177887e-03 4.01115417e-03 3.44276428e-04
 3.96060944e-03 2.33650208e-04 1.78337097e-04 1.18255615e-04
 1.02043152e-03 1.50270462e-02 1.37243271e-02 1.13868713e-03
 1.35192871e-02 7.00950623e-04 5.81741333e-04 3.62396240e-04
 1.04904175e-05 1.58309937e-04 1.40190125e-04 9.53674316e-06
 1.52587891e-04 1.14440918e-05 2.86102295e-06 1.90734863e-06
 1.90734863e-06 4.86373901e-05 4.95910645e-05 6.67572021e-06
 3.62396240e-05 2.86102295e-06 2.86102295e-06 9.53674316e-07
 2.86102295e-06 6.29425049e-05 4.10079956e-05 4.76837158e-06
 4.19616699e-05 1.90734863e-06 9.53674316e-07 9.53674316e-07
 1.14440918e-05 1.56402588e-04 1.40190125e-04 5.72204590e-06
 1.51634216e-04 3.81469727e-06 5.72204590e-06 1.90734863e-06
 8.58306885e-06 1.71661377e-04 1.38282776e-04 9.53674316e-06
 1.50680542e-04 6.67572021e-06 6.67572021e-06 2.86102295e-06
 2.86102295e-06 4.38690186e-05 3.62396240e-05 0.00000000e+00
 3.33786011e-05 9.53674316e-07 9.53674316e-07 2.86102295e-06
 0.00000000e+00 4.19616699e-05 5.43594360e-05 1.90734863e-06
 4.10079956e-05 9.53674316e-07 9.53674316e-07 9.53674316e-07
 8.58306885e-06 1.43051147e-04 1.32560730e-04 1.33514404e-05
 1.25885010e-04 8.58306885e-06 4.76837158e-06 4.76837158e-06
 7.62939453e-06 1.59263611e-04 1.65939331e-04 1.14440918e-05
 1.37329102e-04 3.81469727e-06 6.67572021e-06 4.76837158e-06
 1.90734863e-06 4.00543213e-05 4.38690186e-05 5.72204590e-06
 3.91006470e-05 2.86102295e-06 0.00000000e+00 0.00000000e+00
 6.67572021e-06 5.72204590e-05 3.71932983e-05 9.53674316e-07
 4.00543213e-05 1.90734863e-06 9.53674316e-07 9.53674316e-07
 7.62939453e-06 1.66893005e-04 1.57356262e-04 1.52587891e-05
 1.52587891e-04 6.67572021e-06 7.62939453e-06 5.72204590e-06
 5.72204590e-06 1.40190125e-04 1.40190125e-04 1.04904175e-05
 1.42097473e-04 4.76837158e-06 3.81469727e-06 2.86102295e-06
 0.00000000e+00 3.81469727e-05 3.81469727e-05 3.81469727e-06
 4.00543213e-05 2.86102295e-06 9.53674316e-07 0.00000000e+00
 1.90734863e-06 3.43322754e-05 4.76837158e-05 2.86102295e-06
 5.72204590e-05 2.86102295e-06 2.86102295e-06 0.00000000e+00
 4.76837158e-06 1.67846680e-04 1.31607056e-04 9.53674316e-06
 1.33514404e-04 3.81469727e-06 2.86102295e-06 4.76837158e-06
 7.62939453e-06 1.70707703e-04 1.26838684e-04 1.33514404e-05
 1.48773193e-04 9.53674316e-06 8.58306885e-06 5.72204590e-06
 4.76837158e-06 4.48226929e-05 3.81469727e-05 2.86102295e-06
 4.86373901e-05 9.53674316e-07 2.86102295e-06 9.53674316e-07
 9.53674316e-07 5.91278076e-05 4.38690186e-05 2.86102295e-06
 4.48226929e-05 0.00000000e+00 1.90734863e-06 0.00000000e+00
 1.04904175e-05 1.54495239e-04 1.31607056e-04 1.14440918e-05
 1.70707703e-04 9.53674316e-06 5.72204590e-06 4.76837158e-06
 8.58306885e-06 1.38282776e-04 1.35421753e-04 7.62939453e-06
 1.26838684e-04 6.67572021e-06 6.67572021e-06 3.81469727e-06
 2.86102295e-06 4.57763672e-05 3.14712524e-05 2.86102295e-06
 3.91006470e-05 1.90734863e-06 9.53674316e-07 9.53674316e-07
 2.86102295e-06 5.53131104e-05 3.91006470e-05 3.81469727e-06
 5.14984131e-05 2.86102295e-06 9.53674316e-07 0.00000000e+00
 1.14440918e-05 1.64031982e-04 1.37329102e-04 1.71661377e-05
 1.37329102e-04 7.62939453e-06 7.62939453e-06 2.86102295e-06
 8.58306885e-06 1.72615051e-04 1.43051147e-04 9.53674316e-06
 1.51634216e-04 7.62939453e-06 6.67572021e-06 1.90734863e-06
 0.00000000e+00 3.14712524e-05 4.57763672e-05 1.90734863e-06
 3.81469727e-05 1.90734863e-06 9.53674316e-07 9.53674316e-07
 1.90734863e-06 4.67300415e-05 4.29153442e-05 3.81469727e-06
 5.62667847e-05 1.90734863e-06 3.81469727e-06 1.90734863e-06
 6.67572021e-06 1.45912170e-04 1.50680542e-04 7.62939453e-06
 1.41143799e-04 7.62939453e-06 6.67572021e-06 4.76837158e-06
 9.53674316e-06 1.50680542e-04 1.45912170e-04 1.52587891e-05
 1.44004822e-04 1.04904175e-05 4.76837158e-06 3.81469727e-06
 2.86102295e-06 4.00543213e-05 4.95910645e-05 1.90734863e-06
 2.57492065e-05 0.00000000e+00 4.76837158e-06 9.53674316e-07
 4.76837158e-06 4.76837158e-05 4.86373901e-05 4.76837158e-06
 2.28881836e-05 9.53674316e-07 3.81469727e-06 2.86102295e-06
 1.33514404e-05 1.50680542e-04 1.39236450e-04 8.58306885e-06
 1.29699707e-04 6.67572021e-06 5.72204590e-06 4.76837158e-06]
[0.         0.02081203 0.020854   0.         0.02095032 0.
 0.         0.         0.         0.         0.         0.
 0.         0.         0.         0.         0.         0.
 0.         0.         0.         0.         0.         0.
 0.         0.02061749 0.02057171 0.         0.02112389 0.
 0.         0.         0.         0.02077484 0.02072811 0.
 0.0210228  0.         0.         0.         0.         0.
 0.         0.         0.         0.         0.         0.
 0.         0.         0.         0.         0.         0.
 0.         0.         0.         0.02079201 0.02113819 0.
 0.02065468 0.         0.         0.         0.         0.02075386
 0.02088451 0.         0.02077103 0.         0.         0.
 0.         0.         0.         0.         0.         0.
 0.         0.         0.         0.         0.         0.
 0.         0.         0.         0.         0.         0.02070045
 0.02107716 0.         0.02109814 0.         0.         0.
 0.         0.02091694 0.02093029 0.         0.02092361 0.
 0.         0.         0.         0.         0.         0.
 0.         0.         0.         0.         0.         0.
 0.         0.         0.         0.         0.         0.
 0.         0.02106476 0.02068233 0.         0.02083111 0.
 0.         0.         0.         0.02081776 0.0206871  0.
 0.02081108 0.         0.         0.         0.         0.
 0.         0.         0.         0.         0.         0.
 0.         0.         0.         0.         0.         0.
 0.         0.         0.         0.02066231 0.02086544 0.
 0.0210371  0.         0.         0.         0.         0.02069473
 0.02065182 0.         0.02091408 0.         0.         0.
 0.         0.         0.         0.         0.         0.
 0.         0.         0.         0.         0.         0.
 0.         0.         0.         0.         0.         0.02080345
 0.02096176 0.         0.0209074  0.         0.         0.
 0.         0.02057648 0.02090549 0.         0.02058792 0.
 0.         0.         0.         0.         0.         0.
 0.         0.         0.         0.         0.         0.
 0.         0.         0.         0.         0.         0.
 0.         0.02072716 0.02070141 0.         0.02089119 0.
 0.         0.         0.         0.02064133 0.02083111 0.
 0.0209837  0.         0.         0.         0.         0.
 0.         0.         0.         0.         0.         0.
 0.         0.         0.         0.         0.         0.
 0.         0.         0.         0.02086353 0.0209074  0.
 0.020895   0.         0.         0.         0.         0.
 0.         0.         0.         0.         0.         0.
 0.         0.         0.         0.         0.         0.
 0.         0.         0.         0.         0.         0.
 0.         0.         0.         0.         0.         0.
 0.         0.         0.         0.         0.         0.
 0.         0.         0.         0.         0.         0.
 0.         0.         0.         0.         0.         0.
 0.         0.         0.         0.         0.         0.
 0.         0.         0.         0.         0.         0.
 0.         0.         0.         0.         0.         0.
 0.         0.         0.         0.         0.         0.
 0.         0.         0.         0.         0.         0.
 0.         0.         0.         0.         0.         0.
 0.         0.         0.         0.         0.         0.
 0.         0.         0.         0.         0.         0.
 0.         0.         0.         0.         0.         0.
 0.         0.         0.         0.         0.         0.
 0.         0.         0.         0.         0.         0.
 0.         0.         0.         0.         0.         0.
 0.         0.         0.         0.         0.         0.
 0.         0.         0.         0.         0.         0.
 0.         0.         0.         0.         0.         0.
 0.         0.         0.         0.         0.         0.
 0.         0.         0.         0.         0.         0.
 0.         0.         0.         0.         0.         0.
 0.         0.         0.         0.         0.         0.
 0.         0.         0.         0.         0.         0.
 0.         0.         0.         0.         0.         0.
 0.         0.         0.         0.         0.         0.
 0.         0.         0.         0.         0.         0.
 0.         0.         0.         0.         0.         0.
 0.         0.         0.         0.         0.         0.
 0.         0.         0.         0.         0.         0.
 0.         0.         0.         0.         0.         0.
 0.         0.         0.         0.         0.         0.
 0.         0.         0.         0.         0.         0.
 0.         0.         0.         0.         0.         0.
 0.         0.         0.         0.         0.         0.
 0.         0.         0.         0.         0.         0.
 0.         0.         0.         0.         0.         0.
 0.         0.         0.         0.         0.         0.
 0.         0.         0.         0.         0.         0.
 0.         0.        ]
[1.00803375e-03 1.62572861e-02 1.58100128e-02 1.04999542e-03
 1.56307220e-02 7.46726990e-04 7.38143921e-04 3.08036804e-04
 2.21252441e-04 3.76605988e-03 3.66687775e-03 2.38418579e-04
 3.61633301e-03 1.78337097e-04 1.71661377e-04 7.34329224e-05
 2.40325928e-04 3.96919250e-03 3.82328033e-03 2.40325928e-04
 3.81088257e-03 1.83105469e-04 1.88827515e-04 8.48770142e-05
 9.73701477e-04 1.55420303e-02 1.50127411e-02 1.00994110e-03
 1.48849487e-02 7.13348389e-04 7.65800476e-04 2.77519226e-04
 9.54627991e-04 1.57604218e-02 1.52549744e-02 1.02901459e-03
 1.56822205e-02 7.64846802e-04 7.96318054e-04 2.97546387e-04
 2.29835510e-04 3.74221802e-03 3.56197357e-03 2.39372253e-04
 3.64971161e-03 1.61170959e-04 1.83105469e-04 7.34329224e-05
 2.43186951e-04 3.84140015e-03 3.72219086e-03 2.26974487e-04
 3.66210938e-03 1.85012817e-04 1.84059143e-04 6.77108765e-05
 9.28878784e-04 1.51691437e-02 1.45530701e-02 9.81330872e-04
 1.44195557e-02 7.04765320e-04 7.23838806e-04 2.93731689e-04
 1.04236603e-03 1.62897110e-02 1.57241821e-02 1.04999542e-03
 1.57194138e-02 7.88688660e-04 8.31604004e-04 3.25202942e-04
 2.28881836e-04 3.80134583e-03 3.73077393e-03 2.48908997e-04
 3.72982025e-03 1.69754028e-04 2.05039978e-04 7.15255737e-05
 2.57492065e-04 3.97014618e-03 3.81183624e-03 2.88009644e-04
 3.83663177e-03 1.73568726e-04 1.81198120e-04 7.72476196e-05
 1.00612640e-03 1.59063339e-02 1.52530670e-02 9.86099243e-04
 1.52502060e-02 7.43865967e-04 7.63893127e-04 3.32832336e-04
 9.93728638e-04 1.59702301e-02 1.54485703e-02 1.01947784e-03
 1.53827667e-02 7.41958618e-04 7.41958618e-04 2.86102295e-04
 2.48908997e-04 3.66783142e-03 3.57055664e-03 2.04086304e-04
 3.58104706e-03 1.81198120e-04 2.02178955e-04 7.24792480e-05
 2.37464905e-04 3.80039215e-03 3.62205505e-03 2.51770020e-04
 3.70407104e-03 1.73568726e-04 1.85966492e-04 6.38961792e-05
 9.77516174e-04 1.54752731e-02 1.48429871e-02 9.85145569e-04
 1.47953033e-02 6.75201416e-04 7.73429871e-04 3.23295593e-04
 9.75608826e-04 1.61581039e-02 1.53512955e-02 1.04999542e-03
 1.55458450e-02 7.22885132e-04 7.85827637e-04 2.96592712e-04
 2.34603882e-04 3.68976593e-03 3.56292725e-03 2.46047974e-04
 3.59725952e-03 1.65939331e-04 1.89781189e-04 7.43865967e-05
 2.23159790e-04 3.76129150e-03 3.70597839e-03 2.42233276e-04
 3.63922119e-03 1.83105469e-04 1.74522400e-04 7.91549683e-05
 9.46998596e-04 1.54809952e-02 1.49326324e-02 1.04331970e-03
 1.49927139e-02 7.22885132e-04 7.77244568e-04 3.15666199e-04
 9.74655151e-04 1.57060623e-02 1.48963928e-02 9.86099243e-04
 1.47523880e-02 7.36236572e-04 7.75337219e-04 2.73704529e-04
 2.29835510e-04 3.58581543e-03 3.47900391e-03 2.35557556e-04
 3.60870361e-03 1.56402588e-04 1.78337097e-04 7.53402710e-05
 2.47001648e-04 3.77750397e-03 3.62396240e-03 2.49862671e-04
 3.74889374e-03 1.60217285e-04 2.07901001e-04 5.81741333e-05
 9.14573669e-04 1.51042938e-02 1.46198273e-02 9.97543335e-04
 1.45616531e-02 7.44819641e-04 6.92367554e-04 3.18527222e-04
 1.01947784e-03 1.64375305e-02 1.58586502e-02 1.10054016e-03
 1.58576965e-02 7.72476196e-04 7.76290894e-04 2.88009644e-04
 2.41279602e-04 3.81183624e-03 3.74031067e-03 2.18391418e-04
 3.73840332e-03 1.76429749e-04 1.87873840e-04 8.39233398e-05
 2.25067139e-04 4.02450562e-03 4.01496887e-03 2.36511230e-04
 3.78704071e-03 1.80244446e-04 1.80244446e-04 6.77108765e-05
 9.26017761e-04 1.55639648e-02 1.50871277e-02 9.91821289e-04
 1.51195526e-02 7.19070435e-04 7.65800476e-04 3.13758850e-04
 1.01184845e-03 1.62887573e-02 1.55715942e-02 1.02615356e-03
 1.55763626e-02 7.84873962e-04 7.89642334e-04 3.33786011e-04
 2.50816345e-04 3.73840332e-03 3.69930267e-03 2.29835510e-04
 3.66497040e-03 1.50680542e-04 1.93595886e-04 7.53402710e-05
 2.35557556e-04 3.97682190e-03 3.86142731e-03 2.63214111e-04
 3.71932983e-03 1.86920166e-04 1.57356262e-04 6.48498535e-05
 1.01184845e-03 1.53646469e-02 1.47962570e-02 1.00040436e-03
 1.47218704e-02 7.45773315e-04 7.41004944e-04 2.97546387e-04
 4.76837158e-06 1.14440918e-04 1.30653381e-04 7.62939453e-06
 1.01089478e-04 4.76837158e-06 2.86102295e-06 4.76837158e-06
 3.81469727e-06 2.95639038e-05 1.90734863e-05 9.53674316e-07
 2.57492065e-05 1.90734863e-06 0.00000000e+00 1.90734863e-06
 1.90734863e-06 3.52859497e-05 2.95639038e-05 0.00000000e+00
 2.86102295e-05 0.00000000e+00 0.00000000e+00 0.00000000e+00
 1.90734863e-06 1.06811523e-04 1.01089478e-04 4.76837158e-06
 9.44137573e-05 6.67572021e-06 4.76837158e-06 1.90734863e-06
 8.58306885e-06 9.91821289e-05 9.91821289e-05 1.04904175e-05
 1.07765198e-04 4.76837158e-06 8.58306885e-06 1.90734863e-06
 9.53674316e-07 2.00271606e-05 1.43051147e-05 2.86102295e-06
 2.47955322e-05 1.90734863e-06 9.53674316e-07 9.53674316e-07
 9.53674316e-07 2.09808350e-05 3.05175781e-05 1.90734863e-06
 2.67028809e-05 0.00000000e+00 0.00000000e+00 0.00000000e+00
 7.62939453e-06 1.01089478e-04 1.04904175e-04 1.04904175e-05
 1.11579895e-04 5.72204590e-06 5.72204590e-06 9.53674316e-07
 1.04904175e-05 1.34468079e-04 1.24931335e-04 6.67572021e-06
 1.14440918e-04 8.58306885e-06 0.00000000e+00 9.53674316e-07
 1.90734863e-06 2.19345093e-05 2.47955322e-05 9.53674316e-07
 1.90734863e-05 1.90734863e-06 0.00000000e+00 0.00000000e+00
 3.81469727e-06 3.33786011e-05 2.67028809e-05 9.53674316e-07
 2.95639038e-05 1.90734863e-06 2.86102295e-06 9.53674316e-07
 1.90734863e-06 1.27792358e-04 1.13487244e-04 1.14440918e-05
 1.19209290e-04 6.67572021e-06 6.67572021e-06 3.81469727e-06
 9.53674316e-06 1.18255615e-04 1.15394592e-04 3.81469727e-06
 1.02996826e-04 5.72204590e-06 4.76837158e-06 1.90734863e-06
 0.00000000e+00 1.62124634e-05 2.28881836e-05 9.53674316e-07
 2.28881836e-05 2.86102295e-06 0.00000000e+00 9.53674316e-07
 9.53674316e-07 2.09808350e-05 2.38418579e-05 1.90734863e-06
 2.38418579e-05 0.00000000e+00 9.53674316e-07 9.53674316e-07
 5.72204590e-06 1.03950500e-04 9.82284546e-05 5.72204590e-06
 1.02043152e-04 3.81469727e-06 4.76837158e-06 9.53674316e-07
 6.67572021e-06 1.07765198e-04 9.82284546e-05 1.14440918e-05
 1.12533569e-04 1.90734863e-06 6.67572021e-06 1.90734863e-06
 0.00000000e+00 2.95639038e-05 1.52587891e-05 2.86102295e-06
 2.00271606e-05 9.53674316e-07 0.00000000e+00 0.00000000e+00
 1.90734863e-06 2.67028809e-05 2.38418579e-05 3.81469727e-06
 2.86102295e-05 0.00000000e+00 3.81469727e-06 1.90734863e-06
 7.62939453e-06 1.11579895e-04 9.44137573e-05 3.81469727e-06
 1.12533569e-04 4.76837158e-06 1.04904175e-05 0.00000000e+00
 1.14440918e-05 1.21116638e-04 9.15527344e-05 6.67572021e-06
 1.24931335e-04 5.72204590e-06 3.81469727e-06 4.76837158e-06
 3.81469727e-06 2.47955322e-05 1.81198120e-05 1.90734863e-06
 2.86102295e-05 9.53674316e-07 9.53674316e-07 0.00000000e+00
 1.90734863e-06 3.33786011e-05 3.05175781e-05 2.86102295e-06
 2.47955322e-05 9.53674316e-07 0.00000000e+00 0.00000000e+00
 7.62939453e-06 1.00135803e-04 8.96453857e-05 6.67572021e-06
 8.67843628e-05 1.43051147e-05 9.53674316e-07 2.86102295e-06
 6.67572021e-06 1.19209290e-04 1.15394592e-04 8.58306885e-06
 1.02996826e-04 1.04904175e-05 1.90734863e-06 2.86102295e-06
 9.53674316e-07 3.14712524e-05 3.33786011e-05 9.53674316e-07
 3.14712524e-05 2.86102295e-06 9.53674316e-07 9.53674316e-07
 0.00000000e+00 2.95639038e-05 2.95639038e-05 1.90734863e-06
 2.38418579e-05 1.90734863e-06 3.81469727e-06 0.00000000e+00
 8.58306885e-06 1.01089478e-04 9.72747803e-05 1.90734863e-06
 1.11579895e-04 4.76837158e-06 7.62939453e-06 2.86102295e-06
 5.72204590e-06 1.11579895e-04 9.63211060e-05 6.67572021e-06
 1.08718872e-04 3.81469727e-06 3.81469727e-06 2.86102295e-06
 2.86102295e-06 3.91006470e-05 2.28881836e-05 9.53674316e-07
 2.19345093e-05 1.90734863e-06 9.53674316e-07 9.53674316e-07
 9.53674316e-07 1.90734863e-05 3.05175781e-05 0.00000000e+00
 2.38418579e-05 0.00000000e+00 0.00000000e+00 0.00000000e+00
 4.76837158e-06 1.01089478e-04 9.91821289e-05 7.62939453e-06
 9.63211060e-05 3.81469727e-06 4.76837158e-06 2.86102295e-06]
[0.         0.02093983 0.02080727 0.         0.02063274 0.
 0.         0.         0.         0.         0.         0.
 0.         0.         0.         0.         0.         0.
 0.         0.         0.         0.         0.         0.
 0.         0.02087116 0.02090168 0.         0.02075005 0.
 0.         0.         0.         0.02088737 0.0208559  0.
 0.02068329 0.         0.         0.         0.         0.
 0.         0.         0.         0.         0.         0.
 0.         0.         0.         0.         0.         0.
 0.         0.         0.         0.02090931 0.02086449 0.
 0.02104282 0.         0.         0.         0.         0.02100277
 0.02055454 0.         0.02104378 0.         0.         0.
 0.         0.         0.         0.         0.         0.
 0.         0.         0.         0.         0.         0.
 0.         0.         0.         0.         0.         0.02095795
 0.02099133 0.         0.02074051 0.         0.         0.
 0.         0.02077293 0.0209856  0.         0.02089882 0.
 0.         0.         0.         0.         0.         0.
 0.         0.         0.         0.         0.         0.
 0.         0.         0.         0.         0.         0.
 0.         0.02078438 0.02073479 0.         0.0209074  0.
 0.         0.         0.         0.0207119  0.02067566 0.
 0.02073193 0.         0.         0.         0.         0.
 0.         0.         0.         0.         0.         0.
 0.         0.         0.         0.         0.         0.
 0.         0.         0.         0.02093697 0.02092361 0.
 0.02074814 0.         0.         0.         0.         0.02066326
 0.0209322  0.         0.02076817 0.         0.         0.
 0.         0.         0.         0.         0.         0.
 0.         0.         0.         0.         0.         0.
 0.         0.         0.         0.         0.         0.02085972
 0.02067089 0.         0.02074909 0.         0.         0.
 0.         0.02090836 0.02079773 0.         0.02070045 0.
 0.         0.         0.         0.         0.         0.
 0.         0.         0.         0.         0.         0.
 0.         0.         0.         0.         0.         0.
 0.         0.02104473 0.02087879 0.         0.02088165 0.
 0.         0.         0.         0.02092266 0.02086544 0.
 0.0207262  0.         0.         0.         0.         0.
 0.         0.         0.         0.         0.         0.
 0.         0.         0.         0.         0.         0.
 0.         0.         0.         0.02096653 0.02063084 0.
 0.02078438 0.         0.         0.         0.         0.
 0.         0.         0.         0.         0.         0.
 0.         0.         0.         0.         0.         0.
 0.         0.         0.         0.         0.         0.
 0.         0.         0.         0.         0.         0.
 0.         0.         0.         0.         0.         0.
 0.         0.         0.         0.         0.         0.
 0.         0.         0.         0.         0.         0.
 0.         0.         0.         0.         0.         0.
 0.         0.         0.         0.         0.         0.
 0.         0.         0.         0.         0.         0.
 0.         0.         0.         0.         0.         0.
 0.         0.         0.         0.         0.         0.
 0.         0.         0.         0.         0.         0.
 0.         0.         0.         0.         0.         0.
 0.         0.         0.         0.         0.         0.
 0.         0.         0.         0.         0.         0.
 0.         0.         0.         0.         0.         0.
 0.         0.         0.         0.         0.         0.
 0.         0.         0.         0.         0.         0.
 0.         0.         0.         0.         0.         0.
 0.         0.         0.         0.         0.         0.
 0.         0.         0.         0.         0.         0.
 0.         0.         0.         0.         0.         0.
 0.         0.         0.         0.         0.         0.
 0.         0.         0.         0.         0.         0.
 0.         0.         0.         0.         0.         0.
 0.         0.         0.         0.         0.         0.
 0.         0.         0.         0.         0.         0.
 0.         0.         0.         0.         0.         0.
 0.         0.         0.         0.         0.         0.
 0.         0.         0.         0.         0.         0.
 0.         0.         0.         0.         0.         0.
 0.         0.         0.         0.         0.         0.
 0.         0.         0.         0.         0.         0.
 0.         0.         0.         0.         0.         0.
 0.         0.         0.         0.         0.         0.
 0.         0.         0.         0.         0.         0.
 0.         0.         0.         0.         0.         0.
 0.         0.         0.         0.         0.         0.
 0.         0.         0.         0.         0.         0.
 0.         0.         0.         0.         0.         0.
 0.         0.         0.         0.         0.         0.
 0.         0.        ]
Fid of qvm & frp	0.3483130012305746	0.30383491223975745
.

=============================== warnings summary ===============================
tst/qvm/integration/bench_test.py::TestBenchQvmFrpV2::test_two_bench_frp[qasm-/root/projects/QASMBench/small/wstate_n3/wstate_n3.qasm,/root/projects/QASMBench/small/simon_n6/simon_n6.qasm-10]
tst/qvm/integration/bench_test.py::TestBenchQvmFrpV2::test_two_bench_frp[qasm-/root/projects/QASMBench/small/wstate_n3/wstate_n3.qasm,/root/projects/QASMBench/small/simon_n6/simon_n6.qasm-10]
  /root/anaconda3/envs/qcs-noise/lib/python3.10/site-packages/qiskit/providers/fake_provider/fake_backend.py:462: PendingDeprecationWarning: "warnings" argument will be deprecated as part of the qiskit-aer 0.12.0 and subsequently removed
    noise_model = NoiseModel.from_backend(self, warnings=False)

-- Docs: https://docs.pytest.org/en/stable/how-to/capture-warnings.html
================ 1 passed, 14 deselected, 2 warnings in 24.66s =================
