Randomly selected files:
/root/projects/QASMBench/small/qrng_n4/qrng_n4.qasm,/root/projects/QASMBench/small/adder_n4/adder_n4.qasm
============================= test session starts ==============================
platform linux -- Python 3.10.6, pytest-7.2.0, pluggy-1.0.0
rootdir: /root/projects/qcs
plugins: anyio-3.6.2
collected 15 items / 14 deselected / 1 selected

tst/qvm/integration/bench_test.py [1.50775909e-03 1.56688690e-03 1.59168243e-03 1.49917603e-03
 1.56307220e-03 1.50489807e-03 1.48010254e-03 1.47151947e-03
 1.50489807e-03 1.55067444e-03 1.50299072e-03 1.47628784e-03
 1.52301788e-03 1.48105621e-03 1.48677826e-03 1.45149231e-03
 2.08187103e-03 2.15625763e-03 2.11906433e-03 2.07328796e-03
 2.02941895e-03 2.05421448e-03 2.06851959e-03 2.08759308e-03
 2.13527679e-03 2.03132629e-03 2.13050842e-03 2.09808350e-03
 2.05802917e-03 2.05898285e-03 2.02560425e-03 2.09999084e-03
 5.97000122e-04 5.99861145e-04 6.23703003e-04 6.42776489e-04
 5.97000122e-04 5.86509705e-04 5.97000122e-04 6.04629517e-04
 5.96046448e-04 5.79833984e-04 5.79833984e-04 5.76019287e-04
 5.94139099e-04 6.32286072e-04 5.81741333e-04 5.74111938e-04
 5.99861145e-04 6.01768494e-04 5.84602356e-04 6.23703003e-04
 6.37054443e-04 6.65664673e-04 5.49316406e-04 6.25610352e-04
 6.34193420e-04 6.11305237e-04 6.06536865e-04 5.88417053e-04
 6.18934631e-04 6.12258911e-04 6.32286072e-04 6.10351562e-04
 8.20159912e-05 9.44137573e-05 7.53402710e-05 7.53402710e-05
 8.96453857e-05 7.72476196e-05 8.20159912e-05 7.05718994e-05
 7.43865967e-05 8.10623169e-05 8.01086426e-05 9.53674316e-05
 8.86917114e-05 7.34329224e-05 7.15255737e-05 6.96182251e-05
 4.27246094e-04 4.00543213e-04 3.73840332e-04 3.74794006e-04
 3.79562378e-04 4.22477722e-04 4.17709351e-04 4.13894653e-04
 4.04357910e-04 3.98635864e-04 4.46319580e-04 3.68118286e-04
 3.92913818e-04 4.34875488e-04 4.16755676e-04 3.82423401e-04
 2.30789185e-04 2.10762024e-04 2.28881836e-04 2.44140625e-04
 2.03132629e-04 2.21252441e-04 2.16484070e-04 2.24113464e-04
 2.33650208e-04 2.24113464e-04 2.11715698e-04 2.29835510e-04
 2.02178955e-04 2.16484070e-04 2.19345093e-04 2.05039978e-04
 2.63214111e-04 2.87055969e-04 2.69889832e-04 2.64167786e-04
 2.67028809e-04 2.62260437e-04 2.83241272e-04 2.48908997e-04
 2.59399414e-04 2.75611877e-04 2.83241272e-04 2.68936157e-04
 2.64167786e-04 2.70843506e-04 2.66075134e-04 2.77519226e-04
 1.24359131e-03 1.14917755e-03 1.23596191e-03 1.15871429e-03
 1.17015839e-03 1.20830536e-03 1.21402740e-03 1.19400024e-03
 1.18350983e-03 1.18064880e-03 1.16443634e-03 1.14822388e-03
 1.12247467e-03 1.21021271e-03 1.11770630e-03 1.15585327e-03
 5.38806915e-02 5.33781052e-02 5.33914566e-02 5.33199310e-02
 5.38568497e-02 5.31301498e-02 5.33809662e-02 5.29451370e-02
 5.33981323e-02 5.28793335e-02 5.31749725e-02 5.26933670e-02
 5.33914566e-02 5.30176163e-02 5.35516739e-02 5.23872375e-02
 6.28471375e-04 5.76972961e-04 6.41822815e-04 5.79833984e-04
 6.40869141e-04 5.55992126e-04 6.01768494e-04 5.92231750e-04
 5.62667847e-04 5.65528870e-04 5.91278076e-04 6.04629517e-04
 5.98907471e-04 6.01768494e-04 6.00814819e-04 6.01768494e-04
 9.53674316e-04 9.76562500e-04 9.51766968e-04 9.21249390e-04
 1.01280212e-03 1.05285645e-03 9.90867615e-04 9.78469849e-04
 9.48905945e-04 9.56535339e-04 9.65118408e-04 9.76562500e-04
 9.43183899e-04 9.40322876e-04 1.00231171e-03 9.50813293e-04
 5.91278076e-05 7.05718994e-05 8.48770142e-05 8.01086426e-05
 6.48498535e-05 6.96182251e-05 5.91278076e-05 7.91549683e-05
 7.91549683e-05 7.34329224e-05 8.58306885e-05 6.58035278e-05
 7.43865967e-05 8.48770142e-05 6.96182251e-05 7.72476196e-05
 6.20841980e-04 6.41822815e-04 6.39915466e-04 5.71250916e-04
 5.93185425e-04 6.31332397e-04 6.33239746e-04 6.49452209e-04
 6.18934631e-04 6.29425049e-04 6.32286072e-04 6.18934631e-04
 6.14166260e-04 6.45637512e-04 6.22749329e-04 6.08444214e-04
 2.28881836e-05 2.57492065e-05 1.62124634e-05 1.23977661e-05
 2.57492065e-05 2.57492065e-05 2.47955322e-05 1.81198120e-05
 2.09808350e-05 1.43051147e-05 1.43051147e-05 1.43051147e-05
 1.62124634e-05 2.86102295e-05 3.43322754e-05 2.19345093e-05
 3.91006470e-05 2.00271606e-05 1.81198120e-05 2.38418579e-05
 2.09808350e-05 2.47955322e-05 3.05175781e-05 1.71661377e-05
 2.57492065e-05 1.81198120e-05 3.14712524e-05 2.95639038e-05
 3.14712524e-05 2.09808350e-05 2.67028809e-05 3.05175781e-05]
[0.         0.         0.         0.         0.         0.
 0.         0.         0.         0.         0.         0.
 0.         0.         0.         0.         0.         0.
 0.         0.         0.         0.         0.         0.
 0.         0.         0.         0.         0.         0.
 0.         0.         0.         0.         0.         0.
 0.         0.         0.         0.         0.         0.
 0.         0.         0.         0.         0.         0.
 0.         0.         0.         0.         0.         0.
 0.         0.         0.         0.         0.         0.
 0.         0.         0.         0.         0.         0.
 0.         0.         0.         0.         0.         0.
 0.         0.         0.         0.         0.         0.
 0.         0.         0.         0.         0.         0.
 0.         0.         0.         0.         0.         0.
 0.         0.         0.         0.         0.         0.
 0.         0.         0.         0.         0.         0.
 0.         0.         0.         0.         0.         0.
 0.         0.         0.         0.         0.         0.
 0.         0.         0.         0.         0.         0.
 0.         0.         0.         0.         0.         0.
 0.         0.         0.         0.         0.         0.
 0.         0.         0.         0.         0.         0.
 0.         0.         0.         0.         0.         0.
 0.06272984 0.06250191 0.06254864 0.06277275 0.06219959 0.06281948
 0.06241989 0.06264496 0.06274128 0.06212711 0.06262684 0.0627327
 0.06228828 0.06224346 0.06231689 0.06228638 0.         0.
 0.         0.         0.         0.         0.         0.
 0.         0.         0.         0.         0.         0.
 0.         0.         0.         0.         0.         0.
 0.         0.         0.         0.         0.         0.
 0.         0.         0.         0.         0.         0.
 0.         0.         0.         0.         0.         0.
 0.         0.         0.         0.         0.         0.
 0.         0.         0.         0.         0.         0.
 0.         0.         0.         0.         0.         0.
 0.         0.         0.         0.         0.         0.
 0.         0.         0.         0.         0.         0.
 0.         0.         0.         0.         0.         0.
 0.         0.         0.         0.         0.         0.
 0.         0.         0.         0.         0.         0.
 0.         0.         0.         0.         0.         0.
 0.         0.         0.         0.        ]
[1.55544281e-03 1.47533417e-03 1.53636932e-03 1.53064728e-03
 1.51252747e-03 1.50108337e-03 1.51729584e-03 1.52683258e-03
 1.48391724e-03 1.48296356e-03 1.51062012e-03 1.54018402e-03
 1.46961212e-03 1.53350830e-03 1.55448914e-03 1.51348114e-03
 4.79507446e-03 4.81414795e-03 4.90570068e-03 4.71591949e-03
 4.86373901e-03 4.82463837e-03 4.88281250e-03 4.80175018e-03
 4.95433807e-03 4.81987000e-03 4.83131409e-03 4.77409363e-03
 4.82082367e-03 4.80175018e-03 4.81510162e-03 4.76741791e-03
 7.48634338e-04 7.57217407e-04 7.17163086e-04 7.31468201e-04
 8.02040100e-04 7.66754150e-04 7.80105591e-04 7.13348389e-04
 8.30650330e-04 7.78198242e-04 6.99043274e-04 7.85827637e-04
 7.27653503e-04 7.45773315e-04 7.47680664e-04 7.87734985e-04
 1.10054016e-03 1.05667114e-03 1.10054016e-03 1.10054016e-03
 1.05857849e-03 1.15299225e-03 1.13391876e-03 1.10816956e-03
 1.11198425e-03 1.09100342e-03 1.14917755e-03 1.12533569e-03
 1.18637085e-03 1.06716156e-03 1.14345551e-03 1.11389160e-03
 1.25885010e-04 1.10626221e-04 1.25885010e-04 1.07765198e-04
 1.21116638e-04 1.37329102e-04 1.33514404e-04 1.18255615e-04
 1.17301941e-04 1.28746033e-04 1.10626221e-04 1.25885010e-04
 1.21116638e-04 1.38282776e-04 1.30653381e-04 1.05857849e-04
 3.88145447e-04 3.95774841e-04 3.73840332e-04 3.70979309e-04
 3.70979309e-04 4.06265259e-04 3.50952148e-04 3.85284424e-04
 3.68118286e-04 3.82423401e-04 3.56674194e-04 3.50952148e-04
 3.66210938e-04 4.32014465e-04 3.70979309e-04 3.57627869e-04
 2.52723694e-04 2.58445740e-04 2.50816345e-04 2.63214111e-04
 2.57492065e-04 2.62260437e-04 2.67028809e-04 2.24113464e-04
 2.30789185e-04 2.48908997e-04 2.66075134e-04 2.40325928e-04
 2.61306763e-04 2.60353088e-04 2.45094299e-04 2.57492065e-04
 3.02314758e-04 2.76565552e-04 2.82287598e-04 2.66075134e-04
 2.72750854e-04 2.85148621e-04 2.71797180e-04 2.75611877e-04
 2.66075134e-04 2.78472900e-04 2.68936157e-04 2.90870667e-04
 2.65121460e-04 2.63214111e-04 2.77519226e-04 2.89916992e-04
 1.55067444e-03 1.45244598e-03 1.50775909e-03 1.49726868e-03
 1.43814087e-03 1.50966644e-03 1.55544281e-03 1.42765045e-03
 1.47819519e-03 1.47151947e-03 1.46675110e-03 1.51443481e-03
 1.46961212e-03 1.41429901e-03 1.43337250e-03 1.58500671e-03
 4.30994034e-02 4.25977707e-02 4.31213379e-02 4.25167084e-02
 4.31413651e-02 4.27913666e-02 4.30154800e-02 4.26855087e-02
 4.30822372e-02 4.23946381e-02 4.29630280e-02 4.25662994e-02
 4.29515839e-02 4.20608521e-02 4.26044464e-02 4.22868729e-02
 7.63893127e-04 7.55310059e-04 7.63893127e-04 6.98089600e-04
 7.24792480e-04 7.48634338e-04 7.21931458e-04 7.31468201e-04
 7.45773315e-04 7.52449036e-04 7.34329224e-04 6.79969788e-04
 7.41004944e-04 6.90460205e-04 7.30514526e-04 6.95228577e-04
 5.31578064e-03 5.38349152e-03 5.45787811e-03 5.24044037e-03
 5.49030304e-03 5.26523590e-03 5.29861450e-03 5.18417358e-03
 5.41400909e-03 5.41019440e-03 5.39398193e-03 5.21659851e-03
 5.40161133e-03 5.25665283e-03 5.41019440e-03 5.30242920e-03
 1.01089478e-04 9.34600830e-05 1.09672546e-04 8.67843628e-05
 1.11579895e-04 9.05990601e-05 1.01089478e-04 1.00135803e-04
 9.63211060e-05 9.82284546e-05 9.82284546e-05 9.91821289e-05
 8.96453857e-05 9.15527344e-05 9.53674316e-05 1.01089478e-04
 2.46524811e-03 2.51579285e-03 2.47097015e-03 2.43663788e-03
 2.49290466e-03 2.54058838e-03 2.46429443e-03 2.48813629e-03
 2.41565704e-03 2.44712830e-03 2.51865387e-03 2.36701965e-03
 2.51960754e-03 2.38609314e-03 2.47573853e-03 2.50053406e-03
 7.05718994e-05 6.00814819e-05 5.62667847e-05 6.19888306e-05
 6.58035278e-05 7.15255737e-05 6.19888306e-05 6.86645508e-05
 5.34057617e-05 6.10351562e-05 6.19888306e-05 7.05718994e-05
 7.62939453e-05 6.00814819e-05 6.96182251e-05 6.10351562e-05
 3.55720520e-04 3.10897827e-04 3.31878662e-04 3.41415405e-04
 3.29017639e-04 3.58581543e-04 3.27110291e-04 3.31878662e-04
 3.30924988e-04 3.19480896e-04 3.10897827e-04 3.34739685e-04
 3.35693359e-04 3.47137451e-04 3.35693359e-04 3.10897827e-04]
[0.         0.         0.         0.         0.         0.
 0.         0.         0.         0.         0.         0.
 0.         0.         0.         0.         0.         0.
 0.         0.         0.         0.         0.         0.
 0.         0.         0.         0.         0.         0.
 0.         0.         0.         0.         0.         0.
 0.         0.         0.         0.         0.         0.
 0.         0.         0.         0.         0.         0.
 0.         0.         0.         0.         0.         0.
 0.         0.         0.         0.         0.         0.
 0.         0.         0.         0.         0.         0.
 0.         0.         0.         0.         0.         0.
 0.         0.         0.         0.         0.         0.
 0.         0.         0.         0.         0.         0.
 0.         0.         0.         0.         0.         0.
 0.         0.         0.         0.         0.         0.
 0.         0.         0.         0.         0.         0.
 0.         0.         0.         0.         0.         0.
 0.         0.         0.         0.         0.         0.
 0.         0.         0.         0.         0.         0.
 0.         0.         0.         0.         0.         0.
 0.         0.         0.         0.         0.         0.
 0.         0.         0.         0.         0.         0.
 0.         0.         0.         0.         0.         0.
 0.0622797  0.06263256 0.06239986 0.06266022 0.06227112 0.06239891
 0.06250095 0.06268978 0.06268787 0.06243038 0.06270981 0.0624876
 0.06267643 0.06231308 0.06235886 0.06250286 0.         0.
 0.         0.         0.         0.         0.         0.
 0.         0.         0.         0.         0.         0.
 0.         0.         0.         0.         0.         0.
 0.         0.         0.         0.         0.         0.
 0.         0.         0.         0.         0.         0.
 0.         0.         0.         0.         0.         0.
 0.         0.         0.         0.         0.         0.
 0.         0.         0.         0.         0.         0.
 0.         0.         0.         0.         0.         0.
 0.         0.         0.         0.         0.         0.
 0.         0.         0.         0.         0.         0.
 0.         0.         0.         0.         0.         0.
 0.         0.         0.         0.         0.         0.
 0.         0.         0.         0.         0.         0.
 0.         0.         0.         0.         0.         0.
 0.         0.         0.         0.        ]
Fid of qvm & frp	0.16046072244447215	0.38000441524242545
.

=============================== warnings summary ===============================
tst/qvm/integration/bench_test.py::TestBenchQvmFrpV2::test_two_bench_frp[qasm-/root/projects/QASMBench/small/qrng_n4/qrng_n4.qasm,/root/projects/QASMBench/small/adder_n4/adder_n4.qasm-10]
tst/qvm/integration/bench_test.py::TestBenchQvmFrpV2::test_two_bench_frp[qasm-/root/projects/QASMBench/small/qrng_n4/qrng_n4.qasm,/root/projects/QASMBench/small/adder_n4/adder_n4.qasm-10]
  /root/anaconda3/envs/qcs-noise/lib/python3.10/site-packages/qiskit/providers/fake_provider/fake_backend.py:462: PendingDeprecationWarning: "warnings" argument will be deprecated as part of the qiskit-aer 0.12.0 and subsequently removed
    noise_model = NoiseModel.from_backend(self, warnings=False)

tst/qvm/integration/bench_test.py::TestBenchQvmFrpV2::test_two_bench_frp[qasm-/root/projects/QASMBench/small/qrng_n4/qrng_n4.qasm,/root/projects/QASMBench/small/adder_n4/adder_n4.qasm-10]
tst/qvm/integration/bench_test.py::TestBenchQvmFrpV2::test_two_bench_frp[qasm-/root/projects/QASMBench/small/qrng_n4/qrng_n4.qasm,/root/projects/QASMBench/small/adder_n4/adder_n4.qasm-10]
tst/qvm/integration/bench_test.py::TestBenchQvmFrpV2::test_two_bench_frp[qasm-/root/projects/QASMBench/small/qrng_n4/qrng_n4.qasm,/root/projects/QASMBench/small/adder_n4/adder_n4.qasm-10]
tst/qvm/integration/bench_test.py::TestBenchQvmFrpV2::test_two_bench_frp[qasm-/root/projects/QASMBench/small/qrng_n4/qrng_n4.qasm,/root/projects/QASMBench/small/adder_n4/adder_n4.qasm-10]
tst/qvm/integration/bench_test.py::TestBenchQvmFrpV2::test_two_bench_frp[qasm-/root/projects/QASMBench/small/qrng_n4/qrng_n4.qasm,/root/projects/QASMBench/small/adder_n4/adder_n4.qasm-10]
tst/qvm/integration/bench_test.py::TestBenchQvmFrpV2::test_two_bench_frp[qasm-/root/projects/QASMBench/small/qrng_n4/qrng_n4.qasm,/root/projects/QASMBench/small/adder_n4/adder_n4.qasm-10]
  /root/anaconda3/envs/qcs-noise/lib/python3.10/site-packages/qiskit_aer/noise/device/models.py:365: UserWarning: Device model returned an invalid T_2 relaxation time greater than the theoretical maximum value 2 * T_1 (210788.50669687917 > 2 * 104325.12715207216). Truncating to maximum value.
    warn("Device model returned an invalid T_2 relaxation time greater than"

tst/qvm/integration/bench_test.py::TestBenchQvmFrpV2::test_two_bench_frp[qasm-/root/projects/QASMBench/small/qrng_n4/qrng_n4.qasm,/root/projects/QASMBench/small/adder_n4/adder_n4.qasm-10]
  /root/anaconda3/envs/qcs-noise/lib/python3.10/site-packages/qiskit_aer/noise/device/models.py:365: UserWarning: Device model returned an invalid T_2 relaxation time greater than the theoretical maximum value 2 * T_1 (0.00021078850669687914 > 2 * 0.00010432512715207217). Truncating to maximum value.
    warn("Device model returned an invalid T_2 relaxation time greater than"

-- Docs: https://docs.pytest.org/en/stable/how-to/capture-warnings.html
================ 1 passed, 14 deselected, 9 warnings in 23.01s =================
