Randomly selected files:
/root/projects/QASMBench/small/lpn_n5/lpn_n5.qasm,/root/projects/QASMBench/small/adder_n4/adder_n4.qasm
============================= test session starts ==============================
platform linux -- Python 3.10.6, pytest-7.2.0, pluggy-1.0.0
rootdir: /root/projects/qcs
plugins: anyio-3.6.2
collected 15 items / 14 deselected / 1 selected

tst/qvm/integration/bench_test.py [9.06467438e-03 2.11715698e-04 6.19888306e-05 9.53674316e-07
 4.95910645e-05 1.28746033e-04 0.00000000e+00 0.00000000e+00
 9.05990601e-05 8.20159912e-05 0.00000000e+00 0.00000000e+00
 2.22206116e-04 9.03987885e-03 9.53674316e-07 5.53131104e-05
 4.67300415e-05 0.00000000e+00 9.53674316e-07 0.00000000e+00
 0.00000000e+00 0.00000000e+00 0.00000000e+00 0.00000000e+00
 2.86102295e-06 9.53674316e-07 0.00000000e+00 0.00000000e+00
 9.53674316e-07 3.91006470e-05 0.00000000e+00 0.00000000e+00
 5.34744263e-02 1.33514404e-03 2.72750854e-04 9.53674316e-06
 3.23295593e-04 6.76155090e-04 1.90734863e-06 3.81469727e-06
 5.66482544e-04 5.44548035e-04 9.53674316e-07 5.72204590e-06
 1.21879578e-03 5.38215637e-02 8.58306885e-06 3.21388245e-04
 2.80380249e-04 6.67572021e-06 9.53674316e-07 0.00000000e+00
 1.90734863e-06 4.76837158e-06 0.00000000e+00 0.00000000e+00
 1.90734863e-06 9.53674316e-07 0.00000000e+00 0.00000000e+00
 1.90734863e-06 2.47001648e-04 0.00000000e+00 9.53674316e-07
 2.48908997e-03 6.48498535e-05 1.62124634e-05 0.00000000e+00
 2.38418579e-05 2.95639038e-05 0.00000000e+00 9.53674316e-07
 2.67028809e-05 2.86102295e-05 0.00000000e+00 0.00000000e+00
 4.57763672e-05 2.39753723e-03 0.00000000e+00 1.43051147e-05
 1.52587891e-05 0.00000000e+00 9.53674316e-07 0.00000000e+00
 0.00000000e+00 0.00000000e+00 0.00000000e+00 0.00000000e+00
 0.00000000e+00 0.00000000e+00 0.00000000e+00 0.00000000e+00
 0.00000000e+00 1.33514404e-05 0.00000000e+00 0.00000000e+00
 3.06606293e-03 7.62939453e-05 1.81198120e-05 0.00000000e+00
 1.90734863e-05 3.91006470e-05 0.00000000e+00 0.00000000e+00
 3.81469727e-05 3.52859497e-05 9.53674316e-07 0.00000000e+00
 7.43865967e-05 2.98309326e-03 0.00000000e+00 1.62124634e-05
 1.62124634e-05 9.53674316e-07 0.00000000e+00 0.00000000e+00
 0.00000000e+00 0.00000000e+00 0.00000000e+00 0.00000000e+00
 0.00000000e+00 0.00000000e+00 0.00000000e+00 0.00000000e+00
 0.00000000e+00 1.62124634e-05 0.00000000e+00 0.00000000e+00
 5.62667847e-04 1.14440918e-05 3.81469727e-06 0.00000000e+00
 2.86102295e-06 7.62939453e-06 0.00000000e+00 0.00000000e+00
 3.81469727e-06 3.81469727e-06 0.00000000e+00 0.00000000e+00
 1.14440918e-05 5.64575195e-04 0.00000000e+00 0.00000000e+00
 3.81469727e-06 0.00000000e+00 0.00000000e+00 0.00000000e+00
 0.00000000e+00 0.00000000e+00 0.00000000e+00 0.00000000e+00
 0.00000000e+00 0.00000000e+00 0.00000000e+00 0.00000000e+00
 0.00000000e+00 2.86102295e-06 0.00000000e+00 0.00000000e+00
 3.26251984e-03 9.63211060e-05 1.90734863e-05 0.00000000e+00
 1.71661377e-05 4.86373901e-05 0.00000000e+00 0.00000000e+00
 3.81469727e-05 4.29153442e-05 0.00000000e+00 0.00000000e+00
 7.34329224e-05 3.28063965e-03 0.00000000e+00 1.62124634e-05
 1.52587891e-05 0.00000000e+00 0.00000000e+00 0.00000000e+00
 0.00000000e+00 9.53674316e-07 0.00000000e+00 0.00000000e+00
 0.00000000e+00 0.00000000e+00 0.00000000e+00 0.00000000e+00
 9.53674316e-07 1.43051147e-05 0.00000000e+00 9.53674316e-07
 6.18934631e-04 1.43051147e-05 2.86102295e-06 0.00000000e+00
 7.62939453e-06 3.81469727e-06 0.00000000e+00 0.00000000e+00
 5.72204590e-06 4.76837158e-06 0.00000000e+00 0.00000000e+00
 1.81198120e-05 6.29425049e-04 9.53674316e-07 4.76837158e-06
 2.86102295e-06 9.53674316e-07 0.00000000e+00 0.00000000e+00
 0.00000000e+00 0.00000000e+00 0.00000000e+00 0.00000000e+00
 0.00000000e+00 0.00000000e+00 0.00000000e+00 0.00000000e+00
 0.00000000e+00 9.53674316e-06 0.00000000e+00 0.00000000e+00
 1.45816803e-03 3.52859497e-05 3.81469727e-06 0.00000000e+00
 8.58306885e-06 1.62124634e-05 0.00000000e+00 0.00000000e+00
 2.00271606e-05 7.62939453e-06 0.00000000e+00 0.00000000e+00
 2.86102295e-05 1.45626068e-03 0.00000000e+00 6.67572021e-06
 5.72204590e-06 0.00000000e+00 0.00000000e+00 0.00000000e+00
 0.00000000e+00 0.00000000e+00 0.00000000e+00 0.00000000e+00
 0.00000000e+00 0.00000000e+00 0.00000000e+00 0.00000000e+00
 0.00000000e+00 7.62939453e-06 0.00000000e+00 0.00000000e+00
 9.25254822e-03 2.34603882e-04 4.48226929e-05 1.90734863e-06
 4.95910645e-05 1.20162964e-04 0.00000000e+00 9.53674316e-07
 9.05990601e-05 1.08718872e-04 0.00000000e+00 0.00000000e+00
 2.28881836e-04 9.35840607e-03 9.53674316e-07 3.71932983e-05
 4.67300415e-05 9.53674316e-07 0.00000000e+00 0.00000000e+00
 0.00000000e+00 0.00000000e+00 0.00000000e+00 0.00000000e+00
 0.00000000e+00 0.00000000e+00 0.00000000e+00 0.00000000e+00
 9.53674316e-07 4.10079956e-05 0.00000000e+00 0.00000000e+00
 3.78185272e-01 9.43946838e-03 2.06375122e-03 4.95910645e-05
 2.35557556e-03 4.64248657e-03 1.33514404e-05 1.81198120e-05
 3.81088257e-03 3.57151031e-03 3.24249268e-05 1.71661377e-05
 8.55064392e-03 3.77488136e-01 5.14984131e-05 2.11620331e-03
 1.83582306e-03 4.57763672e-05 9.53674316e-06 9.53674316e-07
 6.67572021e-06 2.09808350e-05 0.00000000e+00 0.00000000e+00
 1.71661377e-05 1.43051147e-05 0.00000000e+00 0.00000000e+00
 3.81469727e-05 1.79386139e-03 0.00000000e+00 9.53674316e-06
 2.42519379e-03 5.53131104e-05 2.09808350e-05 9.53674316e-07
 1.52587891e-05 3.05175781e-05 0.00000000e+00 0.00000000e+00
 2.19345093e-05 2.09808350e-05 0.00000000e+00 0.00000000e+00
 5.24520874e-05 2.39753723e-03 0.00000000e+00 1.14440918e-05
 1.52587891e-05 0.00000000e+00 0.00000000e+00 0.00000000e+00
 0.00000000e+00 0.00000000e+00 0.00000000e+00 0.00000000e+00
 0.00000000e+00 0.00000000e+00 0.00000000e+00 0.00000000e+00
 0.00000000e+00 9.53674316e-06 0.00000000e+00 0.00000000e+00
 5.19657135e-03 1.38282776e-04 3.14712524e-05 1.90734863e-06
 4.10079956e-05 6.67572021e-05 0.00000000e+00 0.00000000e+00
 4.76837158e-05 4.95910645e-05 0.00000000e+00 0.00000000e+00
 1.18255615e-04 5.33962250e-03 1.90734863e-06 2.76565552e-05
 2.28881836e-05 0.00000000e+00 9.53674316e-07 0.00000000e+00
 0.00000000e+00 0.00000000e+00 0.00000000e+00 0.00000000e+00
 9.53674316e-07 0.00000000e+00 0.00000000e+00 0.00000000e+00
 0.00000000e+00 2.86102295e-05 0.00000000e+00 0.00000000e+00
 5.97000122e-04 7.62939453e-06 1.90734863e-06 0.00000000e+00
 3.81469727e-06 8.58306885e-06 0.00000000e+00 0.00000000e+00
 3.81469727e-06 6.67572021e-06 0.00000000e+00 0.00000000e+00
 8.58306885e-06 5.64575195e-04 0.00000000e+00 5.72204590e-06
 3.81469727e-06 0.00000000e+00 0.00000000e+00 0.00000000e+00
 0.00000000e+00 9.53674316e-07 0.00000000e+00 0.00000000e+00
 0.00000000e+00 0.00000000e+00 0.00000000e+00 0.00000000e+00
 9.53674316e-07 3.81469727e-06 0.00000000e+00 0.00000000e+00
 4.58049774e-03 1.09672546e-04 2.57492065e-05 0.00000000e+00
 3.71932983e-05 4.86373901e-05 0.00000000e+00 0.00000000e+00
 4.00543213e-05 4.38690186e-05 0.00000000e+00 0.00000000e+00
 1.03950500e-04 4.61959839e-03 0.00000000e+00 2.38418579e-05
 2.47955322e-05 0.00000000e+00 0.00000000e+00 0.00000000e+00
 0.00000000e+00 9.53674316e-07 0.00000000e+00 9.53674316e-07
 0.00000000e+00 0.00000000e+00 0.00000000e+00 0.00000000e+00
 0.00000000e+00 1.90734863e-05 0.00000000e+00 9.53674316e-07
 1.17301941e-04 3.81469727e-06 9.53674316e-07 0.00000000e+00
 0.00000000e+00 9.53674316e-07 0.00000000e+00 0.00000000e+00
 9.53674316e-07 0.00000000e+00 0.00000000e+00 0.00000000e+00
 1.90734863e-06 1.41143799e-04 0.00000000e+00 9.53674316e-07
 9.53674316e-07 0.00000000e+00 0.00000000e+00 0.00000000e+00
 0.00000000e+00 0.00000000e+00 0.00000000e+00 0.00000000e+00
 0.00000000e+00 0.00000000e+00 0.00000000e+00 0.00000000e+00
 0.00000000e+00 0.00000000e+00 0.00000000e+00 0.00000000e+00
 2.75611877e-04 4.76837158e-06 0.00000000e+00 0.00000000e+00
 1.90734863e-06 2.86102295e-06 0.00000000e+00 0.00000000e+00
 0.00000000e+00 9.53674316e-07 0.00000000e+00 0.00000000e+00
 9.53674316e-06 2.41279602e-04 0.00000000e+00 0.00000000e+00
 0.00000000e+00 0.00000000e+00 0.00000000e+00 0.00000000e+00
 0.00000000e+00 0.00000000e+00 0.00000000e+00 0.00000000e+00
 0.00000000e+00 0.00000000e+00 0.00000000e+00 0.00000000e+00
 0.00000000e+00 1.90734863e-06 0.00000000e+00 0.00000000e+00]
[0.         0.         0.         0.         0.         0.
 0.         0.         0.         0.         0.         0.
 0.         0.         0.         0.         0.         0.
 0.         0.         0.         0.         0.         0.
 0.         0.         0.         0.         0.         0.
 0.         0.         0.         0.         0.         0.
 0.         0.         0.         0.         0.         0.
 0.         0.         0.         0.         0.         0.
 0.         0.         0.         0.         0.         0.
 0.         0.         0.         0.         0.         0.
 0.         0.         0.         0.         0.         0.
 0.         0.         0.         0.         0.         0.
 0.         0.         0.         0.         0.         0.
 0.         0.         0.         0.         0.         0.
 0.         0.         0.         0.         0.         0.
 0.         0.         0.         0.         0.         0.
 0.         0.         0.         0.         0.         0.
 0.         0.         0.         0.         0.         0.
 0.         0.         0.         0.         0.         0.
 0.         0.         0.         0.         0.         0.
 0.         0.         0.         0.         0.         0.
 0.         0.         0.         0.         0.         0.
 0.         0.         0.         0.         0.         0.
 0.         0.         0.         0.         0.         0.
 0.         0.         0.         0.         0.         0.
 0.         0.         0.         0.         0.         0.
 0.         0.         0.         0.         0.         0.
 0.         0.         0.         0.         0.         0.
 0.         0.         0.         0.         0.         0.
 0.         0.         0.         0.         0.         0.
 0.         0.         0.         0.         0.         0.
 0.         0.         0.         0.         0.         0.
 0.         0.         0.         0.         0.         0.
 0.         0.         0.         0.         0.         0.
 0.         0.         0.         0.         0.         0.
 0.         0.         0.         0.         0.         0.
 0.         0.         0.         0.         0.         0.
 0.         0.         0.         0.         0.         0.
 0.         0.         0.         0.         0.         0.
 0.         0.         0.         0.         0.         0.
 0.         0.         0.         0.         0.         0.
 0.         0.         0.         0.         0.         0.
 0.         0.         0.         0.         0.         0.
 0.         0.         0.         0.         0.         0.
 0.         0.         0.         0.         0.         0.
 0.         0.         0.         0.         0.         0.
 0.         0.         0.         0.         0.         0.
 0.         0.         0.         0.         0.         0.
 0.49979687 0.         0.         0.         0.         0.
 0.         0.         0.         0.         0.         0.
 0.         0.50020313 0.         0.         0.         0.
 0.         0.         0.         0.         0.         0.
 0.         0.         0.         0.         0.         0.
 0.         0.         0.         0.         0.         0.
 0.         0.         0.         0.         0.         0.
 0.         0.         0.         0.         0.         0.
 0.         0.         0.         0.         0.         0.
 0.         0.         0.         0.         0.         0.
 0.         0.         0.         0.         0.         0.
 0.         0.         0.         0.         0.         0.
 0.         0.         0.         0.         0.         0.
 0.         0.         0.         0.         0.         0.
 0.         0.         0.         0.         0.         0.
 0.         0.         0.         0.         0.         0.
 0.         0.         0.         0.         0.         0.
 0.         0.         0.         0.         0.         0.
 0.         0.         0.         0.         0.         0.
 0.         0.         0.         0.         0.         0.
 0.         0.         0.         0.         0.         0.
 0.         0.         0.         0.         0.         0.
 0.         0.         0.         0.         0.         0.
 0.         0.         0.         0.         0.         0.
 0.         0.         0.         0.         0.         0.
 0.         0.         0.         0.         0.         0.
 0.         0.         0.         0.         0.         0.
 0.         0.         0.         0.         0.         0.
 0.         0.         0.         0.         0.         0.
 0.         0.         0.         0.         0.         0.
 0.         0.         0.         0.         0.         0.
 0.         0.         0.         0.         0.         0.
 0.         0.         0.         0.         0.         0.
 0.         0.         0.         0.         0.         0.
 0.         0.         0.         0.         0.         0.
 0.         0.         0.         0.         0.         0.
 0.         0.         0.         0.         0.         0.
 0.         0.        ]
[1.11417770e-02 9.34600830e-05 1.02043152e-04 0.00000000e+00
 9.53674316e-05 2.53677368e-04 0.00000000e+00 9.53674316e-07
 2.20298767e-04 1.14440918e-04 2.86102295e-06 2.86102295e-06
 1.49726868e-04 1.11541748e-02 9.53674316e-07 1.09672546e-04
 3.91006470e-04 2.86102295e-06 1.90734863e-06 0.00000000e+00
 9.53674316e-07 1.14440918e-05 0.00000000e+00 0.00000000e+00
 6.67572021e-06 4.76837158e-06 0.00000000e+00 0.00000000e+00
 5.72204590e-06 3.76701355e-04 0.00000000e+00 1.90734863e-06
 3.59277725e-02 3.51905823e-04 3.24249268e-04 2.86102295e-06
 2.95639038e-04 7.90596008e-04 9.53674316e-07 7.62939453e-06
 7.07626343e-04 3.49998474e-04 8.58306885e-06 2.86102295e-06
 4.95910645e-04 3.51591110e-02 1.90734863e-06 3.42369080e-04
 1.21784210e-03 9.53674316e-06 1.23977661e-05 0.00000000e+00
 4.76837158e-06 2.19345093e-05 0.00000000e+00 9.53674316e-07
 2.57492065e-05 1.23977661e-05 0.00000000e+00 0.00000000e+00
 1.14440918e-05 1.21784210e-03 0.00000000e+00 1.14440918e-05
 5.55992126e-03 5.05447388e-05 6.48498535e-05 9.53674316e-07
 4.76837158e-05 1.16348267e-04 9.53674316e-07 9.53674316e-07
 1.14440918e-04 5.43594360e-05 3.81469727e-06 9.53674316e-07
 9.34600830e-05 5.39684296e-03 9.53674316e-07 4.48226929e-05
 1.74522400e-04 0.00000000e+00 2.86102295e-06 0.00000000e+00
 2.86102295e-06 5.72204590e-06 0.00000000e+00 0.00000000e+00
 2.86102295e-06 4.76837158e-06 9.53674316e-07 0.00000000e+00
 7.62939453e-06 1.47819519e-04 0.00000000e+00 9.53674316e-07
 8.08620453e-03 7.24792480e-05 7.62939453e-05 0.00000000e+00
 6.58035278e-05 1.76429749e-04 0.00000000e+00 9.53674316e-07
 1.53541565e-04 7.82012939e-05 9.53674316e-07 0.00000000e+00
 1.35421753e-04 8.09383392e-03 0.00000000e+00 8.39233398e-05
 2.76565552e-04 1.90734863e-06 6.67572021e-06 0.00000000e+00
 1.90734863e-06 9.53674316e-06 0.00000000e+00 0.00000000e+00
 6.67572021e-06 4.76837158e-06 0.00000000e+00 0.00000000e+00
 4.76837158e-06 2.93731689e-04 9.53674316e-07 4.76837158e-06
 8.97407532e-04 9.53674316e-06 4.76837158e-06 9.53674316e-07
 9.53674316e-06 1.43051147e-05 0.00000000e+00 0.00000000e+00
 1.81198120e-05 6.67572021e-06 0.00000000e+00 0.00000000e+00
 1.62124634e-05 8.79287720e-04 0.00000000e+00 5.72204590e-06
 2.76565552e-05 0.00000000e+00 0.00000000e+00 0.00000000e+00
 0.00000000e+00 9.53674316e-07 0.00000000e+00 0.00000000e+00
 1.90734863e-06 0.00000000e+00 0.00000000e+00 0.00000000e+00
 0.00000000e+00 4.00543213e-05 0.00000000e+00 0.00000000e+00
 2.77423859e-03 2.57492065e-05 2.28881836e-05 0.00000000e+00
 1.62124634e-05 4.57763672e-05 9.53674316e-07 9.53674316e-07
 5.62667847e-05 2.57492065e-05 0.00000000e+00 0.00000000e+00
 3.81469727e-05 2.75135040e-03 0.00000000e+00 2.67028809e-05
 9.44137573e-05 0.00000000e+00 0.00000000e+00 0.00000000e+00
 2.86102295e-06 1.90734863e-06 0.00000000e+00 0.00000000e+00
 9.53674316e-07 9.53674316e-07 0.00000000e+00 0.00000000e+00
 1.90734863e-06 8.20159912e-05 0.00000000e+00 0.00000000e+00
 1.85871124e-03 2.00271606e-05 3.05175781e-05 0.00000000e+00
 1.62124634e-05 3.33786011e-05 0.00000000e+00 0.00000000e+00
 2.76565552e-05 2.38418579e-05 9.53674316e-07 0.00000000e+00
 2.57492065e-05 1.88159943e-03 0.00000000e+00 1.62124634e-05
 6.00814819e-05 0.00000000e+00 1.90734863e-06 0.00000000e+00
 0.00000000e+00 1.90734863e-06 0.00000000e+00 0.00000000e+00
 1.90734863e-06 0.00000000e+00 0.00000000e+00 0.00000000e+00
 0.00000000e+00 7.82012939e-05 0.00000000e+00 9.53674316e-07
 1.94549561e-03 1.52587891e-05 2.67028809e-05 0.00000000e+00
 1.81198120e-05 5.34057617e-05 0.00000000e+00 0.00000000e+00
 3.43322754e-05 2.57492065e-05 0.00000000e+00 9.53674316e-07
 2.19345093e-05 2.00271606e-03 0.00000000e+00 1.71661377e-05
 5.81741333e-05 9.53674316e-07 1.90734863e-06 0.00000000e+00
 0.00000000e+00 0.00000000e+00 0.00000000e+00 0.00000000e+00
 0.00000000e+00 9.53674316e-07 0.00000000e+00 0.00000000e+00
 1.90734863e-06 7.24792480e-05 0.00000000e+00 0.00000000e+00
 1.09682083e-02 9.05990601e-05 9.82284546e-05 9.53674316e-07
 9.53674316e-05 2.37464905e-04 0.00000000e+00 2.86102295e-06
 2.07901001e-04 1.09672546e-04 9.53674316e-07 9.53674316e-07
 1.44004822e-04 1.08261108e-02 9.53674316e-07 1.18255615e-04
 3.55720520e-04 4.76837158e-06 1.90734863e-06 0.00000000e+00
 4.76837158e-06 1.04904175e-05 0.00000000e+00 0.00000000e+00
 7.62939453e-06 3.81469727e-06 0.00000000e+00 0.00000000e+00
 4.76837158e-06 3.92913818e-04 0.00000000e+00 3.81469727e-06
 3.15258980e-01 2.93636322e-03 3.03173065e-03 1.43051147e-05
 2.65789032e-03 7.24029541e-03 2.00271606e-05 5.72204590e-05
 6.09016418e-03 3.07083130e-03 6.38961792e-05 2.57492065e-05
 4.47082520e-03 3.13660622e-01 4.67300415e-05 3.01551819e-03
 1.08766556e-02 1.00135803e-04 9.53674316e-05 0.00000000e+00
 1.05857849e-04 2.24113464e-04 0.00000000e+00 3.81469727e-06
 2.29835510e-04 8.58306885e-05 2.86102295e-06 9.53674316e-07
 1.52587891e-04 1.07355118e-02 1.90734863e-06 1.09672546e-04
 5.44834137e-03 6.19888306e-05 5.24520874e-05 9.53674316e-07
 3.62396240e-05 1.23023987e-04 0.00000000e+00 9.53674316e-07
 9.05990601e-05 5.53131104e-05 0.00000000e+00 0.00000000e+00
 8.01086426e-05 5.23662567e-03 9.53674316e-07 6.10351562e-05
 2.04086304e-04 9.53674316e-07 3.81469727e-06 0.00000000e+00
 1.90734863e-06 4.76837158e-06 0.00000000e+00 0.00000000e+00
 3.81469727e-06 9.53674316e-07 0.00000000e+00 0.00000000e+00
 9.53674316e-07 2.05039978e-04 0.00000000e+00 9.53674316e-07
 3.91626358e-02 3.72886658e-04 3.72886658e-04 3.81469727e-06
 3.30924988e-04 8.94546509e-04 1.90734863e-06 1.04904175e-05
 7.59124756e-04 3.91006470e-04 9.53674316e-07 2.86102295e-06
 5.70297241e-04 3.91035080e-02 7.62939453e-06 3.82423401e-04
 1.37519836e-03 1.90734863e-05 1.71661377e-05 0.00000000e+00
 8.58306885e-06 2.09808350e-05 0.00000000e+00 0.00000000e+00
 2.67028809e-05 1.33514404e-05 0.00000000e+00 0.00000000e+00
 1.81198120e-05 1.36852264e-03 0.00000000e+00 1.43051147e-05
 7.34329224e-04 3.81469727e-06 4.76837158e-06 0.00000000e+00
 7.62939453e-06 7.62939453e-06 0.00000000e+00 0.00000000e+00
 1.43051147e-05 6.67572021e-06 0.00000000e+00 0.00000000e+00
 1.14440918e-05 7.47680664e-04 0.00000000e+00 6.67572021e-06
 2.47955322e-05 0.00000000e+00 9.53674316e-07 0.00000000e+00
 0.00000000e+00 1.90734863e-06 0.00000000e+00 0.00000000e+00
 1.90734863e-06 0.00000000e+00 0.00000000e+00 0.00000000e+00
 0.00000000e+00 2.09808350e-05 0.00000000e+00 0.00000000e+00
 1.83696747e-02 1.66893005e-04 1.88827515e-04 9.53674316e-07
 1.46865845e-04 3.77655029e-04 1.90734863e-06 1.90734863e-06
 3.66210938e-04 1.61170959e-04 2.86102295e-06 9.53674316e-07
 2.61306763e-04 1.80854797e-02 0.00000000e+00 1.98364258e-04
 6.43730164e-04 1.90734863e-06 3.81469727e-06 0.00000000e+00
 3.81469727e-06 1.23977661e-05 0.00000000e+00 9.53674316e-07
 1.23977661e-05 4.76837158e-06 0.00000000e+00 0.00000000e+00
 7.62939453e-06 6.42776489e-04 0.00000000e+00 7.62939453e-06
 4.69207764e-04 4.76837158e-06 3.81469727e-06 0.00000000e+00
 4.76837158e-06 1.33514404e-05 0.00000000e+00 0.00000000e+00
 5.72204590e-06 5.72204590e-06 0.00000000e+00 0.00000000e+00
 6.67572021e-06 4.45365906e-04 0.00000000e+00 8.58306885e-06
 2.00271606e-05 0.00000000e+00 9.53674316e-07 0.00000000e+00
 0.00000000e+00 0.00000000e+00 0.00000000e+00 0.00000000e+00
 0.00000000e+00 0.00000000e+00 0.00000000e+00 0.00000000e+00
 0.00000000e+00 1.33514404e-05 0.00000000e+00 0.00000000e+00
 2.51579285e-03 2.19345093e-05 3.33786011e-05 0.00000000e+00
 2.38418579e-05 6.38961792e-05 9.53674316e-07 0.00000000e+00
 4.38690186e-05 2.09808350e-05 9.53674316e-07 0.00000000e+00
 3.62396240e-05 2.38895416e-03 9.53674316e-07 2.19345093e-05
 8.48770142e-05 0.00000000e+00 0.00000000e+00 0.00000000e+00
 0.00000000e+00 0.00000000e+00 0.00000000e+00 0.00000000e+00
 2.86102295e-06 9.53674316e-07 0.00000000e+00 0.00000000e+00
 0.00000000e+00 7.82012939e-05 0.00000000e+00 9.53674316e-07]
[0.         0.         0.         0.         0.         0.
 0.         0.         0.         0.         0.         0.
 0.         0.         0.         0.         0.         0.
 0.         0.         0.         0.         0.         0.
 0.         0.         0.         0.         0.         0.
 0.         0.         0.         0.         0.         0.
 0.         0.         0.         0.         0.         0.
 0.         0.         0.         0.         0.         0.
 0.         0.         0.         0.         0.         0.
 0.         0.         0.         0.         0.         0.
 0.         0.         0.         0.         0.         0.
 0.         0.         0.         0.         0.         0.
 0.         0.         0.         0.         0.         0.
 0.         0.         0.         0.         0.         0.
 0.         0.         0.         0.         0.         0.
 0.         0.         0.         0.         0.         0.
 0.         0.         0.         0.         0.         0.
 0.         0.         0.         0.         0.         0.
 0.         0.         0.         0.         0.         0.
 0.         0.         0.         0.         0.         0.
 0.         0.         0.         0.         0.         0.
 0.         0.         0.         0.         0.         0.
 0.         0.         0.         0.         0.         0.
 0.         0.         0.         0.         0.         0.
 0.         0.         0.         0.         0.         0.
 0.         0.         0.         0.         0.         0.
 0.         0.         0.         0.         0.         0.
 0.         0.         0.         0.         0.         0.
 0.         0.         0.         0.         0.         0.
 0.         0.         0.         0.         0.         0.
 0.         0.         0.         0.         0.         0.
 0.         0.         0.         0.         0.         0.
 0.         0.         0.         0.         0.         0.
 0.         0.         0.         0.         0.         0.
 0.         0.         0.         0.         0.         0.
 0.         0.         0.         0.         0.         0.
 0.         0.         0.         0.         0.         0.
 0.         0.         0.         0.         0.         0.
 0.         0.         0.         0.         0.         0.
 0.         0.         0.         0.         0.         0.
 0.         0.         0.         0.         0.         0.
 0.         0.         0.         0.         0.         0.
 0.         0.         0.         0.         0.         0.
 0.         0.         0.         0.         0.         0.
 0.         0.         0.         0.         0.         0.
 0.         0.         0.         0.         0.         0.
 0.         0.         0.         0.         0.         0.
 0.         0.         0.         0.         0.         0.
 0.50030994 0.         0.         0.         0.         0.
 0.         0.         0.         0.         0.         0.
 0.         0.49969006 0.         0.         0.         0.
 0.         0.         0.         0.         0.         0.
 0.         0.         0.         0.         0.         0.
 0.         0.         0.         0.         0.         0.
 0.         0.         0.         0.         0.         0.
 0.         0.         0.         0.         0.         0.
 0.         0.         0.         0.         0.         0.
 0.         0.         0.         0.         0.         0.
 0.         0.         0.         0.         0.         0.
 0.         0.         0.         0.         0.         0.
 0.         0.         0.         0.         0.         0.
 0.         0.         0.         0.         0.         0.
 0.         0.         0.         0.         0.         0.
 0.         0.         0.         0.         0.         0.
 0.         0.         0.         0.         0.         0.
 0.         0.         0.         0.         0.         0.
 0.         0.         0.         0.         0.         0.
 0.         0.         0.         0.         0.         0.
 0.         0.         0.         0.         0.         0.
 0.         0.         0.         0.         0.         0.
 0.         0.         0.         0.         0.         0.
 0.         0.         0.         0.         0.         0.
 0.         0.         0.         0.         0.         0.
 0.         0.         0.         0.         0.         0.
 0.         0.         0.         0.         0.         0.
 0.         0.         0.         0.         0.         0.
 0.         0.         0.         0.         0.         0.
 0.         0.         0.         0.         0.         0.
 0.         0.         0.         0.         0.         0.
 0.         0.         0.         0.         0.         0.
 0.         0.         0.         0.         0.         0.
 0.         0.         0.         0.         0.         0.
 0.         0.         0.         0.         0.         0.
 0.         0.         0.         0.         0.         0.
 0.         0.         0.         0.         0.         0.
 0.         0.        ]
Fid of qvm & frp	0.28014687832552587	0.4637536962783722
.

=============================== warnings summary ===============================
tst/qvm/integration/bench_test.py::TestBenchQvmFrpV2::test_two_bench_frp[qasm-/root/projects/QASMBench/small/lpn_n5/lpn_n5.qasm,/root/projects/QASMBench/small/adder_n4/adder_n4.qasm-10]
tst/qvm/integration/bench_test.py::TestBenchQvmFrpV2::test_two_bench_frp[qasm-/root/projects/QASMBench/small/lpn_n5/lpn_n5.qasm,/root/projects/QASMBench/small/adder_n4/adder_n4.qasm-10]
  /root/anaconda3/envs/qcs-noise/lib/python3.10/site-packages/qiskit/providers/fake_provider/fake_backend.py:462: PendingDeprecationWarning: "warnings" argument will be deprecated as part of the qiskit-aer 0.12.0 and subsequently removed
    noise_model = NoiseModel.from_backend(self, warnings=False)

tst/qvm/integration/bench_test.py::TestBenchQvmFrpV2::test_two_bench_frp[qasm-/root/projects/QASMBench/small/lpn_n5/lpn_n5.qasm,/root/projects/QASMBench/small/adder_n4/adder_n4.qasm-10]
tst/qvm/integration/bench_test.py::TestBenchQvmFrpV2::test_two_bench_frp[qasm-/root/projects/QASMBench/small/lpn_n5/lpn_n5.qasm,/root/projects/QASMBench/small/adder_n4/adder_n4.qasm-10]
tst/qvm/integration/bench_test.py::TestBenchQvmFrpV2::test_two_bench_frp[qasm-/root/projects/QASMBench/small/lpn_n5/lpn_n5.qasm,/root/projects/QASMBench/small/adder_n4/adder_n4.qasm-10]
tst/qvm/integration/bench_test.py::TestBenchQvmFrpV2::test_two_bench_frp[qasm-/root/projects/QASMBench/small/lpn_n5/lpn_n5.qasm,/root/projects/QASMBench/small/adder_n4/adder_n4.qasm-10]
tst/qvm/integration/bench_test.py::TestBenchQvmFrpV2::test_two_bench_frp[qasm-/root/projects/QASMBench/small/lpn_n5/lpn_n5.qasm,/root/projects/QASMBench/small/adder_n4/adder_n4.qasm-10]
tst/qvm/integration/bench_test.py::TestBenchQvmFrpV2::test_two_bench_frp[qasm-/root/projects/QASMBench/small/lpn_n5/lpn_n5.qasm,/root/projects/QASMBench/small/adder_n4/adder_n4.qasm-10]
  /root/anaconda3/envs/qcs-noise/lib/python3.10/site-packages/qiskit_aer/noise/device/models.py:365: UserWarning: Device model returned an invalid T_2 relaxation time greater than the theoretical maximum value 2 * T_1 (210788.50669687917 > 2 * 104325.12715207216). Truncating to maximum value.
    warn("Device model returned an invalid T_2 relaxation time greater than"

tst/qvm/integration/bench_test.py::TestBenchQvmFrpV2::test_two_bench_frp[qasm-/root/projects/QASMBench/small/lpn_n5/lpn_n5.qasm,/root/projects/QASMBench/small/adder_n4/adder_n4.qasm-10]
  /root/anaconda3/envs/qcs-noise/lib/python3.10/site-packages/qiskit_aer/noise/device/models.py:365: UserWarning: Device model returned an invalid T_2 relaxation time greater than the theoretical maximum value 2 * T_1 (0.00021078850669687914 > 2 * 0.00010432512715207217). Truncating to maximum value.
    warn("Device model returned an invalid T_2 relaxation time greater than"

-- Docs: https://docs.pytest.org/en/stable/how-to/capture-warnings.html
================ 1 passed, 14 deselected, 9 warnings in 24.23s =================
