Randomly selected files:
/root/projects/QASMBench/small/qrng_n4/qrng_n4.qasm,/root/projects/QASMBench/small/qft_n4/qft_n4.qasm
============================= test session starts ==============================
platform linux -- Python 3.10.6, pytest-7.2.0, pluggy-1.0.0
rootdir: /root/projects/qcs
plugins: anyio-3.6.2
collected 15 items / 14 deselected / 1 selected

tst/qvm/integration/bench_test.py [0.00429153 0.00417614 0.0040741  0.00414371 0.00420094 0.00413418
 0.00426006 0.00416088 0.00423145 0.00421906 0.00417805 0.00416565
 0.00418091 0.0041523  0.00416279 0.00408936 0.00395775 0.00382137
 0.00388908 0.00385475 0.004035   0.00387192 0.00383854 0.00393581
 0.00389957 0.00384617 0.00399399 0.00385284 0.00401592 0.00387669
 0.00391865 0.00384998 0.00389671 0.00383854 0.00384331 0.00387096
 0.00401688 0.00393391 0.00387478 0.00380135 0.00386524 0.0038023
 0.0039587  0.00376987 0.00393486 0.00386429 0.00385666 0.00376892
 0.00382328 0.00383472 0.0037365  0.00357819 0.00370979 0.0036068
 0.00369644 0.00368118 0.00383854 0.00364113 0.00380802 0.00367451
 0.00383282 0.00358868 0.00372982 0.00367355 0.0042944  0.0040369
 0.00421047 0.00421333 0.00427341 0.00408268 0.00422478 0.00423431
 0.00415421 0.00414085 0.0041256  0.00409031 0.00417042 0.00409794
 0.00414848 0.00415421 0.0039587  0.00391769 0.00395584 0.0037241
 0.00388908 0.00387859 0.00392246 0.00391388 0.00387669 0.00384045
 0.00387001 0.00384045 0.0039835  0.00386047 0.00392914 0.00375366
 0.00407314 0.00392628 0.00399208 0.00397491 0.00397778 0.00403309
 0.003932   0.00392532 0.00392628 0.00390053 0.00392628 0.00383091
 0.00387955 0.0038681  0.0038662  0.00383568 0.0038023  0.00372791
 0.00378132 0.00374794 0.00378704 0.00364017 0.00377369 0.00364876
 0.00382137 0.00374222 0.00387383 0.00369167 0.00370598 0.00378227
 0.00378799 0.00374031 0.00426388 0.00413799 0.00416756 0.00402546
 0.00420189 0.00403309 0.00420094 0.00401402 0.00413227 0.00411606
 0.00416946 0.00417995 0.0041666  0.00409412 0.00413895 0.00410843
 0.00398159 0.00386429 0.00380516 0.00377846 0.00392246 0.00384998
 0.00395203 0.0036993  0.00388527 0.00400162 0.00387383 0.00391674
 0.00387955 0.00370884 0.00389004 0.00378609 0.00401688 0.00391006
 0.00387764 0.00381088 0.00388718 0.00374699 0.00385571 0.00375748
 0.00395012 0.00387764 0.00394249 0.00374603 0.0038681  0.00378609
 0.00386143 0.00380516 0.00374603 0.00361538 0.00385857 0.003685
 0.00367165 0.0036459  0.00365257 0.0036726  0.00379753 0.00370121
 0.003685   0.00373554 0.00374794 0.00371647 0.00368404 0.00364017
 0.00419426 0.00421047 0.00415516 0.00417614 0.00420475 0.0041523
 0.00418663 0.00401402 0.00411606 0.00410366 0.00410843 0.0039711
 0.00416851 0.00396633 0.00410557 0.00408363 0.00375175 0.00385189
 0.00386429 0.00375748 0.00392532 0.00388145 0.00387478 0.00369835
 0.00385571 0.00385571 0.00390244 0.00383186 0.0040226  0.00386906
 0.00374699 0.00382519 0.00387287 0.00384235 0.00391006 0.00392723
 0.00400257 0.00390053 0.00389194 0.0037241  0.00381184 0.00383663
 0.00390911 0.0037241  0.00393486 0.00383472 0.0039072  0.00377846
 0.00361729 0.00372982 0.00379658 0.00370693 0.00368214 0.00371075
 0.00383377 0.00378704 0.00377178 0.00368214 0.00378704 0.00369453
 0.00373077 0.00363636 0.00375175 0.00361919]
[0.00380421 0.00391579 0.00381279 0.00397205 0.00380039 0.00390339
 0.0039053  0.00390434 0.00383759 0.00391197 0.00391674 0.00397682
 0.00384235 0.0039444  0.00377655 0.00395393 0.00405216 0.00391293
 0.0039072  0.00403023 0.00384808 0.00384331 0.00392628 0.00398731
 0.0039053  0.00379753 0.00384712 0.00384903 0.00383949 0.00395966
 0.00382614 0.00380135 0.0038929  0.00393867 0.00392723 0.00389767
 0.00391293 0.00387478 0.00390816 0.00399208 0.0038538  0.00396252
 0.00395584 0.00388336 0.0039196  0.00385761 0.00390053 0.00385189
 0.00388527 0.00389481 0.00399017 0.00387478 0.00390339 0.00393581
 0.00391579 0.00379944 0.00392342 0.00398731 0.00390148 0.00392914
 0.00392056 0.003932   0.00397396 0.00385666 0.00391102 0.00386333
 0.00397587 0.00380611 0.00397491 0.00396919 0.00393677 0.00389099
 0.00383091 0.0039463  0.00389004 0.00391006 0.00398922 0.00396442
 0.00395012 0.00404167 0.00402164 0.00393105 0.00394344 0.00395012
 0.00382805 0.00392628 0.00393486 0.00384235 0.00393677 0.00393009
 0.00382805 0.00384235 0.00395203 0.00388241 0.00380516 0.00401688
 0.00388145 0.00379467 0.00395775 0.0038662  0.00386429 0.00379944
 0.0038414  0.00390148 0.00393963 0.00391579 0.00382996 0.00389671
 0.00396729 0.00390053 0.00380898 0.00399113 0.00392151 0.00390434
 0.00376225 0.0038929  0.00386524 0.00390434 0.00394821 0.00392056
 0.00381565 0.00392056 0.00390339 0.00390625 0.00391197 0.00388241
 0.00377941 0.00392818 0.00401211 0.00395107 0.00399685 0.00387669
 0.00389004 0.00396061 0.00388432 0.00389099 0.00399303 0.00394821
 0.00387955 0.00379372 0.00397205 0.0038662  0.0038805  0.00384998
 0.00385952 0.00398159 0.00386047 0.00384998 0.00394154 0.00390053
 0.00393581 0.00394535 0.00385284 0.00400925 0.0038681  0.00389099
 0.0038538  0.00391388 0.00397491 0.00386143 0.00395012 0.00400352
 0.00397205 0.00384426 0.00383759 0.00398445 0.00392246 0.00393009
 0.00387001 0.00396061 0.0039978  0.00386047 0.00382996 0.00387001
 0.00396729 0.00386238 0.00380611 0.00387955 0.0038929  0.0038662
 0.00391483 0.003829   0.0039959  0.00396252 0.00388908 0.00386238
 0.0039587  0.00396442 0.00376034 0.00394821 0.00390339 0.00390053
 0.00387573 0.00398731 0.00385094 0.00397491 0.00387764 0.00390244
 0.00396442 0.0038166  0.00395966 0.00399017 0.00388336 0.00396156
 0.00383949 0.00381184 0.00391769 0.00387001 0.00403595 0.00394726
 0.00399971 0.00403214 0.00398445 0.00397205 0.00383854 0.00394249
 0.00395203 0.00386524 0.00393581 0.0038681  0.00392818 0.00387383
 0.00396252 0.00394154 0.00392151 0.00393295 0.00391674 0.00386906
 0.00396061 0.00392818 0.00392914 0.00387478 0.00383282 0.00393105
 0.00391293 0.00387764 0.00387096 0.00391769 0.00384235 0.00387001
 0.00391865 0.00389481 0.00393009 0.00384998 0.00389671 0.0039053
 0.00392628 0.00397778 0.00382233 0.00395489 0.00395203 0.00387573
 0.00391865 0.00393772 0.00385094 0.00388145]
[0.00390244 0.004035   0.00407219 0.00399303 0.00397396 0.00409317
 0.00408649 0.00408363 0.00403881 0.00404167 0.004035   0.0039959
 0.00391197 0.00406456 0.00409889 0.00404739 0.00390816 0.00381851
 0.0038929  0.00374508 0.0038805  0.00379181 0.00397205 0.00382233
 0.00389481 0.00382805 0.00377464 0.00386906 0.003829   0.00383854
 0.00378895 0.00377941 0.00422668 0.00413227 0.00420284 0.00410938
 0.00409985 0.00405598 0.00419331 0.00419617 0.00411129 0.00407887
 0.00408649 0.00404739 0.00420666 0.00412846 0.00414276 0.0041151
 0.00387287 0.00394535 0.00388432 0.00390911 0.00389671 0.00390911
 0.00389099 0.00397778 0.00389385 0.00392914 0.00393963 0.00385571
 0.00388908 0.00388145 0.00383186 0.00391006 0.00403595 0.00392437
 0.00411034 0.00393867 0.0041008  0.00400352 0.0040102  0.00394535
 0.00398254 0.00386715 0.00400448 0.00380802 0.00406551 0.0039196
 0.00396442 0.00391579 0.00380898 0.00377178 0.00384331 0.00376415
 0.00388718 0.00371265 0.00376701 0.00378132 0.00386238 0.00379372
 0.00378132 0.00381756 0.00372219 0.00370026 0.00375748 0.0038023
 0.00407887 0.00409889 0.00418472 0.00405216 0.00413704 0.00409222
 0.00408077 0.00399685 0.00404453 0.00406361 0.00402546 0.00390053
 0.00400162 0.00402737 0.00410938 0.00397968 0.00398731 0.00385094
 0.00390911 0.00387383 0.00392818 0.0037775  0.00392723 0.00387001
 0.00382805 0.00376129 0.00388718 0.00371742 0.00391197 0.00376034
 0.00372124 0.00381374 0.00389481 0.00387001 0.00387096 0.00389671
 0.00397015 0.00392151 0.0040102  0.00402737 0.00387859 0.00401688
 0.0039444  0.00398636 0.0040226  0.00388336 0.00396156 0.003932
 0.00375652 0.00372314 0.00386906 0.00383091 0.00383759 0.00375175
 0.00376701 0.00365162 0.00378895 0.00371456 0.00370979 0.00368881
 0.00376225 0.00376129 0.00387573 0.00369835 0.0040741  0.00398159
 0.00408268 0.00398445 0.00411224 0.00403309 0.00404167 0.00404072
 0.00404358 0.00403214 0.00400543 0.00405979 0.00408745 0.00398922
 0.00403023 0.00400639 0.00383663 0.00382423 0.00391388 0.0037899
 0.00376797 0.00387192 0.00388813 0.00380898 0.00385189 0.00384998
 0.00384521 0.0036974  0.0038147  0.00383282 0.0038023  0.00367355
 0.00392437 0.00380421 0.00394821 0.00397491 0.00393295 0.00390244
 0.0040102  0.00396252 0.00382996 0.00389194 0.00384617 0.00391197
 0.00388718 0.00381088 0.00384998 0.00390625 0.00372696 0.00357819
 0.00376034 0.00372124 0.00376892 0.00366402 0.00373173 0.00370121
 0.00361633 0.0036726  0.00375366 0.00368023 0.00370407 0.00374985
 0.0038147  0.00368881 0.00408268 0.00391674 0.00400734 0.00384712
 0.00401497 0.00401402 0.00391579 0.00400639 0.00411224 0.00390339
 0.00401688 0.00398731 0.00392818 0.00395489 0.00395489 0.00400829
 0.00382233 0.00379276 0.00380325 0.00372982 0.00375366 0.003829
 0.00384617 0.00377369 0.00379276 0.00378227 0.00375748 0.0037756
 0.00374222 0.00375557 0.00391769 0.0037508 ]
[0.00390625 0.00396919 0.00395012 0.00386143 0.00389004 0.00383091
 0.00392151 0.00381851 0.00389576 0.00391293 0.0039053  0.00392818
 0.00396538 0.00404644 0.00379276 0.00392246 0.00392723 0.00400829
 0.00388145 0.00389004 0.00391865 0.00388908 0.00396824 0.00397491
 0.00390244 0.00389862 0.00398159 0.0038147  0.00383091 0.00384998
 0.00380611 0.00403023 0.00380611 0.00394344 0.00398445 0.00393963
 0.00393677 0.00380421 0.00385284 0.00382328 0.00386238 0.00392532
 0.00393009 0.00390244 0.00386143 0.00397778 0.00396633 0.00382233
 0.00397873 0.00390434 0.0037384  0.00390244 0.00382614 0.00400829
 0.00388336 0.00378227 0.00389099 0.0038929  0.00387573 0.00392437
 0.00393677 0.00391197 0.00378227 0.00394726 0.00375175 0.00389481
 0.00395679 0.00389862 0.003932   0.00399685 0.00393105 0.00388336
 0.00395775 0.00391388 0.00375938 0.00399685 0.0038805  0.00394726
 0.00376606 0.00389385 0.00392532 0.00397015 0.00384808 0.00384712
 0.00402355 0.00397682 0.00396824 0.00381374 0.00385952 0.00397873
 0.00393009 0.00385857 0.00377274 0.00389862 0.00387192 0.0039072
 0.00396538 0.00400162 0.00391388 0.0038929  0.00392723 0.0039444
 0.0038538  0.00391674 0.00398827 0.00400639 0.00389576 0.00390339
 0.00387955 0.00398445 0.00388432 0.00384712 0.00387955 0.00387096
 0.00392914 0.00390339 0.00399685 0.00384426 0.00394535 0.00382042
 0.0038929  0.00392532 0.00393867 0.00395775 0.00387001 0.00391006
 0.00395298 0.00384045 0.00394535 0.00386906 0.00401497 0.00401688
 0.00388241 0.00389576 0.00386715 0.00394726 0.00392437 0.00393391
 0.00398064 0.00392914 0.00401783 0.0038662  0.00383472 0.00398159
 0.00400925 0.00392056 0.00392818 0.00377655 0.00392532 0.0038805
 0.00390911 0.00370407 0.00382805 0.00385284 0.00389099 0.00384903
 0.00389576 0.00387859 0.0038805  0.00391865 0.00389862 0.00397778
 0.00388622 0.00403595 0.00392437 0.00385571 0.00393677 0.00394821
 0.0039196  0.00393867 0.00391388 0.0039854  0.0038271  0.00388336
 0.00397205 0.00402641 0.00393677 0.00393009 0.00382423 0.00388813
 0.00382233 0.00380802 0.00389385 0.0039196  0.00378799 0.0040493
 0.00395393 0.00390244 0.00381756 0.00396252 0.00390911 0.00386429
 0.0039463  0.0039053  0.00386238 0.00396061 0.00384998 0.00391388
 0.0039053  0.00389194 0.00396824 0.00382137 0.00395298 0.0038538
 0.0039711  0.00386524 0.0039959  0.00389004 0.0038681  0.00389194
 0.00389194 0.00391293 0.00387383 0.00393009 0.00393867 0.00396919
 0.00391197 0.00390816 0.0039463  0.00400066 0.00390244 0.00387192
 0.00396061 0.00389671 0.00385857 0.00391293 0.00395679 0.00391197
 0.00386715 0.00382996 0.00388145 0.00393295 0.00381756 0.0039444
 0.00383568 0.00388908 0.00386047 0.00382328 0.00379467 0.00405598
 0.00400925 0.00395012 0.00388622 0.00391102 0.00385571 0.00390911
 0.00385475 0.00407791 0.00382328 0.00394344 0.00383568 0.0040102
 0.00390816 0.00383091 0.00389957 0.00402737]
Fid of qvm & frp	0.0010415980309961617	0.0006906906123946548
.

=============================== warnings summary ===============================
tst/qvm/integration/bench_test.py::TestBenchQvmFrpV2::test_two_bench_frp[qasm-/root/projects/QASMBench/small/qrng_n4/qrng_n4.qasm,/root/projects/QASMBench/small/qft_n4/qft_n4.qasm-10]
tst/qvm/integration/bench_test.py::TestBenchQvmFrpV2::test_two_bench_frp[qasm-/root/projects/QASMBench/small/qrng_n4/qrng_n4.qasm,/root/projects/QASMBench/small/qft_n4/qft_n4.qasm-10]
  /root/anaconda3/envs/qcs-noise/lib/python3.10/site-packages/qiskit/providers/fake_provider/fake_backend.py:462: PendingDeprecationWarning: "warnings" argument will be deprecated as part of the qiskit-aer 0.12.0 and subsequently removed
    noise_model = NoiseModel.from_backend(self, warnings=False)

tst/qvm/integration/bench_test.py::TestBenchQvmFrpV2::test_two_bench_frp[qasm-/root/projects/QASMBench/small/qrng_n4/qrng_n4.qasm,/root/projects/QASMBench/small/qft_n4/qft_n4.qasm-10]
tst/qvm/integration/bench_test.py::TestBenchQvmFrpV2::test_two_bench_frp[qasm-/root/projects/QASMBench/small/qrng_n4/qrng_n4.qasm,/root/projects/QASMBench/small/qft_n4/qft_n4.qasm-10]
tst/qvm/integration/bench_test.py::TestBenchQvmFrpV2::test_two_bench_frp[qasm-/root/projects/QASMBench/small/qrng_n4/qrng_n4.qasm,/root/projects/QASMBench/small/qft_n4/qft_n4.qasm-10]
tst/qvm/integration/bench_test.py::TestBenchQvmFrpV2::test_two_bench_frp[qasm-/root/projects/QASMBench/small/qrng_n4/qrng_n4.qasm,/root/projects/QASMBench/small/qft_n4/qft_n4.qasm-10]
tst/qvm/integration/bench_test.py::TestBenchQvmFrpV2::test_two_bench_frp[qasm-/root/projects/QASMBench/small/qrng_n4/qrng_n4.qasm,/root/projects/QASMBench/small/qft_n4/qft_n4.qasm-10]
tst/qvm/integration/bench_test.py::TestBenchQvmFrpV2::test_two_bench_frp[qasm-/root/projects/QASMBench/small/qrng_n4/qrng_n4.qasm,/root/projects/QASMBench/small/qft_n4/qft_n4.qasm-10]
  /root/anaconda3/envs/qcs-noise/lib/python3.10/site-packages/qiskit_aer/noise/device/models.py:365: UserWarning: Device model returned an invalid T_2 relaxation time greater than the theoretical maximum value 2 * T_1 (210788.50669687917 > 2 * 104325.12715207216). Truncating to maximum value.
    warn("Device model returned an invalid T_2 relaxation time greater than"

tst/qvm/integration/bench_test.py::TestBenchQvmFrpV2::test_two_bench_frp[qasm-/root/projects/QASMBench/small/qrng_n4/qrng_n4.qasm,/root/projects/QASMBench/small/qft_n4/qft_n4.qasm-10]
  /root/anaconda3/envs/qcs-noise/lib/python3.10/site-packages/qiskit_aer/noise/device/models.py:365: UserWarning: Device model returned an invalid T_2 relaxation time greater than the theoretical maximum value 2 * T_1 (0.00021078850669687914 > 2 * 0.00010432512715207217). Truncating to maximum value.
    warn("Device model returned an invalid T_2 relaxation time greater than"

-- Docs: https://docs.pytest.org/en/stable/how-to/capture-warnings.html
================ 1 passed, 14 deselected, 9 warnings in 23.13s =================
