Randomly selected files:
/root/projects/QASMBench/small/qec_sm_n5/qec_sm_n5.qasm,/root/projects/QASMBench/small/teleportation_n3/teleportation_n3.qasm
============================= test session starts ==============================
platform linux -- Python 3.10.6, pytest-7.2.0, pluggy-1.0.0
rootdir: /root/projects/qcs
plugins: anyio-3.6.2
collected 15 items / 14 deselected / 1 selected

tst/qvm/integration/bench_test.py [1.06811523e-04 5.90801239e-03 0.00000000e+00 2.76565552e-05
 2.86102295e-06 1.16348267e-04 0.00000000e+00 9.53674316e-07
 1.77717209e-01 1.34181976e-03 1.13010406e-03 8.58306885e-06
 4.22096252e-03 2.95639038e-05 2.09808350e-05 0.00000000e+00
 0.00000000e+00 4.48226929e-05 0.00000000e+00 9.53674316e-06
 9.53674316e-07 4.76837158e-06 0.00000000e+00 0.00000000e+00
 0.00000000e+00 1.16443634e-03 9.53674316e-06 1.63078308e-04
 9.53674316e-07 2.31742859e-04 9.53674316e-07 3.81469727e-06
 1.08718872e-04 5.60379028e-03 9.53674316e-07 3.71932983e-05
 2.86102295e-06 1.67846680e-04 0.00000000e+00 0.00000000e+00
 1.76084518e-01 1.35707855e-03 1.06143951e-03 5.72204590e-06
 4.34303284e-03 2.28881836e-05 2.38418579e-05 0.00000000e+00
 0.00000000e+00 2.67028809e-05 0.00000000e+00 3.81469727e-06
 9.53674316e-07 4.76837158e-06 0.00000000e+00 0.00000000e+00
 0.00000000e+00 1.14917755e-03 9.53674316e-06 1.61170959e-04
 0.00000000e+00 2.48908997e-04 1.90734863e-06 2.86102295e-06
 4.00543213e-05 1.64604187e-03 0.00000000e+00 1.04904175e-05
 9.53674316e-07 3.81469727e-05 0.00000000e+00 0.00000000e+00
 5.16681671e-02 3.49998474e-04 3.62396240e-04 3.81469727e-06
 1.25789642e-03 8.58306885e-06 5.72204590e-06 0.00000000e+00
 0.00000000e+00 1.33514404e-05 0.00000000e+00 0.00000000e+00
 0.00000000e+00 4.76837158e-06 0.00000000e+00 0.00000000e+00
 0.00000000e+00 3.19480896e-04 2.86102295e-06 6.19888306e-05
 0.00000000e+00 6.86645508e-05 0.00000000e+00 0.00000000e+00
 3.05175781e-05 1.63936615e-03 0.00000000e+00 1.14440918e-05
 9.53674316e-07 3.71932983e-05 0.00000000e+00 0.00000000e+00
 5.11512756e-02 3.41415405e-04 2.95639038e-04 5.72204590e-06
 1.26171112e-03 8.58306885e-06 8.58306885e-06 9.53674316e-07
 0.00000000e+00 8.58306885e-06 0.00000000e+00 9.53674316e-07
 0.00000000e+00 0.00000000e+00 0.00000000e+00 9.53674316e-07
 9.53674316e-07 3.22341919e-04 2.86102295e-06 4.48226929e-05
 0.00000000e+00 7.72476196e-05 0.00000000e+00 9.53674316e-07
 2.28881836e-05 1.89208984e-03 0.00000000e+00 1.43051147e-05
 0.00000000e+00 4.00543213e-05 0.00000000e+00 0.00000000e+00
 5.76181412e-02 4.21524048e-04 3.52859497e-04 1.90734863e-06
 1.37901306e-03 1.62124634e-05 1.04904175e-05 0.00000000e+00
 0.00000000e+00 7.62939453e-06 0.00000000e+00 1.90734863e-06
 0.00000000e+00 2.86102295e-06 0.00000000e+00 0.00000000e+00
 0.00000000e+00 3.77655029e-04 3.81469727e-06 6.67572021e-05
 0.00000000e+00 7.72476196e-05 0.00000000e+00 1.90734863e-06
 3.43322754e-05 1.92451477e-03 0.00000000e+00 7.62939453e-06
 0.00000000e+00 3.52859497e-05 0.00000000e+00 0.00000000e+00
 5.75037003e-02 4.30107117e-04 3.33786011e-04 3.81469727e-06
 1.38473511e-03 1.43051147e-05 4.76837158e-06 0.00000000e+00
 0.00000000e+00 1.43051147e-05 0.00000000e+00 2.86102295e-06
 1.90734863e-06 1.90734863e-06 0.00000000e+00 0.00000000e+00
 0.00000000e+00 3.59535217e-04 1.90734863e-06 5.91278076e-05
 0.00000000e+00 6.48498535e-05 0.00000000e+00 9.53674316e-07
 1.02996826e-04 5.80787659e-03 0.00000000e+00 3.91006470e-05
 2.86102295e-06 1.44004822e-04 0.00000000e+00 9.53674316e-07
 1.77446365e-01 1.28364563e-03 1.05190277e-03 9.53674316e-06
 4.19044495e-03 1.90734863e-05 3.14712524e-05 9.53674316e-07
 0.00000000e+00 3.91006470e-05 0.00000000e+00 6.67572021e-06
 0.00000000e+00 1.90734863e-06 0.00000000e+00 0.00000000e+00
 9.53674316e-07 1.07765198e-03 1.04904175e-05 1.87873840e-04
 0.00000000e+00 2.17437744e-04 2.86102295e-06 9.53674316e-06
 8.96453857e-05 5.70201874e-03 1.90734863e-06 4.19616699e-05
 9.53674316e-07 1.59263611e-04 0.00000000e+00 9.53674316e-07
 1.75975800e-01 1.31320953e-03 1.02519989e-03 7.62939453e-06
 4.01973724e-03 3.52859497e-05 2.86102295e-05 0.00000000e+00
 0.00000000e+00 4.38690186e-05 0.00000000e+00 4.76837158e-06
 0.00000000e+00 7.62939453e-06 0.00000000e+00 0.00000000e+00
 5.72204590e-06 1.13201141e-03 1.14440918e-05 1.65939331e-04
 0.00000000e+00 2.23159790e-04 4.76837158e-06 6.67572021e-06]
[0.         0.         0.         0.         0.         0.
 0.         0.         0.21324921 0.         0.         0.
 0.         0.         0.         0.         0.         0.
 0.         0.         0.         0.         0.         0.
 0.         0.         0.         0.         0.         0.
 0.         0.         0.         0.         0.         0.
 0.         0.         0.         0.         0.21373272 0.
 0.         0.         0.         0.         0.         0.
 0.         0.         0.         0.         0.         0.
 0.         0.         0.         0.         0.         0.
 0.         0.         0.         0.         0.         0.
 0.         0.         0.         0.         0.         0.
 0.03669453 0.         0.         0.         0.         0.
 0.         0.         0.         0.         0.         0.
 0.         0.         0.         0.         0.         0.
 0.         0.         0.         0.         0.         0.
 0.         0.         0.         0.         0.         0.
 0.         0.         0.03695965 0.         0.         0.
 0.         0.         0.         0.         0.         0.
 0.         0.         0.         0.         0.         0.
 0.         0.         0.         0.         0.         0.
 0.         0.         0.         0.         0.         0.
 0.         0.         0.         0.         0.03640175 0.
 0.         0.         0.         0.         0.         0.
 0.         0.         0.         0.         0.         0.
 0.         0.         0.         0.         0.         0.
 0.         0.         0.         0.         0.         0.
 0.         0.         0.         0.         0.         0.
 0.03641701 0.         0.         0.         0.         0.
 0.         0.         0.         0.         0.         0.
 0.         0.         0.         0.         0.         0.
 0.         0.         0.         0.         0.         0.
 0.         0.         0.         0.         0.         0.
 0.         0.         0.21329403 0.         0.         0.
 0.         0.         0.         0.         0.         0.
 0.         0.         0.         0.         0.         0.
 0.         0.         0.         0.         0.         0.
 0.         0.         0.         0.         0.         0.
 0.         0.         0.         0.         0.21325111 0.
 0.         0.         0.         0.         0.         0.
 0.         0.         0.         0.         0.         0.
 0.         0.         0.         0.         0.         0.
 0.         0.         0.         0.        ]
[7.36236572e-04 2.74562836e-03 3.81469727e-06 1.71661377e-05
 2.67028809e-05 9.44137573e-05 9.53674316e-07 0.00000000e+00
 1.84056282e-01 2.78282166e-03 1.14631653e-03 2.19345093e-05
 6.46114349e-03 1.03950500e-04 3.24249268e-05 9.53674316e-07
 0.00000000e+00 2.76565552e-05 0.00000000e+00 9.82284546e-05
 1.52587891e-05 3.81469727e-06 9.53674316e-06 2.86102295e-06
 2.86102295e-06 2.05039978e-03 4.00543213e-05 2.40325928e-04
 0.00000000e+00 2.48908997e-04 1.90734863e-06 1.33514404e-05
 6.83784485e-04 2.74276733e-03 5.72204590e-06 1.14440918e-05
 2.09808350e-05 9.05990601e-05 0.00000000e+00 9.53674316e-07
 1.80837631e-01 2.80475616e-03 1.11770630e-03 1.90734863e-05
 6.34002686e-03 9.25064087e-05 4.19616699e-05 0.00000000e+00
 1.90734863e-06 2.47955322e-05 0.00000000e+00 1.07765198e-04
 1.04904175e-05 1.90734863e-06 1.90734863e-06 1.90734863e-06
 6.67572021e-06 2.16007233e-03 2.95639038e-05 2.05039978e-04
 0.00000000e+00 2.63214111e-04 4.76837158e-06 1.14440918e-05
 1.49726868e-04 7.08580017e-04 9.53674316e-07 2.86102295e-06
 3.81469727e-06 2.09808350e-05 0.00000000e+00 0.00000000e+00
 4.46758270e-02 6.37054443e-04 3.05175781e-04 7.62939453e-06
 1.51062012e-03 2.38418579e-05 1.14440918e-05 0.00000000e+00
 0.00000000e+00 8.58306885e-06 0.00000000e+00 2.76565552e-05
 0.00000000e+00 9.53674316e-07 0.00000000e+00 0.00000000e+00
 0.00000000e+00 5.09262085e-04 6.67572021e-06 3.91006470e-05
 0.00000000e+00 6.77108765e-05 1.90734863e-06 2.86102295e-06
 1.89781189e-04 6.74247742e-04 9.53674316e-07 1.90734863e-06
 2.86102295e-06 1.81198120e-05 0.00000000e+00 0.00000000e+00
 4.37707901e-02 6.41822815e-04 2.75611877e-04 5.72204590e-06
 1.53064728e-03 2.38418579e-05 6.67572021e-06 0.00000000e+00
 0.00000000e+00 1.04904175e-05 0.00000000e+00 2.38418579e-05
 4.76837158e-06 0.00000000e+00 9.53674316e-07 0.00000000e+00
 3.81469727e-06 4.71115112e-04 8.58306885e-06 5.14984131e-05
 0.00000000e+00 6.10351562e-05 3.81469727e-06 3.81469727e-06
 1.98364258e-04 7.43865967e-04 0.00000000e+00 5.72204590e-06
 3.81469727e-06 3.43322754e-05 0.00000000e+00 9.53674316e-07
 4.74472046e-02 7.23838806e-04 3.01361084e-04 4.76837158e-06
 1.67274475e-03 2.86102295e-05 4.76837158e-06 0.00000000e+00
 0.00000000e+00 6.67572021e-06 0.00000000e+00 3.91006470e-05
 3.81469727e-06 9.53674316e-07 9.53674316e-07 9.53674316e-07
 0.00000000e+00 5.19752502e-04 8.58306885e-06 5.62667847e-05
 0.00000000e+00 7.15255737e-05 0.00000000e+00 0.00000000e+00
 1.67846680e-04 6.86645508e-04 1.90734863e-06 5.72204590e-06
 4.76837158e-06 1.90734863e-05 0.00000000e+00 9.53674316e-07
 4.66442108e-02 7.41004944e-04 2.93731689e-04 5.72204590e-06
 1.64031982e-03 2.95639038e-05 8.58306885e-06 0.00000000e+00
 1.90734863e-06 8.58306885e-06 0.00000000e+00 2.76565552e-05
 1.90734863e-06 0.00000000e+00 9.53674316e-07 9.53674316e-07
 2.86102295e-06 4.97817993e-04 1.14440918e-05 6.38961792e-05
 0.00000000e+00 6.86645508e-05 0.00000000e+00 1.90734863e-06
 7.49588013e-04 2.85243988e-03 1.90734863e-06 2.95639038e-05
 3.52859497e-05 8.01086426e-05 0.00000000e+00 0.00000000e+00
 1.86230659e-01 2.90012360e-03 1.15299225e-03 2.00271606e-05
 6.57939911e-03 1.05857849e-04 3.81469727e-05 9.53674316e-07
 0.00000000e+00 2.67028809e-05 0.00000000e+00 1.02996826e-04
 1.62124634e-05 4.76837158e-06 0.00000000e+00 3.81469727e-06
 6.67572021e-06 2.19058990e-03 4.00543213e-05 2.19345093e-04
 0.00000000e+00 2.27928162e-04 5.72204590e-06 7.62939453e-06
 7.91549683e-04 2.66075134e-03 6.67572021e-06 2.95639038e-05
 2.67028809e-05 1.02996826e-04 0.00000000e+00 9.53674316e-07
 1.81283951e-01 2.77709961e-03 1.21402740e-03 1.23977661e-05
 6.48880005e-03 1.12533569e-04 4.00543213e-05 9.53674316e-07
 1.90734863e-06 3.43322754e-05 0.00000000e+00 1.11579895e-04
 2.86102295e-06 9.53674316e-07 3.81469727e-06 1.90734863e-06
 2.86102295e-06 2.14862823e-03 3.91006470e-05 2.34603882e-04
 0.00000000e+00 2.71797180e-04 3.81469727e-06 8.58306885e-06]
[0.         0.         0.         0.         0.         0.
 0.         0.         0.21399212 0.         0.         0.
 0.         0.         0.         0.         0.         0.
 0.         0.         0.         0.         0.         0.
 0.         0.         0.         0.         0.         0.
 0.         0.         0.         0.         0.         0.
 0.         0.         0.         0.         0.21354389 0.
 0.         0.         0.         0.         0.         0.
 0.         0.         0.         0.         0.         0.
 0.         0.         0.         0.         0.         0.
 0.         0.         0.         0.         0.         0.
 0.         0.         0.         0.         0.         0.
 0.03634167 0.         0.         0.         0.         0.
 0.         0.         0.         0.         0.         0.
 0.         0.         0.         0.         0.         0.
 0.         0.         0.         0.         0.         0.
 0.         0.         0.         0.         0.         0.
 0.         0.         0.03691959 0.         0.         0.
 0.         0.         0.         0.         0.         0.
 0.         0.         0.         0.         0.         0.
 0.         0.         0.         0.         0.         0.
 0.         0.         0.         0.         0.         0.
 0.         0.         0.         0.         0.03656101 0.
 0.         0.         0.         0.         0.         0.
 0.         0.         0.         0.         0.         0.
 0.         0.         0.         0.         0.         0.
 0.         0.         0.         0.         0.         0.
 0.         0.         0.         0.         0.         0.
 0.03649902 0.         0.         0.         0.         0.
 0.         0.         0.         0.         0.         0.
 0.         0.         0.         0.         0.         0.
 0.         0.         0.         0.         0.         0.
 0.         0.         0.         0.         0.         0.
 0.         0.         0.21338081 0.         0.         0.
 0.         0.         0.         0.         0.         0.
 0.         0.         0.         0.         0.         0.
 0.         0.         0.         0.         0.         0.
 0.         0.         0.         0.         0.         0.
 0.         0.         0.         0.         0.21276188 0.
 0.         0.         0.         0.         0.         0.
 0.         0.         0.         0.         0.         0.
 0.         0.         0.         0.         0.         0.
 0.         0.         0.         0.        ]
Fid of qvm & frp	0.10257919498693949	0.09858389586272542
.

=============================== warnings summary ===============================
tst/qvm/integration/bench_test.py::TestBenchQvmFrpV2::test_two_bench_frp[qasm-/root/projects/QASMBench/small/qec_sm_n5/qec_sm_n5.qasm,/root/projects/QASMBench/small/teleportation_n3/teleportation_n3.qasm-10]
tst/qvm/integration/bench_test.py::TestBenchQvmFrpV2::test_two_bench_frp[qasm-/root/projects/QASMBench/small/qec_sm_n5/qec_sm_n5.qasm,/root/projects/QASMBench/small/teleportation_n3/teleportation_n3.qasm-10]
  /root/anaconda3/envs/qcs-noise/lib/python3.10/site-packages/qiskit/providers/fake_provider/fake_backend.py:462: PendingDeprecationWarning: "warnings" argument will be deprecated as part of the qiskit-aer 0.12.0 and subsequently removed
    noise_model = NoiseModel.from_backend(self, warnings=False)

tst/qvm/integration/bench_test.py::TestBenchQvmFrpV2::test_two_bench_frp[qasm-/root/projects/QASMBench/small/qec_sm_n5/qec_sm_n5.qasm,/root/projects/QASMBench/small/teleportation_n3/teleportation_n3.qasm-10]
tst/qvm/integration/bench_test.py::TestBenchQvmFrpV2::test_two_bench_frp[qasm-/root/projects/QASMBench/small/qec_sm_n5/qec_sm_n5.qasm,/root/projects/QASMBench/small/teleportation_n3/teleportation_n3.qasm-10]
tst/qvm/integration/bench_test.py::TestBenchQvmFrpV2::test_two_bench_frp[qasm-/root/projects/QASMBench/small/qec_sm_n5/qec_sm_n5.qasm,/root/projects/QASMBench/small/teleportation_n3/teleportation_n3.qasm-10]
tst/qvm/integration/bench_test.py::TestBenchQvmFrpV2::test_two_bench_frp[qasm-/root/projects/QASMBench/small/qec_sm_n5/qec_sm_n5.qasm,/root/projects/QASMBench/small/teleportation_n3/teleportation_n3.qasm-10]
tst/qvm/integration/bench_test.py::TestBenchQvmFrpV2::test_two_bench_frp[qasm-/root/projects/QASMBench/small/qec_sm_n5/qec_sm_n5.qasm,/root/projects/QASMBench/small/teleportation_n3/teleportation_n3.qasm-10]
tst/qvm/integration/bench_test.py::TestBenchQvmFrpV2::test_two_bench_frp[qasm-/root/projects/QASMBench/small/qec_sm_n5/qec_sm_n5.qasm,/root/projects/QASMBench/small/teleportation_n3/teleportation_n3.qasm-10]
  /root/anaconda3/envs/qcs-noise/lib/python3.10/site-packages/qiskit_aer/noise/device/models.py:365: UserWarning: Device model returned an invalid T_2 relaxation time greater than the theoretical maximum value 2 * T_1 (210788.50669687917 > 2 * 104325.12715207216). Truncating to maximum value.
    warn("Device model returned an invalid T_2 relaxation time greater than"

tst/qvm/integration/bench_test.py::TestBenchQvmFrpV2::test_two_bench_frp[qasm-/root/projects/QASMBench/small/qec_sm_n5/qec_sm_n5.qasm,/root/projects/QASMBench/small/teleportation_n3/teleportation_n3.qasm-10]
  /root/anaconda3/envs/qcs-noise/lib/python3.10/site-packages/qiskit_aer/noise/device/models.py:365: UserWarning: Device model returned an invalid T_2 relaxation time greater than the theoretical maximum value 2 * T_1 (0.00021078850669687914 > 2 * 0.00010432512715207217). Truncating to maximum value.
    warn("Device model returned an invalid T_2 relaxation time greater than"

-- Docs: https://docs.pytest.org/en/stable/how-to/capture-warnings.html
================ 1 passed, 14 deselected, 9 warnings in 57.10s =================
