Randomly selected files:
/root/projects/QASMBench/small/cat_state_n4/cat_state_n4.qasm,/root/projects/QASMBench/small/adder_n10/adder_n10.qasm
============================= test session starts ==============================
platform linux -- Python 3.10.6, pytest-7.2.0, pluggy-1.0.0
rootdir: /root/projects/qcs
plugins: anyio-3.6.2
collected 15 items / 14 deselected / 1 selected

tst/qvm/integration/bench_test.py [1.41448975e-02 1.65939331e-04 8.58306885e-05 ... 0.00000000e+00
 0.00000000e+00 0.00000000e+00]
[0. 0. 0. ... 0. 0. 0.]
[8.90636444e-03 1.81198120e-04 7.34329224e-05 ... 0.00000000e+00
 0.00000000e+00 0.00000000e+00]
[0. 0. 0. ... 0. 0. 0.]
Fid of qvm & frp	1.4048319341947941	1.1368851116876475
.

=============================== warnings summary ===============================
tst/qvm/integration/bench_test.py::TestBenchQvmFrpV2::test_two_bench_frp[qasm-/root/projects/QASMBench/small/cat_state_n4/cat_state_n4.qasm,/root/projects/QASMBench/small/adder_n10/adder_n10.qasm-10]
tst/qvm/integration/bench_test.py::TestBenchQvmFrpV2::test_two_bench_frp[qasm-/root/projects/QASMBench/small/cat_state_n4/cat_state_n4.qasm,/root/projects/QASMBench/small/adder_n10/adder_n10.qasm-10]
  /root/anaconda3/envs/qcs-noise/lib/python3.10/site-packages/qiskit/providers/fake_provider/fake_backend.py:462: PendingDeprecationWarning: "warnings" argument will be deprecated as part of the qiskit-aer 0.12.0 and subsequently removed
    noise_model = NoiseModel.from_backend(self, warnings=False)

tst/qvm/integration/bench_test.py::TestBenchQvmFrpV2::test_two_bench_frp[qasm-/root/projects/QASMBench/small/cat_state_n4/cat_state_n4.qasm,/root/projects/QASMBench/small/adder_n10/adder_n10.qasm-10]
tst/qvm/integration/bench_test.py::TestBenchQvmFrpV2::test_two_bench_frp[qasm-/root/projects/QASMBench/small/cat_state_n4/cat_state_n4.qasm,/root/projects/QASMBench/small/adder_n10/adder_n10.qasm-10]
tst/qvm/integration/bench_test.py::TestBenchQvmFrpV2::test_two_bench_frp[qasm-/root/projects/QASMBench/small/cat_state_n4/cat_state_n4.qasm,/root/projects/QASMBench/small/adder_n10/adder_n10.qasm-10]
tst/qvm/integration/bench_test.py::TestBenchQvmFrpV2::test_two_bench_frp[qasm-/root/projects/QASMBench/small/cat_state_n4/cat_state_n4.qasm,/root/projects/QASMBench/small/adder_n10/adder_n10.qasm-10]
tst/qvm/integration/bench_test.py::TestBenchQvmFrpV2::test_two_bench_frp[qasm-/root/projects/QASMBench/small/cat_state_n4/cat_state_n4.qasm,/root/projects/QASMBench/small/adder_n10/adder_n10.qasm-10]
tst/qvm/integration/bench_test.py::TestBenchQvmFrpV2::test_two_bench_frp[qasm-/root/projects/QASMBench/small/cat_state_n4/cat_state_n4.qasm,/root/projects/QASMBench/small/adder_n10/adder_n10.qasm-10]
tst/qvm/integration/bench_test.py::TestBenchQvmFrpV2::test_two_bench_frp[qasm-/root/projects/QASMBench/small/cat_state_n4/cat_state_n4.qasm,/root/projects/QASMBench/small/adder_n10/adder_n10.qasm-10]
tst/qvm/integration/bench_test.py::TestBenchQvmFrpV2::test_two_bench_frp[qasm-/root/projects/QASMBench/small/cat_state_n4/cat_state_n4.qasm,/root/projects/QASMBench/small/adder_n10/adder_n10.qasm-10]
  /root/anaconda3/envs/qcs-noise/lib/python3.10/site-packages/qiskit_aer/noise/device/models.py:365: UserWarning: Device model returned an invalid T_2 relaxation time greater than the theoretical maximum value 2 * T_1 (210788.50669687917 > 2 * 104325.12715207216). Truncating to maximum value.
    warn("Device model returned an invalid T_2 relaxation time greater than"

tst/qvm/integration/bench_test.py::TestBenchQvmFrpV2::test_two_bench_frp[qasm-/root/projects/QASMBench/small/cat_state_n4/cat_state_n4.qasm,/root/projects/QASMBench/small/adder_n10/adder_n10.qasm-10]
  /root/anaconda3/envs/qcs-noise/lib/python3.10/site-packages/qiskit_aer/noise/device/models.py:365: UserWarning: Device model returned an invalid T_2 relaxation time greater than the theoretical maximum value 2 * T_1 (0.00021078850669687914 > 2 * 0.00010432512715207217). Truncating to maximum value.
    warn("Device model returned an invalid T_2 relaxation time greater than"

tst/qvm/integration/bench_test.py::TestBenchQvmFrpV2::test_two_bench_frp[qasm-/root/projects/QASMBench/small/cat_state_n4/cat_state_n4.qasm,/root/projects/QASMBench/small/adder_n10/adder_n10.qasm-10]
tst/qvm/integration/bench_test.py::TestBenchQvmFrpV2::test_two_bench_frp[qasm-/root/projects/QASMBench/small/cat_state_n4/cat_state_n4.qasm,/root/projects/QASMBench/small/adder_n10/adder_n10.qasm-10]
tst/qvm/integration/bench_test.py::TestBenchQvmFrpV2::test_two_bench_frp[qasm-/root/projects/QASMBench/small/cat_state_n4/cat_state_n4.qasm,/root/projects/QASMBench/small/adder_n10/adder_n10.qasm-10]
tst/qvm/integration/bench_test.py::TestBenchQvmFrpV2::test_two_bench_frp[qasm-/root/projects/QASMBench/small/cat_state_n4/cat_state_n4.qasm,/root/projects/QASMBench/small/adder_n10/adder_n10.qasm-10]
tst/qvm/integration/bench_test.py::TestBenchQvmFrpV2::test_two_bench_frp[qasm-/root/projects/QASMBench/small/cat_state_n4/cat_state_n4.qasm,/root/projects/QASMBench/small/adder_n10/adder_n10.qasm-10]
tst/qvm/integration/bench_test.py::TestBenchQvmFrpV2::test_two_bench_frp[qasm-/root/projects/QASMBench/small/cat_state_n4/cat_state_n4.qasm,/root/projects/QASMBench/small/adder_n10/adder_n10.qasm-10]
  /root/anaconda3/envs/qcs-noise/lib/python3.10/site-packages/qiskit_aer/noise/device/models.py:365: UserWarning: Device model returned an invalid T_2 relaxation time greater than the theoretical maximum value 2 * T_1 (196328.6961892367 > 2 * 96478.49546055387). Truncating to maximum value.
    warn("Device model returned an invalid T_2 relaxation time greater than"

tst/qvm/integration/bench_test.py::TestBenchQvmFrpV2::test_two_bench_frp[qasm-/root/projects/QASMBench/small/cat_state_n4/cat_state_n4.qasm,/root/projects/QASMBench/small/adder_n10/adder_n10.qasm-10]
  /root/anaconda3/envs/qcs-noise/lib/python3.10/site-packages/qiskit_aer/noise/device/models.py:365: UserWarning: Device model returned an invalid T_2 relaxation time greater than the theoretical maximum value 2 * T_1 (0.00019632869618923672 > 2 * 9.647849546055387e-05). Truncating to maximum value.
    warn("Device model returned an invalid T_2 relaxation time greater than"

-- Docs: https://docs.pytest.org/en/stable/how-to/capture-warnings.html
========== 1 passed, 14 deselected, 18 warnings in 270.06s (0:04:30) ===========
