Randomly selected files:
/root/projects/QASMBench/small/basis_trotter_n4/basis_trotter_n4.qasm,/root/projects/QASMBench/small/qec_sm_n5/qec_sm_n5.qasm
============================= test session starts ==============================
platform linux -- Python 3.10.6, pytest-7.2.0, pluggy-1.0.0
rootdir: /root/projects/qcs
plugins: anyio-3.6.2
collected 15 items / 14 deselected / 1 selected

tst/qvm/integration/bench_test.py [3.40461731e-04 1.69754028e-04 1.79290771e-04 1.22070312e-04
 1.43051147e-04 1.09672546e-04 1.26838684e-04 9.82284546e-05
 1.66893005e-04 1.37329102e-04 1.17301941e-04 1.04904175e-04
 1.07765198e-04 7.91549683e-05 9.91821289e-05 6.19888306e-05
 2.06947327e-03 1.11484528e-03 1.13964081e-03 7.20977783e-04
 1.00612640e-03 6.54220581e-04 8.58306885e-04 6.12258911e-04
 1.16634369e-03 8.26835632e-04 8.18252563e-04 5.96046448e-04
 7.06672668e-04 5.65528870e-04 6.38961792e-04 5.79833984e-04
 6.67572021e-06 5.72204590e-06 1.90734863e-06 9.53674316e-07
 3.81469727e-06 9.53674316e-07 2.86102295e-06 9.53674316e-07
 1.90734863e-06 1.90734863e-06 9.53674316e-07 1.90734863e-06
 1.90734863e-06 9.53674316e-07 4.76837158e-06 9.53674316e-07
 4.10079956e-05 1.90734863e-05 2.57492065e-05 1.43051147e-05
 1.33514404e-05 1.14440918e-05 1.04904175e-05 1.52587891e-05
 1.23977661e-05 8.58306885e-06 1.14440918e-05 9.53674316e-06
 9.53674316e-06 1.04904175e-05 1.33514404e-05 1.04904175e-05
 3.71932983e-05 1.71661377e-05 1.43051147e-05 9.53674316e-06
 1.52587891e-05 2.09808350e-05 9.53674316e-06 1.33514404e-05
 1.90734863e-05 1.90734863e-05 2.09808350e-05 8.58306885e-06
 1.23977661e-05 1.04904175e-05 5.72204590e-06 5.72204590e-06
 2.26974487e-04 1.40190125e-04 1.23977661e-04 9.15527344e-05
 1.12533569e-04 7.43865967e-05 9.82284546e-05 7.24792480e-05
 1.24931335e-04 9.44137573e-05 8.77380371e-05 8.10623169e-05
 8.58306885e-05 6.19888306e-05 7.34329224e-05 4.86373901e-05
 0.00000000e+00 9.53674316e-07 0.00000000e+00 0.00000000e+00
 0.00000000e+00 0.00000000e+00 0.00000000e+00 0.00000000e+00
 0.00000000e+00 0.00000000e+00 9.53674316e-07 0.00000000e+00
 0.00000000e+00 0.00000000e+00 0.00000000e+00 0.00000000e+00
 1.90734863e-06 0.00000000e+00 1.90734863e-06 9.53674316e-07
 4.76837158e-06 1.90734863e-06 2.86102295e-06 2.86102295e-06
 2.86102295e-06 2.86102295e-06 1.90734863e-06 9.53674316e-07
 1.90734863e-06 9.53674316e-07 1.90734863e-06 0.00000000e+00
 1.19826317e-01 2.92110443e-03 2.87532806e-03 1.90830231e-03
 2.76756287e-03 1.83677673e-03 2.18200684e-03 1.52492523e-03
 2.95543671e-03 2.12287903e-03 2.17819214e-03 1.48773193e-03
 1.87587738e-03 1.44863129e-03 1.63269043e-03 1.35612488e-03
 7.16972351e-03 6.33468628e-02 6.32219315e-02 4.19607162e-02
 6.03199005e-02 3.91912460e-02 4.83121872e-02 3.36828232e-02
 6.38427734e-02 4.56600189e-02 4.75673676e-02 3.42712402e-02
 4.14791107e-02 3.18546295e-02 3.54242325e-02 2.99720764e-02
 1.86443329e-03 4.19616699e-05 4.29153442e-05 4.00543213e-05
 4.76837158e-05 2.67028809e-05 2.67028809e-05 1.33514404e-05
 4.95910645e-05 1.81198120e-05 4.29153442e-05 2.09808350e-05
 2.19345093e-05 2.19345093e-05 2.28881836e-05 2.28881836e-05
 1.11579895e-04 9.14573669e-04 9.35554504e-04 6.25610352e-04
 8.78334045e-04 5.80787659e-04 7.23838806e-04 4.90188599e-04
 9.38415527e-04 6.91413879e-04 6.67572021e-04 5.24520874e-04
 6.38008118e-04 4.77790833e-04 5.31196594e-04 4.46319580e-04
 1.35898590e-02 3.16619873e-04 3.33786011e-04 2.05993652e-04
 3.19480896e-04 1.71661377e-04 2.54631042e-04 1.73568726e-04
 3.21388245e-04 2.30789185e-04 2.34603882e-04 1.82151794e-04
 1.97410583e-04 1.89781189e-04 1.92642212e-04 1.48773193e-04
 7.88688660e-04 7.37094879e-03 7.06577301e-03 4.83608246e-03
 6.79206848e-03 4.28962708e-03 5.58280945e-03 3.78894806e-03
 7.15446472e-03 5.39016724e-03 5.38349152e-03 3.78131866e-03
 4.62150574e-03 3.58390808e-03 4.15420532e-03 3.51715088e-03
 1.91688538e-04 7.62939453e-06 7.62939453e-06 1.90734863e-06
 3.81469727e-06 9.53674316e-07 1.90734863e-06 1.90734863e-06
 1.14440918e-05 4.76837158e-06 4.76837158e-06 9.53674316e-07
 5.72204590e-06 9.53674316e-07 2.86102295e-06 3.81469727e-06
 1.14440918e-05 9.53674316e-05 1.26838684e-04 8.29696655e-05
 1.09672546e-04 6.48498535e-05 7.62939453e-05 4.95910645e-05
 9.34600830e-05 7.15255737e-05 8.10623169e-05 5.43594360e-05
 7.05718994e-05 4.86373901e-05 7.72476196e-05 4.38690186e-05
 9.53674316e-07 4.76837158e-06 6.67572021e-06 1.90734863e-06
 3.81469727e-06 0.00000000e+00 7.62939453e-06 0.00000000e+00
 4.76837158e-06 4.76837158e-06 2.86102295e-06 0.00000000e+00
 4.76837158e-06 3.81469727e-06 5.72204590e-06 3.81469727e-06
 8.10623169e-05 2.57492065e-05 2.47955322e-05 1.90734863e-05
 4.19616699e-05 2.00271606e-05 2.67028809e-05 1.81198120e-05
 3.33786011e-05 2.86102295e-05 2.47955322e-05 1.33514404e-05
 1.90734863e-05 1.52587891e-05 1.52587891e-05 1.52587891e-05
 2.86102295e-06 9.53674316e-06 9.53674316e-06 6.67572021e-06
 9.53674316e-06 6.67572021e-06 6.67572021e-06 3.81469727e-06
 1.43051147e-05 1.14440918e-05 8.58306885e-06 2.86102295e-06
 6.67572021e-06 3.81469727e-06 6.67572021e-06 4.76837158e-06
 4.20570374e-04 2.14576721e-04 2.07901001e-04 1.48773193e-04
 2.13623047e-04 1.42097473e-04 1.62124634e-04 1.04904175e-04
 2.17437744e-04 1.45912170e-04 1.83105469e-04 1.12533569e-04
 1.47819519e-04 1.16348267e-04 1.42097473e-04 1.18255615e-04
 4.76837158e-06 0.00000000e+00 9.53674316e-07 9.53674316e-07
 0.00000000e+00 9.53674316e-07 0.00000000e+00 0.00000000e+00
 0.00000000e+00 0.00000000e+00 0.00000000e+00 9.53674316e-07
 0.00000000e+00 9.53674316e-07 0.00000000e+00 0.00000000e+00
 1.04904175e-05 1.04904175e-05 5.72204590e-06 4.76837158e-06
 8.58306885e-06 9.53674316e-07 3.81469727e-06 1.90734863e-06
 8.58306885e-06 5.72204590e-06 9.53674316e-07 2.86102295e-06
 1.90734863e-06 2.86102295e-06 1.90734863e-06 2.86102295e-06
 2.00271606e-05 9.53674316e-07 9.53674316e-07 0.00000000e+00
 9.53674316e-07 0.00000000e+00 1.90734863e-06 1.90734863e-06
 4.76837158e-06 0.00000000e+00 0.00000000e+00 0.00000000e+00
 0.00000000e+00 0.00000000e+00 9.53674316e-07 1.90734863e-06
 4.67300415e-05 2.57492065e-05 1.81198120e-05 1.43051147e-05
 2.09808350e-05 1.62124634e-05 2.47955322e-05 1.23977661e-05
 2.28881836e-05 1.81198120e-05 2.00271606e-05 3.81469727e-06
 1.71661377e-05 1.81198120e-05 9.53674316e-06 1.43051147e-05
 2.47955322e-05 7.05718994e-05 7.43865967e-05 4.10079956e-05
 7.91549683e-05 4.48226929e-05 4.67300415e-05 3.24249268e-05
 7.82012939e-05 6.10351562e-05 7.62939453e-05 4.57763672e-05
 6.19888306e-05 2.95639038e-05 3.14712524e-05 3.91006470e-05
 3.27301025e-03 1.70803070e-03 1.79100037e-03 1.09672546e-03
 1.62029266e-03 1.03855133e-03 1.31320953e-03 9.15527344e-04
 1.75476074e-03 1.22737885e-03 1.33419037e-03 9.55581665e-04
 1.14727020e-03 8.34465027e-04 9.33647156e-04 7.96318054e-04
 1.46865845e-04 1.33514404e-05 1.33514404e-05 1.23977661e-05
 8.58306885e-06 5.72204590e-06 1.62124634e-05 1.33514404e-05
 8.58306885e-06 8.58306885e-06 1.43051147e-05 1.04904175e-05
 6.67572021e-06 7.62939453e-06 4.76837158e-06 6.67572021e-06
 5.50270081e-04 2.80380249e-04 2.92778015e-04 1.97410583e-04
 2.60353088e-04 1.86920166e-04 2.20298767e-04 1.39236450e-04
 3.02314758e-04 1.96456909e-04 2.11715698e-04 1.68800354e-04
 1.76429749e-04 1.41143799e-04 2.01225281e-04 1.44004822e-04
 1.90734863e-06 1.81198120e-05 9.53674316e-06 1.04904175e-05
 1.43051147e-05 4.76837158e-06 1.04904175e-05 4.76837158e-06
 9.53674316e-06 1.04904175e-05 5.72204590e-06 5.72204590e-06
 4.76837158e-06 6.67572021e-06 7.62939453e-06 7.62939453e-06
 5.01632690e-04 2.75611877e-04 2.34603882e-04 1.52587891e-04
 2.47001648e-04 1.86920166e-04 2.39372253e-04 1.33514404e-04
 2.77519226e-04 1.92642212e-04 1.87873840e-04 1.51634216e-04
 1.79290771e-04 1.34468079e-04 1.58309937e-04 1.37329102e-04
 2.19345093e-05 1.90734863e-06 2.86102295e-06 2.86102295e-06
 9.53674316e-07 0.00000000e+00 2.86102295e-06 2.86102295e-06
 2.86102295e-06 9.53674316e-07 1.90734863e-06 9.53674316e-07
 1.90734863e-06 0.00000000e+00 9.53674316e-07 0.00000000e+00
 5.81741333e-05 3.05175781e-05 3.81469727e-05 2.67028809e-05
 3.33786011e-05 1.81198120e-05 3.05175781e-05 6.67572021e-06
 3.71932983e-05 2.86102295e-05 3.05175781e-05 2.67028809e-05
 2.57492065e-05 1.90734863e-05 1.71661377e-05 1.04904175e-05]
[0. 0. 0. 0. 0. 0. 0. 0. 0. 0. 0. 0. 0. 0. 0. 0. 0. 0. 0. 0. 0. 0. 0. 0.
 0. 0. 0. 0. 0. 0. 0. 0. 0. 0. 0. 0. 0. 0. 0. 0. 0. 0. 0. 0. 0. 0. 0. 0.
 0. 0. 0. 0. 0. 0. 0. 0. 0. 0. 0. 0. 0. 0. 0. 0. 0. 0. 0. 0. 0. 0. 0. 0.
 0. 0. 0. 0. 0. 0. 0. 0. 0. 0. 0. 0. 0. 0. 0. 0. 0. 0. 0. 0. 0. 0. 0. 0.
 0. 0. 0. 0. 0. 0. 0. 0. 0. 0. 0. 0. 0. 0. 0. 0. 0. 0. 0. 0. 0. 0. 0. 0.
 0. 0. 0. 0. 0. 0. 0. 0. 1. 0. 0. 0. 0. 0. 0. 0. 0. 0. 0. 0. 0. 0. 0. 0.
 0. 0. 0. 0. 0. 0. 0. 0. 0. 0. 0. 0. 0. 0. 0. 0. 0. 0. 0. 0. 0. 0. 0. 0.
 0. 0. 0. 0. 0. 0. 0. 0. 0. 0. 0. 0. 0. 0. 0. 0. 0. 0. 0. 0. 0. 0. 0. 0.
 0. 0. 0. 0. 0. 0. 0. 0. 0. 0. 0. 0. 0. 0. 0. 0. 0. 0. 0. 0. 0. 0. 0. 0.
 0. 0. 0. 0. 0. 0. 0. 0. 0. 0. 0. 0. 0. 0. 0. 0. 0. 0. 0. 0. 0. 0. 0. 0.
 0. 0. 0. 0. 0. 0. 0. 0. 0. 0. 0. 0. 0. 0. 0. 0. 0. 0. 0. 0. 0. 0. 0. 0.
 0. 0. 0. 0. 0. 0. 0. 0. 0. 0. 0. 0. 0. 0. 0. 0. 0. 0. 0. 0. 0. 0. 0. 0.
 0. 0. 0. 0. 0. 0. 0. 0. 0. 0. 0. 0. 0. 0. 0. 0. 0. 0. 0. 0. 0. 0. 0. 0.
 0. 0. 0. 0. 0. 0. 0. 0. 0. 0. 0. 0. 0. 0. 0. 0. 0. 0. 0. 0. 0. 0. 0. 0.
 0. 0. 0. 0. 0. 0. 0. 0. 0. 0. 0. 0. 0. 0. 0. 0. 0. 0. 0. 0. 0. 0. 0. 0.
 0. 0. 0. 0. 0. 0. 0. 0. 0. 0. 0. 0. 0. 0. 0. 0. 0. 0. 0. 0. 0. 0. 0. 0.
 0. 0. 0. 0. 0. 0. 0. 0. 0. 0. 0. 0. 0. 0. 0. 0. 0. 0. 0. 0. 0. 0. 0. 0.
 0. 0. 0. 0. 0. 0. 0. 0. 0. 0. 0. 0. 0. 0. 0. 0. 0. 0. 0. 0. 0. 0. 0. 0.
 0. 0. 0. 0. 0. 0. 0. 0. 0. 0. 0. 0. 0. 0. 0. 0. 0. 0. 0. 0. 0. 0. 0. 0.
 0. 0. 0. 0. 0. 0. 0. 0. 0. 0. 0. 0. 0. 0. 0. 0. 0. 0. 0. 0. 0. 0. 0. 0.
 0. 0. 0. 0. 0. 0. 0. 0. 0. 0. 0. 0. 0. 0. 0. 0. 0. 0. 0. 0. 0. 0. 0. 0.
 0. 0. 0. 0. 0. 0. 0. 0.]
[1.38282776e-04 6.29425049e-05 6.77108765e-05 4.29153442e-05
 6.29425049e-05 4.38690186e-05 6.00814819e-05 3.33786011e-05
 6.77108765e-05 5.81741333e-05 4.10079956e-05 2.76565552e-05
 3.14712524e-05 2.38418579e-05 2.76565552e-05 2.57492065e-05
 3.64494324e-03 2.00748444e-03 1.93214417e-03 1.25217438e-03
 2.00939178e-03 1.44386292e-03 1.38950348e-03 1.06430054e-03
 1.96838379e-03 1.38759613e-03 1.45721436e-03 1.01375580e-03
 1.29318237e-03 1.07765198e-03 1.05953217e-03 8.56399536e-04
 1.52587891e-05 5.72204590e-06 3.81469727e-06 4.76837158e-06
 1.04904175e-05 6.67572021e-06 2.86102295e-06 1.90734863e-06
 1.23977661e-05 8.58306885e-06 3.81469727e-06 2.86102295e-06
 9.53674316e-07 2.86102295e-06 7.62939453e-06 1.90734863e-06
 3.97682190e-04 2.25067139e-04 2.23159790e-04 1.35421753e-04
 2.26020813e-04 1.59263611e-04 1.57356262e-04 1.05857849e-04
 2.47001648e-04 1.54495239e-04 1.53541565e-04 1.08718872e-04
 1.34468079e-04 1.07765198e-04 1.21116638e-04 1.01089478e-04
 1.90734863e-06 0.00000000e+00 3.81469727e-06 1.90734863e-06
 2.86102295e-06 3.81469727e-06 2.86102295e-06 9.53674316e-07
 3.81469727e-06 4.76837158e-06 2.86102295e-06 3.81469727e-06
 9.53674316e-07 9.53674316e-07 9.53674316e-07 1.90734863e-06
 2.40325928e-04 1.14440918e-04 1.13487244e-04 8.29696655e-05
 1.35421753e-04 8.20159912e-05 8.29696655e-05 5.72204590e-05
 1.19209290e-04 6.29425049e-05 8.86917114e-05 4.95910645e-05
 8.10623169e-05 6.58035278e-05 5.81741333e-05 5.81741333e-05
 1.90734863e-06 9.53674316e-07 0.00000000e+00 1.90734863e-06
 0.00000000e+00 0.00000000e+00 0.00000000e+00 0.00000000e+00
 0.00000000e+00 0.00000000e+00 9.53674316e-07 0.00000000e+00
 9.53674316e-07 0.00000000e+00 0.00000000e+00 0.00000000e+00
 1.62124634e-05 1.52587891e-05 1.52587891e-05 5.72204590e-06
 1.04904175e-05 9.53674316e-06 9.53674316e-06 7.62939453e-06
 1.23977661e-05 8.58306885e-06 1.62124634e-05 3.81469727e-06
 4.76837158e-06 6.67572021e-06 6.67572021e-06 6.67572021e-06
 1.15964890e-01 1.47724152e-03 1.38950348e-03 9.65118408e-04
 1.42574310e-03 1.03187561e-03 1.10721588e-03 7.70568848e-04
 1.47533417e-03 1.04522705e-03 1.02806091e-03 6.96182251e-04
 9.46044922e-04 7.89642334e-04 7.86781311e-04 5.93185425e-04
 3.03649902e-03 6.33907318e-02 6.08930588e-02 3.97615433e-02
 6.34269714e-02 4.59260941e-02 4.52289581e-02 3.36828232e-02
 6.38341904e-02 4.34103012e-02 4.52117920e-02 3.17792892e-02
 4.13208008e-02 3.29017639e-02 3.36351395e-02 2.82220840e-02
 1.32427216e-02 1.57356262e-04 1.49726868e-04 1.06811523e-04
 1.53541565e-04 1.32560730e-04 1.23977661e-04 9.15527344e-05
 1.43051147e-04 9.91821289e-05 1.22070312e-04 8.39233398e-05
 1.06811523e-04 1.03950500e-04 9.63211060e-05 6.77108765e-05
 3.35693359e-04 7.25460052e-03 6.94656372e-03 4.46891785e-03
 7.18688965e-03 5.24997711e-03 5.09262085e-03 3.84712219e-03
 7.24983215e-03 4.95815277e-03 5.09452820e-03 3.68976593e-03
 4.81987000e-03 3.80802155e-03 3.77082825e-03 3.20529938e-03
 6.90555573e-03 9.05990601e-05 7.43865967e-05 5.72204590e-05
 8.58306885e-05 6.58035278e-05 6.00814819e-05 5.72204590e-05
 7.62939453e-05 4.38690186e-05 6.29425049e-05 4.95910645e-05
 4.86373901e-05 3.91006470e-05 5.14984131e-05 3.62396240e-05
 1.82151794e-04 3.87477875e-03 3.61919403e-03 2.41470337e-03
 3.79943848e-03 2.69985199e-03 2.68173218e-03 2.08187103e-03
 3.89766693e-03 2.65216827e-03 2.64644623e-03 1.88350677e-03
 2.42614746e-03 2.02560425e-03 1.99127197e-03 1.72901154e-03
 8.05854797e-04 9.53674316e-06 1.14440918e-05 5.72204590e-06
 2.00271606e-05 9.53674316e-06 7.62939453e-06 3.81469727e-06
 4.76837158e-06 7.62939453e-06 6.67572021e-06 2.86102295e-06
 6.67572021e-06 6.67572021e-06 9.53674316e-07 3.81469727e-06
 1.43051147e-05 4.63485718e-04 4.52995300e-04 2.56538391e-04
 4.21524048e-04 2.74658203e-04 3.18527222e-04 2.28881836e-04
 4.32014465e-04 2.88963318e-04 3.09944153e-04 2.02178955e-04
 2.80380249e-04 2.45094299e-04 2.38418579e-04 2.09808350e-04
 0.00000000e+00 1.90734863e-06 0.00000000e+00 0.00000000e+00
 0.00000000e+00 0.00000000e+00 0.00000000e+00 9.53674316e-07
 9.53674316e-07 0.00000000e+00 0.00000000e+00 0.00000000e+00
 0.00000000e+00 0.00000000e+00 9.53674316e-07 9.53674316e-07
 1.90734863e-05 1.62124634e-05 1.90734863e-05 1.04904175e-05
 2.47955322e-05 1.62124634e-05 1.81198120e-05 1.43051147e-05
 1.71661377e-05 1.71661377e-05 1.71661377e-05 1.71661377e-05
 1.23977661e-05 1.90734863e-05 1.04904175e-05 1.23977661e-05
 0.00000000e+00 0.00000000e+00 0.00000000e+00 0.00000000e+00
 0.00000000e+00 0.00000000e+00 9.53674316e-07 0.00000000e+00
 0.00000000e+00 0.00000000e+00 0.00000000e+00 0.00000000e+00
 0.00000000e+00 0.00000000e+00 0.00000000e+00 0.00000000e+00
 2.86102295e-06 2.86102295e-06 3.81469727e-06 9.53674316e-07
 9.53674316e-06 7.62939453e-06 1.90734863e-06 3.81469727e-06
 1.90734863e-06 2.86102295e-06 5.72204590e-06 9.53674316e-07
 5.72204590e-06 1.90734863e-06 4.76837158e-06 2.86102295e-06
 9.53674316e-07 0.00000000e+00 0.00000000e+00 0.00000000e+00
 9.53674316e-07 9.53674316e-07 0.00000000e+00 0.00000000e+00
 0.00000000e+00 0.00000000e+00 0.00000000e+00 9.53674316e-07
 0.00000000e+00 0.00000000e+00 0.00000000e+00 0.00000000e+00
 4.67300415e-05 7.62939453e-06 1.33514404e-05 3.81469727e-06
 1.04904175e-05 4.76837158e-06 5.72204590e-06 2.86102295e-06
 1.14440918e-05 4.76837158e-06 2.86102295e-06 3.81469727e-06
 5.72204590e-06 1.90734863e-06 5.72204590e-06 1.90734863e-06
 0.00000000e+00 0.00000000e+00 0.00000000e+00 0.00000000e+00
 0.00000000e+00 0.00000000e+00 0.00000000e+00 0.00000000e+00
 0.00000000e+00 0.00000000e+00 0.00000000e+00 0.00000000e+00
 0.00000000e+00 0.00000000e+00 0.00000000e+00 0.00000000e+00
 1.43051147e-05 0.00000000e+00 9.53674316e-07 1.90734863e-06
 2.86102295e-06 9.53674316e-07 9.53674316e-07 0.00000000e+00
 9.53674316e-07 9.53674316e-07 1.90734863e-06 9.53674316e-07
 9.53674316e-07 0.00000000e+00 9.53674316e-07 0.00000000e+00
 7.62939453e-06 1.81198120e-05 1.62124634e-05 6.67572021e-06
 2.00271606e-05 1.81198120e-05 1.14440918e-05 7.62939453e-06
 2.19345093e-05 1.04904175e-05 1.23977661e-05 7.62939453e-06
 1.43051147e-05 9.53674316e-06 6.67572021e-06 7.62939453e-06
 3.59535217e-04 7.53402710e-04 7.18116760e-04 4.52995300e-04
 7.19070435e-04 5.12123108e-04 4.85420227e-04 3.71932983e-04
 7.46726990e-04 4.59671021e-04 5.09262085e-04 3.70979309e-04
 4.91142273e-04 3.78608704e-04 3.68118286e-04 3.50952148e-04
 3.14712524e-05 7.62939453e-06 4.76837158e-06 9.53674316e-07
 3.81469727e-06 1.90734863e-06 4.76837158e-06 1.90734863e-06
 1.90734863e-06 9.53674316e-07 1.90734863e-06 9.53674316e-07
 9.53674316e-07 3.81469727e-06 2.86102295e-06 4.76837158e-06
 1.36184692e-03 2.11715698e-04 1.94549561e-04 1.36375427e-04
 2.15530396e-04 1.42097473e-04 1.48773193e-04 9.82284546e-05
 1.98364258e-04 1.42097473e-04 1.22070312e-04 1.03950500e-04
 1.36375427e-04 1.02043152e-04 1.12533569e-04 8.77380371e-05
 1.90734863e-06 2.86102295e-06 4.76837158e-06 6.67572021e-06
 8.58306885e-06 6.67572021e-06 5.72204590e-06 2.86102295e-06
 6.67572021e-06 2.86102295e-06 5.72204590e-06 6.67572021e-06
 3.81469727e-06 2.86102295e-06 6.67572021e-06 1.90734863e-06
 8.77380371e-05 3.29971313e-04 3.03268433e-04 1.91688538e-04
 3.22341919e-04 2.16484070e-04 2.08854675e-04 1.35421753e-04
 3.36647034e-04 1.84059143e-04 1.82151794e-04 1.76429749e-04
 1.89781189e-04 1.44958496e-04 1.57356262e-04 1.64985657e-04
 1.62124634e-05 1.90734863e-06 0.00000000e+00 9.53674316e-07
 0.00000000e+00 9.53674316e-07 0.00000000e+00 9.53674316e-07
 9.53674316e-07 0.00000000e+00 0.00000000e+00 0.00000000e+00
 9.53674316e-07 0.00000000e+00 1.90734863e-06 0.00000000e+00
 5.22613525e-04 4.10079956e-05 3.43322754e-05 3.05175781e-05
 4.76837158e-05 2.95639038e-05 2.67028809e-05 2.47955322e-05
 3.71932983e-05 2.28881836e-05 2.38418579e-05 2.00271606e-05
 2.47955322e-05 1.71661377e-05 1.71661377e-05 2.47955322e-05]
[0. 0. 0. 0. 0. 0. 0. 0. 0. 0. 0. 0. 0. 0. 0. 0. 0. 0. 0. 0. 0. 0. 0. 0.
 0. 0. 0. 0. 0. 0. 0. 0. 0. 0. 0. 0. 0. 0. 0. 0. 0. 0. 0. 0. 0. 0. 0. 0.
 0. 0. 0. 0. 0. 0. 0. 0. 0. 0. 0. 0. 0. 0. 0. 0. 0. 0. 0. 0. 0. 0. 0. 0.
 0. 0. 0. 0. 0. 0. 0. 0. 0. 0. 0. 0. 0. 0. 0. 0. 0. 0. 0. 0. 0. 0. 0. 0.
 0. 0. 0. 0. 0. 0. 0. 0. 0. 0. 0. 0. 0. 0. 0. 0. 0. 0. 0. 0. 0. 0. 0. 0.
 0. 0. 0. 0. 0. 0. 0. 0. 1. 0. 0. 0. 0. 0. 0. 0. 0. 0. 0. 0. 0. 0. 0. 0.
 0. 0. 0. 0. 0. 0. 0. 0. 0. 0. 0. 0. 0. 0. 0. 0. 0. 0. 0. 0. 0. 0. 0. 0.
 0. 0. 0. 0. 0. 0. 0. 0. 0. 0. 0. 0. 0. 0. 0. 0. 0. 0. 0. 0. 0. 0. 0. 0.
 0. 0. 0. 0. 0. 0. 0. 0. 0. 0. 0. 0. 0. 0. 0. 0. 0. 0. 0. 0. 0. 0. 0. 0.
 0. 0. 0. 0. 0. 0. 0. 0. 0. 0. 0. 0. 0. 0. 0. 0. 0. 0. 0. 0. 0. 0. 0. 0.
 0. 0. 0. 0. 0. 0. 0. 0. 0. 0. 0. 0. 0. 0. 0. 0. 0. 0. 0. 0. 0. 0. 0. 0.
 0. 0. 0. 0. 0. 0. 0. 0. 0. 0. 0. 0. 0. 0. 0. 0. 0. 0. 0. 0. 0. 0. 0. 0.
 0. 0. 0. 0. 0. 0. 0. 0. 0. 0. 0. 0. 0. 0. 0. 0. 0. 0. 0. 0. 0. 0. 0. 0.
 0. 0. 0. 0. 0. 0. 0. 0. 0. 0. 0. 0. 0. 0. 0. 0. 0. 0. 0. 0. 0. 0. 0. 0.
 0. 0. 0. 0. 0. 0. 0. 0. 0. 0. 0. 0. 0. 0. 0. 0. 0. 0. 0. 0. 0. 0. 0. 0.
 0. 0. 0. 0. 0. 0. 0. 0. 0. 0. 0. 0. 0. 0. 0. 0. 0. 0. 0. 0. 0. 0. 0. 0.
 0. 0. 0. 0. 0. 0. 0. 0. 0. 0. 0. 0. 0. 0. 0. 0. 0. 0. 0. 0. 0. 0. 0. 0.
 0. 0. 0. 0. 0. 0. 0. 0. 0. 0. 0. 0. 0. 0. 0. 0. 0. 0. 0. 0. 0. 0. 0. 0.
 0. 0. 0. 0. 0. 0. 0. 0. 0. 0. 0. 0. 0. 0. 0. 0. 0. 0. 0. 0. 0. 0. 0. 0.
 0. 0. 0. 0. 0. 0. 0. 0. 0. 0. 0. 0. 0. 0. 0. 0. 0. 0. 0. 0. 0. 0. 0. 0.
 0. 0. 0. 0. 0. 0. 0. 0. 0. 0. 0. 0. 0. 0. 0. 0. 0. 0. 0. 0. 0. 0. 0. 0.
 0. 0. 0. 0. 0. 0. 0. 0.]
Fid of qvm & frp	2.1217119443578034	2.154467810188383
.

=============================== warnings summary ===============================
tst/qvm/integration/bench_test.py::TestBenchQvmFrpV2::test_two_bench_frp[qasm-/root/projects/QASMBench/small/basis_trotter_n4/basis_trotter_n4.qasm,/root/projects/QASMBench/small/qec_sm_n5/qec_sm_n5.qasm-10]
tst/qvm/integration/bench_test.py::TestBenchQvmFrpV2::test_two_bench_frp[qasm-/root/projects/QASMBench/small/basis_trotter_n4/basis_trotter_n4.qasm,/root/projects/QASMBench/small/qec_sm_n5/qec_sm_n5.qasm-10]
  /root/anaconda3/envs/qcs-noise/lib/python3.10/site-packages/qiskit/providers/fake_provider/fake_backend.py:462: PendingDeprecationWarning: "warnings" argument will be deprecated as part of the qiskit-aer 0.12.0 and subsequently removed
    noise_model = NoiseModel.from_backend(self, warnings=False)

tst/qvm/integration/bench_test.py::TestBenchQvmFrpV2::test_two_bench_frp[qasm-/root/projects/QASMBench/small/basis_trotter_n4/basis_trotter_n4.qasm,/root/projects/QASMBench/small/qec_sm_n5/qec_sm_n5.qasm-10]
tst/qvm/integration/bench_test.py::TestBenchQvmFrpV2::test_two_bench_frp[qasm-/root/projects/QASMBench/small/basis_trotter_n4/basis_trotter_n4.qasm,/root/projects/QASMBench/small/qec_sm_n5/qec_sm_n5.qasm-10]
tst/qvm/integration/bench_test.py::TestBenchQvmFrpV2::test_two_bench_frp[qasm-/root/projects/QASMBench/small/basis_trotter_n4/basis_trotter_n4.qasm,/root/projects/QASMBench/small/qec_sm_n5/qec_sm_n5.qasm-10]
tst/qvm/integration/bench_test.py::TestBenchQvmFrpV2::test_two_bench_frp[qasm-/root/projects/QASMBench/small/basis_trotter_n4/basis_trotter_n4.qasm,/root/projects/QASMBench/small/qec_sm_n5/qec_sm_n5.qasm-10]
tst/qvm/integration/bench_test.py::TestBenchQvmFrpV2::test_two_bench_frp[qasm-/root/projects/QASMBench/small/basis_trotter_n4/basis_trotter_n4.qasm,/root/projects/QASMBench/small/qec_sm_n5/qec_sm_n5.qasm-10]
tst/qvm/integration/bench_test.py::TestBenchQvmFrpV2::test_two_bench_frp[qasm-/root/projects/QASMBench/small/basis_trotter_n4/basis_trotter_n4.qasm,/root/projects/QASMBench/small/qec_sm_n5/qec_sm_n5.qasm-10]
  /root/anaconda3/envs/qcs-noise/lib/python3.10/site-packages/qiskit_aer/noise/device/models.py:365: UserWarning: Device model returned an invalid T_2 relaxation time greater than the theoretical maximum value 2 * T_1 (210788.50669687917 > 2 * 104325.12715207216). Truncating to maximum value.
    warn("Device model returned an invalid T_2 relaxation time greater than"

tst/qvm/integration/bench_test.py::TestBenchQvmFrpV2::test_two_bench_frp[qasm-/root/projects/QASMBench/small/basis_trotter_n4/basis_trotter_n4.qasm,/root/projects/QASMBench/small/qec_sm_n5/qec_sm_n5.qasm-10]
  /root/anaconda3/envs/qcs-noise/lib/python3.10/site-packages/qiskit_aer/noise/device/models.py:365: UserWarning: Device model returned an invalid T_2 relaxation time greater than the theoretical maximum value 2 * T_1 (0.00021078850669687914 > 2 * 0.00010432512715207217). Truncating to maximum value.
    warn("Device model returned an invalid T_2 relaxation time greater than"

-- Docs: https://docs.pytest.org/en/stable/how-to/capture-warnings.html
========== 1 passed, 14 deselected, 9 warnings in 3449.04s (0:57:29) ===========
