Randomly selected files:
/root/projects/QASMBench/small/adder_n10/adder_n10.qasm,/root/projects/QASMBench/small/dnn_n8/dnn_n8.qasm
============================= test session starts ==============================
platform linux -- Python 3.10.6, pytest-7.2.0, pluggy-1.0.0
rootdir: /root/projects/qcs
plugins: anyio-3.6.2
collected 15 items / 14 deselected / 1 selected

tst/qvm/integration/bench_test.py F

=================================== FAILURES ===================================
_ TestBenchQvmFrpV2.test_two_bench_frp[qasm-/root/projects/QASMBench/small/adder_n10/adder_n10.qasm,/root/projects/QASMBench/small/dnn_n8/dnn_n8.qasm-10] _

self = <bench_test.TestBenchQvmFrpV2 object at 0x7f91cf737c40>, bench = 'qasm'
nq = 10
qasm = '/root/projects/QASMBench/small/adder_n10/adder_n10.qasm,/root/projects/QASMBench/small/dnn_n8/dnn_n8.qasm'

    def test_two_bench_frp(self, bench, nq, qasm):
        """Testing qvm vs. FRP (MICRO-2019)
    
        Args:
            bench (str): `qasm` or `random`. If `qasm`, construct circuit
                from qasm file, otherwise create random circuit
            nq (str): int(nq) is the number of qubits, this is only useful when
                getting random circuit
            qasm (str): QASM files, should be <qasm-0>;<qasm-1> format
        """
        shots = 2**20
        nq = int(nq)
        if qasm:
            items = qasm.split(",")
            assert len(items) == 2 and bench == "qasm"
            qasm0 = items[0]
            qasm1 = items[1]
            circ0 = self.get_qiskit_circ(bench, qasm_path=qasm0)
            circ1 = self.get_qiskit_circ(bench, qasm_path=qasm1)
        else:
            circ0 = self.get_qiskit_circ(bench, num_qubits=nq)
            circ1 = self.get_qiskit_circ(bench, num_qubits=nq)
    
        circ = merge_circuits_v2([circ0, circ1])
    
>       qvm_res = self.run_qvm([circ0, circ1], shots=shots)

tst/qvm/integration/bench_test.py:302: 
_ _ _ _ _ _ _ _ _ _ _ _ _ _ _ _ _ _ _ _ _ _ _ _ _ _ _ _ _ _ _ _ _ _ _ _ _ _ _ _ 
tst/qvm/integration/bench_test.py:252: in run_qvm
    circ = merge_circuits_v2(circs)
_ _ _ _ _ _ _ _ _ _ _ _ _ _ _ _ _ _ _ _ _ _ _ _ _ _ _ _ _ _ _ _ _ _ _ _ _ _ _ _ 

circuits = [<qiskit.circuit.quantumcircuit.QuantumCircuit object at 0x7f91ccfff910>]
save_state = False

    def merge_circuits_v2(
        circuits: List[QuantumCircuit], save_state: Optional[bool] = False
    ) -> QuantumCircuit:
        """Merge all circuits to a new large circuit
        This version supports circuits that have different
        number of qubits and clbits
        """
        if len(circuits) <= 1:
>           raise ValueError("Please merge at least two circuits")
E           ValueError: Please merge at least two circuits

../qvm/qvm/util/circuit.py:34: ValueError
------------------------------ Captured log setup ------------------------------
WARNING  root:graph.py:449 Failed to grow a subgraph from root: 9, current visited status: {2, 3, 5, 8, 9, 11, 14, 16, 19}, error message is 'Cannot grow a graph that satisfy the subgraph size from current root: 9'
WARNING  root:graph.py:449 Failed to grow a subgraph from root: 20, current visited status: {2, 3, 5, 8, 9, 11, 14, 16, 18, 19, 20, 21, 23, 24}, error message is 'Cannot grow a graph that satisfy the subgraph size from current root: 20'
WARNING  root:graph.py:449 Failed to grow a subgraph from root: 17, current visited status: {2, 3, 5, 8, 9, 10, 11, 12, 13, 14, 15, 16, 17, 18, 19, 20, 21, 23, 24}, error message is 'Cannot grow a graph that satisfy the subgraph size from current root: 17'
WARNING  root:graph.py:449 Failed to grow a subgraph from root: 6, current visited status: {0, 1, 2, 3, 4, 5, 6, 7, 8, 9, 10, 11, 12, 13, 14, 15, 16, 17, 18, 19, 20, 21, 23, 24}, error message is 'Cannot grow a graph that satisfy the subgraph size from current root: 6'
WARNING  root:graph.py:449 Failed to grow a subgraph from root: 22, current visited status: {0, 1, 2, 3, 4, 5, 6, 7, 8, 9, 10, 11, 12, 13, 14, 15, 16, 17, 18, 19, 20, 21, 22, 23, 24, 25, 26}, error message is 'Cannot grow a graph that satisfy the subgraph size from current root: 22'
WARNING  root:graph.py:449 Failed to grow a subgraph from root: 25, current visited status: {0, 1, 2, 3, 4, 5, 6, 7, 8, 9, 10, 11, 12, 13, 14, 15, 16, 17, 18, 19, 20, 21, 22, 23, 24, 25, 26}, error message is 'Cannot grow a graph that satisfy the subgraph size from current root: 25'
WARNING  root:graph.py:449 Failed to grow a subgraph from root: 26, current visited status: {0, 1, 2, 3, 4, 5, 6, 7, 8, 9, 10, 11, 12, 13, 14, 15, 16, 17, 18, 19, 20, 21, 22, 23, 24, 25, 26}, error message is 'Cannot grow a graph that satisfy the subgraph size from current root: 26'
------------------------------ Captured log call -------------------------------
WARNING  root:backend_manager.py:395 Current circuit:             ┌───────────┐                                                      »
  cin: ─────┤0          ├──────────────────────────────────────────────────────»
       ┌───┐│           │┌───────────┐                                         »
  a_0: ┤ X ├┤2          ├┤0          ├─────────────────────────────────────────»
       └───┘│           ││           │┌───────────┐                            »
  a_1: ─────┤           ├┤2          ├┤0          ├────────────────────────────»
            │  majority ││           ││           │┌───────────┐     ┌────────┐»
  a_2: ─────┤           ├┤           ├┤2          ├┤0          ├─────┤0       ├»
            │           ││  majority ││           ││           │     │        │»
  a_3: ─────┤           ├┤           ├┤           ├┤2          ├──■──┤2       ├»
       ┌───┐│           ││           ││  majority ││           │  │  │        │»
  b_0: ┤ X ├┤1          ├┤           ├┤           ├┤           ├──┼──┤        ├»
       ├───┤└───────────┘│           ││           ││  majority │  │  │  unmaj │»
  b_1: ┤ X ├─────────────┤1          ├┤           ├┤           ├──┼──┤        ├»
       ├───┤             └───────────┘│           ││           │  │  │        │»
  b_2: ┤ X ├──────────────────────────┤1          ├┤           ├──┼──┤        ├»
       ├───┤                          └───────────┘│           │  │  │        │»
  b_3: ┤ X ├───────────────────────────────────────┤1          ├──┼──┤1       ├»
       └───┘                                       └───────────┘┌─┴─┐└──┬─┬───┘»
 cout: ─────────────────────────────────────────────────────────┤ X ├───┤M├────»
                                                                └───┘   └╥┘    »
ans_0: ══════════════════════════════════════════════════════════════════╬═════»
                                                                         ║     »
ans_1: ══════════════════════════════════════════════════════════════════╬═════»
                                                                         ║     »
ans_2: ══════════════════════════════════════════════════════════════════╬═════»
                                                                         ║     »
ans_3: ══════════════════════════════════════════════════════════════════╬═════»
                                                                         ║     »
ans_4: ══════════════════════════════════════════════════════════════════╩═════»
                                                                               »
«                           ┌────────┐   
«  cin: ────────────────────┤0       ├───
«                 ┌────────┐│        │   
«  a_0: ──────────┤0       ├┤2       ├───
«       ┌────────┐│        ││        │   
«  a_1: ┤0       ├┤2       ├┤        ├───
«       │        ││        ││  unmaj │   
«  a_2: ┤2       ├┤        ├┤        ├───
«       │        ││  unmaj ││        │   
«  a_3: ┤        ├┤        ├┤        ├───
«       │  unmaj ││        ││        │┌─┐
«  b_0: ┤        ├┤        ├┤1       ├┤M├
«       │        ││        │└──┬─┬───┘└╥┘
«  b_1: ┤        ├┤1       ├───┤M├─────╫─
«       │        │└──┬─┬───┘   └╥┘     ║ 
«  b_2: ┤1       ├───┤M├────────╫──────╫─
«       └──┬─┬───┘   └╥┘        ║      ║ 
«  b_3: ───┤M├────────╫─────────╫──────╫─
«          └╥┘        ║         ║      ║ 
« cout: ────╫─────────╫─────────╫──────╫─
«           ║         ║         ║      ║ 
«ans_0: ════╬═════════╬═════════╬══════╩═
«           ║         ║         ║        
«ans_1: ════╬═════════╬═════════╩════════
«           ║         ║                  
«ans_2: ════╬═════════╩══════════════════
«           ║                            
«ans_3: ════╩════════════════════════════
«                                        
«ans_4: ═════════════════════════════════
«                                         
cannot compile on compute unit {cu}
WARNING  root:backend_manager.py:395 Current circuit:             ┌───────────┐                                                      »
  cin: ─────┤0          ├──────────────────────────────────────────────────────»
       ┌───┐│           │┌───────────┐                                         »
  a_0: ┤ X ├┤2          ├┤0          ├─────────────────────────────────────────»
       └───┘│           ││           │┌───────────┐                            »
  a_1: ─────┤           ├┤2          ├┤0          ├────────────────────────────»
            │  majority ││           ││           │┌───────────┐     ┌────────┐»
  a_2: ─────┤           ├┤           ├┤2          ├┤0          ├─────┤0       ├»
            │           ││  majority ││           ││           │     │        │»
  a_3: ─────┤           ├┤           ├┤           ├┤2          ├──■──┤2       ├»
       ┌───┐│           ││           ││  majority ││           │  │  │        │»
  b_0: ┤ X ├┤1          ├┤           ├┤           ├┤           ├──┼──┤        ├»
       ├───┤└───────────┘│           ││           ││  majority │  │  │  unmaj │»
  b_1: ┤ X ├─────────────┤1          ├┤           ├┤           ├──┼──┤        ├»
       ├───┤             └───────────┘│           ││           │  │  │        │»
  b_2: ┤ X ├──────────────────────────┤1          ├┤           ├──┼──┤        ├»
       ├───┤                          └───────────┘│           │  │  │        │»
  b_3: ┤ X ├───────────────────────────────────────┤1          ├──┼──┤1       ├»
       └───┘                                       └───────────┘┌─┴─┐└──┬─┬───┘»
 cout: ─────────────────────────────────────────────────────────┤ X ├───┤M├────»
                                                                └───┘   └╥┘    »
ans_0: ══════════════════════════════════════════════════════════════════╬═════»
                                                                         ║     »
ans_1: ══════════════════════════════════════════════════════════════════╬═════»
                                                                         ║     »
ans_2: ══════════════════════════════════════════════════════════════════╬═════»
                                                                         ║     »
ans_3: ══════════════════════════════════════════════════════════════════╬═════»
                                                                         ║     »
ans_4: ══════════════════════════════════════════════════════════════════╩═════»
                                                                               »
«                           ┌────────┐   
«  cin: ────────────────────┤0       ├───
«                 ┌────────┐│        │   
«  a_0: ──────────┤0       ├┤2       ├───
«       ┌────────┐│        ││        │   
«  a_1: ┤0       ├┤2       ├┤        ├───
«       │        ││        ││  unmaj │   
«  a_2: ┤2       ├┤        ├┤        ├───
«       │        ││  unmaj ││        │   
«  a_3: ┤        ├┤        ├┤        ├───
«       │  unmaj ││        ││        │┌─┐
«  b_0: ┤        ├┤        ├┤1       ├┤M├
«       │        ││        │└──┬─┬───┘└╥┘
«  b_1: ┤        ├┤1       ├───┤M├─────╫─
«       │        │└──┬─┬───┘   └╥┘     ║ 
«  b_2: ┤1       ├───┤M├────────╫──────╫─
«       └──┬─┬───┘   └╥┘        ║      ║ 
«  b_3: ───┤M├────────╫─────────╫──────╫─
«          └╥┘        ║         ║      ║ 
« cout: ────╫─────────╫─────────╫──────╫─
«           ║         ║         ║      ║ 
«ans_0: ════╬═════════╬═════════╬══════╩═
«           ║         ║         ║        
«ans_1: ════╬═════════╬═════════╩════════
«           ║         ║                  
«ans_2: ════╬═════════╩══════════════════
«           ║                            
«ans_3: ════╩════════════════════════════
«                                        
«ans_4: ═════════════════════════════════
«                                         
cannot compile on compute unit {cu}
WARNING  root:backend_manager.py:395 Current circuit:        ┌─────────┐┌─────────┐┌─────────┐┌────────────┐┌───────────────┐ »
  q_0: ┤ Rx(1.1) ├┤ Ry(1.1) ├┤ Rz(1.1) ├┤ Rz(11π/10) ├┤ U3(π/2,0,π/4) ├─»
       ├─────────┤├─────────┤├─────────┤├────────────┤├───────────────┴┐»
  q_1: ┤ Rx(1.1) ├┤ Ry(1.1) ├┤ Rz(1.1) ├┤ Rz(11π/10) ├┤ U3(π/2,π,3π/4) ├»
       ├─────────┤├─────────┤├─────────┤├────────────┤├───────────────┬┘»
  q_2: ┤ Rx(1.1) ├┤ Ry(1.1) ├┤ Rz(1.1) ├┤ Rz(11π/10) ├┤ U3(π/2,0,π/4) ├─»
       ├─────────┤├─────────┤├─────────┤├────────────┤├───────────────┴┐»
  q_3: ┤ Rx(1.1) ├┤ Ry(1.1) ├┤ Rz(1.1) ├┤ Rz(11π/10) ├┤ U3(π/2,π,3π/4) ├»
       ├─────────┤├─────────┤├─────────┤├────────────┤├───────────────┬┘»
  q_4: ┤ Rx(1.1) ├┤ Ry(1.1) ├┤ Rz(1.1) ├┤ Rz(11π/10) ├┤ U3(π/2,0,π/4) ├─»
       ├─────────┤├─────────┤├─────────┤├────────────┤├───────────────┴┐»
  q_5: ┤ Rx(1.1) ├┤ Ry(1.1) ├┤ Rz(1.1) ├┤ Rz(11π/10) ├┤ U3(π/2,π,3π/4) ├»
       ├─────────┤├─────────┤├─────────┤├────────────┤├───────────────┬┘»
  q_6: ┤ Rx(1.1) ├┤ Ry(1.1) ├┤ Rz(1.1) ├┤ Rz(11π/10) ├┤ U3(π/2,0,π/4) ├─»
       ├─────────┤├─────────┤├─────────┤├────────────┤├───────────────┴┐»
  q_7: ┤ Rx(1.1) ├┤ Ry(1.1) ├┤ Rz(1.1) ├┤ Rz(11π/10) ├┤ U3(π/2,π,3π/4) ├»
       └─────────┘└─────────┘└─────────┘└────────────┘└────────────────┘»
ans_0: ═════════════════════════════════════════════════════════════════»
                                                                        »
ans_1: ═════════════════════════════════════════════════════════════════»
                                                                        »
ans_2: ═════════════════════════════════════════════════════════════════»
                                                                        »
ans_3: ═════════════════════════════════════════════════════════════════»
                                                                        »
ans_4: ═════════════════════════════════════════════════════════════════»
                                                                        »
ans_5: ═════════════════════════════════════════════════════════════════»
                                                                        »
ans_6: ═════════════════════════════════════════════════════════════════»
                                                                        »
ans_7: ═════════════════════════════════════════════════════════════════»
                                                                        »
«       ┌─────────┐     ┌──────────┐┌───┐                            »
«  q_0: ┤ Rx(π/2) ├──■──┤ Rx(2π/5) ├┤ X ├─────────────────────────■──»
«       └─────────┘┌─┴─┐├─────────┬┘└─┬─┘┌──────────┐┌─────────┐┌─┴─┐»
«  q_1: ───────────┤ X ├┤ Ry(π/2) ├───■──┤ Rx(-π/2) ├┤ Rz(π/2) ├┤ X ├»
«       ┌─────────┐└───┘├─────────┴┐┌───┐└──────────┘└─────────┘└───┘»
«  q_2: ┤ Rx(π/2) ├──■──┤ Rx(2π/5) ├┤ X ├─────────────────────────■──»
«       └─────────┘┌─┴─┐├─────────┬┘└─┬─┘┌──────────┐┌─────────┐┌─┴─┐»
«  q_3: ───────────┤ X ├┤ Ry(π/2) ├───■──┤ Rx(-π/2) ├┤ Rz(π/2) ├┤ X ├»
«       ┌─────────┐└───┘├─────────┴┐┌───┐└──────────┘└─────────┘└───┘»
«  q_4: ┤ Rx(π/2) ├──■──┤ Rx(2π/5) ├┤ X ├─────────────────────────■──»
«       └─────────┘┌─┴─┐├─────────┬┘└─┬─┘┌──────────┐┌─────────┐┌─┴─┐»
«  q_5: ───────────┤ X ├┤ Ry(π/2) ├───■──┤ Rx(-π/2) ├┤ Rz(π/2) ├┤ X ├»
«       ┌─────────┐└───┘├─────────┴┐┌───┐└──────────┘└─────────┘└───┘»
«  q_6: ┤ Rx(π/2) ├──■──┤ Rx(2π/5) ├┤ X ├─────────────────────────■──»
«       └─────────┘┌─┴─┐├─────────┬┘└─┬─┘┌──────────┐┌─────────┐┌─┴─┐»
«  q_7: ───────────┤ X ├┤ Ry(π/2) ├───■──┤ Rx(-π/2) ├┤ Rz(π/2) ├┤ X ├»
«                  └───┘└─────────┘      └──────────┘└─────────┘└───┘»
«ans_0: ═════════════════════════════════════════════════════════════»
«                                                                    »
«ans_1: ═════════════════════════════════════════════════════════════»
«                                                                    »
«ans_2: ═════════════════════════════════════════════════════════════»
«                                                                    »
«ans_3: ═════════════════════════════════════════════════════════════»
«                                                                    »
«ans_4: ═════════════════════════════════════════════════════════════»
«                                                                    »
«ans_5: ═════════════════════════════════════════════════════════════»
«                                                                    »
«ans_6: ═════════════════════════════════════════════════════════════»
«                                                                    »
«ans_7: ═════════════════════════════════════════════════════════════»
«                                                                    »
«        ┌─────────────────┐ ┌─────────────┐┌─────────┐     ┌──────────┐┌───┐»
«  q_0: ─┤ U3(π/2,2.042,π) ├─┤ U3(0,π,π/2) ├┤ Rx(π/2) ├──■──┤ Rx(2π/5) ├┤ X ├»
«       ┌┴─────────────────┴┐├─────────────┤└─────────┘┌─┴─┐├─────────┬┘└─┬─┘»
«  q_1: ┤ U3(π/2,0.47124,0) ├┤ U3(0,0,π/2) ├───────────┤ X ├┤ Ry(π/2) ├───■──»
«       └┬─────────────────┬┘├─────────────┤┌─────────┐└───┘├─────────┴┐┌───┐»
«  q_2: ─┤ U3(π/2,2.042,π) ├─┤ U3(0,π,π/2) ├┤ Rx(π/2) ├──■──┤ Rx(2π/5) ├┤ X ├»
«       ┌┴─────────────────┴┐├─────────────┤└─────────┘┌─┴─┐├─────────┬┘└─┬─┘»
«  q_3: ┤ U3(π/2,0.47124,0) ├┤ U3(0,0,π/2) ├───────────┤ X ├┤ Ry(π/2) ├───■──»
«       └┬─────────────────┬┘├─────────────┤┌─────────┐└───┘├─────────┴┐┌───┐»
«  q_4: ─┤ U3(π/2,2.042,π) ├─┤ U3(0,π,π/2) ├┤ Rx(π/2) ├──■──┤ Rx(2π/5) ├┤ X ├»
«       ┌┴─────────────────┴┐├─────────────┤└─────────┘┌─┴─┐├─────────┬┘└─┬─┘»
«  q_5: ┤ U3(π/2,0.47124,0) ├┤ U3(0,0,π/2) ├───────────┤ X ├┤ Ry(π/2) ├───■──»
«       └┬─────────────────┬┘├─────────────┤┌─────────┐└───┘├─────────┴┐┌───┐»
«  q_6: ─┤ U3(π/2,2.042,π) ├─┤ U3(0,π,π/2) ├┤ Rx(π/2) ├──■──┤ Rx(2π/5) ├┤ X ├»
«       ┌┴─────────────────┴┐├─────────────┤└─────────┘┌─┴─┐├─────────┬┘└─┬─┘»
«  q_7: ┤ U3(π/2,0.47124,0) ├┤ U3(0,0,π/2) ├───────────┤ X ├┤ Ry(π/2) ├───■──»
«       └───────────────────┘└─────────────┘           └───┘└─────────┘      »
«ans_0: ═════════════════════════════════════════════════════════════════════»
«                                                                            »
«ans_1: ═════════════════════════════════════════════════════════════════════»
«                                                                            »
«ans_2: ═════════════════════════════════════════════════════════════════════»
«                                                                            »
«ans_3: ═════════════════════════════════════════════════════════════════════»
«                                                                            »
«ans_4: ═════════════════════════════════════════════════════════════════════»
«                                                                            »
«ans_5: ═════════════════════════════════════════════════════════════════════»
«                                                                            »
«ans_6: ═════════════════════════════════════════════════════════════════════»
«                                                                            »
«ans_7: ═════════════════════════════════════════════════════════════════════»
«                                                                            »
«                                   ┌─────────────┐ ┌───────────────────┐»
«  q_0: ─────────────────────────■──┤ U3(π,0,π/2) ├─┤ U3(π/2,3π/2,3π/2) ├»
«       ┌──────────┐┌─────────┐┌─┴─┐├─────────────┴┐└┬──────────────────┤»
«  q_1: ┤ Rx(-π/2) ├┤ Rz(π/2) ├┤ X ├┤ U3(π,0,3π/2) ├─┤ U3(π/2,π/2,3π/2) ├»
«       └──────────┘└─────────┘└───┘├─────────────┬┘┌┴──────────────────┤»
«  q_2: ─────────────────────────■──┤ U3(π,0,π/2) ├─┤ U3(π/2,3π/2,3π/2) ├»
«       ┌──────────┐┌─────────┐┌─┴─┐├─────────────┴┐└┬──────────────────┤»
«  q_3: ┤ Rx(-π/2) ├┤ Rz(π/2) ├┤ X ├┤ U3(π,0,3π/2) ├─┤ U3(π/2,π/2,3π/2) ├»
«       └──────────┘└─────────┘└───┘├─────────────┬┘┌┴──────────────────┤»
«  q_4: ─────────────────────────■──┤ U3(π,0,π/2) ├─┤ U3(π/2,3π/2,3π/2) ├»
«       ┌──────────┐┌─────────┐┌─┴─┐├─────────────┴┐└┬──────────────────┤»
«  q_5: ┤ Rx(-π/2) ├┤ Rz(π/2) ├┤ X ├┤ U3(π,0,3π/2) ├─┤ U3(π/2,π/2,3π/2) ├»
«       └──────────┘└─────────┘└───┘├─────────────┬┘┌┴──────────────────┤»
«  q_6: ─────────────────────────■──┤ U3(π,0,π/2) ├─┤ U3(π/2,3π/2,3π/2) ├»
«       ┌──────────┐┌─────────┐┌─┴─┐├─────────────┴┐└┬──────────────────┤»
«  q_7: ┤ Rx(-π/2) ├┤ Rz(π/2) ├┤ X ├┤ U3(π,0,3π/2) ├─┤ U3(π/2,π/2,3π/2) ├»
«       └──────────┘└─────────┘└───┘└──────────────┘ └──────────────────┘»
«ans_0: ═════════════════════════════════════════════════════════════════»
«                                                                        »
«ans_1: ═════════════════════════════════════════════════════════════════»
«                                                                        »
«ans_2: ═════════════════════════════════════════════════════════════════»
«                                                                        »
«ans_3: ═════════════════════════════════════════════════════════════════»
«                                                                        »
«ans_4: ═════════════════════════════════════════════════════════════════»
«                                                                        »
«ans_5: ═════════════════════════════════════════════════════════════════»
«                                                                        »
«ans_6: ═════════════════════════════════════════════════════════════════»
«                                                                        »
«ans_7: ═════════════════════════════════════════════════════════════════»
«                                                                        »
«       ┌─────────┐     ┌──────────┐┌───┐                            »
«  q_0: ┤ Rx(π/2) ├──■──┤ Rx(2π/5) ├┤ X ├─────────────────────────■──»
«       └─────────┘┌─┴─┐├─────────┬┘└─┬─┘┌──────────┐┌─────────┐┌─┴─┐»
«  q_1: ───────────┤ X ├┤ Ry(π/2) ├───■──┤ Rx(-π/2) ├┤ Rz(π/2) ├┤ X ├»
«       ┌─────────┐└───┘├─────────┴┐┌───┐└──────────┘└─────────┘└───┘»
«  q_2: ┤ Rx(π/2) ├──■──┤ Rx(2π/5) ├┤ X ├─────────────────────────■──»
«       └─────────┘┌─┴─┐├─────────┬┘└─┬─┘┌──────────┐┌─────────┐┌─┴─┐»
«  q_3: ───────────┤ X ├┤ Ry(π/2) ├───■──┤ Rx(-π/2) ├┤ Rz(π/2) ├┤ X ├»
«       ┌─────────┐└───┘├─────────┴┐┌───┐└──────────┘└─────────┘└───┘»
«  q_4: ┤ Rx(π/2) ├──■──┤ Rx(2π/5) ├┤ X ├─────────────────────────■──»
«       └─────────┘┌─┴─┐├─────────┬┘└─┬─┘┌──────────┐┌─────────┐┌─┴─┐»
«  q_5: ───────────┤ X ├┤ Ry(π/2) ├───■──┤ Rx(-π/2) ├┤ Rz(π/2) ├┤ X ├»
«       ┌─────────┐└───┘├─────────┴┐┌───┐└──────────┘└─────────┘└───┘»
«  q_6: ┤ Rx(π/2) ├──■──┤ Rx(2π/5) ├┤ X ├─────────────────────────■──»
«       └─────────┘┌─┴─┐├─────────┬┘└─┬─┘┌──────────┐┌─────────┐┌─┴─┐»
«  q_7: ───────────┤ X ├┤ Ry(π/2) ├───■──┤ Rx(-π/2) ├┤ Rz(π/2) ├┤ X ├»
«                  └───┘└─────────┘      └──────────┘└─────────┘└───┘»
«ans_0: ═════════════════════════════════════════════════════════════»
«                                                                    »
«ans_1: ═════════════════════════════════════════════════════════════»
«                                                                    »
«ans_2: ═════════════════════════════════════════════════════════════»
«                                                                    »
«ans_3: ═════════════════════════════════════════════════════════════»
«                                                                    »
«ans_4: ═════════════════════════════════════════════════════════════»
«                                                                    »
«ans_5: ═════════════════════════════════════════════════════════════»
«                                                                    »
«ans_6: ═════════════════════════════════════════════════════════════»
«                                                                    »
«ans_7: ═════════════════════════════════════════════════════════════»
«                                                                    »
«       ┌─────────────────┐ ┌─────────┐┌─────────┐┌─────────┐┌─────────┐»
«  q_0: ┤ U3(π/2,π/2,π/2) ├─┤ Rx(1.1) ├┤ Ry(1.1) ├┤ Rz(1.1) ├┤ Rx(1.1) ├»
«       ├─────────────────┴┐├─────────┤├─────────┤├─────────┤├─────────┤»
«  q_1: ┤ U3(π/2,π/2,3π/2) ├┤ Rx(1.1) ├┤ Ry(1.1) ├┤ Rz(1.1) ├┤ Rx(1.1) ├»
«       ├─────────────────┬┘├─────────┤├─────────┤├─────────┤├─────────┤»
«  q_2: ┤ U3(π/2,π/2,π/2) ├─┤ Rx(1.1) ├┤ Ry(1.1) ├┤ Rz(1.1) ├┤ Rx(1.1) ├»
«       ├─────────────────┴┐├─────────┤├─────────┤├─────────┤├─────────┤»
«  q_3: ┤ U3(π/2,π/2,3π/2) ├┤ Rx(1.1) ├┤ Ry(1.1) ├┤ Rz(1.1) ├┤ Rx(1.1) ├»
«       ├─────────────────┬┘├─────────┤├─────────┤├─────────┤├─────────┤»
«  q_4: ┤ U3(π/2,π/2,π/2) ├─┤ Rx(1.1) ├┤ Ry(1.1) ├┤ Rz(1.1) ├┤ Rx(1.1) ├»
«       ├─────────────────┴┐├─────────┤├─────────┤├─────────┤├─────────┤»
«  q_5: ┤ U3(π/2,π/2,3π/2) ├┤ Rx(1.1) ├┤ Ry(1.1) ├┤ Rz(1.1) ├┤ Rx(1.1) ├»
«       ├─────────────────┬┘├─────────┤├─────────┤├─────────┤├─────────┤»
«  q_6: ┤ U3(π/2,π/2,π/2) ├─┤ Rx(1.1) ├┤ Ry(1.1) ├┤ Rz(1.1) ├┤ Rx(1.1) ├»
«       ├─────────────────┴┐├─────────┤├─────────┤├─────────┤├─────────┤»
«  q_7: ┤ U3(π/2,π/2,3π/2) ├┤ Rx(1.1) ├┤ Ry(1.1) ├┤ Rz(1.1) ├┤ Rx(1.1) ├»
«       └──────────────────┘└─────────┘└─────────┘└─────────┘└─────────┘»
«ans_0: ════════════════════════════════════════════════════════════════»
«                                                                       »
«ans_1: ════════════════════════════════════════════════════════════════»
«                                                                       »
«ans_2: ════════════════════════════════════════════════════════════════»
«                                                                       »
«ans_3: ════════════════════════════════════════════════════════════════»
«                                                                       »
«ans_4: ════════════════════════════════════════════════════════════════»
«                                                                       »
«ans_5: ════════════════════════════════════════════════════════════════»
«                                                                       »
«ans_6: ════════════════════════════════════════════════════════════════»
«                                                                       »
«ans_7: ════════════════════════════════════════════════════════════════»
«                                                                       »
«       ┌─────────┐┌─────────┐┌────────────┐┌────────────────┐                »
«  q_0: ┤ Ry(1.1) ├┤ Rz(1.1) ├┤ Rz(11π/10) ├┤ U3(π/2,π,3π/4) ├────────────────»
«       ├─────────┤├─────────┤├────────────┤├───────────────┬┘┌─────────┐     »
«  q_1: ┤ Ry(1.1) ├┤ Rz(1.1) ├┤ Rz(11π/10) ├┤ U3(π/2,0,π/4) ├─┤ Rx(π/2) ├──■──»
«       ├─────────┤├─────────┤├────────────┤├───────────────┴┐└─────────┘┌─┴─┐»
«  q_2: ┤ Ry(1.1) ├┤ Rz(1.1) ├┤ Rz(11π/10) ├┤ U3(π/2,π,3π/4) ├───────────┤ X ├»
«       ├─────────┤├─────────┤├────────────┤├───────────────┬┘┌─────────┐└───┘»
«  q_3: ┤ Ry(1.1) ├┤ Rz(1.1) ├┤ Rz(11π/10) ├┤ U3(π/2,0,π/4) ├─┤ Rx(π/2) ├──■──»
«       ├─────────┤├─────────┤├────────────┤├───────────────┴┐└─────────┘┌─┴─┐»
«  q_4: ┤ Ry(1.1) ├┤ Rz(1.1) ├┤ Rz(11π/10) ├┤ U3(π/2,π,3π/4) ├───────────┤ X ├»
«       ├─────────┤├─────────┤├────────────┤├───────────────┬┘┌─────────┐└───┘»
«  q_5: ┤ Ry(1.1) ├┤ Rz(1.1) ├┤ Rz(11π/10) ├┤ U3(π/2,0,π/4) ├─┤ Rx(π/2) ├──■──»
«       ├─────────┤├─────────┤├────────────┤├───────────────┴┐└─────────┘┌─┴─┐»
«  q_6: ┤ Ry(1.1) ├┤ Rz(1.1) ├┤ Rz(11π/10) ├┤ U3(π/2,π,3π/4) ├───────────┤ X ├»
«       ├─────────┤├─────────┤├────────────┤├───────────────┬┘┌─────────┐└───┘»
«  q_7: ┤ Ry(1.1) ├┤ Rz(1.1) ├┤ Rz(11π/10) ├┤ U3(π/2,0,π/4) ├─┤ Rx(π/2) ├─────»
«       └─────────┘└─────────┘└────────────┘└───────────────┘ └─────────┘     »
«ans_0: ══════════════════════════════════════════════════════════════════════»
«                                                                             »
«ans_1: ══════════════════════════════════════════════════════════════════════»
«                                                                             »
«ans_2: ══════════════════════════════════════════════════════════════════════»
«                                                                             »
«ans_3: ══════════════════════════════════════════════════════════════════════»
«                                                                             »
«ans_4: ══════════════════════════════════════════════════════════════════════»
«                                                                             »
«ans_5: ══════════════════════════════════════════════════════════════════════»
«                                                                             »
«ans_6: ══════════════════════════════════════════════════════════════════════»
«                                                                             »
«ans_7: ══════════════════════════════════════════════════════════════════════»
«                                                                             »
«       ┌───┐┌─────────┐           ┌──────────┐┌─────────┐     ┌───┐»
«  q_0: ┤ X ├┤ Ry(π/2) ├────────■──┤ Rx(-π/2) ├┤ Rz(π/2) ├─────┤ X ├»
«       └─┬─┘├─────────┴┐┌───┐  │  └──────────┘└─────────┘     └─┬─┘»
«  q_1: ──┼──┤ Rx(2π/5) ├┤ X ├──┼───────────────────────────■────┼──»
«         │  ├─────────┬┘└─┬─┘  │  ┌──────────┐┌─────────┐┌─┴─┐  │  »
«  q_2: ──┼──┤ Ry(π/2) ├───■────┼──┤ Rx(-π/2) ├┤ Rz(π/2) ├┤ X ├──┼──»
«         │  ├─────────┴┐┌───┐  │  └──────────┘└─────────┘└───┘  │  »
«  q_3: ──┼──┤ Rx(2π/5) ├┤ X ├──┼───────────────────────────■────┼──»
«         │  ├─────────┬┘└─┬─┘  │  ┌──────────┐┌─────────┐┌─┴─┐  │  »
«  q_4: ──┼──┤ Ry(π/2) ├───■────┼──┤ Rx(-π/2) ├┤ Rz(π/2) ├┤ X ├──┼──»
«         │  ├─────────┴┐┌───┐  │  └──────────┘└─────────┘└───┘  │  »
«  q_5: ──┼──┤ Rx(2π/5) ├┤ X ├──┼───────────────────────────■────┼──»
«         │  ├─────────┬┘└─┬─┘  │  ┌──────────┐┌─────────┐┌─┴─┐  │  »
«  q_6: ──┼──┤ Ry(π/2) ├───■────┼──┤ Rx(-π/2) ├┤ Rz(π/2) ├┤ X ├──┼──»
«         │  ├─────────┴┐     ┌─┴─┐└──────────┘└─────────┘└───┘  │  »
«  q_7: ──■──┤ Rx(2π/5) ├─────┤ X ├──────────────────────────────■──»
«            └──────────┘     └───┘                                 »
«ans_0: ════════════════════════════════════════════════════════════»
«                                                                   »
«ans_1: ════════════════════════════════════════════════════════════»
«                                                                   »
«ans_2: ════════════════════════════════════════════════════════════»
«                                                                   »
«ans_3: ════════════════════════════════════════════════════════════»
«                                                                   »
«ans_4: ════════════════════════════════════════════════════════════»
«                                                                   »
«ans_5: ════════════════════════════════════════════════════════════»
«                                                                   »
«ans_6: ════════════════════════════════════════════════════════════»
«                                                                   »
«ans_7: ════════════════════════════════════════════════════════════»
«                                                                   »
«       ┌───────────────────┐┌─────────────┐                ┌───┐┌─────────┐ »
«  q_0: ┤ U3(π/2,0.47124,0) ├┤ U3(0,0,π/2) ├────────────────┤ X ├┤ Ry(π/2) ├─»
«       └┬─────────────────┬┘├─────────────┤┌─────────┐     └─┬─┘├─────────┴┐»
«  q_1: ─┤ U3(π/2,2.042,π) ├─┤ U3(0,π,π/2) ├┤ Rx(π/2) ├──■────┼──┤ Rx(2π/5) ├»
«       ┌┴─────────────────┴┐├─────────────┤└─────────┘┌─┴─┐  │  ├─────────┬┘»
«  q_2: ┤ U3(π/2,0.47124,0) ├┤ U3(0,0,π/2) ├───────────┤ X ├──┼──┤ Ry(π/2) ├─»
«       └┬─────────────────┬┘├─────────────┤┌─────────┐└───┘  │  ├─────────┴┐»
«  q_3: ─┤ U3(π/2,2.042,π) ├─┤ U3(0,π,π/2) ├┤ Rx(π/2) ├──■────┼──┤ Rx(2π/5) ├»
«       ┌┴─────────────────┴┐├─────────────┤└─────────┘┌─┴─┐  │  ├─────────┬┘»
«  q_4: ┤ U3(π/2,0.47124,0) ├┤ U3(0,0,π/2) ├───────────┤ X ├──┼──┤ Ry(π/2) ├─»
«       └┬─────────────────┬┘├─────────────┤┌─────────┐└───┘  │  ├─────────┴┐»
«  q_5: ─┤ U3(π/2,2.042,π) ├─┤ U3(0,π,π/2) ├┤ Rx(π/2) ├──■────┼──┤ Rx(2π/5) ├»
«       ┌┴─────────────────┴┐├─────────────┤└─────────┘┌─┴─┐  │  ├─────────┬┘»
«  q_6: ┤ U3(π/2,0.47124,0) ├┤ U3(0,0,π/2) ├───────────┤ X ├──┼──┤ Ry(π/2) ├─»
«       └┬─────────────────┬┘├─────────────┤┌─────────┐└───┘  │  ├─────────┴┐»
«  q_7: ─┤ U3(π/2,2.042,π) ├─┤ U3(0,π,π/2) ├┤ Rx(π/2) ├───────■──┤ Rx(2π/5) ├»
«        └─────────────────┘ └─────────────┘└─────────┘          └──────────┘»
«ans_0: ═════════════════════════════════════════════════════════════════════»
«                                                                            »
«ans_1: ═════════════════════════════════════════════════════════════════════»
«                                                                            »
«ans_2: ═════════════════════════════════════════════════════════════════════»
«                                                                            »
«ans_3: ═════════════════════════════════════════════════════════════════════»
«                                                                            »
«ans_4: ═════════════════════════════════════════════════════════════════════»
«                                                                            »
«ans_5: ═════════════════════════════════════════════════════════════════════»
«                                                                            »
«ans_6: ═════════════════════════════════════════════════════════════════════»
«                                                                            »
«ans_7: ═════════════════════════════════════════════════════════════════════»
«                                                                            »
«                 ┌──────────┐┌─────────┐     ┌───┐┌──────────────┐»
«  q_0: ───────■──┤ Rx(-π/2) ├┤ Rz(π/2) ├─────┤ X ├┤ U3(π,0,3π/2) ├»
«       ┌───┐  │  └──────────┘└─────────┘     └─┬─┘├─────────────┬┘»
«  q_1: ┤ X ├──┼───────────────────────────■────┼──┤ U3(π,0,π/2) ├─»
«       └─┬─┘  │  ┌──────────┐┌─────────┐┌─┴─┐  │  ├─────────────┴┐»
«  q_2: ──■────┼──┤ Rx(-π/2) ├┤ Rz(π/2) ├┤ X ├──┼──┤ U3(π,0,3π/2) ├»
«       ┌───┐  │  └──────────┘└─────────┘└───┘  │  ├─────────────┬┘»
«  q_3: ┤ X ├──┼───────────────────────────■────┼──┤ U3(π,0,π/2) ├─»
«       └─┬─┘  │  ┌──────────┐┌─────────┐┌─┴─┐  │  ├─────────────┴┐»
«  q_4: ──■────┼──┤ Rx(-π/2) ├┤ Rz(π/2) ├┤ X ├──┼──┤ U3(π,0,3π/2) ├»
«       ┌───┐  │  └──────────┘└─────────┘└───┘  │  ├─────────────┬┘»
«  q_5: ┤ X ├──┼───────────────────────────■────┼──┤ U3(π,0,π/2) ├─»
«       └─┬─┘  │  ┌──────────┐┌─────────┐┌─┴─┐  │  ├─────────────┴┐»
«  q_6: ──■────┼──┤ Rx(-π/2) ├┤ Rz(π/2) ├┤ X ├──┼──┤ U3(π,0,3π/2) ├»
«            ┌─┴─┐└──────────┘└─────────┘└───┘  │  ├─────────────┬┘»
«  q_7: ─────┤ X ├──────────────────────────────■──┤ U3(π,0,π/2) ├─»
«            └───┘                                 └─────────────┘ »
«ans_0: ═══════════════════════════════════════════════════════════»
«                                                                  »
«ans_1: ═══════════════════════════════════════════════════════════»
«                                                                  »
«ans_2: ═══════════════════════════════════════════════════════════»
«                                                                  »
«ans_3: ═══════════════════════════════════════════════════════════»
«                                                                  »
«ans_4: ═══════════════════════════════════════════════════════════»
«                                                                  »
«ans_5: ═══════════════════════════════════════════════════════════»
«                                                                  »
«ans_6: ═══════════════════════════════════════════════════════════»
«                                                                  »
«ans_7: ═══════════════════════════════════════════════════════════»
«                                                                  »
«        ┌──────────────────┐                ┌───┐┌─────────┐           »
«  q_0: ─┤ U3(π/2,π/2,3π/2) ├────────────────┤ X ├┤ Ry(π/2) ├────────■──»
«       ┌┴──────────────────┤┌─────────┐     └─┬─┘├─────────┴┐┌───┐  │  »
«  q_1: ┤ U3(π/2,3π/2,3π/2) ├┤ Rx(π/2) ├──■────┼──┤ Rx(2π/5) ├┤ X ├──┼──»
«       └┬──────────────────┤└─────────┘┌─┴─┐  │  ├─────────┬┘└─┬─┘  │  »
«  q_2: ─┤ U3(π/2,π/2,3π/2) ├───────────┤ X ├──┼──┤ Ry(π/2) ├───■────┼──»
«       ┌┴──────────────────┤┌─────────┐└───┘  │  ├─────────┴┐┌───┐  │  »
«  q_3: ┤ U3(π/2,3π/2,3π/2) ├┤ Rx(π/2) ├──■────┼──┤ Rx(2π/5) ├┤ X ├──┼──»
«       └┬──────────────────┤└─────────┘┌─┴─┐  │  ├─────────┬┘└─┬─┘  │  »
«  q_4: ─┤ U3(π/2,π/2,3π/2) ├───────────┤ X ├──┼──┤ Ry(π/2) ├───■────┼──»
«       ┌┴──────────────────┤┌─────────┐└───┘  │  ├─────────┴┐┌───┐  │  »
«  q_5: ┤ U3(π/2,3π/2,3π/2) ├┤ Rx(π/2) ├──■────┼──┤ Rx(2π/5) ├┤ X ├──┼──»
«       └┬──────────────────┤└─────────┘┌─┴─┐  │  ├─────────┬┘└─┬─┘  │  »
«  q_6: ─┤ U3(π/2,π/2,3π/2) ├───────────┤ X ├──┼──┤ Ry(π/2) ├───■────┼──»
«       ┌┴──────────────────┤┌─────────┐└───┘  │  ├─────────┴┐     ┌─┴─┐»
«  q_7: ┤ U3(π/2,3π/2,3π/2) ├┤ Rx(π/2) ├───────■──┤ Rx(2π/5) ├─────┤ X ├»
«       └───────────────────┘└─────────┘          └──────────┘     └───┘»
«ans_0: ════════════════════════════════════════════════════════════════»
«                                                                       »
«ans_1: ════════════════════════════════════════════════════════════════»
«                                                                       »
«ans_2: ════════════════════════════════════════════════════════════════»
«                                                                       »
«ans_3: ════════════════════════════════════════════════════════════════»
«                                                                       »
«ans_4: ════════════════════════════════════════════════════════════════»
«                                                                       »
«ans_5: ════════════════════════════════════════════════════════════════»
«                                                                       »
«ans_6: ════════════════════════════════════════════════════════════════»
«                                                                       »
«ans_7: ════════════════════════════════════════════════════════════════»
«                                                                       »
«       ┌──────────┐┌─────────┐     ┌───┐┌──────────────────┐┌─────────┐»
«  q_0: ┤ Rx(-π/2) ├┤ Rz(π/2) ├─────┤ X ├┤ U3(π/2,π/2,3π/2) ├┤ Rx(1.1) ├»
«       └──────────┘└─────────┘     └─┬─┘├─────────────────┬┘├─────────┤»
«  q_1: ─────────────────────────■────┼──┤ U3(π/2,π/2,π/2) ├─┤ Rx(1.1) ├»
«       ┌──────────┐┌─────────┐┌─┴─┐  │  ├─────────────────┴┐├─────────┤»
«  q_2: ┤ Rx(-π/2) ├┤ Rz(π/2) ├┤ X ├──┼──┤ U3(π/2,π/2,3π/2) ├┤ Rx(1.1) ├»
«       └──────────┘└─────────┘└───┘  │  ├─────────────────┬┘├─────────┤»
«  q_3: ─────────────────────────■────┼──┤ U3(π/2,π/2,π/2) ├─┤ Rx(1.1) ├»
«       ┌──────────┐┌─────────┐┌─┴─┐  │  ├─────────────────┴┐├─────────┤»
«  q_4: ┤ Rx(-π/2) ├┤ Rz(π/2) ├┤ X ├──┼──┤ U3(π/2,π/2,3π/2) ├┤ Rx(1.1) ├»
«       └──────────┘└─────────┘└───┘  │  ├─────────────────┬┘├─────────┤»
«  q_5: ─────────────────────────■────┼──┤ U3(π/2,π/2,π/2) ├─┤ Rx(1.1) ├»
«       ┌──────────┐┌─────────┐┌─┴─┐  │  ├─────────────────┴┐├─────────┤»
«  q_6: ┤ Rx(-π/2) ├┤ Rz(π/2) ├┤ X ├──┼──┤ U3(π/2,π/2,3π/2) ├┤ Rx(1.1) ├»
«       └──────────┘└─────────┘└───┘  │  ├─────────────────┬┘├─────────┤»
«  q_7: ──────────────────────────────■──┤ U3(π/2,π/2,π/2) ├─┤ Rx(1.1) ├»
«                                        └─────────────────┘ └─────────┘»
«ans_0: ════════════════════════════════════════════════════════════════»
«                                                                       »
«ans_1: ════════════════════════════════════════════════════════════════»
«                                                                       »
«ans_2: ════════════════════════════════════════════════════════════════»
«                                                                       »
«ans_3: ════════════════════════════════════════════════════════════════»
«                                                                       »
«ans_4: ════════════════════════════════════════════════════════════════»
«                                                                       »
«ans_5: ════════════════════════════════════════════════════════════════»
«                                                                       »
«ans_6: ════════════════════════════════════════════════════════════════»
«                                                                       »
«ans_7: ════════════════════════════════════════════════════════════════»
«                                                                       »
«       ┌─────────┐┌─────────┐┌───────────────┐   ┌─────────┐         »
«  q_0: ┤ Ry(1.1) ├┤ Rz(1.1) ├┤ U3(π/2,0,π/4) ├───┤ Rx(π/2) ├──────■──»
«       ├─────────┤├─────────┤└──┬──────────┬─┘┌──┴─────────┴───┐┌─┴─┐»
«  q_1: ┤ Ry(1.1) ├┤ Rz(1.1) ├───┤ Ry(-π/2) ├──┤ U3(π/2,π,3π/4) ├┤ X ├»
«       ├─────────┤├─────────┤┌──┴──────────┴─┐└──┬─────────┬───┘└───┘»
«  q_2: ┤ Ry(1.1) ├┤ Rz(1.1) ├┤ U3(π/2,0,π/4) ├───┤ Rx(π/2) ├──────■──»
«       ├─────────┤├─────────┤└──┬──────────┬─┘┌──┴─────────┴───┐┌─┴─┐»
«  q_3: ┤ Ry(1.1) ├┤ Rz(1.1) ├───┤ Ry(-π/2) ├──┤ U3(π/2,π,3π/4) ├┤ X ├»
«       ├─────────┤├─────────┤┌──┴──────────┴─┐└──┬─────────┬───┘└───┘»
«  q_4: ┤ Ry(1.1) ├┤ Rz(1.1) ├┤ U3(π/2,0,π/4) ├───┤ Rx(π/2) ├──────■──»
«       ├─────────┤├─────────┤└──┬──────────┬─┘┌──┴─────────┴───┐┌─┴─┐»
«  q_5: ┤ Ry(1.1) ├┤ Rz(1.1) ├───┤ Ry(-π/2) ├──┤ U3(π/2,π,3π/4) ├┤ X ├»
«       ├─────────┤├─────────┤┌──┴──────────┴─┐└──┬─────────┬───┘└───┘»
«  q_6: ┤ Ry(1.1) ├┤ Rz(1.1) ├┤ U3(π/2,0,π/4) ├───┤ Rx(π/2) ├──────■──»
«       ├─────────┤├─────────┤└──┬──────────┬─┘┌──┴─────────┴───┐┌─┴─┐»
«  q_7: ┤ Ry(1.1) ├┤ Rz(1.1) ├───┤ Ry(-π/2) ├──┤ U3(π/2,π,3π/4) ├┤ X ├»
«       └─────────┘└─────────┘   └──────────┘  └────────────────┘└───┘»
«ans_0: ══════════════════════════════════════════════════════════════»
«                                                                     »
«ans_1: ══════════════════════════════════════════════════════════════»
«                                                                     »
«ans_2: ══════════════════════════════════════════════════════════════»
«                                                                     »
«ans_3: ══════════════════════════════════════════════════════════════»
«                                                                     »
«ans_4: ══════════════════════════════════════════════════════════════»
«                                                                     »
«ans_5: ══════════════════════════════════════════════════════════════»
«                                                                     »
«ans_6: ══════════════════════════════════════════════════════════════»
«                                                                     »
«ans_7: ══════════════════════════════════════════════════════════════»
«                                                                     »
«       ┌──────────┐┌───┐                            ┌─────────────────┐»
«  q_0: ┤ Rx(π/20) ├┤ X ├─────────────────────────■──┤ U3(π/2,3π/10,π) ├»
«       ├─────────┬┘└─┬─┘┌──────────┐┌─────────┐┌─┴─┐└┬────────────────┤»
«  q_1: ┤ Ry(π/2) ├───■──┤ Rx(-π/2) ├┤ Rz(π/2) ├┤ X ├─┤ U3(π/2,9π/5,0) ├»
«       ├─────────┴┐┌───┐└──────────┘└─────────┘└───┘┌┴────────────────┤»
«  q_2: ┤ Rx(π/20) ├┤ X ├─────────────────────────■──┤ U3(π/2,3π/10,π) ├»
«       ├─────────┬┘└─┬─┘┌──────────┐┌─────────┐┌─┴─┐└┬────────────────┤»
«  q_3: ┤ Ry(π/2) ├───■──┤ Rx(-π/2) ├┤ Rz(π/2) ├┤ X ├─┤ U3(π/2,9π/5,0) ├»
«       ├─────────┴┐┌───┐└──────────┘└─────────┘└───┘┌┴────────────────┤»
«  q_4: ┤ Rx(π/20) ├┤ X ├─────────────────────────■──┤ U3(π/2,3π/10,π) ├»
«       ├─────────┬┘└─┬─┘┌──────────┐┌─────────┐┌─┴─┐└┬────────────────┤»
«  q_5: ┤ Ry(π/2) ├───■──┤ Rx(-π/2) ├┤ Rz(π/2) ├┤ X ├─┤ U3(π/2,9π/5,0) ├»
«       ├─────────┴┐┌───┐└──────────┘└─────────┘└───┘┌┴────────────────┤»
«  q_6: ┤ Rx(π/20) ├┤ X ├─────────────────────────■──┤ U3(π/2,3π/10,π) ├»
«       ├─────────┬┘└─┬─┘┌──────────┐┌─────────┐┌─┴─┐└┬────────────────┤»
«  q_7: ┤ Ry(π/2) ├───■──┤ Rx(-π/2) ├┤ Rz(π/2) ├┤ X ├─┤ U3(π/2,9π/5,0) ├»
«       └─────────┘      └──────────┘└─────────┘└───┘ └────────────────┘»
«ans_0: ════════════════════════════════════════════════════════════════»
«                                                                       »
«ans_1: ════════════════════════════════════════════════════════════════»
«                                                                       »
«ans_2: ════════════════════════════════════════════════════════════════»
«                                                                       »
«ans_3: ════════════════════════════════════════════════════════════════»
«                                                                       »
«ans_4: ════════════════════════════════════════════════════════════════»
«                                                                       »
«ans_5: ════════════════════════════════════════════════════════════════»
«                                                                       »
«ans_6: ════════════════════════════════════════════════════════════════»
«                                                                       »
«ans_7: ════════════════════════════════════════════════════════════════»
«                                                                       »
«       ┌───────────────┐   ┌─────────┐         ┌──────────┐┌───┐            »
«  q_0: ┤ U3(π/2,0,π/4) ├───┤ Rx(π/2) ├──────■──┤ Rx(π/20) ├┤ X ├────────────»
«       └──┬─────────┬──┘┌──┴─────────┴───┐┌─┴─┐├─────────┬┘└─┬─┘┌──────────┐»
«  q_1: ───┤ Ry(π/2) ├───┤ U3(π/2,π,3π/4) ├┤ X ├┤ Ry(π/2) ├───■──┤ Rx(-π/2) ├»
«       ┌──┴─────────┴──┐└──┬─────────┬───┘└───┘├─────────┴┐┌───┐└──────────┘»
«  q_2: ┤ U3(π/2,0,π/4) ├───┤ Rx(π/2) ├──────■──┤ Rx(π/20) ├┤ X ├────────────»
«       └──┬─────────┬──┘┌──┴─────────┴───┐┌─┴─┐├─────────┬┘└─┬─┘┌──────────┐»
«  q_3: ───┤ Ry(π/2) ├───┤ U3(π/2,π,3π/4) ├┤ X ├┤ Ry(π/2) ├───■──┤ Rx(-π/2) ├»
«       ┌──┴─────────┴──┐└──┬─────────┬───┘└───┘├─────────┴┐┌───┐└──────────┘»
«  q_4: ┤ U3(π/2,0,π/4) ├───┤ Rx(π/2) ├──────■──┤ Rx(π/20) ├┤ X ├────────────»
«       └──┬─────────┬──┘┌──┴─────────┴───┐┌─┴─┐├─────────┬┘└─┬─┘┌──────────┐»
«  q_5: ───┤ Ry(π/2) ├───┤ U3(π/2,π,3π/4) ├┤ X ├┤ Ry(π/2) ├───■──┤ Rx(-π/2) ├»
«       ┌──┴─────────┴──┐└──┬─────────┬───┘└───┘├─────────┴┐┌───┐└──────────┘»
«  q_6: ┤ U3(π/2,0,π/4) ├───┤ Rx(π/2) ├──────■──┤ Rx(π/20) ├┤ X ├────────────»
«       └──┬─────────┬──┘┌──┴─────────┴───┐┌─┴─┐├─────────┬┘└─┬─┘┌──────────┐»
«  q_7: ───┤ Ry(π/2) ├───┤ U3(π/2,π,3π/4) ├┤ X ├┤ Ry(π/2) ├───■──┤ Rx(-π/2) ├»
«          └─────────┘   └────────────────┘└───┘└─────────┘      └──────────┘»
«ans_0: ═════════════════════════════════════════════════════════════════════»
«                                                                            »
«ans_1: ═════════════════════════════════════════════════════════════════════»
«                                                                            »
«ans_2: ═════════════════════════════════════════════════════════════════════»
«                                                                            »
«ans_3: ═════════════════════════════════════════════════════════════════════»
«                                                                            »
«ans_4: ═════════════════════════════════════════════════════════════════════»
«                                                                            »
«ans_5: ═════════════════════════════════════════════════════════════════════»
«                                                                            »
«ans_6: ═════════════════════════════════════════════════════════════════════»
«                                                                            »
«ans_7: ═════════════════════════════════════════════════════════════════════»
«                                                                            »
«                       ┌─────────────────┐   ┌──────────┐  ┌────────────────┐»
«  q_0: ─────────────■──┤ U3(π/2,3π/10,π) ├───┤ Ry(-π/2) ├──┤ U3(π/2,π,3π/4) ├»
«       ┌─────────┐┌─┴─┐└┬────────────────┤┌──┴──────────┴─┐└──┬─────────┬───┘»
«  q_1: ┤ Rz(π/2) ├┤ X ├─┤ U3(π/2,9π/5,0) ├┤ U3(π/2,0,π/4) ├───┤ Rx(π/2) ├────»
«       └─────────┘└───┘┌┴────────────────┤└──┬──────────┬─┘┌──┴─────────┴───┐»
«  q_2: ─────────────■──┤ U3(π/2,3π/10,π) ├───┤ Ry(-π/2) ├──┤ U3(π/2,π,3π/4) ├»
«       ┌─────────┐┌─┴─┐└┬────────────────┤┌──┴──────────┴─┐└──┬─────────┬───┘»
«  q_3: ┤ Rz(π/2) ├┤ X ├─┤ U3(π/2,9π/5,0) ├┤ U3(π/2,0,π/4) ├───┤ Rx(π/2) ├────»
«       └─────────┘└───┘┌┴────────────────┤└──┬──────────┬─┘┌──┴─────────┴───┐»
«  q_4: ─────────────■──┤ U3(π/2,3π/10,π) ├───┤ Ry(-π/2) ├──┤ U3(π/2,π,3π/4) ├»
«       ┌─────────┐┌─┴─┐└┬────────────────┤┌──┴──────────┴─┐└──┬─────────┬───┘»
«  q_5: ┤ Rz(π/2) ├┤ X ├─┤ U3(π/2,9π/5,0) ├┤ U3(π/2,0,π/4) ├───┤ Rx(π/2) ├────»
«       └─────────┘└───┘┌┴────────────────┤└──┬──────────┬─┘┌──┴─────────┴───┐»
«  q_6: ─────────────■──┤ U3(π/2,3π/10,π) ├───┤ Ry(-π/2) ├──┤ U3(π/2,π,3π/4) ├»
«       ┌─────────┐┌─┴─┐└┬────────────────┤┌──┴──────────┴─┐└──┬─────────┬───┘»
«  q_7: ┤ Rz(π/2) ├┤ X ├─┤ U3(π/2,9π/5,0) ├┤ U3(π/2,0,π/4) ├───┤ Rx(π/2) ├────»
«       └─────────┘└───┘ └────────────────┘└───────────────┘   └─────────┘    »
«ans_0: ══════════════════════════════════════════════════════════════════════»
«                                                                             »
«ans_1: ══════════════════════════════════════════════════════════════════════»
«                                                                             »
«ans_2: ══════════════════════════════════════════════════════════════════════»
«                                                                             »
«ans_3: ══════════════════════════════════════════════════════════════════════»
«                                                                             »
«ans_4: ══════════════════════════════════════════════════════════════════════»
«                                                                             »
«ans_5: ══════════════════════════════════════════════════════════════════════»
«                                                                             »
«ans_6: ══════════════════════════════════════════════════════════════════════»
«                                                                             »
«ans_7: ══════════════════════════════════════════════════════════════════════»
«                                                                             »
«            ┌───┐┌─────────┐           ┌──────────┐┌─────────┐     ┌───┐»
«  q_0: ─────┤ X ├┤ Ry(π/2) ├────────■──┤ Rx(-π/2) ├┤ Rz(π/2) ├─────┤ X ├»
«            └─┬─┘├─────────┴┐┌───┐  │  └──────────┘└─────────┘     └─┬─┘»
«  q_1: ──■────┼──┤ Rx(π/20) ├┤ X ├──┼───────────────────────────■────┼──»
«       ┌─┴─┐  │  ├─────────┬┘└─┬─┘  │  ┌──────────┐┌─────────┐┌─┴─┐  │  »
«  q_2: ┤ X ├──┼──┤ Ry(π/2) ├───■────┼──┤ Rx(-π/2) ├┤ Rz(π/2) ├┤ X ├──┼──»
«       └───┘  │  ├─────────┴┐┌───┐  │  └──────────┘└─────────┘└───┘  │  »
«  q_3: ──■────┼──┤ Rx(π/20) ├┤ X ├──┼───────────────────────────■────┼──»
«       ┌─┴─┐  │  ├─────────┬┘└─┬─┘  │  ┌──────────┐┌─────────┐┌─┴─┐  │  »
«  q_4: ┤ X ├──┼──┤ Ry(π/2) ├───■────┼──┤ Rx(-π/2) ├┤ Rz(π/2) ├┤ X ├──┼──»
«       └───┘  │  ├─────────┴┐┌───┐  │  └──────────┘└─────────┘└───┘  │  »
«  q_5: ──■────┼──┤ Rx(π/20) ├┤ X ├──┼───────────────────────────■────┼──»
«       ┌─┴─┐  │  ├─────────┬┘└─┬─┘  │  ┌──────────┐┌─────────┐┌─┴─┐  │  »
«  q_6: ┤ X ├──┼──┤ Ry(π/2) ├───■────┼──┤ Rx(-π/2) ├┤ Rz(π/2) ├┤ X ├──┼──»
«       └───┘  │  ├─────────┴┐     ┌─┴─┐└──────────┘└─────────┘└───┘  │  »
«  q_7: ───────■──┤ Rx(π/20) ├─────┤ X ├──────────────────────────────■──»
«                 └──────────┘     └───┘                                 »
«ans_0: ═════════════════════════════════════════════════════════════════»
«                                                                        »
«ans_1: ═════════════════════════════════════════════════════════════════»
«                                                                        »
«ans_2: ═════════════════════════════════════════════════════════════════»
«                                                                        »
«ans_3: ═════════════════════════════════════════════════════════════════»
«                                                                        »
«ans_4: ═════════════════════════════════════════════════════════════════»
«                                                                        »
«ans_5: ═════════════════════════════════════════════════════════════════»
«                                                                        »
«ans_6: ═════════════════════════════════════════════════════════════════»
«                                                                        »
«ans_7: ═════════════════════════════════════════════════════════════════»
«                                                                        »
«        ┌────────────────┐   ┌─────────┐   ┌────────────────┐     ┌───┐»
«  q_0: ─┤ U3(π/2,9π/5,0) ├───┤ Ry(π/2) ├───┤ U3(π/2,π,3π/4) ├─────┤ X ├»
«       ┌┴────────────────┤┌──┴─────────┴──┐└──┬─────────┬───┘     └─┬─┘»
«  q_1: ┤ U3(π/2,3π/10,π) ├┤ U3(π/2,0,π/4) ├───┤ Rx(π/2) ├──────■────┼──»
«       └┬────────────────┤└──┬─────────┬──┘┌──┴─────────┴───┐┌─┴─┐  │  »
«  q_2: ─┤ U3(π/2,9π/5,0) ├───┤ Ry(π/2) ├───┤ U3(π/2,π,3π/4) ├┤ X ├──┼──»
«       ┌┴────────────────┤┌──┴─────────┴──┐└──┬─────────┬───┘└───┘  │  »
«  q_3: ┤ U3(π/2,3π/10,π) ├┤ U3(π/2,0,π/4) ├───┤ Rx(π/2) ├──────■────┼──»
«       └┬────────────────┤└──┬─────────┬──┘┌──┴─────────┴───┐┌─┴─┐  │  »
«  q_4: ─┤ U3(π/2,9π/5,0) ├───┤ Ry(π/2) ├───┤ U3(π/2,π,3π/4) ├┤ X ├──┼──»
«       ┌┴────────────────┤┌──┴─────────┴──┐└──┬─────────┬───┘└───┘  │  »
«  q_5: ┤ U3(π/2,3π/10,π) ├┤ U3(π/2,0,π/4) ├───┤ Rx(π/2) ├──────■────┼──»
«       └┬────────────────┤└──┬─────────┬──┘┌──┴─────────┴───┐┌─┴─┐  │  »
«  q_6: ─┤ U3(π/2,9π/5,0) ├───┤ Ry(π/2) ├───┤ U3(π/2,π,3π/4) ├┤ X ├──┼──»
«       ┌┴────────────────┤┌──┴─────────┴──┐└──┬─────────┬───┘└───┘  │  »
«  q_7: ┤ U3(π/2,3π/10,π) ├┤ U3(π/2,0,π/4) ├───┤ Rx(π/2) ├───────────■──»
«       └─────────────────┘└───────────────┘   └─────────┘              »
«ans_0: ════════════════════════════════════════════════════════════════»
«                                                                       »
«ans_1: ════════════════════════════════════════════════════════════════»
«                                                                       »
«ans_2: ════════════════════════════════════════════════════════════════»
«                                                                       »
«ans_3: ════════════════════════════════════════════════════════════════»
«                                                                       »
«ans_4: ════════════════════════════════════════════════════════════════»
«                                                                       »
«ans_5: ════════════════════════════════════════════════════════════════»
«                                                                       »
«ans_6: ════════════════════════════════════════════════════════════════»
«                                                                       »
«ans_7: ════════════════════════════════════════════════════════════════»
«                                                                       »
«       ┌─────────┐           ┌──────────┐┌─────────┐     ┌───┐»
«  q_0: ┤ Ry(π/2) ├────────■──┤ Rx(-π/2) ├┤ Rz(π/2) ├─────┤ X ├»
«       ├─────────┴┐┌───┐  │  └──────────┘└─────────┘     └─┬─┘»
«  q_1: ┤ Rx(π/20) ├┤ X ├──┼───────────────────────────■────┼──»
«       ├─────────┬┘└─┬─┘  │  ┌──────────┐┌─────────┐┌─┴─┐  │  »
«  q_2: ┤ Ry(π/2) ├───■────┼──┤ Rx(-π/2) ├┤ Rz(π/2) ├┤ X ├──┼──»
«       ├─────────┴┐┌───┐  │  └──────────┘└─────────┘└───┘  │  »
«  q_3: ┤ Rx(π/20) ├┤ X ├──┼───────────────────────────■────┼──»
«       ├─────────┬┘└─┬─┘  │  ┌──────────┐┌─────────┐┌─┴─┐  │  »
«  q_4: ┤ Ry(π/2) ├───■────┼──┤ Rx(-π/2) ├┤ Rz(π/2) ├┤ X ├──┼──»
«       ├─────────┴┐┌───┐  │  └──────────┘└─────────┘└───┘  │  »
«  q_5: ┤ Rx(π/20) ├┤ X ├──┼───────────────────────────■────┼──»
«       ├─────────┬┘└─┬─┘  │  ┌──────────┐┌─────────┐┌─┴─┐  │  »
«  q_6: ┤ Ry(π/2) ├───■────┼──┤ Rx(-π/2) ├┤ Rz(π/2) ├┤ X ├──┼──»
«       ├─────────┴┐     ┌─┴─┐└──────────┘└─────────┘└───┘  │  »
«  q_7: ┤ Rx(π/20) ├─────┤ X ├──────────────────────────────■──»
«       └──────────┘     └───┘                                 »
«ans_0: ═══════════════════════════════════════════════════════»
«                                                              »
«ans_1: ═══════════════════════════════════════════════════════»
«                                                              »
«ans_2: ═══════════════════════════════════════════════════════»
«                                                              »
«ans_3: ═══════════════════════════════════════════════════════»
«                                                              »
«ans_4: ═══════════════════════════════════════════════════════»
«                                                              »
«ans_5: ═══════════════════════════════════════════════════════»
«                                                              »
«ans_6: ═══════════════════════════════════════════════════════»
«                                                              »
«ans_7: ═══════════════════════════════════════════════════════»
«                                                              »
«        ┌────────────────┐┌─────────┐┌─────────┐┌─────────┐┌────────────┐»
«  q_0: ─┤ U3(π/2,9π/5,0) ├┤ Rx(1.1) ├┤ Ry(1.1) ├┤ Rz(1.1) ├┤ Rz(11π/10) ├»
«       ┌┴────────────────┤├─────────┤├─────────┤├─────────┤├────────────┤»
«  q_1: ┤ U3(π/2,3π/10,π) ├┤ Rx(1.1) ├┤ Ry(1.1) ├┤ Rz(1.1) ├┤ Rz(11π/10) ├»
«       └┬────────────────┤├─────────┤├─────────┤├─────────┤├────────────┤»
«  q_2: ─┤ U3(π/2,9π/5,0) ├┤ Rx(1.1) ├┤ Ry(1.1) ├┤ Rz(1.1) ├┤ Rz(11π/10) ├»
«       ┌┴────────────────┤├─────────┤├─────────┤├─────────┤├────────────┤»
«  q_3: ┤ U3(π/2,3π/10,π) ├┤ Rx(1.1) ├┤ Ry(1.1) ├┤ Rz(1.1) ├┤ Rz(11π/10) ├»
«       └┬────────────────┤├─────────┤├─────────┤├─────────┤├────────────┤»
«  q_4: ─┤ U3(π/2,9π/5,0) ├┤ Rx(1.1) ├┤ Ry(1.1) ├┤ Rz(1.1) ├┤ Rz(11π/10) ├»
«       ┌┴────────────────┤├─────────┤├─────────┤├─────────┤├────────────┤»
«  q_5: ┤ U3(π/2,3π/10,π) ├┤ Rx(1.1) ├┤ Ry(1.1) ├┤ Rz(1.1) ├┤ Rz(11π/10) ├»
«       └┬────────────────┤├─────────┤├─────────┤├─────────┤├────────────┤»
«  q_6: ─┤ U3(π/2,9π/5,0) ├┤ Rx(1.1) ├┤ Ry(1.1) ├┤ Rz(1.1) ├┤ Rz(11π/10) ├»
«       ┌┴────────────────┤├─────────┤├─────────┤├─────────┤├────────────┤»
«  q_7: ┤ U3(π/2,3π/10,π) ├┤ Rx(1.1) ├┤ Ry(1.1) ├┤ Rz(1.1) ├┤ Rz(11π/10) ├»
«       └─────────────────┘└─────────┘└─────────┘└─────────┘└────────────┘»
«ans_0: ══════════════════════════════════════════════════════════════════»
«                                                                         »
«ans_1: ══════════════════════════════════════════════════════════════════»
«                                                                         »
«ans_2: ══════════════════════════════════════════════════════════════════»
«                                                                         »
«ans_3: ══════════════════════════════════════════════════════════════════»
«                                                                         »
«ans_4: ══════════════════════════════════════════════════════════════════»
«                                                                         »
«ans_5: ══════════════════════════════════════════════════════════════════»
«                                                                         »
«ans_6: ══════════════════════════════════════════════════════════════════»
«                                                                         »
«ans_7: ══════════════════════════════════════════════════════════════════»
«                                                                         »
«       ┌───────────────┐ ┌─────────┐     ┌──────────┐┌───┐            »
«  q_0: ┤ U3(π/2,0,π/4) ├─┤ Rx(π/2) ├──■──┤ Rx(2π/5) ├┤ X ├────────────»
«       ├───────────────┴┐└─────────┘┌─┴─┐├─────────┬┘└─┬─┘┌──────────┐»
«  q_1: ┤ U3(π/2,π,3π/4) ├───────────┤ X ├┤ Ry(π/2) ├───■──┤ Rx(-π/2) ├»
«       ├───────────────┬┘┌─────────┐└───┘├─────────┴┐┌───┐└──────────┘»
«  q_2: ┤ U3(π/2,0,π/4) ├─┤ Rx(π/2) ├──■──┤ Rx(2π/5) ├┤ X ├────────────»
«       ├───────────────┴┐└─────────┘┌─┴─┐├─────────┬┘└─┬─┘┌──────────┐»
«  q_3: ┤ U3(π/2,π,3π/4) ├───────────┤ X ├┤ Ry(π/2) ├───■──┤ Rx(-π/2) ├»
«       ├───────────────┬┘┌─────────┐└───┘├─────────┴┐┌───┐└──────────┘»
«  q_4: ┤ U3(π/2,0,π/4) ├─┤ Rx(π/2) ├──■──┤ Rx(2π/5) ├┤ X ├────────────»
«       ├───────────────┴┐└─────────┘┌─┴─┐├─────────┬┘└─┬─┘┌──────────┐»
«  q_5: ┤ U3(π/2,π,3π/4) ├───────────┤ X ├┤ Ry(π/2) ├───■──┤ Rx(-π/2) ├»
«       ├───────────────┬┘┌─────────┐└───┘├─────────┴┐┌───┐└──────────┘»
«  q_6: ┤ U3(π/2,0,π/4) ├─┤ Rx(π/2) ├──■──┤ Rx(2π/5) ├┤ X ├────────────»
«       ├───────────────┴┐└─────────┘┌─┴─┐├─────────┬┘└─┬─┘┌──────────┐»
«  q_7: ┤ U3(π/2,π,3π/4) ├───────────┤ X ├┤ Ry(π/2) ├───■──┤ Rx(-π/2) ├»
«       └────────────────┘           └───┘└─────────┘      └──────────┘»
«ans_0: ═══════════════════════════════════════════════════════════════»
«                                                                      »
«ans_1: ═══════════════════════════════════════════════════════════════»
«                                                                      »
«ans_2: ═══════════════════════════════════════════════════════════════»
«                                                                      »
«ans_3: ═══════════════════════════════════════════════════════════════»
«                                                                      »
«ans_4: ═══════════════════════════════════════════════════════════════»
«                                                                      »
«ans_5: ═══════════════════════════════════════════════════════════════»
«                                                                      »
«ans_6: ═══════════════════════════════════════════════════════════════»
«                                                                      »
«ans_7: ═══════════════════════════════════════════════════════════════»
«                                                                      »
«                        ┌─────────────────┐ ┌─────────────┐┌─────────┐     »
«  q_0: ─────────────■───┤ U3(π/2,2.042,π) ├─┤ U3(0,π,π/2) ├┤ Rx(π/2) ├──■──»
«       ┌─────────┐┌─┴─┐┌┴─────────────────┴┐├─────────────┤└─────────┘┌─┴─┐»
«  q_1: ┤ Rz(π/2) ├┤ X ├┤ U3(π/2,0.47124,0) ├┤ U3(0,0,π/2) ├───────────┤ X ├»
«       └─────────┘└───┘└┬─────────────────┬┘├─────────────┤┌─────────┐└───┘»
«  q_2: ─────────────■───┤ U3(π/2,2.042,π) ├─┤ U3(0,π,π/2) ├┤ Rx(π/2) ├──■──»
«       ┌─────────┐┌─┴─┐┌┴─────────────────┴┐├─────────────┤└─────────┘┌─┴─┐»
«  q_3: ┤ Rz(π/2) ├┤ X ├┤ U3(π/2,0.47124,0) ├┤ U3(0,0,π/2) ├───────────┤ X ├»
«       └─────────┘└───┘└┬─────────────────┬┘├─────────────┤┌─────────┐└───┘»
«  q_4: ─────────────■───┤ U3(π/2,2.042,π) ├─┤ U3(0,π,π/2) ├┤ Rx(π/2) ├──■──»
«       ┌─────────┐┌─┴─┐┌┴─────────────────┴┐├─────────────┤└─────────┘┌─┴─┐»
«  q_5: ┤ Rz(π/2) ├┤ X ├┤ U3(π/2,0.47124,0) ├┤ U3(0,0,π/2) ├───────────┤ X ├»
«       └─────────┘└───┘└┬─────────────────┬┘├─────────────┤┌─────────┐└───┘»
«  q_6: ─────────────■───┤ U3(π/2,2.042,π) ├─┤ U3(0,π,π/2) ├┤ Rx(π/2) ├──■──»
«       ┌─────────┐┌─┴─┐┌┴─────────────────┴┐├─────────────┤└─────────┘┌─┴─┐»
«  q_7: ┤ Rz(π/2) ├┤ X ├┤ U3(π/2,0.47124,0) ├┤ U3(0,0,π/2) ├───────────┤ X ├»
«       └─────────┘└───┘└───────────────────┘└─────────────┘           └───┘»
«ans_0: ════════════════════════════════════════════════════════════════════»
«                                                                           »
«ans_1: ════════════════════════════════════════════════════════════════════»
«                                                                           »
«ans_2: ════════════════════════════════════════════════════════════════════»
«                                                                           »
«ans_3: ════════════════════════════════════════════════════════════════════»
«                                                                           »
«ans_4: ════════════════════════════════════════════════════════════════════»
«                                                                           »
«ans_5: ════════════════════════════════════════════════════════════════════»
«                                                                           »
«ans_6: ════════════════════════════════════════════════════════════════════»
«                                                                           »
«ans_7: ════════════════════════════════════════════════════════════════════»
«                                                                           »
«       ┌──────────┐┌───┐                            ┌─────────────┐ »
«  q_0: ┤ Rx(2π/5) ├┤ X ├─────────────────────────■──┤ U3(π,0,π/2) ├─»
«       ├─────────┬┘└─┬─┘┌──────────┐┌─────────┐┌─┴─┐├─────────────┴┐»
«  q_1: ┤ Ry(π/2) ├───■──┤ Rx(-π/2) ├┤ Rz(π/2) ├┤ X ├┤ U3(π,0,3π/2) ├»
«       ├─────────┴┐┌───┐└──────────┘└─────────┘└───┘├─────────────┬┘»
«  q_2: ┤ Rx(2π/5) ├┤ X ├─────────────────────────■──┤ U3(π,0,π/2) ├─»
«       ├─────────┬┘└─┬─┘┌──────────┐┌─────────┐┌─┴─┐├─────────────┴┐»
«  q_3: ┤ Ry(π/2) ├───■──┤ Rx(-π/2) ├┤ Rz(π/2) ├┤ X ├┤ U3(π,0,3π/2) ├»
«       ├─────────┴┐┌───┐└──────────┘└─────────┘└───┘├─────────────┬┘»
«  q_4: ┤ Rx(2π/5) ├┤ X ├─────────────────────────■──┤ U3(π,0,π/2) ├─»
«       ├─────────┬┘└─┬─┘┌──────────┐┌─────────┐┌─┴─┐├─────────────┴┐»
«  q_5: ┤ Ry(π/2) ├───■──┤ Rx(-π/2) ├┤ Rz(π/2) ├┤ X ├┤ U3(π,0,3π/2) ├»
«       ├─────────┴┐┌───┐└──────────┘└─────────┘└───┘├─────────────┬┘»
«  q_6: ┤ Rx(2π/5) ├┤ X ├─────────────────────────■──┤ U3(π,0,π/2) ├─»
«       ├─────────┬┘└─┬─┘┌──────────┐┌─────────┐┌─┴─┐├─────────────┴┐»
«  q_7: ┤ Ry(π/2) ├───■──┤ Rx(-π/2) ├┤ Rz(π/2) ├┤ X ├┤ U3(π,0,3π/2) ├»
«       └─────────┘      └──────────┘└─────────┘└───┘└──────────────┘»
«ans_0: ═════════════════════════════════════════════════════════════»
«                                                                    »
«ans_1: ═════════════════════════════════════════════════════════════»
«                                                                    »
«ans_2: ═════════════════════════════════════════════════════════════»
«                                                                    »
«ans_3: ═════════════════════════════════════════════════════════════»
«                                                                    »
«ans_4: ═════════════════════════════════════════════════════════════»
«                                                                    »
«ans_5: ═════════════════════════════════════════════════════════════»
«                                                                    »
«ans_6: ═════════════════════════════════════════════════════════════»
«                                                                    »
«ans_7: ═════════════════════════════════════════════════════════════»
«                                                                    »
«       ┌───────────────────┐┌─────────┐     ┌──────────┐┌───┐            »
«  q_0: ┤ U3(π/2,3π/2,3π/2) ├┤ Rx(π/2) ├──■──┤ Rx(2π/5) ├┤ X ├────────────»
«       └┬──────────────────┤└─────────┘┌─┴─┐├─────────┬┘└─┬─┘┌──────────┐»
«  q_1: ─┤ U3(π/2,π/2,3π/2) ├───────────┤ X ├┤ Ry(π/2) ├───■──┤ Rx(-π/2) ├»
«       ┌┴──────────────────┤┌─────────┐└───┘├─────────┴┐┌───┐└──────────┘»
«  q_2: ┤ U3(π/2,3π/2,3π/2) ├┤ Rx(π/2) ├──■──┤ Rx(2π/5) ├┤ X ├────────────»
«       └┬──────────────────┤└─────────┘┌─┴─┐├─────────┬┘└─┬─┘┌──────────┐»
«  q_3: ─┤ U3(π/2,π/2,3π/2) ├───────────┤ X ├┤ Ry(π/2) ├───■──┤ Rx(-π/2) ├»
«       ┌┴──────────────────┤┌─────────┐└───┘├─────────┴┐┌───┐└──────────┘»
«  q_4: ┤ U3(π/2,3π/2,3π/2) ├┤ Rx(π/2) ├──■──┤ Rx(2π/5) ├┤ X ├────────────»
«       └┬──────────────────┤└─────────┘┌─┴─┐├─────────┬┘└─┬─┘┌──────────┐»
«  q_5: ─┤ U3(π/2,π/2,3π/2) ├───────────┤ X ├┤ Ry(π/2) ├───■──┤ Rx(-π/2) ├»
«       ┌┴──────────────────┤┌─────────┐└───┘├─────────┴┐┌───┐└──────────┘»
«  q_6: ┤ U3(π/2,3π/2,3π/2) ├┤ Rx(π/2) ├──■──┤ Rx(2π/5) ├┤ X ├────────────»
«       └┬──────────────────┤└─────────┘┌─┴─┐├─────────┬┘└─┬─┘┌──────────┐»
«  q_7: ─┤ U3(π/2,π/2,3π/2) ├───────────┤ X ├┤ Ry(π/2) ├───■──┤ Rx(-π/2) ├»
«        └──────────────────┘           └───┘└─────────┘      └──────────┘»
«ans_0: ══════════════════════════════════════════════════════════════════»
«                                                                         »
«ans_1: ══════════════════════════════════════════════════════════════════»
«                                                                         »
«ans_2: ══════════════════════════════════════════════════════════════════»
«                                                                         »
«ans_3: ══════════════════════════════════════════════════════════════════»
«                                                                         »
«ans_4: ══════════════════════════════════════════════════════════════════»
«                                                                         »
«ans_5: ══════════════════════════════════════════════════════════════════»
«                                                                         »
«ans_6: ══════════════════════════════════════════════════════════════════»
«                                                                         »
«ans_7: ══════════════════════════════════════════════════════════════════»
«                                                                         »
«                       ┌─────────────────┐ ┌─────────┐┌─────────┐┌─────────┐»
«  q_0: ─────────────■──┤ U3(π/2,π/2,π/2) ├─┤ Rx(1.1) ├┤ Ry(1.1) ├┤ Rz(1.1) ├»
«       ┌─────────┐┌─┴─┐├─────────────────┴┐├─────────┤├─────────┤├─────────┤»
«  q_1: ┤ Rz(π/2) ├┤ X ├┤ U3(π/2,π/2,3π/2) ├┤ Rx(1.1) ├┤ Ry(1.1) ├┤ Rz(1.1) ├»
«       └─────────┘└───┘├─────────────────┬┘├─────────┤├─────────┤├─────────┤»
«  q_2: ─────────────■──┤ U3(π/2,π/2,π/2) ├─┤ Rx(1.1) ├┤ Ry(1.1) ├┤ Rz(1.1) ├»
«       ┌─────────┐┌─┴─┐├─────────────────┴┐├─────────┤├─────────┤├─────────┤»
«  q_3: ┤ Rz(π/2) ├┤ X ├┤ U3(π/2,π/2,3π/2) ├┤ Rx(1.1) ├┤ Ry(1.1) ├┤ Rz(1.1) ├»
«       └─────────┘└───┘├─────────────────┬┘├─────────┤├─────────┤├─────────┤»
«  q_4: ─────────────■──┤ U3(π/2,π/2,π/2) ├─┤ Rx(1.1) ├┤ Ry(1.1) ├┤ Rz(1.1) ├»
«       ┌─────────┐┌─┴─┐├─────────────────┴┐├─────────┤├─────────┤├─────────┤»
«  q_5: ┤ Rz(π/2) ├┤ X ├┤ U3(π/2,π/2,3π/2) ├┤ Rx(1.1) ├┤ Ry(1.1) ├┤ Rz(1.1) ├»
«       └─────────┘└───┘├─────────────────┬┘├─────────┤├─────────┤├─────────┤»
«  q_6: ─────────────■──┤ U3(π/2,π/2,π/2) ├─┤ Rx(1.1) ├┤ Ry(1.1) ├┤ Rz(1.1) ├»
«       ┌─────────┐┌─┴─┐├─────────────────┴┐├─────────┤├─────────┤├─────────┤»
«  q_7: ┤ Rz(π/2) ├┤ X ├┤ U3(π/2,π/2,3π/2) ├┤ Rx(1.1) ├┤ Ry(1.1) ├┤ Rz(1.1) ├»
«       └─────────┘└───┘└──────────────────┘└─────────┘└─────────┘└─────────┘»
«ans_0: ═════════════════════════════════════════════════════════════════════»
«                                                                            »
«ans_1: ═════════════════════════════════════════════════════════════════════»
«                                                                            »
«ans_2: ═════════════════════════════════════════════════════════════════════»
«                                                                            »
«ans_3: ═════════════════════════════════════════════════════════════════════»
«                                                                            »
«ans_4: ═════════════════════════════════════════════════════════════════════»
«                                                                            »
«ans_5: ═════════════════════════════════════════════════════════════════════»
«                                                                            »
«ans_6: ═════════════════════════════════════════════════════════════════════»
«                                                                            »
«ans_7: ═════════════════════════════════════════════════════════════════════»
«                                                                            »
«       ┌─────────┐┌─────────┐┌─────────┐┌────────────┐┌────────────────┐»
«  q_0: ┤ Rx(1.1) ├┤ Ry(1.1) ├┤ Rz(1.1) ├┤ Rz(11π/10) ├┤ U3(π/2,π,3π/4) ├»
«       ├─────────┤├─────────┤├─────────┤├────────────┤├───────────────┬┘»
«  q_1: ┤ Rx(1.1) ├┤ Ry(1.1) ├┤ Rz(1.1) ├┤ Rz(11π/10) ├┤ U3(π/2,0,π/4) ├─»
«       ├─────────┤├─────────┤├─────────┤├────────────┤├───────────────┴┐»
«  q_2: ┤ Rx(1.1) ├┤ Ry(1.1) ├┤ Rz(1.1) ├┤ Rz(11π/10) ├┤ U3(π/2,π,3π/4) ├»
«       ├─────────┤├─────────┤├─────────┤├────────────┤├───────────────┬┘»
«  q_3: ┤ Rx(1.1) ├┤ Ry(1.1) ├┤ Rz(1.1) ├┤ Rz(11π/10) ├┤ U3(π/2,0,π/4) ├─»
«       ├─────────┤├─────────┤├─────────┤├────────────┤├───────────────┴┐»
«  q_4: ┤ Rx(1.1) ├┤ Ry(1.1) ├┤ Rz(1.1) ├┤ Rz(11π/10) ├┤ U3(π/2,π,3π/4) ├»
«       ├─────────┤├─────────┤├─────────┤├────────────┤├───────────────┬┘»
«  q_5: ┤ Rx(1.1) ├┤ Ry(1.1) ├┤ Rz(1.1) ├┤ Rz(11π/10) ├┤ U3(π/2,0,π/4) ├─»
«       ├─────────┤├─────────┤├─────────┤├────────────┤├───────────────┴┐»
«  q_6: ┤ Rx(1.1) ├┤ Ry(1.1) ├┤ Rz(1.1) ├┤ Rz(11π/10) ├┤ U3(π/2,π,3π/4) ├»
«       ├─────────┤├─────────┤├─────────┤├────────────┤├───────────────┬┘»
«  q_7: ┤ Rx(1.1) ├┤ Ry(1.1) ├┤ Rz(1.1) ├┤ Rz(11π/10) ├┤ U3(π/2,0,π/4) ├─»
«       └─────────┘└─────────┘└─────────┘└────────────┘└───────────────┘ »
«ans_0: ═════════════════════════════════════════════════════════════════»
«                                                                        »
«ans_1: ═════════════════════════════════════════════════════════════════»
«                                                                        »
«ans_2: ═════════════════════════════════════════════════════════════════»
«                                                                        »
«ans_3: ═════════════════════════════════════════════════════════════════»
«                                                                        »
«ans_4: ═════════════════════════════════════════════════════════════════»
«                                                                        »
«ans_5: ═════════════════════════════════════════════════════════════════»
«                                                                        »
«ans_6: ═════════════════════════════════════════════════════════════════»
«                                                                        »
«ans_7: ═════════════════════════════════════════════════════════════════»
«                                                                        »
«                       ┌───┐┌─────────┐           ┌──────────┐┌─────────┐     »
«  q_0: ────────────────┤ X ├┤ Ry(π/2) ├────────■──┤ Rx(-π/2) ├┤ Rz(π/2) ├─────»
«       ┌─────────┐     └─┬─┘├─────────┴┐┌───┐  │  └──────────┘└─────────┘     »
«  q_1: ┤ Rx(π/2) ├──■────┼──┤ Rx(2π/5) ├┤ X ├──┼───────────────────────────■──»
«       └─────────┘┌─┴─┐  │  ├─────────┬┘└─┬─┘  │  ┌──────────┐┌─────────┐┌─┴─┐»
«  q_2: ───────────┤ X ├──┼──┤ Ry(π/2) ├───■────┼──┤ Rx(-π/2) ├┤ Rz(π/2) ├┤ X ├»
«       ┌─────────┐└───┘  │  ├─────────┴┐┌───┐  │  └──────────┘└─────────┘└───┘»
«  q_3: ┤ Rx(π/2) ├──■────┼──┤ Rx(2π/5) ├┤ X ├──┼───────────────────────────■──»
«       └─────────┘┌─┴─┐  │  ├─────────┬┘└─┬─┘  │  ┌──────────┐┌─────────┐┌─┴─┐»
«  q_4: ───────────┤ X ├──┼──┤ Ry(π/2) ├───■────┼──┤ Rx(-π/2) ├┤ Rz(π/2) ├┤ X ├»
«       ┌─────────┐└───┘  │  ├─────────┴┐┌───┐  │  └──────────┘└─────────┘└───┘»
«  q_5: ┤ Rx(π/2) ├──■────┼──┤ Rx(2π/5) ├┤ X ├──┼───────────────────────────■──»
«       └─────────┘┌─┴─┐  │  ├─────────┬┘└─┬─┘  │  ┌──────────┐┌─────────┐┌─┴─┐»
«  q_6: ───────────┤ X ├──┼──┤ Ry(π/2) ├───■────┼──┤ Rx(-π/2) ├┤ Rz(π/2) ├┤ X ├»
«       ┌─────────┐└───┘  │  ├─────────┴┐     ┌─┴─┐└──────────┘└─────────┘└───┘»
«  q_7: ┤ Rx(π/2) ├───────■──┤ Rx(2π/5) ├─────┤ X ├────────────────────────────»
«       └─────────┘          └──────────┘     └───┘                            »
«ans_0: ═══════════════════════════════════════════════════════════════════════»
«                                                                              »
«ans_1: ═══════════════════════════════════════════════════════════════════════»
«                                                                              »
«ans_2: ═══════════════════════════════════════════════════════════════════════»
«                                                                              »
«ans_3: ═══════════════════════════════════════════════════════════════════════»
«                                                                              »
«ans_4: ═══════════════════════════════════════════════════════════════════════»
«                                                                              »
«ans_5: ═══════════════════════════════════════════════════════════════════════»
«                                                                              »
«ans_6: ═══════════════════════════════════════════════════════════════════════»
«                                                                              »
«ans_7: ═══════════════════════════════════════════════════════════════════════»
«                                                                              »
«       ┌───┐┌───────────────────┐┌─────────────┐                ┌───┐»
«  q_0: ┤ X ├┤ U3(π/2,0.47124,0) ├┤ U3(0,0,π/2) ├────────────────┤ X ├»
«       └─┬─┘└┬─────────────────┬┘├─────────────┤┌─────────┐     └─┬─┘»
«  q_1: ──┼───┤ U3(π/2,2.042,π) ├─┤ U3(0,π,π/2) ├┤ Rx(π/2) ├──■────┼──»
«         │  ┌┴─────────────────┴┐├─────────────┤└─────────┘┌─┴─┐  │  »
«  q_2: ──┼──┤ U3(π/2,0.47124,0) ├┤ U3(0,0,π/2) ├───────────┤ X ├──┼──»
«         │  └┬─────────────────┬┘├─────────────┤┌─────────┐└───┘  │  »
«  q_3: ──┼───┤ U3(π/2,2.042,π) ├─┤ U3(0,π,π/2) ├┤ Rx(π/2) ├──■────┼──»
«         │  ┌┴─────────────────┴┐├─────────────┤└─────────┘┌─┴─┐  │  »
«  q_4: ──┼──┤ U3(π/2,0.47124,0) ├┤ U3(0,0,π/2) ├───────────┤ X ├──┼──»
«         │  └┬─────────────────┬┘├─────────────┤┌─────────┐└───┘  │  »
«  q_5: ──┼───┤ U3(π/2,2.042,π) ├─┤ U3(0,π,π/2) ├┤ Rx(π/2) ├──■────┼──»
«         │  ┌┴─────────────────┴┐├─────────────┤└─────────┘┌─┴─┐  │  »
«  q_6: ──┼──┤ U3(π/2,0.47124,0) ├┤ U3(0,0,π/2) ├───────────┤ X ├──┼──»
«         │  └┬─────────────────┬┘├─────────────┤┌─────────┐└───┘  │  »
«  q_7: ──■───┤ U3(π/2,2.042,π) ├─┤ U3(0,π,π/2) ├┤ Rx(π/2) ├───────■──»
«             └─────────────────┘ └─────────────┘└─────────┘          »
«ans_0: ══════════════════════════════════════════════════════════════»
«                                                                     »
«ans_1: ══════════════════════════════════════════════════════════════»
«                                                                     »
«ans_2: ══════════════════════════════════════════════════════════════»
«                                                                     »
«ans_3: ══════════════════════════════════════════════════════════════»
«                                                                     »
«ans_4: ══════════════════════════════════════════════════════════════»
«                                                                     »
«ans_5: ══════════════════════════════════════════════════════════════»
«                                                                     »
«ans_6: ══════════════════════════════════════════════════════════════»
«                                                                     »
«ans_7: ══════════════════════════════════════════════════════════════»
«                                                                     »
«       ┌─────────┐           ┌──────────┐┌─────────┐     ┌───┐┌──────────────┐»
«  q_0: ┤ Ry(π/2) ├────────■──┤ Rx(-π/2) ├┤ Rz(π/2) ├─────┤ X ├┤ U3(π,0,3π/2) ├»
«       ├─────────┴┐┌───┐  │  └──────────┘└─────────┘     └─┬─┘├─────────────┬┘»
«  q_1: ┤ Rx(2π/5) ├┤ X ├──┼───────────────────────────■────┼──┤ U3(π,0,π/2) ├─»
«       ├─────────┬┘└─┬─┘  │  ┌──────────┐┌─────────┐┌─┴─┐  │  ├─────────────┴┐»
«  q_2: ┤ Ry(π/2) ├───■────┼──┤ Rx(-π/2) ├┤ Rz(π/2) ├┤ X ├──┼──┤ U3(π,0,3π/2) ├»
«       ├─────────┴┐┌───┐  │  └──────────┘└─────────┘└───┘  │  ├─────────────┬┘»
«  q_3: ┤ Rx(2π/5) ├┤ X ├──┼───────────────────────────■────┼──┤ U3(π,0,π/2) ├─»
«       ├─────────┬┘└─┬─┘  │  ┌──────────┐┌─────────┐┌─┴─┐  │  ├─────────────┴┐»
«  q_4: ┤ Ry(π/2) ├───■────┼──┤ Rx(-π/2) ├┤ Rz(π/2) ├┤ X ├──┼──┤ U3(π,0,3π/2) ├»
«       ├─────────┴┐┌───┐  │  └──────────┘└─────────┘└───┘  │  ├─────────────┬┘»
«  q_5: ┤ Rx(2π/5) ├┤ X ├──┼───────────────────────────■────┼──┤ U3(π,0,π/2) ├─»
«       ├─────────┬┘└─┬─┘  │  ┌──────────┐┌─────────┐┌─┴─┐  │  ├─────────────┴┐»
«  q_6: ┤ Ry(π/2) ├───■────┼──┤ Rx(-π/2) ├┤ Rz(π/2) ├┤ X ├──┼──┤ U3(π,0,3π/2) ├»
«       ├─────────┴┐     ┌─┴─┐└──────────┘└─────────┘└───┘  │  ├─────────────┬┘»
«  q_7: ┤ Rx(2π/5) ├─────┤ X ├──────────────────────────────■──┤ U3(π,0,π/2) ├─»
«       └──────────┘     └───┘                                 └─────────────┘ »
«ans_0: ═══════════════════════════════════════════════════════════════════════»
«                                                                              »
«ans_1: ═══════════════════════════════════════════════════════════════════════»
«                                                                              »
«ans_2: ═══════════════════════════════════════════════════════════════════════»
«                                                                              »
«ans_3: ═══════════════════════════════════════════════════════════════════════»
«                                                                              »
«ans_4: ═══════════════════════════════════════════════════════════════════════»
«                                                                              »
«ans_5: ═══════════════════════════════════════════════════════════════════════»
«                                                                              »
«ans_6: ═══════════════════════════════════════════════════════════════════════»
«                                                                              »
«ans_7: ═══════════════════════════════════════════════════════════════════════»
«                                                                              »
«        ┌──────────────────┐                ┌───┐┌─────────┐           »
«  q_0: ─┤ U3(π/2,π/2,3π/2) ├────────────────┤ X ├┤ Ry(π/2) ├────────■──»
«       ┌┴──────────────────┤┌─────────┐     └─┬─┘├─────────┴┐┌───┐  │  »
«  q_1: ┤ U3(π/2,3π/2,3π/2) ├┤ Rx(π/2) ├──■────┼──┤ Rx(2π/5) ├┤ X ├──┼──»
«       └┬──────────────────┤└─────────┘┌─┴─┐  │  ├─────────┬┘└─┬─┘  │  »
«  q_2: ─┤ U3(π/2,π/2,3π/2) ├───────────┤ X ├──┼──┤ Ry(π/2) ├───■────┼──»
«       ┌┴──────────────────┤┌─────────┐└───┘  │  ├─────────┴┐┌───┐  │  »
«  q_3: ┤ U3(π/2,3π/2,3π/2) ├┤ Rx(π/2) ├──■────┼──┤ Rx(2π/5) ├┤ X ├──┼──»
«       └┬──────────────────┤└─────────┘┌─┴─┐  │  ├─────────┬┘└─┬─┘  │  »
«  q_4: ─┤ U3(π/2,π/2,3π/2) ├───────────┤ X ├──┼──┤ Ry(π/2) ├───■────┼──»
«       ┌┴──────────────────┤┌─────────┐└───┘  │  ├─────────┴┐┌───┐  │  »
«  q_5: ┤ U3(π/2,3π/2,3π/2) ├┤ Rx(π/2) ├──■────┼──┤ Rx(2π/5) ├┤ X ├──┼──»
«       └┬──────────────────┤└─────────┘┌─┴─┐  │  ├─────────┬┘└─┬─┘  │  »
«  q_6: ─┤ U3(π/2,π/2,3π/2) ├───────────┤ X ├──┼──┤ Ry(π/2) ├───■────┼──»
«       ┌┴──────────────────┤┌─────────┐└───┘  │  ├─────────┴┐     ┌─┴─┐»
«  q_7: ┤ U3(π/2,3π/2,3π/2) ├┤ Rx(π/2) ├───────■──┤ Rx(2π/5) ├─────┤ X ├»
«       └───────────────────┘└─────────┘          └──────────┘     └───┘»
«ans_0: ════════════════════════════════════════════════════════════════»
«                                                                       »
«ans_1: ════════════════════════════════════════════════════════════════»
«                                                                       »
«ans_2: ════════════════════════════════════════════════════════════════»
«                                                                       »
«ans_3: ════════════════════════════════════════════════════════════════»
«                                                                       »
«ans_4: ════════════════════════════════════════════════════════════════»
«                                                                       »
«ans_5: ════════════════════════════════════════════════════════════════»
«                                                                       »
«ans_6: ════════════════════════════════════════════════════════════════»
«                                                                       »
«ans_7: ════════════════════════════════════════════════════════════════»
«                                                                       »
«       ┌──────────┐┌─────────┐     ┌───┐┌──────────────────┐┌─────────┐»
«  q_0: ┤ Rx(-π/2) ├┤ Rz(π/2) ├─────┤ X ├┤ U3(π/2,π/2,3π/2) ├┤ Rx(1.1) ├»
«       └──────────┘└─────────┘     └─┬─┘├─────────────────┬┘├─────────┤»
«  q_1: ─────────────────────────■────┼──┤ U3(π/2,π/2,π/2) ├─┤ Rx(1.1) ├»
«       ┌──────────┐┌─────────┐┌─┴─┐  │  ├─────────────────┴┐├─────────┤»
«  q_2: ┤ Rx(-π/2) ├┤ Rz(π/2) ├┤ X ├──┼──┤ U3(π/2,π/2,3π/2) ├┤ Rx(1.1) ├»
«       └──────────┘└─────────┘└───┘  │  ├─────────────────┬┘├─────────┤»
«  q_3: ─────────────────────────■────┼──┤ U3(π/2,π/2,π/2) ├─┤ Rx(1.1) ├»
«       ┌──────────┐┌─────────┐┌─┴─┐  │  ├─────────────────┴┐├─────────┤»
«  q_4: ┤ Rx(-π/2) ├┤ Rz(π/2) ├┤ X ├──┼──┤ U3(π/2,π/2,3π/2) ├┤ Rx(1.1) ├»
«       └──────────┘└─────────┘└───┘  │  ├─────────────────┬┘├─────────┤»
«  q_5: ─────────────────────────■────┼──┤ U3(π/2,π/2,π/2) ├─┤ Rx(1.1) ├»
«       ┌──────────┐┌─────────┐┌─┴─┐  │  ├─────────────────┴┐├─────────┤»
«  q_6: ┤ Rx(-π/2) ├┤ Rz(π/2) ├┤ X ├──┼──┤ U3(π/2,π/2,3π/2) ├┤ Rx(1.1) ├»
«       └──────────┘└─────────┘└───┘  │  ├─────────────────┬┘├─────────┤»
«  q_7: ──────────────────────────────■──┤ U3(π/2,π/2,π/2) ├─┤ Rx(1.1) ├»
«                                        └─────────────────┘ └─────────┘»
«ans_0: ════════════════════════════════════════════════════════════════»
«                                                                       »
«ans_1: ════════════════════════════════════════════════════════════════»
«                                                                       »
«ans_2: ════════════════════════════════════════════════════════════════»
«                                                                       »
«ans_3: ════════════════════════════════════════════════════════════════»
«                                                                       »
«ans_4: ════════════════════════════════════════════════════════════════»
«                                                                       »
«ans_5: ════════════════════════════════════════════════════════════════»
«                                                                       »
«ans_6: ════════════════════════════════════════════════════════════════»
«                                                                       »
«ans_7: ════════════════════════════════════════════════════════════════»
«                                                                       »
«       ┌─────────┐┌─────────┐┌─┐                     
«  q_0: ┤ Ry(1.1) ├┤ Rz(1.1) ├┤M├─────────────────────
«       ├─────────┤├─────────┤└╥┘┌─┐                  
«  q_1: ┤ Ry(1.1) ├┤ Rz(1.1) ├─╫─┤M├──────────────────
«       ├─────────┤├─────────┤ ║ └╥┘┌─┐               
«  q_2: ┤ Ry(1.1) ├┤ Rz(1.1) ├─╫──╫─┤M├───────────────
«       ├─────────┤├─────────┤ ║  ║ └╥┘┌─┐            
«  q_3: ┤ Ry(1.1) ├┤ Rz(1.1) ├─╫──╫──╫─┤M├────────────
«       ├─────────┤├─────────┤ ║  ║  ║ └╥┘┌─┐         
«  q_4: ┤ Ry(1.1) ├┤ Rz(1.1) ├─╫──╫──╫──╫─┤M├─────────
«       ├─────────┤├─────────┤ ║  ║  ║  ║ └╥┘┌─┐      
«  q_5: ┤ Ry(1.1) ├┤ Rz(1.1) ├─╫──╫──╫──╫──╫─┤M├──────
«       ├─────────┤├─────────┤ ║  ║  ║  ║  ║ └╥┘┌─┐   
«  q_6: ┤ Ry(1.1) ├┤ Rz(1.1) ├─╫──╫──╫──╫──╫──╫─┤M├───
«       ├─────────┤├─────────┤ ║  ║  ║  ║  ║  ║ └╥┘┌─┐
«  q_7: ┤ Ry(1.1) ├┤ Rz(1.1) ├─╫──╫──╫──╫──╫──╫──╫─┤M├
«       └─────────┘└─────────┘ ║  ║  ║  ║  ║  ║  ║ └╥┘
«ans_0: ═══════════════════════╩══╬══╬══╬══╬══╬══╬══╬═
«                                 ║  ║  ║  ║  ║  ║  ║ 
«ans_1: ══════════════════════════╩══╬══╬══╬══╬══╬══╬═
«                                    ║  ║  ║  ║  ║  ║ 
«ans_2: ═════════════════════════════╩══╬══╬══╬══╬══╬═
«                                       ║  ║  ║  ║  ║ 
«ans_3: ════════════════════════════════╩══╬══╬══╬══╬═
«                                          ║  ║  ║  ║ 
«ans_4: ═══════════════════════════════════╩══╬══╬══╬═
«                                             ║  ║  ║ 
«ans_5: ══════════════════════════════════════╩══╬══╬═
«                                                ║  ║ 
«ans_6: ═════════════════════════════════════════╩══╬═
«                                                   ║ 
«ans_7: ════════════════════════════════════════════╩═
«                                                      
cannot compile on compute unit {cu}
=========================== short test summary info ============================
FAILED tst/qvm/integration/bench_test.py::TestBenchQvmFrpV2::test_two_bench_frp[qasm-/root/projects/QASMBench/small/adder_n10/adder_n10.qasm,/root/projects/QASMBench/small/dnn_n8/dnn_n8.qasm-10]
======================= 1 failed, 14 deselected in 7.70s =======================
