Randomly selected files:
/root/projects/QASMBench/small/basis_trotter_n4/basis_trotter_n4.qasm,/root/projects/QASMBench/small/deutsch_n2/deutsch_n2.qasm
============================= test session starts ==============================
platform linux -- Python 3.10.6, pytest-7.2.0, pluggy-1.0.0
rootdir: /root/projects/qcs
plugins: anyio-3.6.2
collected 15 items / 14 deselected / 1 selected

tst/qvm/integration/bench_test.py [0.00206566 0.00087929 0.00094986 0.00054455 0.00091648 0.00056458
 0.00066662 0.00041676 0.00089931 0.00055599 0.00050259 0.00040245
 0.00056076 0.00041008 0.00043774 0.00033092 0.08809662 0.03940678
 0.03969002 0.02366543 0.04060745 0.0251646  0.0292244  0.01843643
 0.03867245 0.02569675 0.02406597 0.01685905 0.02339554 0.01706219
 0.01825428 0.01468849 0.00204563 0.00094032 0.00092983 0.00057888
 0.00097942 0.00061131 0.00065899 0.00045013 0.0009203  0.0006094
 0.00057411 0.00037956 0.00051403 0.00040245 0.0004034  0.00033283
 0.09083557 0.04071617 0.04084778 0.02386189 0.04134464 0.02611542
 0.02999401 0.01907253 0.03887749 0.02617931 0.02451611 0.01704979
 0.0239172  0.0176754  0.01847458 0.01510143]
[0.         0.         0.         0.         0.         0.
 0.         0.         0.         0.         0.         0.
 0.         0.         0.         0.         0.49981403 0.
 0.         0.         0.         0.         0.         0.
 0.         0.         0.         0.         0.         0.
 0.         0.         0.         0.         0.         0.
 0.         0.         0.         0.         0.         0.
 0.         0.         0.         0.         0.         0.
 0.50018597 0.         0.         0.         0.         0.
 0.         0.         0.         0.         0.         0.
 0.         0.         0.         0.        ]
[0.00164509 0.00097084 0.00087643 0.00064087 0.0008707  0.00066662
 0.00067616 0.00050259 0.00093651 0.00063324 0.00065422 0.00046253
 0.00061321 0.00045776 0.00048637 0.00042439 0.0707159  0.03973675
 0.0381031  0.02532864 0.0382328  0.02850533 0.0270586  0.02059269
 0.03857613 0.02625465 0.02805328 0.01978683 0.02521038 0.01993752
 0.02047348 0.01728153 0.00176716 0.00100422 0.00093746 0.00061512
 0.00092506 0.00069904 0.00069046 0.00049877 0.00092411 0.00061512
 0.00069427 0.00048542 0.0005846  0.00049686 0.00046253 0.00040627
 0.07222939 0.04009819 0.03860474 0.02602577 0.0390501  0.0288105
 0.0279665  0.02108669 0.0392561  0.02681732 0.02861881 0.02017021
 0.02549839 0.02045155 0.02071953 0.01742458]
[0.        0.        0.        0.        0.        0.        0.
 0.        0.        0.        0.        0.        0.        0.
 0.        0.        0.4993906 0.        0.        0.        0.
 0.        0.        0.        0.        0.        0.        0.
 0.        0.        0.        0.        0.        0.        0.
 0.        0.        0.        0.        0.        0.        0.
 0.        0.        0.        0.        0.        0.        0.5006094
 0.        0.        0.        0.        0.        0.        0.
 0.        0.        0.        0.        0.        0.        0.
 0.       ]
Fid of qvm & frp	1.7208599165925327	1.9453372041635408
.

=============================== warnings summary ===============================
tst/qvm/integration/bench_test.py::TestBenchQvmFrpV2::test_two_bench_frp[qasm-/root/projects/QASMBench/small/basis_trotter_n4/basis_trotter_n4.qasm,/root/projects/QASMBench/small/deutsch_n2/deutsch_n2.qasm-10]
tst/qvm/integration/bench_test.py::TestBenchQvmFrpV2::test_two_bench_frp[qasm-/root/projects/QASMBench/small/basis_trotter_n4/basis_trotter_n4.qasm,/root/projects/QASMBench/small/deutsch_n2/deutsch_n2.qasm-10]
  /root/anaconda3/envs/qcs-noise/lib/python3.10/site-packages/qiskit/providers/fake_provider/fake_backend.py:462: PendingDeprecationWarning: "warnings" argument will be deprecated as part of the qiskit-aer 0.12.0 and subsequently removed
    noise_model = NoiseModel.from_backend(self, warnings=False)

tst/qvm/integration/bench_test.py::TestBenchQvmFrpV2::test_two_bench_frp[qasm-/root/projects/QASMBench/small/basis_trotter_n4/basis_trotter_n4.qasm,/root/projects/QASMBench/small/deutsch_n2/deutsch_n2.qasm-10]
tst/qvm/integration/bench_test.py::TestBenchQvmFrpV2::test_two_bench_frp[qasm-/root/projects/QASMBench/small/basis_trotter_n4/basis_trotter_n4.qasm,/root/projects/QASMBench/small/deutsch_n2/deutsch_n2.qasm-10]
tst/qvm/integration/bench_test.py::TestBenchQvmFrpV2::test_two_bench_frp[qasm-/root/projects/QASMBench/small/basis_trotter_n4/basis_trotter_n4.qasm,/root/projects/QASMBench/small/deutsch_n2/deutsch_n2.qasm-10]
tst/qvm/integration/bench_test.py::TestBenchQvmFrpV2::test_two_bench_frp[qasm-/root/projects/QASMBench/small/basis_trotter_n4/basis_trotter_n4.qasm,/root/projects/QASMBench/small/deutsch_n2/deutsch_n2.qasm-10]
tst/qvm/integration/bench_test.py::TestBenchQvmFrpV2::test_two_bench_frp[qasm-/root/projects/QASMBench/small/basis_trotter_n4/basis_trotter_n4.qasm,/root/projects/QASMBench/small/deutsch_n2/deutsch_n2.qasm-10]
tst/qvm/integration/bench_test.py::TestBenchQvmFrpV2::test_two_bench_frp[qasm-/root/projects/QASMBench/small/basis_trotter_n4/basis_trotter_n4.qasm,/root/projects/QASMBench/small/deutsch_n2/deutsch_n2.qasm-10]
  /root/anaconda3/envs/qcs-noise/lib/python3.10/site-packages/qiskit_aer/noise/device/models.py:365: UserWarning: Device model returned an invalid T_2 relaxation time greater than the theoretical maximum value 2 * T_1 (210788.50669687917 > 2 * 104325.12715207216). Truncating to maximum value.
    warn("Device model returned an invalid T_2 relaxation time greater than"

tst/qvm/integration/bench_test.py::TestBenchQvmFrpV2::test_two_bench_frp[qasm-/root/projects/QASMBench/small/basis_trotter_n4/basis_trotter_n4.qasm,/root/projects/QASMBench/small/deutsch_n2/deutsch_n2.qasm-10]
  /root/anaconda3/envs/qcs-noise/lib/python3.10/site-packages/qiskit_aer/noise/device/models.py:365: UserWarning: Device model returned an invalid T_2 relaxation time greater than the theoretical maximum value 2 * T_1 (0.00021078850669687914 > 2 * 0.00010432512715207217). Truncating to maximum value.
    warn("Device model returned an invalid T_2 relaxation time greater than"

-- Docs: https://docs.pytest.org/en/stable/how-to/capture-warnings.html
================ 1 passed, 14 deselected, 9 warnings in 27.31s =================
