============================= test session starts ==============================
platform linux -- Python 3.10.6, pytest-7.2.0, pluggy-1.0.0
rootdir: /root/projects/qvm
plugins: anyio-3.6.2
collected 55 items / 54 deselected / 1 selected

tst/qvm/integration/bench_test.py 
------------------- Testing --------------

QVM::selection::costs::	random	0.00012350082397460938
compute_unit_list	[{2}, {0, 10}, {3}, {5}, {6}, {4}, {1, 12}]
QVM::selection::costs::	naive	0.0002162456512451172
compute_unit_list	[{2}, {4, 7}, {5}, {6}, {3}, {0}, {1, 12}]
QVM::selection::costs::	naive_reverse	0.00030541419982910156
compute_unit_list	[{1}, {0, 10}, {5}, {2}, {11}, {4}, {3, 6}]
random	0.00012350082397460938	0.2153730142088877	0.9356184005737305
small_first	0.0002162456512451172	0.24951318461396685	0.9305810928344727
large_first	0.00030541419982910156	0.21927358190159632	0.9315651484898159
brute_force	unknown	failed	failed
.

=============================== warnings summary ===============================
qcs/tst/qvm/integration/bench_test.py: 16 warnings
  /root/anaconda3/envs/qcs-noise/lib/python3.10/site-packages/qiskit/providers/fake_provider/fake_backend.py:462: PendingDeprecationWarning: "warnings" argument will be deprecated as part of the qiskit-aer 0.12.0 and subsequently removed
    noise_model = NoiseModel.from_backend(self, warnings=False)

qcs/tst/qvm/integration/bench_test.py: 12 warnings
  /root/anaconda3/envs/qcs-noise/lib/python3.10/site-packages/qiskit_aer/noise/device/models.py:365: UserWarning: Device model returned an invalid T_2 relaxation time greater than the theoretical maximum value 2 * T_1 (96966.20180926041 > 2 * 40591.82230473617). Truncating to maximum value.
    warn("Device model returned an invalid T_2 relaxation time greater than"

qcs/tst/qvm/integration/bench_test.py::TestBenchDiffBackendQvmFrpV2::test_bench_multi_methods_multi_metrics[/root/projects/QASMBench/small//dnn_n2/dnn_n2.qasm,/root/projects/QASMBench/small//dnn_n8/dnn_n8.qasm,/root/projects/QASMBench/small//fredkin_n3/fredkin_n3.qasm,/root/projects/QASMBench/small//hs4_n4/hs4_n4.qasm,/root/projects/QASMBench/small//iswap_n2/iswap_n2.qasm,/root/projects/QASMBench/small//linearsolver_n3/linearsolver_n3.qasm,/root/projects/QASMBench/small//lpn_n5/lpn_n5.qasm-FakeBrooklyn-4-random,small_first,large_first,brute_force]
qcs/tst/qvm/integration/bench_test.py::TestBenchDiffBackendQvmFrpV2::test_bench_multi_methods_multi_metrics[/root/projects/QASMBench/small//dnn_n2/dnn_n2.qasm,/root/projects/QASMBench/small//dnn_n8/dnn_n8.qasm,/root/projects/QASMBench/small//fredkin_n3/fredkin_n3.qasm,/root/projects/QASMBench/small//hs4_n4/hs4_n4.qasm,/root/projects/QASMBench/small//iswap_n2/iswap_n2.qasm,/root/projects/QASMBench/small//linearsolver_n3/linearsolver_n3.qasm,/root/projects/QASMBench/small//lpn_n5/lpn_n5.qasm-FakeBrooklyn-4-random,small_first,large_first,brute_force]
  /root/anaconda3/envs/qcs-noise/lib/python3.10/site-packages/qiskit_aer/noise/device/models.py:365: UserWarning: Device model returned an invalid T_2 relaxation time greater than the theoretical maximum value 2 * T_1 (9.696620180926042e-05 > 2 * 4.059182230473617e-05). Truncating to maximum value.
    warn("Device model returned an invalid T_2 relaxation time greater than"

-- Docs: https://docs.pytest.org/en/stable/how-to/capture-warnings.html
========== 1 passed, 54 deselected, 30 warnings in 186.54s (0:03:06) ===========
