============================= test session starts ==============================
platform linux -- Python 3.10.6, pytest-7.2.0, pluggy-1.0.0
rootdir: /root/projects/qvm
plugins: anyio-3.6.2
collected 55 items / 54 deselected / 1 selected

tst/qvm/integration/bench_test.py 
------------------- Testing --------------

QVM::selection::costs::	random	0.00010752677917480469
compute_unit_list	[{0, 10, 4}, {2}, {5}, {3, 6}, {8, 11}, {1, 12, 7}, {9}]
QVM::selection::costs::	naive_reverse	7.343292236328125e-05
compute_unit_list	[{0, 10, 4}, {2}, {5}, {3, 6}, {8, 11}, {1, 12, 7}, {9}]
QVM::selection::costs::	brute_force	0.5831003189086914
compute_unit_list	[{0, 10, 4}, {2}, {5}, {3, 6}, {8, 11}, {1, 12, 7}, {9}]
random	0.00010752677917480469	0.6049047371886516	0.7142152786254883
small_first	conflict	failed	failed
large_first	7.343292236328125e-05	0.6045052658947621	0.7143105098179409
brute_force	0.5831003189086914	0.6043052069206531	0.7143715449741909
.

=============================== warnings summary ===============================
qcs/tst/qvm/integration/bench_test.py::TestBenchDiffBackendQvmFrpV2::test_bench_multi_methods_multi_metrics[/root/projects/QASMBench/small//adder_n10/adder_n10.qasm,/root/projects/QASMBench/small//basis_trotter_n4/basis_trotter_n4.qasm,/root/projects/QASMBench/small//cat_state_n4/cat_state_n4.qasm,/root/projects/QASMBench/small//dnn_n8/dnn_n8.qasm,/root/projects/QASMBench/small//pea_n5/pea_n5.qasm,/root/projects/QASMBench/small//qpe_n9/qpe_n9.qasm,/root/projects/QASMBench/small//qrng_n4/qrng_n4.qasm-FakeBrooklyn-4-random,small_first,large_first,brute_force]
qcs/tst/qvm/integration/bench_test.py::TestBenchDiffBackendQvmFrpV2::test_bench_multi_methods_multi_metrics[/root/projects/QASMBench/small//adder_n10/adder_n10.qasm,/root/projects/QASMBench/small//basis_trotter_n4/basis_trotter_n4.qasm,/root/projects/QASMBench/small//cat_state_n4/cat_state_n4.qasm,/root/projects/QASMBench/small//dnn_n8/dnn_n8.qasm,/root/projects/QASMBench/small//pea_n5/pea_n5.qasm,/root/projects/QASMBench/small//qpe_n9/qpe_n9.qasm,/root/projects/QASMBench/small//qrng_n4/qrng_n4.qasm-FakeBrooklyn-4-random,small_first,large_first,brute_force]
qcs/tst/qvm/integration/bench_test.py::TestBenchDiffBackendQvmFrpV2::test_bench_multi_methods_multi_metrics[/root/projects/QASMBench/small//adder_n10/adder_n10.qasm,/root/projects/QASMBench/small//basis_trotter_n4/basis_trotter_n4.qasm,/root/projects/QASMBench/small//cat_state_n4/cat_state_n4.qasm,/root/projects/QASMBench/small//dnn_n8/dnn_n8.qasm,/root/projects/QASMBench/small//pea_n5/pea_n5.qasm,/root/projects/QASMBench/small//qpe_n9/qpe_n9.qasm,/root/projects/QASMBench/small//qrng_n4/qrng_n4.qasm-FakeBrooklyn-4-random,small_first,large_first,brute_force]
qcs/tst/qvm/integration/bench_test.py::TestBenchDiffBackendQvmFrpV2::test_bench_multi_methods_multi_metrics[/root/projects/QASMBench/small//adder_n10/adder_n10.qasm,/root/projects/QASMBench/small//basis_trotter_n4/basis_trotter_n4.qasm,/root/projects/QASMBench/small//cat_state_n4/cat_state_n4.qasm,/root/projects/QASMBench/small//dnn_n8/dnn_n8.qasm,/root/projects/QASMBench/small//pea_n5/pea_n5.qasm,/root/projects/QASMBench/small//qpe_n9/qpe_n9.qasm,/root/projects/QASMBench/small//qrng_n4/qrng_n4.qasm-FakeBrooklyn-4-random,small_first,large_first,brute_force]
qcs/tst/qvm/integration/bench_test.py::TestBenchDiffBackendQvmFrpV2::test_bench_multi_methods_multi_metrics[/root/projects/QASMBench/small//adder_n10/adder_n10.qasm,/root/projects/QASMBench/small//basis_trotter_n4/basis_trotter_n4.qasm,/root/projects/QASMBench/small//cat_state_n4/cat_state_n4.qasm,/root/projects/QASMBench/small//dnn_n8/dnn_n8.qasm,/root/projects/QASMBench/small//pea_n5/pea_n5.qasm,/root/projects/QASMBench/small//qpe_n9/qpe_n9.qasm,/root/projects/QASMBench/small//qrng_n4/qrng_n4.qasm-FakeBrooklyn-4-random,small_first,large_first,brute_force]
qcs/tst/qvm/integration/bench_test.py::TestBenchDiffBackendQvmFrpV2::test_bench_multi_methods_multi_metrics[/root/projects/QASMBench/small//adder_n10/adder_n10.qasm,/root/projects/QASMBench/small//basis_trotter_n4/basis_trotter_n4.qasm,/root/projects/QASMBench/small//cat_state_n4/cat_state_n4.qasm,/root/projects/QASMBench/small//dnn_n8/dnn_n8.qasm,/root/projects/QASMBench/small//pea_n5/pea_n5.qasm,/root/projects/QASMBench/small//qpe_n9/qpe_n9.qasm,/root/projects/QASMBench/small//qrng_n4/qrng_n4.qasm-FakeBrooklyn-4-random,small_first,large_first,brute_force]
qcs/tst/qvm/integration/bench_test.py::TestBenchDiffBackendQvmFrpV2::test_bench_multi_methods_multi_metrics[/root/projects/QASMBench/small//adder_n10/adder_n10.qasm,/root/projects/QASMBench/small//basis_trotter_n4/basis_trotter_n4.qasm,/root/projects/QASMBench/small//cat_state_n4/cat_state_n4.qasm,/root/projects/QASMBench/small//dnn_n8/dnn_n8.qasm,/root/projects/QASMBench/small//pea_n5/pea_n5.qasm,/root/projects/QASMBench/small//qpe_n9/qpe_n9.qasm,/root/projects/QASMBench/small//qrng_n4/qrng_n4.qasm-FakeBrooklyn-4-random,small_first,large_first,brute_force]
  /root/anaconda3/envs/qcs-noise/lib/python3.10/site-packages/qiskit/providers/fake_provider/fake_backend.py:462: PendingDeprecationWarning: "warnings" argument will be deprecated as part of the qiskit-aer 0.12.0 and subsequently removed
    noise_model = NoiseModel.from_backend(self, warnings=False)

qcs/tst/qvm/integration/bench_test.py::TestBenchDiffBackendQvmFrpV2::test_bench_multi_methods_multi_metrics[/root/projects/QASMBench/small//adder_n10/adder_n10.qasm,/root/projects/QASMBench/small//basis_trotter_n4/basis_trotter_n4.qasm,/root/projects/QASMBench/small//cat_state_n4/cat_state_n4.qasm,/root/projects/QASMBench/small//dnn_n8/dnn_n8.qasm,/root/projects/QASMBench/small//pea_n5/pea_n5.qasm,/root/projects/QASMBench/small//qpe_n9/qpe_n9.qasm,/root/projects/QASMBench/small//qrng_n4/qrng_n4.qasm-FakeBrooklyn-4-random,small_first,large_first,brute_force]
qcs/tst/qvm/integration/bench_test.py::TestBenchDiffBackendQvmFrpV2::test_bench_multi_methods_multi_metrics[/root/projects/QASMBench/small//adder_n10/adder_n10.qasm,/root/projects/QASMBench/small//basis_trotter_n4/basis_trotter_n4.qasm,/root/projects/QASMBench/small//cat_state_n4/cat_state_n4.qasm,/root/projects/QASMBench/small//dnn_n8/dnn_n8.qasm,/root/projects/QASMBench/small//pea_n5/pea_n5.qasm,/root/projects/QASMBench/small//qpe_n9/qpe_n9.qasm,/root/projects/QASMBench/small//qrng_n4/qrng_n4.qasm-FakeBrooklyn-4-random,small_first,large_first,brute_force]
qcs/tst/qvm/integration/bench_test.py::TestBenchDiffBackendQvmFrpV2::test_bench_multi_methods_multi_metrics[/root/projects/QASMBench/small//adder_n10/adder_n10.qasm,/root/projects/QASMBench/small//basis_trotter_n4/basis_trotter_n4.qasm,/root/projects/QASMBench/small//cat_state_n4/cat_state_n4.qasm,/root/projects/QASMBench/small//dnn_n8/dnn_n8.qasm,/root/projects/QASMBench/small//pea_n5/pea_n5.qasm,/root/projects/QASMBench/small//qpe_n9/qpe_n9.qasm,/root/projects/QASMBench/small//qrng_n4/qrng_n4.qasm-FakeBrooklyn-4-random,small_first,large_first,brute_force]
qcs/tst/qvm/integration/bench_test.py::TestBenchDiffBackendQvmFrpV2::test_bench_multi_methods_multi_metrics[/root/projects/QASMBench/small//adder_n10/adder_n10.qasm,/root/projects/QASMBench/small//basis_trotter_n4/basis_trotter_n4.qasm,/root/projects/QASMBench/small//cat_state_n4/cat_state_n4.qasm,/root/projects/QASMBench/small//dnn_n8/dnn_n8.qasm,/root/projects/QASMBench/small//pea_n5/pea_n5.qasm,/root/projects/QASMBench/small//qpe_n9/qpe_n9.qasm,/root/projects/QASMBench/small//qrng_n4/qrng_n4.qasm-FakeBrooklyn-4-random,small_first,large_first,brute_force]
qcs/tst/qvm/integration/bench_test.py::TestBenchDiffBackendQvmFrpV2::test_bench_multi_methods_multi_metrics[/root/projects/QASMBench/small//adder_n10/adder_n10.qasm,/root/projects/QASMBench/small//basis_trotter_n4/basis_trotter_n4.qasm,/root/projects/QASMBench/small//cat_state_n4/cat_state_n4.qasm,/root/projects/QASMBench/small//dnn_n8/dnn_n8.qasm,/root/projects/QASMBench/small//pea_n5/pea_n5.qasm,/root/projects/QASMBench/small//qpe_n9/qpe_n9.qasm,/root/projects/QASMBench/small//qrng_n4/qrng_n4.qasm-FakeBrooklyn-4-random,small_first,large_first,brute_force]
qcs/tst/qvm/integration/bench_test.py::TestBenchDiffBackendQvmFrpV2::test_bench_multi_methods_multi_metrics[/root/projects/QASMBench/small//adder_n10/adder_n10.qasm,/root/projects/QASMBench/small//basis_trotter_n4/basis_trotter_n4.qasm,/root/projects/QASMBench/small//cat_state_n4/cat_state_n4.qasm,/root/projects/QASMBench/small//dnn_n8/dnn_n8.qasm,/root/projects/QASMBench/small//pea_n5/pea_n5.qasm,/root/projects/QASMBench/small//qpe_n9/qpe_n9.qasm,/root/projects/QASMBench/small//qrng_n4/qrng_n4.qasm-FakeBrooklyn-4-random,small_first,large_first,brute_force]
  /root/anaconda3/envs/qcs-noise/lib/python3.10/site-packages/qiskit_aer/noise/device/models.py:365: UserWarning: Device model returned an invalid T_2 relaxation time greater than the theoretical maximum value 2 * T_1 (96966.20180926041 > 2 * 40591.82230473617). Truncating to maximum value.
    warn("Device model returned an invalid T_2 relaxation time greater than"

qcs/tst/qvm/integration/bench_test.py::TestBenchDiffBackendQvmFrpV2::test_bench_multi_methods_multi_metrics[/root/projects/QASMBench/small//adder_n10/adder_n10.qasm,/root/projects/QASMBench/small//basis_trotter_n4/basis_trotter_n4.qasm,/root/projects/QASMBench/small//cat_state_n4/cat_state_n4.qasm,/root/projects/QASMBench/small//dnn_n8/dnn_n8.qasm,/root/projects/QASMBench/small//pea_n5/pea_n5.qasm,/root/projects/QASMBench/small//qpe_n9/qpe_n9.qasm,/root/projects/QASMBench/small//qrng_n4/qrng_n4.qasm-FakeBrooklyn-4-random,small_first,large_first,brute_force]
  /root/anaconda3/envs/qcs-noise/lib/python3.10/site-packages/qiskit_aer/noise/device/models.py:365: UserWarning: Device model returned an invalid T_2 relaxation time greater than the theoretical maximum value 2 * T_1 (9.696620180926042e-05 > 2 * 4.059182230473617e-05). Truncating to maximum value.
    warn("Device model returned an invalid T_2 relaxation time greater than"

-- Docs: https://docs.pytest.org/en/stable/how-to/capture-warnings.html
========== 1 passed, 54 deselected, 14 warnings in 173.93s (0:02:53) ===========
