============================= test session starts ==============================
platform linux -- Python 3.10.6, pytest-7.2.0, pluggy-1.0.0
rootdir: /root/projects/qvm
plugins: anyio-3.6.2
collected 55 items / 54 deselected / 1 selected

tst/qvm/integration/bench_test.py 
------------------- Testing --------------

QVM::selection::costs::	random	0.00012230873107910156
compute_unit_list	[{2}, {3}, {5}, {0, 10}, {9}, {6}, {4}]
QVM::selection::costs::	naive	0.00021839141845703125
compute_unit_list	[{5}, {2}, {6}, {8, 11}, {10}, {3}, {0}]
QVM::selection::costs::	naive_reverse	0.00024056434631347656
compute_unit_list	[{5}, {4}, {2}, {0, 10}, {3}, {1}, {6}]
random	0.00012230873107910156	0.10861082426444472	0.9101121085030692
small_first	0.00021839141845703125	0.10307789653278551	0.9120127814156669
large_first	0.00024056434631347656	0.10923571058375603	0.9069288798740932
brute_force	unknown	failed	failed
.

=============================== warnings summary ===============================
qcs/tst/qvm/integration/bench_test.py: 19 warnings
  /root/anaconda3/envs/qcs-noise/lib/python3.10/site-packages/qiskit/providers/fake_provider/fake_backend.py:462: PendingDeprecationWarning: "warnings" argument will be deprecated as part of the qiskit-aer 0.12.0 and subsequently removed
    noise_model = NoiseModel.from_backend(self, warnings=False)

qcs/tst/qvm/integration/bench_test.py: 12 warnings
  /root/anaconda3/envs/qcs-noise/lib/python3.10/site-packages/qiskit_aer/noise/device/models.py:365: UserWarning: Device model returned an invalid T_2 relaxation time greater than the theoretical maximum value 2 * T_1 (96966.20180926041 > 2 * 40591.82230473617). Truncating to maximum value.
    warn("Device model returned an invalid T_2 relaxation time greater than"

qcs/tst/qvm/integration/bench_test.py::TestBenchDiffBackendQvmFrpV2::test_bench_multi_methods_multi_metrics[/root/projects/QASMBench/small//fredkin_n3/fredkin_n3.qasm,/root/projects/QASMBench/small//grover_n2/grover_n2.qasm,/root/projects/QASMBench/small//hs4_n4/hs4_n4.qasm,/root/projects/QASMBench/small//qec_en_n5/qec_en_n5.qasm,/root/projects/QASMBench/small//qft_n4/qft_n4.qasm,/root/projects/QASMBench/small//quantumwalks_n2/quantumwalks_n2.qasm,/root/projects/QASMBench/small//teleportation_n3/teleportation_n3.qasm-FakeBrooklyn-4-random,small_first,large_first,brute_force]
qcs/tst/qvm/integration/bench_test.py::TestBenchDiffBackendQvmFrpV2::test_bench_multi_methods_multi_metrics[/root/projects/QASMBench/small//fredkin_n3/fredkin_n3.qasm,/root/projects/QASMBench/small//grover_n2/grover_n2.qasm,/root/projects/QASMBench/small//hs4_n4/hs4_n4.qasm,/root/projects/QASMBench/small//qec_en_n5/qec_en_n5.qasm,/root/projects/QASMBench/small//qft_n4/qft_n4.qasm,/root/projects/QASMBench/small//quantumwalks_n2/quantumwalks_n2.qasm,/root/projects/QASMBench/small//teleportation_n3/teleportation_n3.qasm-FakeBrooklyn-4-random,small_first,large_first,brute_force]
  /root/anaconda3/envs/qcs-noise/lib/python3.10/site-packages/qiskit_aer/noise/device/models.py:365: UserWarning: Device model returned an invalid T_2 relaxation time greater than the theoretical maximum value 2 * T_1 (9.696620180926042e-05 > 2 * 4.059182230473617e-05). Truncating to maximum value.
    warn("Device model returned an invalid T_2 relaxation time greater than"

-- Docs: https://docs.pytest.org/en/stable/how-to/capture-warnings.html
========== 1 passed, 54 deselected, 33 warnings in 153.15s (0:02:33) ===========
