============================= test session starts ==============================
platform linux -- Python 3.10.6, pytest-7.2.0, pluggy-1.0.0
rootdir: /root/projects/qvm
plugins: anyio-3.6.2
collected 55 items / 54 deselected / 1 selected

tst/qvm/integration/bench_test.py 
------------------- Testing --------------

QVM::selection::costs::	random	0.00011754035949707031
compute_unit_list	[{2}, {5}, {3, 6}, {1, 12}, {0}, {4}, {8}]
QVM::selection::costs::	naive	0.0002167224884033203
compute_unit_list	[{2}, {5}, {1, 12}, {4, 7}, {3}, {6}, {0}]
QVM::selection::costs::	naive_reverse	0.00037097930908203125
compute_unit_list	[{4}, {2}, {1, 12}, {3, 6}, {0}, {5}, {8}]
random	0.00011754035949707031	0.10246997757866005	0.91546630859375
small_first	0.0002167224884033203	0.09565428994539718	0.923567635672433
large_first	0.00037097930908203125	0.10265787112326925	0.9128977911812919
brute_force	unknown	failed	failed
.

=============================== warnings summary ===============================
qcs/tst/qvm/integration/bench_test.py: 16 warnings
  /root/anaconda3/envs/qcs-noise/lib/python3.10/site-packages/qiskit/providers/fake_provider/fake_backend.py:462: PendingDeprecationWarning: "warnings" argument will be deprecated as part of the qiskit-aer 0.12.0 and subsequently removed
    noise_model = NoiseModel.from_backend(self, warnings=False)

qcs/tst/qvm/integration/bench_test.py: 12 warnings
  /root/anaconda3/envs/qcs-noise/lib/python3.10/site-packages/qiskit_aer/noise/device/models.py:365: UserWarning: Device model returned an invalid T_2 relaxation time greater than the theoretical maximum value 2 * T_1 (96966.20180926041 > 2 * 40591.82230473617). Truncating to maximum value.
    warn("Device model returned an invalid T_2 relaxation time greater than"

qcs/tst/qvm/integration/bench_test.py::TestBenchDiffBackendQvmFrpV2::test_bench_multi_methods_multi_metrics[/root/projects/QASMBench/small//deutsch_n2/deutsch_n2.qasm,/root/projects/QASMBench/small//hs4_n4/hs4_n4.qasm,/root/projects/QASMBench/small//lpn_n5/lpn_n5.qasm,/root/projects/QASMBench/small//qaoa_n6/qaoa_n6.qasm,/root/projects/QASMBench/small//teleportation_n3/teleportation_n3.qasm,/root/projects/QASMBench/small//variational_n4/variational_n4.qasm,/root/projects/QASMBench/small//wstate_n3/wstate_n3.qasm-FakeBrooklyn-4-random,small_first,large_first,brute_force]
qcs/tst/qvm/integration/bench_test.py::TestBenchDiffBackendQvmFrpV2::test_bench_multi_methods_multi_metrics[/root/projects/QASMBench/small//deutsch_n2/deutsch_n2.qasm,/root/projects/QASMBench/small//hs4_n4/hs4_n4.qasm,/root/projects/QASMBench/small//lpn_n5/lpn_n5.qasm,/root/projects/QASMBench/small//qaoa_n6/qaoa_n6.qasm,/root/projects/QASMBench/small//teleportation_n3/teleportation_n3.qasm,/root/projects/QASMBench/small//variational_n4/variational_n4.qasm,/root/projects/QASMBench/small//wstate_n3/wstate_n3.qasm-FakeBrooklyn-4-random,small_first,large_first,brute_force]
  /root/anaconda3/envs/qcs-noise/lib/python3.10/site-packages/qiskit_aer/noise/device/models.py:365: UserWarning: Device model returned an invalid T_2 relaxation time greater than the theoretical maximum value 2 * T_1 (9.696620180926042e-05 > 2 * 4.059182230473617e-05). Truncating to maximum value.
    warn("Device model returned an invalid T_2 relaxation time greater than"

-- Docs: https://docs.pytest.org/en/stable/how-to/capture-warnings.html
========== 1 passed, 54 deselected, 30 warnings in 153.91s (0:02:33) ===========
