============================= test session starts ==============================
platform linux -- Python 3.10.6, pytest-7.2.0, pluggy-1.0.0
rootdir: /root/projects/qvm
plugins: anyio-3.6.2
collected 55 items / 54 deselected / 1 selected

tst/qvm/integration/bench_test.py 
------------------- Testing --------------

QVM::selection::costs::	random	8.893013000488281e-05
compute_unit_list	[{2}, {3}, {1, 12}]
QVM::selection::costs::	naive	0.00016260147094726562
compute_unit_list	[{0}, {2}, {3, 6}]
QVM::selection::costs::	naive_reverse	9.512901306152344e-05
compute_unit_list	[{2}, {5}, {3, 6}]
QVM::selection::costs::	brute_force	0.002969980239868164
compute_unit_list	[{0}, {2}, {3, 6}]
random	8.893013000488281e-05	0.10032289366380946	0.934734026590983
small_first	0.00016260147094726562	0.08587991631468944	0.941619873046875
large_first	9.512901306152344e-05	0.09468110867654023	0.934716542561849
brute_force	0.002969980239868164	0.0859840150437499	0.9415305455525717
.

=============================== warnings summary ===============================
qcs/tst/qvm/integration/bench_test.py::TestBenchDiffBackendQvmFrpV2::test_bench_multi_methods_multi_metrics[/root/projects/QASMBench/small//adder_n4/adder_n4.qasm,/root/projects/QASMBench/small//dnn_n2/dnn_n2.qasm,/root/projects/QASMBench/small//qaoa_n6/qaoa_n6.qasm-FakeBrooklyn-4-random,small_first,large_first,brute_force]
qcs/tst/qvm/integration/bench_test.py::TestBenchDiffBackendQvmFrpV2::test_bench_multi_methods_multi_metrics[/root/projects/QASMBench/small//adder_n4/adder_n4.qasm,/root/projects/QASMBench/small//dnn_n2/dnn_n2.qasm,/root/projects/QASMBench/small//qaoa_n6/qaoa_n6.qasm-FakeBrooklyn-4-random,small_first,large_first,brute_force]
qcs/tst/qvm/integration/bench_test.py::TestBenchDiffBackendQvmFrpV2::test_bench_multi_methods_multi_metrics[/root/projects/QASMBench/small//adder_n4/adder_n4.qasm,/root/projects/QASMBench/small//dnn_n2/dnn_n2.qasm,/root/projects/QASMBench/small//qaoa_n6/qaoa_n6.qasm-FakeBrooklyn-4-random,small_first,large_first,brute_force]
qcs/tst/qvm/integration/bench_test.py::TestBenchDiffBackendQvmFrpV2::test_bench_multi_methods_multi_metrics[/root/projects/QASMBench/small//adder_n4/adder_n4.qasm,/root/projects/QASMBench/small//dnn_n2/dnn_n2.qasm,/root/projects/QASMBench/small//qaoa_n6/qaoa_n6.qasm-FakeBrooklyn-4-random,small_first,large_first,brute_force]
qcs/tst/qvm/integration/bench_test.py::TestBenchDiffBackendQvmFrpV2::test_bench_multi_methods_multi_metrics[/root/projects/QASMBench/small//adder_n4/adder_n4.qasm,/root/projects/QASMBench/small//dnn_n2/dnn_n2.qasm,/root/projects/QASMBench/small//qaoa_n6/qaoa_n6.qasm-FakeBrooklyn-4-random,small_first,large_first,brute_force]
qcs/tst/qvm/integration/bench_test.py::TestBenchDiffBackendQvmFrpV2::test_bench_multi_methods_multi_metrics[/root/projects/QASMBench/small//adder_n4/adder_n4.qasm,/root/projects/QASMBench/small//dnn_n2/dnn_n2.qasm,/root/projects/QASMBench/small//qaoa_n6/qaoa_n6.qasm-FakeBrooklyn-4-random,small_first,large_first,brute_force]
qcs/tst/qvm/integration/bench_test.py::TestBenchDiffBackendQvmFrpV2::test_bench_multi_methods_multi_metrics[/root/projects/QASMBench/small//adder_n4/adder_n4.qasm,/root/projects/QASMBench/small//dnn_n2/dnn_n2.qasm,/root/projects/QASMBench/small//qaoa_n6/qaoa_n6.qasm-FakeBrooklyn-4-random,small_first,large_first,brute_force]
  /root/anaconda3/envs/qcs-noise/lib/python3.10/site-packages/qiskit/providers/fake_provider/fake_backend.py:462: PendingDeprecationWarning: "warnings" argument will be deprecated as part of the qiskit-aer 0.12.0 and subsequently removed
    noise_model = NoiseModel.from_backend(self, warnings=False)

qcs/tst/qvm/integration/bench_test.py::TestBenchDiffBackendQvmFrpV2::test_bench_multi_methods_multi_metrics[/root/projects/QASMBench/small//adder_n4/adder_n4.qasm,/root/projects/QASMBench/small//dnn_n2/dnn_n2.qasm,/root/projects/QASMBench/small//qaoa_n6/qaoa_n6.qasm-FakeBrooklyn-4-random,small_first,large_first,brute_force]
qcs/tst/qvm/integration/bench_test.py::TestBenchDiffBackendQvmFrpV2::test_bench_multi_methods_multi_metrics[/root/projects/QASMBench/small//adder_n4/adder_n4.qasm,/root/projects/QASMBench/small//dnn_n2/dnn_n2.qasm,/root/projects/QASMBench/small//qaoa_n6/qaoa_n6.qasm-FakeBrooklyn-4-random,small_first,large_first,brute_force]
qcs/tst/qvm/integration/bench_test.py::TestBenchDiffBackendQvmFrpV2::test_bench_multi_methods_multi_metrics[/root/projects/QASMBench/small//adder_n4/adder_n4.qasm,/root/projects/QASMBench/small//dnn_n2/dnn_n2.qasm,/root/projects/QASMBench/small//qaoa_n6/qaoa_n6.qasm-FakeBrooklyn-4-random,small_first,large_first,brute_force]
qcs/tst/qvm/integration/bench_test.py::TestBenchDiffBackendQvmFrpV2::test_bench_multi_methods_multi_metrics[/root/projects/QASMBench/small//adder_n4/adder_n4.qasm,/root/projects/QASMBench/small//dnn_n2/dnn_n2.qasm,/root/projects/QASMBench/small//qaoa_n6/qaoa_n6.qasm-FakeBrooklyn-4-random,small_first,large_first,brute_force]
qcs/tst/qvm/integration/bench_test.py::TestBenchDiffBackendQvmFrpV2::test_bench_multi_methods_multi_metrics[/root/projects/QASMBench/small//adder_n4/adder_n4.qasm,/root/projects/QASMBench/small//dnn_n2/dnn_n2.qasm,/root/projects/QASMBench/small//qaoa_n6/qaoa_n6.qasm-FakeBrooklyn-4-random,small_first,large_first,brute_force]
qcs/tst/qvm/integration/bench_test.py::TestBenchDiffBackendQvmFrpV2::test_bench_multi_methods_multi_metrics[/root/projects/QASMBench/small//adder_n4/adder_n4.qasm,/root/projects/QASMBench/small//dnn_n2/dnn_n2.qasm,/root/projects/QASMBench/small//qaoa_n6/qaoa_n6.qasm-FakeBrooklyn-4-random,small_first,large_first,brute_force]
  /root/anaconda3/envs/qcs-noise/lib/python3.10/site-packages/qiskit_aer/noise/device/models.py:365: UserWarning: Device model returned an invalid T_2 relaxation time greater than the theoretical maximum value 2 * T_1 (96966.20180926041 > 2 * 40591.82230473617). Truncating to maximum value.
    warn("Device model returned an invalid T_2 relaxation time greater than"

qcs/tst/qvm/integration/bench_test.py::TestBenchDiffBackendQvmFrpV2::test_bench_multi_methods_multi_metrics[/root/projects/QASMBench/small//adder_n4/adder_n4.qasm,/root/projects/QASMBench/small//dnn_n2/dnn_n2.qasm,/root/projects/QASMBench/small//qaoa_n6/qaoa_n6.qasm-FakeBrooklyn-4-random,small_first,large_first,brute_force]
  /root/anaconda3/envs/qcs-noise/lib/python3.10/site-packages/qiskit_aer/noise/device/models.py:365: UserWarning: Device model returned an invalid T_2 relaxation time greater than the theoretical maximum value 2 * T_1 (9.696620180926042e-05 > 2 * 4.059182230473617e-05). Truncating to maximum value.
    warn("Device model returned an invalid T_2 relaxation time greater than"

-- Docs: https://docs.pytest.org/en/stable/how-to/capture-warnings.html
=========== 1 passed, 54 deselected, 14 warnings in 68.99s (0:01:08) ===========
