============================= test session starts ==============================
platform linux -- Python 3.10.6, pytest-7.2.0, pluggy-1.0.0
rootdir: /root/projects/qvm
plugins: anyio-3.6.2
collected 55 items / 54 deselected / 1 selected

tst/qvm/integration/bench_test.py 
------------------- Testing --------------

QVM::selection::costs::	random	9.703636169433594e-05
compute_unit_list	[{3, 6}, {2}, {0, 10, 4}]
QVM::selection::costs::	naive	0.00025916099548339844
compute_unit_list	[{3, 6}, {2}, {0, 10, 4}]
QVM::selection::costs::	naive_reverse	0.00026917457580566406
compute_unit_list	[{3, 6}, {2}, {0, 10, 4}]
QVM::selection::costs::	brute_force	0.0012924671173095703
compute_unit_list	[{3, 6}, {2}, {0, 10, 4}]
random	9.703636169433594e-05	0.8876825277151322	0.8350826899210612
small_first	0.00025916099548339844	0.8877910303479908	0.8349269231160482
large_first	0.00026917457580566406	0.8877698880278526	0.8352216084798177
brute_force	0.0012924671173095703	0.8884625311353166	0.8348201115926107
.

=============================== warnings summary ===============================
qcs/tst/qvm/integration/bench_test.py::TestBenchDiffBackendQvmFrpV2::test_bench_multi_methods_multi_metrics[/root/projects/QASMBench/small//hhl_n7/hhl_n7.qasm,/root/projects/QASMBench/small//hs4_n4/hs4_n4.qasm,/root/projects/QASMBench/small//ising_n10/ising_n10.qasm-FakeBrooklyn-4-random,small_first,large_first,brute_force]
qcs/tst/qvm/integration/bench_test.py::TestBenchDiffBackendQvmFrpV2::test_bench_multi_methods_multi_metrics[/root/projects/QASMBench/small//hhl_n7/hhl_n7.qasm,/root/projects/QASMBench/small//hs4_n4/hs4_n4.qasm,/root/projects/QASMBench/small//ising_n10/ising_n10.qasm-FakeBrooklyn-4-random,small_first,large_first,brute_force]
qcs/tst/qvm/integration/bench_test.py::TestBenchDiffBackendQvmFrpV2::test_bench_multi_methods_multi_metrics[/root/projects/QASMBench/small//hhl_n7/hhl_n7.qasm,/root/projects/QASMBench/small//hs4_n4/hs4_n4.qasm,/root/projects/QASMBench/small//ising_n10/ising_n10.qasm-FakeBrooklyn-4-random,small_first,large_first,brute_force]
  /root/anaconda3/envs/qcs-noise/lib/python3.10/site-packages/qiskit/providers/fake_provider/fake_backend.py:462: PendingDeprecationWarning: "warnings" argument will be deprecated as part of the qiskit-aer 0.12.0 and subsequently removed
    noise_model = NoiseModel.from_backend(self, warnings=False)

-- Docs: https://docs.pytest.org/en/stable/how-to/capture-warnings.html
=========== 1 passed, 54 deselected, 3 warnings in 89.25s (0:01:29) ============
