============================= test session starts ==============================
platform linux -- Python 3.10.6, pytest-7.2.0, pluggy-1.0.0
rootdir: /root/projects/qvm
plugins: anyio-3.6.2
collected 55 items / 54 deselected / 1 selected

tst/qvm/integration/bench_test.py 
------------------- Testing --------------

QVM::selection::costs::	random	2.3603439331054688e-05
compute_unit_list	[{2}, {3}, {1, 12}]
QVM::selection::costs::	naive	9.965896606445312e-05
compute_unit_list	[{2}, {3}, {1, 12}]
QVM::selection::costs::	naive_reverse	0.00016880035400390625
compute_unit_list	[{2}, {5}, {3, 6}]
QVM::selection::costs::	brute_force	0.0028939247131347656
compute_unit_list	[{5}, {2}, {3, 6}]
random	2.3603439331054688e-05	0.3780770028759863	0.7718954086303711
small_first	9.965896606445312e-05	0.37847223117473	0.7717596689860026
large_first	0.00016880035400390625	0.37706667006997713	0.7730830510457357
brute_force	0.0028939247131347656	0.5444908376357742	0.7302821477254232
.

=============================== warnings summary ===============================
qcs/tst/qvm/integration/bench_test.py::TestBenchDiffBackendQvmFrpV2::test_bench_multi_methods_multi_metrics[/root/projects/QASMBench/small//basis_trotter_n4/basis_trotter_n4.qasm,/root/projects/QASMBench/small//qrng_n4/qrng_n4.qasm,/root/projects/QASMBench/small//shor_n5/shor_n5.qasm-FakeBrooklyn-4-random,small_first,large_first,brute_force]
qcs/tst/qvm/integration/bench_test.py::TestBenchDiffBackendQvmFrpV2::test_bench_multi_methods_multi_metrics[/root/projects/QASMBench/small//basis_trotter_n4/basis_trotter_n4.qasm,/root/projects/QASMBench/small//qrng_n4/qrng_n4.qasm,/root/projects/QASMBench/small//shor_n5/shor_n5.qasm-FakeBrooklyn-4-random,small_first,large_first,brute_force]
qcs/tst/qvm/integration/bench_test.py::TestBenchDiffBackendQvmFrpV2::test_bench_multi_methods_multi_metrics[/root/projects/QASMBench/small//basis_trotter_n4/basis_trotter_n4.qasm,/root/projects/QASMBench/small//qrng_n4/qrng_n4.qasm,/root/projects/QASMBench/small//shor_n5/shor_n5.qasm-FakeBrooklyn-4-random,small_first,large_first,brute_force]
qcs/tst/qvm/integration/bench_test.py::TestBenchDiffBackendQvmFrpV2::test_bench_multi_methods_multi_metrics[/root/projects/QASMBench/small//basis_trotter_n4/basis_trotter_n4.qasm,/root/projects/QASMBench/small//qrng_n4/qrng_n4.qasm,/root/projects/QASMBench/small//shor_n5/shor_n5.qasm-FakeBrooklyn-4-random,small_first,large_first,brute_force]
qcs/tst/qvm/integration/bench_test.py::TestBenchDiffBackendQvmFrpV2::test_bench_multi_methods_multi_metrics[/root/projects/QASMBench/small//basis_trotter_n4/basis_trotter_n4.qasm,/root/projects/QASMBench/small//qrng_n4/qrng_n4.qasm,/root/projects/QASMBench/small//shor_n5/shor_n5.qasm-FakeBrooklyn-4-random,small_first,large_first,brute_force]
qcs/tst/qvm/integration/bench_test.py::TestBenchDiffBackendQvmFrpV2::test_bench_multi_methods_multi_metrics[/root/projects/QASMBench/small//basis_trotter_n4/basis_trotter_n4.qasm,/root/projects/QASMBench/small//qrng_n4/qrng_n4.qasm,/root/projects/QASMBench/small//shor_n5/shor_n5.qasm-FakeBrooklyn-4-random,small_first,large_first,brute_force]
qcs/tst/qvm/integration/bench_test.py::TestBenchDiffBackendQvmFrpV2::test_bench_multi_methods_multi_metrics[/root/projects/QASMBench/small//basis_trotter_n4/basis_trotter_n4.qasm,/root/projects/QASMBench/small//qrng_n4/qrng_n4.qasm,/root/projects/QASMBench/small//shor_n5/shor_n5.qasm-FakeBrooklyn-4-random,small_first,large_first,brute_force]
  /root/anaconda3/envs/qcs-noise/lib/python3.10/site-packages/qiskit/providers/fake_provider/fake_backend.py:462: PendingDeprecationWarning: "warnings" argument will be deprecated as part of the qiskit-aer 0.12.0 and subsequently removed
    noise_model = NoiseModel.from_backend(self, warnings=False)

qcs/tst/qvm/integration/bench_test.py: 12 warnings
  /root/anaconda3/envs/qcs-noise/lib/python3.10/site-packages/qiskit_aer/noise/device/models.py:365: UserWarning: Device model returned an invalid T_2 relaxation time greater than the theoretical maximum value 2 * T_1 (96966.20180926041 > 2 * 40591.82230473617). Truncating to maximum value.
    warn("Device model returned an invalid T_2 relaxation time greater than"

qcs/tst/qvm/integration/bench_test.py::TestBenchDiffBackendQvmFrpV2::test_bench_multi_methods_multi_metrics[/root/projects/QASMBench/small//basis_trotter_n4/basis_trotter_n4.qasm,/root/projects/QASMBench/small//qrng_n4/qrng_n4.qasm,/root/projects/QASMBench/small//shor_n5/shor_n5.qasm-FakeBrooklyn-4-random,small_first,large_first,brute_force]
qcs/tst/qvm/integration/bench_test.py::TestBenchDiffBackendQvmFrpV2::test_bench_multi_methods_multi_metrics[/root/projects/QASMBench/small//basis_trotter_n4/basis_trotter_n4.qasm,/root/projects/QASMBench/small//qrng_n4/qrng_n4.qasm,/root/projects/QASMBench/small//shor_n5/shor_n5.qasm-FakeBrooklyn-4-random,small_first,large_first,brute_force]
  /root/anaconda3/envs/qcs-noise/lib/python3.10/site-packages/qiskit_aer/noise/device/models.py:365: UserWarning: Device model returned an invalid T_2 relaxation time greater than the theoretical maximum value 2 * T_1 (9.696620180926042e-05 > 2 * 4.059182230473617e-05). Truncating to maximum value.
    warn("Device model returned an invalid T_2 relaxation time greater than"

-- Docs: https://docs.pytest.org/en/stable/how-to/capture-warnings.html
========== 1 passed, 54 deselected, 21 warnings in 289.25s (0:04:49) ===========
