============================= test session starts ==============================
platform linux -- Python 3.10.6, pytest-7.2.0, pluggy-1.0.0
rootdir: /root/projects/qvm
plugins: anyio-3.6.2
collected 55 items / 54 deselected / 1 selected

tst/qvm/integration/bench_test.py 
------------------- Testing --------------

QVM::selection::costs::	random	0.00010132789611816406
compute_unit_list	[{2}, {5}, {3}, {0}, {6}]
QVM::selection::costs::	naive	0.0002803802490234375
compute_unit_list	[{0}, {6}, {2}, {3}, {5}]
QVM::selection::costs::	naive_reverse	0.00010919570922851562
compute_unit_list	[{2}, {5}, {6}, {3}, {0}]
QVM::selection::costs::	brute_force	1.331744909286499
compute_unit_list	[{5}, {0}, {2}, {3}, {6}]
random	0.00010132789611816406	0.2658669787630442	0.8388463973999023
small_first	0.0002803802490234375	0.35579497268488863	0.8130325317382813
large_first	0.00010919570922851562	0.2636031056068787	0.8400388717651367
brute_force	1.331744909286499	0.357790489170351	0.8179586410522461
.

=============================== warnings summary ===============================
qcs/tst/qvm/integration/bench_test.py: 14 warnings
  /root/anaconda3/envs/qcs-noise/lib/python3.10/site-packages/qiskit/providers/fake_provider/fake_backend.py:462: PendingDeprecationWarning: "warnings" argument will be deprecated as part of the qiskit-aer 0.12.0 and subsequently removed
    noise_model = NoiseModel.from_backend(self, warnings=False)

qcs/tst/qvm/integration/bench_test.py: 18 warnings
  /root/anaconda3/envs/qcs-noise/lib/python3.10/site-packages/qiskit_aer/noise/device/models.py:365: UserWarning: Device model returned an invalid T_2 relaxation time greater than the theoretical maximum value 2 * T_1 (96966.20180926041 > 2 * 40591.82230473617). Truncating to maximum value.
    warn("Device model returned an invalid T_2 relaxation time greater than"

qcs/tst/qvm/integration/bench_test.py::TestBenchDiffBackendQvmFrpV2::test_bench_multi_methods_multi_metrics[/root/projects/QASMBench/small//basis_trotter_n4/basis_trotter_n4.qasm,/root/projects/QASMBench/small//cat_state_n4/cat_state_n4.qasm,/root/projects/QASMBench/small//dnn_n2/dnn_n2.qasm,/root/projects/QASMBench/small//linearsolver_n3/linearsolver_n3.qasm,/root/projects/QASMBench/small//teleportation_n3/teleportation_n3.qasm-FakeBrooklyn-4-random,small_first,large_first,brute_force]
qcs/tst/qvm/integration/bench_test.py::TestBenchDiffBackendQvmFrpV2::test_bench_multi_methods_multi_metrics[/root/projects/QASMBench/small//basis_trotter_n4/basis_trotter_n4.qasm,/root/projects/QASMBench/small//cat_state_n4/cat_state_n4.qasm,/root/projects/QASMBench/small//dnn_n2/dnn_n2.qasm,/root/projects/QASMBench/small//linearsolver_n3/linearsolver_n3.qasm,/root/projects/QASMBench/small//teleportation_n3/teleportation_n3.qasm-FakeBrooklyn-4-random,small_first,large_first,brute_force]
qcs/tst/qvm/integration/bench_test.py::TestBenchDiffBackendQvmFrpV2::test_bench_multi_methods_multi_metrics[/root/projects/QASMBench/small//basis_trotter_n4/basis_trotter_n4.qasm,/root/projects/QASMBench/small//cat_state_n4/cat_state_n4.qasm,/root/projects/QASMBench/small//dnn_n2/dnn_n2.qasm,/root/projects/QASMBench/small//linearsolver_n3/linearsolver_n3.qasm,/root/projects/QASMBench/small//teleportation_n3/teleportation_n3.qasm-FakeBrooklyn-4-random,small_first,large_first,brute_force]
  /root/anaconda3/envs/qcs-noise/lib/python3.10/site-packages/qiskit_aer/noise/device/models.py:365: UserWarning: Device model returned an invalid T_2 relaxation time greater than the theoretical maximum value 2 * T_1 (9.696620180926042e-05 > 2 * 4.059182230473617e-05). Truncating to maximum value.
    warn("Device model returned an invalid T_2 relaxation time greater than"

-- Docs: https://docs.pytest.org/en/stable/how-to/capture-warnings.html
========== 1 passed, 54 deselected, 35 warnings in 132.34s (0:02:12) ===========
