============================= test session starts ==============================
platform linux -- Python 3.10.6, pytest-7.2.0, pluggy-1.0.0
rootdir: /root/projects/qvm
plugins: anyio-3.6.2
collected 55 items / 54 deselected / 1 selected

tst/qvm/integration/bench_test.py 
------------------- Testing --------------

QVM::selection::costs::	random	9.679794311523438e-05
compute_unit_list	[{2}, {0, 10}, {3, 6}, {1, 12, 7}, {8, 11}]
QVM::selection::costs::	naive	0.00020360946655273438
compute_unit_list	[{2}, {0, 10}, {8, 11}, {1, 12, 7}, {3, 6}]
QVM::selection::costs::	naive_reverse	0.00015735626220703125
compute_unit_list	[{2}, {3, 6}, {8, 11}, {0, 10, 4}, {1, 12}]
QVM::selection::costs::	brute_force	0.01104426383972168
compute_unit_list	[{2}, {0, 10}, {8, 11}, {1, 12, 7}, {3, 6}]
random	9.679794311523438e-05	0.7193048555444382	0.9106300354003907
small_first	0.00020360946655273438	0.8329815037496108	0.9051357269287109
large_first	0.00015735626220703125	0.7687678472281966	0.9050848007202148
brute_force	0.01104426383972168	0.8310366495884379	0.9052106857299804
.

=============================== warnings summary ===============================
qcs/tst/qvm/integration/bench_test.py: 10 warnings
  /root/anaconda3/envs/qcs-noise/lib/python3.10/site-packages/qiskit/providers/fake_provider/fake_backend.py:462: PendingDeprecationWarning: "warnings" argument will be deprecated as part of the qiskit-aer 0.12.0 and subsequently removed
    noise_model = NoiseModel.from_backend(self, warnings=False)

-- Docs: https://docs.pytest.org/en/stable/how-to/capture-warnings.html
========== 1 passed, 54 deselected, 10 warnings in 164.53s (0:02:44) ===========
