============================= test session starts ==============================
platform linux -- Python 3.10.6, pytest-7.2.0, pluggy-1.0.0
rootdir: /root/projects/qvm
plugins: anyio-3.6.2
collected 55 items / 54 deselected / 1 selected

tst/qvm/integration/bench_test.py 
------------------- Testing --------------

QVM::selection::costs::	random	0.0001010894775390625
compute_unit_list	[{2}, {3, 6}, {1, 12}, {5}, {0}]
QVM::selection::costs::	naive	0.00016641616821289062
compute_unit_list	[{2}, {4, 7}, {1, 12}, {3}, {5}]
QVM::selection::costs::	naive_reverse	0.0001735687255859375
compute_unit_list	[{0}, {3, 6}, {1, 12}, {5}, {2}]
QVM::selection::costs::	brute_force	0.15850520133972168
compute_unit_list	[{2}, {3, 6}, {1, 12}, {5}, {0}]
random	0.0001010894775390625	0.05428628671075677	0.9581897735595704
small_first	0.00016641616821289062	0.06730459809887476	0.9543024063110351
large_first	0.0001735687255859375	0.06154835106464811	0.9534439086914063
brute_force	0.15850520133972168	0.05416188192373543	0.958277702331543
.

=============================== warnings summary ===============================
qcs/tst/qvm/integration/bench_test.py: 10 warnings
  /root/anaconda3/envs/qcs-noise/lib/python3.10/site-packages/qiskit/providers/fake_provider/fake_backend.py:462: PendingDeprecationWarning: "warnings" argument will be deprecated as part of the qiskit-aer 0.12.0 and subsequently removed
    noise_model = NoiseModel.from_backend(self, warnings=False)

qcs/tst/qvm/integration/bench_test.py: 12 warnings
  /root/anaconda3/envs/qcs-noise/lib/python3.10/site-packages/qiskit_aer/noise/device/models.py:365: UserWarning: Device model returned an invalid T_2 relaxation time greater than the theoretical maximum value 2 * T_1 (96966.20180926041 > 2 * 40591.82230473617). Truncating to maximum value.
    warn("Device model returned an invalid T_2 relaxation time greater than"

qcs/tst/qvm/integration/bench_test.py::TestBenchDiffBackendQvmFrpV2::test_bench_multi_methods_multi_metrics[/root/projects/QASMBench/small//deutsch_n2/deutsch_n2.qasm,/root/projects/QASMBench/small//qaoa_n6/qaoa_n6.qasm,/root/projects/QASMBench/small//shor_n5/shor_n5.qasm,/root/projects/QASMBench/small//teleportation_n3/teleportation_n3.qasm,/root/projects/QASMBench/small//variational_n4/variational_n4.qasm-FakeBrooklyn-4-random,small_first,large_first,brute_force]
qcs/tst/qvm/integration/bench_test.py::TestBenchDiffBackendQvmFrpV2::test_bench_multi_methods_multi_metrics[/root/projects/QASMBench/small//deutsch_n2/deutsch_n2.qasm,/root/projects/QASMBench/small//qaoa_n6/qaoa_n6.qasm,/root/projects/QASMBench/small//shor_n5/shor_n5.qasm,/root/projects/QASMBench/small//teleportation_n3/teleportation_n3.qasm,/root/projects/QASMBench/small//variational_n4/variational_n4.qasm-FakeBrooklyn-4-random,small_first,large_first,brute_force]
  /root/anaconda3/envs/qcs-noise/lib/python3.10/site-packages/qiskit_aer/noise/device/models.py:365: UserWarning: Device model returned an invalid T_2 relaxation time greater than the theoretical maximum value 2 * T_1 (9.696620180926042e-05 > 2 * 4.059182230473617e-05). Truncating to maximum value.
    warn("Device model returned an invalid T_2 relaxation time greater than"

-- Docs: https://docs.pytest.org/en/stable/how-to/capture-warnings.html
========== 1 passed, 54 deselected, 24 warnings in 282.97s (0:04:42) ===========
