============================= test session starts ==============================
platform linux -- Python 3.10.6, pytest-7.2.0, pluggy-1.0.0
rootdir: /root/projects/qvm
plugins: anyio-3.6.2
collected 11 items / 10 deselected / 1 selected

tst/qvm/integration/qvm_test.py 
==== Testing ===

==== qasm_list ===

/root/projects/QASMBench/small//adder_n10/adder_n10.qasm,/root/projects/QASMBench/small//qec_en_n5/qec_en_n5.qasm
compute_unit_list	[{1, 12, 7}, {3, 6}]
naive selection time	5.364418029785156e-05
naive selection result	0.7859211800842777
.

=============================== warnings summary ===============================
qcs/tst/qvm/integration/qvm_test.py::TestSelectMethods::test_naive_reverse_select[/root/projects/QASMBench/small//adder_n10/adder_n10.qasm,/root/projects/QASMBench/small//qec_en_n5/qec_en_n5.qasm-FakeBrooklyn-4]
qcs/tst/qvm/integration/qvm_test.py::TestSelectMethods::test_naive_reverse_select[/root/projects/QASMBench/small//adder_n10/adder_n10.qasm,/root/projects/QASMBench/small//qec_en_n5/qec_en_n5.qasm-FakeBrooklyn-4]
  /root/anaconda3/envs/qcs-noise/lib/python3.10/site-packages/qiskit/providers/fake_provider/fake_backend.py:462: PendingDeprecationWarning: "warnings" argument will be deprecated as part of the qiskit-aer 0.12.0 and subsequently removed
    noise_model = NoiseModel.from_backend(self, warnings=False)

-- Docs: https://docs.pytest.org/en/stable/how-to/capture-warnings.html
================ 1 passed, 10 deselected, 2 warnings in 21.40s =================
