============================= test session starts ==============================
platform linux -- Python 3.10.6, pytest-7.2.0, pluggy-1.0.0
rootdir: /root/projects/qvm
plugins: anyio-3.6.2
collected 55 items / 54 deselected / 1 selected

tst/qvm/integration/bench_test.py 
------------------- Testing --------------

QVM::selection::costs::	naive	1.9073486328125e-05
compute_unit_list	[{2}, {0, 10}, {3}, {5}]
QVM::selection::costs::	naive_reverse	0.00014090538024902344
compute_unit_list	[{5}, {3, 6}, {0}, {2}]
QVM::selection::costs::	brute_force	0.03042316436767578
compute_unit_list	[{2}, {0, 10}, {3}, {5}]
small_first	1.9073486328125e-05	0.14427253289766037	0.8776710033416748
large_first	0.00014090538024902344	0.06096161189414147	0.942089319229126
brute_force	0.03042316436767578	0.1439195237061545	0.8779575824737549
.

=============================== warnings summary ===============================
qcs/tst/qvm/integration/bench_test.py::TestBenchDiffBackendQvmFrpV2::test_bench_multi_methods_multi_metrics[/root/projects/QASMBench/small//iswap_n2/iswap_n2.qasm,/root/projects/QASMBench/small//qec_en_n5/qec_en_n5.qasm,/root/projects/QASMBench/small//grover_n2/grover_n2.qasm,/root/projects/QASMBench/small//qrng_n4/qrng_n4.qasm-FakeBrooklyn-4-small_first,large_first,brute_force]
qcs/tst/qvm/integration/bench_test.py::TestBenchDiffBackendQvmFrpV2::test_bench_multi_methods_multi_metrics[/root/projects/QASMBench/small//iswap_n2/iswap_n2.qasm,/root/projects/QASMBench/small//qec_en_n5/qec_en_n5.qasm,/root/projects/QASMBench/small//grover_n2/grover_n2.qasm,/root/projects/QASMBench/small//qrng_n4/qrng_n4.qasm-FakeBrooklyn-4-small_first,large_first,brute_force]
qcs/tst/qvm/integration/bench_test.py::TestBenchDiffBackendQvmFrpV2::test_bench_multi_methods_multi_metrics[/root/projects/QASMBench/small//iswap_n2/iswap_n2.qasm,/root/projects/QASMBench/small//qec_en_n5/qec_en_n5.qasm,/root/projects/QASMBench/small//grover_n2/grover_n2.qasm,/root/projects/QASMBench/small//qrng_n4/qrng_n4.qasm-FakeBrooklyn-4-small_first,large_first,brute_force]
qcs/tst/qvm/integration/bench_test.py::TestBenchDiffBackendQvmFrpV2::test_bench_multi_methods_multi_metrics[/root/projects/QASMBench/small//iswap_n2/iswap_n2.qasm,/root/projects/QASMBench/small//qec_en_n5/qec_en_n5.qasm,/root/projects/QASMBench/small//grover_n2/grover_n2.qasm,/root/projects/QASMBench/small//qrng_n4/qrng_n4.qasm-FakeBrooklyn-4-small_first,large_first,brute_force]
qcs/tst/qvm/integration/bench_test.py::TestBenchDiffBackendQvmFrpV2::test_bench_multi_methods_multi_metrics[/root/projects/QASMBench/small//iswap_n2/iswap_n2.qasm,/root/projects/QASMBench/small//qec_en_n5/qec_en_n5.qasm,/root/projects/QASMBench/small//grover_n2/grover_n2.qasm,/root/projects/QASMBench/small//qrng_n4/qrng_n4.qasm-FakeBrooklyn-4-small_first,large_first,brute_force]
qcs/tst/qvm/integration/bench_test.py::TestBenchDiffBackendQvmFrpV2::test_bench_multi_methods_multi_metrics[/root/projects/QASMBench/small//iswap_n2/iswap_n2.qasm,/root/projects/QASMBench/small//qec_en_n5/qec_en_n5.qasm,/root/projects/QASMBench/small//grover_n2/grover_n2.qasm,/root/projects/QASMBench/small//qrng_n4/qrng_n4.qasm-FakeBrooklyn-4-small_first,large_first,brute_force]
qcs/tst/qvm/integration/bench_test.py::TestBenchDiffBackendQvmFrpV2::test_bench_multi_methods_multi_metrics[/root/projects/QASMBench/small//iswap_n2/iswap_n2.qasm,/root/projects/QASMBench/small//qec_en_n5/qec_en_n5.qasm,/root/projects/QASMBench/small//grover_n2/grover_n2.qasm,/root/projects/QASMBench/small//qrng_n4/qrng_n4.qasm-FakeBrooklyn-4-small_first,large_first,brute_force]
qcs/tst/qvm/integration/bench_test.py::TestBenchDiffBackendQvmFrpV2::test_bench_multi_methods_multi_metrics[/root/projects/QASMBench/small//iswap_n2/iswap_n2.qasm,/root/projects/QASMBench/small//qec_en_n5/qec_en_n5.qasm,/root/projects/QASMBench/small//grover_n2/grover_n2.qasm,/root/projects/QASMBench/small//qrng_n4/qrng_n4.qasm-FakeBrooklyn-4-small_first,large_first,brute_force]
  /root/anaconda3/envs/qcs-noise/lib/python3.10/site-packages/qiskit/providers/fake_provider/fake_backend.py:462: PendingDeprecationWarning: "warnings" argument will be deprecated as part of the qiskit-aer 0.12.0 and subsequently removed
    noise_model = NoiseModel.from_backend(self, warnings=False)

qcs/tst/qvm/integration/bench_test.py: 12 warnings
  /root/anaconda3/envs/qcs-noise/lib/python3.10/site-packages/qiskit_aer/noise/device/models.py:365: UserWarning: Device model returned an invalid T_2 relaxation time greater than the theoretical maximum value 2 * T_1 (96966.20180926041 > 2 * 40591.82230473617). Truncating to maximum value.
    warn("Device model returned an invalid T_2 relaxation time greater than"

qcs/tst/qvm/integration/bench_test.py::TestBenchDiffBackendQvmFrpV2::test_bench_multi_methods_multi_metrics[/root/projects/QASMBench/small//iswap_n2/iswap_n2.qasm,/root/projects/QASMBench/small//qec_en_n5/qec_en_n5.qasm,/root/projects/QASMBench/small//grover_n2/grover_n2.qasm,/root/projects/QASMBench/small//qrng_n4/qrng_n4.qasm-FakeBrooklyn-4-small_first,large_first,brute_force]
qcs/tst/qvm/integration/bench_test.py::TestBenchDiffBackendQvmFrpV2::test_bench_multi_methods_multi_metrics[/root/projects/QASMBench/small//iswap_n2/iswap_n2.qasm,/root/projects/QASMBench/small//qec_en_n5/qec_en_n5.qasm,/root/projects/QASMBench/small//grover_n2/grover_n2.qasm,/root/projects/QASMBench/small//qrng_n4/qrng_n4.qasm-FakeBrooklyn-4-small_first,large_first,brute_force]
  /root/anaconda3/envs/qcs-noise/lib/python3.10/site-packages/qiskit_aer/noise/device/models.py:365: UserWarning: Device model returned an invalid T_2 relaxation time greater than the theoretical maximum value 2 * T_1 (9.696620180926042e-05 > 2 * 4.059182230473617e-05). Truncating to maximum value.
    warn("Device model returned an invalid T_2 relaxation time greater than"

-- Docs: https://docs.pytest.org/en/stable/how-to/capture-warnings.html
========== 1 passed, 54 deselected, 22 warnings in 131.61s (0:02:11) ===========
