============================= test session starts ==============================
platform linux -- Python 3.10.6, pytest-7.2.0, pluggy-1.0.0
rootdir: /root/projects/qcs
collected 13 items / 12 deselected / 1 selected

tst/qdao/engine.py 
::::::::::::::::::Config::::::::::::::::::

NQ::	28
NP::	26
NL::	22

::::::::::::::::::Config::::::::::::::::::

Partial simulation consumes time: 4.731288909912109
Partial simulation consumes time: 4.5424964427948
Partial simulation consumes time: 4.612403392791748
Partial simulation consumes time: 4.647615194320679
Partial simulation consumes time: 1.1826510429382324
Partial simulation consumes time: 1.1898205280303955
Partial simulation consumes time: 1.2039272785186768
Partial simulation consumes time: 1.8987390995025635
Qdao runs:	42.76290225982666
_initialize	3.656442403793335
_preprocess	8.699374675750732
_postprocess	4.997450828552246
_run	39.0682270526886
initialize	3.6564245223999023
load_sv	8.68531847000122
store_sv	4.997286319732666
Qiskit runs: 22.797653436660767
.

================= 1 passed, 12 deselected in 69.26s (0:01:09) ==================
