VmRSS:	  128236 kB
VmRSS:	  259964 kB
VmRSS:	  392228 kB
VmRSS:	  497564 kB
VmRSS:	  510084 kB
NoiseModel:
  Basis gates: ['cx', 'id', 'rz', 'sx', 'u1', 'u2', 'u3']
  Instructions with noise: ['u2', 'cx', 'u3', 'u1']
  All-qubits errors: ['u1', 'u2', 'u3', 'cx'] None None
gate_compile:consumed time:	6.833808660507202
pulse_compile:consumed time:	0.8808774948120117
dt: 2.2222222222222221e-10, duration: 515152
VmRSS:	  307724 kB
random::num_qubits: 10, ::depth: 
VmRSS:	  128988 kB
VmRSS:	  256888 kB
VmRSS:	  389944 kB
VmRSS:	  497128 kB
VmRSS:	  513748 kB
VmRSS:	  516124 kB
VmRSS:	  520348 kB
VmRSS:	  522988 kB
VmRSS:	  529112 kB
NoiseModel:
  Basis gates: ['cx', 'id', 'rz', 'sx', 'u1', 'u2', 'u3']
  Instructions with noise: ['u3', 'u1', 'cx', 'u2']
  All-qubits errors: ['u1', 'u2', 'u3', 'cx'] None None
gate_compile:consumed time:	7.26972770690918
pulse_compile:consumed time:	3.933694839477539
dt: 2.2222222222222221e-10, duration: 2232880
random::num_qubits: 20, ::depth: 
VmRSS:	  129184 kB
VmRSS:	  255684 kB
VmRSS:	  386100 kB
VmRSS:	  496188 kB
VmRSS:	  519308 kB
VmRSS:	  520044 kB
VmRSS:	  526116 kB
VmRSS:	  527172 kB
VmRSS:	  532716 kB
VmRSS:	  533772 kB
VmRSS:	  539052 kB
VmRSS:	  540108 kB
VmRSS:	  545652 kB
VmRSS:	  546708 kB
VmRSS:	  549612 kB
VmRSS:	  550668 kB
NoiseModel:
  Basis gates: ['cx', 'id', 'rz', 'sx', 'u1', 'u2', 'u3']
  Instructions with noise: ['u1', 'cx', 'u2', 'u3']
  All-qubits errors: ['u1', 'u2', 'u3', 'cx'] None None
gate_compile:consumed time:	8.323964834213257
pulse_compile:consumed time:	11.107758522033691
dt: 2.2222222222222221e-10, duration: 3304784
random::num_qubits: 30, ::depth: 
VmRSS:	  128844 kB
VmRSS:	  253304 kB
VmRSS:	  382136 kB
VmRSS:	  494864 kB
VmRSS:	  527476 kB
VmRSS:	  529276 kB
VmRSS:	  531212 kB
VmRSS:	  538132 kB
VmRSS:	  539716 kB
VmRSS:	  544732 kB
VmRSS:	  546052 kB
VmRSS:	  551332 kB
VmRSS:	  552916 kB
VmRSS:	  557932 kB
VmRSS:	  559516 kB
VmRSS:	  564532 kB
VmRSS:	  566116 kB
VmRSS:	  571132 kB
VmRSS:	  572716 kB
VmRSS:	  577732 kB
VmRSS:	  579316 kB
VmRSS:	  584332 kB
VmRSS:	  585916 kB
VmRSS:	  590932 kB
VmRSS:	  592516 kB
VmRSS:	  597532 kB
VmRSS:	  599116 kB
VmRSS:	  604132 kB
VmRSS:	  612580 kB
NoiseModel:
  Basis gates: ['cx', 'id', 'rz', 'sx', 'u1', 'u2', 'u3']
  Instructions with noise: ['u3', 'u2', 'u1', 'cx']
  All-qubits errors: ['u1', 'u2', 'u3', 'cx'] None None
gate_compile:consumed time:	10.458204746246338
pulse_compile:consumed time:	22.278725624084473
dt: 2.2222222222222221e-10, duration: 8023088
random::num_qubits: 40, ::depth: 
VmRSS:	  129228 kB
VmRSS:	  255044 kB
VmRSS:	  382292 kB
VmRSS:	  495020 kB
VmRSS:	  540464 kB
VmRSS:	  539564 kB
VmRSS:	  539564 kB
VmRSS:	  539564 kB
VmRSS:	  545152 kB
VmRSS:	  554652 kB
VmRSS:	  555444 kB
VmRSS:	  561252 kB
VmRSS:	  561252 kB
VmRSS:	  565476 kB
VmRSS:	  566268 kB
VmRSS:	  572076 kB
VmRSS:	  572868 kB
VmRSS:	  578940 kB
VmRSS:	  579468 kB
VmRSS:	  585540 kB
VmRSS:	  586332 kB
VmRSS:	  592140 kB
VmRSS:	  592932 kB
VmRSS:	  599004 kB
VmRSS:	  599532 kB
VmRSS:	  605604 kB
VmRSS:	  606396 kB
VmRSS:	  612204 kB
VmRSS:	  612996 kB
VmRSS:	  619068 kB
VmRSS:	  619860 kB
VmRSS:	  625668 kB
VmRSS:	  626460 kB
VmRSS:	  632532 kB
VmRSS:	  633060 kB
VmRSS:	  639132 kB
VmRSS:	  639924 kB
VmRSS:	  645732 kB
VmRSS:	  646524 kB
VmRSS:	  652596 kB
VmRSS:	  653124 kB
VmRSS:	  659196 kB
VmRSS:	  659724 kB
VmRSS:	  665796 kB
VmRSS:	  666588 kB
VmRSS:	  675036 kB
VmRSS:	  675036 kB
VmRSS:	  665400 kB
NoiseModel:
  Basis gates: ['cx', 'id', 'rz', 'sx', 'u1', 'u2', 'u3']
  Instructions with noise: ['u2', 'cx', 'u3', 'u1']
  All-qubits errors: ['u1', 'u2', 'u3', 'cx'] None None
gate_compile:consumed time:	14.231803894042969
pulse_compile:consumed time:	39.522074699401855
dt: 2.2222222222222221e-10, duration: 9478800
VmRSS:	  466824 kB
random::num_qubits: 50, ::depth: 
VmRSS:	  129160 kB
VmRSS:	  254940 kB
VmRSS:	  382716 kB
VmRSS:	  495180 kB
VmRSS:	  551876 kB
VmRSS:	  546448 kB
VmRSS:	  549164 kB
VmRSS:	  549280 kB
VmRSS:	  562960 kB
VmRSS:	  572196 kB
VmRSS:	  575628 kB
VmRSS:	  578004 kB
VmRSS:	  581964 kB
VmRSS:	  584340 kB
VmRSS:	  588564 kB
VmRSS:	  590940 kB
VmRSS:	  594900 kB
VmRSS:	  597276 kB
VmRSS:	  601500 kB
VmRSS:	  603876 kB
VmRSS:	  608100 kB
VmRSS:	  610476 kB
VmRSS:	  614700 kB
VmRSS:	  617340 kB
VmRSS:	  621300 kB
VmRSS:	  623940 kB
VmRSS:	  627900 kB
VmRSS:	  629220 kB
VmRSS:	  632388 kB
VmRSS:	  634764 kB
VmRSS:	  638988 kB
VmRSS:	  641364 kB
VmRSS:	  645588 kB
VmRSS:	  647964 kB
VmRSS:	  652188 kB
VmRSS:	  654564 kB
VmRSS:	  658788 kB
VmRSS:	  661164 kB
VmRSS:	  665388 kB
VmRSS:	  667764 kB
VmRSS:	  671988 kB
VmRSS:	  674364 kB
VmRSS:	  678588 kB
VmRSS:	  680964 kB
VmRSS:	  685188 kB
VmRSS:	  687564 kB
VmRSS:	  691788 kB
VmRSS:	  694164 kB
VmRSS:	  698388 kB
VmRSS:	  700764 kB
VmRSS:	  704988 kB
VmRSS:	  707364 kB
VmRSS:	  711588 kB
VmRSS:	  713964 kB
VmRSS:	  718188 kB
VmRSS:	  720564 kB
VmRSS:	  724788 kB
VmRSS:	  727164 kB
VmRSS:	  731388 kB
VmRSS:	  733764 kB
VmRSS:	  737724 kB
VmRSS:	  740364 kB
VmRSS:	  744324 kB
VmRSS:	  746964 kB
VmRSS:	  750924 kB
VmRSS:	  753300 kB
VmRSS:	  757524 kB
VmRSS:	  761748 kB
VmRSS:	  765708 kB
VmRSS:	  802140 kB
NoiseModel:
  Basis gates: ['cx', 'id', 'rz', 'sx', 'u1', 'u2', 'u3']
  Instructions with noise: ['u2', 'u1', 'cx', 'u3']
  All-qubits errors: ['u1', 'u2', 'u3', 'cx'] None None
gate_compile:consumed time:	15.268596887588501
pulse_compile:consumed time:	61.12171292304993
dt: 2.2222222222222221e-10, duration: 16825936
random::num_qubits: 60, ::depth: 
VmRSS:	  130288 kB
VmRSS:	  256180 kB
VmRSS:	  385804 kB
VmRSS:	  496948 kB
VmRSS:	  558996 kB
VmRSS:	  567428 kB
VmRSS:	  558916 kB
VmRSS:	  563088 kB
VmRSS:	  566256 kB
VmRSS:	  566256 kB
VmRSS:	  566256 kB
VmRSS:	  584472 kB
VmRSS:	  589628 kB
VmRSS:	  605464 kB
VmRSS:	  605992 kB
VmRSS:	  611536 kB
VmRSS:	  611800 kB
VmRSS:	  617872 kB
VmRSS:	  618136 kB
VmRSS:	  624208 kB
VmRSS:	  624472 kB
VmRSS:	  630544 kB
VmRSS:	  631072 kB
VmRSS:	  636880 kB
VmRSS:	  637408 kB
VmRSS:	  641896 kB
VmRSS:	  641896 kB
VmRSS:	  647704 kB
VmRSS:	  648232 kB
VmRSS:	  654304 kB
VmRSS:	  654568 kB
VmRSS:	  660640 kB
VmRSS:	  661168 kB
VmRSS:	  667240 kB
VmRSS:	  667768 kB
VmRSS:	  673840 kB
VmRSS:	  674104 kB
VmRSS:	  680176 kB
VmRSS:	  680704 kB
VmRSS:	  686512 kB
VmRSS:	  687040 kB
VmRSS:	  693112 kB
VmRSS:	  693640 kB
VmRSS:	  699712 kB
VmRSS:	  699976 kB
VmRSS:	  706048 kB
VmRSS:	  706576 kB
VmRSS:	  712648 kB
VmRSS:	  712912 kB
VmRSS:	  718984 kB
VmRSS:	  719512 kB
VmRSS:	  725584 kB
VmRSS:	  725848 kB
VmRSS:	  731920 kB
VmRSS:	  732448 kB
VmRSS:	  738520 kB
VmRSS:	  739048 kB
VmRSS:	  744856 kB
VmRSS:	  745384 kB
VmRSS:	  751456 kB
VmRSS:	  751984 kB
VmRSS:	  758056 kB
VmRSS:	  758320 kB
VmRSS:	  764392 kB
VmRSS:	  764920 kB
VmRSS:	  770992 kB
VmRSS:	  771256 kB
VmRSS:	  777328 kB
VmRSS:	  777856 kB
VmRSS:	  780760 kB
VmRSS:	  781024 kB
VmRSS:	  787096 kB
VmRSS:	  787624 kB
VmRSS:	  793696 kB
VmRSS:	  793960 kB
VmRSS:	  800032 kB
VmRSS:	  800560 kB
VmRSS:	  806368 kB
VmRSS:	  806896 kB
VmRSS:	  812968 kB
VmRSS:	  813496 kB
VmRSS:	  819304 kB
VmRSS:	  819832 kB
VmRSS:	  825640 kB
VmRSS:	  826168 kB
VmRSS:	  832240 kB
VmRSS:	  832504 kB
VmRSS:	  838576 kB
VmRSS:	  839104 kB
VmRSS:	  844912 kB
VmRSS:	  845440 kB
VmRSS:	  851512 kB
VmRSS:	  852040 kB
VmRSS:	  857848 kB
VmRSS:	  858376 kB
VmRSS:	  864448 kB
VmRSS:	  864712 kB
VmRSS:	  870784 kB
VmRSS:	  871312 kB
VmRSS:	  877120 kB
VmRSS:	  877648 kB
VmRSS:	  886560 kB
VmRSS:	  886560 kB
VmRSS:	  967344 kB
VmRSS:	  971304 kB
NoiseModel:
  Basis gates: ['cx', 'id', 'rz', 'sx', 'u1', 'u2', 'u3']
  Instructions with noise: ['u2', 'u1', 'u3', 'cx']
  All-qubits errors: ['u1', 'u2', 'u3', 'cx'] None None
gate_compile:consumed time:	22.15796995162964
pulse_compile:consumed time:	91.93715691566467
dt: 2.2222222222222221e-10, duration: 21624016
random::num_qubits: 70, ::depth: 
VmRSS:	  130612 kB
VmRSS:	  257868 kB
VmRSS:	  390924 kB
VmRSS:	  498372 kB
VmRSS:	  557852 kB
VmRSS:	  585052 kB
VmRSS:	  572948 kB
VmRSS:	  575608 kB
VmRSS:	  582528 kB
VmRSS:	  586752 kB
VmRSS:	  586752 kB
VmRSS:	  586752 kB
VmRSS:	  612120 kB
VmRSS:	  632708 kB
VmRSS:	  633236 kB
VmRSS:	  636932 kB
VmRSS:	  639044 kB
VmRSS:	  643268 kB
VmRSS:	  645644 kB
VmRSS:	  649868 kB
VmRSS:	  652244 kB
VmRSS:	  656732 kB
VmRSS:	  659108 kB
VmRSS:	  663332 kB
VmRSS:	  665444 kB
VmRSS:	  669932 kB
VmRSS:	  672308 kB
VmRSS:	  676532 kB
VmRSS:	  678908 kB
VmRSS:	  683132 kB
VmRSS:	  685508 kB
VmRSS:	  689996 kB
VmRSS:	  692372 kB
VmRSS:	  696596 kB
VmRSS:	  699236 kB
VmRSS:	  703460 kB
VmRSS:	  705836 kB
VmRSS:	  710060 kB
VmRSS:	  712700 kB
VmRSS:	  716924 kB
VmRSS:	  717980 kB
VmRSS:	  720884 kB
VmRSS:	  723260 kB
VmRSS:	  727748 kB
VmRSS:	  730124 kB
VmRSS:	  734348 kB
VmRSS:	  736724 kB
VmRSS:	  741212 kB
VmRSS:	  743588 kB
VmRSS:	  747812 kB
VmRSS:	  750188 kB
VmRSS:	  754676 kB
VmRSS:	  757052 kB
VmRSS:	  761276 kB
VmRSS:	  763652 kB
VmRSS:	  768140 kB
VmRSS:	  770516 kB
VmRSS:	  774740 kB
VmRSS:	  777380 kB
VmRSS:	  781604 kB
VmRSS:	  783980 kB
VmRSS:	  788468 kB
VmRSS:	  790844 kB
VmRSS:	  795068 kB
VmRSS:	  797444 kB
VmRSS:	  801668 kB
VmRSS:	  804044 kB
VmRSS:	  808532 kB
VmRSS:	  810908 kB
VmRSS:	  815132 kB
VmRSS:	  817508 kB
VmRSS:	  821996 kB
VmRSS:	  824372 kB
VmRSS:	  828596 kB
VmRSS:	  830972 kB
VmRSS:	  835460 kB
VmRSS:	  837836 kB
VmRSS:	  842060 kB
VmRSS:	  844436 kB
VmRSS:	  848660 kB
VmRSS:	  851036 kB
VmRSS:	  855524 kB
VmRSS:	  857900 kB
VmRSS:	  862124 kB
VmRSS:	  864500 kB
VmRSS:	  868724 kB
VmRSS:	  871100 kB
VmRSS:	  875588 kB
VmRSS:	  877964 kB
VmRSS:	  878756 kB
VmRSS:	  880604 kB
VmRSS:	  885092 kB
VmRSS:	  887468 kB
VmRSS:	  891692 kB
VmRSS:	  894068 kB
VmRSS:	  898556 kB
VmRSS:	  900932 kB
VmRSS:	  905156 kB
VmRSS:	  907532 kB
VmRSS:	  911756 kB
VmRSS:	  914132 kB
VmRSS:	  918356 kB
VmRSS:	  920996 kB
VmRSS:	  925220 kB
VmRSS:	  927596 kB
VmRSS:	  931820 kB
VmRSS:	  934196 kB
VmRSS:	  938420 kB
VmRSS:	  940796 kB
VmRSS:	  945284 kB
VmRSS:	  947660 kB
VmRSS:	  951884 kB
VmRSS:	  954260 kB
VmRSS:	  958484 kB
VmRSS:	  960860 kB
VmRSS:	  965348 kB
VmRSS:	  967724 kB
VmRSS:	  971948 kB
VmRSS:	  974324 kB
VmRSS:	  978812 kB
VmRSS:	  981188 kB
VmRSS:	  985412 kB
VmRSS:	  987788 kB
VmRSS:	  992012 kB
VmRSS:	  994388 kB
VmRSS:	  998876 kB
VmRSS:	 1001252 kB
VmRSS:	 1005476 kB
VmRSS:	 1007852 kB
VmRSS:	 1014784 kB
VmRSS:	 1026400 kB
VmRSS:	 1082632 kB
VmRSS:	 1113520 kB
VmRSS:	 1140184 kB
VmRSS:	 1140184 kB
NoiseModel:
  Basis gates: ['cx', 'id', 'rz', 'sx', 'u1', 'u2', 'u3']
  Instructions with noise: ['cx', 'u3', 'u1', 'u2']
  All-qubits errors: ['u1', 'u2', 'u3', 'cx'] None None
gate_compile:consumed time:	22.73760151863098
pulse_compile:consumed time:	120.5914978981018
dt: 2.2222222222222221e-10, duration: 28640976
VmRSS:	  779420 kB
random::num_qubits: 80, ::depth: 
