============================= test session starts ==============================
platform linux -- Python 3.10.6, pytest-7.2.0, pluggy-1.0.0
rootdir: /root/projects/qcs
collected 13 items / 12 deselected / 1 selected

tst/qdao/engine.py 
::::::::::::::::::Config::::::::::::::::::

NQ::	28
NP::	26
NL::	22

::::::::::::::::::Config::::::::::::::::::

Partial simulation consumes time: 3.911010980606079
Partial simulation consumes time: 3.86430287361145
Partial simulation consumes time: 3.851158618927002
Partial simulation consumes time: 3.8885436058044434
Partial simulation consumes time: 0.2278575897216797
Partial simulation consumes time: 0.22745013236999512
Partial simulation consumes time: 0.2283332347869873
Partial simulation consumes time: 0.22920441627502441
Qdao runs:	37.10387468338013
_initialize	5.252465724945068
_preprocess	5.182276964187622
_postprocess	10.238292455673218
_run	31.848735332489014
initialize	5.252452850341797
load_sv	5.178606986999512
store_sv	10.238152027130127
Quafu runs:	34.702394247055054
.

================= 1 passed, 12 deselected in 74.63s (0:01:14) ==================
