============================= test session starts ==============================
platform linux -- Python 3.10.6, pytest-7.2.0, pluggy-1.0.0
rootdir: /root/projects/qcs
collected 13 items / 12 deselected / 1 selected

tst/qdao/engine.py 
::::::::::::::::::Config::::::::::::::::::

NQ::	28
NP::	26
NL::	22

::::::::::::::::::Config::::::::::::::::::

Partial simulation consumes time: 5.139687538146973
Partial simulation consumes time: 5.141785144805908
Partial simulation consumes time: 5.188878774642944
Partial simulation consumes time: 5.2822442054748535
Partial simulation consumes time: 1.330836534500122
Partial simulation consumes time: 1.3284668922424316
Partial simulation consumes time: 1.310124397277832
Partial simulation consumes time: 1.2966833114624023
Qdao runs:	46.45553541183472
_initialize	5.0298168659210205
_preprocess	5.1077961921691895
_postprocess	10.295288801193237
_run	41.422086238861084
initialize	5.029804468154907
load_sv	5.103904485702515
store_sv	10.295145273208618
Quafu runs:	44.185781955718994
.

================= 1 passed, 12 deselected in 93.77s (0:01:33) ==================
