============================= test session starts ==============================
platform linux -- Python 3.10.6, pytest-7.2.0, pluggy-1.0.0
rootdir: /root/projects/qcs
plugins: anyio-3.6.2
collected 13 items / 12 deselected / 1 selected

tst/qdao/engine.py 
::::::::::::::::::Config::::::::::::::::::

NQ::	28
NP::	26
NL::	22

::::::::::::::::::Config::::::::::::::::::

Partial simulation consumes time: 29.422896146774292
Partial simulation consumes time: 28.207317113876343
Partial simulation consumes time: 30.654848337173462
Partial simulation consumes time: 28.005253791809082
Partial simulation consumes time: 1.6015799045562744
Partial simulation consumes time: 1.5943198204040527
Partial simulation consumes time: 1.590714931488037
Partial simulation consumes time: 1.5867266654968262
Qdao runs:	129.03907203674316
_initialize	3.969857692718506
_preprocess	1.0509512424468994
_postprocess	1.335012435913086
_run	125.05038022994995
initialize	3.969841957092285
load_sv	1.0336730480194092
store_sv	1.3344829082489014
Quafu runs:	142.21355056762695
.

================= 1 passed, 12 deselected in 273.91s (0:04:33) =================
