============================= test session starts ==============================
platform linux -- Python 3.10.6, pytest-7.2.0, pluggy-1.0.0
rootdir: /root/projects/qvm
plugins: anyio-3.6.2
collected 55 items / 54 deselected / 1 selected

tst/qvm/integration/bench_test.py 
------------------- Testing --------------

QVM::selection::costs::	naive	1.1920928955078125e-05
compute_unit_list	[{2}, {3}]
QVM::selection::costs::	naive_reverse	2.2411346435546875e-05
compute_unit_list	[{2}, {3}]
QVM::selection::costs::	brute_force	0.0006225109100341797
compute_unit_list	[{2}, {3}]
small_first	1.1920928955078125e-05	0.06681545845224678	0.9520649909973145
large_first	2.2411346435546875e-05	0.0670462391100232	0.9517579078674316
brute_force	0.0006225109100341797	0.06681877345635945	0.9519095420837402
.

=============================== warnings summary ===============================
qcs/tst/qvm/integration/bench_test.py::TestBenchDiffBackendQvmFrpV2::test_bench_multi_methods_multi_metrics[/root/projects/QASMBench/small//grover_n2/grover_n2.qasm,/root/projects/QASMBench/small//quantumwalks_n2/quantumwalks_n2.qasm-FakeBrooklyn-4-small_first,large_first,brute_force]
qcs/tst/qvm/integration/bench_test.py::TestBenchDiffBackendQvmFrpV2::test_bench_multi_methods_multi_metrics[/root/projects/QASMBench/small//grover_n2/grover_n2.qasm,/root/projects/QASMBench/small//quantumwalks_n2/quantumwalks_n2.qasm-FakeBrooklyn-4-small_first,large_first,brute_force]
  /root/anaconda3/envs/qcs-noise/lib/python3.10/site-packages/qiskit/providers/fake_provider/fake_backend.py:462: PendingDeprecationWarning: "warnings" argument will be deprecated as part of the qiskit-aer 0.12.0 and subsequently removed
    noise_model = NoiseModel.from_backend(self, warnings=False)

-- Docs: https://docs.pytest.org/en/stable/how-to/capture-warnings.html
=========== 1 passed, 54 deselected, 2 warnings in 67.64s (0:01:07) ============
