============================= test session starts ==============================
platform linux -- Python 3.10.6, pytest-7.2.0, pluggy-1.0.0
rootdir: /root/projects/qvm
plugins: anyio-3.6.2
collected 55 items / 54 deselected / 1 selected

tst/qvm/integration/bench_test.py 
------------------- Testing --------------

QVM::selection::costs::	naive	1.1682510375976562e-05
compute_unit_list	[{3, 6}, {2}]
QVM::selection::costs::	naive_reverse	5.745887756347656e-05
compute_unit_list	[{3, 6}, {2}]
QVM::selection::costs::	brute_force	0.0003056526184082031
compute_unit_list	[{3, 6}, {2}]
small_first	1.1682510375976562e-05	0.1458384794253068	0.8651533126831055
large_first	5.745887756347656e-05	0.14588360852774535	0.8651351928710938
brute_force	0.0003056526184082031	0.14576552568683504	0.8652119636535645
.

=============================== warnings summary ===============================
qcs/tst/qvm/integration/bench_test.py::TestBenchDiffBackendQvmFrpV2::test_bench_multi_methods_multi_metrics[/root/projects/QASMBench/small//simon_n6/simon_n6.qasm,/root/projects/QASMBench/small//hs4_n4/hs4_n4.qasm-FakeBrooklyn-4-small_first,large_first,brute_force]
qcs/tst/qvm/integration/bench_test.py::TestBenchDiffBackendQvmFrpV2::test_bench_multi_methods_multi_metrics[/root/projects/QASMBench/small//simon_n6/simon_n6.qasm,/root/projects/QASMBench/small//hs4_n4/hs4_n4.qasm-FakeBrooklyn-4-small_first,large_first,brute_force]
  /root/anaconda3/envs/qcs-noise/lib/python3.10/site-packages/qiskit/providers/fake_provider/fake_backend.py:462: PendingDeprecationWarning: "warnings" argument will be deprecated as part of the qiskit-aer 0.12.0 and subsequently removed
    noise_model = NoiseModel.from_backend(self, warnings=False)

-- Docs: https://docs.pytest.org/en/stable/how-to/capture-warnings.html
=========== 1 passed, 54 deselected, 2 warnings in 67.22s (0:01:07) ============
