============================= test session starts ==============================
platform linux -- Python 3.10.6, pytest-7.2.0, pluggy-1.0.0
rootdir: /root/projects/qvm
plugins: anyio-3.6.2
collected 55 items / 54 deselected / 1 selected

tst/qvm/integration/bench_test.py 
------------------- Testing --------------

QVM::selection::costs::	naive	3.24249267578125e-05
compute_unit_list	[{2}, {0, 10, 4}]
QVM::selection::costs::	naive_reverse	4.887580871582031e-05
compute_unit_list	[{2}, {0, 10, 4}]
QVM::selection::costs::	brute_force	0.00024700164794921875
compute_unit_list	[{2}, {0, 10, 4}]
small_first	3.24249267578125e-05	0.18157633971623582	0.9407181739807129
large_first	4.887580871582031e-05	0.1806606330203865	0.9410443305969238
brute_force	0.00024700164794921875	0.18213542234233082	0.9403185844421387
.

=============================== warnings summary ===============================
qcs/tst/qvm/integration/bench_test.py::TestBenchDiffBackendQvmFrpV2::test_bench_multi_methods_multi_metrics[/root/projects/QASMBench/small//cat_state_n4/cat_state_n4.qasm,/root/projects/QASMBench/small//qpe_n9/qpe_n9.qasm-FakeBrooklyn-4-small_first,large_first,brute_force]
qcs/tst/qvm/integration/bench_test.py::TestBenchDiffBackendQvmFrpV2::test_bench_multi_methods_multi_metrics[/root/projects/QASMBench/small//cat_state_n4/cat_state_n4.qasm,/root/projects/QASMBench/small//qpe_n9/qpe_n9.qasm-FakeBrooklyn-4-small_first,large_first,brute_force]
  /root/anaconda3/envs/qcs-noise/lib/python3.10/site-packages/qiskit/providers/fake_provider/fake_backend.py:462: PendingDeprecationWarning: "warnings" argument will be deprecated as part of the qiskit-aer 0.12.0 and subsequently removed
    noise_model = NoiseModel.from_backend(self, warnings=False)

-- Docs: https://docs.pytest.org/en/stable/how-to/capture-warnings.html
=========== 1 passed, 54 deselected, 2 warnings in 70.41s (0:01:10) ============
