============================= test session starts ==============================
platform linux -- Python 3.10.6, pytest-7.2.0, pluggy-1.0.0
rootdir: /root/projects/qvm
plugins: anyio-3.6.2
collected 51 items / 50 deselected / 1 selected

tst/qvm/integration/bench_test.py F

=================================== FAILURES ===================================
_ TestBenchDiffBackendQvmFrpV2.test_bench_diff_methods_diff_metric[/root/projects/QASMBench/small//qpe_n9/qpe_n9.qasm,/root/projects/QASMBench/small//simon_n6/simon_n6.qasm-FakeCairo-4-vanilla-pst] _

self = <bench_test.TestBenchDiffBackendQvmFrpV2 object at 0x7fe300fa2a40>
qasm = '/root/projects/QASMBench/small//qpe_n9/qpe_n9.qasm,/root/projects/QASMBench/small//simon_n6/simon_n6.qasm'
backend = 'FakeCairo', cu_size = 4, qvm_version = 'vanilla', metric = 'pst'

    def test_bench_diff_methods_diff_metric(self, qasm, backend, cu_size, qvm_version, metric):
        """Given a list of qasm benchmarks, run on QvmFrpBackendManagerV2
        and QvmProcessManagerV2.
    
        Support setting qvm versions or baseline
        - vanilla: randomly select exe
        - random: sort exes, greedily select without sorting processes
        - small_first: sort exes, sort processes (small circ first) and greedily select
        - large_first: sort exes, sort processes (large circ first) and greedily select
        - brute_force: sort exes, sort processes, and find optimal solution minimizing sum of idxes
        - baseline: online compilation
    
        Support different metric:
        - kl: KL divergence
        - pst: Percentage of successful trials
        """
        self.prepare_for_test(backend, cu_size, vs=qvm_version)
    
        if metric == "pst":
            self.fid_calculator = PSTCalculator()
    
        shots = QVM_SHOTS
        qasms = qasm.split(",")
        circ_list = [self.get_qiskit_circ("qasm", qasm_path=q) for q in qasms]
        if qvm_version in ["random", "vanilla"]:
>           res = self.run_qvm(
                circ_list, independent=True, method="random", shots=shots

tst/qvm/integration/bench_test.py:479: 
_ _ _ _ _ _ _ _ _ _ _ _ _ _ _ _ _ _ _ _ _ _ _ _ _ _ _ _ _ _ _ _ _ _ _ _ _ _ _ _ 
tst/qvm/integration/bench_test.py:278: in run_qvm
    exes = qvm_proc._select(processes)
../qvm/manager/process_manager.py:310: in _select
    return self._select_naive(processes, sort=False)
_ _ _ _ _ _ _ _ _ _ _ _ _ _ _ _ _ _ _ _ _ _ _ _ _ _ _ _ _ _ _ _ _ _ _ _ _ _ _ _ 

self = <qvm.manager.process_manager.QvmProcessManagerV2 object at 0x7fe300f281f0>
processes = [<qvm.model.executable.Process object at 0x7fe300f29e10>, <qvm.model.executable.Process object at 0x7fe2f569bdf0>]
sort = False, reverse = False

    def _select_naive(
        self, processes: List[Process], sort=True, reverse=False
    ) -> List[BaseExecutable]:
        """Traverse each of the process and add non-conflict exes"""
        # Init a set to record IDs of allocated comp units
        selected = set()
    
        # Init the selected list of executables
        exes = []
        if sort:
            processes = sorted(
                processes, key=lambda proc: proc.num_qubits, reverse=reverse
            )
    
        for proc in processes:
            for exe in proc:
                if not selected & exe.comp_unit_ids:
                    exes.append(exe)
                    selected |= exe.comp_unit_ids
                    # Find an executable, move on to next proc
                    break
    
        if len(exes) != len(processes):
>           raise ProcessError("Cannot select executables from all processes.")
E           qvm.manager.exceptions.ProcessError: 'Cannot select executables from all processes.'

../qvm/manager/process_manager.py:255: ProcessError
------------------------------ Captured log call -------------------------------
WARNING  root:graph.py:571 Failed to grow a subgraph from root: 9, current visited status: {2, 3, 5, 8, 9, 11, 14, 16, 19}, error message is 'Cannot grow a graph that satisfy the subgraph size from current root: 9'
WARNING  root:graph.py:571 Failed to grow a subgraph from root: 20, current visited status: {2, 3, 5, 8, 9, 11, 14, 16, 18, 19, 20, 21, 23, 24}, error message is 'Cannot grow a graph that satisfy the subgraph size from current root: 20'
WARNING  root:graph.py:571 Failed to grow a subgraph from root: 17, current visited status: {2, 3, 5, 8, 9, 10, 11, 12, 13, 14, 15, 16, 17, 18, 19, 20, 21, 23, 24}, error message is 'Cannot grow a graph that satisfy the subgraph size from current root: 17'
WARNING  root:graph.py:571 Failed to grow a subgraph from root: 6, current visited status: {0, 1, 2, 3, 4, 5, 6, 7, 8, 9, 10, 11, 12, 13, 14, 15, 16, 17, 18, 19, 20, 21, 23, 24}, error message is 'Cannot grow a graph that satisfy the subgraph size from current root: 6'
WARNING  root:graph.py:571 Failed to grow a subgraph from root: 22, current visited status: {0, 1, 2, 3, 4, 5, 6, 7, 8, 9, 10, 11, 12, 13, 14, 15, 16, 17, 18, 19, 20, 21, 22, 23, 24, 25, 26}, error message is 'Cannot grow a graph that satisfy the subgraph size from current root: 22'
WARNING  root:graph.py:571 Failed to grow a subgraph from root: 25, current visited status: {0, 1, 2, 3, 4, 5, 6, 7, 8, 9, 10, 11, 12, 13, 14, 15, 16, 17, 18, 19, 20, 21, 22, 23, 24, 25, 26}, error message is 'Cannot grow a graph that satisfy the subgraph size from current root: 25'
WARNING  root:graph.py:571 Failed to grow a subgraph from root: 26, current visited status: {0, 1, 2, 3, 4, 5, 6, 7, 8, 9, 10, 11, 12, 13, 14, 15, 16, 17, 18, 19, 20, 21, 22, 23, 24, 25, 26}, error message is 'Cannot grow a graph that satisfy the subgraph size from current root: 26'
WARNING  root:backend_manager.py:432 cannot compile on compute unit <qvm.model.compute_unit.ComputeUnit object at 0x7fe2fc42bfa0>, error: 'Number of qubits (9) in circuit-88 is greater than maximum (8) in the coupling_map'
WARNING  root:backend_manager.py:432 cannot compile on compute unit <qvm.model.compute_unit.ComputeUnit object at 0x7fe2f4aa3f40>, error: 'Number of qubits (6) in circuit-90 is greater than maximum (4) in the coupling_map'
=========================== short test summary info ============================
FAILED tst/qvm/integration/bench_test.py::TestBenchDiffBackendQvmFrpV2::test_bench_diff_methods_diff_metric[/root/projects/QASMBench/small/qpe_n9/qpe_n9.qasm,/root/projects/QASMBench/small/simon_n6/simon_n6.qasm-FakeCairo-4-vanilla-pst]
======================= 1 failed, 50 deselected in 5.42s =======================
