============================= test session starts ==============================
platform linux -- Python 3.10.6, pytest-7.2.0, pluggy-1.0.0
rootdir: /root/projects/qvm
plugins: anyio-3.6.2
collected 55 items / 54 deselected / 1 selected

tst/qvm/integration/bench_test.py 
------------------- Testing --------------

QVM::selection::costs::	random	2.8371810913085938e-05
compute_unit_list	[{2}, {3}, {1, 12}, {0, 10, 4}, {8, 11}, {5}]
QVM::selection::costs::	naive	8.392333984375e-05
compute_unit_list	[{5}, {2}, {1, 12}, {0, 10, 4}, {8, 11}, {3}]
QVM::selection::costs::	naive_reverse	0.00015354156494140625
compute_unit_list	[{2}, {5}, {3, 6}, {0, 10, 4}, {8, 11}, {1}]
QVM::selection::costs::	brute_force	0.30200791358947754
compute_unit_list	[{5}, {2}, {1, 12}, {0, 10, 4}, {8, 11}, {3}]
random	2.8371810913085938e-05	0.6121253104761336	0.8412791887919108
small_first	8.392333984375e-05	0.6088938740409598	0.8440017700195312
large_first	0.00015354156494140625	0.531119476586882	0.8469446500142416
brute_force	0.30200791358947754	0.6098872600250661	0.8441716829935709
.

=============================== warnings summary ===============================
qcs/tst/qvm/integration/bench_test.py: 12 warnings
  /root/anaconda3/envs/qcs-noise/lib/python3.10/site-packages/qiskit/providers/fake_provider/fake_backend.py:462: PendingDeprecationWarning: "warnings" argument will be deprecated as part of the qiskit-aer 0.12.0 and subsequently removed
    noise_model = NoiseModel.from_backend(self, warnings=False)

qcs/tst/qvm/integration/bench_test.py: 18 warnings
  /root/anaconda3/envs/qcs-noise/lib/python3.10/site-packages/qiskit_aer/noise/device/models.py:365: UserWarning: Device model returned an invalid T_2 relaxation time greater than the theoretical maximum value 2 * T_1 (96966.20180926041 > 2 * 40591.82230473617). Truncating to maximum value.
    warn("Device model returned an invalid T_2 relaxation time greater than"

qcs/tst/qvm/integration/bench_test.py::TestBenchDiffBackendQvmFrpV2::test_bench_multi_methods_multi_metrics[/root/projects/QASMBench/small//cat_state_n4/cat_state_n4.qasm,/root/projects/QASMBench/small//dnn_n2/dnn_n2.qasm,/root/projects/QASMBench/small//hhl_n7/hhl_n7.qasm,/root/projects/QASMBench/small//ising_n10/ising_n10.qasm,/root/projects/QASMBench/small//pea_n5/pea_n5.qasm,/root/projects/QASMBench/small//quantumwalks_n2/quantumwalks_n2.qasm-FakeBrooklyn-4-random,small_first,large_first,brute_force]
qcs/tst/qvm/integration/bench_test.py::TestBenchDiffBackendQvmFrpV2::test_bench_multi_methods_multi_metrics[/root/projects/QASMBench/small//cat_state_n4/cat_state_n4.qasm,/root/projects/QASMBench/small//dnn_n2/dnn_n2.qasm,/root/projects/QASMBench/small//hhl_n7/hhl_n7.qasm,/root/projects/QASMBench/small//ising_n10/ising_n10.qasm,/root/projects/QASMBench/small//pea_n5/pea_n5.qasm,/root/projects/QASMBench/small//quantumwalks_n2/quantumwalks_n2.qasm-FakeBrooklyn-4-random,small_first,large_first,brute_force]
qcs/tst/qvm/integration/bench_test.py::TestBenchDiffBackendQvmFrpV2::test_bench_multi_methods_multi_metrics[/root/projects/QASMBench/small//cat_state_n4/cat_state_n4.qasm,/root/projects/QASMBench/small//dnn_n2/dnn_n2.qasm,/root/projects/QASMBench/small//hhl_n7/hhl_n7.qasm,/root/projects/QASMBench/small//ising_n10/ising_n10.qasm,/root/projects/QASMBench/small//pea_n5/pea_n5.qasm,/root/projects/QASMBench/small//quantumwalks_n2/quantumwalks_n2.qasm-FakeBrooklyn-4-random,small_first,large_first,brute_force]
  /root/anaconda3/envs/qcs-noise/lib/python3.10/site-packages/qiskit_aer/noise/device/models.py:365: UserWarning: Device model returned an invalid T_2 relaxation time greater than the theoretical maximum value 2 * T_1 (9.696620180926042e-05 > 2 * 4.059182230473617e-05). Truncating to maximum value.
    warn("Device model returned an invalid T_2 relaxation time greater than"

-- Docs: https://docs.pytest.org/en/stable/how-to/capture-warnings.html
========== 1 passed, 54 deselected, 33 warnings in 227.38s (0:03:47) ===========
