============================= test session starts ==============================
platform linux -- Python 3.10.6, pytest-7.2.0, pluggy-1.0.0
rootdir: /root/projects/qvm
plugins: anyio-3.6.2
collected 55 items / 54 deselected / 1 selected

tst/qvm/integration/bench_test.py 
------------------- Testing --------------

QVM::selection::costs::	random	0.00010251998901367188
compute_unit_list	[{2}, {3}, {1, 12}, {8, 11}, {10}, {4, 7}]
QVM::selection::costs::	naive	0.00011849403381347656
compute_unit_list	[{5}, {2}, {1, 12}, {8, 11}, {3}, {4, 7}]
QVM::selection::costs::	naive_reverse	0.00018548965454101562
compute_unit_list	[{2}, {5}, {3, 6}, {8, 11}, {10}, {1, 12}]
QVM::selection::costs::	brute_force	0.8350539207458496
compute_unit_list	[{5}, {2}, {3, 6}, {8, 11}, {10}, {1, 12}]
random	0.00010251998901367188	0.1763277881098794	0.8573772112528483
small_first	0.00011849403381347656	0.1738538079701788	0.8599359194437662
large_first	0.00018548965454101562	0.17400242819036324	0.8599341710408529
brute_force	0.8350539207458496	0.1715152374396874	0.8634037971496582
.

=============================== warnings summary ===============================
qcs/tst/qvm/integration/bench_test.py: 12 warnings
  /root/anaconda3/envs/qcs-noise/lib/python3.10/site-packages/qiskit/providers/fake_provider/fake_backend.py:462: PendingDeprecationWarning: "warnings" argument will be deprecated as part of the qiskit-aer 0.12.0 and subsequently removed
    noise_model = NoiseModel.from_backend(self, warnings=False)

qcs/tst/qvm/integration/bench_test.py: 12 warnings
  /root/anaconda3/envs/qcs-noise/lib/python3.10/site-packages/qiskit_aer/noise/device/models.py:365: UserWarning: Device model returned an invalid T_2 relaxation time greater than the theoretical maximum value 2 * T_1 (96966.20180926041 > 2 * 40591.82230473617). Truncating to maximum value.
    warn("Device model returned an invalid T_2 relaxation time greater than"

qcs/tst/qvm/integration/bench_test.py::TestBenchDiffBackendQvmFrpV2::test_bench_multi_methods_multi_metrics[/root/projects/QASMBench/small//hs4_n4/hs4_n4.qasm,/root/projects/QASMBench/small//linearsolver_n3/linearsolver_n3.qasm,/root/projects/QASMBench/small//lpn_n5/lpn_n5.qasm,/root/projects/QASMBench/small//pea_n5/pea_n5.qasm,/root/projects/QASMBench/small//qft_n4/qft_n4.qasm,/root/projects/QASMBench/small//simon_n6/simon_n6.qasm-FakeBrooklyn-4-random,small_first,large_first,brute_force]
qcs/tst/qvm/integration/bench_test.py::TestBenchDiffBackendQvmFrpV2::test_bench_multi_methods_multi_metrics[/root/projects/QASMBench/small//hs4_n4/hs4_n4.qasm,/root/projects/QASMBench/small//linearsolver_n3/linearsolver_n3.qasm,/root/projects/QASMBench/small//lpn_n5/lpn_n5.qasm,/root/projects/QASMBench/small//pea_n5/pea_n5.qasm,/root/projects/QASMBench/small//qft_n4/qft_n4.qasm,/root/projects/QASMBench/small//simon_n6/simon_n6.qasm-FakeBrooklyn-4-random,small_first,large_first,brute_force]
  /root/anaconda3/envs/qcs-noise/lib/python3.10/site-packages/qiskit_aer/noise/device/models.py:365: UserWarning: Device model returned an invalid T_2 relaxation time greater than the theoretical maximum value 2 * T_1 (9.696620180926042e-05 > 2 * 4.059182230473617e-05). Truncating to maximum value.
    warn("Device model returned an invalid T_2 relaxation time greater than"

-- Docs: https://docs.pytest.org/en/stable/how-to/capture-warnings.html
========== 1 passed, 54 deselected, 26 warnings in 134.09s (0:02:14) ===========
