ibmq_lima	0-0	0.0
ibmq_lima	0-1	0.007342926810344846
ibmq_lima	0-2	0.0
ibmq_lima	0-3	0.0
ibmq_lima	0-4	0.0
ibmq_lima	1-0	0.007342926810344846
ibmq_lima	1-1	0.0
ibmq_lima	1-2	0.008005343554511879
ibmq_lima	1-3	0.012076019030134694
ibmq_lima	1-4	0.0
ibmq_lima	2-0	0.0
ibmq_lima	2-1	0.008005343554511879
ibmq_lima	2-2	0.0
ibmq_lima	2-3	0.0
ibmq_lima	2-4	0.0
ibmq_lima	3-0	0.0
ibmq_lima	3-1	0.012076019030134694
ibmq_lima	3-2	0.0
ibmq_lima	3-3	0.0
ibmq_lima	3-4	0.015483856275636504
ibmq_lima	4-0	0.0
ibmq_lima	4-1	0.0
ibmq_lima	4-2	0.0
ibmq_lima	4-3	0.015483856275636504
ibmq_lima	4-4	0.0
ibmq_lima	0	0.02289999999999992
ibmq_lima	1	0.02290000000000003
ibmq_lima	2	0.025900000000000034
ibmq_lima	3	0.03210000000000002
ibmq_lima	4	0.0484
ibmq_belem	0-0	0.0
ibmq_belem	0-1	0.013244784987131691
ibmq_belem	0-2	0.0
ibmq_belem	0-3	0.0
ibmq_belem	0-4	0.0
ibmq_belem	1-0	0.013244784987131691
ibmq_belem	1-1	0.0
ibmq_belem	1-2	0.009905217041301345
ibmq_belem	1-3	0.00768811700642974
ibmq_belem	1-4	0.0
ibmq_belem	2-0	0.0
ibmq_belem	2-1	0.009905217041301345
ibmq_belem	2-2	0.0
ibmq_belem	2-3	0.0
ibmq_belem	2-4	0.0
ibmq_belem	3-0	0.0
ibmq_belem	3-1	0.00768811700642974
ibmq_belem	3-2	0.0
ibmq_belem	3-3	0.0
ibmq_belem	3-4	0.009614058955746407
ibmq_belem	4-0	0.0
ibmq_belem	4-1	0.0
ibmq_belem	4-2	0.0
ibmq_belem	4-3	0.009614058955746407
ibmq_belem	4-4	0.0
ibmq_belem	0	0.01760000000000006
ibmq_belem	1	0.02320000000000011
ibmq_belem	2	0.02059999999999995
ibmq_belem	3	0.030200000000000005
ibmq_belem	4	0.018999999999999906
ibmq_quito	0-0	0.0
ibmq_quito	0-1	0.009574456940014492
ibmq_quito	0-2	0.0
ibmq_quito	0-3	0.0
ibmq_quito	0-4	0.0
ibmq_quito	1-0	0.009574456940014492
ibmq_quito	1-1	0.0
ibmq_quito	1-2	0.007407656444850003
ibmq_quito	1-3	0.010285280543117392
ibmq_quito	1-4	0.0
ibmq_quito	2-0	0.0
ibmq_quito	2-1	0.007407656444850003
ibmq_quito	2-2	0.0
ibmq_quito	2-3	0.0
ibmq_quito	2-4	0.0
ibmq_quito	3-0	0.0
ibmq_quito	3-1	0.010285280543117392
ibmq_quito	3-2	0.0
ibmq_quito	3-3	0.0
ibmq_quito	3-4	0.01839555777052615
ibmq_quito	4-0	0.0
ibmq_quito	4-1	0.0
ibmq_quito	4-2	0.0
ibmq_quito	4-3	0.01839555777052615
ibmq_quito	4-4	0.0
ibmq_quito	0	0.04600000000000004
ibmq_quito	1	0.03839999999999999
ibmq_quito	2	0.06810000000000005
ibmq_quito	3	0.04630000000000001
ibmq_quito	4	0.02959999999999996
ibmq_jakarta	0-0	0.0
ibmq_jakarta	0-1	0.008590410286302641
ibmq_jakarta	0-2	0.0
ibmq_jakarta	0-3	0.0
ibmq_jakarta	0-4	0.0
ibmq_jakarta	0-5	0.0
ibmq_jakarta	0-6	0.0
ibmq_jakarta	1-0	0.008590410286302641
ibmq_jakarta	1-1	0.0
ibmq_jakarta	1-2	0.008931599175244304
ibmq_jakarta	1-3	0.008237503318716782
ibmq_jakarta	1-4	0.0
ibmq_jakarta	1-5	0.0
ibmq_jakarta	1-6	0.0
ibmq_jakarta	2-0	0.0
ibmq_jakarta	2-1	0.008931599175244304
ibmq_jakarta	2-2	0.0
ibmq_jakarta	2-3	0.0
ibmq_jakarta	2-4	0.0
ibmq_jakarta	2-5	0.0
ibmq_jakarta	2-6	0.0
ibmq_jakarta	3-0	0.0
ibmq_jakarta	3-1	0.008237503318716782
ibmq_jakarta	3-2	0.0
ibmq_jakarta	3-3	0.0
ibmq_jakarta	3-4	0.0
ibmq_jakarta	3-5	0.007736735112687743
ibmq_jakarta	3-6	0.0
ibmq_jakarta	4-0	0.0
ibmq_jakarta	4-1	0.0
ibmq_jakarta	4-2	0.0
ibmq_jakarta	4-3	0.0
ibmq_jakarta	4-4	0.0
ibmq_jakarta	4-5	0.013152341087712155
ibmq_jakarta	4-6	0.0
ibmq_jakarta	5-0	0.0
ibmq_jakarta	5-1	0.0
ibmq_jakarta	5-2	0.0
ibmq_jakarta	5-3	0.007736735112687743
ibmq_jakarta	5-4	0.013152341087712155
ibmq_jakarta	5-5	0.0
ibmq_jakarta	5-6	0.006144581368723784
ibmq_jakarta	6-0	0.0
ibmq_jakarta	6-1	0.0
ibmq_jakarta	6-2	0.0
ibmq_jakarta	6-3	0.0
ibmq_jakarta	6-4	0.0
ibmq_jakarta	6-5	0.006144581368723784
ibmq_jakarta	6-6	0.0
ibmq_jakarta	0	0.06159999999999999
ibmq_jakarta	1	0.01859999999999995
ibmq_jakarta	2	0.02059999999999995
ibmq_jakarta	3	0.017400000000000082
ibmq_jakarta	4	0.06279999999999997
ibmq_jakarta	5	0.0968
ibmq_jakarta	6	0.0383
ibmq_manila	0-0	0.0
ibmq_manila	0-1	0.00601517476345495
ibmq_manila	0-2	0.0
ibmq_manila	0-3	0.0
ibmq_manila	0-4	0.0
ibmq_manila	1-0	0.00601517476345495
ibmq_manila	1-1	0.0
ibmq_manila	1-2	0.011693380991390112
ibmq_manila	1-3	0.0
ibmq_manila	1-4	0.0
ibmq_manila	2-0	0.0
ibmq_manila	2-1	0.011693380991390112
ibmq_manila	2-2	0.0
ibmq_manila	2-3	0.008074335827832874
ibmq_manila	2-4	0.0
ibmq_manila	3-0	0.0
ibmq_manila	3-1	0.0
ibmq_manila	3-2	0.008074335827832874
ibmq_manila	3-3	0.0
ibmq_manila	3-4	0.006105274273624589
ibmq_manila	4-0	0.0
ibmq_manila	4-1	0.0
ibmq_manila	4-2	0.0
ibmq_manila	4-3	0.006105274273624589
ibmq_manila	4-4	0.0
ibmq_manila	0	0.02090000000000003
ibmq_manila	1	0.038899999999999935
ibmq_manila	2	0.02760000000000007
ibmq_manila	3	0.01870000000000005
ibmq_manila	4	0.021700000000000053
ibm_lagos	0-0	0.0
ibm_lagos	0-1	0.009504386349526106
ibm_lagos	0-2	0.0
ibm_lagos	0-3	0.0
ibm_lagos	0-4	0.0
ibm_lagos	0-5	0.0
ibm_lagos	0-6	0.0
ibm_lagos	1-0	0.009504386349526106
ibm_lagos	1-1	0.0
ibm_lagos	1-2	0.006715467882138643
ibm_lagos	1-3	0.005477330398327707
ibm_lagos	1-4	0.0
ibm_lagos	1-5	0.0
ibm_lagos	1-6	0.0
ibm_lagos	2-0	0.0
ibm_lagos	2-1	0.006715467882138643
ibm_lagos	2-2	0.0
ibm_lagos	2-3	0.0
ibm_lagos	2-4	0.0
ibm_lagos	2-5	0.0
ibm_lagos	2-6	0.0
ibm_lagos	3-0	0.0
ibm_lagos	3-1	0.005477330398327707
ibm_lagos	3-2	0.0
ibm_lagos	3-3	0.0
ibm_lagos	3-4	0.0
ibm_lagos	3-5	0.010806018748363566
ibm_lagos	3-6	0.0
ibm_lagos	4-0	0.0
ibm_lagos	4-1	0.0
ibm_lagos	4-2	0.0
ibm_lagos	4-3	0.0
ibm_lagos	4-4	0.0
ibm_lagos	4-5	0.005977965107558408
ibm_lagos	4-6	0.0
ibm_lagos	5-0	0.0
ibm_lagos	5-1	0.0
ibm_lagos	5-2	0.0
ibm_lagos	5-3	0.010806018748363566
ibm_lagos	5-4	0.005977965107558408
ibm_lagos	5-5	0.0
ibm_lagos	5-6	0.005123823889481183
ibm_lagos	6-0	0.0
ibm_lagos	6-1	0.0
ibm_lagos	6-2	0.0
ibm_lagos	6-3	0.0
ibm_lagos	6-4	0.0
ibm_lagos	6-5	0.005123823889481183
ibm_lagos	6-6	0.0
ibm_lagos	0	0.011700000000000044
ibm_lagos	1	0.015499999999999958
ibm_lagos	2	0.023800000000000043
ibm_lagos	3	0.0131
ibm_lagos	4	0.0262
ibm_lagos	5	0.015100000000000002
ibm_lagos	6	0.01649999999999996
ibm_nairobi	0-0	0.0
ibm_nairobi	0-1	0.008648355247876771
ibm_nairobi	0-2	0.0
ibm_nairobi	0-3	0.0
ibm_nairobi	0-4	0.0
ibm_nairobi	0-5	0.0
ibm_nairobi	0-6	0.0
ibm_nairobi	1-0	0.008648355247876771
ibm_nairobi	1-1	0.0
ibm_nairobi	1-2	0.01507076022324208
ibm_nairobi	1-3	0.009798070935028658
ibm_nairobi	1-4	0.0
ibm_nairobi	1-5	0.0
ibm_nairobi	1-6	0.0
ibm_nairobi	2-0	0.0
ibm_nairobi	2-1	0.01507076022324208
ibm_nairobi	2-2	0.0
ibm_nairobi	2-3	0.0
ibm_nairobi	2-4	0.0
ibm_nairobi	2-5	0.0
ibm_nairobi	2-6	0.0
ibm_nairobi	3-0	0.0
ibm_nairobi	3-1	0.009798070935028658
ibm_nairobi	3-2	0.0
ibm_nairobi	3-3	0.0
ibm_nairobi	3-4	0.0
ibm_nairobi	3-5	0.014197674571270913
ibm_nairobi	3-6	0.0
ibm_nairobi	4-0	0.0
ibm_nairobi	4-1	0.0
ibm_nairobi	4-2	0.0
ibm_nairobi	4-3	0.0
ibm_nairobi	4-4	0.0
ibm_nairobi	4-5	0.006202063010850106
ibm_nairobi	4-6	0.0
ibm_nairobi	5-0	0.0
ibm_nairobi	5-1	0.0
ibm_nairobi	5-2	0.0
ibm_nairobi	5-3	0.014197674571270913
ibm_nairobi	5-4	0.006202063010850106
ibm_nairobi	5-5	0.0
ibm_nairobi	5-6	0.007612136547266196
ibm_nairobi	6-0	0.0
ibm_nairobi	6-1	0.0
ibm_nairobi	6-2	0.0
ibm_nairobi	6-3	0.0
ibm_nairobi	6-4	0.0
ibm_nairobi	6-5	0.007612136547266196
ibm_nairobi	6-6	0.0
ibm_nairobi	0	0.02190000000000003
ibm_nairobi	1	0.06840000000000002
ibm_nairobi	2	0.022499999999999964
ibm_nairobi	3	0.02719999999999989
ibm_nairobi	4	0.030299999999999994
ibm_nairobi	5	0.023299999999999987
ibm_nairobi	6	0.0252
ibm_perth	0-0	0.0
ibm_perth	0-1	0.00848348712933597
ibm_perth	0-2	0.0
ibm_perth	0-3	0.0
ibm_perth	0-4	0.0
ibm_perth	0-5	0.0
ibm_perth	0-6	0.0
ibm_perth	1-0	0.00848348712933597
ibm_perth	1-1	0.0
ibm_perth	1-2	0.005193350324968121
ibm_perth	1-3	0.013820047523042334
ibm_perth	1-4	0.0
ibm_perth	1-5	0.0
ibm_perth	1-6	0.0
ibm_perth	2-0	0.0
ibm_perth	2-1	0.005193350324968121
ibm_perth	2-2	0.0
ibm_perth	2-3	0.0
ibm_perth	2-4	0.0
ibm_perth	2-5	0.0
ibm_perth	2-6	0.0
ibm_perth	3-0	0.0
ibm_perth	3-1	0.013820047523042334
ibm_perth	3-2	0.0
ibm_perth	3-3	0.0
ibm_perth	3-4	0.0
ibm_perth	3-5	0.009364122156299975
ibm_perth	3-6	0.0
ibm_perth	4-0	0.0
ibm_perth	4-1	0.0
ibm_perth	4-2	0.0
ibm_perth	4-3	0.0
ibm_perth	4-4	0.0
ibm_perth	4-5	0.007999449275208764
ibm_perth	4-6	0.0
ibm_perth	5-0	0.0
ibm_perth	5-1	0.0
ibm_perth	5-2	0.0
ibm_perth	5-3	0.009364122156299975
ibm_perth	5-4	0.007999449275208764
ibm_perth	5-5	0.0
ibm_perth	5-6	0.019960567309982052
ibm_perth	6-0	0.0
ibm_perth	6-1	0.0
ibm_perth	6-2	0.0
ibm_perth	6-3	0.0
ibm_perth	6-4	0.0
ibm_perth	6-5	0.019960567309982052
ibm_perth	6-6	0.0
ibm_perth	0	0.0242
ibm_perth	1	0.030000000000000027
ibm_perth	2	0.09640000000000004
ibm_perth	3	0.015900000000000025
ibm_perth	4	0.018299999999999983
ibm_perth	5	0.02739999999999998
ibm_perth	6	0.006199999999999983
