ibmq_lima	0-0	0.0
ibmq_lima	0-1	0.007381273866328336
ibmq_lima	0-2	0.0
ibmq_lima	0-3	0.0
ibmq_lima	0-4	0.0
ibmq_lima	1-0	0.007381273866328336
ibmq_lima	1-1	0.0
ibmq_lima	1-2	0.006702801052591939
ibmq_lima	1-3	0.017165169066707814
ibmq_lima	1-4	0.0
ibmq_lima	2-0	0.0
ibmq_lima	2-1	0.006702801052591939
ibmq_lima	2-2	0.0
ibmq_lima	2-3	0.0
ibmq_lima	2-4	0.0
ibmq_lima	3-0	0.0
ibmq_lima	3-1	0.017165169066707814
ibmq_lima	3-2	0.0
ibmq_lima	3-3	0.0
ibmq_lima	3-4	0.01728922600029323
ibmq_lima	4-0	0.0
ibmq_lima	4-1	0.0
ibmq_lima	4-2	0.0
ibmq_lima	4-3	0.01728922600029323
ibmq_lima	4-4	0.0
ibmq_lima	0	0.04580000000000006
ibmq_lima	1	0.01770000000000005
ibmq_lima	2	0.022199999999999998
ibmq_lima	3	0.04200000000000004
ibmq_lima	4	0.06600000000000006
ibmq_belem	0-0	0.0
ibmq_belem	0-1	0.0156497493552179
ibmq_belem	0-2	0.0
ibmq_belem	0-3	0.0
ibmq_belem	0-4	0.0
ibmq_belem	1-0	0.0156497493552179
ibmq_belem	1-1	0.0
ibmq_belem	1-2	0.0070119659613852026
ibmq_belem	1-3	0.008233259401793785
ibmq_belem	1-4	0.0
ibmq_belem	2-0	0.0
ibmq_belem	2-1	0.0070119659613852026
ibmq_belem	2-2	0.0
ibmq_belem	2-3	0.0
ibmq_belem	2-4	0.0
ibmq_belem	3-0	0.0
ibmq_belem	3-1	0.008233259401793785
ibmq_belem	3-2	0.0
ibmq_belem	3-3	0.0
ibmq_belem	3-4	0.010274936693008246
ibmq_belem	4-0	0.0
ibmq_belem	4-1	0.0
ibmq_belem	4-2	0.0
ibmq_belem	4-3	0.010274936693008246
ibmq_belem	4-4	0.0
ibmq_belem	0	0.024899999999999922
ibmq_belem	1	0.020199999999999996
ibmq_belem	2	0.028100000000000014
ibmq_belem	3	0.02760000000000007
ibmq_belem	4	0.019500000000000073
ibmq_quito	0-0	0.0
ibmq_quito	0-1	0.006581795343857472
ibmq_quito	0-2	0.0
ibmq_quito	0-3	0.0
ibmq_quito	0-4	0.0
ibmq_quito	1-0	0.006581795343857472
ibmq_quito	1-1	0.0
ibmq_quito	1-2	0.006776987084372493
ibmq_quito	1-3	0.0076514005192029055
ibmq_quito	1-4	0.0
ibmq_quito	2-0	0.0
ibmq_quito	2-1	0.006776987084372493
ibmq_quito	2-2	0.0
ibmq_quito	2-3	0.0
ibmq_quito	2-4	0.0
ibmq_quito	3-0	0.0
ibmq_quito	3-1	0.0076514005192029055
ibmq_quito	3-2	0.0
ibmq_quito	3-3	0.0
ibmq_quito	3-4	0.01355169576357454
ibmq_quito	4-0	0.0
ibmq_quito	4-1	0.0
ibmq_quito	4-2	0.0
ibmq_quito	4-3	0.01355169576357454
ibmq_quito	4-4	0.0
ibmq_quito	0	0.043300000000000005
ibmq_quito	1	0.03939999999999999
ibmq_quito	2	0.06230000000000002
ibmq_quito	3	0.03520000000000001
ibmq_quito	4	0.030399999999999983
ibmq_jakarta	0-0	0.0
ibmq_jakarta	0-1	0.007500436928115889
ibmq_jakarta	0-2	0.0
ibmq_jakarta	0-3	0.0
ibmq_jakarta	0-4	0.0
ibmq_jakarta	0-5	0.0
ibmq_jakarta	0-6	0.0
ibmq_jakarta	1-0	0.007500436928115889
ibmq_jakarta	1-1	0.0
ibmq_jakarta	1-2	0.009688462067636822
ibmq_jakarta	1-3	0.008822597728405268
ibmq_jakarta	1-4	0.0
ibmq_jakarta	1-5	0.0
ibmq_jakarta	1-6	0.0
ibmq_jakarta	2-0	0.0
ibmq_jakarta	2-1	0.009688462067636822
ibmq_jakarta	2-2	0.0
ibmq_jakarta	2-3	0.0
ibmq_jakarta	2-4	0.0
ibmq_jakarta	2-5	0.0
ibmq_jakarta	2-6	0.0
ibmq_jakarta	3-0	0.0
ibmq_jakarta	3-1	0.008822597728405268
ibmq_jakarta	3-2	0.0
ibmq_jakarta	3-3	0.0
ibmq_jakarta	3-4	0.0
ibmq_jakarta	3-5	0.009130954137841707
ibmq_jakarta	3-6	0.0
ibmq_jakarta	4-0	0.0
ibmq_jakarta	4-1	0.0
ibmq_jakarta	4-2	0.0
ibmq_jakarta	4-3	0.0
ibmq_jakarta	4-4	0.0
ibmq_jakarta	4-5	0.014404871679530723
ibmq_jakarta	4-6	0.0
ibmq_jakarta	5-0	0.0
ibmq_jakarta	5-1	0.0
ibmq_jakarta	5-2	0.0
ibmq_jakarta	5-3	0.009130954137841707
ibmq_jakarta	5-4	0.014404871679530723
ibmq_jakarta	5-5	0.0
ibmq_jakarta	5-6	0.00674615344888127
ibmq_jakarta	6-0	0.0
ibmq_jakarta	6-1	0.0
ibmq_jakarta	6-2	0.0
ibmq_jakarta	6-3	0.0
ibmq_jakarta	6-4	0.0
ibmq_jakarta	6-5	0.00674615344888127
ibmq_jakarta	6-6	0.0
ibmq_jakarta	0	0.01540000000000008
ibmq_jakarta	1	0.02210000000000001
ibmq_jakarta	2	0.020499999999999963
ibmq_jakarta	3	0.04049999999999998
ibmq_jakarta	4	0.0484
ibmq_jakarta	5	0.048799999999999955
ibmq_jakarta	6	0.03820000000000001
ibmq_manila	0-0	0.0
ibmq_manila	0-1	0.0060032101116331005
ibmq_manila	0-2	0.0
ibmq_manila	0-3	0.0
ibmq_manila	0-4	0.0
ibmq_manila	1-0	0.0060032101116331005
ibmq_manila	1-1	0.0
ibmq_manila	1-2	0.01832322258037178
ibmq_manila	1-3	0.0
ibmq_manila	1-4	0.0
ibmq_manila	2-0	0.0
ibmq_manila	2-1	0.01832322258037178
ibmq_manila	2-2	0.0
ibmq_manila	2-3	0.005750766108129773
ibmq_manila	2-4	0.0
ibmq_manila	3-0	0.0
ibmq_manila	3-1	0.0
ibmq_manila	3-2	0.005750766108129773
ibmq_manila	3-3	0.0
ibmq_manila	3-4	0.005653786545883971
ibmq_manila	4-0	0.0
ibmq_manila	4-1	0.0
ibmq_manila	4-2	0.0
ibmq_manila	4-3	0.005653786545883971
ibmq_manila	4-4	0.0
ibmq_manila	0	0.0252
ibmq_manila	1	0.03259999999999996
ibmq_manila	2	0.02190000000000003
ibmq_manila	3	0.016799999999999926
ibmq_manila	4	0.02510000000000001
ibm_lagos	0-0	0.0
ibm_lagos	0-1	0.007464489906020694
ibm_lagos	0-2	0.0
ibm_lagos	0-3	0.0
ibm_lagos	0-4	0.0
ibm_lagos	0-5	0.0
ibm_lagos	0-6	0.0
ibm_lagos	1-0	0.007464489906020694
ibm_lagos	1-1	0.0
ibm_lagos	1-2	0.006110530060513458
ibm_lagos	1-3	0.006034396291641486
ibm_lagos	1-4	0.0
ibm_lagos	1-5	0.0
ibm_lagos	1-6	0.0
ibm_lagos	2-0	0.0
ibm_lagos	2-1	0.006110530060513458
ibm_lagos	2-2	0.0
ibm_lagos	2-3	0.0
ibm_lagos	2-4	0.0
ibm_lagos	2-5	0.0
ibm_lagos	2-6	0.0
ibm_lagos	3-0	0.0
ibm_lagos	3-1	0.006034396291641486
ibm_lagos	3-2	0.0
ibm_lagos	3-3	0.0
ibm_lagos	3-4	0.0
ibm_lagos	3-5	0.010705850093864322
ibm_lagos	3-6	0.0
ibm_lagos	4-0	0.0
ibm_lagos	4-1	0.0
ibm_lagos	4-2	0.0
ibm_lagos	4-3	0.0
ibm_lagos	4-4	0.0
ibm_lagos	4-5	0.00803514651459561
ibm_lagos	4-6	0.0
ibm_lagos	5-0	0.0
ibm_lagos	5-1	0.0
ibm_lagos	5-2	0.0
ibm_lagos	5-3	0.010705850093864322
ibm_lagos	5-4	0.00803514651459561
ibm_lagos	5-5	0.0
ibm_lagos	5-6	0.00659708861230357
ibm_lagos	6-0	0.0
ibm_lagos	6-1	0.0
ibm_lagos	6-2	0.0
ibm_lagos	6-3	0.0
ibm_lagos	6-4	0.0
ibm_lagos	6-5	0.00659708861230357
ibm_lagos	6-6	0.0
ibm_lagos	0	0.02310000000000001
ibm_lagos	1	0.026699999999999946
ibm_lagos	2	0.01959999999999995
ibm_lagos	3	0.03049999999999997
ibm_lagos	4	0.031399999999999983
ibm_lagos	5	0.02859999999999996
ibm_lagos	6	0.022599999999999953
ibm_nairobi	0-0	0.0
ibm_nairobi	0-1	0.007964158723776038
ibm_nairobi	0-2	0.0
ibm_nairobi	0-3	0.0
ibm_nairobi	0-4	0.0
ibm_nairobi	0-5	0.0
ibm_nairobi	0-6	0.0
ibm_nairobi	1-0	0.007964158723776038
ibm_nairobi	1-1	0.0
ibm_nairobi	1-2	0.03756085929536809
ibm_nairobi	1-3	0.01176223218689787
ibm_nairobi	1-4	0.0
ibm_nairobi	1-5	0.0
ibm_nairobi	1-6	0.0
ibm_nairobi	2-0	0.0
ibm_nairobi	2-1	0.03756085929536809
ibm_nairobi	2-2	0.0
ibm_nairobi	2-3	0.0
ibm_nairobi	2-4	0.0
ibm_nairobi	2-5	0.0
ibm_nairobi	2-6	0.0
ibm_nairobi	3-0	0.0
ibm_nairobi	3-1	0.01176223218689787
ibm_nairobi	3-2	0.0
ibm_nairobi	3-3	0.0
ibm_nairobi	3-4	0.0
ibm_nairobi	3-5	0.01814574796307819
ibm_nairobi	3-6	0.0
ibm_nairobi	4-0	0.0
ibm_nairobi	4-1	0.0
ibm_nairobi	4-2	0.0
ibm_nairobi	4-3	0.0
ibm_nairobi	4-4	0.0
ibm_nairobi	4-5	0.006774727669416225
ibm_nairobi	4-6	0.0
ibm_nairobi	5-0	0.0
ibm_nairobi	5-1	0.0
ibm_nairobi	5-2	0.0
ibm_nairobi	5-3	0.01814574796307819
ibm_nairobi	5-4	0.006774727669416225
ibm_nairobi	5-5	0.0
ibm_nairobi	5-6	0.009601957484480922
ibm_nairobi	6-0	0.0
ibm_nairobi	6-1	0.0
ibm_nairobi	6-2	0.0
ibm_nairobi	6-3	0.0
ibm_nairobi	6-4	0.0
ibm_nairobi	6-5	0.009601957484480922
ibm_nairobi	6-6	0.0
ibm_nairobi	0	0.03620000000000001
ibm_nairobi	1	0.07589999999999997
ibm_nairobi	2	0.09949999999999992
ibm_nairobi	3	0.04590000000000005
ibm_nairobi	4	0.03980000000000006
ibm_nairobi	5	0.03649999999999998
ibm_nairobi	6	0.0363
ibm_perth	0-0	0.0
ibm_perth	0-1	0.018789171237945074
ibm_perth	0-2	0.0
ibm_perth	0-3	0.0
ibm_perth	0-4	0.0
ibm_perth	0-5	0.0
ibm_perth	0-6	0.0
ibm_perth	1-0	0.018789171237945074
ibm_perth	1-1	0.0
ibm_perth	1-2	0.005373754427899641
ibm_perth	1-3	0.0056696092422377775
ibm_perth	1-4	0.0
ibm_perth	1-5	0.0
ibm_perth	1-6	0.0
ibm_perth	2-0	0.0
ibm_perth	2-1	0.005373754427899641
ibm_perth	2-2	0.0
ibm_perth	2-3	0.0
ibm_perth	2-4	0.0
ibm_perth	2-5	0.0
ibm_perth	2-6	0.0
ibm_perth	3-0	0.0
ibm_perth	3-1	0.0056696092422377775
ibm_perth	3-2	0.0
ibm_perth	3-3	0.0
ibm_perth	3-4	0.0
ibm_perth	3-5	0.009321899799824451
ibm_perth	3-6	0.0
ibm_perth	4-0	0.0
ibm_perth	4-1	0.0
ibm_perth	4-2	0.0
ibm_perth	4-3	0.0
ibm_perth	4-4	0.0
ibm_perth	4-5	0.019810648742237397
ibm_perth	4-6	0.0
ibm_perth	5-0	0.0
ibm_perth	5-1	0.0
ibm_perth	5-2	0.0
ibm_perth	5-3	0.009321899799824451
ibm_perth	5-4	0.019810648742237397
ibm_perth	5-5	0.0
ibm_perth	5-6	0.018242861574725516
ibm_perth	6-0	0.0
ibm_perth	6-1	0.0
ibm_perth	6-2	0.0
ibm_perth	6-3	0.0
ibm_perth	6-4	0.0
ibm_perth	6-5	0.018242861574725516
ibm_perth	6-6	0.0
ibm_perth	0	0.025600000000000067
ibm_perth	1	0.02629999999999999
ibm_perth	2	0.024899999999999922
ibm_perth	3	0.01859999999999995
ibm_perth	4	0.01980000000000004
ibm_perth	5	0.02750000000000008
ibm_perth	6	0.007299999999999973
