ibmq_lima	0-0	0.0
ibmq_lima	0-1	0.007277352714154611
ibmq_lima	0-2	0.0
ibmq_lima	0-3	0.0
ibmq_lima	0-4	0.0
ibmq_lima	1-0	0.007277352714154611
ibmq_lima	1-1	0.0
ibmq_lima	1-2	0.0076036724815111145
ibmq_lima	1-3	0.012545218191258145
ibmq_lima	1-4	0.0
ibmq_lima	2-0	0.0
ibmq_lima	2-1	0.0076036724815111145
ibmq_lima	2-2	0.0
ibmq_lima	2-3	0.0
ibmq_lima	2-4	0.0
ibmq_lima	3-0	0.0
ibmq_lima	3-1	0.012545218191258145
ibmq_lima	3-2	0.0
ibmq_lima	3-3	0.0
ibmq_lima	3-4	0.01728922600029323
ibmq_lima	4-0	0.0
ibmq_lima	4-1	0.0
ibmq_lima	4-2	0.0
ibmq_lima	4-3	0.01728922600029323
ibmq_lima	4-4	0.0
ibmq_lima	0	0.018399999999999972
ibmq_lima	1	0.017400000000000082
ibmq_lima	2	0.016100000000000003
ibmq_lima	3	0.03610000000000002
ibmq_lima	4	0.052100000000000035
ibmq_belem	0-0	0.0
ibmq_belem	0-1	0.012887810267057848
ibmq_belem	0-2	0.0
ibmq_belem	0-3	0.0
ibmq_belem	0-4	0.0
ibmq_belem	1-0	0.012887810267057848
ibmq_belem	1-1	0.0
ibmq_belem	1-2	0.00724912049651219
ibmq_belem	1-3	0.008236970899654222
ibmq_belem	1-4	0.0
ibmq_belem	2-0	0.0
ibmq_belem	2-1	0.00724912049651219
ibmq_belem	2-2	0.0
ibmq_belem	2-3	0.0
ibmq_belem	2-4	0.0
ibmq_belem	3-0	0.0
ibmq_belem	3-1	0.008236970899654222
ibmq_belem	3-2	0.0
ibmq_belem	3-3	0.0
ibmq_belem	3-4	0.009524619433537884
ibmq_belem	4-0	0.0
ibmq_belem	4-1	0.0
ibmq_belem	4-2	0.0
ibmq_belem	4-3	0.009524619433537884
ibmq_belem	4-4	0.0
ibmq_belem	0	0.026499999999999968
ibmq_belem	1	0.016699999999999937
ibmq_belem	2	0.02939999999999998
ibmq_belem	3	0.02400000000000002
ibmq_belem	4	0.017300000000000093
ibmq_quito	0-0	0.0
ibmq_quito	0-1	0.006467619811256958
ibmq_quito	0-2	0.0
ibmq_quito	0-3	0.0
ibmq_quito	0-4	0.0
ibmq_quito	1-0	0.006467619811256958
ibmq_quito	1-1	0.0
ibmq_quito	1-2	0.0069408775279810875
ibmq_quito	1-3	0.007755612276653778
ibmq_quito	1-4	0.0
ibmq_quito	2-0	0.0
ibmq_quito	2-1	0.0069408775279810875
ibmq_quito	2-2	0.0
ibmq_quito	2-3	0.0
ibmq_quito	2-4	0.0
ibmq_quito	3-0	0.0
ibmq_quito	3-1	0.007755612276653778
ibmq_quito	3-2	0.0
ibmq_quito	3-3	0.0
ibmq_quito	3-4	0.016576695586466905
ibmq_quito	4-0	0.0
ibmq_quito	4-1	0.0
ibmq_quito	4-2	0.0
ibmq_quito	4-3	0.016576695586466905
ibmq_quito	4-4	0.0
ibmq_quito	0	0.0464
ibmq_quito	1	0.03869999999999996
ibmq_quito	2	0.06540000000000001
ibmq_quito	3	0.033499999999999974
ibmq_quito	4	0.03269999999999995
ibmq_jakarta	0-0	0.0
ibmq_jakarta	0-1	0.008014039964685332
ibmq_jakarta	0-2	0.0
ibmq_jakarta	0-3	0.0
ibmq_jakarta	0-4	0.0
ibmq_jakarta	0-5	0.0
ibmq_jakarta	0-6	0.0
ibmq_jakarta	1-0	0.008014039964685332
ibmq_jakarta	1-1	0.0
ibmq_jakarta	1-2	0.009958078126333841
ibmq_jakarta	1-3	0.008894509730715372
ibmq_jakarta	1-4	0.0
ibmq_jakarta	1-5	0.0
ibmq_jakarta	1-6	0.0
ibmq_jakarta	2-0	0.0
ibmq_jakarta	2-1	0.009958078126333841
ibmq_jakarta	2-2	0.0
ibmq_jakarta	2-3	0.0
ibmq_jakarta	2-4	0.0
ibmq_jakarta	2-5	0.0
ibmq_jakarta	2-6	0.0
ibmq_jakarta	3-0	0.0
ibmq_jakarta	3-1	0.008894509730715372
ibmq_jakarta	3-2	0.0
ibmq_jakarta	3-3	0.0
ibmq_jakarta	3-4	0.0
ibmq_jakarta	3-5	0.006681709978597294
ibmq_jakarta	3-6	0.0
ibmq_jakarta	4-0	0.0
ibmq_jakarta	4-1	0.0
ibmq_jakarta	4-2	0.0
ibmq_jakarta	4-3	0.0
ibmq_jakarta	4-4	0.0
ibmq_jakarta	4-5	0.01120953377583958
ibmq_jakarta	4-6	0.0
ibmq_jakarta	5-0	0.0
ibmq_jakarta	5-1	0.0
ibmq_jakarta	5-2	0.0
ibmq_jakarta	5-3	0.006681709978597294
ibmq_jakarta	5-4	0.01120953377583958
ibmq_jakarta	5-5	0.0
ibmq_jakarta	5-6	0.007157145870861942
ibmq_jakarta	6-0	0.0
ibmq_jakarta	6-1	0.0
ibmq_jakarta	6-2	0.0
ibmq_jakarta	6-3	0.0
ibmq_jakarta	6-4	0.0
ibmq_jakarta	6-5	0.007157145870861942
ibmq_jakarta	6-6	0.0
ibmq_jakarta	0	0.01540000000000008
ibmq_jakarta	1	0.02210000000000001
ibmq_jakarta	2	0.020499999999999963
ibmq_jakarta	3	0.04049999999999998
ibmq_jakarta	4	0.0484
ibmq_jakarta	5	0.048799999999999955
ibmq_jakarta	6	0.03820000000000001
ibmq_manila	0-0	0.0
ibmq_manila	0-1	0.006268231102131122
ibmq_manila	0-2	0.0
ibmq_manila	0-3	0.0
ibmq_manila	0-4	0.0
ibmq_manila	1-0	0.006268231102131122
ibmq_manila	1-1	0.0
ibmq_manila	1-2	0.010253842070425984
ibmq_manila	1-3	0.0
ibmq_manila	1-4	0.0
ibmq_manila	2-0	0.0
ibmq_manila	2-1	0.010253842070425984
ibmq_manila	2-2	0.0
ibmq_manila	2-3	0.006880374416005058
ibmq_manila	2-4	0.0
ibmq_manila	3-0	0.0
ibmq_manila	3-1	0.0
ibmq_manila	3-2	0.006880374416005058
ibmq_manila	3-3	0.0
ibmq_manila	3-4	0.004936869513885944
ibmq_manila	4-0	0.0
ibmq_manila	4-1	0.0
ibmq_manila	4-2	0.0
ibmq_manila	4-3	0.004936869513885944
ibmq_manila	4-4	0.0
ibmq_manila	0	0.0252
ibmq_manila	1	0.03259999999999996
ibmq_manila	2	0.02190000000000003
ibmq_manila	3	0.016799999999999926
ibmq_manila	4	0.02510000000000001
ibm_lagos	0-0	0.0
ibm_lagos	0-1	0.007464489906020694
ibm_lagos	0-2	0.0
ibm_lagos	0-3	0.0
ibm_lagos	0-4	0.0
ibm_lagos	0-5	0.0
ibm_lagos	0-6	0.0
ibm_lagos	1-0	0.007464489906020694
ibm_lagos	1-1	0.0
ibm_lagos	1-2	0.006110530060513458
ibm_lagos	1-3	0.006034396291641486
ibm_lagos	1-4	0.0
ibm_lagos	1-5	0.0
ibm_lagos	1-6	0.0
ibm_lagos	2-0	0.0
ibm_lagos	2-1	0.006110530060513458
ibm_lagos	2-2	0.0
ibm_lagos	2-3	0.0
ibm_lagos	2-4	0.0
ibm_lagos	2-5	0.0
ibm_lagos	2-6	0.0
ibm_lagos	3-0	0.0
ibm_lagos	3-1	0.006034396291641486
ibm_lagos	3-2	0.0
ibm_lagos	3-3	0.0
ibm_lagos	3-4	0.0
ibm_lagos	3-5	0.010705850093864322
ibm_lagos	3-6	0.0
ibm_lagos	4-0	0.0
ibm_lagos	4-1	0.0
ibm_lagos	4-2	0.0
ibm_lagos	4-3	0.0
ibm_lagos	4-4	0.0
ibm_lagos	4-5	0.00803514651459561
ibm_lagos	4-6	0.0
ibm_lagos	5-0	0.0
ibm_lagos	5-1	0.0
ibm_lagos	5-2	0.0
ibm_lagos	5-3	0.010705850093864322
ibm_lagos	5-4	0.00803514651459561
ibm_lagos	5-5	0.0
ibm_lagos	5-6	0.00659708861230357
ibm_lagos	6-0	0.0
ibm_lagos	6-1	0.0
ibm_lagos	6-2	0.0
ibm_lagos	6-3	0.0
ibm_lagos	6-4	0.0
ibm_lagos	6-5	0.00659708861230357
ibm_lagos	6-6	0.0
ibm_lagos	0	0.012399999999999967
ibm_lagos	1	0.01849999999999996
ibm_lagos	2	0.008299999999999974
ibm_lagos	3	0.0129999999999999
ibm_lagos	4	0.02059999999999995
ibm_lagos	5	0.016699999999999937
ibm_lagos	6	0.0129999999999999
ibm_nairobi	0-0	0.0
ibm_nairobi	0-1	0.012457855022974917
ibm_nairobi	0-2	0.0
ibm_nairobi	0-3	0.0
ibm_nairobi	0-4	0.0
ibm_nairobi	0-5	0.0
ibm_nairobi	0-6	0.0
ibm_nairobi	1-0	0.012457855022974917
ibm_nairobi	1-1	0.0
ibm_nairobi	1-2	0.05478715865083289
ibm_nairobi	1-3	0.0098063800063381
ibm_nairobi	1-4	0.0
ibm_nairobi	1-5	0.0
ibm_nairobi	1-6	0.0
ibm_nairobi	2-0	0.0
ibm_nairobi	2-1	0.05478715865083289
ibm_nairobi	2-2	0.0
ibm_nairobi	2-3	0.0
ibm_nairobi	2-4	0.0
ibm_nairobi	2-5	0.0
ibm_nairobi	2-6	0.0
ibm_nairobi	3-0	0.0
ibm_nairobi	3-1	0.0098063800063381
ibm_nairobi	3-2	0.0
ibm_nairobi	3-3	0.0
ibm_nairobi	3-4	0.0
ibm_nairobi	3-5	0.01717174841041358
ibm_nairobi	3-6	0.0
ibm_nairobi	4-0	0.0
ibm_nairobi	4-1	0.0
ibm_nairobi	4-2	0.0
ibm_nairobi	4-3	0.0
ibm_nairobi	4-4	0.0
ibm_nairobi	4-5	0.005019331068945476
ibm_nairobi	4-6	0.0
ibm_nairobi	5-0	0.0
ibm_nairobi	5-1	0.0
ibm_nairobi	5-2	0.0
ibm_nairobi	5-3	0.01717174841041358
ibm_nairobi	5-4	0.005019331068945476
ibm_nairobi	5-5	0.0
ibm_nairobi	5-6	0.008398162199039494
ibm_nairobi	6-0	0.0
ibm_nairobi	6-1	0.0
ibm_nairobi	6-2	0.0
ibm_nairobi	6-3	0.0
ibm_nairobi	6-4	0.0
ibm_nairobi	6-5	0.008398162199039494
ibm_nairobi	6-6	0.0
ibm_nairobi	0	0.023499999999999965
ibm_nairobi	1	0.04530000000000001
ibm_nairobi	2	0.03149999999999997
ibm_nairobi	3	0.020499999999999963
ibm_nairobi	4	0.025700000000000056
ibm_nairobi	5	0.030100000000000016
ibm_nairobi	6	0.027200000000000002
ibm_perth	0-0	0.0
ibm_perth	0-1	0.011990197453462165
ibm_perth	0-2	0.0
ibm_perth	0-3	0.0
ibm_perth	0-4	0.0
ibm_perth	0-5	0.0
ibm_perth	0-6	0.0
ibm_perth	1-0	0.011990197453462165
ibm_perth	1-1	0.0
ibm_perth	1-2	0.005373754427899641
ibm_perth	1-3	0.00597673389908962
ibm_perth	1-4	0.0
ibm_perth	1-5	0.0
ibm_perth	1-6	0.0
ibm_perth	2-0	0.0
ibm_perth	2-1	0.005373754427899641
ibm_perth	2-2	0.0
ibm_perth	2-3	0.0
ibm_perth	2-4	0.0
ibm_perth	2-5	0.0
ibm_perth	2-6	0.0
ibm_perth	3-0	0.0
ibm_perth	3-1	0.00597673389908962
ibm_perth	3-2	0.0
ibm_perth	3-3	0.0
ibm_perth	3-4	0.0
ibm_perth	3-5	0.008382073094062248
ibm_perth	3-6	0.0
ibm_perth	4-0	0.0
ibm_perth	4-1	0.0
ibm_perth	4-2	0.0
ibm_perth	4-3	0.0
ibm_perth	4-4	0.0
ibm_perth	4-5	0.012658640111195774
ibm_perth	4-6	0.0
ibm_perth	5-0	0.0
ibm_perth	5-1	0.0
ibm_perth	5-2	0.0
ibm_perth	5-3	0.008382073094062248
ibm_perth	5-4	0.012658640111195774
ibm_perth	5-5	0.0
ibm_perth	5-6	0.012479024912594422
ibm_perth	6-0	0.0
ibm_perth	6-1	0.0
ibm_perth	6-2	0.0
ibm_perth	6-3	0.0
ibm_perth	6-4	0.0
ibm_perth	6-5	0.012479024912594422
ibm_perth	6-6	0.0
ibm_perth	0	0.025600000000000067
ibm_perth	1	0.02629999999999999
ibm_perth	2	0.024899999999999922
ibm_perth	3	0.01859999999999995
ibm_perth	4	0.01980000000000004
ibm_perth	5	0.02750000000000008
ibm_perth	6	0.007299999999999973
