ibmq_lima	0-0	0.0
ibmq_lima	0-1	0.008125899952560744
ibmq_lima	0-2	0.0
ibmq_lima	0-3	0.0
ibmq_lima	0-4	0.0
ibmq_lima	1-0	0.008125899952560744
ibmq_lima	1-1	0.0
ibmq_lima	1-2	0.006642758875335525
ibmq_lima	1-3	0.011203648613889006
ibmq_lima	1-4	0.0
ibmq_lima	2-0	0.0
ibmq_lima	2-1	0.006642758875335525
ibmq_lima	2-2	0.0
ibmq_lima	2-3	0.0
ibmq_lima	2-4	0.0
ibmq_lima	3-0	0.0
ibmq_lima	3-1	0.011203648613889006
ibmq_lima	3-2	0.0
ibmq_lima	3-3	0.0
ibmq_lima	3-4	0.017577211982177515
ibmq_lima	4-0	0.0
ibmq_lima	4-1	0.0
ibmq_lima	4-2	0.0
ibmq_lima	4-3	0.017577211982177515
ibmq_lima	4-4	0.0
ibmq_lima	0	0.02289999999999992
ibmq_lima	1	0.02290000000000003
ibmq_lima	2	0.025900000000000034
ibmq_lima	3	0.03210000000000002
ibmq_lima	4	0.0484
ibmq_belem	0-0	0.0
ibmq_belem	0-1	0.011922086412386151
ibmq_belem	0-2	0.0
ibmq_belem	0-3	0.0
ibmq_belem	0-4	0.0
ibmq_belem	1-0	0.011922086412386151
ibmq_belem	1-1	0.0
ibmq_belem	1-2	0.008837868641540209
ibmq_belem	1-3	0.007633085239527659
ibmq_belem	1-4	0.0
ibmq_belem	2-0	0.0
ibmq_belem	2-1	0.008837868641540209
ibmq_belem	2-2	0.0
ibmq_belem	2-3	0.0
ibmq_belem	2-4	0.0
ibmq_belem	3-0	0.0
ibmq_belem	3-1	0.007633085239527659
ibmq_belem	3-2	0.0
ibmq_belem	3-3	0.0
ibmq_belem	3-4	0.0097612370971141
ibmq_belem	4-0	0.0
ibmq_belem	4-1	0.0
ibmq_belem	4-2	0.0
ibmq_belem	4-3	0.0097612370971141
ibmq_belem	4-4	0.0
ibmq_belem	0	0.02960000000000007
ibmq_belem	1	0.023599999999999954
ibmq_belem	2	0.021400000000000086
ibmq_belem	3	0.07630000000000003
ibmq_belem	4	0.021100000000000008
ibmq_quito	0-0	0.0
ibmq_quito	0-1	0.00907483199411352
ibmq_quito	0-2	0.0
ibmq_quito	0-3	0.0
ibmq_quito	0-4	0.0
ibmq_quito	1-0	0.00907483199411352
ibmq_quito	1-1	0.0
ibmq_quito	1-2	0.007407656444850003
ibmq_quito	1-3	0.00954840559706957
ibmq_quito	1-4	0.0
ibmq_quito	2-0	0.0
ibmq_quito	2-1	0.007407656444850003
ibmq_quito	2-2	0.0
ibmq_quito	2-3	0.0
ibmq_quito	2-4	0.0
ibmq_quito	3-0	0.0
ibmq_quito	3-1	0.00954840559706957
ibmq_quito	3-2	0.0
ibmq_quito	3-3	0.0
ibmq_quito	3-4	0.016847529912929038
ibmq_quito	4-0	0.0
ibmq_quito	4-1	0.0
ibmq_quito	4-2	0.0
ibmq_quito	4-3	0.016847529912929038
ibmq_quito	4-4	0.0
ibmq_quito	0	0.043399999999999994
ibmq_quito	1	0.05380000000000007
ibmq_quito	2	0.07590000000000008
ibmq_quito	3	0.041100000000000025
ibmq_quito	4	0.03249999999999997
ibmq_jakarta	0-0	0.0
ibmq_jakarta	0-1	0.008590410286302641
ibmq_jakarta	0-2	0.0
ibmq_jakarta	0-3	0.0
ibmq_jakarta	0-4	0.0
ibmq_jakarta	0-5	0.0
ibmq_jakarta	0-6	0.0
ibmq_jakarta	1-0	0.008590410286302641
ibmq_jakarta	1-1	0.0
ibmq_jakarta	1-2	0.008931599175244304
ibmq_jakarta	1-3	0.008237503318716782
ibmq_jakarta	1-4	0.0
ibmq_jakarta	1-5	0.0
ibmq_jakarta	1-6	0.0
ibmq_jakarta	2-0	0.0
ibmq_jakarta	2-1	0.008931599175244304
ibmq_jakarta	2-2	0.0
ibmq_jakarta	2-3	0.0
ibmq_jakarta	2-4	0.0
ibmq_jakarta	2-5	0.0
ibmq_jakarta	2-6	0.0
ibmq_jakarta	3-0	0.0
ibmq_jakarta	3-1	0.008237503318716782
ibmq_jakarta	3-2	0.0
ibmq_jakarta	3-3	0.0
ibmq_jakarta	3-4	0.0
ibmq_jakarta	3-5	0.007736735112687743
ibmq_jakarta	3-6	0.0
ibmq_jakarta	4-0	0.0
ibmq_jakarta	4-1	0.0
ibmq_jakarta	4-2	0.0
ibmq_jakarta	4-3	0.0
ibmq_jakarta	4-4	0.0
ibmq_jakarta	4-5	0.013152341087712155
ibmq_jakarta	4-6	0.0
ibmq_jakarta	5-0	0.0
ibmq_jakarta	5-1	0.0
ibmq_jakarta	5-2	0.0
ibmq_jakarta	5-3	0.007736735112687743
ibmq_jakarta	5-4	0.013152341087712155
ibmq_jakarta	5-5	0.0
ibmq_jakarta	5-6	0.006144581368723784
ibmq_jakarta	6-0	0.0
ibmq_jakarta	6-1	0.0
ibmq_jakarta	6-2	0.0
ibmq_jakarta	6-3	0.0
ibmq_jakarta	6-4	0.0
ibmq_jakarta	6-5	0.006144581368723784
ibmq_jakarta	6-6	0.0
ibmq_jakarta	0	0.06159999999999999
ibmq_jakarta	1	0.01859999999999995
ibmq_jakarta	2	0.02059999999999995
ibmq_jakarta	3	0.017400000000000082
ibmq_jakarta	4	0.06279999999999997
ibmq_jakarta	5	0.0968
ibmq_jakarta	6	0.0383
ibmq_manila	0-0	0.0
ibmq_manila	0-1	0.007997264487899586
ibmq_manila	0-2	0.0
ibmq_manila	0-3	0.0
ibmq_manila	0-4	0.0
ibmq_manila	1-0	0.007997264487899586
ibmq_manila	1-1	0.0
ibmq_manila	1-2	0.018011535338147533
ibmq_manila	1-3	0.0
ibmq_manila	1-4	0.0
ibmq_manila	2-0	0.0
ibmq_manila	2-1	0.018011535338147533
ibmq_manila	2-2	0.0
ibmq_manila	2-3	0.006516778356544406
ibmq_manila	2-4	0.0
ibmq_manila	3-0	0.0
ibmq_manila	3-1	0.0
ibmq_manila	3-2	0.006516778356544406
ibmq_manila	3-3	0.0
ibmq_manila	3-4	0.0049921644426826894
ibmq_manila	4-0	0.0
ibmq_manila	4-1	0.0
ibmq_manila	4-2	0.0
ibmq_manila	4-3	0.0049921644426826894
ibmq_manila	4-4	0.0
ibmq_manila	0	0.0484
ibmq_manila	1	0.042300000000000004
ibmq_manila	2	0.028100000000000014
ibmq_manila	3	0.018900000000000028
ibmq_manila	4	0.023600000000000065
ibm_lagos	0-0	0.0
ibm_lagos	0-1	0.008292156568960318
ibm_lagos	0-2	0.0
ibm_lagos	0-3	0.0
ibm_lagos	0-4	0.0
ibm_lagos	0-5	0.0
ibm_lagos	0-6	0.0
ibm_lagos	1-0	0.008292156568960318
ibm_lagos	1-1	0.0
ibm_lagos	1-2	0.006859493769740793
ibm_lagos	1-3	0.004135546725926392
ibm_lagos	1-4	0.0
ibm_lagos	1-5	0.0
ibm_lagos	1-6	0.0
ibm_lagos	2-0	0.0
ibm_lagos	2-1	0.006859493769740793
ibm_lagos	2-2	0.0
ibm_lagos	2-3	0.0
ibm_lagos	2-4	0.0
ibm_lagos	2-5	0.0
ibm_lagos	2-6	0.0
ibm_lagos	3-0	0.0
ibm_lagos	3-1	0.004135546725926392
ibm_lagos	3-2	0.0
ibm_lagos	3-3	0.0
ibm_lagos	3-4	0.0
ibm_lagos	3-5	0.008330265996736919
ibm_lagos	3-6	0.0
ibm_lagos	4-0	0.0
ibm_lagos	4-1	0.0
ibm_lagos	4-2	0.0
ibm_lagos	4-3	0.0
ibm_lagos	4-4	0.0
ibm_lagos	4-5	0.0072008663472839796
ibm_lagos	4-6	0.0
ibm_lagos	5-0	0.0
ibm_lagos	5-1	0.0
ibm_lagos	5-2	0.0
ibm_lagos	5-3	0.008330265996736919
ibm_lagos	5-4	0.0072008663472839796
ibm_lagos	5-5	0.0
ibm_lagos	5-6	0.005123823889481183
ibm_lagos	6-0	0.0
ibm_lagos	6-1	0.0
ibm_lagos	6-2	0.0
ibm_lagos	6-3	0.0
ibm_lagos	6-4	0.0
ibm_lagos	6-5	0.005123823889481183
ibm_lagos	6-6	0.0
ibm_lagos	0	0.012399999999999967
ibm_lagos	1	0.018100000000000005
ibm_lagos	2	0.008700000000000041
ibm_lagos	3	0.0129999999999999
ibm_lagos	4	0.025700000000000056
ibm_lagos	5	0.01639999999999997
ibm_lagos	6	0.01550000000000007
ibm_nairobi	0-0	0.0
ibm_nairobi	0-1	0.008648355247876771
ibm_nairobi	0-2	0.0
ibm_nairobi	0-3	0.0
ibm_nairobi	0-4	0.0
ibm_nairobi	0-5	0.0
ibm_nairobi	0-6	0.0
ibm_nairobi	1-0	0.008648355247876771
ibm_nairobi	1-1	0.0
ibm_nairobi	1-2	0.01507076022324208
ibm_nairobi	1-3	0.015331873138950625
ibm_nairobi	1-4	0.0
ibm_nairobi	1-5	0.0
ibm_nairobi	1-6	0.0
ibm_nairobi	2-0	0.0
ibm_nairobi	2-1	0.01507076022324208
ibm_nairobi	2-2	0.0
ibm_nairobi	2-3	0.0
ibm_nairobi	2-4	0.0
ibm_nairobi	2-5	0.0
ibm_nairobi	2-6	0.0
ibm_nairobi	3-0	0.0
ibm_nairobi	3-1	0.015331873138950625
ibm_nairobi	3-2	0.0
ibm_nairobi	3-3	0.0
ibm_nairobi	3-4	0.0
ibm_nairobi	3-5	0.017083116797190184
ibm_nairobi	3-6	0.0
ibm_nairobi	4-0	0.0
ibm_nairobi	4-1	0.0
ibm_nairobi	4-2	0.0
ibm_nairobi	4-3	0.0
ibm_nairobi	4-4	0.0
ibm_nairobi	4-5	0.00559333543630261
ibm_nairobi	4-6	0.0
ibm_nairobi	5-0	0.0
ibm_nairobi	5-1	0.0
ibm_nairobi	5-2	0.0
ibm_nairobi	5-3	0.017083116797190184
ibm_nairobi	5-4	0.00559333543630261
ibm_nairobi	5-5	0.0
ibm_nairobi	5-6	0.006770361351265797
ibm_nairobi	6-0	0.0
ibm_nairobi	6-1	0.0
ibm_nairobi	6-2	0.0
ibm_nairobi	6-3	0.0
ibm_nairobi	6-4	0.0
ibm_nairobi	6-5	0.006770361351265797
ibm_nairobi	6-6	0.0
ibm_nairobi	0	0.02190000000000003
ibm_nairobi	1	0.06840000000000002
ibm_nairobi	2	0.022499999999999964
ibm_nairobi	3	0.02719999999999989
ibm_nairobi	4	0.030299999999999994
ibm_nairobi	5	0.023299999999999987
ibm_nairobi	6	0.0252
ibm_perth	0-0	0.0
ibm_perth	0-1	0.006601308879799234
ibm_perth	0-2	0.0
ibm_perth	0-3	0.0
ibm_perth	0-4	0.0
ibm_perth	0-5	0.0
ibm_perth	0-6	0.0
ibm_perth	1-0	0.006601308879799234
ibm_perth	1-1	0.0
ibm_perth	1-2	0.005563644745584129
ibm_perth	1-3	0.006551185094285011
ibm_perth	1-4	0.0
ibm_perth	1-5	0.0
ibm_perth	1-6	0.0
ibm_perth	2-0	0.0
ibm_perth	2-1	0.005563644745584129
ibm_perth	2-2	0.0
ibm_perth	2-3	0.0
ibm_perth	2-4	0.0
ibm_perth	2-5	0.0
ibm_perth	2-6	0.0
ibm_perth	3-0	0.0
ibm_perth	3-1	0.006551185094285011
ibm_perth	3-2	0.0
ibm_perth	3-3	0.0
ibm_perth	3-4	0.0
ibm_perth	3-5	0.01020139632432196
ibm_perth	3-6	0.0
ibm_perth	4-0	0.0
ibm_perth	4-1	0.0
ibm_perth	4-2	0.0
ibm_perth	4-3	0.0
ibm_perth	4-4	0.0
ibm_perth	4-5	0.01041681830845767
ibm_perth	4-6	0.0
ibm_perth	5-0	0.0
ibm_perth	5-1	0.0
ibm_perth	5-2	0.0
ibm_perth	5-3	0.01020139632432196
ibm_perth	5-4	0.01041681830845767
ibm_perth	5-5	0.0
ibm_perth	5-6	0.01740166371111726
ibm_perth	6-0	0.0
ibm_perth	6-1	0.0
ibm_perth	6-2	0.0
ibm_perth	6-3	0.0
ibm_perth	6-4	0.0
ibm_perth	6-5	0.01740166371111726
ibm_perth	6-6	0.0
ibm_perth	0	0.0242
ibm_perth	1	0.030000000000000027
ibm_perth	2	0.09640000000000004
ibm_perth	3	0.015900000000000025
ibm_perth	4	0.018299999999999983
ibm_perth	5	0.02739999999999998
ibm_perth	6	0.006199999999999983
