ibmq_lima	0-0	0.0
ibmq_lima	0-1	0.008537267782741859
ibmq_lima	0-2	0.0
ibmq_lima	0-3	0.0
ibmq_lima	0-4	0.0
ibmq_lima	1-0	0.008537267782741859
ibmq_lima	1-1	0.0
ibmq_lima	1-2	0.005960369288940948
ibmq_lima	1-3	0.009964809670536617
ibmq_lima	1-4	0.0
ibmq_lima	2-0	0.0
ibmq_lima	2-1	0.005960369288940948
ibmq_lima	2-2	0.0
ibmq_lima	2-3	0.0
ibmq_lima	2-4	0.0
ibmq_lima	3-0	0.0
ibmq_lima	3-1	0.009964809670536617
ibmq_lima	3-2	0.0
ibmq_lima	3-3	0.0
ibmq_lima	3-4	0.015177856003537243
ibmq_lima	4-0	0.0
ibmq_lima	4-1	0.0
ibmq_lima	4-2	0.0
ibmq_lima	4-3	0.015177856003537243
ibmq_lima	4-4	0.0
ibmq_lima	0	0.025399999999999978
ibmq_lima	1	0.019299999999999984
ibmq_lima	2	0.021499999999999964
ibmq_lima	3	0.03370000000000006
ibmq_lima	4	0.04719999999999991
ibmq_belem	0-0	0.0
ibmq_belem	0-1	0.011100653143638561
ibmq_belem	0-2	0.0
ibmq_belem	0-3	0.0
ibmq_belem	0-4	0.0
ibmq_belem	1-0	0.011100653143638561
ibmq_belem	1-1	0.0
ibmq_belem	1-2	0.006200432553768259
ibmq_belem	1-3	0.01169070990028559
ibmq_belem	1-4	0.0
ibmq_belem	2-0	0.0
ibmq_belem	2-1	0.006200432553768259
ibmq_belem	2-2	0.0
ibmq_belem	2-3	0.0
ibmq_belem	2-4	0.0
ibmq_belem	3-0	0.0
ibmq_belem	3-1	0.01169070990028559
ibmq_belem	3-2	0.0
ibmq_belem	3-3	0.0
ibmq_belem	3-4	0.012490009780590755
ibmq_belem	4-0	0.0
ibmq_belem	4-1	0.0
ibmq_belem	4-2	0.0
ibmq_belem	4-3	0.012490009780590755
ibmq_belem	4-4	0.0
ibmq_belem	0	0.02079999999999993
ibmq_belem	1	0.021500000000000075
ibmq_belem	2	0.022699999999999942
ibmq_belem	3	0.03380000000000005
ibmq_belem	4	0.019499999999999962
ibmq_quito	0-0	0.0
ibmq_quito	0-1	0.011245417380647188
ibmq_quito	0-2	0.0
ibmq_quito	0-3	0.0
ibmq_quito	0-4	0.0
ibmq_quito	1-0	0.011245417380647188
ibmq_quito	1-1	0.0
ibmq_quito	1-2	0.007316357448626742
ibmq_quito	1-3	0.00905515025930162
ibmq_quito	1-4	0.0
ibmq_quito	2-0	0.0
ibmq_quito	2-1	0.007316357448626742
ibmq_quito	2-2	0.0
ibmq_quito	2-3	0.0
ibmq_quito	2-4	0.0
ibmq_quito	3-0	0.0
ibmq_quito	3-1	0.00905515025930162
ibmq_quito	3-2	0.0
ibmq_quito	3-3	0.0
ibmq_quito	3-4	0.016724806836332623
ibmq_quito	4-0	0.0
ibmq_quito	4-1	0.0
ibmq_quito	4-2	0.0
ibmq_quito	4-3	0.016724806836332623
ibmq_quito	4-4	0.0
ibmq_quito	0	0.056400000000000006
ibmq_quito	1	0.039100000000000024
ibmq_quito	2	0.06810000000000005
ibmq_quito	3	0.034399999999999986
ibmq_quito	4	0.031500000000000083
ibmq_jakarta	0-0	0.0
ibmq_jakarta	0-1	1.0
ibmq_jakarta	0-2	0.0
ibmq_jakarta	0-3	0.0
ibmq_jakarta	0-4	0.0
ibmq_jakarta	0-5	0.0
ibmq_jakarta	0-6	0.0
ibmq_jakarta	1-0	1.0
ibmq_jakarta	1-1	0.0
ibmq_jakarta	1-2	0.011751215936584375
ibmq_jakarta	1-3	0.008986959443394477
ibmq_jakarta	1-4	0.0
ibmq_jakarta	1-5	0.0
ibmq_jakarta	1-6	0.0
ibmq_jakarta	2-0	0.0
ibmq_jakarta	2-1	0.011751215936584375
ibmq_jakarta	2-2	0.0
ibmq_jakarta	2-3	0.0
ibmq_jakarta	2-4	0.0
ibmq_jakarta	2-5	0.0
ibmq_jakarta	2-6	0.0
ibmq_jakarta	3-0	0.0
ibmq_jakarta	3-1	0.008986959443394477
ibmq_jakarta	3-2	0.0
ibmq_jakarta	3-3	0.0
ibmq_jakarta	3-4	0.0
ibmq_jakarta	3-5	0.007021120359375854
ibmq_jakarta	3-6	0.0
ibmq_jakarta	4-0	0.0
ibmq_jakarta	4-1	0.0
ibmq_jakarta	4-2	0.0
ibmq_jakarta	4-3	0.0
ibmq_jakarta	4-4	0.0
ibmq_jakarta	4-5	1.0
ibmq_jakarta	4-6	0.0
ibmq_jakarta	5-0	0.0
ibmq_jakarta	5-1	0.0
ibmq_jakarta	5-2	0.0
ibmq_jakarta	5-3	0.007021120359375854
ibmq_jakarta	5-4	1.0
ibmq_jakarta	5-5	0.0
ibmq_jakarta	5-6	0.007551626575502096
ibmq_jakarta	6-0	0.0
ibmq_jakarta	6-1	0.0
ibmq_jakarta	6-2	0.0
ibmq_jakarta	6-3	0.0
ibmq_jakarta	6-4	0.0
ibmq_jakarta	6-5	0.007551626575502096
ibmq_jakarta	6-6	0.0
ibmq_jakarta	0	0.05149999999999999
ibmq_jakarta	1	0.017900000000000027
ibmq_jakarta	2	0.023299999999999987
ibmq_jakarta	3	0.026899999999999924
ibmq_jakarta	4	0.16169999999999995
ibmq_jakarta	5	0.0363
ibmq_jakarta	6	0.05120000000000002
ibmq_manila	0-0	0.0
ibmq_manila	0-1	0.008042064663370513
ibmq_manila	0-2	0.0
ibmq_manila	0-3	0.0
ibmq_manila	0-4	0.0
ibmq_manila	1-0	0.008042064663370513
ibmq_manila	1-1	0.0
ibmq_manila	1-2	0.016670841293776245
ibmq_manila	1-3	0.0
ibmq_manila	1-4	0.0
ibmq_manila	2-0	0.0
ibmq_manila	2-1	0.016670841293776245
ibmq_manila	2-2	0.0
ibmq_manila	2-3	0.010574609869487772
ibmq_manila	2-4	0.0
ibmq_manila	3-0	0.0
ibmq_manila	3-1	0.0
ibmq_manila	3-2	0.010574609869487772
ibmq_manila	3-3	0.0
ibmq_manila	3-4	0.004736136660832169
ibmq_manila	4-0	0.0
ibmq_manila	4-1	0.0
ibmq_manila	4-2	0.0
ibmq_manila	4-3	0.004736136660832169
ibmq_manila	4-4	0.0
ibmq_manila	0	0.016699999999999937
ibmq_manila	1	0.0484
ibmq_manila	2	0.03620000000000001
ibmq_manila	3	0.01639999999999997
ibmq_manila	4	0.018900000000000028
ibm_lagos	0-0	0.0
ibm_lagos	0-1	0.009988758464710368
ibm_lagos	0-2	0.0
ibm_lagos	0-3	0.0
ibm_lagos	0-4	0.0
ibm_lagos	0-5	0.0
ibm_lagos	0-6	0.0
ibm_lagos	1-0	0.009988758464710368
ibm_lagos	1-1	0.0
ibm_lagos	1-2	0.007075022955273097
ibm_lagos	1-3	0.005980590339397018
ibm_lagos	1-4	0.0
ibm_lagos	1-5	0.0
ibm_lagos	1-6	0.0
ibm_lagos	2-0	0.0
ibm_lagos	2-1	0.007075022955273097
ibm_lagos	2-2	0.0
ibm_lagos	2-3	0.0
ibm_lagos	2-4	0.0
ibm_lagos	2-5	0.0
ibm_lagos	2-6	0.0
ibm_lagos	3-0	0.0
ibm_lagos	3-1	0.005980590339397018
ibm_lagos	3-2	0.0
ibm_lagos	3-3	0.0
ibm_lagos	3-4	0.0
ibm_lagos	3-5	0.00790587752292507
ibm_lagos	3-6	0.0
ibm_lagos	4-0	0.0
ibm_lagos	4-1	0.0
ibm_lagos	4-2	0.0
ibm_lagos	4-3	0.0
ibm_lagos	4-4	0.0
ibm_lagos	4-5	0.006218694237965616
ibm_lagos	4-6	0.0
ibm_lagos	5-0	0.0
ibm_lagos	5-1	0.0
ibm_lagos	5-2	0.0
ibm_lagos	5-3	0.00790587752292507
ibm_lagos	5-4	0.006218694237965616
ibm_lagos	5-5	0.0
ibm_lagos	5-6	0.007874759982714724
ibm_lagos	6-0	0.0
ibm_lagos	6-1	0.0
ibm_lagos	6-2	0.0
ibm_lagos	6-3	0.0
ibm_lagos	6-4	0.0
ibm_lagos	6-5	0.007874759982714724
ibm_lagos	6-6	0.0
ibm_lagos	0	0.012299999999999978
ibm_lagos	1	0.023900000000000032
ibm_lagos	2	0.009499999999999953
ibm_lagos	3	0.01629999999999998
ibm_lagos	4	0.021499999999999964
ibm_lagos	5	0.015900000000000025
ibm_lagos	6	0.0129999999999999
ibm_nairobi	0-0	0.0
ibm_nairobi	0-1	0.012422310883053206
ibm_nairobi	0-2	0.0
ibm_nairobi	0-3	0.0
ibm_nairobi	0-4	0.0
ibm_nairobi	0-5	0.0
ibm_nairobi	0-6	0.0
ibm_nairobi	1-0	0.012422310883053206
ibm_nairobi	1-1	0.0
ibm_nairobi	1-2	0.029968240720597145
ibm_nairobi	1-3	0.006795480405753784
ibm_nairobi	1-4	0.0
ibm_nairobi	1-5	0.0
ibm_nairobi	1-6	0.0
ibm_nairobi	2-0	0.0
ibm_nairobi	2-1	0.029968240720597145
ibm_nairobi	2-2	0.0
ibm_nairobi	2-3	0.0
ibm_nairobi	2-4	0.0
ibm_nairobi	2-5	0.0
ibm_nairobi	2-6	0.0
ibm_nairobi	3-0	0.0
ibm_nairobi	3-1	0.006795480405753784
ibm_nairobi	3-2	0.0
ibm_nairobi	3-3	0.0
ibm_nairobi	3-4	0.0
ibm_nairobi	3-5	0.01633811729231824
ibm_nairobi	3-6	0.0
ibm_nairobi	4-0	0.0
ibm_nairobi	4-1	0.0
ibm_nairobi	4-2	0.0
ibm_nairobi	4-3	0.0
ibm_nairobi	4-4	0.0
ibm_nairobi	4-5	0.006851581071477458
ibm_nairobi	4-6	0.0
ibm_nairobi	5-0	0.0
ibm_nairobi	5-1	0.0
ibm_nairobi	5-2	0.0
ibm_nairobi	5-3	0.01633811729231824
ibm_nairobi	5-4	0.006851581071477458
ibm_nairobi	5-5	0.0
ibm_nairobi	5-6	0.006994462345389529
ibm_nairobi	6-0	0.0
ibm_nairobi	6-1	0.0
ibm_nairobi	6-2	0.0
ibm_nairobi	6-3	0.0
ibm_nairobi	6-4	0.0
ibm_nairobi	6-5	0.006994462345389529
ibm_nairobi	6-6	0.0
ibm_nairobi	0	0.026699999999999946
ibm_nairobi	1	0.052999999999999936
ibm_nairobi	2	0.028100000000000014
ibm_nairobi	3	0.02180000000000004
ibm_nairobi	4	0.023499999999999965
ibm_nairobi	5	0.026599999999999957
ibm_nairobi	6	0.024899999999999922
ibm_perth	0-0	0.0
ibm_perth	0-1	0.012455692672980717
ibm_perth	0-2	0.0
ibm_perth	0-3	0.0
ibm_perth	0-4	0.0
ibm_perth	0-5	0.0
ibm_perth	0-6	0.0
ibm_perth	1-0	0.012455692672980717
ibm_perth	1-1	0.0
ibm_perth	1-2	0.0064978675476717596
ibm_perth	1-3	0.017084704798490336
ibm_perth	1-4	0.0
ibm_perth	1-5	0.0
ibm_perth	1-6	0.0
ibm_perth	2-0	0.0
ibm_perth	2-1	0.0064978675476717596
ibm_perth	2-2	0.0
ibm_perth	2-3	0.0
ibm_perth	2-4	0.0
ibm_perth	2-5	0.0
ibm_perth	2-6	0.0
ibm_perth	3-0	0.0
ibm_perth	3-1	0.017084704798490336
ibm_perth	3-2	0.0
ibm_perth	3-3	0.0
ibm_perth	3-4	0.0
ibm_perth	3-5	0.009894672483051259
ibm_perth	3-6	0.0
ibm_perth	4-0	0.0
ibm_perth	4-1	0.0
ibm_perth	4-2	0.0
ibm_perth	4-3	0.0
ibm_perth	4-4	0.0
ibm_perth	4-5	0.014215219211048624
ibm_perth	4-6	0.0
ibm_perth	5-0	0.0
ibm_perth	5-1	0.0
ibm_perth	5-2	0.0
ibm_perth	5-3	0.009894672483051259
ibm_perth	5-4	0.014215219211048624
ibm_perth	5-5	0.0
ibm_perth	5-6	0.015169716311029313
ibm_perth	6-0	0.0
ibm_perth	6-1	0.0
ibm_perth	6-2	0.0
ibm_perth	6-3	0.0
ibm_perth	6-4	0.0
ibm_perth	6-5	0.015169716311029313
ibm_perth	6-6	0.0
ibm_perth	0	0.03380000000000005
ibm_perth	1	0.025900000000000034
ibm_perth	2	0.021299999999999986
ibm_perth	3	0.017800000000000038
ibm_perth	4	0.021399999999999975
ibm_perth	5	0.027200000000000002
ibm_perth	6	0.007000000000000006
