ibmq_lima	0-0	0.0
ibmq_lima	0-1	0.006718692783432012
ibmq_lima	0-2	0.0
ibmq_lima	0-3	0.0
ibmq_lima	0-4	0.0
ibmq_lima	1-0	0.006718692783432012
ibmq_lima	1-1	0.0
ibmq_lima	1-2	0.006434663157606518
ibmq_lima	1-3	0.013116778002648655
ibmq_lima	1-4	0.0
ibmq_lima	2-0	0.0
ibmq_lima	2-1	0.006434663157606518
ibmq_lima	2-2	0.0
ibmq_lima	2-3	0.0
ibmq_lima	2-4	0.0
ibmq_lima	3-0	0.0
ibmq_lima	3-1	0.013116778002648655
ibmq_lima	3-2	0.0
ibmq_lima	3-3	0.0
ibmq_lima	3-4	0.015003343684334425
ibmq_lima	4-0	0.0
ibmq_lima	4-1	0.0
ibmq_lima	4-2	0.0
ibmq_lima	4-3	0.015003343684334425
ibmq_lima	4-4	0.0
ibmq_lima	0	0.018000000000000016
ibmq_lima	1	0.01649999999999996
ibmq_lima	2	0.01859999999999995
ibmq_lima	3	0.036699999999999955
ibmq_lima	4	0.05130000000000001
ibmq_belem	0-0	0.0
ibmq_belem	0-1	0.012437081036908243
ibmq_belem	0-2	0.0
ibmq_belem	0-3	0.0
ibmq_belem	0-4	0.0
ibmq_belem	1-0	0.012437081036908243
ibmq_belem	1-1	0.0
ibmq_belem	1-2	0.007386484694714146
ibmq_belem	1-3	0.011911309396818448
ibmq_belem	1-4	0.0
ibmq_belem	2-0	0.0
ibmq_belem	2-1	0.007386484694714146
ibmq_belem	2-2	0.0
ibmq_belem	2-3	0.0
ibmq_belem	2-4	0.0
ibmq_belem	3-0	0.0
ibmq_belem	3-1	0.011911309396818448
ibmq_belem	3-2	0.0
ibmq_belem	3-3	0.0
ibmq_belem	3-4	0.013838219564349108
ibmq_belem	4-0	0.0
ibmq_belem	4-1	0.0
ibmq_belem	4-2	0.0
ibmq_belem	4-3	0.013838219564349108
ibmq_belem	4-4	0.0
ibmq_belem	0	0.030000000000000027
ibmq_belem	1	0.019299999999999984
ibmq_belem	2	0.01980000000000004
ibmq_belem	3	0.031500000000000083
ibmq_belem	4	0.018199999999999994
ibmq_quito	0-0	0.0
ibmq_quito	0-1	0.008705190848728978
ibmq_quito	0-2	0.0
ibmq_quito	0-3	0.0
ibmq_quito	0-4	0.0
ibmq_quito	1-0	0.008705190848728978
ibmq_quito	1-1	0.0
ibmq_quito	1-2	0.0075181299927099265
ibmq_quito	1-3	0.018158999068763115
ibmq_quito	1-4	0.0
ibmq_quito	2-0	0.0
ibmq_quito	2-1	0.0075181299927099265
ibmq_quito	2-2	0.0
ibmq_quito	2-3	0.0
ibmq_quito	2-4	0.0
ibmq_quito	3-0	0.0
ibmq_quito	3-1	0.018158999068763115
ibmq_quito	3-2	0.0
ibmq_quito	3-3	0.0
ibmq_quito	3-4	0.014405573317766984
ibmq_quito	4-0	0.0
ibmq_quito	4-1	0.0
ibmq_quito	4-2	0.0
ibmq_quito	4-3	0.014405573317766984
ibmq_quito	4-4	0.0
ibmq_quito	0	0.04620000000000002
ibmq_quito	1	0.0393
ibmq_quito	2	0.06299999999999994
ibmq_quito	3	0.04049999999999998
ibmq_quito	4	0.025900000000000034
ibmq_jakarta	0-0	0.0
ibmq_jakarta	0-1	1.0
ibmq_jakarta	0-2	0.0
ibmq_jakarta	0-3	0.0
ibmq_jakarta	0-4	0.0
ibmq_jakarta	0-5	0.0
ibmq_jakarta	0-6	0.0
ibmq_jakarta	1-0	1.0
ibmq_jakarta	1-1	0.0
ibmq_jakarta	1-2	0.011751215936584375
ibmq_jakarta	1-3	0.008986959443394477
ibmq_jakarta	1-4	0.0
ibmq_jakarta	1-5	0.0
ibmq_jakarta	1-6	0.0
ibmq_jakarta	2-0	0.0
ibmq_jakarta	2-1	0.011751215936584375
ibmq_jakarta	2-2	0.0
ibmq_jakarta	2-3	0.0
ibmq_jakarta	2-4	0.0
ibmq_jakarta	2-5	0.0
ibmq_jakarta	2-6	0.0
ibmq_jakarta	3-0	0.0
ibmq_jakarta	3-1	0.008986959443394477
ibmq_jakarta	3-2	0.0
ibmq_jakarta	3-3	0.0
ibmq_jakarta	3-4	0.0
ibmq_jakarta	3-5	0.007021120359375854
ibmq_jakarta	3-6	0.0
ibmq_jakarta	4-0	0.0
ibmq_jakarta	4-1	0.0
ibmq_jakarta	4-2	0.0
ibmq_jakarta	4-3	0.0
ibmq_jakarta	4-4	0.0
ibmq_jakarta	4-5	1.0
ibmq_jakarta	4-6	0.0
ibmq_jakarta	5-0	0.0
ibmq_jakarta	5-1	0.0
ibmq_jakarta	5-2	0.0
ibmq_jakarta	5-3	0.007021120359375854
ibmq_jakarta	5-4	1.0
ibmq_jakarta	5-5	0.0
ibmq_jakarta	5-6	0.007551626575502096
ibmq_jakarta	6-0	0.0
ibmq_jakarta	6-1	0.0
ibmq_jakarta	6-2	0.0
ibmq_jakarta	6-3	0.0
ibmq_jakarta	6-4	0.0
ibmq_jakarta	6-5	0.007551626575502096
ibmq_jakarta	6-6	0.0
ibmq_jakarta	0	0.05149999999999999
ibmq_jakarta	1	0.017900000000000027
ibmq_jakarta	2	0.023299999999999987
ibmq_jakarta	3	0.026899999999999924
ibmq_jakarta	4	0.16169999999999995
ibmq_jakarta	5	0.0363
ibmq_jakarta	6	0.05120000000000002
ibmq_manila	0-0	0.0
ibmq_manila	0-1	0.006079591380580535
ibmq_manila	0-2	0.0
ibmq_manila	0-3	0.0
ibmq_manila	0-4	0.0
ibmq_manila	1-0	0.006079591380580535
ibmq_manila	1-1	0.0
ibmq_manila	1-2	0.009805809712709362
ibmq_manila	1-3	0.0
ibmq_manila	1-4	0.0
ibmq_manila	2-0	0.0
ibmq_manila	2-1	0.009805809712709362
ibmq_manila	2-2	0.0
ibmq_manila	2-3	0.006267469161719635
ibmq_manila	2-4	0.0
ibmq_manila	3-0	0.0
ibmq_manila	3-1	0.0
ibmq_manila	3-2	0.006267469161719635
ibmq_manila	3-3	0.0
ibmq_manila	3-4	0.005529133024635452
ibmq_manila	4-0	0.0
ibmq_manila	4-1	0.0
ibmq_manila	4-2	0.0
ibmq_manila	4-3	0.005529133024635452
ibmq_manila	4-4	0.0
ibmq_manila	0	0.045399999999999996
ibmq_manila	1	0.042200000000000015
ibmq_manila	2	0.022199999999999998
ibmq_manila	3	0.018799999999999928
ibmq_manila	4	0.019600000000000062
ibm_lagos	0-0	0.0
ibm_lagos	0-1	0.009768829478205648
ibm_lagos	0-2	0.0
ibm_lagos	0-3	0.0
ibm_lagos	0-4	0.0
ibm_lagos	0-5	0.0
ibm_lagos	0-6	0.0
ibm_lagos	1-0	0.009768829478205648
ibm_lagos	1-1	0.0
ibm_lagos	1-2	0.0070189252089968845
ibm_lagos	1-3	0.006628034743238809
ibm_lagos	1-4	0.0
ibm_lagos	1-5	0.0
ibm_lagos	1-6	0.0
ibm_lagos	2-0	0.0
ibm_lagos	2-1	0.0070189252089968845
ibm_lagos	2-2	0.0
ibm_lagos	2-3	0.0
ibm_lagos	2-4	0.0
ibm_lagos	2-5	0.0
ibm_lagos	2-6	0.0
ibm_lagos	3-0	0.0
ibm_lagos	3-1	0.006628034743238809
ibm_lagos	3-2	0.0
ibm_lagos	3-3	0.0
ibm_lagos	3-4	0.0
ibm_lagos	3-5	0.009109650806349706
ibm_lagos	3-6	0.0
ibm_lagos	4-0	0.0
ibm_lagos	4-1	0.0
ibm_lagos	4-2	0.0
ibm_lagos	4-3	0.0
ibm_lagos	4-4	0.0
ibm_lagos	4-5	0.006228313896674054
ibm_lagos	4-6	0.0
ibm_lagos	5-0	0.0
ibm_lagos	5-1	0.0
ibm_lagos	5-2	0.0
ibm_lagos	5-3	0.009109650806349706
ibm_lagos	5-4	0.006228313896674054
ibm_lagos	5-5	0.0
ibm_lagos	5-6	0.006265539851467161
ibm_lagos	6-0	0.0
ibm_lagos	6-1	0.0
ibm_lagos	6-2	0.0
ibm_lagos	6-3	0.0
ibm_lagos	6-4	0.0
ibm_lagos	6-5	0.006265539851467161
ibm_lagos	6-6	0.0
ibm_lagos	0	0.016199999999999992
ibm_lagos	1	0.01869999999999994
ibm_lagos	2	0.022499999999999964
ibm_lagos	3	0.0121
ibm_lagos	4	0.02180000000000004
ibm_lagos	5	0.015199999999999991
ibm_lagos	6	0.013700000000000045
ibm_nairobi	0-0	0.0
ibm_nairobi	0-1	0.019694764006583015
ibm_nairobi	0-2	0.0
ibm_nairobi	0-3	0.0
ibm_nairobi	0-4	0.0
ibm_nairobi	0-5	0.0
ibm_nairobi	0-6	0.0
ibm_nairobi	1-0	0.019694764006583015
ibm_nairobi	1-1	0.0
ibm_nairobi	1-2	0.029082362341507795
ibm_nairobi	1-3	0.018283637485467935
ibm_nairobi	1-4	0.0
ibm_nairobi	1-5	0.0
ibm_nairobi	1-6	0.0
ibm_nairobi	2-0	0.0
ibm_nairobi	2-1	0.029082362341507795
ibm_nairobi	2-2	0.0
ibm_nairobi	2-3	0.0
ibm_nairobi	2-4	0.0
ibm_nairobi	2-5	0.0
ibm_nairobi	2-6	0.0
ibm_nairobi	3-0	0.0
ibm_nairobi	3-1	0.018283637485467935
ibm_nairobi	3-2	0.0
ibm_nairobi	3-3	0.0
ibm_nairobi	3-4	0.0
ibm_nairobi	3-5	0.01746551332047519
ibm_nairobi	3-6	0.0
ibm_nairobi	4-0	0.0
ibm_nairobi	4-1	0.0
ibm_nairobi	4-2	0.0
ibm_nairobi	4-3	0.0
ibm_nairobi	4-4	0.0
ibm_nairobi	4-5	0.00859443322056494
ibm_nairobi	4-6	0.0
ibm_nairobi	5-0	0.0
ibm_nairobi	5-1	0.0
ibm_nairobi	5-2	0.0
ibm_nairobi	5-3	0.01746551332047519
ibm_nairobi	5-4	0.00859443322056494
ibm_nairobi	5-5	0.0
ibm_nairobi	5-6	0.006994462345389529
ibm_nairobi	6-0	0.0
ibm_nairobi	6-1	0.0
ibm_nairobi	6-2	0.0
ibm_nairobi	6-3	0.0
ibm_nairobi	6-4	0.0
ibm_nairobi	6-5	0.006994462345389529
ibm_nairobi	6-6	0.0
ibm_nairobi	0	0.022499999999999964
ibm_nairobi	1	0.054200000000000026
ibm_nairobi	2	0.021100000000000008
ibm_nairobi	3	0.026499999999999968
ibm_nairobi	4	0.02629999999999999
ibm_nairobi	5	0.0242
ibm_nairobi	6	0.02510000000000001
ibm_perth	0-0	0.0
ibm_perth	0-1	0.0158515741843889
ibm_perth	0-2	0.0
ibm_perth	0-3	0.0
ibm_perth	0-4	0.0
ibm_perth	0-5	0.0
ibm_perth	0-6	0.0
ibm_perth	1-0	0.0158515741843889
ibm_perth	1-1	0.0
ibm_perth	1-2	0.0064978675476717596
ibm_perth	1-3	0.0065607064059681475
ibm_perth	1-4	0.0
ibm_perth	1-5	0.0
ibm_perth	1-6	0.0
ibm_perth	2-0	0.0
ibm_perth	2-1	0.0064978675476717596
ibm_perth	2-2	0.0
ibm_perth	2-3	0.0
ibm_perth	2-4	0.0
ibm_perth	2-5	0.0
ibm_perth	2-6	0.0
ibm_perth	3-0	0.0
ibm_perth	3-1	0.0065607064059681475
ibm_perth	3-2	0.0
ibm_perth	3-3	0.0
ibm_perth	3-4	0.0
ibm_perth	3-5	0.011241602178313492
ibm_perth	3-6	0.0
ibm_perth	4-0	0.0
ibm_perth	4-1	0.0
ibm_perth	4-2	0.0
ibm_perth	4-3	0.0
ibm_perth	4-4	0.0
ibm_perth	4-5	0.017131940148275737
ibm_perth	4-6	0.0
ibm_perth	5-0	0.0
ibm_perth	5-1	0.0
ibm_perth	5-2	0.0
ibm_perth	5-3	0.011241602178313492
ibm_perth	5-4	0.017131940148275737
ibm_perth	5-5	0.0
ibm_perth	5-6	0.02141204562745669
ibm_perth	6-0	0.0
ibm_perth	6-1	0.0
ibm_perth	6-2	0.0
ibm_perth	6-3	0.0
ibm_perth	6-4	0.0
ibm_perth	6-5	0.02141204562745669
ibm_perth	6-6	0.0
ibm_perth	0	0.028899999999999926
ibm_perth	1	0.026100000000000012
ibm_perth	2	0.025500000000000078
ibm_perth	3	0.016199999999999992
ibm_perth	4	0.020000000000000018
ibm_perth	5	0.026100000000000012
ibm_perth	6	0.006599999999999939
