ibmq_lima	0-0	0.0
ibmq_lima	0-1	0.007277352714154611
ibmq_lima	0-2	0.0
ibmq_lima	0-3	0.0
ibmq_lima	0-4	0.0
ibmq_lima	1-0	0.007277352714154611
ibmq_lima	1-1	0.0
ibmq_lima	1-2	0.0076036724815111145
ibmq_lima	1-3	0.012545218191258145
ibmq_lima	1-4	0.0
ibmq_lima	2-0	0.0
ibmq_lima	2-1	0.0076036724815111145
ibmq_lima	2-2	0.0
ibmq_lima	2-3	0.0
ibmq_lima	2-4	0.0
ibmq_lima	3-0	0.0
ibmq_lima	3-1	0.012545218191258145
ibmq_lima	3-2	0.0
ibmq_lima	3-3	0.0
ibmq_lima	3-4	0.01728922600029323
ibmq_lima	4-0	0.0
ibmq_lima	4-1	0.0
ibmq_lima	4-2	0.0
ibmq_lima	4-3	0.01728922600029323
ibmq_lima	4-4	0.0
ibmq_lima	0	0.018399999999999972
ibmq_lima	1	0.017400000000000082
ibmq_lima	2	0.016100000000000003
ibmq_lima	3	0.03610000000000002
ibmq_lima	4	0.052100000000000035
ibmq_belem	0-0	0.0
ibmq_belem	0-1	0.012355900562867034
ibmq_belem	0-2	0.0
ibmq_belem	0-3	0.0
ibmq_belem	0-4	0.0
ibmq_belem	1-0	0.012355900562867034
ibmq_belem	1-1	0.0
ibmq_belem	1-2	0.006121003587356427
ibmq_belem	1-3	0.006526486942636495
ibmq_belem	1-4	0.0
ibmq_belem	2-0	0.0
ibmq_belem	2-1	0.006121003587356427
ibmq_belem	2-2	0.0
ibmq_belem	2-3	0.0
ibmq_belem	2-4	0.0
ibmq_belem	3-0	0.0
ibmq_belem	3-1	0.006526486942636495
ibmq_belem	3-2	0.0
ibmq_belem	3-3	0.0
ibmq_belem	3-4	0.009891993484469591
ibmq_belem	4-0	0.0
ibmq_belem	4-1	0.0
ibmq_belem	4-2	0.0
ibmq_belem	4-3	0.009891993484469591
ibmq_belem	4-4	0.0
ibmq_belem	0	0.028699999999999948
ibmq_belem	1	0.01849999999999996
ibmq_belem	2	0.02980000000000005
ibmq_belem	3	0.027100000000000013
ibmq_belem	4	0.01739999999999997
ibmq_quito	0-0	0.0
ibmq_quito	0-1	0.006467619811256958
ibmq_quito	0-2	0.0
ibmq_quito	0-3	0.0
ibmq_quito	0-4	0.0
ibmq_quito	1-0	0.006467619811256958
ibmq_quito	1-1	0.0
ibmq_quito	1-2	0.0069408775279810875
ibmq_quito	1-3	0.007755612276653778
ibmq_quito	1-4	0.0
ibmq_quito	2-0	0.0
ibmq_quito	2-1	0.0069408775279810875
ibmq_quito	2-2	0.0
ibmq_quito	2-3	0.0
ibmq_quito	2-4	0.0
ibmq_quito	3-0	0.0
ibmq_quito	3-1	0.007755612276653778
ibmq_quito	3-2	0.0
ibmq_quito	3-3	0.0
ibmq_quito	3-4	0.016576695586466905
ibmq_quito	4-0	0.0
ibmq_quito	4-1	0.0
ibmq_quito	4-2	0.0
ibmq_quito	4-3	0.016576695586466905
ibmq_quito	4-4	0.0
ibmq_quito	0	0.0464
ibmq_quito	1	0.03869999999999996
ibmq_quito	2	0.06540000000000001
ibmq_quito	3	0.033499999999999974
ibmq_quito	4	0.03269999999999995
ibmq_jakarta	0-0	0.0
ibmq_jakarta	0-1	0.008060050244010186
ibmq_jakarta	0-2	0.0
ibmq_jakarta	0-3	0.0
ibmq_jakarta	0-4	0.0
ibmq_jakarta	0-5	0.0
ibmq_jakarta	0-6	0.0
ibmq_jakarta	1-0	0.008060050244010186
ibmq_jakarta	1-1	0.0
ibmq_jakarta	1-2	0.010892244104595467
ibmq_jakarta	1-3	0.00817143788361055
ibmq_jakarta	1-4	0.0
ibmq_jakarta	1-5	0.0
ibmq_jakarta	1-6	0.0
ibmq_jakarta	2-0	0.0
ibmq_jakarta	2-1	0.010892244104595467
ibmq_jakarta	2-2	0.0
ibmq_jakarta	2-3	0.0
ibmq_jakarta	2-4	0.0
ibmq_jakarta	2-5	0.0
ibmq_jakarta	2-6	0.0
ibmq_jakarta	3-0	0.0
ibmq_jakarta	3-1	0.00817143788361055
ibmq_jakarta	3-2	0.0
ibmq_jakarta	3-3	0.0
ibmq_jakarta	3-4	0.0
ibmq_jakarta	3-5	0.007180682083994999
ibmq_jakarta	3-6	0.0
ibmq_jakarta	4-0	0.0
ibmq_jakarta	4-1	0.0
ibmq_jakarta	4-2	0.0
ibmq_jakarta	4-3	0.0
ibmq_jakarta	4-4	0.0
ibmq_jakarta	4-5	0.011897691574048158
ibmq_jakarta	4-6	0.0
ibmq_jakarta	5-0	0.0
ibmq_jakarta	5-1	0.0
ibmq_jakarta	5-2	0.0
ibmq_jakarta	5-3	0.007180682083994999
ibmq_jakarta	5-4	0.011897691574048158
ibmq_jakarta	5-5	0.0
ibmq_jakarta	5-6	0.006173467232675006
ibmq_jakarta	6-0	0.0
ibmq_jakarta	6-1	0.0
ibmq_jakarta	6-2	0.0
ibmq_jakarta	6-3	0.0
ibmq_jakarta	6-4	0.0
ibmq_jakarta	6-5	0.006173467232675006
ibmq_jakarta	6-6	0.0
ibmq_jakarta	0	0.029299999999999993
ibmq_jakarta	1	0.01649999999999996
ibmq_jakarta	2	0.016100000000000003
ibmq_jakarta	3	0.01970000000000005
ibmq_jakarta	4	0.04720000000000002
ibmq_jakarta	5	0.036599999999999966
ibmq_jakarta	6	0.06410000000000005
ibmq_manila	0-0	0.0
ibmq_manila	0-1	0.0055110028341718575
ibmq_manila	0-2	0.0
ibmq_manila	0-3	0.0
ibmq_manila	0-4	0.0
ibmq_manila	1-0	0.0055110028341718575
ibmq_manila	1-1	0.0
ibmq_manila	1-2	0.009634119267981911
ibmq_manila	1-3	0.0
ibmq_manila	1-4	0.0
ibmq_manila	2-0	0.0
ibmq_manila	2-1	0.009634119267981911
ibmq_manila	2-2	0.0
ibmq_manila	2-3	0.013062757079376985
ibmq_manila	2-4	0.0
ibmq_manila	3-0	0.0
ibmq_manila	3-1	0.0
ibmq_manila	3-2	0.013062757079376985
ibmq_manila	3-3	0.0
ibmq_manila	3-4	0.007074613986864348
ibmq_manila	4-0	0.0
ibmq_manila	4-1	0.0
ibmq_manila	4-2	0.0
ibmq_manila	4-3	0.007074613986864348
ibmq_manila	4-4	0.0
ibmq_manila	0	0.020199999999999996
ibmq_manila	1	0.05289999999999995
ibmq_manila	2	0.02729999999999999
ibmq_manila	3	0.02290000000000003
ibmq_manila	4	0.01970000000000005
ibm_lagos	0-0	0.0
ibm_lagos	0-1	0.009448220539668067
ibm_lagos	0-2	0.0
ibm_lagos	0-3	0.0
ibm_lagos	0-4	0.0
ibm_lagos	0-5	0.0
ibm_lagos	0-6	0.0
ibm_lagos	1-0	0.009448220539668067
ibm_lagos	1-1	0.0
ibm_lagos	1-2	0.006451121763217715
ibm_lagos	1-3	0.0050746452779509565
ibm_lagos	1-4	0.0
ibm_lagos	1-5	0.0
ibm_lagos	1-6	0.0
ibm_lagos	2-0	0.0
ibm_lagos	2-1	0.006451121763217715
ibm_lagos	2-2	0.0
ibm_lagos	2-3	0.0
ibm_lagos	2-4	0.0
ibm_lagos	2-5	0.0
ibm_lagos	2-6	0.0
ibm_lagos	3-0	0.0
ibm_lagos	3-1	0.0050746452779509565
ibm_lagos	3-2	0.0
ibm_lagos	3-3	0.0
ibm_lagos	3-4	0.0
ibm_lagos	3-5	0.009780035324326586
ibm_lagos	3-6	0.0
ibm_lagos	4-0	0.0
ibm_lagos	4-1	0.0
ibm_lagos	4-2	0.0
ibm_lagos	4-3	0.0
ibm_lagos	4-4	0.0
ibm_lagos	4-5	0.00803514651459561
ibm_lagos	4-6	0.0
ibm_lagos	5-0	0.0
ibm_lagos	5-1	0.0
ibm_lagos	5-2	0.0
ibm_lagos	5-3	0.009780035324326586
ibm_lagos	5-4	0.00803514651459561
ibm_lagos	5-5	0.0
ibm_lagos	5-6	0.006944218564582244
ibm_lagos	6-0	0.0
ibm_lagos	6-1	0.0
ibm_lagos	6-2	0.0
ibm_lagos	6-3	0.0
ibm_lagos	6-4	0.0
ibm_lagos	6-5	0.006944218564582244
ibm_lagos	6-6	0.0
ibm_lagos	0	0.012199999999999989
ibm_lagos	1	0.018000000000000016
ibm_lagos	2	0.010399999999999965
ibm_lagos	3	0.0129999999999999
ibm_lagos	4	0.020399999999999974
ibm_lagos	5	0.01529999999999998
ibm_lagos	6	0.013400000000000079
ibm_nairobi	0-0	0.0
ibm_nairobi	0-1	0.011713278290043844
ibm_nairobi	0-2	0.0
ibm_nairobi	0-3	0.0
ibm_nairobi	0-4	0.0
ibm_nairobi	0-5	0.0
ibm_nairobi	0-6	0.0
ibm_nairobi	1-0	0.011713278290043844
ibm_nairobi	1-1	0.0
ibm_nairobi	1-2	0.04765308762766976
ibm_nairobi	1-3	0.010765290368213692
ibm_nairobi	1-4	0.0
ibm_nairobi	1-5	0.0
ibm_nairobi	1-6	0.0
ibm_nairobi	2-0	0.0
ibm_nairobi	2-1	0.04765308762766976
ibm_nairobi	2-2	0.0
ibm_nairobi	2-3	0.0
ibm_nairobi	2-4	0.0
ibm_nairobi	2-5	0.0
ibm_nairobi	2-6	0.0
ibm_nairobi	3-0	0.0
ibm_nairobi	3-1	0.010765290368213692
ibm_nairobi	3-2	0.0
ibm_nairobi	3-3	0.0
ibm_nairobi	3-4	0.0
ibm_nairobi	3-5	0.019301735193567676
ibm_nairobi	3-6	0.0
ibm_nairobi	4-0	0.0
ibm_nairobi	4-1	0.0
ibm_nairobi	4-2	0.0
ibm_nairobi	4-3	0.0
ibm_nairobi	4-4	0.0
ibm_nairobi	4-5	0.006181937259850168
ibm_nairobi	4-6	0.0
ibm_nairobi	5-0	0.0
ibm_nairobi	5-1	0.0
ibm_nairobi	5-2	0.0
ibm_nairobi	5-3	0.019301735193567676
ibm_nairobi	5-4	0.006181937259850168
ibm_nairobi	5-5	0.0
ibm_nairobi	5-6	0.008398162199039494
ibm_nairobi	6-0	0.0
ibm_nairobi	6-1	0.0
ibm_nairobi	6-2	0.0
ibm_nairobi	6-3	0.0
ibm_nairobi	6-4	0.0
ibm_nairobi	6-5	0.008398162199039494
ibm_nairobi	6-6	0.0
ibm_nairobi	0	0.023599999999999954
ibm_nairobi	1	0.06620000000000004
ibm_nairobi	2	0.07939999999999992
ibm_nairobi	3	0.028799999999999937
ibm_nairobi	4	0.023900000000000032
ibm_nairobi	5	0.028000000000000025
ibm_nairobi	6	0.03959999999999997
ibm_perth	0-0	0.0
ibm_perth	0-1	0.00912102296763348
ibm_perth	0-2	0.0
ibm_perth	0-3	0.0
ibm_perth	0-4	0.0
ibm_perth	0-5	0.0
ibm_perth	0-6	0.0
ibm_perth	1-0	0.00912102296763348
ibm_perth	1-1	0.0
ibm_perth	1-2	0.006552182325647138
ibm_perth	1-3	0.008039765259842374
ibm_perth	1-4	0.0
ibm_perth	1-5	0.0
ibm_perth	1-6	0.0
ibm_perth	2-0	0.0
ibm_perth	2-1	0.006552182325647138
ibm_perth	2-2	0.0
ibm_perth	2-3	0.0
ibm_perth	2-4	0.0
ibm_perth	2-5	0.0
ibm_perth	2-6	0.0
ibm_perth	3-0	0.0
ibm_perth	3-1	0.008039765259842374
ibm_perth	3-2	0.0
ibm_perth	3-3	0.0
ibm_perth	3-4	0.0
ibm_perth	3-5	0.008732154135011189
ibm_perth	3-6	0.0
ibm_perth	4-0	0.0
ibm_perth	4-1	0.0
ibm_perth	4-2	0.0
ibm_perth	4-3	0.0
ibm_perth	4-4	0.0
ibm_perth	4-5	0.010708959719621686
ibm_perth	4-6	0.0
ibm_perth	5-0	0.0
ibm_perth	5-1	0.0
ibm_perth	5-2	0.0
ibm_perth	5-3	0.008732154135011189
ibm_perth	5-4	0.010708959719621686
ibm_perth	5-5	0.0
ibm_perth	5-6	0.012135021508737825
ibm_perth	6-0	0.0
ibm_perth	6-1	0.0
ibm_perth	6-2	0.0
ibm_perth	6-3	0.0
ibm_perth	6-4	0.0
ibm_perth	6-5	0.012135021508737825
ibm_perth	6-6	0.0
ibm_perth	0	0.023599999999999954
ibm_perth	1	0.024699999999999944
ibm_perth	2	0.0252
ibm_perth	3	0.018000000000000016
ibm_perth	4	0.02090000000000003
ibm_perth	5	0.028699999999999948
ibm_perth	6	0.008099999999999996
