ibmq_lima	0-0	0.0
ibmq_lima	0-1	0.007187991141893474
ibmq_lima	0-2	0.0
ibmq_lima	0-3	0.0
ibmq_lima	0-4	0.0
ibmq_lima	1-0	0.007187991141893474
ibmq_lima	1-1	0.0
ibmq_lima	1-2	0.006852944762896607
ibmq_lima	1-3	0.011789199248466414
ibmq_lima	1-4	0.0
ibmq_lima	2-0	0.0
ibmq_lima	2-1	0.006852944762896607
ibmq_lima	2-2	0.0
ibmq_lima	2-3	0.0
ibmq_lima	2-4	0.0
ibmq_lima	3-0	0.0
ibmq_lima	3-1	0.011789199248466414
ibmq_lima	3-2	0.0
ibmq_lima	3-3	0.0
ibmq_lima	3-4	1.0
ibmq_lima	4-0	0.0
ibmq_lima	4-1	0.0
ibmq_lima	4-2	0.0
ibmq_lima	4-3	1.0
ibmq_lima	4-4	0.0
ibmq_lima	0	0.021199999999999997
ibmq_lima	1	0.017400000000000082
ibmq_lima	2	0.02059999999999995
ibmq_lima	3	0.05109999999999992
ibmq_lima	4	0.05919999999999992
ibmq_belem	0-0	0.0
ibmq_belem	0-1	1.0
ibmq_belem	0-2	0.0
ibmq_belem	0-3	0.0
ibmq_belem	0-4	0.0
ibmq_belem	1-0	1.0
ibmq_belem	1-1	0.0
ibmq_belem	1-2	0.007976069864570362
ibmq_belem	1-3	0.00743423739169527
ibmq_belem	1-4	0.0
ibmq_belem	2-0	0.0
ibmq_belem	2-1	0.007976069864570362
ibmq_belem	2-2	0.0
ibmq_belem	2-3	0.0
ibmq_belem	2-4	0.0
ibmq_belem	3-0	0.0
ibmq_belem	3-1	0.00743423739169527
ibmq_belem	3-2	0.0
ibmq_belem	3-3	0.0
ibmq_belem	3-4	0.009520231459175188
ibmq_belem	4-0	0.0
ibmq_belem	4-1	0.0
ibmq_belem	4-2	0.0
ibmq_belem	4-3	0.009520231459175188
ibmq_belem	4-4	0.0
ibmq_belem	0	0.02400000000000002
ibmq_belem	1	0.024499999999999966
ibmq_belem	2	0.019500000000000073
ibmq_belem	3	0.03200000000000003
ibmq_belem	4	0.020000000000000018
ibmq_quito	0-0	0.0
ibmq_quito	0-1	0.006762449692814615
ibmq_quito	0-2	0.0
ibmq_quito	0-3	0.0
ibmq_quito	0-4	0.0
ibmq_quito	1-0	0.006762449692814615
ibmq_quito	1-1	0.0
ibmq_quito	1-2	0.006875643963238476
ibmq_quito	1-3	0.007291117224052235
ibmq_quito	1-4	0.0
ibmq_quito	2-0	0.0
ibmq_quito	2-1	0.006875643963238476
ibmq_quito	2-2	0.0
ibmq_quito	2-3	0.0
ibmq_quito	2-4	0.0
ibmq_quito	3-0	0.0
ibmq_quito	3-1	0.007291117224052235
ibmq_quito	3-2	0.0
ibmq_quito	3-3	0.0
ibmq_quito	3-4	0.014170398779351695
ibmq_quito	4-0	0.0
ibmq_quito	4-1	0.0
ibmq_quito	4-2	0.0
ibmq_quito	4-3	0.014170398779351695
ibmq_quito	4-4	0.0
ibmq_quito	0	0.04069999999999996
ibmq_quito	1	0.03760000000000008
ibmq_quito	2	0.09640000000000004
ibmq_quito	3	0.04259999999999997
ibmq_quito	4	0.03380000000000005
ibmq_jakarta	0-0	0.0
ibmq_jakarta	0-1	0.008590410286302641
ibmq_jakarta	0-2	0.0
ibmq_jakarta	0-3	0.0
ibmq_jakarta	0-4	0.0
ibmq_jakarta	0-5	0.0
ibmq_jakarta	0-6	0.0
ibmq_jakarta	1-0	0.008590410286302641
ibmq_jakarta	1-1	0.0
ibmq_jakarta	1-2	0.008931599175244304
ibmq_jakarta	1-3	0.008237503318716782
ibmq_jakarta	1-4	0.0
ibmq_jakarta	1-5	0.0
ibmq_jakarta	1-6	0.0
ibmq_jakarta	2-0	0.0
ibmq_jakarta	2-1	0.008931599175244304
ibmq_jakarta	2-2	0.0
ibmq_jakarta	2-3	0.0
ibmq_jakarta	2-4	0.0
ibmq_jakarta	2-5	0.0
ibmq_jakarta	2-6	0.0
ibmq_jakarta	3-0	0.0
ibmq_jakarta	3-1	0.008237503318716782
ibmq_jakarta	3-2	0.0
ibmq_jakarta	3-3	0.0
ibmq_jakarta	3-4	0.0
ibmq_jakarta	3-5	0.007736735112687743
ibmq_jakarta	3-6	0.0
ibmq_jakarta	4-0	0.0
ibmq_jakarta	4-1	0.0
ibmq_jakarta	4-2	0.0
ibmq_jakarta	4-3	0.0
ibmq_jakarta	4-4	0.0
ibmq_jakarta	4-5	0.013152341087712155
ibmq_jakarta	4-6	0.0
ibmq_jakarta	5-0	0.0
ibmq_jakarta	5-1	0.0
ibmq_jakarta	5-2	0.0
ibmq_jakarta	5-3	0.007736735112687743
ibmq_jakarta	5-4	0.013152341087712155
ibmq_jakarta	5-5	0.0
ibmq_jakarta	5-6	0.006144581368723784
ibmq_jakarta	6-0	0.0
ibmq_jakarta	6-1	0.0
ibmq_jakarta	6-2	0.0
ibmq_jakarta	6-3	0.0
ibmq_jakarta	6-4	0.0
ibmq_jakarta	6-5	0.006144581368723784
ibmq_jakarta	6-6	0.0
ibmq_jakarta	0	0.06159999999999999
ibmq_jakarta	1	0.01859999999999995
ibmq_jakarta	2	0.02059999999999995
ibmq_jakarta	3	0.017400000000000082
ibmq_jakarta	4	0.06279999999999997
ibmq_jakarta	5	0.0968
ibmq_jakarta	6	0.0383
ibmq_manila	0-0	0.0
ibmq_manila	0-1	0.006000119894873562
ibmq_manila	0-2	0.0
ibmq_manila	0-3	0.0
ibmq_manila	0-4	0.0
ibmq_manila	1-0	0.006000119894873562
ibmq_manila	1-1	0.0
ibmq_manila	1-2	0.00921930627049608
ibmq_manila	1-3	0.0
ibmq_manila	1-4	0.0
ibmq_manila	2-0	0.0
ibmq_manila	2-1	0.00921930627049608
ibmq_manila	2-2	0.0
ibmq_manila	2-3	0.007537511093439558
ibmq_manila	2-4	0.0
ibmq_manila	3-0	0.0
ibmq_manila	3-1	0.0
ibmq_manila	3-2	0.007537511093439558
ibmq_manila	3-3	0.0
ibmq_manila	3-4	0.005026413305462024
ibmq_manila	4-0	0.0
ibmq_manila	4-1	0.0
ibmq_manila	4-2	0.0
ibmq_manila	4-3	0.005026413305462024
ibmq_manila	4-4	0.0
ibmq_manila	0	0.0232
ibmq_manila	1	0.023900000000000032
ibmq_manila	2	0.024899999999999922
ibmq_manila	3	0.016199999999999992
ibmq_manila	4	0.021599999999999953
ibm_lagos	0-0	0.0
ibm_lagos	0-1	0.01382412068422098
ibm_lagos	0-2	0.0
ibm_lagos	0-3	0.0
ibm_lagos	0-4	0.0
ibm_lagos	0-5	0.0
ibm_lagos	0-6	0.0
ibm_lagos	1-0	0.01382412068422098
ibm_lagos	1-1	0.0
ibm_lagos	1-2	0.005994246592907981
ibm_lagos	1-3	0.00528366386330531
ibm_lagos	1-4	0.0
ibm_lagos	1-5	0.0
ibm_lagos	1-6	0.0
ibm_lagos	2-0	0.0
ibm_lagos	2-1	0.005994246592907981
ibm_lagos	2-2	0.0
ibm_lagos	2-3	0.0
ibm_lagos	2-4	0.0
ibm_lagos	2-5	0.0
ibm_lagos	2-6	0.0
ibm_lagos	3-0	0.0
ibm_lagos	3-1	0.00528366386330531
ibm_lagos	3-2	0.0
ibm_lagos	3-3	0.0
ibm_lagos	3-4	0.0
ibm_lagos	3-5	0.009945005759574382
ibm_lagos	3-6	0.0
ibm_lagos	4-0	0.0
ibm_lagos	4-1	0.0
ibm_lagos	4-2	0.0
ibm_lagos	4-3	0.0
ibm_lagos	4-4	0.0
ibm_lagos	4-5	0.006046685210543773
ibm_lagos	4-6	0.0
ibm_lagos	5-0	0.0
ibm_lagos	5-1	0.0
ibm_lagos	5-2	0.0
ibm_lagos	5-3	0.009945005759574382
ibm_lagos	5-4	0.006046685210543773
ibm_lagos	5-5	0.0
ibm_lagos	5-6	0.008475711511672424
ibm_lagos	6-0	0.0
ibm_lagos	6-1	0.0
ibm_lagos	6-2	0.0
ibm_lagos	6-3	0.0
ibm_lagos	6-4	0.0
ibm_lagos	6-5	0.008475711511672424
ibm_lagos	6-6	0.0
ibm_lagos	0	0.04489999999999994
ibm_lagos	1	0.019500000000000073
ibm_lagos	2	0.008899999999999908
ibm_lagos	3	0.013600000000000056
ibm_lagos	4	0.018399999999999972
ibm_lagos	5	0.016100000000000003
ibm_lagos	6	0.013600000000000056
ibm_nairobi	0-0	0.0
ibm_nairobi	0-1	0.012096241770524735
ibm_nairobi	0-2	0.0
ibm_nairobi	0-3	0.0
ibm_nairobi	0-4	0.0
ibm_nairobi	0-5	0.0
ibm_nairobi	0-6	0.0
ibm_nairobi	1-0	0.012096241770524735
ibm_nairobi	1-1	0.0
ibm_nairobi	1-2	0.02298700592224706
ibm_nairobi	1-3	0.011413444265724826
ibm_nairobi	1-4	0.0
ibm_nairobi	1-5	0.0
ibm_nairobi	1-6	0.0
ibm_nairobi	2-0	0.0
ibm_nairobi	2-1	0.02298700592224706
ibm_nairobi	2-2	0.0
ibm_nairobi	2-3	0.0
ibm_nairobi	2-4	0.0
ibm_nairobi	2-5	0.0
ibm_nairobi	2-6	0.0
ibm_nairobi	3-0	0.0
ibm_nairobi	3-1	0.011413444265724826
ibm_nairobi	3-2	0.0
ibm_nairobi	3-3	0.0
ibm_nairobi	3-4	0.0
ibm_nairobi	3-5	0.012499951226311534
ibm_nairobi	3-6	0.0
ibm_nairobi	4-0	0.0
ibm_nairobi	4-1	0.0
ibm_nairobi	4-2	0.0
ibm_nairobi	4-3	0.0
ibm_nairobi	4-4	0.0
ibm_nairobi	4-5	0.006137820649782161
ibm_nairobi	4-6	0.0
ibm_nairobi	5-0	0.0
ibm_nairobi	5-1	0.0
ibm_nairobi	5-2	0.0
ibm_nairobi	5-3	0.012499951226311534
ibm_nairobi	5-4	0.006137820649782161
ibm_nairobi	5-5	0.0
ibm_nairobi	5-6	0.010935438055238639
ibm_nairobi	6-0	0.0
ibm_nairobi	6-1	0.0
ibm_nairobi	6-2	0.0
ibm_nairobi	6-3	0.0
ibm_nairobi	6-4	0.0
ibm_nairobi	6-5	0.010935438055238639
ibm_nairobi	6-6	0.0
ibm_nairobi	0	0.023800000000000043
ibm_nairobi	1	0.05059999999999998
ibm_nairobi	2	0.03269999999999995
ibm_nairobi	3	0.02959999999999996
ibm_nairobi	4	0.03410000000000002
ibm_nairobi	5	0.0262
ibm_nairobi	6	0.03059999999999996
ibm_perth	0-0	0.0
ibm_perth	0-1	0.007768710918418659
ibm_perth	0-2	0.0
ibm_perth	0-3	0.0
ibm_perth	0-4	0.0
ibm_perth	0-5	0.0
ibm_perth	0-6	0.0
ibm_perth	1-0	0.007768710918418659
ibm_perth	1-1	0.0
ibm_perth	1-2	0.006261611161211156
ibm_perth	1-3	0.017559407269756327
ibm_perth	1-4	0.0
ibm_perth	1-5	0.0
ibm_perth	1-6	0.0
ibm_perth	2-0	0.0
ibm_perth	2-1	0.006261611161211156
ibm_perth	2-2	0.0
ibm_perth	2-3	0.0
ibm_perth	2-4	0.0
ibm_perth	2-5	0.0
ibm_perth	2-6	0.0
ibm_perth	3-0	0.0
ibm_perth	3-1	0.017559407269756327
ibm_perth	3-2	0.0
ibm_perth	3-3	0.0
ibm_perth	3-4	0.0
ibm_perth	3-5	0.007682610662175932
ibm_perth	3-6	0.0
ibm_perth	4-0	0.0
ibm_perth	4-1	0.0
ibm_perth	4-2	0.0
ibm_perth	4-3	0.0
ibm_perth	4-4	0.0
ibm_perth	4-5	0.009156144729426163
ibm_perth	4-6	0.0
ibm_perth	5-0	0.0
ibm_perth	5-1	0.0
ibm_perth	5-2	0.0
ibm_perth	5-3	0.007682610662175932
ibm_perth	5-4	0.009156144729426163
ibm_perth	5-5	0.0
ibm_perth	5-6	0.011515566571781821
ibm_perth	6-0	0.0
ibm_perth	6-1	0.0
ibm_perth	6-2	0.0
ibm_perth	6-3	0.0
ibm_perth	6-4	0.0
ibm_perth	6-5	0.011515566571781821
ibm_perth	6-6	0.0
ibm_perth	0	0.023900000000000032
ibm_perth	1	0.027100000000000013
ibm_perth	2	0.024899999999999922
ibm_perth	3	0.019100000000000006
ibm_perth	4	0.01970000000000005
ibm_perth	5	0.029299999999999993
ibm_perth	6	0.006099999999999994
