ibmq_lima	0-0	0.0
ibmq_lima	0-1	0.007697393836535338
ibmq_lima	0-2	0.0
ibmq_lima	0-3	0.0
ibmq_lima	0-4	0.0
ibmq_lima	1-0	0.007697393836535338
ibmq_lima	1-1	0.0
ibmq_lima	1-2	0.006706193281894979
ibmq_lima	1-3	0.011653271509292906
ibmq_lima	1-4	0.0
ibmq_lima	2-0	0.0
ibmq_lima	2-1	0.006706193281894979
ibmq_lima	2-2	0.0
ibmq_lima	2-3	0.0
ibmq_lima	2-4	0.0
ibmq_lima	3-0	0.0
ibmq_lima	3-1	0.011653271509292906
ibmq_lima	3-2	0.0
ibmq_lima	3-3	0.0
ibmq_lima	3-4	0.01941396832574996
ibmq_lima	4-0	0.0
ibmq_lima	4-1	0.0
ibmq_lima	4-2	0.0
ibmq_lima	4-3	0.01941396832574996
ibmq_lima	4-4	0.0
ibmq_lima	0	0.018000000000000016
ibmq_lima	1	0.01649999999999996
ibmq_lima	2	0.01859999999999995
ibmq_lima	3	0.036699999999999955
ibmq_lima	4	0.05130000000000001
ibmq_belem	0-0	0.0
ibmq_belem	0-1	0.012861230290217712
ibmq_belem	0-2	0.0
ibmq_belem	0-3	0.0
ibmq_belem	0-4	0.0
ibmq_belem	1-0	0.012861230290217712
ibmq_belem	1-1	0.0
ibmq_belem	1-2	0.008457756651225667
ibmq_belem	1-3	0.009286969119815663
ibmq_belem	1-4	0.0
ibmq_belem	2-0	0.0
ibmq_belem	2-1	0.008457756651225667
ibmq_belem	2-2	0.0
ibmq_belem	2-3	0.0
ibmq_belem	2-4	0.0
ibmq_belem	3-0	0.0
ibmq_belem	3-1	0.009286969119815663
ibmq_belem	3-2	0.0
ibmq_belem	3-3	0.0
ibmq_belem	3-4	0.010448138451140565
ibmq_belem	4-0	0.0
ibmq_belem	4-1	0.0
ibmq_belem	4-2	0.0
ibmq_belem	4-3	0.010448138451140565
ibmq_belem	4-4	0.0
ibmq_belem	0	0.021299999999999986
ibmq_belem	1	0.020199999999999996
ibmq_belem	2	0.021500000000000075
ibmq_belem	3	0.06390000000000007
ibmq_belem	4	0.022399999999999975
ibmq_quito	0-0	0.0
ibmq_quito	0-1	0.013764608499279019
ibmq_quito	0-2	0.0
ibmq_quito	0-3	0.0
ibmq_quito	0-4	0.0
ibmq_quito	1-0	0.013764608499279019
ibmq_quito	1-1	0.0
ibmq_quito	1-2	0.00675441722181469
ibmq_quito	1-3	0.009204731173056313
ibmq_quito	1-4	0.0
ibmq_quito	2-0	0.0
ibmq_quito	2-1	0.00675441722181469
ibmq_quito	2-2	0.0
ibmq_quito	2-3	0.0
ibmq_quito	2-4	0.0
ibmq_quito	3-0	0.0
ibmq_quito	3-1	0.009204731173056313
ibmq_quito	3-2	0.0
ibmq_quito	3-3	0.0
ibmq_quito	3-4	0.014828118038973048
ibmq_quito	4-0	0.0
ibmq_quito	4-1	0.0
ibmq_quito	4-2	0.0
ibmq_quito	4-3	0.014828118038973048
ibmq_quito	4-4	0.0
ibmq_quito	0	0.058699999999999974
ibmq_quito	1	0.03550000000000009
ibmq_quito	2	0.06709999999999994
ibmq_quito	3	0.040000000000000036
ibmq_quito	4	0.03289999999999993
ibmq_jakarta	0-0	0.0
ibmq_jakarta	0-1	1.0
ibmq_jakarta	0-2	0.0
ibmq_jakarta	0-3	0.0
ibmq_jakarta	0-4	0.0
ibmq_jakarta	0-5	0.0
ibmq_jakarta	0-6	0.0
ibmq_jakarta	1-0	1.0
ibmq_jakarta	1-1	0.0
ibmq_jakarta	1-2	0.011751215936584375
ibmq_jakarta	1-3	0.008986959443394477
ibmq_jakarta	1-4	0.0
ibmq_jakarta	1-5	0.0
ibmq_jakarta	1-6	0.0
ibmq_jakarta	2-0	0.0
ibmq_jakarta	2-1	0.011751215936584375
ibmq_jakarta	2-2	0.0
ibmq_jakarta	2-3	0.0
ibmq_jakarta	2-4	0.0
ibmq_jakarta	2-5	0.0
ibmq_jakarta	2-6	0.0
ibmq_jakarta	3-0	0.0
ibmq_jakarta	3-1	0.008986959443394477
ibmq_jakarta	3-2	0.0
ibmq_jakarta	3-3	0.0
ibmq_jakarta	3-4	0.0
ibmq_jakarta	3-5	0.007021120359375854
ibmq_jakarta	3-6	0.0
ibmq_jakarta	4-0	0.0
ibmq_jakarta	4-1	0.0
ibmq_jakarta	4-2	0.0
ibmq_jakarta	4-3	0.0
ibmq_jakarta	4-4	0.0
ibmq_jakarta	4-5	1.0
ibmq_jakarta	4-6	0.0
ibmq_jakarta	5-0	0.0
ibmq_jakarta	5-1	0.0
ibmq_jakarta	5-2	0.0
ibmq_jakarta	5-3	0.007021120359375854
ibmq_jakarta	5-4	1.0
ibmq_jakarta	5-5	0.0
ibmq_jakarta	5-6	0.007551626575502096
ibmq_jakarta	6-0	0.0
ibmq_jakarta	6-1	0.0
ibmq_jakarta	6-2	0.0
ibmq_jakarta	6-3	0.0
ibmq_jakarta	6-4	0.0
ibmq_jakarta	6-5	0.007551626575502096
ibmq_jakarta	6-6	0.0
ibmq_jakarta	0	0.05149999999999999
ibmq_jakarta	1	0.017900000000000027
ibmq_jakarta	2	0.023299999999999987
ibmq_jakarta	3	0.026899999999999924
ibmq_jakarta	4	0.16169999999999995
ibmq_jakarta	5	0.0363
ibmq_jakarta	6	0.05120000000000002
ibmq_manila	0-0	0.0
ibmq_manila	0-1	0.007600684025310528
ibmq_manila	0-2	0.0
ibmq_manila	0-3	0.0
ibmq_manila	0-4	0.0
ibmq_manila	1-0	0.007600684025310528
ibmq_manila	1-1	0.0
ibmq_manila	1-2	0.04386015015772693
ibmq_manila	1-3	0.0
ibmq_manila	1-4	0.0
ibmq_manila	2-0	0.0
ibmq_manila	2-1	0.04386015015772693
ibmq_manila	2-2	0.0
ibmq_manila	2-3	0.03558460818534351
ibmq_manila	2-4	0.0
ibmq_manila	3-0	0.0
ibmq_manila	3-1	0.0
ibmq_manila	3-2	0.03558460818534351
ibmq_manila	3-3	0.0
ibmq_manila	3-4	0.006247141405825329
ibmq_manila	4-0	0.0
ibmq_manila	4-1	0.0
ibmq_manila	4-2	0.0
ibmq_manila	4-3	0.006247141405825329
ibmq_manila	4-4	0.0
ibmq_manila	0	0.0484
ibmq_manila	1	0.042300000000000004
ibmq_manila	2	0.028100000000000014
ibmq_manila	3	0.018900000000000028
ibmq_manila	4	0.023600000000000065
ibm_lagos	0-0	0.0
ibm_lagos	0-1	0.009768829478205648
ibm_lagos	0-2	0.0
ibm_lagos	0-3	0.0
ibm_lagos	0-4	0.0
ibm_lagos	0-5	0.0
ibm_lagos	0-6	0.0
ibm_lagos	1-0	0.009768829478205648
ibm_lagos	1-1	0.0
ibm_lagos	1-2	0.005278440991995176
ibm_lagos	1-3	0.005618859649338115
ibm_lagos	1-4	0.0
ibm_lagos	1-5	0.0
ibm_lagos	1-6	0.0
ibm_lagos	2-0	0.0
ibm_lagos	2-1	0.005278440991995176
ibm_lagos	2-2	0.0
ibm_lagos	2-3	0.0
ibm_lagos	2-4	0.0
ibm_lagos	2-5	0.0
ibm_lagos	2-6	0.0
ibm_lagos	3-0	0.0
ibm_lagos	3-1	0.005618859649338115
ibm_lagos	3-2	0.0
ibm_lagos	3-3	0.0
ibm_lagos	3-4	0.0
ibm_lagos	3-5	0.008788513921888869
ibm_lagos	3-6	0.0
ibm_lagos	4-0	0.0
ibm_lagos	4-1	0.0
ibm_lagos	4-2	0.0
ibm_lagos	4-3	0.0
ibm_lagos	4-4	0.0
ibm_lagos	4-5	0.005845642904409809
ibm_lagos	4-6	0.0
ibm_lagos	5-0	0.0
ibm_lagos	5-1	0.0
ibm_lagos	5-2	0.0
ibm_lagos	5-3	0.008788513921888869
ibm_lagos	5-4	0.005845642904409809
ibm_lagos	5-5	0.0
ibm_lagos	5-6	0.007081078967254489
ibm_lagos	6-0	0.0
ibm_lagos	6-1	0.0
ibm_lagos	6-2	0.0
ibm_lagos	6-3	0.0
ibm_lagos	6-4	0.0
ibm_lagos	6-5	0.007081078967254489
ibm_lagos	6-6	0.0
ibm_lagos	0	0.01859999999999995
ibm_lagos	1	0.015199999999999991
ibm_lagos	2	0.006700000000000039
ibm_lagos	3	0.014000000000000012
ibm_lagos	4	0.022599999999999953
ibm_lagos	5	0.016199999999999992
ibm_lagos	6	0.01419999999999999
ibm_nairobi	0-0	0.0
ibm_nairobi	0-1	0.014186456430691885
ibm_nairobi	0-2	0.0
ibm_nairobi	0-3	0.0
ibm_nairobi	0-4	0.0
ibm_nairobi	0-5	0.0
ibm_nairobi	0-6	0.0
ibm_nairobi	1-0	0.014186456430691885
ibm_nairobi	1-1	0.0
ibm_nairobi	1-2	0.012958374867891836
ibm_nairobi	1-3	0.009479758127467708
ibm_nairobi	1-4	0.0
ibm_nairobi	1-5	0.0
ibm_nairobi	1-6	0.0
ibm_nairobi	2-0	0.0
ibm_nairobi	2-1	0.012958374867891836
ibm_nairobi	2-2	0.0
ibm_nairobi	2-3	0.0
ibm_nairobi	2-4	0.0
ibm_nairobi	2-5	0.0
ibm_nairobi	2-6	0.0
ibm_nairobi	3-0	0.0
ibm_nairobi	3-1	0.009479758127467708
ibm_nairobi	3-2	0.0
ibm_nairobi	3-3	0.0
ibm_nairobi	3-4	0.0
ibm_nairobi	3-5	0.015522117152072246
ibm_nairobi	3-6	0.0
ibm_nairobi	4-0	0.0
ibm_nairobi	4-1	0.0
ibm_nairobi	4-2	0.0
ibm_nairobi	4-3	0.0
ibm_nairobi	4-4	0.0
ibm_nairobi	4-5	0.00707323779290317
ibm_nairobi	4-6	0.0
ibm_nairobi	5-0	0.0
ibm_nairobi	5-1	0.0
ibm_nairobi	5-2	0.0
ibm_nairobi	5-3	0.015522117152072246
ibm_nairobi	5-4	0.00707323779290317
ibm_nairobi	5-5	0.0
ibm_nairobi	5-6	0.0070678966438246504
ibm_nairobi	6-0	0.0
ibm_nairobi	6-1	0.0
ibm_nairobi	6-2	0.0
ibm_nairobi	6-3	0.0
ibm_nairobi	6-4	0.0
ibm_nairobi	6-5	0.0070678966438246504
ibm_nairobi	6-6	0.0
ibm_nairobi	0	0.02289999999999992
ibm_nairobi	1	0.054200000000000026
ibm_nairobi	2	0.025900000000000034
ibm_nairobi	3	0.026499999999999968
ibm_nairobi	4	0.024699999999999944
ibm_nairobi	5	0.0242
ibm_nairobi	6	0.02510000000000001
ibm_perth	0-0	0.0
ibm_perth	0-1	0.00943598942138077
ibm_perth	0-2	0.0
ibm_perth	0-3	0.0
ibm_perth	0-4	0.0
ibm_perth	0-5	0.0
ibm_perth	0-6	0.0
ibm_perth	1-0	0.00943598942138077
ibm_perth	1-1	0.0
ibm_perth	1-2	0.007396499925703154
ibm_perth	1-3	0.02030610471482086
ibm_perth	1-4	0.0
ibm_perth	1-5	0.0
ibm_perth	1-6	0.0
ibm_perth	2-0	0.0
ibm_perth	2-1	0.007396499925703154
ibm_perth	2-2	0.0
ibm_perth	2-3	0.0
ibm_perth	2-4	0.0
ibm_perth	2-5	0.0
ibm_perth	2-6	0.0
ibm_perth	3-0	0.0
ibm_perth	3-1	0.02030610471482086
ibm_perth	3-2	0.0
ibm_perth	3-3	0.0
ibm_perth	3-4	0.0
ibm_perth	3-5	0.009199020444294853
ibm_perth	3-6	0.0
ibm_perth	4-0	0.0
ibm_perth	4-1	0.0
ibm_perth	4-2	0.0
ibm_perth	4-3	0.0
ibm_perth	4-4	0.0
ibm_perth	4-5	0.010831127669088392
ibm_perth	4-6	0.0
ibm_perth	5-0	0.0
ibm_perth	5-1	0.0
ibm_perth	5-2	0.0
ibm_perth	5-3	0.009199020444294853
ibm_perth	5-4	0.010831127669088392
ibm_perth	5-5	0.0
ibm_perth	5-6	0.016384244485513233
ibm_perth	6-0	0.0
ibm_perth	6-1	0.0
ibm_perth	6-2	0.0
ibm_perth	6-3	0.0
ibm_perth	6-4	0.0
ibm_perth	6-5	0.016384244485513233
ibm_perth	6-6	0.0
ibm_perth	0	0.028799999999999937
ibm_perth	1	0.021199999999999997
ibm_perth	2	0.020299999999999985
ibm_perth	3	0.01849999999999996
ibm_perth	4	0.022599999999999953
ibm_perth	5	0.023499999999999965
ibm_perth	6	0.006399999999999961
