ibmq_lima	0-0	0.0
ibmq_lima	0-1	0.008275994656916585
ibmq_lima	0-2	0.0
ibmq_lima	0-3	0.0
ibmq_lima	0-4	0.0
ibmq_lima	1-0	0.008275994656916585
ibmq_lima	1-1	0.0
ibmq_lima	1-2	0.007126808321677003
ibmq_lima	1-3	0.011432242063594306
ibmq_lima	1-4	0.0
ibmq_lima	2-0	0.0
ibmq_lima	2-1	0.007126808321677003
ibmq_lima	2-2	0.0
ibmq_lima	2-3	0.0
ibmq_lima	2-4	0.0
ibmq_lima	3-0	0.0
ibmq_lima	3-1	0.011432242063594306
ibmq_lima	3-2	0.0
ibmq_lima	3-3	0.0
ibmq_lima	3-4	0.01657822310814147
ibmq_lima	4-0	0.0
ibmq_lima	4-1	0.0
ibmq_lima	4-2	0.0
ibmq_lima	4-3	0.01657822310814147
ibmq_lima	4-4	0.0
ibmq_lima	0	0.019500000000000073
ibmq_lima	1	0.017100000000000004
ibmq_lima	2	0.016000000000000014
ibmq_lima	3	0.04249999999999998
ibmq_lima	4	0.05830000000000002
ibmq_belem	0-0	0.0
ibmq_belem	0-1	0.013902087500631682
ibmq_belem	0-2	0.0
ibmq_belem	0-3	0.0
ibmq_belem	0-4	0.0
ibmq_belem	1-0	0.013902087500631682
ibmq_belem	1-1	0.0
ibmq_belem	1-2	0.006763361634823911
ibmq_belem	1-3	0.008362807317888687
ibmq_belem	1-4	0.0
ibmq_belem	2-0	0.0
ibmq_belem	2-1	0.006763361634823911
ibmq_belem	2-2	0.0
ibmq_belem	2-3	0.0
ibmq_belem	2-4	0.0
ibmq_belem	3-0	0.0
ibmq_belem	3-1	0.008362807317888687
ibmq_belem	3-2	0.0
ibmq_belem	3-3	0.0
ibmq_belem	3-4	0.00886906265848672
ibmq_belem	4-0	0.0
ibmq_belem	4-1	0.0
ibmq_belem	4-2	0.0
ibmq_belem	4-3	0.00886906265848672
ibmq_belem	4-4	0.0
ibmq_belem	0	0.04269999999999996
ibmq_belem	1	0.02100000000000002
ibmq_belem	2	0.027700000000000058
ibmq_belem	3	0.027800000000000047
ibmq_belem	4	0.01880000000000004
ibmq_quito	0-0	0.0
ibmq_quito	0-1	0.015803922033061385
ibmq_quito	0-2	0.0
ibmq_quito	0-3	0.0
ibmq_quito	0-4	0.0
ibmq_quito	1-0	0.015803922033061385
ibmq_quito	1-1	0.0
ibmq_quito	1-2	0.005930485421983739
ibmq_quito	1-3	0.008027001745349316
ibmq_quito	1-4	0.0
ibmq_quito	2-0	0.0
ibmq_quito	2-1	0.005930485421983739
ibmq_quito	2-2	0.0
ibmq_quito	2-3	0.0
ibmq_quito	2-4	0.0
ibmq_quito	3-0	0.0
ibmq_quito	3-1	0.008027001745349316
ibmq_quito	3-2	0.0
ibmq_quito	3-3	0.0
ibmq_quito	3-4	0.013813923965052571
ibmq_quito	4-0	0.0
ibmq_quito	4-1	0.0
ibmq_quito	4-2	0.0
ibmq_quito	4-3	0.013813923965052571
ibmq_quito	4-4	0.0
ibmq_quito	0	0.04859999999999998
ibmq_quito	1	0.04039999999999999
ibmq_quito	2	0.06279999999999997
ibmq_quito	3	0.03380000000000005
ibmq_quito	4	0.02980000000000005
ibmq_jakarta	0-0	0.0
ibmq_jakarta	0-1	0.008589990669747
ibmq_jakarta	0-2	0.0
ibmq_jakarta	0-3	0.0
ibmq_jakarta	0-4	0.0
ibmq_jakarta	0-5	0.0
ibmq_jakarta	0-6	0.0
ibmq_jakarta	1-0	0.008589990669747
ibmq_jakarta	1-1	0.0
ibmq_jakarta	1-2	0.008911886290671911
ibmq_jakarta	1-3	0.010048981416252739
ibmq_jakarta	1-4	0.0
ibmq_jakarta	1-5	0.0
ibmq_jakarta	1-6	0.0
ibmq_jakarta	2-0	0.0
ibmq_jakarta	2-1	0.008911886290671911
ibmq_jakarta	2-2	0.0
ibmq_jakarta	2-3	0.0
ibmq_jakarta	2-4	0.0
ibmq_jakarta	2-5	0.0
ibmq_jakarta	2-6	0.0
ibmq_jakarta	3-0	0.0
ibmq_jakarta	3-1	0.010048981416252739
ibmq_jakarta	3-2	0.0
ibmq_jakarta	3-3	0.0
ibmq_jakarta	3-4	0.0
ibmq_jakarta	3-5	0.008030628511870475
ibmq_jakarta	3-6	0.0
ibmq_jakarta	4-0	0.0
ibmq_jakarta	4-1	0.0
ibmq_jakarta	4-2	0.0
ibmq_jakarta	4-3	0.0
ibmq_jakarta	4-4	0.0
ibmq_jakarta	4-5	0.033721126888160785
ibmq_jakarta	4-6	0.0
ibmq_jakarta	5-0	0.0
ibmq_jakarta	5-1	0.0
ibmq_jakarta	5-2	0.0
ibmq_jakarta	5-3	0.008030628511870475
ibmq_jakarta	5-4	0.033721126888160785
ibmq_jakarta	5-5	0.0
ibmq_jakarta	5-6	0.005753445196062912
ibmq_jakarta	6-0	0.0
ibmq_jakarta	6-1	0.0
ibmq_jakarta	6-2	0.0
ibmq_jakarta	6-3	0.0
ibmq_jakarta	6-4	0.0
ibmq_jakarta	6-5	0.005753445196062912
ibmq_jakarta	6-6	0.0
ibmq_jakarta	0	0.03610000000000002
ibmq_jakarta	1	0.017100000000000004
ibmq_jakarta	2	0.019000000000000017
ibmq_jakarta	3	0.03310000000000002
ibmq_jakarta	4	0.02939999999999998
ibmq_jakarta	5	0.05249999999999999
ibmq_jakarta	6	0.030200000000000005
ibmq_manila	0-0	0.0
ibmq_manila	0-1	0.00577922981352702
ibmq_manila	0-2	0.0
ibmq_manila	0-3	0.0
ibmq_manila	0-4	0.0
ibmq_manila	1-0	0.00577922981352702
ibmq_manila	1-1	0.0
ibmq_manila	1-2	0.010558737925843109
ibmq_manila	1-3	0.0
ibmq_manila	1-4	0.0
ibmq_manila	2-0	0.0
ibmq_manila	2-1	0.010558737925843109
ibmq_manila	2-2	0.0
ibmq_manila	2-3	0.008079467616404906
ibmq_manila	2-4	0.0
ibmq_manila	3-0	0.0
ibmq_manila	3-1	0.0
ibmq_manila	3-2	0.008079467616404906
ibmq_manila	3-3	0.0
ibmq_manila	3-4	0.005069511458033332
ibmq_manila	4-0	0.0
ibmq_manila	4-1	0.0
ibmq_manila	4-2	0.0
ibmq_manila	4-3	0.005069511458033332
ibmq_manila	4-4	0.0
ibmq_manila	0	0.031400000000000095
ibmq_manila	1	0.020000000000000018
ibmq_manila	2	0.017800000000000038
ibmq_manila	3	0.014599999999999946
ibmq_manila	4	0.026000000000000023
ibm_lagos	0-0	0.0
ibm_lagos	0-1	0.0568936658561805
ibm_lagos	0-2	0.0
ibm_lagos	0-3	0.0
ibm_lagos	0-4	0.0
ibm_lagos	0-5	0.0
ibm_lagos	0-6	0.0
ibm_lagos	1-0	0.0568936658561805
ibm_lagos	1-1	0.0
ibm_lagos	1-2	0.023667268109827416
ibm_lagos	1-3	0.022381334703593853
ibm_lagos	1-4	0.0
ibm_lagos	1-5	0.0
ibm_lagos	1-6	0.0
ibm_lagos	2-0	0.0
ibm_lagos	2-1	0.023667268109827416
ibm_lagos	2-2	0.0
ibm_lagos	2-3	0.0
ibm_lagos	2-4	0.0
ibm_lagos	2-5	0.0
ibm_lagos	2-6	0.0
ibm_lagos	3-0	0.0
ibm_lagos	3-1	0.022381334703593853
ibm_lagos	3-2	0.0
ibm_lagos	3-3	0.0
ibm_lagos	3-4	0.0
ibm_lagos	3-5	0.027281050966533937
ibm_lagos	3-6	0.0
ibm_lagos	4-0	0.0
ibm_lagos	4-1	0.0
ibm_lagos	4-2	0.0
ibm_lagos	4-3	0.0
ibm_lagos	4-4	0.0
ibm_lagos	4-5	0.0314750095009175
ibm_lagos	4-6	0.0
ibm_lagos	5-0	0.0
ibm_lagos	5-1	0.0
ibm_lagos	5-2	0.0
ibm_lagos	5-3	0.027281050966533937
ibm_lagos	5-4	0.0314750095009175
ibm_lagos	5-5	0.0
ibm_lagos	5-6	0.021546769120312448
ibm_lagos	6-0	0.0
ibm_lagos	6-1	0.0
ibm_lagos	6-2	0.0
ibm_lagos	6-3	0.0
ibm_lagos	6-4	0.0
ibm_lagos	6-5	0.021546769120312448
ibm_lagos	6-6	0.0
ibm_lagos	0	0.07179999999999997
ibm_lagos	1	0.04830000000000001
ibm_lagos	2	0.05349999999999999
ibm_lagos	3	0.053099999999999925
ibm_lagos	4	0.05390000000000006
ibm_lagos	5	0.06159999999999999
ibm_lagos	6	0.04300000000000004
ibm_nairobi	0-0	0.0
ibm_nairobi	0-1	0.02334151388898517
ibm_nairobi	0-2	0.0
ibm_nairobi	0-3	0.0
ibm_nairobi	0-4	0.0
ibm_nairobi	0-5	0.0
ibm_nairobi	0-6	0.0
ibm_nairobi	1-0	0.02334151388898517
ibm_nairobi	1-1	0.0
ibm_nairobi	1-2	0.09141192797109104
ibm_nairobi	1-3	0.02162886616531906
ibm_nairobi	1-4	0.0
ibm_nairobi	1-5	0.0
ibm_nairobi	1-6	0.0
ibm_nairobi	2-0	0.0
ibm_nairobi	2-1	0.09141192797109104
ibm_nairobi	2-2	0.0
ibm_nairobi	2-3	0.0
ibm_nairobi	2-4	0.0
ibm_nairobi	2-5	0.0
ibm_nairobi	2-6	0.0
ibm_nairobi	3-0	0.0
ibm_nairobi	3-1	0.02162886616531906
ibm_nairobi	3-2	0.0
ibm_nairobi	3-3	0.0
ibm_nairobi	3-4	0.0
ibm_nairobi	3-5	0.02579341099168375
ibm_nairobi	3-6	0.0
ibm_nairobi	4-0	0.0
ibm_nairobi	4-1	0.0
ibm_nairobi	4-2	0.0
ibm_nairobi	4-3	0.0
ibm_nairobi	4-4	0.0
ibm_nairobi	4-5	0.02403255088421752
ibm_nairobi	4-6	0.0
ibm_nairobi	5-0	0.0
ibm_nairobi	5-1	0.0
ibm_nairobi	5-2	0.0
ibm_nairobi	5-3	0.02579341099168375
ibm_nairobi	5-4	0.02403255088421752
ibm_nairobi	5-5	0.0
ibm_nairobi	5-6	0.023066005066607193
ibm_nairobi	6-0	0.0
ibm_nairobi	6-1	0.0
ibm_nairobi	6-2	0.0
ibm_nairobi	6-3	0.0
ibm_nairobi	6-4	0.0
ibm_nairobi	6-5	0.023066005066607193
ibm_nairobi	6-6	0.0
ibm_nairobi	0	0.04249999999999998
ibm_nairobi	1	0.09050000000000002
ibm_nairobi	2	0.04859999999999998
ibm_nairobi	3	0.05509999999999993
ibm_nairobi	4	0.047699999999999965
ibm_nairobi	5	0.045499999999999985
ibm_nairobi	6	0.056599999999999984
ibm_perth	0-0	0.0
ibm_perth	0-1	0.018789171237945074
ibm_perth	0-2	0.0
ibm_perth	0-3	0.0
ibm_perth	0-4	0.0
ibm_perth	0-5	0.0
ibm_perth	0-6	0.0
ibm_perth	1-0	0.018789171237945074
ibm_perth	1-1	0.0
ibm_perth	1-2	0.005373754427899641
ibm_perth	1-3	0.0056696092422377775
ibm_perth	1-4	0.0
ibm_perth	1-5	0.0
ibm_perth	1-6	0.0
ibm_perth	2-0	0.0
ibm_perth	2-1	0.005373754427899641
ibm_perth	2-2	0.0
ibm_perth	2-3	0.0
ibm_perth	2-4	0.0
ibm_perth	2-5	0.0
ibm_perth	2-6	0.0
ibm_perth	3-0	0.0
ibm_perth	3-1	0.0056696092422377775
ibm_perth	3-2	0.0
ibm_perth	3-3	0.0
ibm_perth	3-4	0.0
ibm_perth	3-5	0.009321899799824451
ibm_perth	3-6	0.0
ibm_perth	4-0	0.0
ibm_perth	4-1	0.0
ibm_perth	4-2	0.0
ibm_perth	4-3	0.0
ibm_perth	4-4	0.0
ibm_perth	4-5	0.019810648742237397
ibm_perth	4-6	0.0
ibm_perth	5-0	0.0
ibm_perth	5-1	0.0
ibm_perth	5-2	0.0
ibm_perth	5-3	0.009321899799824451
ibm_perth	5-4	0.019810648742237397
ibm_perth	5-5	0.0
ibm_perth	5-6	0.018242861574725516
ibm_perth	6-0	0.0
ibm_perth	6-1	0.0
ibm_perth	6-2	0.0
ibm_perth	6-3	0.0
ibm_perth	6-4	0.0
ibm_perth	6-5	0.018242861574725516
ibm_perth	6-6	0.0
ibm_perth	0	0.025600000000000067
ibm_perth	1	0.02629999999999999
ibm_perth	2	0.024899999999999922
ibm_perth	3	0.01859999999999995
ibm_perth	4	0.01980000000000004
ibm_perth	5	0.02750000000000008
ibm_perth	6	0.007299999999999973
