============================= test session starts ==============================
platform linux -- Python 3.10.6, pytest-7.2.0, pluggy-1.0.0
rootdir: /root/projects/qcs
collected 12 items / 11 deselected / 1 selected

tst/qdao/engine.py 
::::::::::::::::::Config::::::::::::::::::

NQ::	25
NP::	19
NL::	15
D::	22

::::::::::::::::::Config::::::::::::::::::


:::Reusing existing bench:::::/root/projects/qcs/qdao/benchmarks/qasm/random_25_22_max_operands_2_gen.qasm::::::::

Partial simulation consumes time: 0.036885738372802734
Partial simulation consumes time: 0.034793853759765625
Partial simulation consumes time: 0.0226743221282959
Partial simulation consumes time: 0.020174503326416016
Partial simulation consumes time: 0.028897762298583984
Partial simulation consumes time: 0.020273923873901367
Partial simulation consumes time: 0.020701169967651367
Partial simulation consumes time: 0.02104783058166504
Partial simulation consumes time: 0.022065401077270508
Partial simulation consumes time: 0.017557859420776367
Partial simulation consumes time: 0.02026653289794922
Partial simulation consumes time: 0.01884913444519043
Partial simulation consumes time: 0.0280458927154541
Partial simulation consumes time: 0.029032468795776367
Partial simulation consumes time: 0.0287020206451416
Partial simulation consumes time: 0.025555133819580078
Partial simulation consumes time: 0.019810914993286133
Partial simulation consumes time: 0.020149707794189453
Partial simulation consumes time: 0.020023822784423828
Partial simulation consumes time: 0.020911693572998047
Partial simulation consumes time: 0.020598649978637695
Partial simulation consumes time: 0.018117189407348633
Partial simulation consumes time: 0.02161240577697754
Partial simulation consumes time: 0.020682811737060547
Partial simulation consumes time: 0.018393993377685547
Partial simulation consumes time: 0.01784038543701172
Partial simulation consumes time: 0.020620107650756836
Partial simulation consumes time: 0.02054429054260254
Partial simulation consumes time: 0.02284836769104004
Partial simulation consumes time: 0.020664691925048828
Partial simulation consumes time: 0.020894765853881836
Partial simulation consumes time: 0.02093029022216797
Partial simulation consumes time: 0.02013707160949707
Partial simulation consumes time: 0.020688533782958984
Partial simulation consumes time: 0.021076679229736328
Partial simulation consumes time: 0.018699169158935547
Partial simulation consumes time: 0.017859458923339844
Partial simulation consumes time: 0.020101308822631836
Partial simulation consumes time: 0.02105998992919922
Partial simulation consumes time: 0.019597291946411133
Partial simulation consumes time: 0.017802000045776367
Partial simulation consumes time: 0.030263900756835938
Partial simulation consumes time: 0.020884990692138672
Partial simulation consumes time: 0.02184152603149414
Partial simulation consumes time: 0.01881575584411621
Partial simulation consumes time: 0.02001047134399414
Partial simulation consumes time: 0.02034735679626465
Partial simulation consumes time: 0.03065323829650879
Partial simulation consumes time: 0.036243438720703125
Partial simulation consumes time: 0.04843020439147949
Partial simulation consumes time: 0.028406143188476562
Partial simulation consumes time: 0.020220279693603516
Partial simulation consumes time: 0.022698402404785156
Partial simulation consumes time: 0.018443822860717773
Partial simulation consumes time: 0.02010798454284668
Partial simulation consumes time: 0.020505905151367188
Partial simulation consumes time: 0.01805591583251953
Partial simulation consumes time: 0.01989436149597168
Partial simulation consumes time: 0.020873546600341797
Partial simulation consumes time: 0.03318500518798828
Partial simulation consumes time: 0.020158052444458008
Partial simulation consumes time: 0.019794940948486328
Partial simulation consumes time: 0.02444934844970703
Partial simulation consumes time: 0.020154237747192383
Partial simulation consumes time: 0.012454032897949219
Partial simulation consumes time: 0.011896371841430664
Partial simulation consumes time: 0.012023210525512695
Partial simulation consumes time: 0.015141010284423828
Partial simulation consumes time: 0.016115665435791016
Partial simulation consumes time: 0.018511056900024414
Partial simulation consumes time: 0.014301061630249023
Partial simulation consumes time: 0.015548229217529297
Partial simulation consumes time: 0.01840829849243164
Partial simulation consumes time: 0.01672077178955078
Partial simulation consumes time: 0.014133214950561523
Partial simulation consumes time: 0.011185884475708008
Partial simulation consumes time: 0.01109933853149414
Partial simulation consumes time: 0.011610746383666992
Partial simulation consumes time: 0.0121307373046875
Partial simulation consumes time: 0.013112068176269531
Partial simulation consumes time: 0.018477439880371094
Partial simulation consumes time: 0.013670206069946289
Partial simulation consumes time: 0.013649225234985352
Partial simulation consumes time: 0.013003349304199219
Partial simulation consumes time: 0.014095067977905273
Partial simulation consumes time: 0.013944864273071289
Partial simulation consumes time: 0.013733386993408203
Partial simulation consumes time: 0.015927553176879883
Partial simulation consumes time: 0.014976263046264648
Partial simulation consumes time: 0.013408899307250977
Partial simulation consumes time: 0.015805482864379883
Partial simulation consumes time: 0.012791156768798828
Partial simulation consumes time: 0.028662443161010742
Partial simulation consumes time: 0.012472867965698242
Partial simulation consumes time: 0.014589786529541016
Partial simulation consumes time: 0.011283159255981445
Partial simulation consumes time: 0.01147150993347168
Partial simulation consumes time: 0.011394739151000977
Partial simulation consumes time: 0.011419296264648438
Partial simulation consumes time: 0.01125478744506836
Partial simulation consumes time: 0.011230707168579102
Partial simulation consumes time: 0.011355876922607422
Partial simulation consumes time: 0.011362314224243164
Partial simulation consumes time: 0.011798381805419922
Partial simulation consumes time: 0.012896060943603516
Partial simulation consumes time: 0.011312007904052734
Partial simulation consumes time: 0.01130819320678711
Partial simulation consumes time: 0.011268854141235352
Partial simulation consumes time: 0.011221885681152344
Partial simulation consumes time: 0.01122426986694336
Partial simulation consumes time: 0.011284351348876953
Partial simulation consumes time: 0.01201319694519043
Partial simulation consumes time: 0.013124227523803711
Partial simulation consumes time: 0.011713981628417969
Partial simulation consumes time: 0.01139068603515625
Partial simulation consumes time: 0.011347770690917969
Partial simulation consumes time: 0.011224031448364258
Partial simulation consumes time: 0.011250734329223633
Partial simulation consumes time: 0.011502265930175781
Partial simulation consumes time: 0.011313199996948242
Partial simulation consumes time: 0.011220932006835938
Partial simulation consumes time: 0.01510167121887207
Partial simulation consumes time: 0.014157772064208984
Partial simulation consumes time: 0.013811349868774414
Partial simulation consumes time: 0.014133691787719727
Partial simulation consumes time: 0.013490915298461914
Partial simulation consumes time: 0.01405644416809082
Partial simulation consumes time: 0.01419973373413086
Partial simulation consumes time: 0.015327930450439453
Partial simulation consumes time: 0.013071060180664062
Partial simulation consumes time: 0.015247583389282227
Partial simulation consumes time: 0.013038873672485352
Partial simulation consumes time: 0.01283884048461914
Partial simulation consumes time: 0.014919519424438477
Partial simulation consumes time: 0.014072656631469727
Partial simulation consumes time: 0.016119003295898438
Partial simulation consumes time: 0.013127326965332031
Partial simulation consumes time: 0.014769554138183594
Partial simulation consumes time: 0.013312578201293945
Partial simulation consumes time: 0.015868186950683594
Partial simulation consumes time: 0.013034582138061523
Partial simulation consumes time: 0.015246391296386719
Partial simulation consumes time: 0.015163660049438477
Partial simulation consumes time: 0.015033483505249023
Partial simulation consumes time: 0.015549898147583008
Partial simulation consumes time: 0.01290750503540039
Partial simulation consumes time: 0.012923479080200195
Partial simulation consumes time: 0.013438224792480469
Partial simulation consumes time: 0.014364957809448242
Partial simulation consumes time: 0.015125036239624023
Partial simulation consumes time: 0.01632547378540039
Partial simulation consumes time: 0.014883756637573242
Partial simulation consumes time: 0.012883901596069336
Partial simulation consumes time: 0.013033151626586914
Partial simulation consumes time: 0.01719188690185547
Partial simulation consumes time: 0.014677286148071289
Partial simulation consumes time: 0.012863874435424805
Partial simulation consumes time: 0.021611690521240234
Partial simulation consumes time: 0.014883041381835938
Partial simulation consumes time: 0.014645099639892578
Partial simulation consumes time: 0.013109922409057617
Partial simulation consumes time: 0.013193607330322266
Partial simulation consumes time: 0.012954473495483398
Partial simulation consumes time: 0.015628814697265625
Partial simulation consumes time: 0.013193607330322266
Partial simulation consumes time: 0.013134241104125977
Partial simulation consumes time: 0.012929439544677734
Partial simulation consumes time: 0.015337944030761719
Partial simulation consumes time: 0.013149023056030273
Partial simulation consumes time: 0.015667438507080078
Partial simulation consumes time: 0.013343572616577148
Partial simulation consumes time: 0.0155181884765625
Partial simulation consumes time: 0.01505136489868164
Partial simulation consumes time: 0.01482701301574707
Partial simulation consumes time: 0.014826297760009766
Partial simulation consumes time: 0.01570892333984375
Partial simulation consumes time: 0.013248443603515625
Partial simulation consumes time: 0.015447616577148438
Partial simulation consumes time: 0.012975454330444336
Partial simulation consumes time: 0.014379501342773438
Partial simulation consumes time: 0.013255596160888672
Partial simulation consumes time: 0.01673579216003418
Partial simulation consumes time: 0.018756628036499023
Partial simulation consumes time: 0.02037215232849121
Partial simulation consumes time: 0.01806950569152832
Partial simulation consumes time: 0.018414974212646484
Partial simulation consumes time: 0.01396632194519043
Partial simulation consumes time: 0.013290882110595703
Partial simulation consumes time: 0.013013362884521484
Partial simulation consumes time: 0.012825965881347656
Partial simulation consumes time: 0.014236211776733398
Partial simulation consumes time: 0.01307535171508789
Partial simulation consumes time: 0.024379491806030273
Partial simulation consumes time: 0.0231781005859375
Partial simulation consumes time: 0.02370166778564453
Partial simulation consumes time: 0.02351665496826172
Partial simulation consumes time: 0.023184537887573242
Partial simulation consumes time: 0.023202180862426758
Partial simulation consumes time: 0.023893356323242188
Partial simulation consumes time: 0.023556232452392578
Partial simulation consumes time: 0.02372574806213379
Partial simulation consumes time: 0.024402379989624023
Partial simulation consumes time: 0.023282289505004883
Partial simulation consumes time: 0.023119211196899414
Partial simulation consumes time: 0.029352426528930664
Partial simulation consumes time: 0.02851557731628418
Partial simulation consumes time: 0.05181097984313965
Partial simulation consumes time: 0.032169342041015625
Partial simulation consumes time: 0.02783966064453125
Partial simulation consumes time: 0.02861309051513672
Partial simulation consumes time: 0.03310036659240723
Partial simulation consumes time: 0.029013395309448242
Partial simulation consumes time: 0.03206920623779297
Partial simulation consumes time: 0.03267216682434082
Partial simulation consumes time: 0.049102067947387695
Partial simulation consumes time: 0.03200340270996094
Partial simulation consumes time: 0.02338552474975586
Partial simulation consumes time: 0.02325892448425293
Partial simulation consumes time: 0.02370452880859375
Partial simulation consumes time: 0.022791385650634766
Partial simulation consumes time: 0.023209810256958008
Partial simulation consumes time: 0.022916316986083984
Partial simulation consumes time: 0.023179292678833008
Partial simulation consumes time: 0.024026870727539062
Partial simulation consumes time: 0.024281024932861328
Partial simulation consumes time: 0.023961782455444336
Partial simulation consumes time: 0.023409128189086914
Partial simulation consumes time: 0.025779008865356445
Partial simulation consumes time: 0.023425817489624023
Partial simulation consumes time: 0.02405571937561035
Partial simulation consumes time: 0.023444414138793945
Partial simulation consumes time: 0.024547338485717773
Partial simulation consumes time: 0.022787809371948242
Partial simulation consumes time: 0.023200035095214844
Partial simulation consumes time: 0.023046255111694336
Partial simulation consumes time: 0.023273944854736328
Partial simulation consumes time: 0.02576589584350586
Partial simulation consumes time: 0.03035593032836914
Partial simulation consumes time: 0.035324811935424805
Partial simulation consumes time: 0.0259397029876709
Partial simulation consumes time: 0.02293682098388672
Partial simulation consumes time: 0.023579835891723633
Partial simulation consumes time: 0.023240327835083008
Partial simulation consumes time: 0.024114370346069336
Partial simulation consumes time: 0.024033308029174805
Partial simulation consumes time: 0.024048805236816406
Partial simulation consumes time: 0.025675058364868164
Partial simulation consumes time: 0.024891376495361328
Partial simulation consumes time: 0.025590896606445312
Partial simulation consumes time: 0.023625612258911133
Partial simulation consumes time: 0.023983001708984375
Partial simulation consumes time: 0.024323701858520508
Partial simulation consumes time: 0.02307438850402832
Partial simulation consumes time: 0.024488449096679688
Partial simulation consumes time: 0.023514270782470703
Partial simulation consumes time: 0.023598432540893555
Partial simulation consumes time: 0.009747505187988281
Partial simulation consumes time: 0.009740591049194336
Partial simulation consumes time: 0.00977635383605957
Partial simulation consumes time: 0.009689092636108398
Partial simulation consumes time: 0.011563777923583984
Partial simulation consumes time: 0.010013818740844727
Partial simulation consumes time: 0.00983119010925293
Partial simulation consumes time: 0.009830236434936523
Partial simulation consumes time: 0.009721517562866211
Partial simulation consumes time: 0.009588956832885742
Partial simulation consumes time: 0.009767770767211914
Partial simulation consumes time: 0.009718656539916992
Partial simulation consumes time: 0.013071537017822266
Partial simulation consumes time: 0.009740591049194336
Partial simulation consumes time: 0.009733200073242188
Partial simulation consumes time: 0.011038541793823242
Partial simulation consumes time: 0.013434410095214844
Partial simulation consumes time: 0.010298490524291992
Partial simulation consumes time: 0.009965896606445312
Partial simulation consumes time: 0.009835958480834961
Partial simulation consumes time: 0.010849237442016602
Partial simulation consumes time: 0.009489774703979492
Partial simulation consumes time: 0.009639263153076172
Partial simulation consumes time: 0.009745597839355469
Partial simulation consumes time: 0.009532690048217773
Partial simulation consumes time: 0.010555744171142578
Partial simulation consumes time: 0.009751081466674805
Partial simulation consumes time: 0.00977182388305664
Partial simulation consumes time: 0.012065887451171875
Partial simulation consumes time: 0.009711503982543945
Partial simulation consumes time: 0.009638309478759766
Partial simulation consumes time: 0.009689807891845703
Partial simulation consumes time: 0.009845972061157227
Partial simulation consumes time: 0.010714530944824219
Partial simulation consumes time: 0.013936281204223633
Partial simulation consumes time: 0.009815692901611328
Partial simulation consumes time: 0.009839296340942383
Partial simulation consumes time: 0.00965571403503418
Partial simulation consumes time: 0.011197328567504883
Partial simulation consumes time: 0.009681940078735352
Partial simulation consumes time: 0.009599685668945312
Partial simulation consumes time: 0.00960230827331543
Partial simulation consumes time: 0.010501384735107422
Partial simulation consumes time: 0.01054835319519043
Partial simulation consumes time: 0.009777545928955078
Partial simulation consumes time: 0.009845972061157227
Partial simulation consumes time: 0.010251283645629883
Partial simulation consumes time: 0.00983119010925293
Partial simulation consumes time: 0.009819269180297852
Partial simulation consumes time: 0.009600162506103516
Partial simulation consumes time: 0.009698152542114258
Partial simulation consumes time: 0.00966334342956543
Partial simulation consumes time: 0.009773015975952148
Partial simulation consumes time: 0.01038503646850586
Partial simulation consumes time: 0.010040521621704102
Partial simulation consumes time: 0.009608030319213867
Partial simulation consumes time: 0.009829521179199219
Partial simulation consumes time: 0.009943008422851562
Partial simulation consumes time: 0.00987100601196289
Partial simulation consumes time: 0.009809494018554688
Partial simulation consumes time: 0.009864568710327148
Partial simulation consumes time: 0.009721517562866211
Partial simulation consumes time: 0.0102386474609375
Partial simulation consumes time: 0.009662389755249023
Partial simulation consumes time: 0.02820444107055664
Partial simulation consumes time: 0.028790950775146484
Partial simulation consumes time: 0.028429269790649414
Partial simulation consumes time: 0.030052661895751953
Partial simulation consumes time: 0.03563261032104492
Partial simulation consumes time: 0.041144609451293945
Partial simulation consumes time: 0.03644728660583496
Partial simulation consumes time: 0.03967690467834473
Partial simulation consumes time: 0.04090070724487305
Partial simulation consumes time: 0.03996467590332031
Partial simulation consumes time: 0.03889966011047363
Partial simulation consumes time: 0.03700995445251465
Partial simulation consumes time: 0.0374445915222168
Partial simulation consumes time: 0.02850627899169922
Partial simulation consumes time: 0.028881072998046875
Partial simulation consumes time: 0.028794288635253906
Partial simulation consumes time: 0.029386281967163086
Partial simulation consumes time: 0.031033992767333984
Partial simulation consumes time: 0.028646230697631836
Partial simulation consumes time: 0.02958822250366211
Partial simulation consumes time: 0.030175447463989258
Partial simulation consumes time: 0.03152871131896973
Partial simulation consumes time: 0.03524947166442871
Partial simulation consumes time: 0.03217935562133789
Partial simulation consumes time: 0.030365943908691406
Partial simulation consumes time: 0.028509140014648438
Partial simulation consumes time: 0.028627634048461914
Partial simulation consumes time: 0.0331270694732666
Partial simulation consumes time: 0.028148651123046875
Partial simulation consumes time: 0.02907586097717285
Partial simulation consumes time: 0.028362751007080078
Partial simulation consumes time: 0.02834033966064453
Partial simulation consumes time: 0.03030681610107422
Partial simulation consumes time: 0.02870488166809082
Partial simulation consumes time: 0.03856539726257324
Partial simulation consumes time: 0.029287099838256836
Partial simulation consumes time: 0.03215813636779785
Partial simulation consumes time: 0.029891014099121094
Partial simulation consumes time: 0.0281674861907959
Partial simulation consumes time: 0.028267383575439453
Partial simulation consumes time: 0.030161380767822266
Partial simulation consumes time: 0.028926372528076172
Partial simulation consumes time: 0.028311729431152344
Partial simulation consumes time: 0.02794051170349121
Partial simulation consumes time: 0.029994487762451172
Partial simulation consumes time: 0.028684616088867188
Partial simulation consumes time: 0.028017044067382812
Partial simulation consumes time: 0.030696392059326172
Partial simulation consumes time: 0.02836132049560547
Partial simulation consumes time: 0.027741432189941406
Partial simulation consumes time: 0.02855086326599121
Partial simulation consumes time: 0.032980918884277344
Partial simulation consumes time: 0.029982805252075195
Partial simulation consumes time: 0.030127525329589844
Partial simulation consumes time: 0.027851343154907227
Partial simulation consumes time: 0.030005931854248047
Partial simulation consumes time: 0.02884197235107422
Partial simulation consumes time: 0.02983403205871582
Partial simulation consumes time: 0.03527021408081055
Partial simulation consumes time: 0.02785634994506836
Partial simulation consumes time: 0.027984619140625
Partial simulation consumes time: 0.03026580810546875
Partial simulation consumes time: 0.028407812118530273
Partial simulation consumes time: 0.03137040138244629
Partial simulation consumes time: 0.03552865982055664
Partial simulation consumes time: 0.03176712989807129
Partial simulation consumes time: 0.03861188888549805
Partial simulation consumes time: 0.031691551208496094
Partial simulation consumes time: 0.03203558921813965
Partial simulation consumes time: 0.03625035285949707
Partial simulation consumes time: 0.031874895095825195
Partial simulation consumes time: 0.04006171226501465
Partial simulation consumes time: 0.03584790229797363
Partial simulation consumes time: 0.03138232231140137
Partial simulation consumes time: 0.03558683395385742
Partial simulation consumes time: 0.034895896911621094
Partial simulation consumes time: 0.039637088775634766
Partial simulation consumes time: 0.03144216537475586
Partial simulation consumes time: 0.03659224510192871
Partial simulation consumes time: 0.037863731384277344
Partial simulation consumes time: 0.033059120178222656
Partial simulation consumes time: 0.03628730773925781
Partial simulation consumes time: 0.03598380088806152
Partial simulation consumes time: 0.032094717025756836
Partial simulation consumes time: 0.03686404228210449
Partial simulation consumes time: 0.035814762115478516
Partial simulation consumes time: 0.03161168098449707
Partial simulation consumes time: 0.037301063537597656
Partial simulation consumes time: 0.036545753479003906
Partial simulation consumes time: 0.03563213348388672
Partial simulation consumes time: 0.039896488189697266
Partial simulation consumes time: 0.04281330108642578
Partial simulation consumes time: 0.041535377502441406
Partial simulation consumes time: 0.04680967330932617
Partial simulation consumes time: 0.048332929611206055
Partial simulation consumes time: 0.05490875244140625
Partial simulation consumes time: 0.04014015197753906
Partial simulation consumes time: 0.045769453048706055
Partial simulation consumes time: 0.048471927642822266
Partial simulation consumes time: 0.0449833869934082
Partial simulation consumes time: 0.039804935455322266
Partial simulation consumes time: 0.035718441009521484
Partial simulation consumes time: 0.03757286071777344
Partial simulation consumes time: 0.03731846809387207
Partial simulation consumes time: 0.03596353530883789
Partial simulation consumes time: 0.03584885597229004
Partial simulation consumes time: 0.041440725326538086
Partial simulation consumes time: 0.035308122634887695
Partial simulation consumes time: 0.03837466239929199
Partial simulation consumes time: 0.039559364318847656
Partial simulation consumes time: 0.03557181358337402
Partial simulation consumes time: 0.035910844802856445
Partial simulation consumes time: 0.031349897384643555
Partial simulation consumes time: 0.03755617141723633
Partial simulation consumes time: 0.035935401916503906
Partial simulation consumes time: 0.03701496124267578
Partial simulation consumes time: 0.03152799606323242
Partial simulation consumes time: 0.03664970397949219
Partial simulation consumes time: 0.03261852264404297
Partial simulation consumes time: 0.03289031982421875
Partial simulation consumes time: 0.03600645065307617
Partial simulation consumes time: 0.0420682430267334
Partial simulation consumes time: 0.0499117374420166
Partial simulation consumes time: 0.03632926940917969
Partial simulation consumes time: 0.03565025329589844
Partial simulation consumes time: 0.032079219818115234
Partial simulation consumes time: 0.03714323043823242
Partial simulation consumes time: 0.048125267028808594
Partial simulation consumes time: 0.03345322608947754
Partial simulation consumes time: 0.03769373893737793
Partial simulation consumes time: 0.04384040832519531
Partial simulation consumes time: 0.038320064544677734
Partial simulation consumes time: 0.0370025634765625
Partial simulation consumes time: 0.030697107315063477
Partial simulation consumes time: 0.04541134834289551
Partial simulation consumes time: 0.03740954399108887
Partial simulation consumes time: 0.04428863525390625
Partial simulation consumes time: 0.03051161766052246
Partial simulation consumes time: 0.032205820083618164
Partial simulation consumes time: 0.04104137420654297
Partial simulation consumes time: 0.03805804252624512
Partial simulation consumes time: 0.0425419807434082
Partial simulation consumes time: 0.040303707122802734
Partial simulation consumes time: 0.03754091262817383
Partial simulation consumes time: 0.03807854652404785
Partial simulation consumes time: 0.03737998008728027
Partial simulation consumes time: 0.03843212127685547
Partial simulation consumes time: 0.033736228942871094
Partial simulation consumes time: 0.03017401695251465
Partial simulation consumes time: 0.03715991973876953
Partial simulation consumes time: 0.04143404960632324
Partial simulation consumes time: 0.04098868370056152
Partial simulation consumes time: 0.037346839904785156
Partial simulation consumes time: 0.03625178337097168
Partial simulation consumes time: 0.030935049057006836
Partial simulation consumes time: 0.04071521759033203
Partial simulation consumes time: 0.0520322322845459
Partial simulation consumes time: 0.031919002532958984
Partial simulation consumes time: 0.032416582107543945
Partial simulation consumes time: 0.04249143600463867
Partial simulation consumes time: 0.03583073616027832
Partial simulation consumes time: 0.036597251892089844
Partial simulation consumes time: 0.04075932502746582
Partial simulation consumes time: 0.03614234924316406
Partial simulation consumes time: 0.03998827934265137
Partial simulation consumes time: 0.03759336471557617
Partial simulation consumes time: 0.037004709243774414
Partial simulation consumes time: 0.03766489028930664
Partial simulation consumes time: 0.03631114959716797
Partial simulation consumes time: 0.034783124923706055
Partial simulation consumes time: 0.036216020584106445
Partial simulation consumes time: 0.03698539733886719
Partial simulation consumes time: 0.045340776443481445
Partial simulation consumes time: 0.042368412017822266
Partial simulation consumes time: 0.052785634994506836
Partial simulation consumes time: 0.04913139343261719
Partial simulation consumes time: 0.04445481300354004
Partial simulation consumes time: 0.04956507682800293
Partial simulation consumes time: 0.04629778861999512
Partial simulation consumes time: 0.048911333084106445
Partial simulation consumes time: 0.04840898513793945
Partial simulation consumes time: 0.04289984703063965
Partial simulation consumes time: 0.03550982475280762
Partial simulation consumes time: 0.039168596267700195
Partial simulation consumes time: 0.03626680374145508
Partial simulation consumes time: 0.03644728660583496
Partial simulation consumes time: 0.037885427474975586
Partial simulation consumes time: 0.029979467391967773
Partial simulation consumes time: 0.03885674476623535
Partial simulation consumes time: 0.03506612777709961
Partial simulation consumes time: 0.039769887924194336
Partial simulation consumes time: 0.040668487548828125
Partial simulation consumes time: 0.014518976211547852
Partial simulation consumes time: 0.01401376724243164
Partial simulation consumes time: 0.013862848281860352
Partial simulation consumes time: 0.013951301574707031
Partial simulation consumes time: 0.013592004776000977
Partial simulation consumes time: 0.013997077941894531
Partial simulation consumes time: 0.01704263687133789
Partial simulation consumes time: 0.014535903930664062
Partial simulation consumes time: 0.014165639877319336
Partial simulation consumes time: 0.014219522476196289
Partial simulation consumes time: 0.013883352279663086
Partial simulation consumes time: 0.013684511184692383
Partial simulation consumes time: 0.013631582260131836
Partial simulation consumes time: 0.014075756072998047
Partial simulation consumes time: 0.019155502319335938
Partial simulation consumes time: 0.015915632247924805
Partial simulation consumes time: 0.013778448104858398
Partial simulation consumes time: 0.013768672943115234
Partial simulation consumes time: 0.014897584915161133
Partial simulation consumes time: 0.017421483993530273
Partial simulation consumes time: 0.013807535171508789
Partial simulation consumes time: 0.013891935348510742
Partial simulation consumes time: 0.01393580436706543
Partial simulation consumes time: 0.013812541961669922
Partial simulation consumes time: 0.013729333877563477
Partial simulation consumes time: 0.01729273796081543
Partial simulation consumes time: 0.014102458953857422
Partial simulation consumes time: 0.01385188102722168
Partial simulation consumes time: 0.014119863510131836
Partial simulation consumes time: 0.013696432113647461
Partial simulation consumes time: 0.013772249221801758
Partial simulation consumes time: 0.01363825798034668
Partial simulation consumes time: 0.013714313507080078
Partial simulation consumes time: 0.013572931289672852
Partial simulation consumes time: 0.013905763626098633
Partial simulation consumes time: 0.013843297958374023
Partial simulation consumes time: 0.013778209686279297
Partial simulation consumes time: 0.01403355598449707
Partial simulation consumes time: 0.01857614517211914
Partial simulation consumes time: 0.019599199295043945
Partial simulation consumes time: 0.01584768295288086
Partial simulation consumes time: 0.0156705379486084
Partial simulation consumes time: 0.013709068298339844
Partial simulation consumes time: 0.030394315719604492
Partial simulation consumes time: 0.013763666152954102
Partial simulation consumes time: 0.013581514358520508
Partial simulation consumes time: 0.016101837158203125
Partial simulation consumes time: 0.016752243041992188
Partial simulation consumes time: 0.014145374298095703
Partial simulation consumes time: 0.01881241798400879
Partial simulation consumes time: 0.017862319946289062
Partial simulation consumes time: 0.018236160278320312
Partial simulation consumes time: 0.015548944473266602
Partial simulation consumes time: 0.017342090606689453
Partial simulation consumes time: 0.013915538787841797
Partial simulation consumes time: 0.013891935348510742
Partial simulation consumes time: 0.014671564102172852
Partial simulation consumes time: 0.01738882064819336
Partial simulation consumes time: 0.016205787658691406
Partial simulation consumes time: 0.01770186424255371
Partial simulation consumes time: 0.014448404312133789
Partial simulation consumes time: 0.019025564193725586
Partial simulation consumes time: 0.018422842025756836
Partial simulation consumes time: 0.019269704818725586
Partial simulation consumes time: 0.018990755081176758
Partial simulation consumes time: 0.0208590030670166
Partial simulation consumes time: 0.019341468811035156
Partial simulation consumes time: 0.022424936294555664
Partial simulation consumes time: 0.018958330154418945
Partial simulation consumes time: 0.019046306610107422
Partial simulation consumes time: 0.014653682708740234
Partial simulation consumes time: 0.015100479125976562
Partial simulation consumes time: 0.014895915985107422
Partial simulation consumes time: 0.014854907989501953
Partial simulation consumes time: 0.018592119216918945
Partial simulation consumes time: 0.016704559326171875
Partial simulation consumes time: 0.014516115188598633
Partial simulation consumes time: 0.01479482650756836
Partial simulation consumes time: 0.01515340805053711
Partial simulation consumes time: 0.014801263809204102
Partial simulation consumes time: 0.014791250228881836
Partial simulation consumes time: 0.014746904373168945
Partial simulation consumes time: 0.0146636962890625
Partial simulation consumes time: 0.014640331268310547
Partial simulation consumes time: 0.019495725631713867
Partial simulation consumes time: 0.021664857864379883
Partial simulation consumes time: 0.020241498947143555
Partial simulation consumes time: 0.023830652236938477
Partial simulation consumes time: 0.015375614166259766
Partial simulation consumes time: 0.014713287353515625
Partial simulation consumes time: 0.01788187026977539
Partial simulation consumes time: 0.018369436264038086
Partial simulation consumes time: 0.02138233184814453
Partial simulation consumes time: 0.0195920467376709
Partial simulation consumes time: 0.018056392669677734
Partial simulation consumes time: 0.020308732986450195
Partial simulation consumes time: 0.02081894874572754
Partial simulation consumes time: 0.020493030548095703
Partial simulation consumes time: 0.022406339645385742
Partial simulation consumes time: 0.01826620101928711
Partial simulation consumes time: 0.018026351928710938
Partial simulation consumes time: 0.018196582794189453
Partial simulation consumes time: 0.046392202377319336
Partial simulation consumes time: 0.017325639724731445
Partial simulation consumes time: 0.019669055938720703
Partial simulation consumes time: 0.01483464241027832
Partial simulation consumes time: 0.01466226577758789
Partial simulation consumes time: 0.014744758605957031
Partial simulation consumes time: 0.01448678970336914
Partial simulation consumes time: 0.014887332916259766
Partial simulation consumes time: 0.01759791374206543
Partial simulation consumes time: 0.015152931213378906
Partial simulation consumes time: 0.01465296745300293
Partial simulation consumes time: 0.017095088958740234
Partial simulation consumes time: 0.014855384826660156
Partial simulation consumes time: 0.01651144027709961
Partial simulation consumes time: 0.021081209182739258
Partial simulation consumes time: 0.01558828353881836
Partial simulation consumes time: 0.02142620086669922
Partial simulation consumes time: 0.015025615692138672
Partial simulation consumes time: 0.01849055290222168
Partial simulation consumes time: 0.014574527740478516
Partial simulation consumes time: 0.01592397689819336
Partial simulation consumes time: 0.015326499938964844
Partial simulation consumes time: 0.014703512191772461
Partial simulation consumes time: 0.014826536178588867
Partial simulation consumes time: 0.01499032974243164
Partial simulation consumes time: 0.014904499053955078
Partial simulation consumes time: 0.01080322265625
Partial simulation consumes time: 0.010884284973144531
Partial simulation consumes time: 0.011074066162109375
Partial simulation consumes time: 0.010986566543579102
Partial simulation consumes time: 0.010960102081298828
Partial simulation consumes time: 0.010940313339233398
Partial simulation consumes time: 0.010919809341430664
Partial simulation consumes time: 0.011003255844116211
Partial simulation consumes time: 0.010714054107666016
Partial simulation consumes time: 0.01094198226928711
Partial simulation consumes time: 0.011042356491088867
Partial simulation consumes time: 0.010863542556762695
Partial simulation consumes time: 0.011208534240722656
Partial simulation consumes time: 0.011025667190551758
Partial simulation consumes time: 0.011951446533203125
Partial simulation consumes time: 0.010854244232177734
Partial simulation consumes time: 0.011119842529296875
Partial simulation consumes time: 0.011014223098754883
Partial simulation consumes time: 0.013051986694335938
Partial simulation consumes time: 0.012178897857666016
Partial simulation consumes time: 0.013450384140014648
Partial simulation consumes time: 0.011075973510742188
Partial simulation consumes time: 0.010915040969848633
Partial simulation consumes time: 0.011055946350097656
Partial simulation consumes time: 0.010919809341430664
Partial simulation consumes time: 0.012416362762451172
Partial simulation consumes time: 0.01092076301574707
Partial simulation consumes time: 0.011395454406738281
Partial simulation consumes time: 0.0106201171875
Partial simulation consumes time: 0.011035442352294922
Partial simulation consumes time: 0.011785507202148438
Partial simulation consumes time: 0.011077165603637695
Partial simulation consumes time: 0.01112985610961914
Partial simulation consumes time: 0.011138200759887695
Partial simulation consumes time: 0.011062383651733398
Partial simulation consumes time: 0.011015892028808594
Partial simulation consumes time: 0.011441230773925781
Partial simulation consumes time: 0.010817766189575195
Partial simulation consumes time: 0.011314630508422852
Partial simulation consumes time: 0.010991334915161133
Partial simulation consumes time: 0.0108489990234375
Partial simulation consumes time: 0.010873556137084961
Partial simulation consumes time: 0.013733386993408203
Partial simulation consumes time: 0.014089345932006836
Partial simulation consumes time: 0.012203693389892578
Partial simulation consumes time: 0.014449596405029297
Partial simulation consumes time: 0.011830568313598633
Partial simulation consumes time: 0.011003732681274414
Partial simulation consumes time: 0.01086568832397461
Partial simulation consumes time: 0.01086568832397461
Partial simulation consumes time: 0.01090383529663086
Partial simulation consumes time: 0.011195659637451172
Partial simulation consumes time: 0.011003971099853516
Partial simulation consumes time: 0.010808229446411133
Partial simulation consumes time: 0.010919809341430664
Partial simulation consumes time: 0.011130571365356445
Partial simulation consumes time: 0.011582612991333008
Partial simulation consumes time: 0.01133275032043457
Partial simulation consumes time: 0.015272855758666992
Partial simulation consumes time: 0.010886430740356445
Partial simulation consumes time: 0.010873556137084961
Partial simulation consumes time: 0.011114120483398438
Partial simulation consumes time: 0.010839462280273438
Partial simulation consumes time: 0.011075496673583984
Partial simulation consumes time: 0.017787694931030273
Partial simulation consumes time: 0.027112245559692383
Partial simulation consumes time: 0.016901016235351562
Partial simulation consumes time: 0.017600297927856445
Partial simulation consumes time: 0.022911548614501953
Partial simulation consumes time: 0.023418426513671875
Partial simulation consumes time: 0.017832040786743164
Partial simulation consumes time: 0.017871856689453125
Partial simulation consumes time: 0.019174575805664062
Partial simulation consumes time: 0.025673627853393555
Partial simulation consumes time: 0.024463891983032227
Partial simulation consumes time: 0.02381420135498047
Partial simulation consumes time: 0.04034423828125
Partial simulation consumes time: 0.02397632598876953
Partial simulation consumes time: 0.01773357391357422
Partial simulation consumes time: 0.02506732940673828
Partial simulation consumes time: 0.02628493309020996
Partial simulation consumes time: 0.024753332138061523
Partial simulation consumes time: 0.022504568099975586
Partial simulation consumes time: 0.02106165885925293
Partial simulation consumes time: 0.02474236488342285
Partial simulation consumes time: 0.02274179458618164
Partial simulation consumes time: 0.022609710693359375
Partial simulation consumes time: 0.023617029190063477
Partial simulation consumes time: 0.023825407028198242
Partial simulation consumes time: 0.0235593318939209
Partial simulation consumes time: 0.022629261016845703
Partial simulation consumes time: 0.02491450309753418
Partial simulation consumes time: 0.02301478385925293
Partial simulation consumes time: 0.022465944290161133
Partial simulation consumes time: 0.023668527603149414
Partial simulation consumes time: 0.017294645309448242
Partial simulation consumes time: 0.01760578155517578
Partial simulation consumes time: 0.017576932907104492
Partial simulation consumes time: 0.017686128616333008
Partial simulation consumes time: 0.01768016815185547
Partial simulation consumes time: 0.017463207244873047
Partial simulation consumes time: 0.01750779151916504
Partial simulation consumes time: 0.017693758010864258
Partial simulation consumes time: 0.01758575439453125
Partial simulation consumes time: 0.017997026443481445
Partial simulation consumes time: 0.0209805965423584
Partial simulation consumes time: 0.023558378219604492
Partial simulation consumes time: 0.02239060401916504
Partial simulation consumes time: 0.02282261848449707
Partial simulation consumes time: 0.02122974395751953
Partial simulation consumes time: 0.018010616302490234
Partial simulation consumes time: 0.022976160049438477
Partial simulation consumes time: 0.01742267608642578
Partial simulation consumes time: 0.017490148544311523
Partial simulation consumes time: 0.017714500427246094
Partial simulation consumes time: 0.017769813537597656
Partial simulation consumes time: 0.017226696014404297
Partial simulation consumes time: 0.017872333526611328
Partial simulation consumes time: 0.017545223236083984
Partial simulation consumes time: 0.01779031753540039
Partial simulation consumes time: 0.017772197723388672
Partial simulation consumes time: 0.017208576202392578
Partial simulation consumes time: 0.01762104034423828
Partial simulation consumes time: 0.017496109008789062
Partial simulation consumes time: 0.017412662506103516
Partial simulation consumes time: 0.018482208251953125
Partial simulation consumes time: 0.01749873161315918
Partial simulation consumes time: 0.03320646286010742
Partial simulation consumes time: 0.017039060592651367
Partial simulation consumes time: 0.018842458724975586
Partial simulation consumes time: 0.016339778900146484
Partial simulation consumes time: 0.017083406448364258
Partial simulation consumes time: 0.01694464683532715
Partial simulation consumes time: 0.016685009002685547
Partial simulation consumes time: 0.016121625900268555
Partial simulation consumes time: 0.017329692840576172
Partial simulation consumes time: 0.016263246536254883
Partial simulation consumes time: 0.016295433044433594
Partial simulation consumes time: 0.01831674575805664
Partial simulation consumes time: 0.01759648323059082
Partial simulation consumes time: 0.01754140853881836
Partial simulation consumes time: 0.016144275665283203
Partial simulation consumes time: 0.01718759536743164
Partial simulation consumes time: 0.01752638816833496
Partial simulation consumes time: 0.0183260440826416
Partial simulation consumes time: 0.0167386531829834
Partial simulation consumes time: 0.0162961483001709
Partial simulation consumes time: 0.026699542999267578
Partial simulation consumes time: 0.016320228576660156
Partial simulation consumes time: 0.016927003860473633
Partial simulation consumes time: 0.016149520874023438
Partial simulation consumes time: 0.01603102684020996
Partial simulation consumes time: 0.016771316528320312
Partial simulation consumes time: 0.01761627197265625
Partial simulation consumes time: 0.016747474670410156
Partial simulation consumes time: 0.016007184982299805
Partial simulation consumes time: 0.017110824584960938
Partial simulation consumes time: 0.016904115676879883
Partial simulation consumes time: 0.016104459762573242
Partial simulation consumes time: 0.016797542572021484
Partial simulation consumes time: 0.018172502517700195
Partial simulation consumes time: 0.01630711555480957
Partial simulation consumes time: 0.01632833480834961
Partial simulation consumes time: 0.016251802444458008
Partial simulation consumes time: 0.016582489013671875
Partial simulation consumes time: 0.016318559646606445
Partial simulation consumes time: 0.016747236251831055
Partial simulation consumes time: 0.016832828521728516
Partial simulation consumes time: 0.019707918167114258
Partial simulation consumes time: 0.021070480346679688
Partial simulation consumes time: 0.016499996185302734
Partial simulation consumes time: 0.02237248420715332
Partial simulation consumes time: 0.017949342727661133
Partial simulation consumes time: 0.016390562057495117
Partial simulation consumes time: 0.016312599182128906
Partial simulation consumes time: 0.01635432243347168
Partial simulation consumes time: 0.016339540481567383
Partial simulation consumes time: 0.016355514526367188
Partial simulation consumes time: 0.018426895141601562
Partial simulation consumes time: 0.02033853530883789
Partial simulation consumes time: 0.019440174102783203
Partial simulation consumes time: 0.020041942596435547
Partial simulation consumes time: 0.01639246940612793
Partial simulation consumes time: 0.0166473388671875
Partial simulation consumes time: 0.016414165496826172
Partial simulation consumes time: 0.016700029373168945
Partial simulation consumes time: 0.01636528968811035
Partial simulation consumes time: 0.016434431076049805
Partial simulation consumes time: 0.01639556884765625
Partial simulation consumes time: 0.016309499740600586
Partial simulation consumes time: 0.0175628662109375
Partial simulation consumes time: 0.018528461456298828
Partial simulation consumes time: 0.0163881778717041
Partial simulation consumes time: 0.01641535758972168
Partial simulation consumes time: 0.02144169807434082
Partial simulation consumes time: 0.025195598602294922
Partial simulation consumes time: 0.02058100700378418
Partial simulation consumes time: 0.0201263427734375
Partial simulation consumes time: 0.025994300842285156
Partial simulation consumes time: 0.021982431411743164
Partial simulation consumes time: 0.022342681884765625
Partial simulation consumes time: 0.02018427848815918
Partial simulation consumes time: 0.021278858184814453
Partial simulation consumes time: 0.022014379501342773
Partial simulation consumes time: 0.020374059677124023
Partial simulation consumes time: 0.020550251007080078
Partial simulation consumes time: 0.044538259506225586
Partial simulation consumes time: 0.021368026733398438
Partial simulation consumes time: 0.016950130462646484
Partial simulation consumes time: 0.018146038055419922
Partial simulation consumes time: 0.01643085479736328
Partial simulation consumes time: 0.01854848861694336
Partial simulation consumes time: 0.021284103393554688
Partial simulation consumes time: 0.023387670516967773
Partial simulation consumes time: 0.022875547409057617
Partial simulation consumes time: 0.018825054168701172
Partial simulation consumes time: 0.01736617088317871
Partial simulation consumes time: 0.016016483306884766
Partial simulation consumes time: 0.02071237564086914
Partial simulation consumes time: 0.018100976943969727
Partial simulation consumes time: 0.01848602294921875
Partial simulation consumes time: 0.022084951400756836
Partial simulation consumes time: 0.018158912658691406
Partial simulation consumes time: 0.01657390594482422
Partial simulation consumes time: 0.0182952880859375
Partial simulation consumes time: 0.016396760940551758
Partial simulation consumes time: 0.023747682571411133
Partial simulation consumes time: 0.02625131607055664
Partial simulation consumes time: 0.017019987106323242
Partial simulation consumes time: 0.016384363174438477
Partial simulation consumes time: 0.017877817153930664
Partial simulation consumes time: 0.019884347915649414
Partial simulation consumes time: 0.016959428787231445
Partial simulation consumes time: 0.0210111141204834
Partial simulation consumes time: 0.01791858673095703
Partial simulation consumes time: 0.0165560245513916
Partial simulation consumes time: 0.01842522621154785
Partial simulation consumes time: 0.016447782516479492
Partial simulation consumes time: 0.016464948654174805
Partial simulation consumes time: 0.019107818603515625
Partial simulation consumes time: 0.018552541732788086
Partial simulation consumes time: 0.016329288482666016
Partial simulation consumes time: 0.018329858779907227
Partial simulation consumes time: 0.018286466598510742
Partial simulation consumes time: 0.017769336700439453
Partial simulation consumes time: 0.017662763595581055
Partial simulation consumes time: 0.017517566680908203
Partial simulation consumes time: 0.019828319549560547
Partial simulation consumes time: 0.019084692001342773
Partial simulation consumes time: 0.016192197799682617
Partial simulation consumes time: 0.015978097915649414
Partial simulation consumes time: 0.016217708587646484
Partial simulation consumes time: 0.017590761184692383
Partial simulation consumes time: 0.016620159149169922
Partial simulation consumes time: 0.017776012420654297
Partial simulation consumes time: 0.01654529571533203
Partial simulation consumes time: 0.0074956417083740234
Partial simulation consumes time: 0.007384061813354492
Partial simulation consumes time: 0.0075528621673583984
Partial simulation consumes time: 0.00843048095703125
Partial simulation consumes time: 0.0074422359466552734
Partial simulation consumes time: 0.007556438446044922
Partial simulation consumes time: 0.0073621273040771484
Partial simulation consumes time: 0.012534856796264648
Partial simulation consumes time: 0.007503986358642578
Partial simulation consumes time: 0.0075473785400390625
Partial simulation consumes time: 0.0074253082275390625
Partial simulation consumes time: 0.008994102478027344
Partial simulation consumes time: 0.007464170455932617
Partial simulation consumes time: 0.00807332992553711
Partial simulation consumes time: 0.007490634918212891
Partial simulation consumes time: 0.007437467575073242
Partial simulation consumes time: 0.007431983947753906
Partial simulation consumes time: 0.007459878921508789
Partial simulation consumes time: 0.007483243942260742
Partial simulation consumes time: 0.007365226745605469
Partial simulation consumes time: 0.007387399673461914
Partial simulation consumes time: 0.007748126983642578
Partial simulation consumes time: 0.007370710372924805
Partial simulation consumes time: 0.007333517074584961
Partial simulation consumes time: 0.0073947906494140625
Partial simulation consumes time: 0.007475852966308594
Partial simulation consumes time: 0.007604360580444336
Partial simulation consumes time: 0.007505655288696289
Partial simulation consumes time: 0.0073850154876708984
Partial simulation consumes time: 0.008211135864257812
Partial simulation consumes time: 0.0072820186614990234
Partial simulation consumes time: 0.007538557052612305
Partial simulation consumes time: 0.007724285125732422
Partial simulation consumes time: 0.009013891220092773
Partial simulation consumes time: 0.00865483283996582
Partial simulation consumes time: 0.009218454360961914
Partial simulation consumes time: 0.009830951690673828
Partial simulation consumes time: 0.008064031600952148
Partial simulation consumes time: 0.008206844329833984
Partial simulation consumes time: 0.008460283279418945
Partial simulation consumes time: 0.0076372623443603516
Partial simulation consumes time: 0.007714748382568359
Partial simulation consumes time: 0.0074748992919921875
Partial simulation consumes time: 0.007317066192626953
Partial simulation consumes time: 0.007607460021972656
Partial simulation consumes time: 0.007595062255859375
Partial simulation consumes time: 0.007497310638427734
Partial simulation consumes time: 0.007576942443847656
Partial simulation consumes time: 0.007364749908447266
Partial simulation consumes time: 0.0073544979095458984
Partial simulation consumes time: 0.007362842559814453
Partial simulation consumes time: 0.007378101348876953
Partial simulation consumes time: 0.00902247428894043
Partial simulation consumes time: 0.007487058639526367
Partial simulation consumes time: 0.007593631744384766
Partial simulation consumes time: 0.007576465606689453
Partial simulation consumes time: 0.007458925247192383
Partial simulation consumes time: 0.008728504180908203
Partial simulation consumes time: 0.007386445999145508
Partial simulation consumes time: 0.0074193477630615234
Partial simulation consumes time: 0.0075457096099853516
Partial simulation consumes time: 0.0074155330657958984
Partial simulation consumes time: 0.007744312286376953
Partial simulation consumes time: 0.007399320602416992
Partial simulation consumes time: 0.0268402099609375
Partial simulation consumes time: 0.026188373565673828
Partial simulation consumes time: 0.03371763229370117
Partial simulation consumes time: 0.035129547119140625
Partial simulation consumes time: 0.03376269340515137
Partial simulation consumes time: 0.04120516777038574
Partial simulation consumes time: 0.03571677207946777
Partial simulation consumes time: 0.03574633598327637
Partial simulation consumes time: 0.03539752960205078
Partial simulation consumes time: 0.03602933883666992
Partial simulation consumes time: 0.03341341018676758
Partial simulation consumes time: 0.04745650291442871
Partial simulation consumes time: 0.03084874153137207
Partial simulation consumes time: 0.03198719024658203
Partial simulation consumes time: 0.030878782272338867
Partial simulation consumes time: 0.03552746772766113
Partial simulation consumes time: 0.026467323303222656
Partial simulation consumes time: 0.026901960372924805
Partial simulation consumes time: 0.027794599533081055
Partial simulation consumes time: 0.026394128799438477
Partial simulation consumes time: 0.02659010887145996
Partial simulation consumes time: 0.031358957290649414
Partial simulation consumes time: 0.02784872055053711
Partial simulation consumes time: 0.027642011642456055
Partial simulation consumes time: 0.030327320098876953
Partial simulation consumes time: 0.025974273681640625
Partial simulation consumes time: 0.02614903450012207
Partial simulation consumes time: 0.02649521827697754
Partial simulation consumes time: 0.02661871910095215
Partial simulation consumes time: 0.02608633041381836
Partial simulation consumes time: 0.02655959129333496
Partial simulation consumes time: 0.026956796646118164
Partial simulation consumes time: 0.02716803550720215
Partial simulation consumes time: 0.026535749435424805
Partial simulation consumes time: 0.030277252197265625
Partial simulation consumes time: 0.026381969451904297
Partial simulation consumes time: 0.027339935302734375
Partial simulation consumes time: 0.03621554374694824
Partial simulation consumes time: 0.029742717742919922
Partial simulation consumes time: 0.02587890625
Partial simulation consumes time: 0.026573657989501953
Partial simulation consumes time: 0.025890350341796875
Partial simulation consumes time: 0.02628183364868164
Partial simulation consumes time: 0.02644181251525879
Partial simulation consumes time: 0.026134252548217773
Partial simulation consumes time: 0.027013063430786133
Partial simulation consumes time: 0.026198625564575195
Partial simulation consumes time: 0.02676534652709961
Partial simulation consumes time: 0.026086807250976562
Partial simulation consumes time: 0.025934219360351562
Partial simulation consumes time: 0.027078866958618164
Partial simulation consumes time: 0.027333498001098633
Partial simulation consumes time: 0.026524066925048828
Partial simulation consumes time: 0.026072978973388672
Partial simulation consumes time: 0.026282787322998047
Partial simulation consumes time: 0.02625870704650879
Partial simulation consumes time: 0.02593398094177246
Partial simulation consumes time: 0.030680418014526367
Partial simulation consumes time: 0.02588200569152832
Partial simulation consumes time: 0.02633976936340332
Partial simulation consumes time: 0.027390480041503906
Partial simulation consumes time: 0.02694249153137207
Partial simulation consumes time: 0.02654862403869629
Partial simulation consumes time: 0.03130698204040527
Partial simulation consumes time: 0.017250537872314453
Partial simulation consumes time: 0.017010211944580078
Partial simulation consumes time: 0.0175321102142334
Partial simulation consumes time: 0.01657557487487793
Partial simulation consumes time: 0.017891407012939453
Partial simulation consumes time: 0.018528461456298828
Partial simulation consumes time: 0.018751144409179688
Partial simulation consumes time: 0.016375064849853516
Partial simulation consumes time: 0.016608715057373047
Partial simulation consumes time: 0.01889324188232422
Partial simulation consumes time: 0.016831398010253906
Partial simulation consumes time: 0.017644166946411133
Partial simulation consumes time: 0.01669168472290039
Partial simulation consumes time: 0.016703367233276367
Partial simulation consumes time: 0.017867088317871094
Partial simulation consumes time: 0.03189444541931152
Partial simulation consumes time: 0.016983985900878906
Partial simulation consumes time: 0.01684284210205078
Partial simulation consumes time: 0.018756389617919922
Partial simulation consumes time: 0.017928361892700195
Partial simulation consumes time: 0.017058849334716797
Partial simulation consumes time: 0.018755435943603516
Partial simulation consumes time: 0.01676797866821289
Partial simulation consumes time: 0.01685190200805664
Partial simulation consumes time: 0.017926454544067383
Partial simulation consumes time: 0.017622947692871094
Partial simulation consumes time: 0.01705145835876465
Partial simulation consumes time: 0.016602754592895508
Partial simulation consumes time: 0.017019271850585938
Partial simulation consumes time: 0.016768693923950195
Partial simulation consumes time: 0.016803264617919922
Partial simulation consumes time: 0.020540714263916016
Partial simulation consumes time: 0.01825404167175293
Partial simulation consumes time: 0.017117023468017578
Partial simulation consumes time: 0.01696324348449707
Partial simulation consumes time: 0.01677083969116211
Partial simulation consumes time: 0.016951322555541992
Partial simulation consumes time: 0.021321773529052734
Partial simulation consumes time: 0.021714210510253906
Partial simulation consumes time: 0.02793741226196289
Partial simulation consumes time: 0.020819664001464844
Partial simulation consumes time: 0.02091050148010254
Partial simulation consumes time: 0.020746946334838867
Partial simulation consumes time: 0.020580768585205078
Partial simulation consumes time: 0.024481534957885742
Partial simulation consumes time: 0.023626089096069336
Partial simulation consumes time: 0.02352118492126465
Partial simulation consumes time: 0.024173974990844727
Partial simulation consumes time: 0.023002147674560547
Partial simulation consumes time: 0.03969717025756836
Partial simulation consumes time: 0.021882295608520508
Partial simulation consumes time: 0.01991438865661621
Partial simulation consumes time: 0.022022485733032227
Partial simulation consumes time: 0.020757675170898438
Partial simulation consumes time: 0.017538070678710938
Partial simulation consumes time: 0.022156715393066406
Partial simulation consumes time: 0.016741275787353516
Partial simulation consumes time: 0.01770472526550293
Partial simulation consumes time: 0.017148971557617188
Partial simulation consumes time: 0.01686692237854004
Partial simulation consumes time: 0.016973257064819336
Partial simulation consumes time: 0.01701664924621582
Partial simulation consumes time: 0.016500473022460938
Partial simulation consumes time: 0.016928911209106445
Partial simulation consumes time: 0.009631872177124023
Partial simulation consumes time: 0.009480476379394531
Partial simulation consumes time: 0.009730815887451172
Partial simulation consumes time: 0.009700775146484375
Partial simulation consumes time: 0.009712457656860352
Partial simulation consumes time: 0.009925603866577148
Partial simulation consumes time: 0.009631872177124023
Partial simulation consumes time: 0.009782791137695312
Partial simulation consumes time: 0.009558677673339844
Partial simulation consumes time: 0.009818792343139648
Partial simulation consumes time: 0.009567499160766602
Partial simulation consumes time: 0.009651899337768555
Partial simulation consumes time: 0.009852886199951172
Partial simulation consumes time: 0.010292291641235352
Partial simulation consumes time: 0.009540081024169922
Partial simulation consumes time: 0.010277748107910156
Partial simulation consumes time: 0.009650707244873047
Partial simulation consumes time: 0.009453296661376953
Partial simulation consumes time: 0.010219097137451172
Partial simulation consumes time: 0.009736299514770508
Partial simulation consumes time: 0.009558916091918945
Partial simulation consumes time: 0.009697437286376953
Partial simulation consumes time: 0.009668827056884766
Partial simulation consumes time: 0.009684324264526367
Partial simulation consumes time: 0.009703874588012695
Partial simulation consumes time: 0.009551525115966797
Partial simulation consumes time: 0.009645938873291016
Partial simulation consumes time: 0.009560823440551758
Partial simulation consumes time: 0.017277240753173828
Partial simulation consumes time: 0.011896371841430664
Partial simulation consumes time: 0.009874820709228516
Partial simulation consumes time: 0.011693239212036133
Partial simulation consumes time: 0.009678363800048828
Partial simulation consumes time: 0.01077413558959961
Partial simulation consumes time: 0.009825706481933594
Partial simulation consumes time: 0.010133504867553711
Partial simulation consumes time: 0.010012388229370117
Partial simulation consumes time: 0.009541988372802734
Partial simulation consumes time: 0.00970911979675293
Partial simulation consumes time: 0.010480642318725586
Partial simulation consumes time: 0.010448455810546875
Partial simulation consumes time: 0.009731054306030273
Partial simulation consumes time: 0.016023874282836914
Partial simulation consumes time: 0.009632110595703125
Partial simulation consumes time: 0.009672164916992188
Partial simulation consumes time: 0.00950312614440918
Partial simulation consumes time: 0.009563207626342773
Partial simulation consumes time: 0.00948786735534668
Partial simulation consumes time: 0.00982046127319336
Partial simulation consumes time: 0.009815216064453125
Partial simulation consumes time: 0.009670019149780273
Partial simulation consumes time: 0.015725135803222656
Partial simulation consumes time: 0.009887456893920898
Partial simulation consumes time: 0.009969472885131836
Partial simulation consumes time: 0.009657621383666992
Partial simulation consumes time: 0.012227058410644531
Partial simulation consumes time: 0.011194705963134766
Partial simulation consumes time: 0.009352922439575195
Partial simulation consumes time: 0.012951135635375977
Partial simulation consumes time: 0.009815216064453125
Partial simulation consumes time: 0.009493589401245117
Partial simulation consumes time: 0.00979471206665039
Partial simulation consumes time: 0.009719610214233398
Partial simulation consumes time: 0.010808467864990234
Partial simulation consumes time: 0.013180971145629883
Partial simulation consumes time: 0.013116121292114258
Partial simulation consumes time: 0.013066768646240234
Partial simulation consumes time: 0.013138294219970703
Partial simulation consumes time: 0.013568878173828125
Partial simulation consumes time: 0.013333320617675781
Partial simulation consumes time: 0.016260862350463867
Partial simulation consumes time: 0.01385188102722168
Partial simulation consumes time: 0.013506889343261719
Partial simulation consumes time: 0.014066696166992188
Partial simulation consumes time: 0.014089345932006836
Partial simulation consumes time: 0.01630544662475586
Partial simulation consumes time: 0.012962579727172852
Partial simulation consumes time: 0.01616835594177246
Partial simulation consumes time: 0.02188420295715332
Partial simulation consumes time: 0.013065099716186523
Partial simulation consumes time: 0.0160982608795166
Partial simulation consumes time: 0.013900995254516602
Partial simulation consumes time: 0.013212203979492188
Partial simulation consumes time: 0.013464212417602539
Partial simulation consumes time: 0.013155937194824219
Partial simulation consumes time: 0.016357898712158203
Partial simulation consumes time: 0.014191627502441406
Partial simulation consumes time: 0.013234853744506836
Partial simulation consumes time: 0.013108253479003906
Partial simulation consumes time: 0.012921333312988281
Partial simulation consumes time: 0.016448020935058594
Partial simulation consumes time: 0.01302194595336914
Partial simulation consumes time: 0.013077020645141602
Partial simulation consumes time: 0.013471126556396484
Partial simulation consumes time: 0.013562917709350586
Partial simulation consumes time: 0.01929306983947754
Partial simulation consumes time: 0.013207197189331055
Partial simulation consumes time: 0.013106346130371094
Partial simulation consumes time: 0.013566017150878906
Partial simulation consumes time: 0.01298213005065918
Partial simulation consumes time: 0.016283750534057617
Partial simulation consumes time: 0.013756990432739258
Partial simulation consumes time: 0.015009164810180664
Partial simulation consumes time: 0.014990806579589844
Partial simulation consumes time: 0.01578664779663086
Partial simulation consumes time: 0.018619775772094727
Partial simulation consumes time: 0.01773524284362793
Partial simulation consumes time: 0.01763606071472168
Partial simulation consumes time: 0.0194394588470459
Partial simulation consumes time: 0.016183853149414062
Partial simulation consumes time: 0.018997669219970703
Partial simulation consumes time: 0.016721010208129883
Partial simulation consumes time: 0.016482114791870117
Partial simulation consumes time: 0.016226530075073242
Partial simulation consumes time: 0.015932559967041016
Partial simulation consumes time: 0.018391847610473633
Partial simulation consumes time: 0.016280174255371094
Partial simulation consumes time: 0.018468856811523438
Partial simulation consumes time: 0.015124797821044922
Partial simulation consumes time: 0.01677227020263672
Partial simulation consumes time: 0.016400814056396484
Partial simulation consumes time: 0.013222694396972656
Partial simulation consumes time: 0.013120412826538086
Partial simulation consumes time: 0.013318538665771484
Partial simulation consumes time: 0.012991905212402344
Partial simulation consumes time: 0.01584339141845703
Partial simulation consumes time: 0.0135498046875
Partial simulation consumes time: 0.01318359375
Qdao runs:	55.93638062477112
_initialize	0.8624913692474365
_preprocess	10.646355152130127
_postprocess	20.178365468978882
_run	55.05004000663757
load_sv	10.143213033676147
store_sv	20.157252311706543
Quafu runs:	26.916183948516846
.

================= 1 passed, 11 deselected in 89.06s (0:01:29) ==================
