============================= test session starts ==============================
platform linux -- Python 3.10.6, pytest-7.2.0, pluggy-1.0.0
rootdir: /root/projects/qcs
collected 12 items / 11 deselected / 1 selected

tst/qdao/engine.py 
::::::::::::::::::Config::::::::::::::::::

NQ::	22
NP::	16
NL::	10
D::	19

::::::::::::::::::Config::::::::::::::::::


:::Reusing existing bench:::::/root/projects/qcs/qdao/benchmarks/qasm/random_22_19_max_operands_2_gen.qasm::::::::

Partial simulation consumes time: 0.014982938766479492
Partial simulation consumes time: 0.015045881271362305
Partial simulation consumes time: 0.013669252395629883
Partial simulation consumes time: 0.013659954071044922
Partial simulation consumes time: 0.01488804817199707
Partial simulation consumes time: 0.014184713363647461
Partial simulation consumes time: 0.014158010482788086
Partial simulation consumes time: 0.01395273208618164
Partial simulation consumes time: 0.01608896255493164
Partial simulation consumes time: 0.015541553497314453
Partial simulation consumes time: 0.014062881469726562
Partial simulation consumes time: 0.013482332229614258
Partial simulation consumes time: 0.013907909393310547
Partial simulation consumes time: 0.013621330261230469
Partial simulation consumes time: 0.013898611068725586
Partial simulation consumes time: 0.013504505157470703
Partial simulation consumes time: 0.014286279678344727
Partial simulation consumes time: 0.013449668884277344
Partial simulation consumes time: 0.013466119766235352
Partial simulation consumes time: 0.014204740524291992
Partial simulation consumes time: 0.018063068389892578
Partial simulation consumes time: 0.015095233917236328
Partial simulation consumes time: 0.014053821563720703
Partial simulation consumes time: 0.016853809356689453
Partial simulation consumes time: 0.015356302261352539
Partial simulation consumes time: 0.014586687088012695
Partial simulation consumes time: 0.021539688110351562
Partial simulation consumes time: 0.014742612838745117
Partial simulation consumes time: 0.014410257339477539
Partial simulation consumes time: 0.014384984970092773
Partial simulation consumes time: 0.014879703521728516
Partial simulation consumes time: 0.013994455337524414
Partial simulation consumes time: 0.013883829116821289
Partial simulation consumes time: 0.014807701110839844
Partial simulation consumes time: 0.015551567077636719
Partial simulation consumes time: 0.014191865921020508
Partial simulation consumes time: 0.016965627670288086
Partial simulation consumes time: 0.014922857284545898
Partial simulation consumes time: 0.013483524322509766
Partial simulation consumes time: 0.01716017723083496
Partial simulation consumes time: 0.01641225814819336
Partial simulation consumes time: 0.015052556991577148
Partial simulation consumes time: 0.013657569885253906
Partial simulation consumes time: 0.015363216400146484
Partial simulation consumes time: 0.015407323837280273
Partial simulation consumes time: 0.013694524765014648
Partial simulation consumes time: 0.01604294776916504
Partial simulation consumes time: 0.014347314834594727
Partial simulation consumes time: 0.016304731369018555
Partial simulation consumes time: 0.01584172248840332
Partial simulation consumes time: 0.015616655349731445
Partial simulation consumes time: 0.01639270782470703
Partial simulation consumes time: 0.013890504837036133
Partial simulation consumes time: 0.014620542526245117
Partial simulation consumes time: 0.014786720275878906
Partial simulation consumes time: 0.013593673706054688
Partial simulation consumes time: 0.014477729797363281
Partial simulation consumes time: 0.013555288314819336
Partial simulation consumes time: 0.014606952667236328
Partial simulation consumes time: 0.01428675651550293
Partial simulation consumes time: 0.014509439468383789
Partial simulation consumes time: 0.016718387603759766
Partial simulation consumes time: 0.013377904891967773
Partial simulation consumes time: 0.013507843017578125
Partial simulation consumes time: 0.012469291687011719
Partial simulation consumes time: 0.012950897216796875
Partial simulation consumes time: 0.014667272567749023
Partial simulation consumes time: 0.013864517211914062
Partial simulation consumes time: 0.016200780868530273
Partial simulation consumes time: 0.01299738883972168
Partial simulation consumes time: 0.01239156723022461
Partial simulation consumes time: 0.014536619186401367
Partial simulation consumes time: 0.012533187866210938
Partial simulation consumes time: 0.012928485870361328
Partial simulation consumes time: 0.01247549057006836
Partial simulation consumes time: 0.014457941055297852
Partial simulation consumes time: 0.013113975524902344
Partial simulation consumes time: 0.013994216918945312
Partial simulation consumes time: 0.012846708297729492
Partial simulation consumes time: 0.014545679092407227
Partial simulation consumes time: 0.014740467071533203
Partial simulation consumes time: 0.01374197006225586
Partial simulation consumes time: 0.013660669326782227
Partial simulation consumes time: 0.013278007507324219
Partial simulation consumes time: 0.013105392456054688
Partial simulation consumes time: 0.014163017272949219
Partial simulation consumes time: 0.01308894157409668
Partial simulation consumes time: 0.01316523551940918
Partial simulation consumes time: 0.013070344924926758
Partial simulation consumes time: 0.013389348983764648
Partial simulation consumes time: 0.013079166412353516
Partial simulation consumes time: 0.012956619262695312
Partial simulation consumes time: 0.013233661651611328
Partial simulation consumes time: 0.012890100479125977
Partial simulation consumes time: 0.012653827667236328
Partial simulation consumes time: 0.012913227081298828
Partial simulation consumes time: 0.012709617614746094
Partial simulation consumes time: 0.014179229736328125
Partial simulation consumes time: 0.015041828155517578
Partial simulation consumes time: 0.012834310531616211
Partial simulation consumes time: 0.014006614685058594
Partial simulation consumes time: 0.013487100601196289
Partial simulation consumes time: 0.013674020767211914
Partial simulation consumes time: 0.012413740158081055
Partial simulation consumes time: 0.015030622482299805
Partial simulation consumes time: 0.012661933898925781
Partial simulation consumes time: 0.01303553581237793
Partial simulation consumes time: 0.013393640518188477
Partial simulation consumes time: 0.013346195220947266
Partial simulation consumes time: 0.012880802154541016
Partial simulation consumes time: 0.012474536895751953
Partial simulation consumes time: 0.01314687728881836
Partial simulation consumes time: 0.013184785842895508
Partial simulation consumes time: 0.012925386428833008
Partial simulation consumes time: 0.012925148010253906
Partial simulation consumes time: 0.014802217483520508
Partial simulation consumes time: 0.014466285705566406
Partial simulation consumes time: 0.013233423233032227
Partial simulation consumes time: 0.012806415557861328
Partial simulation consumes time: 0.014521598815917969
Partial simulation consumes time: 0.014221429824829102
Partial simulation consumes time: 0.013303756713867188
Partial simulation consumes time: 0.014128923416137695
Partial simulation consumes time: 0.01290750503540039
Partial simulation consumes time: 0.013686656951904297
Partial simulation consumes time: 0.01701188087463379
Partial simulation consumes time: 0.012392997741699219
Partial simulation consumes time: 0.012911319732666016
Partial simulation consumes time: 0.007962703704833984
Partial simulation consumes time: 0.00799250602722168
Partial simulation consumes time: 0.008135080337524414
Partial simulation consumes time: 0.008047103881835938
Partial simulation consumes time: 0.00787663459777832
Partial simulation consumes time: 0.007803440093994141
Partial simulation consumes time: 0.00790858268737793
Partial simulation consumes time: 0.008285760879516602
Partial simulation consumes time: 0.008013486862182617
Partial simulation consumes time: 0.007837772369384766
Partial simulation consumes time: 0.008120298385620117
Partial simulation consumes time: 0.008047342300415039
Partial simulation consumes time: 0.008270502090454102
Partial simulation consumes time: 0.007806539535522461
Partial simulation consumes time: 0.008144617080688477
Partial simulation consumes time: 0.008470296859741211
Partial simulation consumes time: 0.007977962493896484
Partial simulation consumes time: 0.00825953483581543
Partial simulation consumes time: 0.008791923522949219
Partial simulation consumes time: 0.007978677749633789
Partial simulation consumes time: 0.008008003234863281
Partial simulation consumes time: 0.00788259506225586
Partial simulation consumes time: 0.007936954498291016
Partial simulation consumes time: 0.007895708084106445
Partial simulation consumes time: 0.008033275604248047
Partial simulation consumes time: 0.00812220573425293
Partial simulation consumes time: 0.008407354354858398
Partial simulation consumes time: 0.007911443710327148
Partial simulation consumes time: 0.0093536376953125
Partial simulation consumes time: 0.008266687393188477
Partial simulation consumes time: 0.008208274841308594
Partial simulation consumes time: 0.007955074310302734
Partial simulation consumes time: 0.00882863998413086
Partial simulation consumes time: 0.008711099624633789
Partial simulation consumes time: 0.00797128677368164
Partial simulation consumes time: 0.008017301559448242
Partial simulation consumes time: 0.007923603057861328
Partial simulation consumes time: 0.008015871047973633
Partial simulation consumes time: 0.00814676284790039
Partial simulation consumes time: 0.007965087890625
Partial simulation consumes time: 0.00816965103149414
Partial simulation consumes time: 0.008169174194335938
Partial simulation consumes time: 0.007909297943115234
Partial simulation consumes time: 0.007931709289550781
Partial simulation consumes time: 0.008287906646728516
Partial simulation consumes time: 0.008014202117919922
Partial simulation consumes time: 0.008591413497924805
Partial simulation consumes time: 0.0081634521484375
Partial simulation consumes time: 0.00875234603881836
Partial simulation consumes time: 0.009122610092163086
Partial simulation consumes time: 0.007950305938720703
Partial simulation consumes time: 0.007932901382446289
Partial simulation consumes time: 0.008270025253295898
Partial simulation consumes time: 0.008191347122192383
Partial simulation consumes time: 0.008125066757202148
Partial simulation consumes time: 0.007990360260009766
Partial simulation consumes time: 0.008676767349243164
Partial simulation consumes time: 0.008663177490234375
Partial simulation consumes time: 0.007977962493896484
Partial simulation consumes time: 0.008244752883911133
Partial simulation consumes time: 0.008257150650024414
Partial simulation consumes time: 0.008699893951416016
Partial simulation consumes time: 0.00834202766418457
Partial simulation consumes time: 0.00885319709777832
Partial simulation consumes time: 0.010864973068237305
Partial simulation consumes time: 0.010343074798583984
Partial simulation consumes time: 0.010754823684692383
Partial simulation consumes time: 0.010181427001953125
Partial simulation consumes time: 0.01030731201171875
Partial simulation consumes time: 0.01142573356628418
Partial simulation consumes time: 0.010411500930786133
Partial simulation consumes time: 0.01019287109375
Partial simulation consumes time: 0.01065683364868164
Partial simulation consumes time: 0.010183572769165039
Partial simulation consumes time: 0.010096549987792969
Partial simulation consumes time: 0.01041102409362793
Partial simulation consumes time: 0.010413169860839844
Partial simulation consumes time: 0.010302066802978516
Partial simulation consumes time: 0.0108184814453125
Partial simulation consumes time: 0.01124429702758789
Partial simulation consumes time: 0.011090517044067383
Partial simulation consumes time: 0.010280370712280273
Partial simulation consumes time: 0.010241985321044922
Partial simulation consumes time: 0.010563135147094727
Partial simulation consumes time: 0.010447978973388672
Partial simulation consumes time: 0.010384559631347656
Partial simulation consumes time: 0.010461807250976562
Partial simulation consumes time: 0.014156579971313477
Partial simulation consumes time: 0.01101827621459961
Partial simulation consumes time: 0.011137008666992188
Partial simulation consumes time: 0.010300159454345703
Partial simulation consumes time: 0.010251045227050781
Partial simulation consumes time: 0.010404825210571289
Partial simulation consumes time: 0.010271787643432617
Partial simulation consumes time: 0.0107574462890625
Partial simulation consumes time: 0.010169506072998047
Partial simulation consumes time: 0.010290861129760742
Partial simulation consumes time: 0.010254383087158203
Partial simulation consumes time: 0.011618852615356445
Partial simulation consumes time: 0.011315107345581055
Partial simulation consumes time: 0.010524749755859375
Partial simulation consumes time: 0.010345935821533203
Partial simulation consumes time: 0.010460376739501953
Partial simulation consumes time: 0.01065206527709961
Partial simulation consumes time: 0.012929677963256836
Partial simulation consumes time: 0.01016378402709961
Partial simulation consumes time: 0.010416507720947266
Partial simulation consumes time: 0.010462522506713867
Partial simulation consumes time: 0.010943889617919922
Partial simulation consumes time: 0.015941143035888672
Partial simulation consumes time: 0.010154247283935547
Partial simulation consumes time: 0.010631322860717773
Partial simulation consumes time: 0.010974407196044922
Partial simulation consumes time: 0.011076927185058594
Partial simulation consumes time: 0.010248184204101562
Partial simulation consumes time: 0.010674715042114258
Partial simulation consumes time: 0.010155200958251953
Partial simulation consumes time: 0.010465383529663086
Partial simulation consumes time: 0.010318756103515625
Partial simulation consumes time: 0.010126352310180664
Partial simulation consumes time: 0.011199235916137695
Partial simulation consumes time: 0.010378599166870117
Partial simulation consumes time: 0.010439872741699219
Partial simulation consumes time: 0.010190248489379883
Partial simulation consumes time: 0.010348796844482422
Partial simulation consumes time: 0.010228395462036133
Partial simulation consumes time: 0.010588407516479492
Partial simulation consumes time: 0.011561870574951172
Partial simulation consumes time: 0.008646965026855469
Partial simulation consumes time: 0.00762486457824707
Partial simulation consumes time: 0.008120536804199219
Partial simulation consumes time: 0.0075266361236572266
Partial simulation consumes time: 0.008579492568969727
Partial simulation consumes time: 0.007907867431640625
Partial simulation consumes time: 0.007977485656738281
Partial simulation consumes time: 0.00828862190246582
Partial simulation consumes time: 0.008220434188842773
Partial simulation consumes time: 0.008257150650024414
Partial simulation consumes time: 0.008138418197631836
Partial simulation consumes time: 0.007863283157348633
Partial simulation consumes time: 0.007959365844726562
Partial simulation consumes time: 0.007806539535522461
Partial simulation consumes time: 0.008231878280639648
Partial simulation consumes time: 0.007744550704956055
Partial simulation consumes time: 0.0077457427978515625
Partial simulation consumes time: 0.007668733596801758
Partial simulation consumes time: 0.008336305618286133
Partial simulation consumes time: 0.007908821105957031
Partial simulation consumes time: 0.008062124252319336
Partial simulation consumes time: 0.008295297622680664
Partial simulation consumes time: 0.00790262222290039
Partial simulation consumes time: 0.00809788703918457
Partial simulation consumes time: 0.007529258728027344
Partial simulation consumes time: 0.007659196853637695
Partial simulation consumes time: 0.007547616958618164
Partial simulation consumes time: 0.007944583892822266
Partial simulation consumes time: 0.00762176513671875
Partial simulation consumes time: 0.007483243942260742
Partial simulation consumes time: 0.007880449295043945
Partial simulation consumes time: 0.007919073104858398
Partial simulation consumes time: 0.007718801498413086
Partial simulation consumes time: 0.007682323455810547
Partial simulation consumes time: 0.00755000114440918
Partial simulation consumes time: 0.007613182067871094
Partial simulation consumes time: 0.0078067779541015625
Partial simulation consumes time: 0.007606029510498047
Partial simulation consumes time: 0.008097171783447266
Partial simulation consumes time: 0.008135318756103516
Partial simulation consumes time: 0.007934808731079102
Partial simulation consumes time: 0.007585287094116211
Partial simulation consumes time: 0.008269309997558594
Partial simulation consumes time: 0.007941007614135742
Partial simulation consumes time: 0.0075168609619140625
Partial simulation consumes time: 0.0076045989990234375
Partial simulation consumes time: 0.008059978485107422
Partial simulation consumes time: 0.008310079574584961
Partial simulation consumes time: 0.008135795593261719
Partial simulation consumes time: 0.007661581039428711
Partial simulation consumes time: 0.008112907409667969
Partial simulation consumes time: 0.00763702392578125
Partial simulation consumes time: 0.008019685745239258
Partial simulation consumes time: 0.00925755500793457
Partial simulation consumes time: 0.008677959442138672
Partial simulation consumes time: 0.00850677490234375
Partial simulation consumes time: 0.008409261703491211
Partial simulation consumes time: 0.008191823959350586
Partial simulation consumes time: 0.0077474117279052734
Partial simulation consumes time: 0.008763551712036133
Partial simulation consumes time: 0.008531332015991211
Partial simulation consumes time: 0.008582830429077148
Partial simulation consumes time: 0.008452415466308594
Partial simulation consumes time: 0.008785724639892578
Partial simulation consumes time: 0.010959386825561523
Partial simulation consumes time: 0.011089801788330078
Partial simulation consumes time: 0.012207984924316406
Partial simulation consumes time: 0.011432647705078125
Partial simulation consumes time: 0.011720657348632812
Partial simulation consumes time: 0.01105952262878418
Partial simulation consumes time: 0.011401891708374023
Partial simulation consumes time: 0.012128829956054688
Partial simulation consumes time: 0.010446310043334961
Partial simulation consumes time: 0.011379718780517578
Partial simulation consumes time: 0.010448932647705078
Partial simulation consumes time: 0.010232686996459961
Partial simulation consumes time: 0.010351419448852539
Partial simulation consumes time: 0.01014566421508789
Partial simulation consumes time: 0.010267972946166992
Partial simulation consumes time: 0.010119915008544922
Partial simulation consumes time: 0.010320901870727539
Partial simulation consumes time: 0.012054443359375
Partial simulation consumes time: 0.010491132736206055
Partial simulation consumes time: 0.010189056396484375
Partial simulation consumes time: 0.013430595397949219
Partial simulation consumes time: 0.012424707412719727
Partial simulation consumes time: 0.012155532836914062
Partial simulation consumes time: 0.010428428649902344
Partial simulation consumes time: 0.01180720329284668
Partial simulation consumes time: 0.011172771453857422
Partial simulation consumes time: 0.010071754455566406
Partial simulation consumes time: 0.010300874710083008
Partial simulation consumes time: 0.010153770446777344
Partial simulation consumes time: 0.010234355926513672
Partial simulation consumes time: 0.010270833969116211
Partial simulation consumes time: 0.01047372817993164
Partial simulation consumes time: 0.010425090789794922
Partial simulation consumes time: 0.010119438171386719
Partial simulation consumes time: 0.010210037231445312
Partial simulation consumes time: 0.01100611686706543
Partial simulation consumes time: 0.01036381721496582
Partial simulation consumes time: 0.01028752326965332
Partial simulation consumes time: 0.010195493698120117
Partial simulation consumes time: 0.010270118713378906
Partial simulation consumes time: 0.010315895080566406
Partial simulation consumes time: 0.010341644287109375
Partial simulation consumes time: 0.010465145111083984
Partial simulation consumes time: 0.01017308235168457
Partial simulation consumes time: 0.011316061019897461
Partial simulation consumes time: 0.010410308837890625
Partial simulation consumes time: 0.012432098388671875
Partial simulation consumes time: 0.017118453979492188
Partial simulation consumes time: 0.010979175567626953
Partial simulation consumes time: 0.011621475219726562
Partial simulation consumes time: 0.011102676391601562
Partial simulation consumes time: 0.010226726531982422
Partial simulation consumes time: 0.011044979095458984
Partial simulation consumes time: 0.011356115341186523
Partial simulation consumes time: 0.011031150817871094
Partial simulation consumes time: 0.010723114013671875
Partial simulation consumes time: 0.010602951049804688
Partial simulation consumes time: 0.01062321662902832
Partial simulation consumes time: 0.010517597198486328
Partial simulation consumes time: 0.010671854019165039
Partial simulation consumes time: 0.010834693908691406
Partial simulation consumes time: 0.010676860809326172
Partial simulation consumes time: 0.010853767395019531
Partial simulation consumes time: 0.010236740112304688
Partial simulation consumes time: 0.009487628936767578
Partial simulation consumes time: 0.009798288345336914
Partial simulation consumes time: 0.009245634078979492
Partial simulation consumes time: 0.009323596954345703
Partial simulation consumes time: 0.009452104568481445
Partial simulation consumes time: 0.00939798355102539
Partial simulation consumes time: 0.009334802627563477
Partial simulation consumes time: 0.011114120483398438
Partial simulation consumes time: 0.009725332260131836
Partial simulation consumes time: 0.009728670120239258
Partial simulation consumes time: 0.010431289672851562
Partial simulation consumes time: 0.01136016845703125
Partial simulation consumes time: 0.009423255920410156
Partial simulation consumes time: 0.010055780410766602
Partial simulation consumes time: 0.009629964828491211
Partial simulation consumes time: 0.009050130844116211
Partial simulation consumes time: 0.009943723678588867
Partial simulation consumes time: 0.010111093521118164
Partial simulation consumes time: 0.010791778564453125
Partial simulation consumes time: 0.009429454803466797
Partial simulation consumes time: 0.009138107299804688
Partial simulation consumes time: 0.00922083854675293
Partial simulation consumes time: 0.009657859802246094
Partial simulation consumes time: 0.009677648544311523
Partial simulation consumes time: 0.009108543395996094
Partial simulation consumes time: 0.01093435287475586
Partial simulation consumes time: 0.009611129760742188
Partial simulation consumes time: 0.009606599807739258
Partial simulation consumes time: 0.010862112045288086
Partial simulation consumes time: 0.01077413558959961
Partial simulation consumes time: 0.009390830993652344
Partial simulation consumes time: 0.009088754653930664
Partial simulation consumes time: 0.008955717086791992
Partial simulation consumes time: 0.009442567825317383
Partial simulation consumes time: 0.009512186050415039
Partial simulation consumes time: 0.010673999786376953
Partial simulation consumes time: 0.009407281875610352
Partial simulation consumes time: 0.009568214416503906
Partial simulation consumes time: 0.00979304313659668
Partial simulation consumes time: 0.012252330780029297
Partial simulation consumes time: 0.008975028991699219
Partial simulation consumes time: 0.00957632064819336
Partial simulation consumes time: 0.010341405868530273
Partial simulation consumes time: 0.010458707809448242
Partial simulation consumes time: 0.010067224502563477
Partial simulation consumes time: 0.009974002838134766
Partial simulation consumes time: 0.009470462799072266
Partial simulation consumes time: 0.009072065353393555
Partial simulation consumes time: 0.009098529815673828
Partial simulation consumes time: 0.009373188018798828
Partial simulation consumes time: 0.009461641311645508
Partial simulation consumes time: 0.00903630256652832
Partial simulation consumes time: 0.009417057037353516
Partial simulation consumes time: 0.00951385498046875
Partial simulation consumes time: 0.00917506217956543
Partial simulation consumes time: 0.009502649307250977
Partial simulation consumes time: 0.010237932205200195
Partial simulation consumes time: 0.015246868133544922
Partial simulation consumes time: 0.009149551391601562
Partial simulation consumes time: 0.009172916412353516
Partial simulation consumes time: 0.009853601455688477
Partial simulation consumes time: 0.011048078536987305
Partial simulation consumes time: 0.010509967803955078
Partial simulation consumes time: 0.010170221328735352
Partial simulation consumes time: 0.016331911087036133
Partial simulation consumes time: 0.015018939971923828
Partial simulation consumes time: 0.0151824951171875
Partial simulation consumes time: 0.015193462371826172
Partial simulation consumes time: 0.015014410018920898
Partial simulation consumes time: 0.016228675842285156
Partial simulation consumes time: 0.015197515487670898
Partial simulation consumes time: 0.015135049819946289
Partial simulation consumes time: 0.015520334243774414
Partial simulation consumes time: 0.014350175857543945
Partial simulation consumes time: 0.016576051712036133
Partial simulation consumes time: 0.014284372329711914
Partial simulation consumes time: 0.014284610748291016
Partial simulation consumes time: 0.015914201736450195
Partial simulation consumes time: 0.017981529235839844
Partial simulation consumes time: 0.01752448081970215
Partial simulation consumes time: 0.014559507369995117
Partial simulation consumes time: 0.01625204086303711
Partial simulation consumes time: 0.01434016227722168
Partial simulation consumes time: 0.01563739776611328
Partial simulation consumes time: 0.014016151428222656
Partial simulation consumes time: 0.017148971557617188
Partial simulation consumes time: 0.01743292808532715
Partial simulation consumes time: 0.017626285552978516
Partial simulation consumes time: 0.018105268478393555
Partial simulation consumes time: 0.015050172805786133
Partial simulation consumes time: 0.014417409896850586
Partial simulation consumes time: 0.01575756072998047
Partial simulation consumes time: 0.01914811134338379
Partial simulation consumes time: 0.015100479125976562
Partial simulation consumes time: 0.015715360641479492
Partial simulation consumes time: 0.015522480010986328
Partial simulation consumes time: 0.01836419105529785
Partial simulation consumes time: 0.017488956451416016
Partial simulation consumes time: 0.01413273811340332
Partial simulation consumes time: 0.015379190444946289
Partial simulation consumes time: 0.0162198543548584
Partial simulation consumes time: 0.014464855194091797
Partial simulation consumes time: 0.0167236328125
Partial simulation consumes time: 0.015584945678710938
Partial simulation consumes time: 0.014457464218139648
Partial simulation consumes time: 0.014484643936157227
Partial simulation consumes time: 0.016129493713378906
Partial simulation consumes time: 0.01573944091796875
Partial simulation consumes time: 0.015993833541870117
Partial simulation consumes time: 0.01577162742614746
Partial simulation consumes time: 0.01839423179626465
Partial simulation consumes time: 0.017611026763916016
Partial simulation consumes time: 0.017615556716918945
Partial simulation consumes time: 0.017635345458984375
Partial simulation consumes time: 0.018064022064208984
Partial simulation consumes time: 0.018139123916625977
Partial simulation consumes time: 0.01783466339111328
Partial simulation consumes time: 0.014482736587524414
Partial simulation consumes time: 0.01624894142150879
Partial simulation consumes time: 0.01409769058227539
Partial simulation consumes time: 0.014882802963256836
Partial simulation consumes time: 0.01520228385925293
Partial simulation consumes time: 0.01761770248413086
Partial simulation consumes time: 0.014711856842041016
Partial simulation consumes time: 0.01788163185119629
Partial simulation consumes time: 0.016475200653076172
Partial simulation consumes time: 0.016412734985351562
Partial simulation consumes time: 0.01435089111328125
Partial simulation consumes time: 0.01029348373413086
Partial simulation consumes time: 0.009615182876586914
Partial simulation consumes time: 0.00939631462097168
Partial simulation consumes time: 0.010404825210571289
Partial simulation consumes time: 0.010452747344970703
Partial simulation consumes time: 0.0096282958984375
Partial simulation consumes time: 0.0092010498046875
Partial simulation consumes time: 0.010496854782104492
Partial simulation consumes time: 0.009197235107421875
Partial simulation consumes time: 0.009255170822143555
Partial simulation consumes time: 0.010406255722045898
Partial simulation consumes time: 0.00923609733581543
Partial simulation consumes time: 0.009624242782592773
Partial simulation consumes time: 0.009554862976074219
Partial simulation consumes time: 0.009643793106079102
Partial simulation consumes time: 0.009247779846191406
Partial simulation consumes time: 0.010040044784545898
Partial simulation consumes time: 0.010107994079589844
Partial simulation consumes time: 0.010263681411743164
Partial simulation consumes time: 0.009911537170410156
Partial simulation consumes time: 0.009843111038208008
Partial simulation consumes time: 0.009232044219970703
Partial simulation consumes time: 0.00916743278503418
Partial simulation consumes time: 0.009645462036132812
Partial simulation consumes time: 0.011272192001342773
Partial simulation consumes time: 0.00914764404296875
Partial simulation consumes time: 0.009126424789428711
Partial simulation consumes time: 0.009372711181640625
Partial simulation consumes time: 0.010297536849975586
Partial simulation consumes time: 0.010007619857788086
Partial simulation consumes time: 0.009912490844726562
Partial simulation consumes time: 0.009736776351928711
Partial simulation consumes time: 0.011290311813354492
Partial simulation consumes time: 0.01084756851196289
Partial simulation consumes time: 0.009203910827636719
Partial simulation consumes time: 0.010597467422485352
Partial simulation consumes time: 0.014545440673828125
Partial simulation consumes time: 0.01022195816040039
Partial simulation consumes time: 0.010758638381958008
Partial simulation consumes time: 0.009252786636352539
Partial simulation consumes time: 0.010017156600952148
Partial simulation consumes time: 0.009296178817749023
Partial simulation consumes time: 0.009485960006713867
Partial simulation consumes time: 0.010162830352783203
Partial simulation consumes time: 0.010192155838012695
Partial simulation consumes time: 0.00977325439453125
Partial simulation consumes time: 0.01057577133178711
Partial simulation consumes time: 0.010096311569213867
Partial simulation consumes time: 0.009869575500488281
Partial simulation consumes time: 0.009850740432739258
Partial simulation consumes time: 0.009613990783691406
Partial simulation consumes time: 0.009810209274291992
Partial simulation consumes time: 0.0097198486328125
Partial simulation consumes time: 0.009865522384643555
Partial simulation consumes time: 0.009449481964111328
Partial simulation consumes time: 0.009252071380615234
Partial simulation consumes time: 0.009091854095458984
Partial simulation consumes time: 0.009786128997802734
Partial simulation consumes time: 0.009972333908081055
Partial simulation consumes time: 0.01063680648803711
Partial simulation consumes time: 0.010202884674072266
Partial simulation consumes time: 0.010413646697998047
Partial simulation consumes time: 0.010223865509033203
Partial simulation consumes time: 0.010976314544677734
Partial simulation consumes time: 0.011569499969482422
Partial simulation consumes time: 0.011805534362792969
Partial simulation consumes time: 0.011345624923706055
Partial simulation consumes time: 0.009735107421875
Partial simulation consumes time: 0.010454893112182617
Partial simulation consumes time: 0.010830163955688477
Partial simulation consumes time: 0.010540485382080078
Partial simulation consumes time: 0.010202884674072266
Partial simulation consumes time: 0.010253667831420898
Partial simulation consumes time: 0.010561943054199219
Partial simulation consumes time: 0.010621309280395508
Partial simulation consumes time: 0.009829521179199219
Partial simulation consumes time: 0.010455846786499023
Partial simulation consumes time: 0.010637760162353516
Partial simulation consumes time: 0.010278701782226562
Partial simulation consumes time: 0.009711265563964844
Partial simulation consumes time: 0.010553836822509766
Partial simulation consumes time: 0.00972294807434082
Partial simulation consumes time: 0.01175379753112793
Partial simulation consumes time: 0.012705326080322266
Partial simulation consumes time: 0.010653972625732422
Partial simulation consumes time: 0.011511564254760742
Partial simulation consumes time: 0.010480403900146484
Partial simulation consumes time: 0.010559797286987305
Partial simulation consumes time: 0.009951353073120117
Partial simulation consumes time: 0.009950399398803711
Partial simulation consumes time: 0.010535478591918945
Partial simulation consumes time: 0.014782905578613281
Partial simulation consumes time: 0.012438058853149414
Partial simulation consumes time: 0.009777307510375977
Partial simulation consumes time: 0.010466337203979492
Partial simulation consumes time: 0.012688875198364258
Partial simulation consumes time: 0.01046299934387207
Partial simulation consumes time: 0.010517120361328125
Partial simulation consumes time: 0.010604381561279297
Partial simulation consumes time: 0.01044154167175293
Partial simulation consumes time: 0.010622739791870117
Partial simulation consumes time: 0.009794473648071289
Partial simulation consumes time: 0.013369083404541016
Partial simulation consumes time: 0.010045766830444336
Partial simulation consumes time: 0.010990142822265625
Partial simulation consumes time: 0.010009527206420898
Partial simulation consumes time: 0.010499715805053711
Partial simulation consumes time: 0.010013341903686523
Partial simulation consumes time: 0.011549949645996094
Partial simulation consumes time: 0.009948968887329102
Partial simulation consumes time: 0.010535240173339844
Partial simulation consumes time: 0.010657310485839844
Partial simulation consumes time: 0.0108795166015625
Partial simulation consumes time: 0.009671688079833984
Partial simulation consumes time: 0.010299921035766602
Partial simulation consumes time: 0.011055707931518555
Partial simulation consumes time: 0.010455846786499023
Partial simulation consumes time: 0.009953022003173828
Partial simulation consumes time: 0.010602951049804688
Partial simulation consumes time: 0.011299610137939453
Partial simulation consumes time: 0.01118612289428711
Partial simulation consumes time: 0.011771440505981445
Partial simulation consumes time: 0.011996746063232422
Partial simulation consumes time: 0.010116100311279297
Partial simulation consumes time: 0.010612964630126953
Partial simulation consumes time: 0.010132312774658203
Partial simulation consumes time: 0.010594367980957031
Partial simulation consumes time: 0.01052713394165039
Partial simulation consumes time: 0.009537696838378906
Partial simulation consumes time: 0.01041412353515625
Partial simulation consumes time: 0.009562015533447266
Partial simulation consumes time: 0.009567737579345703
Partial simulation consumes time: 0.009818553924560547
Partial simulation consumes time: 0.009715795516967773
Partial simulation consumes time: 0.009842634201049805
Partial simulation consumes time: 0.009800195693969727
Partial simulation consumes time: 0.009628772735595703
Partial simulation consumes time: 0.009790420532226562
Partial simulation consumes time: 0.011116504669189453
Partial simulation consumes time: 0.009475946426391602
Partial simulation consumes time: 0.011585474014282227
Partial simulation consumes time: 0.009895801544189453
Partial simulation consumes time: 0.012138128280639648
Partial simulation consumes time: 0.010633468627929688
Partial simulation consumes time: 0.009524106979370117
Partial simulation consumes time: 0.009440898895263672
Partial simulation consumes time: 0.011322498321533203
Partial simulation consumes time: 0.011380434036254883
Partial simulation consumes time: 0.010938405990600586
Partial simulation consumes time: 0.011122465133666992
Partial simulation consumes time: 0.00971078872680664
Partial simulation consumes time: 0.009640932083129883
Partial simulation consumes time: 0.009465932846069336
Partial simulation consumes time: 0.009527444839477539
Partial simulation consumes time: 0.009549379348754883
Partial simulation consumes time: 0.009585380554199219
Partial simulation consumes time: 0.01114797592163086
Partial simulation consumes time: 0.009569644927978516
Partial simulation consumes time: 0.010042667388916016
Partial simulation consumes time: 0.01146078109741211
Partial simulation consumes time: 0.011080741882324219
Partial simulation consumes time: 0.009568214416503906
Partial simulation consumes time: 0.009421825408935547
Partial simulation consumes time: 0.0096893310546875
Partial simulation consumes time: 0.009770393371582031
Partial simulation consumes time: 0.009946107864379883
Partial simulation consumes time: 0.00982213020324707
Partial simulation consumes time: 0.01057124137878418
Partial simulation consumes time: 0.00978708267211914
Partial simulation consumes time: 0.010851144790649414
Partial simulation consumes time: 0.009618043899536133
Partial simulation consumes time: 0.011176824569702148
Partial simulation consumes time: 0.0114593505859375
Partial simulation consumes time: 0.011190652847290039
Partial simulation consumes time: 0.011220455169677734
Partial simulation consumes time: 0.009752750396728516
Partial simulation consumes time: 0.010023117065429688
Partial simulation consumes time: 0.009774923324584961
Partial simulation consumes time: 0.009592533111572266
Partial simulation consumes time: 0.011361360549926758
Partial simulation consumes time: 0.01135396957397461
Partial simulation consumes time: 0.00984954833984375
Partial simulation consumes time: 0.010120868682861328
Partial simulation consumes time: 0.44415760040283203
Partial simulation consumes time: 0.009922504425048828
Partial simulation consumes time: 0.009541749954223633
Partial simulation consumes time: 0.012617111206054688
Partial simulation consumes time: 0.011331558227539062
Partial simulation consumes time: 0.012188434600830078
Partial simulation consumes time: 0.010692358016967773
Partial simulation consumes time: 0.011211633682250977
Partial simulation consumes time: 0.009597063064575195
Partial simulation consumes time: 0.009195804595947266
Partial simulation consumes time: 0.010982990264892578
Partial simulation consumes time: 0.009026765823364258
Partial simulation consumes time: 0.009057283401489258
Partial simulation consumes time: 0.010041236877441406
Partial simulation consumes time: 0.009127378463745117
Partial simulation consumes time: 0.009664773941040039
Partial simulation consumes time: 0.009220600128173828
Partial simulation consumes time: 0.00937652587890625
Partial simulation consumes time: 0.00898599624633789
Partial simulation consumes time: 0.00926661491394043
Partial simulation consumes time: 0.009143829345703125
Partial simulation consumes time: 0.01026153564453125
Partial simulation consumes time: 0.009026050567626953
Partial simulation consumes time: 0.009346246719360352
Partial simulation consumes time: 0.009090423583984375
Partial simulation consumes time: 0.009073495864868164
Partial simulation consumes time: 0.009779930114746094
Partial simulation consumes time: 0.010375499725341797
Partial simulation consumes time: 0.009150981903076172
Partial simulation consumes time: 0.009079933166503906
Partial simulation consumes time: 0.009024858474731445
Partial simulation consumes time: 0.00913095474243164
Partial simulation consumes time: 0.009393930435180664
Partial simulation consumes time: 0.010896444320678711
Partial simulation consumes time: 0.010042190551757812
Partial simulation consumes time: 0.010761022567749023
Partial simulation consumes time: 0.008979320526123047
Partial simulation consumes time: 0.009461641311645508
Partial simulation consumes time: 0.009433269500732422
Partial simulation consumes time: 0.015024185180664062
Partial simulation consumes time: 0.009203195571899414
Partial simulation consumes time: 0.008980751037597656
Partial simulation consumes time: 0.008875131607055664
Partial simulation consumes time: 0.009062051773071289
Partial simulation consumes time: 0.009496212005615234
Partial simulation consumes time: 0.008989810943603516
Partial simulation consumes time: 0.009870290756225586
Partial simulation consumes time: 0.009721517562866211
Partial simulation consumes time: 0.009328603744506836
Partial simulation consumes time: 0.009219646453857422
Partial simulation consumes time: 0.009241342544555664
Partial simulation consumes time: 0.009439706802368164
Partial simulation consumes time: 0.009726285934448242
Partial simulation consumes time: 0.009461641311645508
Partial simulation consumes time: 0.009517669677734375
Partial simulation consumes time: 0.009866714477539062
Partial simulation consumes time: 0.009687662124633789
Partial simulation consumes time: 0.008929967880249023
Partial simulation consumes time: 0.009189367294311523
Partial simulation consumes time: 0.00898599624633789
Partial simulation consumes time: 0.009227752685546875
Partial simulation consumes time: 0.00941777229309082
Partial simulation consumes time: 0.009483098983764648
Partial simulation consumes time: 0.009853124618530273
Partial simulation consumes time: 0.009691715240478516
Partial simulation consumes time: 0.009293556213378906
Partial simulation consumes time: 0.010480403900146484
Partial simulation consumes time: 0.010069608688354492
Partial simulation consumes time: 0.009243249893188477
Partial simulation consumes time: 0.00909566879272461
Partial simulation consumes time: 0.009256601333618164
Partial simulation consumes time: 0.00895547866821289
Partial simulation consumes time: 0.008979320526123047
Partial simulation consumes time: 0.007112741470336914
Partial simulation consumes time: 0.006695985794067383
Partial simulation consumes time: 0.0066759586334228516
Partial simulation consumes time: 0.006724357604980469
Partial simulation consumes time: 0.006652355194091797
Partial simulation consumes time: 0.006744861602783203
Partial simulation consumes time: 0.0067212581634521484
Partial simulation consumes time: 0.00663304328918457
Partial simulation consumes time: 0.0065157413482666016
Partial simulation consumes time: 0.006714582443237305
Partial simulation consumes time: 0.006720542907714844
Partial simulation consumes time: 0.006676435470581055
Partial simulation consumes time: 0.006665945053100586
Partial simulation consumes time: 0.0067021846771240234
Partial simulation consumes time: 0.007137298583984375
Partial simulation consumes time: 0.0072247982025146484
Partial simulation consumes time: 0.006591320037841797
Partial simulation consumes time: 0.0067081451416015625
Partial simulation consumes time: 0.006836414337158203
Partial simulation consumes time: 0.007159709930419922
Partial simulation consumes time: 0.006676912307739258
Partial simulation consumes time: 0.006967067718505859
Partial simulation consumes time: 0.006648540496826172
Partial simulation consumes time: 0.006621122360229492
Partial simulation consumes time: 0.006699800491333008
Partial simulation consumes time: 0.00670933723449707
Partial simulation consumes time: 0.006703376770019531
Partial simulation consumes time: 0.0066318511962890625
Partial simulation consumes time: 0.006682872772216797
Partial simulation consumes time: 0.006653785705566406
Partial simulation consumes time: 0.006614208221435547
Partial simulation consumes time: 0.00677180290222168
Partial simulation consumes time: 0.006800413131713867
Partial simulation consumes time: 0.007196664810180664
Partial simulation consumes time: 0.0068323612213134766
Partial simulation consumes time: 0.0067234039306640625
Partial simulation consumes time: 0.007673025131225586
Partial simulation consumes time: 0.0070078372955322266
Partial simulation consumes time: 0.006783962249755859
Partial simulation consumes time: 0.006827592849731445
Partial simulation consumes time: 0.006778717041015625
Partial simulation consumes time: 0.006673336029052734
Partial simulation consumes time: 0.006846427917480469
Partial simulation consumes time: 0.006622791290283203
Partial simulation consumes time: 0.007082939147949219
Partial simulation consumes time: 0.006906986236572266
Partial simulation consumes time: 0.006901264190673828
Partial simulation consumes time: 0.006644010543823242
Partial simulation consumes time: 0.006628990173339844
Partial simulation consumes time: 0.007202863693237305
Partial simulation consumes time: 0.006762981414794922
Partial simulation consumes time: 0.006804466247558594
Partial simulation consumes time: 0.0067789554595947266
Partial simulation consumes time: 0.0069122314453125
Partial simulation consumes time: 0.0066547393798828125
Partial simulation consumes time: 0.006758928298950195
Partial simulation consumes time: 0.0068492889404296875
Partial simulation consumes time: 0.00763249397277832
Partial simulation consumes time: 0.007136821746826172
Partial simulation consumes time: 0.0070095062255859375
Partial simulation consumes time: 0.0067539215087890625
Partial simulation consumes time: 0.006709098815917969
Partial simulation consumes time: 0.006648540496826172
Partial simulation consumes time: 0.006924152374267578
Qdao runs:	40.34935021400452
_initialize	0.8254096508026123
_preprocess	17.399648666381836
_postprocess	12.725164413452148
_run	39.50667595863342
load_sv	17.076480388641357
store_sv	12.71453595161438
Quafu runs:	3.228817939758301
.

====================== 1 passed, 11 deselected in 47.05s =======================
