============================= test session starts ==============================
platform linux -- Python 3.10.6, pytest-7.2.0, pluggy-1.0.0
rootdir: /root/projects/qcs
collected 12 items / 11 deselected / 1 selected

tst/qdao/engine.py 
::::::::::::::::::Config::::::::::::::::::

NQ::	24
NP::	18
NL::	12
D::	21

::::::::::::::::::Config::::::::::::::::::


:::Reusing existing bench:::::/root/projects/qcs/qdao/benchmarks/qasm/random_24_21_max_operands_2_gen.qasm::::::::

Partial simulation consumes time: 0.015621185302734375
Partial simulation consumes time: 0.015255451202392578
Partial simulation consumes time: 0.014937877655029297
Partial simulation consumes time: 0.01482248306274414
Partial simulation consumes time: 0.014959096908569336
Partial simulation consumes time: 0.016891956329345703
Partial simulation consumes time: 0.018983125686645508
Partial simulation consumes time: 0.015037059783935547
Partial simulation consumes time: 0.014928579330444336
Partial simulation consumes time: 0.015039682388305664
Partial simulation consumes time: 0.014868974685668945
Partial simulation consumes time: 0.014864921569824219
Partial simulation consumes time: 0.014827251434326172
Partial simulation consumes time: 0.01480722427368164
Partial simulation consumes time: 0.01495051383972168
Partial simulation consumes time: 0.01662611961364746
Partial simulation consumes time: 0.01637101173400879
Partial simulation consumes time: 0.015082597732543945
Partial simulation consumes time: 0.014885425567626953
Partial simulation consumes time: 0.01546621322631836
Partial simulation consumes time: 0.01900458335876465
Partial simulation consumes time: 0.014705896377563477
Partial simulation consumes time: 0.014619588851928711
Partial simulation consumes time: 0.014803886413574219
Partial simulation consumes time: 0.01475977897644043
Partial simulation consumes time: 0.01487874984741211
Partial simulation consumes time: 0.014871835708618164
Partial simulation consumes time: 0.01507115364074707
Partial simulation consumes time: 0.015338420867919922
Partial simulation consumes time: 0.014810800552368164
Partial simulation consumes time: 0.014861345291137695
Partial simulation consumes time: 0.014715194702148438
Partial simulation consumes time: 0.014828205108642578
Partial simulation consumes time: 0.015255212783813477
Partial simulation consumes time: 0.014943361282348633
Partial simulation consumes time: 0.014793634414672852
Partial simulation consumes time: 0.014866828918457031
Partial simulation consumes time: 0.015766382217407227
Partial simulation consumes time: 0.014896869659423828
Partial simulation consumes time: 0.014828205108642578
Partial simulation consumes time: 0.014806747436523438
Partial simulation consumes time: 0.01494598388671875
Partial simulation consumes time: 0.01481318473815918
Partial simulation consumes time: 0.017670154571533203
Partial simulation consumes time: 0.019665241241455078
Partial simulation consumes time: 0.018843412399291992
Partial simulation consumes time: 0.015282869338989258
Partial simulation consumes time: 0.015534162521362305
Partial simulation consumes time: 0.014772891998291016
Partial simulation consumes time: 0.014715909957885742
Partial simulation consumes time: 0.014763355255126953
Partial simulation consumes time: 0.015262365341186523
Partial simulation consumes time: 0.01461172103881836
Partial simulation consumes time: 0.014632463455200195
Partial simulation consumes time: 0.014606952667236328
Partial simulation consumes time: 0.014860391616821289
Partial simulation consumes time: 0.014713525772094727
Partial simulation consumes time: 0.017431020736694336
Partial simulation consumes time: 0.015098810195922852
Partial simulation consumes time: 0.014701128005981445
Partial simulation consumes time: 0.014400720596313477
Partial simulation consumes time: 0.014844417572021484
Partial simulation consumes time: 0.014657258987426758
Partial simulation consumes time: 0.014946699142456055
Partial simulation consumes time: 0.015839338302612305
Partial simulation consumes time: 0.01558542251586914
Partial simulation consumes time: 0.014403104782104492
Partial simulation consumes time: 0.0284881591796875
Partial simulation consumes time: 0.014627933502197266
Partial simulation consumes time: 0.016141653060913086
Partial simulation consumes time: 0.01417684555053711
Partial simulation consumes time: 0.01577019691467285
Partial simulation consumes time: 0.01641249656677246
Partial simulation consumes time: 0.016124725341796875
Partial simulation consumes time: 0.014389991760253906
Partial simulation consumes time: 0.015459299087524414
Partial simulation consumes time: 0.015377998352050781
Partial simulation consumes time: 0.01836419105529785
Partial simulation consumes time: 0.01849055290222168
Partial simulation consumes time: 0.01836848258972168
Partial simulation consumes time: 0.02588939666748047
Partial simulation consumes time: 0.016004085540771484
Partial simulation consumes time: 0.014660358428955078
Partial simulation consumes time: 0.015537023544311523
Partial simulation consumes time: 0.015874147415161133
Partial simulation consumes time: 0.01756572723388672
Partial simulation consumes time: 0.01457977294921875
Partial simulation consumes time: 0.015790462493896484
Partial simulation consumes time: 0.015284299850463867
Partial simulation consumes time: 0.015848398208618164
Partial simulation consumes time: 0.015452384948730469
Partial simulation consumes time: 0.015881776809692383
Partial simulation consumes time: 0.014216899871826172
Partial simulation consumes time: 0.015247821807861328
Partial simulation consumes time: 0.01420903205871582
Partial simulation consumes time: 0.015452146530151367
Partial simulation consumes time: 0.014609813690185547
Partial simulation consumes time: 0.017108678817749023
Partial simulation consumes time: 0.0159299373626709
Partial simulation consumes time: 0.015437841415405273
Partial simulation consumes time: 0.01523280143737793
Partial simulation consumes time: 0.014458656311035156
Partial simulation consumes time: 0.01583123207092285
Partial simulation consumes time: 0.0152587890625
Partial simulation consumes time: 0.01463770866394043
Partial simulation consumes time: 0.015195608139038086
Partial simulation consumes time: 0.016565561294555664
Partial simulation consumes time: 0.018460512161254883
Partial simulation consumes time: 0.017423152923583984
Partial simulation consumes time: 0.015474796295166016
Partial simulation consumes time: 0.01545095443725586
Partial simulation consumes time: 0.015049219131469727
Partial simulation consumes time: 0.014191389083862305
Partial simulation consumes time: 0.015117406845092773
Partial simulation consumes time: 0.0146942138671875
Partial simulation consumes time: 0.015604734420776367
Partial simulation consumes time: 0.029526948928833008
Partial simulation consumes time: 0.015147686004638672
Partial simulation consumes time: 0.015839338302612305
Partial simulation consumes time: 0.014934539794921875
Partial simulation consumes time: 0.014467239379882812
Partial simulation consumes time: 0.017147541046142578
Partial simulation consumes time: 0.015595674514770508
Partial simulation consumes time: 0.0145111083984375
Partial simulation consumes time: 0.014738798141479492
Partial simulation consumes time: 0.014377593994140625
Partial simulation consumes time: 0.015194177627563477
Partial simulation consumes time: 0.01528620719909668
Partial simulation consumes time: 0.013590574264526367
Partial simulation consumes time: 0.013961076736450195
Partial simulation consumes time: 0.014433145523071289
Partial simulation consumes time: 0.012989282608032227
Partial simulation consumes time: 0.011600732803344727
Partial simulation consumes time: 0.013458490371704102
Partial simulation consumes time: 0.01161503791809082
Partial simulation consumes time: 0.013252496719360352
Partial simulation consumes time: 0.011193513870239258
Partial simulation consumes time: 0.011471748352050781
Partial simulation consumes time: 0.01102137565612793
Partial simulation consumes time: 0.013065576553344727
Partial simulation consumes time: 0.011176586151123047
Partial simulation consumes time: 0.011277198791503906
Partial simulation consumes time: 0.011145353317260742
Partial simulation consumes time: 0.011059045791625977
Partial simulation consumes time: 0.011164665222167969
Partial simulation consumes time: 0.010893106460571289
Partial simulation consumes time: 0.010906457901000977
Partial simulation consumes time: 0.011039972305297852
Partial simulation consumes time: 0.01099252700805664
Partial simulation consumes time: 0.011711835861206055
Partial simulation consumes time: 0.011176347732543945
Partial simulation consumes time: 0.011121749877929688
Partial simulation consumes time: 0.011047124862670898
Partial simulation consumes time: 0.01107645034790039
Partial simulation consumes time: 0.012442588806152344
Partial simulation consumes time: 0.010924339294433594
Partial simulation consumes time: 0.01195383071899414
Partial simulation consumes time: 0.011636018753051758
Partial simulation consumes time: 0.011209964752197266
Partial simulation consumes time: 0.014108896255493164
Partial simulation consumes time: 0.013320684432983398
Partial simulation consumes time: 0.011255025863647461
Partial simulation consumes time: 0.011082649230957031
Partial simulation consumes time: 0.011458635330200195
Partial simulation consumes time: 0.010851621627807617
Partial simulation consumes time: 0.011452436447143555
Partial simulation consumes time: 0.011922121047973633
Partial simulation consumes time: 0.01104879379272461
Partial simulation consumes time: 0.011201620101928711
Partial simulation consumes time: 0.01613616943359375
Partial simulation consumes time: 0.01833319664001465
Partial simulation consumes time: 0.01554250717163086
Partial simulation consumes time: 0.018834829330444336
Partial simulation consumes time: 0.012368440628051758
Partial simulation consumes time: 0.01112508773803711
Partial simulation consumes time: 0.011357545852661133
Partial simulation consumes time: 0.013728618621826172
Partial simulation consumes time: 0.011013269424438477
Partial simulation consumes time: 0.011507272720336914
Partial simulation consumes time: 0.011030435562133789
Partial simulation consumes time: 0.01134037971496582
Partial simulation consumes time: 0.011263847351074219
Partial simulation consumes time: 0.0115966796875
Partial simulation consumes time: 0.011289358139038086
Partial simulation consumes time: 0.011841773986816406
Partial simulation consumes time: 0.011245489120483398
Partial simulation consumes time: 0.01097416877746582
Partial simulation consumes time: 0.013144493103027344
Partial simulation consumes time: 0.01299285888671875
Partial simulation consumes time: 0.010933399200439453
Partial simulation consumes time: 0.012954950332641602
Partial simulation consumes time: 0.01169586181640625
Partial simulation consumes time: 0.020895719528198242
Partial simulation consumes time: 0.020090579986572266
Partial simulation consumes time: 0.020482540130615234
Partial simulation consumes time: 0.02022409439086914
Partial simulation consumes time: 0.02019190788269043
Partial simulation consumes time: 0.021864652633666992
Partial simulation consumes time: 0.021296262741088867
Partial simulation consumes time: 0.017445087432861328
Partial simulation consumes time: 0.022540569305419922
Partial simulation consumes time: 0.019793272018432617
Partial simulation consumes time: 0.019234418869018555
Partial simulation consumes time: 0.019780874252319336
Partial simulation consumes time: 0.02062535285949707
Partial simulation consumes time: 0.019352197647094727
Partial simulation consumes time: 0.019590377807617188
Partial simulation consumes time: 0.02107071876525879
Partial simulation consumes time: 0.01695537567138672
Partial simulation consumes time: 0.017701387405395508
Partial simulation consumes time: 0.01743626594543457
Partial simulation consumes time: 0.020134449005126953
Partial simulation consumes time: 0.018388986587524414
Partial simulation consumes time: 0.018911361694335938
Partial simulation consumes time: 0.020530223846435547
Partial simulation consumes time: 0.019816160202026367
Partial simulation consumes time: 0.017208576202392578
Partial simulation consumes time: 0.01949930191040039
Partial simulation consumes time: 0.0173342227935791
Partial simulation consumes time: 0.022074460983276367
Partial simulation consumes time: 0.017412662506103516
Partial simulation consumes time: 0.019529342651367188
Partial simulation consumes time: 0.022151947021484375
Partial simulation consumes time: 0.023388385772705078
Partial simulation consumes time: 0.020447492599487305
Partial simulation consumes time: 0.019564151763916016
Partial simulation consumes time: 0.019845008850097656
Partial simulation consumes time: 0.018270492553710938
Partial simulation consumes time: 0.017270803451538086
Partial simulation consumes time: 0.017102479934692383
Partial simulation consumes time: 0.017328977584838867
Partial simulation consumes time: 0.0205991268157959
Partial simulation consumes time: 0.44593262672424316
Partial simulation consumes time: 0.016879796981811523
Partial simulation consumes time: 0.018788576126098633
Partial simulation consumes time: 0.020032644271850586
Partial simulation consumes time: 0.01957225799560547
Partial simulation consumes time: 0.020062685012817383
Partial simulation consumes time: 0.02043914794921875
Partial simulation consumes time: 0.01953864097595215
Partial simulation consumes time: 0.021019458770751953
Partial simulation consumes time: 0.019968032836914062
Partial simulation consumes time: 0.027545928955078125
Partial simulation consumes time: 0.02454972267150879
Partial simulation consumes time: 0.02277088165283203
Partial simulation consumes time: 0.021966934204101562
Partial simulation consumes time: 0.02564692497253418
Partial simulation consumes time: 0.019910573959350586
Partial simulation consumes time: 0.018502235412597656
Partial simulation consumes time: 0.020602703094482422
Partial simulation consumes time: 0.019495010375976562
Partial simulation consumes time: 0.02115488052368164
Partial simulation consumes time: 0.017490148544311523
Partial simulation consumes time: 0.019835710525512695
Partial simulation consumes time: 0.020334959030151367
Partial simulation consumes time: 0.017136812210083008
Partial simulation consumes time: 0.014233589172363281
Partial simulation consumes time: 0.017649173736572266
Partial simulation consumes time: 0.015058040618896484
Partial simulation consumes time: 0.015275001525878906
Partial simulation consumes time: 0.015092611312866211
Partial simulation consumes time: 0.01601243019104004
Partial simulation consumes time: 0.016594409942626953
Partial simulation consumes time: 0.014171123504638672
Partial simulation consumes time: 0.014065980911254883
Partial simulation consumes time: 0.014294624328613281
Partial simulation consumes time: 0.017246723175048828
Partial simulation consumes time: 0.0285797119140625
Partial simulation consumes time: 0.01865386962890625
Partial simulation consumes time: 0.01434946060180664
Partial simulation consumes time: 0.016898632049560547
Partial simulation consumes time: 0.014926433563232422
Partial simulation consumes time: 0.015705585479736328
Partial simulation consumes time: 0.015341043472290039
Partial simulation consumes time: 0.01439666748046875
Partial simulation consumes time: 0.01785564422607422
Partial simulation consumes time: 0.01396942138671875
Partial simulation consumes time: 0.015534400939941406
Partial simulation consumes time: 0.014916181564331055
Partial simulation consumes time: 0.014146804809570312
Partial simulation consumes time: 0.014194726943969727
Partial simulation consumes time: 0.014407634735107422
Partial simulation consumes time: 0.014975786209106445
Partial simulation consumes time: 0.014292240142822266
Partial simulation consumes time: 0.014490127563476562
Partial simulation consumes time: 0.015059232711791992
Partial simulation consumes time: 0.0175325870513916
Partial simulation consumes time: 0.014168262481689453
Partial simulation consumes time: 0.015240192413330078
Partial simulation consumes time: 0.014720916748046875
Partial simulation consumes time: 0.016730308532714844
Partial simulation consumes time: 0.014507532119750977
Partial simulation consumes time: 0.01403498649597168
Partial simulation consumes time: 0.015274286270141602
Partial simulation consumes time: 0.01568770408630371
Partial simulation consumes time: 0.017857789993286133
Partial simulation consumes time: 0.014638900756835938
Partial simulation consumes time: 0.014355182647705078
Partial simulation consumes time: 0.014158487319946289
Partial simulation consumes time: 0.014306068420410156
Partial simulation consumes time: 0.014386653900146484
Partial simulation consumes time: 0.01488351821899414
Partial simulation consumes time: 0.015709400177001953
Partial simulation consumes time: 0.015493631362915039
Partial simulation consumes time: 0.015358686447143555
Partial simulation consumes time: 0.015348196029663086
Partial simulation consumes time: 0.015180826187133789
Partial simulation consumes time: 0.013950109481811523
Partial simulation consumes time: 0.014795303344726562
Partial simulation consumes time: 0.015048503875732422
Partial simulation consumes time: 0.015190601348876953
Partial simulation consumes time: 0.015466451644897461
Partial simulation consumes time: 0.014143705368041992
Partial simulation consumes time: 0.015435218811035156
Partial simulation consumes time: 0.014478445053100586
Partial simulation consumes time: 0.014032602310180664
Partial simulation consumes time: 0.019501209259033203
Partial simulation consumes time: 0.014223814010620117
Partial simulation consumes time: 0.018148422241210938
Partial simulation consumes time: 0.014074563980102539
Partial simulation consumes time: 0.014343738555908203
Partial simulation consumes time: 0.015338897705078125
Partial simulation consumes time: 0.014752626419067383
Partial simulation consumes time: 0.014489412307739258
Partial simulation consumes time: 0.014231204986572266
Partial simulation consumes time: 0.016008377075195312
Partial simulation consumes time: 0.014142990112304688
Partial simulation consumes time: 0.01787400245666504
Partial simulation consumes time: 0.017267465591430664
Partial simulation consumes time: 0.01801919937133789
Partial simulation consumes time: 0.017722368240356445
Partial simulation consumes time: 0.01416158676147461
Partial simulation consumes time: 0.014083147048950195
Partial simulation consumes time: 0.01416778564453125
Partial simulation consumes time: 0.01411747932434082
Partial simulation consumes time: 0.014245271682739258
Partial simulation consumes time: 0.01471710205078125
Partial simulation consumes time: 0.015164613723754883
Partial simulation consumes time: 0.014128446578979492
Partial simulation consumes time: 0.01422739028930664
Partial simulation consumes time: 0.013935089111328125
Partial simulation consumes time: 0.01754307746887207
Partial simulation consumes time: 0.014069080352783203
Partial simulation consumes time: 0.014255762100219727
Partial simulation consumes time: 0.014074325561523438
Partial simulation consumes time: 0.014221429824829102
Partial simulation consumes time: 0.015565156936645508
Partial simulation consumes time: 0.014136552810668945
Partial simulation consumes time: 0.014038801193237305
Partial simulation consumes time: 0.014606475830078125
Partial simulation consumes time: 0.015865325927734375
Partial simulation consumes time: 0.016083478927612305
Partial simulation consumes time: 0.016193628311157227
Partial simulation consumes time: 0.015737533569335938
Partial simulation consumes time: 0.015985965728759766
Partial simulation consumes time: 0.014223575592041016
Partial simulation consumes time: 0.019355297088623047
Partial simulation consumes time: 0.013995647430419922
Partial simulation consumes time: 0.01444864273071289
Partial simulation consumes time: 0.013931989669799805
Partial simulation consumes time: 0.01400136947631836
Partial simulation consumes time: 0.014496803283691406
Partial simulation consumes time: 0.014478683471679688
Partial simulation consumes time: 0.014290809631347656
Partial simulation consumes time: 0.013979911804199219
Partial simulation consumes time: 0.014139175415039062
Partial simulation consumes time: 0.014536142349243164
Partial simulation consumes time: 0.01412343978881836
Partial simulation consumes time: 0.014055728912353516
Partial simulation consumes time: 0.016159772872924805
Partial simulation consumes time: 0.014916658401489258
Partial simulation consumes time: 0.014786481857299805
Partial simulation consumes time: 0.014002323150634766
Partial simulation consumes time: 0.01389169692993164
Partial simulation consumes time: 0.014195919036865234
Partial simulation consumes time: 0.014696836471557617
Partial simulation consumes time: 0.01409769058227539
Partial simulation consumes time: 0.01606273651123047
Partial simulation consumes time: 0.014399290084838867
Partial simulation consumes time: 0.014211177825927734
Partial simulation consumes time: 0.014355182647705078
Partial simulation consumes time: 0.014146089553833008
Partial simulation consumes time: 0.01411747932434082
Partial simulation consumes time: 0.014166831970214844
Partial simulation consumes time: 0.019310712814331055
Partial simulation consumes time: 0.020837783813476562
Partial simulation consumes time: 0.019354581832885742
Partial simulation consumes time: 0.019699573516845703
Partial simulation consumes time: 0.020258426666259766
Partial simulation consumes time: 0.019576549530029297
Partial simulation consumes time: 0.01936817169189453
Partial simulation consumes time: 0.019230365753173828
Partial simulation consumes time: 0.01914381980895996
Partial simulation consumes time: 0.019611120223999023
Partial simulation consumes time: 0.019622087478637695
Partial simulation consumes time: 0.024074792861938477
Partial simulation consumes time: 0.02093982696533203
Partial simulation consumes time: 0.021915435791015625
Partial simulation consumes time: 0.019665956497192383
Partial simulation consumes time: 0.020604848861694336
Partial simulation consumes time: 0.020728349685668945
Partial simulation consumes time: 0.019228219985961914
Partial simulation consumes time: 0.018864870071411133
Partial simulation consumes time: 0.01996302604675293
Partial simulation consumes time: 0.020323991775512695
Partial simulation consumes time: 0.01893758773803711
Partial simulation consumes time: 0.02051830291748047
Partial simulation consumes time: 0.020138263702392578
Partial simulation consumes time: 0.02122807502746582
Partial simulation consumes time: 0.021142244338989258
Partial simulation consumes time: 0.0270843505859375
Partial simulation consumes time: 0.025061607360839844
Partial simulation consumes time: 0.02566218376159668
Partial simulation consumes time: 0.02504444122314453
Partial simulation consumes time: 0.020305395126342773
Partial simulation consumes time: 0.020482540130615234
Partial simulation consumes time: 0.019237756729125977
Partial simulation consumes time: 0.021064281463623047
Partial simulation consumes time: 0.02275562286376953
Partial simulation consumes time: 0.019251108169555664
Partial simulation consumes time: 0.019357919692993164
Partial simulation consumes time: 0.020899534225463867
Partial simulation consumes time: 0.01954793930053711
Partial simulation consumes time: 0.019008398056030273
Partial simulation consumes time: 0.019550561904907227
Partial simulation consumes time: 0.021583080291748047
Partial simulation consumes time: 0.019566059112548828
Partial simulation consumes time: 0.018806934356689453
Partial simulation consumes time: 0.019492626190185547
Partial simulation consumes time: 0.018733739852905273
Partial simulation consumes time: 0.01964735984802246
Partial simulation consumes time: 0.021255016326904297
Partial simulation consumes time: 0.023100852966308594
Partial simulation consumes time: 0.02605128288269043
Partial simulation consumes time: 0.02647995948791504
Partial simulation consumes time: 0.023792266845703125
Partial simulation consumes time: 0.02129054069519043
Partial simulation consumes time: 0.02351999282836914
Partial simulation consumes time: 0.02318596839904785
Partial simulation consumes time: 0.02419137954711914
Partial simulation consumes time: 0.024139404296875
Partial simulation consumes time: 0.023524761199951172
Partial simulation consumes time: 0.023365020751953125
Partial simulation consumes time: 0.0236663818359375
Partial simulation consumes time: 0.023691415786743164
Partial simulation consumes time: 0.0240786075592041
Partial simulation consumes time: 0.023567914962768555
Partial simulation consumes time: 0.024574995040893555
Partial simulation consumes time: 0.017297744750976562
Partial simulation consumes time: 0.016782522201538086
Partial simulation consumes time: 0.017676591873168945
Partial simulation consumes time: 0.017069101333618164
Partial simulation consumes time: 0.018354177474975586
Partial simulation consumes time: 0.018709659576416016
Partial simulation consumes time: 0.01813507080078125
Partial simulation consumes time: 0.01659250259399414
Partial simulation consumes time: 0.018779516220092773
Partial simulation consumes time: 0.01734161376953125
Partial simulation consumes time: 0.017241716384887695
Partial simulation consumes time: 0.01694798469543457
Partial simulation consumes time: 0.017603635787963867
Partial simulation consumes time: 0.01790165901184082
Partial simulation consumes time: 0.01719498634338379
Partial simulation consumes time: 0.01754474639892578
Partial simulation consumes time: 0.018524169921875
Partial simulation consumes time: 0.017940998077392578
Partial simulation consumes time: 0.01710987091064453
Partial simulation consumes time: 0.01767897605895996
Partial simulation consumes time: 0.014196395874023438
Partial simulation consumes time: 0.015046119689941406
Partial simulation consumes time: 0.017069101333618164
Partial simulation consumes time: 0.01351308822631836
Partial simulation consumes time: 0.019555330276489258
Partial simulation consumes time: 0.01761651039123535
Partial simulation consumes time: 0.015829801559448242
Partial simulation consumes time: 0.013711929321289062
Partial simulation consumes time: 0.015452861785888672
Partial simulation consumes time: 0.015128612518310547
Partial simulation consumes time: 0.014369964599609375
Partial simulation consumes time: 0.01439666748046875
Partial simulation consumes time: 0.013577461242675781
Partial simulation consumes time: 0.01443624496459961
Partial simulation consumes time: 0.014810800552368164
Partial simulation consumes time: 0.015074729919433594
Partial simulation consumes time: 0.015641450881958008
Partial simulation consumes time: 0.015474319458007812
Partial simulation consumes time: 0.014186620712280273
Partial simulation consumes time: 0.017126083374023438
Partial simulation consumes time: 0.01572728157043457
Partial simulation consumes time: 0.018600940704345703
Partial simulation consumes time: 0.01928091049194336
Partial simulation consumes time: 0.017759084701538086
Partial simulation consumes time: 0.017960309982299805
Partial simulation consumes time: 0.015400886535644531
Partial simulation consumes time: 0.01369023323059082
Partial simulation consumes time: 0.01816105842590332
Partial simulation consumes time: 0.0141143798828125
Partial simulation consumes time: 0.01595926284790039
Partial simulation consumes time: 0.016119718551635742
Partial simulation consumes time: 0.015820980072021484
Partial simulation consumes time: 0.015598297119140625
Partial simulation consumes time: 0.018056869506835938
Partial simulation consumes time: 0.0160064697265625
Partial simulation consumes time: 0.013925313949584961
Partial simulation consumes time: 0.014900684356689453
Partial simulation consumes time: 0.013708114624023438
Partial simulation consumes time: 0.013596057891845703
Partial simulation consumes time: 0.015506267547607422
Partial simulation consumes time: 0.016817569732666016
Partial simulation consumes time: 0.015691518783569336
Partial simulation consumes time: 0.015373706817626953
Partial simulation consumes time: 0.014812469482421875
Partial simulation consumes time: 0.01923823356628418
Partial simulation consumes time: 0.0215451717376709
Partial simulation consumes time: 0.018713951110839844
Partial simulation consumes time: 0.02415013313293457
Partial simulation consumes time: 0.020370960235595703
Partial simulation consumes time: 0.018729448318481445
Partial simulation consumes time: 0.01938796043395996
Partial simulation consumes time: 0.020667552947998047
Partial simulation consumes time: 0.019560575485229492
Partial simulation consumes time: 0.022461414337158203
Partial simulation consumes time: 0.020711660385131836
Partial simulation consumes time: 0.020619869232177734
Partial simulation consumes time: 0.0219573974609375
Partial simulation consumes time: 0.023910999298095703
Partial simulation consumes time: 0.025498151779174805
Partial simulation consumes time: 0.02089667320251465
Partial simulation consumes time: 0.019974946975708008
Partial simulation consumes time: 0.018959522247314453
Partial simulation consumes time: 0.022942066192626953
Partial simulation consumes time: 0.024799823760986328
Partial simulation consumes time: 0.021008729934692383
Partial simulation consumes time: 0.020905494689941406
Partial simulation consumes time: 0.023136138916015625
Partial simulation consumes time: 0.018878936767578125
Partial simulation consumes time: 0.024375200271606445
Partial simulation consumes time: 0.04004549980163574
Partial simulation consumes time: 0.024291515350341797
Partial simulation consumes time: 0.020718812942504883
Partial simulation consumes time: 0.018852710723876953
Partial simulation consumes time: 0.02194356918334961
Partial simulation consumes time: 0.019449949264526367
Partial simulation consumes time: 0.020867347717285156
Partial simulation consumes time: 0.019188404083251953
Partial simulation consumes time: 0.02097010612487793
Partial simulation consumes time: 0.020368576049804688
Partial simulation consumes time: 0.021659374237060547
Partial simulation consumes time: 0.02432107925415039
Partial simulation consumes time: 0.021090984344482422
Partial simulation consumes time: 0.02000713348388672
Partial simulation consumes time: 0.020490169525146484
Partial simulation consumes time: 0.02119278907775879
Partial simulation consumes time: 0.0198822021484375
Partial simulation consumes time: 0.021190881729125977
Partial simulation consumes time: 0.020716428756713867
Partial simulation consumes time: 0.020596981048583984
Partial simulation consumes time: 0.027571916580200195
Partial simulation consumes time: 0.020189762115478516
Partial simulation consumes time: 0.022649288177490234
Partial simulation consumes time: 0.026240110397338867
Partial simulation consumes time: 0.020388364791870117
Partial simulation consumes time: 0.023580312728881836
Partial simulation consumes time: 0.01930689811706543
Partial simulation consumes time: 0.020227670669555664
Partial simulation consumes time: 0.01995563507080078
Partial simulation consumes time: 0.021917343139648438
Partial simulation consumes time: 0.02315521240234375
Partial simulation consumes time: 0.03014397621154785
Partial simulation consumes time: 0.02116107940673828
Partial simulation consumes time: 0.019778966903686523
Partial simulation consumes time: 0.02001953125
Partial simulation consumes time: 0.018493175506591797
Partial simulation consumes time: 0.023114919662475586
Partial simulation consumes time: 0.018575429916381836
Partial simulation consumes time: 0.02127981185913086
Partial simulation consumes time: 0.014767885208129883
Partial simulation consumes time: 0.014818429946899414
Partial simulation consumes time: 0.014617919921875
Partial simulation consumes time: 0.015460014343261719
Partial simulation consumes time: 0.01484060287475586
Partial simulation consumes time: 0.015313863754272461
Partial simulation consumes time: 0.014925479888916016
Partial simulation consumes time: 0.01488637924194336
Partial simulation consumes time: 0.016123056411743164
Partial simulation consumes time: 0.014900922775268555
Partial simulation consumes time: 0.01492452621459961
Partial simulation consumes time: 0.014940738677978516
Partial simulation consumes time: 0.015776634216308594
Partial simulation consumes time: 0.01470637321472168
Partial simulation consumes time: 0.014835119247436523
Partial simulation consumes time: 0.014948844909667969
Partial simulation consumes time: 0.015853404998779297
Partial simulation consumes time: 0.01521921157836914
Partial simulation consumes time: 0.01989293098449707
Partial simulation consumes time: 0.016796350479125977
Partial simulation consumes time: 0.01922011375427246
Partial simulation consumes time: 0.02259039878845215
Partial simulation consumes time: 0.014905214309692383
Partial simulation consumes time: 0.015479564666748047
Partial simulation consumes time: 0.014868497848510742
Partial simulation consumes time: 0.01586747169494629
Partial simulation consumes time: 0.015344381332397461
Partial simulation consumes time: 0.01467442512512207
Partial simulation consumes time: 0.014749526977539062
Partial simulation consumes time: 0.014776468276977539
Partial simulation consumes time: 0.017491817474365234
Partial simulation consumes time: 0.014835596084594727
Partial simulation consumes time: 0.015991687774658203
Partial simulation consumes time: 0.015094757080078125
Partial simulation consumes time: 0.015021085739135742
Partial simulation consumes time: 0.015496969223022461
Partial simulation consumes time: 0.01778721809387207
Partial simulation consumes time: 0.01598811149597168
Partial simulation consumes time: 0.015802860260009766
Partial simulation consumes time: 0.014851570129394531
Partial simulation consumes time: 0.015032291412353516
Partial simulation consumes time: 0.015099048614501953
Partial simulation consumes time: 0.01479029655456543
Partial simulation consumes time: 0.015458822250366211
Partial simulation consumes time: 0.01465296745300293
Partial simulation consumes time: 0.014922142028808594
Partial simulation consumes time: 0.014911651611328125
Partial simulation consumes time: 0.015265703201293945
Partial simulation consumes time: 0.014692068099975586
Partial simulation consumes time: 0.014810800552368164
Partial simulation consumes time: 0.01803874969482422
Partial simulation consumes time: 0.014895439147949219
Partial simulation consumes time: 0.014891624450683594
Partial simulation consumes time: 0.014754295349121094
Partial simulation consumes time: 0.014727354049682617
Partial simulation consumes time: 0.014902830123901367
Partial simulation consumes time: 0.014921188354492188
Partial simulation consumes time: 0.015695571899414062
Partial simulation consumes time: 0.015160560607910156
Partial simulation consumes time: 0.015463829040527344
Partial simulation consumes time: 0.015585660934448242
Partial simulation consumes time: 0.016638755798339844
Partial simulation consumes time: 0.014233112335205078
Partial simulation consumes time: 0.014806747436523438
Partial simulation consumes time: 0.01874399185180664
Partial simulation consumes time: 0.023012399673461914
Partial simulation consumes time: 0.02102971076965332
Partial simulation consumes time: 0.029674291610717773
Partial simulation consumes time: 0.02028059959411621
Partial simulation consumes time: 0.019549131393432617
Partial simulation consumes time: 0.018622875213623047
Partial simulation consumes time: 0.02097463607788086
Partial simulation consumes time: 0.020179271697998047
Partial simulation consumes time: 0.01901721954345703
Partial simulation consumes time: 0.01940464973449707
Partial simulation consumes time: 0.019006013870239258
Partial simulation consumes time: 0.019144058227539062
Partial simulation consumes time: 0.02426743507385254
Partial simulation consumes time: 0.026116371154785156
Partial simulation consumes time: 0.026218414306640625
Partial simulation consumes time: 0.02452564239501953
Partial simulation consumes time: 0.01908564567565918
Partial simulation consumes time: 0.01898026466369629
Partial simulation consumes time: 0.018935203552246094
Partial simulation consumes time: 0.020884037017822266
Partial simulation consumes time: 0.02115178108215332
Partial simulation consumes time: 0.019839763641357422
Partial simulation consumes time: 0.021580934524536133
Partial simulation consumes time: 0.018812179565429688
Partial simulation consumes time: 0.02024078369140625
Partial simulation consumes time: 0.022258520126342773
Partial simulation consumes time: 0.020679473876953125
Partial simulation consumes time: 0.01905965805053711
Partial simulation consumes time: 0.022803544998168945
Partial simulation consumes time: 0.022736310958862305
Partial simulation consumes time: 0.02036118507385254
Partial simulation consumes time: 0.019018173217773438
Partial simulation consumes time: 0.025634288787841797
Partial simulation consumes time: 0.02059030532836914
Partial simulation consumes time: 0.020784616470336914
Partial simulation consumes time: 0.022359848022460938
Partial simulation consumes time: 0.02466297149658203
Partial simulation consumes time: 0.02062058448791504
Partial simulation consumes time: 0.018965482711791992
Partial simulation consumes time: 0.020394086837768555
Partial simulation consumes time: 0.018279552459716797
Partial simulation consumes time: 0.018738269805908203
Partial simulation consumes time: 0.018917083740234375
Partial simulation consumes time: 0.01918649673461914
Partial simulation consumes time: 0.0196685791015625
Partial simulation consumes time: 0.01997089385986328
Partial simulation consumes time: 0.02203679084777832
Partial simulation consumes time: 0.019197940826416016
Partial simulation consumes time: 0.01903223991394043
Partial simulation consumes time: 0.01884293556213379
Partial simulation consumes time: 0.020239830017089844
Partial simulation consumes time: 0.01893305778503418
Partial simulation consumes time: 0.019123554229736328
Partial simulation consumes time: 0.01884603500366211
Partial simulation consumes time: 0.0189211368560791
Partial simulation consumes time: 0.01903223991394043
Partial simulation consumes time: 0.01865100860595703
Partial simulation consumes time: 0.019044876098632812
Partial simulation consumes time: 0.0203702449798584
Partial simulation consumes time: 0.018724679946899414
Partial simulation consumes time: 0.02140331268310547
Partial simulation consumes time: 0.01948833465576172
Partial simulation consumes time: 0.019031524658203125
Partial simulation consumes time: 0.011084794998168945
Partial simulation consumes time: 0.011161565780639648
Partial simulation consumes time: 0.010561704635620117
Partial simulation consumes time: 0.010383129119873047
Partial simulation consumes time: 0.012046575546264648
Partial simulation consumes time: 0.010417938232421875
Partial simulation consumes time: 0.010702371597290039
Partial simulation consumes time: 0.011612653732299805
Partial simulation consumes time: 0.01051783561706543
Partial simulation consumes time: 0.010418891906738281
Partial simulation consumes time: 0.010348796844482422
Partial simulation consumes time: 0.010577917098999023
Partial simulation consumes time: 0.010365724563598633
Partial simulation consumes time: 0.01043081283569336
Partial simulation consumes time: 0.01052999496459961
Partial simulation consumes time: 0.010374307632446289
Partial simulation consumes time: 0.012681722640991211
Partial simulation consumes time: 0.010733604431152344
Partial simulation consumes time: 0.010359525680541992
Partial simulation consumes time: 0.011213064193725586
Partial simulation consumes time: 0.013751745223999023
Partial simulation consumes time: 0.010296344757080078
Partial simulation consumes time: 0.010940790176391602
Partial simulation consumes time: 0.010984182357788086
Partial simulation consumes time: 0.01037454605102539
Partial simulation consumes time: 0.010329484939575195
Partial simulation consumes time: 0.010309934616088867
Partial simulation consumes time: 0.011248350143432617
Partial simulation consumes time: 0.012055158615112305
Partial simulation consumes time: 0.01279139518737793
Partial simulation consumes time: 0.011525154113769531
Partial simulation consumes time: 0.010608196258544922
Partial simulation consumes time: 0.017453432083129883
Partial simulation consumes time: 0.01350259780883789
Partial simulation consumes time: 0.014014720916748047
Partial simulation consumes time: 0.013831138610839844
Partial simulation consumes time: 0.010471582412719727
Partial simulation consumes time: 0.012220144271850586
Partial simulation consumes time: 0.010284662246704102
Partial simulation consumes time: 0.011739015579223633
Partial simulation consumes time: 0.010306358337402344
Partial simulation consumes time: 0.01119089126586914
Partial simulation consumes time: 0.011904478073120117
Partial simulation consumes time: 0.010234832763671875
Partial simulation consumes time: 0.01033163070678711
Partial simulation consumes time: 0.010285377502441406
Partial simulation consumes time: 0.011973142623901367
Partial simulation consumes time: 0.010383129119873047
Partial simulation consumes time: 0.010827064514160156
Partial simulation consumes time: 0.010291814804077148
Partial simulation consumes time: 0.010176420211791992
Partial simulation consumes time: 0.010254383087158203
Partial simulation consumes time: 0.01034855842590332
Partial simulation consumes time: 0.010932445526123047
Partial simulation consumes time: 0.010408401489257812
Partial simulation consumes time: 0.010301589965820312
Partial simulation consumes time: 0.010423660278320312
Partial simulation consumes time: 0.013274669647216797
Partial simulation consumes time: 0.013235330581665039
Partial simulation consumes time: 0.012064456939697266
Partial simulation consumes time: 0.012664794921875
Partial simulation consumes time: 0.01107931137084961
Partial simulation consumes time: 0.010808229446411133
Partial simulation consumes time: 0.010780811309814453
Partial simulation consumes time: 0.01564311981201172
Partial simulation consumes time: 0.015637874603271484
Partial simulation consumes time: 0.015564680099487305
Partial simulation consumes time: 0.01580333709716797
Partial simulation consumes time: 0.015541553497314453
Partial simulation consumes time: 0.015589237213134766
Partial simulation consumes time: 0.015769243240356445
Partial simulation consumes time: 0.018698692321777344
Partial simulation consumes time: 0.018082141876220703
Partial simulation consumes time: 0.01660919189453125
Partial simulation consumes time: 0.016590356826782227
Partial simulation consumes time: 0.018575191497802734
Partial simulation consumes time: 0.018737316131591797
Partial simulation consumes time: 0.015707731246948242
Partial simulation consumes time: 0.01777935028076172
Partial simulation consumes time: 0.01804375648498535
Partial simulation consumes time: 0.015584230422973633
Partial simulation consumes time: 0.017132043838500977
Partial simulation consumes time: 0.016333818435668945
Partial simulation consumes time: 0.015828609466552734
Partial simulation consumes time: 0.015600204467773438
Partial simulation consumes time: 0.015662670135498047
Partial simulation consumes time: 0.01910257339477539
Partial simulation consumes time: 0.017895221710205078
Partial simulation consumes time: 0.01815176010131836
Partial simulation consumes time: 0.018162012100219727
Partial simulation consumes time: 0.019179582595825195
Partial simulation consumes time: 0.01777958869934082
Partial simulation consumes time: 0.017675161361694336
Partial simulation consumes time: 0.01893019676208496
Partial simulation consumes time: 0.016465187072753906
Partial simulation consumes time: 0.018636465072631836
Partial simulation consumes time: 0.01892995834350586
Partial simulation consumes time: 0.01849675178527832
Partial simulation consumes time: 0.01816248893737793
Partial simulation consumes time: 0.01609039306640625
Partial simulation consumes time: 0.018718481063842773
Partial simulation consumes time: 0.019658803939819336
Partial simulation consumes time: 0.01884174346923828
Partial simulation consumes time: 0.019254207611083984
Partial simulation consumes time: 0.018493175506591797
Partial simulation consumes time: 0.018283367156982422
Partial simulation consumes time: 0.015422582626342773
Partial simulation consumes time: 0.015366554260253906
Partial simulation consumes time: 0.015592336654663086
Partial simulation consumes time: 0.015358448028564453
Partial simulation consumes time: 0.01569652557373047
Partial simulation consumes time: 0.017134904861450195
Partial simulation consumes time: 0.015512466430664062
Partial simulation consumes time: 0.015801668167114258
Partial simulation consumes time: 0.015614032745361328
Partial simulation consumes time: 0.015625715255737305
Partial simulation consumes time: 0.020732641220092773
Partial simulation consumes time: 0.017297744750976562
Partial simulation consumes time: 0.018833637237548828
Partial simulation consumes time: 0.018566608428955078
Partial simulation consumes time: 0.01551675796508789
Partial simulation consumes time: 0.015460729598999023
Partial simulation consumes time: 0.015453338623046875
Partial simulation consumes time: 0.015358686447143555
Partial simulation consumes time: 0.015776634216308594
Partial simulation consumes time: 0.015290498733520508
Partial simulation consumes time: 0.015758752822875977
Partial simulation consumes time: 0.015526294708251953
Partial simulation consumes time: 0.026833534240722656
Partial simulation consumes time: 0.025905370712280273
Partial simulation consumes time: 0.02655792236328125
Partial simulation consumes time: 0.027832746505737305
Partial simulation consumes time: 0.026087045669555664
Partial simulation consumes time: 0.026551485061645508
Partial simulation consumes time: 0.026323318481445312
Partial simulation consumes time: 0.026916980743408203
Partial simulation consumes time: 0.028628110885620117
Partial simulation consumes time: 0.025749921798706055
Partial simulation consumes time: 0.025846004486083984
Partial simulation consumes time: 0.026001930236816406
Partial simulation consumes time: 0.0261838436126709
Partial simulation consumes time: 0.026448965072631836
Partial simulation consumes time: 0.02674555778503418
Partial simulation consumes time: 0.02753424644470215
Partial simulation consumes time: 0.025911331176757812
Partial simulation consumes time: 0.026009559631347656
Partial simulation consumes time: 0.028309345245361328
Partial simulation consumes time: 0.026349544525146484
Partial simulation consumes time: 0.025510549545288086
Partial simulation consumes time: 0.027153730392456055
Partial simulation consumes time: 0.026522397994995117
Partial simulation consumes time: 0.03581428527832031
Partial simulation consumes time: 0.0327303409576416
Partial simulation consumes time: 0.027082443237304688
Partial simulation consumes time: 0.029428958892822266
Partial simulation consumes time: 0.03187680244445801
Partial simulation consumes time: 0.026560068130493164
Partial simulation consumes time: 0.026979684829711914
Partial simulation consumes time: 0.02780008316040039
Partial simulation consumes time: 0.027387142181396484
Partial simulation consumes time: 0.033242225646972656
Partial simulation consumes time: 0.034440040588378906
Partial simulation consumes time: 0.026865720748901367
Partial simulation consumes time: 0.02741408348083496
Partial simulation consumes time: 0.02700638771057129
Partial simulation consumes time: 0.02670574188232422
Partial simulation consumes time: 0.02722930908203125
Partial simulation consumes time: 0.02561783790588379
Partial simulation consumes time: 0.026343822479248047
Partial simulation consumes time: 0.02603936195373535
Partial simulation consumes time: 0.03357672691345215
Partial simulation consumes time: 0.033150672912597656
Partial simulation consumes time: 0.030909061431884766
Partial simulation consumes time: 0.025769948959350586
Partial simulation consumes time: 0.028214454650878906
Partial simulation consumes time: 0.027199268341064453
Partial simulation consumes time: 0.025944232940673828
Partial simulation consumes time: 0.025719881057739258
Partial simulation consumes time: 0.03602957725524902
Partial simulation consumes time: 0.026296615600585938
Partial simulation consumes time: 0.029454469680786133
Partial simulation consumes time: 0.02546834945678711
Partial simulation consumes time: 0.026053428649902344
Partial simulation consumes time: 0.027406930923461914
Partial simulation consumes time: 0.026669740676879883
Partial simulation consumes time: 0.03412175178527832
Partial simulation consumes time: 0.030381441116333008
Partial simulation consumes time: 0.03386116027832031
Partial simulation consumes time: 0.03326106071472168
Partial simulation consumes time: 0.03991365432739258
Partial simulation consumes time: 0.03580117225646973
Partial simulation consumes time: 0.02998828887939453
Partial simulation consumes time: 0.012018203735351562
Partial simulation consumes time: 0.01265716552734375
Partial simulation consumes time: 0.012266874313354492
Partial simulation consumes time: 0.01223444938659668
Partial simulation consumes time: 0.012201786041259766
Partial simulation consumes time: 0.01250457763671875
Partial simulation consumes time: 0.01258993148803711
Partial simulation consumes time: 0.011817216873168945
Partial simulation consumes time: 0.011845827102661133
Partial simulation consumes time: 0.012955904006958008
Partial simulation consumes time: 0.012189388275146484
Partial simulation consumes time: 0.01447749137878418
Partial simulation consumes time: 0.017365694046020508
Partial simulation consumes time: 0.01410055160522461
Partial simulation consumes time: 0.012488126754760742
Partial simulation consumes time: 0.011699438095092773
Partial simulation consumes time: 0.01187753677368164
Partial simulation consumes time: 0.012365102767944336
Partial simulation consumes time: 0.013388872146606445
Partial simulation consumes time: 0.015500783920288086
Partial simulation consumes time: 0.014053821563720703
Partial simulation consumes time: 0.013545513153076172
Partial simulation consumes time: 0.013342618942260742
Partial simulation consumes time: 0.012078523635864258
Partial simulation consumes time: 0.013228178024291992
Partial simulation consumes time: 0.011796236038208008
Partial simulation consumes time: 0.012563228607177734
Partial simulation consumes time: 0.012239456176757812
Partial simulation consumes time: 0.012011289596557617
Partial simulation consumes time: 0.012184381484985352
Partial simulation consumes time: 0.011799097061157227
Partial simulation consumes time: 0.012059211730957031
Partial simulation consumes time: 0.011919021606445312
Partial simulation consumes time: 0.01164555549621582
Partial simulation consumes time: 0.011925458908081055
Partial simulation consumes time: 0.011991500854492188
Partial simulation consumes time: 0.012927770614624023
Partial simulation consumes time: 0.012232065200805664
Partial simulation consumes time: 0.012066841125488281
Partial simulation consumes time: 0.01192164421081543
Partial simulation consumes time: 0.014687538146972656
Partial simulation consumes time: 0.013555049896240234
Partial simulation consumes time: 0.012610912322998047
Partial simulation consumes time: 0.011972665786743164
Partial simulation consumes time: 0.01172327995300293
Partial simulation consumes time: 0.012038230895996094
Partial simulation consumes time: 0.011757135391235352
Partial simulation consumes time: 0.013079166412353516
Partial simulation consumes time: 0.011851310729980469
Partial simulation consumes time: 0.012017965316772461
Partial simulation consumes time: 0.012609243392944336
Partial simulation consumes time: 0.013103485107421875
Partial simulation consumes time: 0.01171731948852539
Partial simulation consumes time: 0.01262044906616211
Partial simulation consumes time: 0.012075424194335938
Partial simulation consumes time: 0.011858463287353516
Partial simulation consumes time: 0.012246370315551758
Partial simulation consumes time: 0.012385129928588867
Partial simulation consumes time: 0.011812448501586914
Partial simulation consumes time: 0.012536764144897461
Partial simulation consumes time: 0.01291799545288086
Partial simulation consumes time: 0.013170003890991211
Partial simulation consumes time: 0.012703180313110352
Partial simulation consumes time: 0.012076854705810547
Partial simulation consumes time: 0.005507469177246094
Partial simulation consumes time: 0.005359649658203125
Partial simulation consumes time: 0.005403995513916016
Partial simulation consumes time: 0.005335330963134766
Partial simulation consumes time: 0.005426645278930664
Partial simulation consumes time: 0.005301713943481445
Partial simulation consumes time: 0.005357027053833008
Partial simulation consumes time: 0.005481243133544922
Partial simulation consumes time: 0.00531315803527832
Partial simulation consumes time: 0.0052890777587890625
Partial simulation consumes time: 0.00538325309753418
Partial simulation consumes time: 0.006018877029418945
Partial simulation consumes time: 0.0052547454833984375
Partial simulation consumes time: 0.005389690399169922
Partial simulation consumes time: 0.005500316619873047
Partial simulation consumes time: 0.0053441524505615234
Partial simulation consumes time: 0.005341291427612305
Partial simulation consumes time: 0.00537562370300293
Partial simulation consumes time: 0.0054035186767578125
Partial simulation consumes time: 0.0054323673248291016
Partial simulation consumes time: 0.005332231521606445
Partial simulation consumes time: 0.005458831787109375
Partial simulation consumes time: 0.005245208740234375
Partial simulation consumes time: 0.0077533721923828125
Partial simulation consumes time: 0.0054128170013427734
Partial simulation consumes time: 0.006123542785644531
Partial simulation consumes time: 0.007886171340942383
Partial simulation consumes time: 0.00575709342956543
Partial simulation consumes time: 0.00535273551940918
Partial simulation consumes time: 0.005224943161010742
Partial simulation consumes time: 0.005436420440673828
Partial simulation consumes time: 0.0054743289947509766
Partial simulation consumes time: 0.005307197570800781
Partial simulation consumes time: 0.00535273551940918
Partial simulation consumes time: 0.005426883697509766
Partial simulation consumes time: 0.0053822994232177734
Partial simulation consumes time: 0.009233951568603516
Partial simulation consumes time: 0.005235433578491211
Partial simulation consumes time: 0.005356550216674805
Partial simulation consumes time: 0.0052890777587890625
Partial simulation consumes time: 0.0053234100341796875
Partial simulation consumes time: 0.005254030227661133
Partial simulation consumes time: 0.005403041839599609
Partial simulation consumes time: 0.005344390869140625
Partial simulation consumes time: 0.005499362945556641
Partial simulation consumes time: 0.005316019058227539
Partial simulation consumes time: 0.005366802215576172
Partial simulation consumes time: 0.005529165267944336
Partial simulation consumes time: 0.005488395690917969
Partial simulation consumes time: 0.005800962448120117
Partial simulation consumes time: 0.005292654037475586
Partial simulation consumes time: 0.0054395198822021484
Partial simulation consumes time: 0.005327939987182617
Partial simulation consumes time: 0.0054624080657958984
Partial simulation consumes time: 0.0058193206787109375
Partial simulation consumes time: 0.005428791046142578
Partial simulation consumes time: 0.005486011505126953
Partial simulation consumes time: 0.0055332183837890625
Partial simulation consumes time: 0.005300998687744141
Partial simulation consumes time: 0.005278587341308594
Partial simulation consumes time: 0.005919456481933594
Partial simulation consumes time: 0.005372285842895508
Partial simulation consumes time: 0.00525212287902832
Partial simulation consumes time: 0.005373954772949219
Qdao runs:	62.927525758743286
_initialize	1.2929582595825195
_preprocess	22.052152156829834
_postprocess	22.195044994354248
_run	61.612436056137085
load_sv	21.659305572509766
store_sv	22.17942976951599
Quafu runs:	15.65272068977356
.

================= 1 passed, 11 deselected in 83.22s (0:01:23) ==================
