============================= test session starts ==============================
platform linux -- Python 3.10.6, pytest-7.2.0, pluggy-1.0.0
rootdir: /root/projects/qcs
collected 12 items / 11 deselected / 1 selected

tst/qdao/engine.py 
::::::::::::::::::Config::::::::::::::::::

NQ::	24
NP::	18
NL::	10
D::	21

::::::::::::::::::Config::::::::::::::::::


:::Reusing existing bench:::::/root/projects/qcs/qdao/benchmarks/qasm/random_24_21_max_operands_2_gen.qasm::::::::

Partial simulation consumes time: 0.016325712203979492
Partial simulation consumes time: 0.018925189971923828
Partial simulation consumes time: 0.015862703323364258
Partial simulation consumes time: 0.015503168106079102
Partial simulation consumes time: 0.016231298446655273
Partial simulation consumes time: 0.01587986946105957
Partial simulation consumes time: 0.015917301177978516
Partial simulation consumes time: 0.016054391860961914
Partial simulation consumes time: 0.01998615264892578
Partial simulation consumes time: 0.01599431037902832
Partial simulation consumes time: 0.019099950790405273
Partial simulation consumes time: 0.016083478927612305
Partial simulation consumes time: 0.015774250030517578
Partial simulation consumes time: 0.016748666763305664
Partial simulation consumes time: 0.01717972755432129
Partial simulation consumes time: 0.016621112823486328
Partial simulation consumes time: 0.01645183563232422
Partial simulation consumes time: 0.01604771614074707
Partial simulation consumes time: 0.017717361450195312
Partial simulation consumes time: 0.021800756454467773
Partial simulation consumes time: 0.016116619110107422
Partial simulation consumes time: 0.016215085983276367
Partial simulation consumes time: 0.015944957733154297
Partial simulation consumes time: 0.015968799591064453
Partial simulation consumes time: 0.01628708839416504
Partial simulation consumes time: 0.01594400405883789
Partial simulation consumes time: 0.01930546760559082
Partial simulation consumes time: 0.015752792358398438
Partial simulation consumes time: 0.01744842529296875
Partial simulation consumes time: 0.015971660614013672
Partial simulation consumes time: 0.01587963104248047
Partial simulation consumes time: 0.015963315963745117
Partial simulation consumes time: 0.01577472686767578
Partial simulation consumes time: 0.01928997039794922
Partial simulation consumes time: 0.015917539596557617
Partial simulation consumes time: 0.0169675350189209
Partial simulation consumes time: 0.015845298767089844
Partial simulation consumes time: 0.016016721725463867
Partial simulation consumes time: 0.015959739685058594
Partial simulation consumes time: 0.015877962112426758
Partial simulation consumes time: 0.017084121704101562
Partial simulation consumes time: 0.01593017578125
Partial simulation consumes time: 0.01595783233642578
Partial simulation consumes time: 0.01616954803466797
Partial simulation consumes time: 0.016051054000854492
Partial simulation consumes time: 0.015578269958496094
Partial simulation consumes time: 0.0161287784576416
Partial simulation consumes time: 0.016573429107666016
Partial simulation consumes time: 0.01960921287536621
Partial simulation consumes time: 0.015974760055541992
Partial simulation consumes time: 0.018106937408447266
Partial simulation consumes time: 0.01571369171142578
Partial simulation consumes time: 0.016130685806274414
Partial simulation consumes time: 0.015799283981323242
Partial simulation consumes time: 0.015922069549560547
Partial simulation consumes time: 0.015588521957397461
Partial simulation consumes time: 0.015639066696166992
Partial simulation consumes time: 0.020805835723876953
Partial simulation consumes time: 0.015801191329956055
Partial simulation consumes time: 0.016655683517456055
Partial simulation consumes time: 0.015935182571411133
Partial simulation consumes time: 0.01554107666015625
Partial simulation consumes time: 0.015757322311401367
Partial simulation consumes time: 0.018340349197387695
Partial simulation consumes time: 0.020233631134033203
Partial simulation consumes time: 0.018668651580810547
Partial simulation consumes time: 0.021642684936523438
Partial simulation consumes time: 0.01923513412475586
Partial simulation consumes time: 0.02393031120300293
Partial simulation consumes time: 0.020806312561035156
Partial simulation consumes time: 0.017389774322509766
Partial simulation consumes time: 0.020025968551635742
Partial simulation consumes time: 0.017390966415405273
Partial simulation consumes time: 0.021135330200195312
Partial simulation consumes time: 0.02001476287841797
Partial simulation consumes time: 0.02080702781677246
Partial simulation consumes time: 0.02070331573486328
Partial simulation consumes time: 0.022563457489013672
Partial simulation consumes time: 0.021164894104003906
Partial simulation consumes time: 0.019667863845825195
Partial simulation consumes time: 0.0206451416015625
Partial simulation consumes time: 0.018233060836791992
Partial simulation consumes time: 0.021131515502929688
Partial simulation consumes time: 0.022162914276123047
Partial simulation consumes time: 0.02091217041015625
Partial simulation consumes time: 0.02428746223449707
Partial simulation consumes time: 0.022167444229125977
Partial simulation consumes time: 0.02048468589782715
Partial simulation consumes time: 0.03501486778259277
Partial simulation consumes time: 0.024799585342407227
Partial simulation consumes time: 0.019537925720214844
Partial simulation consumes time: 0.020212173461914062
Partial simulation consumes time: 0.026154041290283203
Partial simulation consumes time: 0.019871950149536133
Partial simulation consumes time: 0.021389007568359375
Partial simulation consumes time: 0.02100539207458496
Partial simulation consumes time: 0.01973700523376465
Partial simulation consumes time: 0.020491600036621094
Partial simulation consumes time: 0.0196382999420166
Partial simulation consumes time: 0.02053976058959961
Partial simulation consumes time: 0.020464420318603516
Partial simulation consumes time: 0.021601438522338867
Partial simulation consumes time: 0.020769119262695312
Partial simulation consumes time: 0.02073383331298828
Partial simulation consumes time: 0.020416259765625
Partial simulation consumes time: 0.02077507972717285
Partial simulation consumes time: 0.019056320190429688
Partial simulation consumes time: 0.020475387573242188
Partial simulation consumes time: 0.02487039566040039
Partial simulation consumes time: 0.020395517349243164
Partial simulation consumes time: 0.02223038673400879
Partial simulation consumes time: 0.019722938537597656
Partial simulation consumes time: 0.018288850784301758
Partial simulation consumes time: 0.017416954040527344
Partial simulation consumes time: 0.020100116729736328
Partial simulation consumes time: 0.02015376091003418
Partial simulation consumes time: 0.020121097564697266
Partial simulation consumes time: 0.020456314086914062
Partial simulation consumes time: 0.026046276092529297
Partial simulation consumes time: 0.022484779357910156
Partial simulation consumes time: 0.02162003517150879
Partial simulation consumes time: 0.02080559730529785
Partial simulation consumes time: 0.017640113830566406
Partial simulation consumes time: 0.02161240577697754
Partial simulation consumes time: 0.022109031677246094
Partial simulation consumes time: 0.019812583923339844
Partial simulation consumes time: 0.018609046936035156
Partial simulation consumes time: 0.018094539642333984
Partial simulation consumes time: 0.02494955062866211
Partial simulation consumes time: 0.02308201789855957
Partial simulation consumes time: 0.027600765228271484
Partial simulation consumes time: 0.024473905563354492
Partial simulation consumes time: 0.023337602615356445
Partial simulation consumes time: 0.030812740325927734
Partial simulation consumes time: 0.02450394630432129
Partial simulation consumes time: 0.029805898666381836
Partial simulation consumes time: 0.0240936279296875
Partial simulation consumes time: 0.023421049118041992
Partial simulation consumes time: 0.023943185806274414
Partial simulation consumes time: 0.023193836212158203
Partial simulation consumes time: 0.024506568908691406
Partial simulation consumes time: 0.023868799209594727
Partial simulation consumes time: 0.022863149642944336
Partial simulation consumes time: 0.023432493209838867
Partial simulation consumes time: 0.0276796817779541
Partial simulation consumes time: 0.02295231819152832
Partial simulation consumes time: 0.02382206916809082
Partial simulation consumes time: 0.02386164665222168
Partial simulation consumes time: 0.02328014373779297
Partial simulation consumes time: 0.02374720573425293
Partial simulation consumes time: 0.027504444122314453
Partial simulation consumes time: 0.02713918685913086
Partial simulation consumes time: 0.025932788848876953
Partial simulation consumes time: 0.028486251831054688
Partial simulation consumes time: 0.02610325813293457
Partial simulation consumes time: 0.02355337142944336
Partial simulation consumes time: 0.028215885162353516
Partial simulation consumes time: 0.02342963218688965
Partial simulation consumes time: 0.024580717086791992
Partial simulation consumes time: 0.025632143020629883
Partial simulation consumes time: 0.026872634887695312
Partial simulation consumes time: 0.024257183074951172
Partial simulation consumes time: 0.027959823608398438
Partial simulation consumes time: 0.02553844451904297
Partial simulation consumes time: 0.024057626724243164
Partial simulation consumes time: 0.023308992385864258
Partial simulation consumes time: 0.02465677261352539
Partial simulation consumes time: 0.023195266723632812
Partial simulation consumes time: 0.023966073989868164
Partial simulation consumes time: 0.0230255126953125
Partial simulation consumes time: 0.023673295974731445
Partial simulation consumes time: 0.023529529571533203
Partial simulation consumes time: 0.028827667236328125
Partial simulation consumes time: 0.026703834533691406
Partial simulation consumes time: 0.02425837516784668
Partial simulation consumes time: 0.024025440216064453
Partial simulation consumes time: 0.0230100154876709
Partial simulation consumes time: 0.026429176330566406
Partial simulation consumes time: 0.024512767791748047
Partial simulation consumes time: 0.024734020233154297
Partial simulation consumes time: 0.023092269897460938
Partial simulation consumes time: 0.02454829216003418
Partial simulation consumes time: 0.03911852836608887
Partial simulation consumes time: 0.02756357192993164
Partial simulation consumes time: 0.024613142013549805
Partial simulation consumes time: 0.026288747787475586
Partial simulation consumes time: 0.024480342864990234
Partial simulation consumes time: 0.0252988338470459
Partial simulation consumes time: 0.024959325790405273
Partial simulation consumes time: 0.023027658462524414
Partial simulation consumes time: 0.029532432556152344
Partial simulation consumes time: 0.0323481559753418
Partial simulation consumes time: 0.015418052673339844
Partial simulation consumes time: 0.01563882827758789
Partial simulation consumes time: 0.015289068222045898
Partial simulation consumes time: 0.015638113021850586
Partial simulation consumes time: 0.019337892532348633
Partial simulation consumes time: 0.015250444412231445
Partial simulation consumes time: 0.01627349853515625
Partial simulation consumes time: 0.01528310775756836
Partial simulation consumes time: 0.016215085983276367
Partial simulation consumes time: 0.015568733215332031
Partial simulation consumes time: 0.015367507934570312
Partial simulation consumes time: 0.015338659286499023
Partial simulation consumes time: 0.016973257064819336
Partial simulation consumes time: 0.017207860946655273
Partial simulation consumes time: 0.016369104385375977
Partial simulation consumes time: 0.01840353012084961
Partial simulation consumes time: 0.01505422592163086
Partial simulation consumes time: 0.017480134963989258
Partial simulation consumes time: 0.016936302185058594
Partial simulation consumes time: 0.017784595489501953
Partial simulation consumes time: 0.015381813049316406
Partial simulation consumes time: 0.016199111938476562
Partial simulation consumes time: 0.015874862670898438
Partial simulation consumes time: 0.018758296966552734
Partial simulation consumes time: 0.015467405319213867
Partial simulation consumes time: 0.017530441284179688
Partial simulation consumes time: 0.016012191772460938
Partial simulation consumes time: 0.015515565872192383
Partial simulation consumes time: 0.01561284065246582
Partial simulation consumes time: 0.015087604522705078
Partial simulation consumes time: 0.01646590232849121
Partial simulation consumes time: 0.015311956405639648
Partial simulation consumes time: 0.014994382858276367
Partial simulation consumes time: 0.015375614166259766
Partial simulation consumes time: 0.015872955322265625
Partial simulation consumes time: 0.014925479888916016
Partial simulation consumes time: 0.015090465545654297
Partial simulation consumes time: 0.01590585708618164
Partial simulation consumes time: 0.014945507049560547
Partial simulation consumes time: 0.019344806671142578
Partial simulation consumes time: 0.015080928802490234
Partial simulation consumes time: 0.015157222747802734
Partial simulation consumes time: 0.015283823013305664
Partial simulation consumes time: 0.01618027687072754
Partial simulation consumes time: 0.014979839324951172
Partial simulation consumes time: 0.015955209732055664
Partial simulation consumes time: 0.02079606056213379
Partial simulation consumes time: 0.015340805053710938
Partial simulation consumes time: 0.016457796096801758
Partial simulation consumes time: 0.016106128692626953
Partial simulation consumes time: 0.015385866165161133
Partial simulation consumes time: 0.015816926956176758
Partial simulation consumes time: 0.014996767044067383
Partial simulation consumes time: 0.015188455581665039
Partial simulation consumes time: 0.015095710754394531
Partial simulation consumes time: 0.01595473289489746
Partial simulation consumes time: 0.015066385269165039
Partial simulation consumes time: 0.015009164810180664
Partial simulation consumes time: 0.015300512313842773
Partial simulation consumes time: 0.015422821044921875
Partial simulation consumes time: 0.015335321426391602
Partial simulation consumes time: 0.014966487884521484
Partial simulation consumes time: 0.015262842178344727
Partial simulation consumes time: 0.020033836364746094
Partial simulation consumes time: 0.021280288696289062
Partial simulation consumes time: 0.01818990707397461
Partial simulation consumes time: 0.018100976943969727
Partial simulation consumes time: 0.018350839614868164
Partial simulation consumes time: 0.018798351287841797
Partial simulation consumes time: 0.01958608627319336
Partial simulation consumes time: 0.01946425437927246
Partial simulation consumes time: 0.018573284149169922
Partial simulation consumes time: 0.022037029266357422
Partial simulation consumes time: 0.01815962791442871
Partial simulation consumes time: 0.01939535140991211
Partial simulation consumes time: 0.018201351165771484
Partial simulation consumes time: 0.018254995346069336
Partial simulation consumes time: 0.019664525985717773
Partial simulation consumes time: 0.019232988357543945
Partial simulation consumes time: 0.01952505111694336
Partial simulation consumes time: 0.020535707473754883
Partial simulation consumes time: 0.02138495445251465
Partial simulation consumes time: 0.019773483276367188
Partial simulation consumes time: 0.019359111785888672
Partial simulation consumes time: 0.01909351348876953
Partial simulation consumes time: 0.019761323928833008
Partial simulation consumes time: 0.019321680068969727
Partial simulation consumes time: 0.024187803268432617
Partial simulation consumes time: 0.01851058006286621
Partial simulation consumes time: 0.0231778621673584
Partial simulation consumes time: 0.021636009216308594
Partial simulation consumes time: 0.018952608108520508
Partial simulation consumes time: 0.018819808959960938
Partial simulation consumes time: 0.019370317459106445
Partial simulation consumes time: 0.01947307586669922
Partial simulation consumes time: 0.019452571868896484
Partial simulation consumes time: 0.01869487762451172
Partial simulation consumes time: 0.019376277923583984
Partial simulation consumes time: 0.019744873046875
Partial simulation consumes time: 0.019496679306030273
Partial simulation consumes time: 0.019269227981567383
Partial simulation consumes time: 0.01979804039001465
Partial simulation consumes time: 0.01938176155090332
Partial simulation consumes time: 0.01979851722717285
Partial simulation consumes time: 0.01962757110595703
Partial simulation consumes time: 0.019475936889648438
Partial simulation consumes time: 0.019752025604248047
Partial simulation consumes time: 0.019071340560913086
Partial simulation consumes time: 0.019818782806396484
Partial simulation consumes time: 0.019163131713867188
Partial simulation consumes time: 0.019304275512695312
Partial simulation consumes time: 0.020195722579956055
Partial simulation consumes time: 0.01943683624267578
Partial simulation consumes time: 0.021891355514526367
Partial simulation consumes time: 0.01943492889404297
Partial simulation consumes time: 0.019309282302856445
Partial simulation consumes time: 0.019156217575073242
Partial simulation consumes time: 0.019853830337524414
Partial simulation consumes time: 0.01953721046447754
Partial simulation consumes time: 0.019210338592529297
Partial simulation consumes time: 0.019595861434936523
Partial simulation consumes time: 0.02003335952758789
Partial simulation consumes time: 0.019351959228515625
Partial simulation consumes time: 0.02108907699584961
Partial simulation consumes time: 0.3651556968688965
Partial simulation consumes time: 0.019766807556152344
Partial simulation consumes time: 0.01923370361328125
Partial simulation consumes time: 0.019257783889770508
Partial simulation consumes time: 0.01898980140686035
Partial simulation consumes time: 0.021921157836914062
Partial simulation consumes time: 0.022084474563598633
Partial simulation consumes time: 0.02186107635498047
Partial simulation consumes time: 0.02185988426208496
Partial simulation consumes time: 0.021440505981445312
Partial simulation consumes time: 0.018854856491088867
Partial simulation consumes time: 0.023594379425048828
Partial simulation consumes time: 0.026607513427734375
Partial simulation consumes time: 0.027942657470703125
Partial simulation consumes time: 0.02637028694152832
Partial simulation consumes time: 0.02527618408203125
Partial simulation consumes time: 0.01982593536376953
Partial simulation consumes time: 0.020350933074951172
Partial simulation consumes time: 0.018695831298828125
Partial simulation consumes time: 0.019837617874145508
Partial simulation consumes time: 0.019394636154174805
Partial simulation consumes time: 0.02010059356689453
Partial simulation consumes time: 0.023464679718017578
Partial simulation consumes time: 0.021222829818725586
Partial simulation consumes time: 0.02235865592956543
Partial simulation consumes time: 0.021651506423950195
Partial simulation consumes time: 0.02121758460998535
Partial simulation consumes time: 0.018527507781982422
Partial simulation consumes time: 0.022501468658447266
Partial simulation consumes time: 0.018632173538208008
Partial simulation consumes time: 0.021949052810668945
Partial simulation consumes time: 0.01859116554260254
Partial simulation consumes time: 0.022457599639892578
Partial simulation consumes time: 0.022869348526000977
Partial simulation consumes time: 0.021830081939697266
Partial simulation consumes time: 0.023168087005615234
Partial simulation consumes time: 0.02932286262512207
Partial simulation consumes time: 0.02175283432006836
Partial simulation consumes time: 0.02567911148071289
Partial simulation consumes time: 0.025812149047851562
Partial simulation consumes time: 0.023267030715942383
Partial simulation consumes time: 0.019014596939086914
Partial simulation consumes time: 0.021419525146484375
Partial simulation consumes time: 0.02194952964782715
Partial simulation consumes time: 0.02047586441040039
Partial simulation consumes time: 0.02091503143310547
Partial simulation consumes time: 0.0204317569732666
Partial simulation consumes time: 0.02139568328857422
Partial simulation consumes time: 0.022302865982055664
Partial simulation consumes time: 0.021461963653564453
Partial simulation consumes time: 0.02154994010925293
Partial simulation consumes time: 0.018840789794921875
Partial simulation consumes time: 0.026975393295288086
Partial simulation consumes time: 0.0243222713470459
Partial simulation consumes time: 0.024300098419189453
Partial simulation consumes time: 0.02210235595703125
Partial simulation consumes time: 0.020348548889160156
Partial simulation consumes time: 0.02357316017150879
Partial simulation consumes time: 0.023523330688476562
Partial simulation consumes time: 0.018729209899902344
Partial simulation consumes time: 0.019516706466674805
Partial simulation consumes time: 0.021776437759399414
Partial simulation consumes time: 0.018489599227905273
Partial simulation consumes time: 0.021760225296020508
Partial simulation consumes time: 0.018831968307495117
Partial simulation consumes time: 0.020673274993896484
Partial simulation consumes time: 0.01846003532409668
Partial simulation consumes time: 0.019011259078979492
Partial simulation consumes time: 0.025858163833618164
Partial simulation consumes time: 0.025717735290527344
Partial simulation consumes time: 0.02553725242614746
Partial simulation consumes time: 0.02629876136779785
Partial simulation consumes time: 0.026050567626953125
Partial simulation consumes time: 0.025529146194458008
Partial simulation consumes time: 0.02825450897216797
Partial simulation consumes time: 0.029030561447143555
Partial simulation consumes time: 0.033881425857543945
Partial simulation consumes time: 0.02628493309020996
Partial simulation consumes time: 0.025142669677734375
Partial simulation consumes time: 0.02830362319946289
Partial simulation consumes time: 0.026032447814941406
Partial simulation consumes time: 0.02672433853149414
Partial simulation consumes time: 0.024670839309692383
Partial simulation consumes time: 0.026445865631103516
Partial simulation consumes time: 0.03012394905090332
Partial simulation consumes time: 0.025014400482177734
Partial simulation consumes time: 0.026122331619262695
Partial simulation consumes time: 0.025326013565063477
Partial simulation consumes time: 0.024825096130371094
Partial simulation consumes time: 0.025198698043823242
Partial simulation consumes time: 0.030437231063842773
Partial simulation consumes time: 0.025179147720336914
Partial simulation consumes time: 0.02646660804748535
Partial simulation consumes time: 0.025601863861083984
Partial simulation consumes time: 0.02495551109313965
Partial simulation consumes time: 0.027986526489257812
Partial simulation consumes time: 0.025644779205322266
Partial simulation consumes time: 0.025037527084350586
Partial simulation consumes time: 0.025927066802978516
Partial simulation consumes time: 0.027092695236206055
Partial simulation consumes time: 0.03963589668273926
Partial simulation consumes time: 0.027254104614257812
Partial simulation consumes time: 0.025471925735473633
Partial simulation consumes time: 0.02554154396057129
Partial simulation consumes time: 0.026627302169799805
Partial simulation consumes time: 0.026896953582763672
Partial simulation consumes time: 0.02554631233215332
Partial simulation consumes time: 0.02524566650390625
Partial simulation consumes time: 0.02723073959350586
Partial simulation consumes time: 0.03426790237426758
Partial simulation consumes time: 0.02543187141418457
Partial simulation consumes time: 0.026907920837402344
Partial simulation consumes time: 0.027179479598999023
Partial simulation consumes time: 0.02499103546142578
Partial simulation consumes time: 0.026723861694335938
Partial simulation consumes time: 0.027451515197753906
Partial simulation consumes time: 0.034210205078125
Partial simulation consumes time: 0.026955842971801758
Partial simulation consumes time: 0.0310971736907959
Partial simulation consumes time: 0.025348901748657227
Partial simulation consumes time: 0.028441905975341797
Partial simulation consumes time: 0.027131319046020508
Partial simulation consumes time: 0.02582859992980957
Partial simulation consumes time: 0.027068376541137695
Partial simulation consumes time: 0.02743053436279297
Partial simulation consumes time: 0.03356289863586426
Partial simulation consumes time: 0.02968573570251465
Partial simulation consumes time: 0.027669906616210938
Partial simulation consumes time: 0.03312849998474121
Partial simulation consumes time: 0.02719855308532715
Partial simulation consumes time: 0.02846217155456543
Partial simulation consumes time: 0.026691675186157227
Partial simulation consumes time: 0.027475833892822266
Partial simulation consumes time: 0.029671430587768555
Partial simulation consumes time: 0.026779651641845703
Partial simulation consumes time: 0.02691483497619629
Partial simulation consumes time: 0.027899980545043945
Partial simulation consumes time: 0.028569698333740234
Partial simulation consumes time: 0.027852535247802734
Partial simulation consumes time: 0.035582542419433594
Partial simulation consumes time: 0.02769637107849121
Partial simulation consumes time: 0.028018712997436523
Partial simulation consumes time: 0.031060457229614258
Partial simulation consumes time: 0.03428316116333008
Partial simulation consumes time: 0.027624130249023438
Partial simulation consumes time: 0.02831292152404785
Partial simulation consumes time: 0.026729106903076172
Partial simulation consumes time: 0.028173446655273438
Partial simulation consumes time: 0.027898550033569336
Partial simulation consumes time: 0.030482053756713867
Partial simulation consumes time: 0.026610612869262695
Partial simulation consumes time: 0.02925252914428711
Partial simulation consumes time: 0.02673959732055664
Partial simulation consumes time: 0.032895565032958984
Partial simulation consumes time: 0.026827335357666016
Partial simulation consumes time: 0.02742600440979004
Partial simulation consumes time: 0.031786441802978516
Partial simulation consumes time: 0.027083158493041992
Partial simulation consumes time: 0.027125120162963867
Partial simulation consumes time: 0.028221607208251953
Partial simulation consumes time: 0.026724576950073242
Partial simulation consumes time: 0.0340118408203125
Partial simulation consumes time: 0.030975341796875
Partial simulation consumes time: 0.02979731559753418
Partial simulation consumes time: 0.029209375381469727
Partial simulation consumes time: 0.027511119842529297
Partial simulation consumes time: 0.027608633041381836
Partial simulation consumes time: 0.02784562110900879
Partial simulation consumes time: 0.02689337730407715
Partial simulation consumes time: 0.027331829071044922
Partial simulation consumes time: 0.027570486068725586
Partial simulation consumes time: 0.02731466293334961
Partial simulation consumes time: 0.02720332145690918
Partial simulation consumes time: 0.029706239700317383
Partial simulation consumes time: 0.029790639877319336
Partial simulation consumes time: 0.02701258659362793
Partial simulation consumes time: 0.03281903266906738
Partial simulation consumes time: 0.026858806610107422
Partial simulation consumes time: 0.02680683135986328
Partial simulation consumes time: 0.02684640884399414
Partial simulation consumes time: 0.027108430862426758
Partial simulation consumes time: 0.02788543701171875
Partial simulation consumes time: 0.028028011322021484
Partial simulation consumes time: 0.027116775512695312
Partial simulation consumes time: 0.03406238555908203
Partial simulation consumes time: 0.03624677658081055
Partial simulation consumes time: 0.027160167694091797
Partial simulation consumes time: 0.037415266036987305
Partial simulation consumes time: 0.027059078216552734
Partial simulation consumes time: 0.026854753494262695
Partial simulation consumes time: 0.027673721313476562
Partial simulation consumes time: 0.02734684944152832
Partial simulation consumes time: 0.027242660522460938
Partial simulation consumes time: 0.027692794799804688
Partial simulation consumes time: 0.02678656578063965
Partial simulation consumes time: 0.030083894729614258
Partial simulation consumes time: 0.015700817108154297
Partial simulation consumes time: 0.01604318618774414
Partial simulation consumes time: 0.0157773494720459
Partial simulation consumes time: 0.016514301300048828
Partial simulation consumes time: 0.016543149948120117
Partial simulation consumes time: 0.019639968872070312
Partial simulation consumes time: 0.017377138137817383
Partial simulation consumes time: 0.018047094345092773
Partial simulation consumes time: 0.01744818687438965
Partial simulation consumes time: 0.01590108871459961
Partial simulation consumes time: 0.01634693145751953
Partial simulation consumes time: 0.01576542854309082
Partial simulation consumes time: 0.015815258026123047
Partial simulation consumes time: 0.015962839126586914
Partial simulation consumes time: 0.01870131492614746
Partial simulation consumes time: 0.015880823135375977
Partial simulation consumes time: 0.017639875411987305
Partial simulation consumes time: 0.015698909759521484
Partial simulation consumes time: 0.015931367874145508
Partial simulation consumes time: 0.0167236328125
Partial simulation consumes time: 0.0159912109375
Partial simulation consumes time: 0.018817901611328125
Partial simulation consumes time: 0.01627063751220703
Partial simulation consumes time: 0.017424821853637695
Partial simulation consumes time: 0.027313232421875
Partial simulation consumes time: 0.01598978042602539
Partial simulation consumes time: 0.016027212142944336
Partial simulation consumes time: 0.015705585479736328
Partial simulation consumes time: 0.016000986099243164
Partial simulation consumes time: 0.015738248825073242
Partial simulation consumes time: 0.016354084014892578
Partial simulation consumes time: 0.015805959701538086
Partial simulation consumes time: 0.015842676162719727
Partial simulation consumes time: 0.01677703857421875
Partial simulation consumes time: 0.01621556282043457
Partial simulation consumes time: 0.017033100128173828
Partial simulation consumes time: 0.015794992446899414
Partial simulation consumes time: 0.015919208526611328
Partial simulation consumes time: 0.018379688262939453
Partial simulation consumes time: 0.015949010848999023
Partial simulation consumes time: 0.016465187072753906
Partial simulation consumes time: 0.016125917434692383
Partial simulation consumes time: 0.0157620906829834
Partial simulation consumes time: 0.01609039306640625
Partial simulation consumes time: 0.016434192657470703
Partial simulation consumes time: 0.015948772430419922
Partial simulation consumes time: 0.01585841178894043
Partial simulation consumes time: 0.01590442657470703
Partial simulation consumes time: 0.0178987979888916
Partial simulation consumes time: 0.01652812957763672
Partial simulation consumes time: 0.015888214111328125
Partial simulation consumes time: 0.015927553176879883
Partial simulation consumes time: 0.01691460609436035
Partial simulation consumes time: 0.015731096267700195
Partial simulation consumes time: 0.015722036361694336
Partial simulation consumes time: 0.01708984375
Partial simulation consumes time: 0.01671123504638672
Partial simulation consumes time: 0.015764474868774414
Partial simulation consumes time: 0.01576685905456543
Partial simulation consumes time: 0.01664423942565918
Partial simulation consumes time: 0.016156673431396484
Partial simulation consumes time: 0.015326261520385742
Partial simulation consumes time: 0.016664505004882812
Partial simulation consumes time: 0.01705646514892578
Partial simulation consumes time: 0.02647566795349121
Partial simulation consumes time: 0.025101661682128906
Partial simulation consumes time: 0.024233102798461914
Partial simulation consumes time: 0.024135589599609375
Partial simulation consumes time: 0.025253772735595703
Partial simulation consumes time: 0.025153398513793945
Partial simulation consumes time: 0.024682044982910156
Partial simulation consumes time: 0.031137466430664062
Partial simulation consumes time: 0.032010793685913086
Partial simulation consumes time: 0.028300762176513672
Partial simulation consumes time: 0.029453039169311523
Partial simulation consumes time: 0.025154829025268555
Partial simulation consumes time: 0.026022911071777344
Partial simulation consumes time: 0.02443552017211914
Partial simulation consumes time: 0.024143218994140625
Partial simulation consumes time: 0.02966022491455078
Partial simulation consumes time: 0.02954697608947754
Partial simulation consumes time: 0.02642035484313965
Partial simulation consumes time: 0.02516913414001465
Partial simulation consumes time: 0.024035215377807617
Partial simulation consumes time: 0.02434682846069336
Partial simulation consumes time: 0.025832176208496094
Partial simulation consumes time: 0.026141643524169922
Partial simulation consumes time: 0.025693178176879883
Partial simulation consumes time: 0.024872303009033203
Partial simulation consumes time: 0.0248720645904541
Partial simulation consumes time: 0.025111913681030273
Partial simulation consumes time: 0.024977684020996094
Partial simulation consumes time: 0.025814294815063477
Partial simulation consumes time: 0.024869441986083984
Partial simulation consumes time: 0.024775981903076172
Partial simulation consumes time: 0.03166532516479492
Partial simulation consumes time: 0.025307178497314453
Partial simulation consumes time: 0.02605748176574707
Partial simulation consumes time: 0.024387598037719727
Partial simulation consumes time: 0.026294708251953125
Partial simulation consumes time: 0.030889511108398438
Partial simulation consumes time: 0.025622129440307617
Partial simulation consumes time: 0.02585625648498535
Partial simulation consumes time: 0.025987863540649414
Partial simulation consumes time: 0.02554917335510254
Partial simulation consumes time: 0.02527332305908203
Partial simulation consumes time: 0.025135040283203125
Partial simulation consumes time: 0.024685144424438477
Partial simulation consumes time: 0.025073766708374023
Partial simulation consumes time: 0.027474641799926758
Partial simulation consumes time: 0.024500608444213867
Partial simulation consumes time: 0.026069164276123047
Partial simulation consumes time: 0.03096747398376465
Partial simulation consumes time: 0.02621603012084961
Partial simulation consumes time: 0.028760194778442383
Partial simulation consumes time: 0.031725406646728516
Partial simulation consumes time: 0.0256805419921875
Partial simulation consumes time: 0.024431943893432617
Partial simulation consumes time: 0.03442716598510742
Partial simulation consumes time: 0.0240628719329834
Partial simulation consumes time: 0.02553415298461914
Partial simulation consumes time: 0.025275707244873047
Partial simulation consumes time: 0.024978160858154297
Partial simulation consumes time: 0.025361299514770508
Partial simulation consumes time: 0.02536463737487793
Partial simulation consumes time: 0.03177189826965332
Partial simulation consumes time: 0.025266408920288086
Partial simulation consumes time: 0.032695770263671875
Partial simulation consumes time: 0.017018795013427734
Partial simulation consumes time: 0.016829490661621094
Partial simulation consumes time: 0.018251419067382812
Partial simulation consumes time: 0.01703023910522461
Partial simulation consumes time: 0.021364212036132812
Partial simulation consumes time: 0.01688218116760254
Partial simulation consumes time: 0.017409086227416992
Partial simulation consumes time: 0.016776323318481445
Partial simulation consumes time: 0.0205690860748291
Partial simulation consumes time: 0.021600723266601562
Partial simulation consumes time: 0.017611265182495117
Partial simulation consumes time: 0.01857137680053711
Partial simulation consumes time: 0.016985654830932617
Partial simulation consumes time: 0.018242597579956055
Partial simulation consumes time: 0.01850295066833496
Partial simulation consumes time: 0.018355607986450195
Partial simulation consumes time: 0.023827075958251953
Partial simulation consumes time: 0.01925516128540039
Partial simulation consumes time: 0.0173642635345459
Partial simulation consumes time: 0.01673579216003418
Partial simulation consumes time: 0.017340898513793945
Partial simulation consumes time: 0.01868748664855957
Partial simulation consumes time: 0.017247438430786133
Partial simulation consumes time: 0.018523216247558594
Partial simulation consumes time: 0.017327547073364258
Partial simulation consumes time: 0.016888141632080078
Partial simulation consumes time: 0.01755976676940918
Partial simulation consumes time: 0.018561124801635742
Partial simulation consumes time: 0.0169680118560791
Partial simulation consumes time: 0.018453121185302734
Partial simulation consumes time: 0.018804073333740234
Partial simulation consumes time: 0.0167999267578125
Partial simulation consumes time: 0.019455432891845703
Partial simulation consumes time: 0.01865530014038086
Partial simulation consumes time: 0.016973257064819336
Partial simulation consumes time: 0.018426895141601562
Partial simulation consumes time: 0.02058720588684082
Partial simulation consumes time: 0.016585111618041992
Partial simulation consumes time: 0.01714920997619629
Partial simulation consumes time: 0.0179443359375
Partial simulation consumes time: 0.021712779998779297
Partial simulation consumes time: 0.019046783447265625
Partial simulation consumes time: 0.018303632736206055
Partial simulation consumes time: 0.017153501510620117
Partial simulation consumes time: 0.016880512237548828
Partial simulation consumes time: 0.02202320098876953
Partial simulation consumes time: 0.0168149471282959
Partial simulation consumes time: 0.017560958862304688
Partial simulation consumes time: 0.01829695701599121
Partial simulation consumes time: 0.02017951011657715
Partial simulation consumes time: 0.01677703857421875
Partial simulation consumes time: 0.01876044273376465
Partial simulation consumes time: 0.019727468490600586
Partial simulation consumes time: 0.016820192337036133
Partial simulation consumes time: 0.018782377243041992
Partial simulation consumes time: 0.018462181091308594
Partial simulation consumes time: 0.019118070602416992
Partial simulation consumes time: 0.01710653305053711
Partial simulation consumes time: 0.01890254020690918
Partial simulation consumes time: 0.017841577529907227
Partial simulation consumes time: 0.018149614334106445
Partial simulation consumes time: 0.017108440399169922
Partial simulation consumes time: 0.01684737205505371
Partial simulation consumes time: 0.017637968063354492
Partial simulation consumes time: 0.005410909652709961
Partial simulation consumes time: 0.005295753479003906
Partial simulation consumes time: 0.005299806594848633
Partial simulation consumes time: 0.005444049835205078
Partial simulation consumes time: 0.05224943161010742
Partial simulation consumes time: 0.005298614501953125
Partial simulation consumes time: 0.005605220794677734
Partial simulation consumes time: 0.005277872085571289
Partial simulation consumes time: 0.0054967403411865234
Partial simulation consumes time: 0.0053098201751708984
Partial simulation consumes time: 0.0055615901947021484
Partial simulation consumes time: 0.005500078201293945
Partial simulation consumes time: 0.005327701568603516
Partial simulation consumes time: 0.05403423309326172
Partial simulation consumes time: 0.005458831787109375
Partial simulation consumes time: 0.005456209182739258
Partial simulation consumes time: 0.00531315803527832
Partial simulation consumes time: 0.0052623748779296875
Partial simulation consumes time: 0.0053386688232421875
Partial simulation consumes time: 0.0061244964599609375
Partial simulation consumes time: 0.0055141448974609375
Partial simulation consumes time: 0.00546717643737793
Partial simulation consumes time: 0.00535893440246582
Partial simulation consumes time: 0.005322694778442383
Partial simulation consumes time: 0.005719661712646484
Partial simulation consumes time: 0.0053598880767822266
Partial simulation consumes time: 0.005230903625488281
Partial simulation consumes time: 0.0052907466888427734
Partial simulation consumes time: 0.005240917205810547
Partial simulation consumes time: 0.005263805389404297
Partial simulation consumes time: 0.005296468734741211
Partial simulation consumes time: 0.005491495132446289
Partial simulation consumes time: 0.005430698394775391
Partial simulation consumes time: 0.005334138870239258
Partial simulation consumes time: 0.005313396453857422
Partial simulation consumes time: 0.005528450012207031
Partial simulation consumes time: 0.005453824996948242
Partial simulation consumes time: 0.005366325378417969
Partial simulation consumes time: 0.005469322204589844
Partial simulation consumes time: 0.005370616912841797
Partial simulation consumes time: 0.00583958625793457
Partial simulation consumes time: 0.005491495132446289
Partial simulation consumes time: 0.005552053451538086
Partial simulation consumes time: 0.005309104919433594
Partial simulation consumes time: 0.005797386169433594
Partial simulation consumes time: 0.005678653717041016
Partial simulation consumes time: 0.005265235900878906
Partial simulation consumes time: 0.005863666534423828
Partial simulation consumes time: 0.005407810211181641
Partial simulation consumes time: 0.0055866241455078125
Partial simulation consumes time: 0.005292415618896484
Partial simulation consumes time: 0.005255699157714844
Partial simulation consumes time: 0.005407094955444336
Partial simulation consumes time: 0.005507707595825195
Partial simulation consumes time: 0.0500178337097168
Partial simulation consumes time: 0.005441904067993164
Partial simulation consumes time: 0.005759716033935547
Partial simulation consumes time: 0.005414485931396484
Partial simulation consumes time: 0.005342721939086914
Partial simulation consumes time: 0.00545191764831543
Partial simulation consumes time: 0.00547027587890625
Partial simulation consumes time: 0.006687641143798828
Partial simulation consumes time: 0.005546092987060547
Partial simulation consumes time: 0.005418300628662109
Qdao runs:	121.28230929374695
_initialize	3.329963445663452
_preprocess	61.07552456855774
_postprocess	40.77005219459534
_run	117.93031930923462
load_sv	60.773688316345215
store_sv	40.759034156799316
Quafu runs:	16.059059381484985
.

================= 1 passed, 11 deselected in 146.00s (0:02:25) =================
