============================= test session starts ==============================
platform linux -- Python 3.10.6, pytest-7.2.0, pluggy-1.0.0
rootdir: /root/projects/qcs
collected 12 items / 11 deselected / 1 selected

tst/qdao/engine.py 
::::::::::::::::::Config::::::::::::::::::

NQ::	26
NP::	20
NL::	10
D::	23

::::::::::::::::::Config::::::::::::::::::


:::Reusing existing bench:::::/root/projects/qcs/qdao/benchmarks/qasm/random_26_23_max_operands_2_gen.qasm::::::::

Partial simulation consumes time: 0.06126761436462402
Partial simulation consumes time: 0.07159757614135742
Partial simulation consumes time: 0.07110476493835449
Partial simulation consumes time: 0.07639169692993164
Partial simulation consumes time: 0.06621289253234863
Partial simulation consumes time: 0.07379698753356934
Partial simulation consumes time: 0.07028532028198242
Partial simulation consumes time: 0.0739741325378418
Partial simulation consumes time: 0.06273674964904785
Partial simulation consumes time: 0.06353950500488281
Partial simulation consumes time: 0.06761598587036133
Partial simulation consumes time: 0.07504820823669434
Partial simulation consumes time: 0.08099794387817383
Partial simulation consumes time: 0.060314178466796875
Partial simulation consumes time: 0.05929899215698242
Partial simulation consumes time: 0.06705904006958008
Partial simulation consumes time: 0.06037092208862305
Partial simulation consumes time: 0.06588149070739746
Partial simulation consumes time: 0.06033754348754883
Partial simulation consumes time: 0.07358694076538086
Partial simulation consumes time: 0.06647443771362305
Partial simulation consumes time: 0.06633996963500977
Partial simulation consumes time: 0.0723872184753418
Partial simulation consumes time: 0.06285691261291504
Partial simulation consumes time: 0.08011746406555176
Partial simulation consumes time: 0.0756680965423584
Partial simulation consumes time: 0.07274603843688965
Partial simulation consumes time: 0.07413673400878906
Partial simulation consumes time: 0.06132388114929199
Partial simulation consumes time: 0.06571412086486816
Partial simulation consumes time: 0.06521415710449219
Partial simulation consumes time: 0.07379674911499023
Partial simulation consumes time: 0.0736839771270752
Partial simulation consumes time: 0.06129288673400879
Partial simulation consumes time: 0.06704926490783691
Partial simulation consumes time: 0.06565451622009277
Partial simulation consumes time: 0.08037281036376953
Partial simulation consumes time: 0.06837892532348633
Partial simulation consumes time: 0.06758785247802734
Partial simulation consumes time: 0.07906222343444824
Partial simulation consumes time: 0.06920576095581055
Partial simulation consumes time: 0.07402563095092773
Partial simulation consumes time: 0.06414532661437988
Partial simulation consumes time: 0.05999302864074707
Partial simulation consumes time: 0.06561923027038574
Partial simulation consumes time: 0.06942415237426758
Partial simulation consumes time: 0.06772923469543457
Partial simulation consumes time: 0.06972908973693848
Partial simulation consumes time: 0.07547497749328613
Partial simulation consumes time: 0.07314062118530273
Partial simulation consumes time: 0.07263851165771484
Partial simulation consumes time: 0.06578755378723145
Partial simulation consumes time: 0.07050108909606934
Partial simulation consumes time: 0.06764554977416992
Partial simulation consumes time: 0.06402826309204102
Partial simulation consumes time: 0.08357882499694824
Partial simulation consumes time: 0.08083677291870117
Partial simulation consumes time: 0.09014225006103516
Partial simulation consumes time: 0.061968088150024414
Partial simulation consumes time: 0.06459188461303711
Partial simulation consumes time: 0.077911376953125
Partial simulation consumes time: 0.07564377784729004
Partial simulation consumes time: 0.08502078056335449
Partial simulation consumes time: 0.06853628158569336
Partial simulation consumes time: 0.0944974422454834
Partial simulation consumes time: 0.11808919906616211
Partial simulation consumes time: 0.11115193367004395
Partial simulation consumes time: 0.10333967208862305
Partial simulation consumes time: 0.1034536361694336
Partial simulation consumes time: 0.09904170036315918
Partial simulation consumes time: 0.1117558479309082
Partial simulation consumes time: 0.10919451713562012
Partial simulation consumes time: 0.11715054512023926
Partial simulation consumes time: 0.1154329776763916
Partial simulation consumes time: 0.1170949935913086
Partial simulation consumes time: 0.10712695121765137
Partial simulation consumes time: 0.11404943466186523
Partial simulation consumes time: 0.1215813159942627
Partial simulation consumes time: 0.10169696807861328
Partial simulation consumes time: 0.11207294464111328
Partial simulation consumes time: 0.10711479187011719
Partial simulation consumes time: 0.12066864967346191
Partial simulation consumes time: 0.10246968269348145
Partial simulation consumes time: 0.09361696243286133
Partial simulation consumes time: 0.12283825874328613
Partial simulation consumes time: 0.11254477500915527
Partial simulation consumes time: 0.10805416107177734
Partial simulation consumes time: 0.10052919387817383
Partial simulation consumes time: 0.10710000991821289
Partial simulation consumes time: 0.11197280883789062
Partial simulation consumes time: 0.10947561264038086
Partial simulation consumes time: 0.10778403282165527
Partial simulation consumes time: 0.10172176361083984
Partial simulation consumes time: 0.10115885734558105
Partial simulation consumes time: 0.1112816333770752
Partial simulation consumes time: 0.11160612106323242
Partial simulation consumes time: 0.10127878189086914
Partial simulation consumes time: 0.09473943710327148
Partial simulation consumes time: 0.12153291702270508
Partial simulation consumes time: 0.10795259475708008
Partial simulation consumes time: 0.11328744888305664
Partial simulation consumes time: 0.11486124992370605
Partial simulation consumes time: 0.10733962059020996
Partial simulation consumes time: 0.11010479927062988
Partial simulation consumes time: 0.12338614463806152
Partial simulation consumes time: 0.09492349624633789
Partial simulation consumes time: 0.10104203224182129
Partial simulation consumes time: 0.11208796501159668
Partial simulation consumes time: 0.11261463165283203
Partial simulation consumes time: 0.11227107048034668
Partial simulation consumes time: 0.0962820053100586
Partial simulation consumes time: 0.10052967071533203
Partial simulation consumes time: 0.1336507797241211
Partial simulation consumes time: 0.10946941375732422
Partial simulation consumes time: 0.10533761978149414
Partial simulation consumes time: 0.09766435623168945
Partial simulation consumes time: 0.10311579704284668
Partial simulation consumes time: 0.1176154613494873
Partial simulation consumes time: 0.2827262878417969
Partial simulation consumes time: 0.09699344635009766
Partial simulation consumes time: 0.10041618347167969
Partial simulation consumes time: 0.10942769050598145
Partial simulation consumes time: 0.10784626007080078
Partial simulation consumes time: 0.10209441184997559
Partial simulation consumes time: 0.09519481658935547
Partial simulation consumes time: 0.12255144119262695
Partial simulation consumes time: 0.11861014366149902
Partial simulation consumes time: 0.11453795433044434
Partial simulation consumes time: 0.10802602767944336
Partial simulation consumes time: 0.11149072647094727
Partial simulation consumes time: 0.11084914207458496
Partial simulation consumes time: 0.10728693008422852
Partial simulation consumes time: 0.10596561431884766
Partial simulation consumes time: 0.09105944633483887
Partial simulation consumes time: 0.1016240119934082
Partial simulation consumes time: 0.11560392379760742
Partial simulation consumes time: 0.12503361701965332
Partial simulation consumes time: 0.1307051181793213
Partial simulation consumes time: 0.11384773254394531
Partial simulation consumes time: 0.11156940460205078
Partial simulation consumes time: 0.11144876480102539
Partial simulation consumes time: 0.09959578514099121
Partial simulation consumes time: 0.12299299240112305
Partial simulation consumes time: 0.10320329666137695
Partial simulation consumes time: 0.10085153579711914
Partial simulation consumes time: 0.10235023498535156
Partial simulation consumes time: 0.10377621650695801
Partial simulation consumes time: 0.09297013282775879
Partial simulation consumes time: 0.10817122459411621
Partial simulation consumes time: 0.11091446876525879
Partial simulation consumes time: 0.11590695381164551
Partial simulation consumes time: 0.1308138370513916
Partial simulation consumes time: 0.11582422256469727
Partial simulation consumes time: 0.1164541244506836
Partial simulation consumes time: 0.09218072891235352
Partial simulation consumes time: 0.11921334266662598
Partial simulation consumes time: 0.11586141586303711
Partial simulation consumes time: 0.09958481788635254
Partial simulation consumes time: 0.10490798950195312
Partial simulation consumes time: 0.10854220390319824
Partial simulation consumes time: 0.12232446670532227
Partial simulation consumes time: 0.09608650207519531
Partial simulation consumes time: 0.11029481887817383
Partial simulation consumes time: 0.12969183921813965
Partial simulation consumes time: 0.0999748706817627
Partial simulation consumes time: 0.15724444389343262
Partial simulation consumes time: 0.09694242477416992
Partial simulation consumes time: 0.11103010177612305
Partial simulation consumes time: 0.11544990539550781
Partial simulation consumes time: 0.1026310920715332
Partial simulation consumes time: 0.11741995811462402
Partial simulation consumes time: 0.09566092491149902
Partial simulation consumes time: 0.10289287567138672
Partial simulation consumes time: 0.10500216484069824
Partial simulation consumes time: 0.11966347694396973
Partial simulation consumes time: 0.11336469650268555
Partial simulation consumes time: 0.10595846176147461
Partial simulation consumes time: 0.11633729934692383
Partial simulation consumes time: 0.10664629936218262
Partial simulation consumes time: 0.1261444091796875
Partial simulation consumes time: 0.09592533111572266
Partial simulation consumes time: 0.10802555084228516
Partial simulation consumes time: 0.13556528091430664
Partial simulation consumes time: 0.10301470756530762
Partial simulation consumes time: 0.11877846717834473
Partial simulation consumes time: 0.10437583923339844
Partial simulation consumes time: 0.10345721244812012
Partial simulation consumes time: 0.11135506629943848
Partial simulation consumes time: 0.12411761283874512
Partial simulation consumes time: 0.11963844299316406
Partial simulation consumes time: 0.10385990142822266
Partial simulation consumes time: 0.11806607246398926
Partial simulation consumes time: 0.09688305854797363
Partial simulation consumes time: 0.0999751091003418
Partial simulation consumes time: 0.0970458984375
Partial simulation consumes time: 0.12032365798950195
Partial simulation consumes time: 0.11062312126159668
Partial simulation consumes time: 0.10656428337097168
Partial simulation consumes time: 0.09902644157409668
Partial simulation consumes time: 0.08961939811706543
Partial simulation consumes time: 0.09882831573486328
Partial simulation consumes time: 0.10853290557861328
Partial simulation consumes time: 0.12913298606872559
Partial simulation consumes time: 0.09236669540405273
Partial simulation consumes time: 0.09386014938354492
Partial simulation consumes time: 0.1222832202911377
Partial simulation consumes time: 0.11062765121459961
Partial simulation consumes time: 0.12043261528015137
Partial simulation consumes time: 0.11882424354553223
Partial simulation consumes time: 0.10429954528808594
Partial simulation consumes time: 0.09620356559753418
Partial simulation consumes time: 0.10195279121398926
Partial simulation consumes time: 0.1080942153930664
Partial simulation consumes time: 0.09181809425354004
Partial simulation consumes time: 0.09939432144165039
Partial simulation consumes time: 0.11753463745117188
Partial simulation consumes time: 0.09620237350463867
Partial simulation consumes time: 0.10971450805664062
Partial simulation consumes time: 0.0982208251953125
Partial simulation consumes time: 0.1086270809173584
Partial simulation consumes time: 0.10237240791320801
Partial simulation consumes time: 0.14196038246154785
Partial simulation consumes time: 0.09936332702636719
Partial simulation consumes time: 0.08887338638305664
Partial simulation consumes time: 0.1168062686920166
Partial simulation consumes time: 0.1192173957824707
Partial simulation consumes time: 0.10145878791809082
Partial simulation consumes time: 0.0960237979888916
Partial simulation consumes time: 0.11162066459655762
Partial simulation consumes time: 0.09676742553710938
Partial simulation consumes time: 0.09777951240539551
Partial simulation consumes time: 0.13231110572814941
Partial simulation consumes time: 0.09297442436218262
Partial simulation consumes time: 0.10418057441711426
Partial simulation consumes time: 0.10114359855651855
Partial simulation consumes time: 0.09893608093261719
Partial simulation consumes time: 0.09294271469116211
Partial simulation consumes time: 0.08827924728393555
Partial simulation consumes time: 0.11296343803405762
Partial simulation consumes time: 0.12901854515075684
Partial simulation consumes time: 0.10379433631896973
Partial simulation consumes time: 0.10031509399414062
Partial simulation consumes time: 0.11547183990478516
Partial simulation consumes time: 0.12240886688232422
Partial simulation consumes time: 0.1357743740081787
Partial simulation consumes time: 0.09633111953735352
Partial simulation consumes time: 0.09194612503051758
Partial simulation consumes time: 0.10359668731689453
Partial simulation consumes time: 0.10102295875549316
Partial simulation consumes time: 0.1078026294708252
Partial simulation consumes time: 0.1149137020111084
Partial simulation consumes time: 0.0957036018371582
Partial simulation consumes time: 0.13768482208251953
Partial simulation consumes time: 0.1003875732421875
Partial simulation consumes time: 0.11018729209899902
Partial simulation consumes time: 0.08820676803588867
Partial simulation consumes time: 0.0756688117980957
Partial simulation consumes time: 0.08491635322570801
Partial simulation consumes time: 0.07237672805786133
Partial simulation consumes time: 0.0834496021270752
Partial simulation consumes time: 0.09770059585571289
Partial simulation consumes time: 0.07664251327514648
Partial simulation consumes time: 0.08598971366882324
Partial simulation consumes time: 0.07374286651611328
Partial simulation consumes time: 0.08138918876647949
Partial simulation consumes time: 0.06749439239501953
Partial simulation consumes time: 0.07573676109313965
Partial simulation consumes time: 0.06598043441772461
Partial simulation consumes time: 0.07112360000610352
Partial simulation consumes time: 0.07576870918273926
Partial simulation consumes time: 0.0857076644897461
Partial simulation consumes time: 0.0814676284790039
Partial simulation consumes time: 0.06705546379089355
Partial simulation consumes time: 0.06668233871459961
Partial simulation consumes time: 0.06917405128479004
Partial simulation consumes time: 0.06607866287231445
Partial simulation consumes time: 0.07699298858642578
Partial simulation consumes time: 0.07221269607543945
Partial simulation consumes time: 0.08696484565734863
Partial simulation consumes time: 0.06639623641967773
Partial simulation consumes time: 0.07074141502380371
Partial simulation consumes time: 0.09240603446960449
Partial simulation consumes time: 0.07693839073181152
Partial simulation consumes time: 0.07443737983703613
Partial simulation consumes time: 0.06726217269897461
Partial simulation consumes time: 0.06875371932983398
Partial simulation consumes time: 0.08029627799987793
Partial simulation consumes time: 0.07343173027038574
Partial simulation consumes time: 0.07229065895080566
Partial simulation consumes time: 0.07914090156555176
Partial simulation consumes time: 0.0720512866973877
Partial simulation consumes time: 0.07178759574890137
Partial simulation consumes time: 0.08020615577697754
Partial simulation consumes time: 0.07766985893249512
Partial simulation consumes time: 0.0657494068145752
Partial simulation consumes time: 0.07295680046081543
Partial simulation consumes time: 0.07992935180664062
Partial simulation consumes time: 0.10062956809997559
Partial simulation consumes time: 0.08034205436706543
Partial simulation consumes time: 0.07655477523803711
Partial simulation consumes time: 0.0725870132446289
Partial simulation consumes time: 0.07662844657897949
Partial simulation consumes time: 0.07682657241821289
Partial simulation consumes time: 0.08029294013977051
Partial simulation consumes time: 0.0686793327331543
Partial simulation consumes time: 0.08576154708862305
Partial simulation consumes time: 0.07390952110290527
Partial simulation consumes time: 0.07450294494628906
Partial simulation consumes time: 0.07546186447143555
Partial simulation consumes time: 0.08279252052307129
Partial simulation consumes time: 0.07678961753845215
Partial simulation consumes time: 0.07889890670776367
Partial simulation consumes time: 0.07189035415649414
Partial simulation consumes time: 0.08179545402526855
Partial simulation consumes time: 0.0710148811340332
Partial simulation consumes time: 0.07377314567565918
Partial simulation consumes time: 0.07232141494750977
Partial simulation consumes time: 0.07428836822509766
Partial simulation consumes time: 0.07366561889648438
Partial simulation consumes time: 0.07198667526245117
Partial simulation consumes time: 0.10472345352172852
Partial simulation consumes time: 0.12439727783203125
Partial simulation consumes time: 0.14869451522827148
Partial simulation consumes time: 0.09294319152832031
Partial simulation consumes time: 0.1280057430267334
Partial simulation consumes time: 0.10841727256774902
Partial simulation consumes time: 0.10213327407836914
Partial simulation consumes time: 0.0955047607421875
Partial simulation consumes time: 0.10252904891967773
Partial simulation consumes time: 0.11675715446472168
Partial simulation consumes time: 0.1124880313873291
Partial simulation consumes time: 0.10332679748535156
Partial simulation consumes time: 0.1094820499420166
Partial simulation consumes time: 0.1020059585571289
Partial simulation consumes time: 0.11639857292175293
Partial simulation consumes time: 0.09670615196228027
Partial simulation consumes time: 0.0991659164428711
Partial simulation consumes time: 0.09751725196838379
Partial simulation consumes time: 0.10363531112670898
Partial simulation consumes time: 0.11729907989501953
Partial simulation consumes time: 0.10097718238830566
Partial simulation consumes time: 0.09436750411987305
Partial simulation consumes time: 0.10663175582885742
Partial simulation consumes time: 0.11626672744750977
Partial simulation consumes time: 0.10315871238708496
Partial simulation consumes time: 0.1107635498046875
Partial simulation consumes time: 0.09879350662231445
Partial simulation consumes time: 0.10502123832702637
Partial simulation consumes time: 0.09822297096252441
Partial simulation consumes time: 0.1106417179107666
Partial simulation consumes time: 0.12235760688781738
Partial simulation consumes time: 0.1225438117980957
Partial simulation consumes time: 0.10474872589111328
Partial simulation consumes time: 0.12713241577148438
Partial simulation consumes time: 0.10649538040161133
Partial simulation consumes time: 0.1289229393005371
Partial simulation consumes time: 0.1258540153503418
Partial simulation consumes time: 0.10911750793457031
Partial simulation consumes time: 0.1174006462097168
Partial simulation consumes time: 0.11977863311767578
Partial simulation consumes time: 0.10068607330322266
Partial simulation consumes time: 0.1027371883392334
Partial simulation consumes time: 0.13314175605773926
Partial simulation consumes time: 0.09600210189819336
Partial simulation consumes time: 0.10255718231201172
Partial simulation consumes time: 0.10869979858398438
Partial simulation consumes time: 0.11260151863098145
Partial simulation consumes time: 0.10884714126586914
Partial simulation consumes time: 0.10086798667907715
Partial simulation consumes time: 0.10351061820983887
Partial simulation consumes time: 0.1096487045288086
Partial simulation consumes time: 0.10579943656921387
Partial simulation consumes time: 0.10436439514160156
Partial simulation consumes time: 0.09409832954406738
Partial simulation consumes time: 0.09787535667419434
Partial simulation consumes time: 0.10579562187194824
Partial simulation consumes time: 0.13450074195861816
Partial simulation consumes time: 0.09441447257995605
Partial simulation consumes time: 0.10561895370483398
Partial simulation consumes time: 0.11673998832702637
Partial simulation consumes time: 0.09673810005187988
Partial simulation consumes time: 0.10100984573364258
Partial simulation consumes time: 0.10020613670349121
Partial simulation consumes time: 0.09933280944824219
Partial simulation consumes time: 0.09586358070373535
Partial simulation consumes time: 0.11731982231140137
Partial simulation consumes time: 0.09027862548828125
Partial simulation consumes time: 0.08769559860229492
Partial simulation consumes time: 0.09235620498657227
Partial simulation consumes time: 0.10371255874633789
Partial simulation consumes time: 0.11262679100036621
Partial simulation consumes time: 0.10493707656860352
Partial simulation consumes time: 0.09096479415893555
Partial simulation consumes time: 0.09771037101745605
Partial simulation consumes time: 0.11340975761413574
Partial simulation consumes time: 0.1040487289428711
Partial simulation consumes time: 0.09178447723388672
Partial simulation consumes time: 0.09590840339660645
Partial simulation consumes time: 0.11156010627746582
Partial simulation consumes time: 0.10246872901916504
Partial simulation consumes time: 0.10340476036071777
Partial simulation consumes time: 0.1058199405670166
Partial simulation consumes time: 0.12098336219787598
Partial simulation consumes time: 0.10244035720825195
Partial simulation consumes time: 0.09572505950927734
Partial simulation consumes time: 0.1189732551574707
Partial simulation consumes time: 0.10066103935241699
Partial simulation consumes time: 0.09653520584106445
Partial simulation consumes time: 0.10565710067749023
Partial simulation consumes time: 0.13242650032043457
Partial simulation consumes time: 0.10351228713989258
Partial simulation consumes time: 0.098968505859375
Partial simulation consumes time: 0.11388587951660156
Partial simulation consumes time: 0.11344003677368164
Partial simulation consumes time: 0.10781121253967285
Partial simulation consumes time: 0.1060338020324707
Partial simulation consumes time: 0.1031796932220459
Partial simulation consumes time: 0.11103391647338867
Partial simulation consumes time: 0.09880733489990234
Partial simulation consumes time: 0.1131734848022461
Partial simulation consumes time: 0.10492515563964844
Partial simulation consumes time: 0.0937495231628418
Partial simulation consumes time: 0.10613298416137695
Partial simulation consumes time: 0.10325956344604492
Partial simulation consumes time: 0.11723446846008301
Partial simulation consumes time: 0.10123491287231445
Partial simulation consumes time: 0.09983015060424805
Partial simulation consumes time: 0.09138298034667969
Partial simulation consumes time: 0.10541605949401855
Partial simulation consumes time: 0.10603737831115723
Partial simulation consumes time: 0.1091928482055664
Partial simulation consumes time: 0.09793615341186523
Partial simulation consumes time: 0.10987234115600586
Partial simulation consumes time: 0.10591006278991699
Partial simulation consumes time: 0.08698606491088867
Partial simulation consumes time: 0.09930586814880371
Partial simulation consumes time: 0.11251378059387207
Partial simulation consumes time: 0.10485053062438965
Partial simulation consumes time: 0.10353565216064453
Partial simulation consumes time: 0.09608721733093262
Partial simulation consumes time: 0.09921908378601074
Partial simulation consumes time: 0.09844017028808594
Partial simulation consumes time: 0.10695457458496094
Partial simulation consumes time: 0.09476137161254883
Partial simulation consumes time: 0.09815692901611328
Partial simulation consumes time: 0.11040472984313965
Partial simulation consumes time: 0.10040807723999023
Partial simulation consumes time: 0.09212255477905273
Partial simulation consumes time: 0.10042428970336914
Partial simulation consumes time: 0.0858926773071289
Partial simulation consumes time: 0.07318830490112305
Partial simulation consumes time: 0.08829069137573242
Partial simulation consumes time: 0.10293197631835938
Partial simulation consumes time: 0.0793149471282959
Partial simulation consumes time: 0.08748102188110352
Partial simulation consumes time: 0.08726906776428223
Partial simulation consumes time: 0.11358118057250977
Partial simulation consumes time: 0.07419967651367188
Partial simulation consumes time: 0.08208274841308594
Partial simulation consumes time: 0.06754255294799805
Partial simulation consumes time: 0.09538102149963379
Partial simulation consumes time: 0.08567380905151367
Partial simulation consumes time: 0.08591938018798828
Partial simulation consumes time: 0.0888066291809082
Partial simulation consumes time: 0.10908389091491699
Partial simulation consumes time: 0.07601213455200195
Partial simulation consumes time: 0.080474853515625
Partial simulation consumes time: 0.07907652854919434
Partial simulation consumes time: 0.08337879180908203
Partial simulation consumes time: 0.0785818099975586
Partial simulation consumes time: 0.08611750602722168
Partial simulation consumes time: 0.06488728523254395
Partial simulation consumes time: 0.09004974365234375
Partial simulation consumes time: 0.07979440689086914
Partial simulation consumes time: 0.09772658348083496
Partial simulation consumes time: 0.0792534351348877
Partial simulation consumes time: 0.08789801597595215
Partial simulation consumes time: 0.08766031265258789
Partial simulation consumes time: 0.08573341369628906
Partial simulation consumes time: 0.0844719409942627
Partial simulation consumes time: 0.08725142478942871
Partial simulation consumes time: 0.0915822982788086
Partial simulation consumes time: 0.08886075019836426
Partial simulation consumes time: 0.10221672058105469
Partial simulation consumes time: 0.08472752571105957
Partial simulation consumes time: 0.06532001495361328
Partial simulation consumes time: 0.09643793106079102
Partial simulation consumes time: 0.06644248962402344
Partial simulation consumes time: 0.09031844139099121
Partial simulation consumes time: 0.08735918998718262
Partial simulation consumes time: 0.06846737861633301
Partial simulation consumes time: 0.07467842102050781
Partial simulation consumes time: 0.08265829086303711
Partial simulation consumes time: 0.09022092819213867
Partial simulation consumes time: 0.06425619125366211
Partial simulation consumes time: 0.11321401596069336
Partial simulation consumes time: 0.08552074432373047
Partial simulation consumes time: 0.08891105651855469
Partial simulation consumes time: 0.09076499938964844
Partial simulation consumes time: 0.08294320106506348
Partial simulation consumes time: 0.07768607139587402
Partial simulation consumes time: 0.08558464050292969
Partial simulation consumes time: 0.08198189735412598
Partial simulation consumes time: 0.10363960266113281
Partial simulation consumes time: 0.06274819374084473
Partial simulation consumes time: 0.06630802154541016
Partial simulation consumes time: 0.07608699798583984
Partial simulation consumes time: 0.07381319999694824
Partial simulation consumes time: 0.09049725532531738
Partial simulation consumes time: 0.0832209587097168
Partial simulation consumes time: 0.08752965927124023
Partial simulation consumes time: 0.08716154098510742
Partial simulation consumes time: 0.10245394706726074
Partial simulation consumes time: 0.09864926338195801
Partial simulation consumes time: 0.09764957427978516
Partial simulation consumes time: 0.11669754981994629
Partial simulation consumes time: 0.1371934413909912
Partial simulation consumes time: 0.12823867797851562
Partial simulation consumes time: 0.09077644348144531
Partial simulation consumes time: 0.11702132225036621
Partial simulation consumes time: 0.09604287147521973
Partial simulation consumes time: 0.09789013862609863
Partial simulation consumes time: 0.13466262817382812
Partial simulation consumes time: 0.13594484329223633
Partial simulation consumes time: 0.13905930519104004
Partial simulation consumes time: 0.13175129890441895
Partial simulation consumes time: 0.10717439651489258
Partial simulation consumes time: 0.12428927421569824
Partial simulation consumes time: 0.08852481842041016
Partial simulation consumes time: 0.09288358688354492
Partial simulation consumes time: 0.0941154956817627
Partial simulation consumes time: 0.1106719970703125
Partial simulation consumes time: 0.11210918426513672
Partial simulation consumes time: 0.1061697006225586
Partial simulation consumes time: 0.09878182411193848
Partial simulation consumes time: 0.09742355346679688
Partial simulation consumes time: 0.09444117546081543
Partial simulation consumes time: 0.10681366920471191
Partial simulation consumes time: 0.09021306037902832
Partial simulation consumes time: 0.11098527908325195
Partial simulation consumes time: 0.1007530689239502
Partial simulation consumes time: 0.09622645378112793
Partial simulation consumes time: 0.1069338321685791
Partial simulation consumes time: 0.098968505859375
Partial simulation consumes time: 0.08699965476989746
Partial simulation consumes time: 0.09532332420349121
Partial simulation consumes time: 0.11447644233703613
Partial simulation consumes time: 0.09778356552124023
Partial simulation consumes time: 0.09185147285461426
Partial simulation consumes time: 0.09150552749633789
Partial simulation consumes time: 0.09426403045654297
Partial simulation consumes time: 0.10136556625366211
Partial simulation consumes time: 0.10218596458435059
Partial simulation consumes time: 0.09160399436950684
Partial simulation consumes time: 0.09249997138977051
Partial simulation consumes time: 0.12806487083435059
Partial simulation consumes time: 0.09431171417236328
Partial simulation consumes time: 0.09916377067565918
Partial simulation consumes time: 0.10538840293884277
Partial simulation consumes time: 0.09741020202636719
Partial simulation consumes time: 0.10018253326416016
Partial simulation consumes time: 0.1037590503692627
Partial simulation consumes time: 0.10496759414672852
Partial simulation consumes time: 0.0903313159942627
Partial simulation consumes time: 0.10912060737609863
Partial simulation consumes time: 0.10167956352233887
Partial simulation consumes time: 0.09792113304138184
Partial simulation consumes time: 0.1239171028137207
Partial simulation consumes time: 0.08714079856872559
Partial simulation consumes time: 0.09573245048522949
Partial simulation consumes time: 0.10109353065490723
Partial simulation consumes time: 0.122039794921875
Partial simulation consumes time: 0.09715414047241211
Partial simulation consumes time: 0.10302376747131348
Partial simulation consumes time: 0.09678220748901367
Partial simulation consumes time: 0.13095450401306152
Partial simulation consumes time: 0.09737038612365723
Partial simulation consumes time: 0.08954644203186035
Partial simulation consumes time: 0.10161113739013672
Partial simulation consumes time: 0.1113901138305664
Partial simulation consumes time: 0.11548566818237305
Partial simulation consumes time: 0.10799264907836914
Partial simulation consumes time: 0.11383390426635742
Partial simulation consumes time: 0.09344744682312012
Partial simulation consumes time: 0.11504817008972168
Partial simulation consumes time: 0.09888482093811035
Partial simulation consumes time: 0.10948467254638672
Partial simulation consumes time: 0.09511494636535645
Partial simulation consumes time: 0.10255765914916992
Partial simulation consumes time: 0.09496736526489258
Partial simulation consumes time: 0.12858939170837402
Partial simulation consumes time: 0.10137724876403809
Partial simulation consumes time: 0.12396740913391113
Partial simulation consumes time: 0.12865591049194336
Partial simulation consumes time: 0.10519981384277344
Partial simulation consumes time: 0.0984649658203125
Partial simulation consumes time: 0.09081816673278809
Partial simulation consumes time: 0.09565138816833496
Partial simulation consumes time: 0.13075470924377441
Partial simulation consumes time: 0.10537052154541016
Partial simulation consumes time: 0.08747172355651855
Partial simulation consumes time: 0.12475728988647461
Partial simulation consumes time: 0.1020498275756836
Partial simulation consumes time: 0.10397505760192871
Partial simulation consumes time: 0.1160888671875
Partial simulation consumes time: 0.10006880760192871
Partial simulation consumes time: 0.10151147842407227
Partial simulation consumes time: 0.11697006225585938
Partial simulation consumes time: 0.09847903251647949
Partial simulation consumes time: 0.09071779251098633
Partial simulation consumes time: 0.10013437271118164
Partial simulation consumes time: 0.09638524055480957
Partial simulation consumes time: 0.09569597244262695
Partial simulation consumes time: 0.10177493095397949
Partial simulation consumes time: 0.09030938148498535
Partial simulation consumes time: 0.09810185432434082
Partial simulation consumes time: 0.09850144386291504
Partial simulation consumes time: 0.10222959518432617
Partial simulation consumes time: 0.10017514228820801
Partial simulation consumes time: 0.08846211433410645
Partial simulation consumes time: 0.11186933517456055
Partial simulation consumes time: 0.09067344665527344
Partial simulation consumes time: 0.09929227828979492
Partial simulation consumes time: 0.09191513061523438
Partial simulation consumes time: 0.08961367607116699
Partial simulation consumes time: 0.096954345703125
Partial simulation consumes time: 0.09109306335449219
Partial simulation consumes time: 0.09723258018493652
Partial simulation consumes time: 0.10608124732971191
Partial simulation consumes time: 0.08979272842407227
Partial simulation consumes time: 0.1161041259765625
Partial simulation consumes time: 0.09671688079833984
Partial simulation consumes time: 0.11025619506835938
Partial simulation consumes time: 0.09532928466796875
Partial simulation consumes time: 0.11023116111755371
Partial simulation consumes time: 0.12136697769165039
Partial simulation consumes time: 0.12296295166015625
Partial simulation consumes time: 0.10918712615966797
Partial simulation consumes time: 0.09473228454589844
Partial simulation consumes time: 0.10222911834716797
Partial simulation consumes time: 0.07509946823120117
Partial simulation consumes time: 0.07397294044494629
Partial simulation consumes time: 0.0806722640991211
Partial simulation consumes time: 0.08940243721008301
Partial simulation consumes time: 0.08197402954101562
Partial simulation consumes time: 0.08646130561828613
Partial simulation consumes time: 0.07183575630187988
Partial simulation consumes time: 0.08525800704956055
Partial simulation consumes time: 0.07568931579589844
Partial simulation consumes time: 0.09488248825073242
Partial simulation consumes time: 0.08031487464904785
Partial simulation consumes time: 0.08411240577697754
Partial simulation consumes time: 0.07483768463134766
Partial simulation consumes time: 0.08826899528503418
Partial simulation consumes time: 0.07805967330932617
Partial simulation consumes time: 0.07648015022277832
Partial simulation consumes time: 0.07659769058227539
Partial simulation consumes time: 0.07471847534179688
Partial simulation consumes time: 0.06935882568359375
Partial simulation consumes time: 0.07892894744873047
Partial simulation consumes time: 0.07339358329772949
Partial simulation consumes time: 0.07070612907409668
Partial simulation consumes time: 0.07309794425964355
Partial simulation consumes time: 0.0824272632598877
Partial simulation consumes time: 0.08355331420898438
Partial simulation consumes time: 0.07718944549560547
Partial simulation consumes time: 0.0808725357055664
Partial simulation consumes time: 0.08097648620605469
Partial simulation consumes time: 0.07931876182556152
Partial simulation consumes time: 0.09380030632019043
Partial simulation consumes time: 0.09194803237915039
Partial simulation consumes time: 0.07673764228820801
Partial simulation consumes time: 0.07421159744262695
Partial simulation consumes time: 0.07703328132629395
Partial simulation consumes time: 0.08029985427856445
Partial simulation consumes time: 0.0810396671295166
Partial simulation consumes time: 0.0930631160736084
Partial simulation consumes time: 0.07501673698425293
Partial simulation consumes time: 0.08888077735900879
Partial simulation consumes time: 0.08415365219116211
Partial simulation consumes time: 0.07835173606872559
Partial simulation consumes time: 0.07122516632080078
Partial simulation consumes time: 0.08568811416625977
Partial simulation consumes time: 0.08827519416809082
Partial simulation consumes time: 0.0798180103302002
Partial simulation consumes time: 0.331859827041626
Partial simulation consumes time: 0.07898545265197754
Partial simulation consumes time: 0.07494592666625977
Partial simulation consumes time: 0.0782175064086914
Partial simulation consumes time: 0.07598590850830078
Partial simulation consumes time: 0.06703615188598633
Partial simulation consumes time: 0.07137060165405273
Partial simulation consumes time: 0.0715937614440918
Partial simulation consumes time: 0.07228422164916992
Partial simulation consumes time: 0.07374787330627441
Partial simulation consumes time: 0.07158589363098145
Partial simulation consumes time: 0.06724739074707031
Partial simulation consumes time: 0.07877898216247559
Partial simulation consumes time: 0.07624125480651855
Partial simulation consumes time: 0.08206295967102051
Partial simulation consumes time: 0.0697779655456543
Partial simulation consumes time: 0.07435393333435059
Partial simulation consumes time: 0.07782244682312012
Partial simulation consumes time: 0.07742118835449219
Qdao runs:	464.4817259311676
_initialize	17.883747816085815
_preprocess	226.78684449195862
_postprocess	151.76861882209778
_run	446.5719156265259
load_sv	226.49568843841553
store_sv	151.75600790977478
Quafu runs:	71.27844190597534
.

================= 1 passed, 11 deselected in 537.94s (0:08:57) =================
