============================= test session starts ==============================
platform linux -- Python 3.10.6, pytest-7.2.0, pluggy-1.0.0
rootdir: /root/projects/qcs
collected 12 items / 11 deselected / 1 selected

tst/qdao/engine.py 
::::::::::::::::::Config::::::::::::::::::

NQ::	28
NP::	22
NL::	16
D::	25

::::::::::::::::::Config::::::::::::::::::


:::Reusing existing bench:::::/root/projects/qcs/qdao/benchmarks/qasm/random_28_25_max_operands_2_gen.qasm::::::::

Partial simulation consumes time: 0.3909919261932373
Partial simulation consumes time: 0.42868971824645996
Partial simulation consumes time: 0.3816511631011963
Partial simulation consumes time: 0.4067232608795166
Partial simulation consumes time: 0.3964574337005615
Partial simulation consumes time: 0.3720686435699463
Partial simulation consumes time: 0.39130067825317383
Partial simulation consumes time: 0.39654088020324707
Partial simulation consumes time: 0.40067505836486816
Partial simulation consumes time: 0.38494038581848145
Partial simulation consumes time: 0.3457193374633789
Partial simulation consumes time: 0.38442492485046387
Partial simulation consumes time: 0.377178430557251
Partial simulation consumes time: 0.4087097644805908
Partial simulation consumes time: 0.38446879386901855
Partial simulation consumes time: 0.39110279083251953
Partial simulation consumes time: 0.3776726722717285
Partial simulation consumes time: 0.3338637351989746
Partial simulation consumes time: 0.38501787185668945
Partial simulation consumes time: 0.37622857093811035
Partial simulation consumes time: 0.3840627670288086
Partial simulation consumes time: 0.3612513542175293
Partial simulation consumes time: 0.3697676658630371
Partial simulation consumes time: 0.3694946765899658
Partial simulation consumes time: 0.3681337833404541
Partial simulation consumes time: 0.3703341484069824
Partial simulation consumes time: 0.3420875072479248
Partial simulation consumes time: 0.3549015522003174
Partial simulation consumes time: 0.3897233009338379
Partial simulation consumes time: 0.3657541275024414
Partial simulation consumes time: 0.3759171962738037
Partial simulation consumes time: 0.36948537826538086
Partial simulation consumes time: 0.3994104862213135
Partial simulation consumes time: 0.37291383743286133
Partial simulation consumes time: 0.40363001823425293
Partial simulation consumes time: 0.3864119052886963
Partial simulation consumes time: 0.36235904693603516
Partial simulation consumes time: 0.3634512424468994
Partial simulation consumes time: 0.3964884281158447
Partial simulation consumes time: 0.366741418838501
Partial simulation consumes time: 0.3672220706939697
Partial simulation consumes time: 0.33898138999938965
Partial simulation consumes time: 0.3739469051361084
Partial simulation consumes time: 0.3924076557159424
Partial simulation consumes time: 0.3769855499267578
Partial simulation consumes time: 0.37554502487182617
Partial simulation consumes time: 0.3245363235473633
Partial simulation consumes time: 0.3621664047241211
Partial simulation consumes time: 0.41945481300354004
Partial simulation consumes time: 0.3680603504180908
Partial simulation consumes time: 0.3356342315673828
Partial simulation consumes time: 0.3705451488494873
Partial simulation consumes time: 0.3815782070159912
Partial simulation consumes time: 0.3703038692474365
Partial simulation consumes time: 0.3685119152069092
Partial simulation consumes time: 0.3631408214569092
Partial simulation consumes time: 0.372251033782959
Partial simulation consumes time: 0.3677489757537842
Partial simulation consumes time: 0.37865781784057617
Partial simulation consumes time: 0.36057329177856445
Partial simulation consumes time: 0.37116026878356934
Partial simulation consumes time: 0.38243985176086426
Partial simulation consumes time: 0.35358095169067383
Partial simulation consumes time: 0.384218692779541
Partial simulation consumes time: 0.19815349578857422
Partial simulation consumes time: 0.21954083442687988
Partial simulation consumes time: 0.21158075332641602
Partial simulation consumes time: 0.20159125328063965
Partial simulation consumes time: 0.25051116943359375
Partial simulation consumes time: 0.21480917930603027
Partial simulation consumes time: 0.23342132568359375
Partial simulation consumes time: 0.19741368293762207
Partial simulation consumes time: 0.20565533638000488
Partial simulation consumes time: 0.19425058364868164
Partial simulation consumes time: 0.23421859741210938
Partial simulation consumes time: 0.19685626029968262
Partial simulation consumes time: 0.2150728702545166
Partial simulation consumes time: 0.26717162132263184
Partial simulation consumes time: 0.22080445289611816
Partial simulation consumes time: 0.245208740234375
Partial simulation consumes time: 0.23511123657226562
Partial simulation consumes time: 0.19717121124267578
Partial simulation consumes time: 0.24274063110351562
Partial simulation consumes time: 0.21814346313476562
Partial simulation consumes time: 0.24417877197265625
Partial simulation consumes time: 0.2546088695526123
Partial simulation consumes time: 0.19623994827270508
Partial simulation consumes time: 0.2311573028564453
Partial simulation consumes time: 0.24430394172668457
Partial simulation consumes time: 0.21675491333007812
Partial simulation consumes time: 0.2003018856048584
Partial simulation consumes time: 0.21927571296691895
Partial simulation consumes time: 0.2540476322174072
Partial simulation consumes time: 0.20579838752746582
Partial simulation consumes time: 0.3897683620452881
Partial simulation consumes time: 0.3114902973175049
Partial simulation consumes time: 0.24834012985229492
Partial simulation consumes time: 0.25629615783691406
Partial simulation consumes time: 0.2375037670135498
Partial simulation consumes time: 0.22949981689453125
Partial simulation consumes time: 0.244920015335083
Partial simulation consumes time: 0.24802279472351074
Partial simulation consumes time: 0.22583651542663574
Partial simulation consumes time: 0.2102367877960205
Partial simulation consumes time: 0.2537407875061035
Partial simulation consumes time: 0.2521548271179199
Partial simulation consumes time: 0.1945209503173828
Partial simulation consumes time: 0.19751286506652832
Partial simulation consumes time: 0.22973179817199707
Partial simulation consumes time: 0.22042417526245117
Partial simulation consumes time: 0.24680495262145996
Partial simulation consumes time: 0.2598533630371094
Partial simulation consumes time: 0.20966553688049316
Partial simulation consumes time: 0.21769332885742188
Partial simulation consumes time: 0.21605825424194336
Partial simulation consumes time: 0.2650909423828125
Partial simulation consumes time: 0.20533537864685059
Partial simulation consumes time: 0.23712754249572754
Partial simulation consumes time: 0.21234607696533203
Partial simulation consumes time: 0.21137595176696777
Partial simulation consumes time: 0.20647239685058594
Partial simulation consumes time: 0.23912334442138672
Partial simulation consumes time: 0.19804692268371582
Partial simulation consumes time: 0.2041635513305664
Partial simulation consumes time: 0.24802732467651367
Partial simulation consumes time: 0.2624192237854004
Partial simulation consumes time: 0.20654511451721191
Partial simulation consumes time: 0.20172643661499023
Partial simulation consumes time: 0.30840516090393066
Partial simulation consumes time: 0.3498098850250244
Partial simulation consumes time: 0.30477237701416016
Partial simulation consumes time: 0.2605743408203125
Partial simulation consumes time: 0.32829713821411133
Partial simulation consumes time: 0.32823824882507324
Partial simulation consumes time: 0.31396007537841797
Partial simulation consumes time: 0.3106210231781006
Partial simulation consumes time: 0.34905099868774414
Partial simulation consumes time: 0.33390259742736816
Partial simulation consumes time: 0.3203914165496826
Partial simulation consumes time: 0.2534034252166748
Partial simulation consumes time: 0.281055212020874
Partial simulation consumes time: 0.30036282539367676
Partial simulation consumes time: 0.309551477432251
Partial simulation consumes time: 0.2632107734680176
Partial simulation consumes time: 0.30166029930114746
Partial simulation consumes time: 0.3100407123565674
Partial simulation consumes time: 0.3184361457824707
Partial simulation consumes time: 0.2484874725341797
Partial simulation consumes time: 0.3293328285217285
Partial simulation consumes time: 0.30750346183776855
Partial simulation consumes time: 0.3168644905090332
Partial simulation consumes time: 0.24973034858703613
Partial simulation consumes time: 0.31506967544555664
Partial simulation consumes time: 0.24968528747558594
Partial simulation consumes time: 0.3167271614074707
Partial simulation consumes time: 0.2525632381439209
Partial simulation consumes time: 0.30336713790893555
Partial simulation consumes time: 0.2982158660888672
Partial simulation consumes time: 0.25780177116394043
Partial simulation consumes time: 0.26383090019226074
Partial simulation consumes time: 0.27555131912231445
Partial simulation consumes time: 0.26840734481811523
Partial simulation consumes time: 0.3033459186553955
Partial simulation consumes time: 0.2745227813720703
Partial simulation consumes time: 0.3176264762878418
Partial simulation consumes time: 0.25022315979003906
Partial simulation consumes time: 0.30891895294189453
Partial simulation consumes time: 0.2518315315246582
Partial simulation consumes time: 0.30733203887939453
Partial simulation consumes time: 0.29578518867492676
Partial simulation consumes time: 0.25023627281188965
Partial simulation consumes time: 0.30740904808044434
Partial simulation consumes time: 0.2877688407897949
Partial simulation consumes time: 0.32025623321533203
Partial simulation consumes time: 0.27907490730285645
Partial simulation consumes time: 0.3030366897583008
Partial simulation consumes time: 0.30501437187194824
Partial simulation consumes time: 0.3317687511444092
Partial simulation consumes time: 0.2907426357269287
Partial simulation consumes time: 0.3068861961364746
Partial simulation consumes time: 0.27085447311401367
Partial simulation consumes time: 0.29258108139038086
Partial simulation consumes time: 0.271557092666626
Partial simulation consumes time: 0.30834221839904785
Partial simulation consumes time: 0.34152913093566895
Partial simulation consumes time: 0.31148743629455566
Partial simulation consumes time: 0.26322388648986816
Partial simulation consumes time: 0.3073272705078125
Partial simulation consumes time: 0.2502741813659668
Partial simulation consumes time: 0.33435559272766113
Partial simulation consumes time: 0.3213784694671631
Partial simulation consumes time: 0.32240986824035645
Partial simulation consumes time: 0.34307146072387695
Partial simulation consumes time: 0.3291144371032715
Partial simulation consumes time: 0.3214414119720459
Partial simulation consumes time: 0.3489549160003662
Partial simulation consumes time: 0.3576793670654297
Partial simulation consumes time: 0.3230307102203369
Partial simulation consumes time: 0.30677008628845215
Partial simulation consumes time: 0.3348538875579834
Partial simulation consumes time: 0.3200657367706299
Partial simulation consumes time: 0.3204805850982666
Partial simulation consumes time: 0.314464807510376
Partial simulation consumes time: 0.3076479434967041
Partial simulation consumes time: 0.3061819076538086
Partial simulation consumes time: 0.3221614360809326
Partial simulation consumes time: 0.3430352210998535
Partial simulation consumes time: 0.3391733169555664
Partial simulation consumes time: 0.3313329219818115
Partial simulation consumes time: 0.30613064765930176
Partial simulation consumes time: 0.345289945602417
Partial simulation consumes time: 0.319415807723999
Partial simulation consumes time: 0.3229560852050781
Partial simulation consumes time: 0.3094217777252197
Partial simulation consumes time: 0.31360578536987305
Partial simulation consumes time: 0.31896424293518066
Partial simulation consumes time: 0.3824427127838135
Partial simulation consumes time: 0.309307336807251
Partial simulation consumes time: 0.30847907066345215
Partial simulation consumes time: 0.3277430534362793
Partial simulation consumes time: 0.3540034294128418
Partial simulation consumes time: 0.33632445335388184
Partial simulation consumes time: 0.3066115379333496
Partial simulation consumes time: 0.31406378746032715
Partial simulation consumes time: 0.3549463748931885
Partial simulation consumes time: 0.30591630935668945
Partial simulation consumes time: 0.31289219856262207
Partial simulation consumes time: 0.30599212646484375
Partial simulation consumes time: 0.36643171310424805
Partial simulation consumes time: 0.3257453441619873
Partial simulation consumes time: 0.3404660224914551
Partial simulation consumes time: 0.33675074577331543
Partial simulation consumes time: 0.3553626537322998
Partial simulation consumes time: 0.3113441467285156
Partial simulation consumes time: 0.32298827171325684
Partial simulation consumes time: 0.3059689998626709
Partial simulation consumes time: 0.30026745796203613
Partial simulation consumes time: 0.3157796859741211
Partial simulation consumes time: 0.3071117401123047
Partial simulation consumes time: 0.34784722328186035
Partial simulation consumes time: 0.3594989776611328
Partial simulation consumes time: 0.31670379638671875
Partial simulation consumes time: 0.33028101921081543
Partial simulation consumes time: 0.31455254554748535
Partial simulation consumes time: 0.32605457305908203
Partial simulation consumes time: 0.3190281391143799
Partial simulation consumes time: 0.3237340450286865
Partial simulation consumes time: 0.32318878173828125
Partial simulation consumes time: 0.3983139991760254
Partial simulation consumes time: 0.30901193618774414
Partial simulation consumes time: 0.3360574245452881
Partial simulation consumes time: 0.304457426071167
Partial simulation consumes time: 0.3106379508972168
Partial simulation consumes time: 0.31262731552124023
Partial simulation consumes time: 0.37230753898620605
Partial simulation consumes time: 0.31371617317199707
Partial simulation consumes time: 0.16324734687805176
Partial simulation consumes time: 0.17173027992248535
Partial simulation consumes time: 0.19086217880249023
Partial simulation consumes time: 0.16428709030151367
Partial simulation consumes time: 0.1736295223236084
Partial simulation consumes time: 0.19632911682128906
Partial simulation consumes time: 0.1628742218017578
Partial simulation consumes time: 0.1828746795654297
Partial simulation consumes time: 0.20688295364379883
Partial simulation consumes time: 0.17982959747314453
Partial simulation consumes time: 0.19052958488464355
Partial simulation consumes time: 0.19382691383361816
Partial simulation consumes time: 0.1849665641784668
Partial simulation consumes time: 0.20186829566955566
Partial simulation consumes time: 0.17419028282165527
Partial simulation consumes time: 0.18432116508483887
Partial simulation consumes time: 0.16895413398742676
Partial simulation consumes time: 0.16426777839660645
Partial simulation consumes time: 0.19448447227478027
Partial simulation consumes time: 0.19877958297729492
Partial simulation consumes time: 0.2130727767944336
Partial simulation consumes time: 0.19418883323669434
Partial simulation consumes time: 0.1602764129638672
Partial simulation consumes time: 0.21408748626708984
Partial simulation consumes time: 0.2142500877380371
Partial simulation consumes time: 0.18608808517456055
Partial simulation consumes time: 0.20426678657531738
Partial simulation consumes time: 0.2073991298675537
Partial simulation consumes time: 0.21093177795410156
Partial simulation consumes time: 0.19564127922058105
Partial simulation consumes time: 0.1642591953277588
Partial simulation consumes time: 0.17092633247375488
Partial simulation consumes time: 0.1654515266418457
Partial simulation consumes time: 0.1923058032989502
Partial simulation consumes time: 0.1951000690460205
Partial simulation consumes time: 0.1817176342010498
Partial simulation consumes time: 0.19851374626159668
Partial simulation consumes time: 0.1954345703125
Partial simulation consumes time: 0.19982528686523438
Partial simulation consumes time: 0.19115638732910156
Partial simulation consumes time: 0.2070786952972412
Partial simulation consumes time: 0.19746756553649902
Partial simulation consumes time: 0.19886255264282227
Partial simulation consumes time: 0.19961237907409668
Partial simulation consumes time: 0.15630578994750977
Partial simulation consumes time: 0.1741490364074707
Partial simulation consumes time: 0.18805265426635742
Partial simulation consumes time: 0.18811917304992676
Partial simulation consumes time: 0.19920110702514648
Partial simulation consumes time: 0.15523362159729004
Partial simulation consumes time: 0.2144775390625
Partial simulation consumes time: 0.19652056694030762
Partial simulation consumes time: 0.17847371101379395
Partial simulation consumes time: 0.1731560230255127
Partial simulation consumes time: 0.20554494857788086
Partial simulation consumes time: 0.21194171905517578
Partial simulation consumes time: 0.17269611358642578
Partial simulation consumes time: 0.19653892517089844
Partial simulation consumes time: 0.1927933692932129
Partial simulation consumes time: 0.16932272911071777
Partial simulation consumes time: 0.16762113571166992
Partial simulation consumes time: 0.17133569717407227
Partial simulation consumes time: 0.19620656967163086
Partial simulation consumes time: 0.16227054595947266
Partial simulation consumes time: 0.2561497688293457
Partial simulation consumes time: 0.26346397399902344
Partial simulation consumes time: 0.2584536075592041
Partial simulation consumes time: 0.2557804584503174
Partial simulation consumes time: 0.2792372703552246
Partial simulation consumes time: 0.31383538246154785
Partial simulation consumes time: 0.2638864517211914
Partial simulation consumes time: 0.2663154602050781
Partial simulation consumes time: 0.2561314105987549
Partial simulation consumes time: 0.2753748893737793
Partial simulation consumes time: 0.2597506046295166
Partial simulation consumes time: 0.26216650009155273
Partial simulation consumes time: 0.2629120349884033
Partial simulation consumes time: 0.2666151523590088
Partial simulation consumes time: 0.267719030380249
Partial simulation consumes time: 0.26487231254577637
Partial simulation consumes time: 0.2870056629180908
Partial simulation consumes time: 0.3080887794494629
Partial simulation consumes time: 0.2706177234649658
Partial simulation consumes time: 0.263063907623291
Partial simulation consumes time: 0.27231669425964355
Partial simulation consumes time: 0.2631351947784424
Partial simulation consumes time: 0.27057504653930664
Partial simulation consumes time: 0.27857279777526855
Partial simulation consumes time: 0.26468992233276367
Partial simulation consumes time: 0.26375579833984375
Partial simulation consumes time: 0.2591996192932129
Partial simulation consumes time: 0.2949519157409668
Partial simulation consumes time: 0.28342270851135254
Partial simulation consumes time: 0.2915215492248535
Partial simulation consumes time: 0.26021528244018555
Partial simulation consumes time: 0.26200199127197266
Partial simulation consumes time: 0.2628765106201172
Partial simulation consumes time: 0.25803685188293457
Partial simulation consumes time: 0.26647448539733887
Partial simulation consumes time: 0.2576582431793213
Partial simulation consumes time: 0.2556333541870117
Partial simulation consumes time: 0.25676512718200684
Partial simulation consumes time: 0.2771646976470947
Partial simulation consumes time: 0.25815415382385254
Partial simulation consumes time: 0.26597070693969727
Partial simulation consumes time: 0.2723665237426758
Partial simulation consumes time: 0.31939029693603516
Partial simulation consumes time: 0.25313878059387207
Partial simulation consumes time: 0.2722744941711426
Partial simulation consumes time: 0.2576315402984619
Partial simulation consumes time: 0.25682497024536133
Partial simulation consumes time: 0.2568807601928711
Partial simulation consumes time: 0.25470972061157227
Partial simulation consumes time: 0.26810693740844727
Partial simulation consumes time: 0.2592957019805908
Partial simulation consumes time: 0.29315757751464844
Partial simulation consumes time: 0.2590346336364746
Partial simulation consumes time: 0.2593555450439453
Partial simulation consumes time: 0.26723527908325195
Partial simulation consumes time: 0.2666490077972412
Partial simulation consumes time: 0.2705800533294678
Partial simulation consumes time: 0.26174044609069824
Partial simulation consumes time: 0.2680339813232422
Partial simulation consumes time: 0.264052152633667
Partial simulation consumes time: 0.25829219818115234
Partial simulation consumes time: 0.2596316337585449
Partial simulation consumes time: 0.27072882652282715
Partial simulation consumes time: 0.25795698165893555
Partial simulation consumes time: 0.38907957077026367
Partial simulation consumes time: 0.3849625587463379
Partial simulation consumes time: 0.41399288177490234
Partial simulation consumes time: 0.3632833957672119
Partial simulation consumes time: 0.3577146530151367
Partial simulation consumes time: 0.3237776756286621
Partial simulation consumes time: 0.3741469383239746
Partial simulation consumes time: 0.7323503494262695
Partial simulation consumes time: 0.36715102195739746
Partial simulation consumes time: 0.31455421447753906
Partial simulation consumes time: 0.35012006759643555
Partial simulation consumes time: 0.3855278491973877
Partial simulation consumes time: 0.3474085330963135
Partial simulation consumes time: 0.3641190528869629
Partial simulation consumes time: 0.3610861301422119
Partial simulation consumes time: 0.34540820121765137
Partial simulation consumes time: 0.35444211959838867
Partial simulation consumes time: 0.36145925521850586
Partial simulation consumes time: 0.3644430637359619
Partial simulation consumes time: 0.359102725982666
Partial simulation consumes time: 0.35495471954345703
Partial simulation consumes time: 0.38793349266052246
Partial simulation consumes time: 0.36956286430358887
Partial simulation consumes time: 0.3818519115447998
Partial simulation consumes time: 0.31522178649902344
Partial simulation consumes time: 0.3538973331451416
Partial simulation consumes time: 0.3491806983947754
Partial simulation consumes time: 0.35219550132751465
Partial simulation consumes time: 0.31609320640563965
Partial simulation consumes time: 0.35215163230895996
Partial simulation consumes time: 0.357163667678833
Partial simulation consumes time: 0.31670117378234863
Partial simulation consumes time: 0.34112024307250977
Partial simulation consumes time: 0.32541370391845703
Partial simulation consumes time: 0.37485480308532715
Partial simulation consumes time: 0.3689448833465576
Partial simulation consumes time: 0.3866746425628662
Partial simulation consumes time: 0.3651912212371826
Partial simulation consumes time: 0.3473937511444092
Partial simulation consumes time: 0.3671305179595947
Partial simulation consumes time: 0.32651519775390625
Partial simulation consumes time: 0.32756853103637695
Partial simulation consumes time: 0.4050741195678711
Partial simulation consumes time: 0.36312198638916016
Partial simulation consumes time: 0.3634042739868164
Partial simulation consumes time: 0.33127427101135254
Partial simulation consumes time: 0.36611294746398926
Partial simulation consumes time: 0.319044828414917
Partial simulation consumes time: 0.347949743270874
Partial simulation consumes time: 0.38586854934692383
Partial simulation consumes time: 0.34630775451660156
Partial simulation consumes time: 0.3609194755554199
Partial simulation consumes time: 0.362410306930542
Partial simulation consumes time: 0.35021305084228516
Partial simulation consumes time: 0.37670159339904785
Partial simulation consumes time: 0.3496391773223877
Partial simulation consumes time: 0.3504452705383301
Partial simulation consumes time: 0.3604927062988281
Partial simulation consumes time: 0.3464219570159912
Partial simulation consumes time: 0.35424327850341797
Partial simulation consumes time: 0.3558812141418457
Partial simulation consumes time: 0.3121669292449951
Partial simulation consumes time: 0.36308979988098145
Partial simulation consumes time: 0.3798997402191162
Partial simulation consumes time: 0.2800309658050537
Partial simulation consumes time: 0.28379344940185547
Partial simulation consumes time: 0.28322601318359375
Partial simulation consumes time: 0.2659151554107666
Partial simulation consumes time: 0.28394412994384766
Partial simulation consumes time: 0.2848031520843506
Partial simulation consumes time: 0.26407432556152344
Partial simulation consumes time: 0.25928592681884766
Partial simulation consumes time: 0.287384033203125
Partial simulation consumes time: 0.2684478759765625
Partial simulation consumes time: 0.3064281940460205
Partial simulation consumes time: 0.2924811840057373
Partial simulation consumes time: 0.30869245529174805
Partial simulation consumes time: 0.2697410583496094
Partial simulation consumes time: 0.2607080936431885
Partial simulation consumes time: 0.2978990077972412
Partial simulation consumes time: 0.2559370994567871
Partial simulation consumes time: 0.2812178134918213
Partial simulation consumes time: 0.28533387184143066
Partial simulation consumes time: 0.29981422424316406
Partial simulation consumes time: 0.27919483184814453
Partial simulation consumes time: 0.2882366180419922
Partial simulation consumes time: 0.29065823554992676
Partial simulation consumes time: 0.30498528480529785
Partial simulation consumes time: 0.284700870513916
Partial simulation consumes time: 0.26787662506103516
Partial simulation consumes time: 0.28949832916259766
Partial simulation consumes time: 0.29027724266052246
Partial simulation consumes time: 0.2804863452911377
Partial simulation consumes time: 0.2644827365875244
Partial simulation consumes time: 0.27642393112182617
Partial simulation consumes time: 0.30925488471984863
Partial simulation consumes time: 0.2638437747955322
Partial simulation consumes time: 0.2984600067138672
Partial simulation consumes time: 0.2882802486419678
Partial simulation consumes time: 0.2965207099914551
Partial simulation consumes time: 0.29329681396484375
Partial simulation consumes time: 0.28057169914245605
Partial simulation consumes time: 0.2867708206176758
Partial simulation consumes time: 0.27476048469543457
Partial simulation consumes time: 0.27472734451293945
Partial simulation consumes time: 0.305675745010376
Partial simulation consumes time: 0.2785923480987549
Partial simulation consumes time: 0.2608640193939209
Partial simulation consumes time: 0.2602705955505371
Partial simulation consumes time: 0.2841527462005615
Partial simulation consumes time: 0.2570350170135498
Partial simulation consumes time: 0.2795252799987793
Partial simulation consumes time: 0.3061189651489258
Partial simulation consumes time: 0.28082776069641113
Partial simulation consumes time: 0.2758493423461914
Partial simulation consumes time: 0.28423428535461426
Partial simulation consumes time: 0.27678585052490234
Partial simulation consumes time: 0.3164100646972656
Partial simulation consumes time: 0.2814648151397705
Partial simulation consumes time: 0.28734922409057617
Partial simulation consumes time: 0.2811429500579834
Partial simulation consumes time: 0.2947266101837158
Partial simulation consumes time: 0.28889012336730957
Partial simulation consumes time: 0.30882906913757324
Partial simulation consumes time: 0.28076815605163574
Partial simulation consumes time: 0.27939295768737793
Partial simulation consumes time: 0.28156590461730957
Partial simulation consumes time: 0.2827115058898926
Partial simulation consumes time: 0.20715093612670898
Partial simulation consumes time: 0.21938252449035645
Partial simulation consumes time: 0.3189125061035156
Partial simulation consumes time: 0.3497910499572754
Partial simulation consumes time: 0.33114075660705566
Partial simulation consumes time: 0.22319936752319336
Partial simulation consumes time: 0.32177042961120605
Partial simulation consumes time: 0.2371072769165039
Partial simulation consumes time: 0.25571703910827637
Partial simulation consumes time: 0.3236351013183594
Partial simulation consumes time: 0.361128568649292
Partial simulation consumes time: 0.2078561782836914
Partial simulation consumes time: 0.32686424255371094
Partial simulation consumes time: 0.3586604595184326
Partial simulation consumes time: 0.3085215091705322
Partial simulation consumes time: 0.21629953384399414
Partial simulation consumes time: 0.33412861824035645
Partial simulation consumes time: 0.2505934238433838
Partial simulation consumes time: 0.31738877296447754
Partial simulation consumes time: 0.3192601203918457
Partial simulation consumes time: 0.32343125343322754
Partial simulation consumes time: 0.20937371253967285
Partial simulation consumes time: 0.33803701400756836
Partial simulation consumes time: 0.22216272354125977
Partial simulation consumes time: 0.22372984886169434
Partial simulation consumes time: 0.3412816524505615
Partial simulation consumes time: 0.3323945999145508
Partial simulation consumes time: 0.3479444980621338
Partial simulation consumes time: 0.3274352550506592
Partial simulation consumes time: 0.33753013610839844
Partial simulation consumes time: 0.32370781898498535
Partial simulation consumes time: 0.32256078720092773
Partial simulation consumes time: 0.3329024314880371
Partial simulation consumes time: 0.21894550323486328
Partial simulation consumes time: 0.31789112091064453
Partial simulation consumes time: 0.3133866786956787
Partial simulation consumes time: 0.21512651443481445
Partial simulation consumes time: 0.22061657905578613
Partial simulation consumes time: 0.3523378372192383
Partial simulation consumes time: 0.2193007469177246
Partial simulation consumes time: 0.23780226707458496
Partial simulation consumes time: 0.22744035720825195
Partial simulation consumes time: 0.34046220779418945
Partial simulation consumes time: 0.2853231430053711
Partial simulation consumes time: 0.3545043468475342
Partial simulation consumes time: 0.23003721237182617
Partial simulation consumes time: 0.3273885250091553
Partial simulation consumes time: 0.31495022773742676
Partial simulation consumes time: 0.3479726314544678
Partial simulation consumes time: 0.21459603309631348
Partial simulation consumes time: 0.21465086936950684
Partial simulation consumes time: 0.3186309337615967
Partial simulation consumes time: 0.25925183296203613
Partial simulation consumes time: 0.33042168617248535
Partial simulation consumes time: 0.21543574333190918
Partial simulation consumes time: 0.33292222023010254
Partial simulation consumes time: 0.2986748218536377
Partial simulation consumes time: 0.2263474464416504
Partial simulation consumes time: 0.31539368629455566
Partial simulation consumes time: 0.33603429794311523
Partial simulation consumes time: 0.32335400581359863
Partial simulation consumes time: 0.34560489654541016
Partial simulation consumes time: 0.3251841068267822
Partial simulation consumes time: 0.213775634765625
Partial simulation consumes time: 0.18094635009765625
Partial simulation consumes time: 0.20057249069213867
Partial simulation consumes time: 0.17757749557495117
Partial simulation consumes time: 0.24190902709960938
Partial simulation consumes time: 0.22389936447143555
Partial simulation consumes time: 0.19626998901367188
Partial simulation consumes time: 0.19716382026672363
Partial simulation consumes time: 0.1782078742980957
Partial simulation consumes time: 0.1817772388458252
Partial simulation consumes time: 0.20182585716247559
Partial simulation consumes time: 0.1960616111755371
Partial simulation consumes time: 0.20652556419372559
Partial simulation consumes time: 0.21200847625732422
Partial simulation consumes time: 0.17948365211486816
Partial simulation consumes time: 0.17780041694641113
Partial simulation consumes time: 0.201934814453125
Partial simulation consumes time: 0.1840047836303711
Partial simulation consumes time: 0.1892251968383789
Partial simulation consumes time: 0.20429491996765137
Partial simulation consumes time: 0.18828678131103516
Partial simulation consumes time: 0.21906471252441406
Partial simulation consumes time: 0.19282793998718262
Partial simulation consumes time: 0.1777515411376953
Partial simulation consumes time: 0.1820087432861328
Partial simulation consumes time: 0.17797517776489258
Partial simulation consumes time: 0.18255114555358887
Partial simulation consumes time: 0.19980883598327637
Partial simulation consumes time: 0.17919301986694336
Partial simulation consumes time: 0.20184659957885742
Partial simulation consumes time: 0.20236444473266602
Partial simulation consumes time: 0.21569108963012695
Partial simulation consumes time: 0.18168187141418457
Partial simulation consumes time: 0.21087861061096191
Partial simulation consumes time: 0.20017218589782715
Partial simulation consumes time: 0.19788718223571777
Partial simulation consumes time: 0.21541571617126465
Partial simulation consumes time: 0.17688775062561035
Partial simulation consumes time: 0.18090343475341797
Partial simulation consumes time: 0.20238661766052246
Partial simulation consumes time: 0.18530511856079102
Partial simulation consumes time: 0.21076178550720215
Partial simulation consumes time: 0.2040259838104248
Partial simulation consumes time: 0.19820165634155273
Partial simulation consumes time: 0.18689751625061035
Partial simulation consumes time: 0.17866086959838867
Partial simulation consumes time: 0.2046823501586914
Partial simulation consumes time: 0.19271135330200195
Partial simulation consumes time: 0.18832063674926758
Partial simulation consumes time: 0.2155759334564209
Partial simulation consumes time: 0.20933938026428223
Partial simulation consumes time: 0.19873619079589844
Partial simulation consumes time: 0.2067399024963379
Partial simulation consumes time: 0.19864964485168457
Partial simulation consumes time: 0.19590973854064941
Partial simulation consumes time: 0.17972230911254883
Partial simulation consumes time: 0.20343422889709473
Partial simulation consumes time: 0.18378829956054688
Partial simulation consumes time: 0.2031230926513672
Partial simulation consumes time: 0.19572067260742188
Partial simulation consumes time: 0.17681336402893066
Partial simulation consumes time: 0.19303274154663086
Partial simulation consumes time: 0.1937410831451416
Partial simulation consumes time: 0.18541383743286133
Partial simulation consumes time: 0.18370842933654785
Partial simulation consumes time: 0.26119399070739746
Partial simulation consumes time: 0.265392541885376
Partial simulation consumes time: 0.23735642433166504
Partial simulation consumes time: 0.22662115097045898
Partial simulation consumes time: 0.22690367698669434
Partial simulation consumes time: 0.26515984535217285
Partial simulation consumes time: 0.23466944694519043
Partial simulation consumes time: 0.22668027877807617
Partial simulation consumes time: 0.24153590202331543
Partial simulation consumes time: 0.2361598014831543
Partial simulation consumes time: 0.24839210510253906
Partial simulation consumes time: 0.23387622833251953
Partial simulation consumes time: 0.23189973831176758
Partial simulation consumes time: 0.26566576957702637
Partial simulation consumes time: 0.25156188011169434
Partial simulation consumes time: 0.2289597988128662
Partial simulation consumes time: 0.2503032684326172
Partial simulation consumes time: 0.24897074699401855
Partial simulation consumes time: 0.24476003646850586
Partial simulation consumes time: 0.24199342727661133
Partial simulation consumes time: 0.23504161834716797
Partial simulation consumes time: 0.25154685974121094
Partial simulation consumes time: 0.23965692520141602
Partial simulation consumes time: 0.22643733024597168
Partial simulation consumes time: 0.2272658348083496
Partial simulation consumes time: 0.24949407577514648
Partial simulation consumes time: 0.2664666175842285
Partial simulation consumes time: 0.251863956451416
Partial simulation consumes time: 0.24327492713928223
Partial simulation consumes time: 0.24915766716003418
Partial simulation consumes time: 0.2417619228363037
Partial simulation consumes time: 0.25753331184387207
Partial simulation consumes time: 0.23912453651428223
Partial simulation consumes time: 0.2542123794555664
Partial simulation consumes time: 0.2290961742401123
Partial simulation consumes time: 0.22565126419067383
Partial simulation consumes time: 0.249267578125
Partial simulation consumes time: 0.23006772994995117
Partial simulation consumes time: 0.24203705787658691
Partial simulation consumes time: 0.22775959968566895
Partial simulation consumes time: 0.24119257926940918
Partial simulation consumes time: 0.24819684028625488
Partial simulation consumes time: 0.24189305305480957
Partial simulation consumes time: 0.2537806034088135
Partial simulation consumes time: 0.33873772621154785
Partial simulation consumes time: 0.42633533477783203
Partial simulation consumes time: 0.24600744247436523
Partial simulation consumes time: 0.2285780906677246
Partial simulation consumes time: 0.23491525650024414
Partial simulation consumes time: 0.2409219741821289
Partial simulation consumes time: 0.2256298065185547
Partial simulation consumes time: 0.23509645462036133
Partial simulation consumes time: 0.2579348087310791
Partial simulation consumes time: 0.26352906227111816
Partial simulation consumes time: 0.2808864116668701
Partial simulation consumes time: 0.2354123592376709
Partial simulation consumes time: 0.23629164695739746
Partial simulation consumes time: 0.24125385284423828
Partial simulation consumes time: 0.23115968704223633
Partial simulation consumes time: 0.24425530433654785
Partial simulation consumes time: 0.22488713264465332
Partial simulation consumes time: 0.2364184856414795
Partial simulation consumes time: 0.23575282096862793
Partial simulation consumes time: 0.23751330375671387
Partial simulation consumes time: 0.10349369049072266
Partial simulation consumes time: 0.11901569366455078
Partial simulation consumes time: 0.10712671279907227
Partial simulation consumes time: 0.11461448669433594
Partial simulation consumes time: 0.11522364616394043
Partial simulation consumes time: 0.1462550163269043
Partial simulation consumes time: 0.10760116577148438
Partial simulation consumes time: 0.10626745223999023
Partial simulation consumes time: 0.12355923652648926
Partial simulation consumes time: 0.10731029510498047
Partial simulation consumes time: 0.10408425331115723
Partial simulation consumes time: 0.10448932647705078
Partial simulation consumes time: 0.10410141944885254
Partial simulation consumes time: 0.12233614921569824
Partial simulation consumes time: 0.10797429084777832
Partial simulation consumes time: 0.10369992256164551
Partial simulation consumes time: 0.12707066535949707
Partial simulation consumes time: 0.10526156425476074
Partial simulation consumes time: 0.10364413261413574
Partial simulation consumes time: 0.11153864860534668
Partial simulation consumes time: 0.12142825126647949
Partial simulation consumes time: 0.12010455131530762
Partial simulation consumes time: 0.11224603652954102
Partial simulation consumes time: 0.11348652839660645
Partial simulation consumes time: 0.1286156177520752
Partial simulation consumes time: 0.11525344848632812
Partial simulation consumes time: 0.11557316780090332
Partial simulation consumes time: 0.10724186897277832
Partial simulation consumes time: 0.10414719581604004
Partial simulation consumes time: 0.14343523979187012
Partial simulation consumes time: 0.11623930931091309
Partial simulation consumes time: 0.10810184478759766
Partial simulation consumes time: 0.11228370666503906
Partial simulation consumes time: 0.10612106323242188
Partial simulation consumes time: 0.10375833511352539
Partial simulation consumes time: 0.10448241233825684
Partial simulation consumes time: 0.12020063400268555
Partial simulation consumes time: 0.10551643371582031
Partial simulation consumes time: 0.10429883003234863
Partial simulation consumes time: 0.1082918643951416
Partial simulation consumes time: 0.11854386329650879
Partial simulation consumes time: 0.1257016658782959
Partial simulation consumes time: 0.12699031829833984
Partial simulation consumes time: 0.11661577224731445
Partial simulation consumes time: 0.11326980590820312
Partial simulation consumes time: 0.13050436973571777
Partial simulation consumes time: 0.11379814147949219
Partial simulation consumes time: 0.11082053184509277
Partial simulation consumes time: 0.10921001434326172
Partial simulation consumes time: 0.10986876487731934
Partial simulation consumes time: 0.1263282299041748
Partial simulation consumes time: 0.10492730140686035
Partial simulation consumes time: 0.11026549339294434
Partial simulation consumes time: 0.10402297973632812
Partial simulation consumes time: 0.10490226745605469
Partial simulation consumes time: 0.1150825023651123
Partial simulation consumes time: 0.1128394603729248
Partial simulation consumes time: 0.10874009132385254
Partial simulation consumes time: 0.11880135536193848
Partial simulation consumes time: 0.11037325859069824
Partial simulation consumes time: 0.1052238941192627
Partial simulation consumes time: 0.10707974433898926
Partial simulation consumes time: 0.11197829246520996
Partial simulation consumes time: 0.11416339874267578
Partial simulation consumes time: 0.4162776470184326
Partial simulation consumes time: 0.4260087013244629
Partial simulation consumes time: 0.36690855026245117
Partial simulation consumes time: 0.43143153190612793
Partial simulation consumes time: 0.41892504692077637
Partial simulation consumes time: 0.4326608180999756
Partial simulation consumes time: 0.4287405014038086
Partial simulation consumes time: 0.41980695724487305
Partial simulation consumes time: 0.40360212326049805
Partial simulation consumes time: 0.41513609886169434
Partial simulation consumes time: 0.4094264507293701
Partial simulation consumes time: 0.43364858627319336
Partial simulation consumes time: 0.3949005603790283
Partial simulation consumes time: 0.3917715549468994
Partial simulation consumes time: 0.4537467956542969
Partial simulation consumes time: 0.44113874435424805
Partial simulation consumes time: 0.43573522567749023
Partial simulation consumes time: 0.4461214542388916
Partial simulation consumes time: 0.44151902198791504
Partial simulation consumes time: 0.3728046417236328
Partial simulation consumes time: 0.3776230812072754
Partial simulation consumes time: 0.4236624240875244
Partial simulation consumes time: 0.37066125869750977
Partial simulation consumes time: 0.4443333148956299
Partial simulation consumes time: 0.4351460933685303
Partial simulation consumes time: 0.43894124031066895
Partial simulation consumes time: 0.4496877193450928
Partial simulation consumes time: 0.3654048442840576
Partial simulation consumes time: 0.3653230667114258
Partial simulation consumes time: 0.41138362884521484
Partial simulation consumes time: 0.4263477325439453
Partial simulation consumes time: 0.37537121772766113
Partial simulation consumes time: 0.4072606563568115
Partial simulation consumes time: 0.42862534523010254
Partial simulation consumes time: 0.4022977352142334
Partial simulation consumes time: 0.37292051315307617
Partial simulation consumes time: 0.4723644256591797
Partial simulation consumes time: 0.41847658157348633
Partial simulation consumes time: 0.4341905117034912
Partial simulation consumes time: 0.3708217144012451
Partial simulation consumes time: 0.41948723793029785
Partial simulation consumes time: 0.4257981777191162
Partial simulation consumes time: 0.3927316665649414
Partial simulation consumes time: 0.4057750701904297
Partial simulation consumes time: 0.3724946975708008
Partial simulation consumes time: 0.41385626792907715
Partial simulation consumes time: 0.41684961318969727
Partial simulation consumes time: 0.41161513328552246
Partial simulation consumes time: 0.4270033836364746
Partial simulation consumes time: 0.37168264389038086
Partial simulation consumes time: 0.42466115951538086
Partial simulation consumes time: 0.3764071464538574
Partial simulation consumes time: 0.42626285552978516
Partial simulation consumes time: 0.4340031147003174
Partial simulation consumes time: 0.36726856231689453
Partial simulation consumes time: 0.4075920581817627
Partial simulation consumes time: 0.43116259574890137
Partial simulation consumes time: 0.43111562728881836
Partial simulation consumes time: 0.4616720676422119
Partial simulation consumes time: 0.4205203056335449
Partial simulation consumes time: 0.4303433895111084
Partial simulation consumes time: 0.37349915504455566
Partial simulation consumes time: 0.3829779624938965
Partial simulation consumes time: 0.3754086494445801
Partial simulation consumes time: 0.1735091209411621
Partial simulation consumes time: 0.19035935401916504
Partial simulation consumes time: 0.16475319862365723
Partial simulation consumes time: 0.1644124984741211
Partial simulation consumes time: 0.17232728004455566
Partial simulation consumes time: 0.1659858226776123
Partial simulation consumes time: 0.17315268516540527
Partial simulation consumes time: 0.17079401016235352
Partial simulation consumes time: 0.1646270751953125
Partial simulation consumes time: 0.17482852935791016
Partial simulation consumes time: 0.16307544708251953
Partial simulation consumes time: 0.1625523567199707
Partial simulation consumes time: 0.17221736907958984
Partial simulation consumes time: 0.16463494300842285
Partial simulation consumes time: 0.17015695571899414
Partial simulation consumes time: 0.16959810256958008
Partial simulation consumes time: 0.1804637908935547
Partial simulation consumes time: 0.17365002632141113
Partial simulation consumes time: 0.17528247833251953
Partial simulation consumes time: 0.23515772819519043
Partial simulation consumes time: 0.16603493690490723
Partial simulation consumes time: 0.16396021842956543
Partial simulation consumes time: 0.16413187980651855
Partial simulation consumes time: 0.16405081748962402
Partial simulation consumes time: 0.16721177101135254
Partial simulation consumes time: 0.1637406349182129
Partial simulation consumes time: 0.16467642784118652
Partial simulation consumes time: 0.16708922386169434
Partial simulation consumes time: 0.17694854736328125
Partial simulation consumes time: 0.1742238998413086
Partial simulation consumes time: 0.17186617851257324
Partial simulation consumes time: 0.17043089866638184
Partial simulation consumes time: 0.1778273582458496
Partial simulation consumes time: 0.1747875213623047
Partial simulation consumes time: 0.17185330390930176
Partial simulation consumes time: 0.21172070503234863
Partial simulation consumes time: 0.1685652732849121
Partial simulation consumes time: 0.16775941848754883
Partial simulation consumes time: 0.1748065948486328
Partial simulation consumes time: 0.1694488525390625
Partial simulation consumes time: 0.16968536376953125
Partial simulation consumes time: 0.1703801155090332
Partial simulation consumes time: 0.179671049118042
Partial simulation consumes time: 0.17103886604309082
Partial simulation consumes time: 0.1718142032623291
Partial simulation consumes time: 0.17513251304626465
Partial simulation consumes time: 0.16656756401062012
Partial simulation consumes time: 0.16791653633117676
Partial simulation consumes time: 0.18596458435058594
Partial simulation consumes time: 0.17799091339111328
Partial simulation consumes time: 0.1741194725036621
Partial simulation consumes time: 0.22245526313781738
Partial simulation consumes time: 0.17891454696655273
Partial simulation consumes time: 0.17728304862976074
Partial simulation consumes time: 0.17512845993041992
Partial simulation consumes time: 0.16542768478393555
Partial simulation consumes time: 0.1653144359588623
Partial simulation consumes time: 0.16593050956726074
Partial simulation consumes time: 0.16547274589538574
Partial simulation consumes time: 0.165313720703125
Partial simulation consumes time: 0.17087650299072266
Partial simulation consumes time: 0.1638350486755371
Partial simulation consumes time: 0.16448211669921875
Partial simulation consumes time: 0.16379737854003906
Partial simulation consumes time: 0.2567460536956787
Partial simulation consumes time: 0.24892187118530273
Partial simulation consumes time: 0.29059362411499023
Partial simulation consumes time: 0.2396225929260254
Partial simulation consumes time: 0.24370837211608887
Partial simulation consumes time: 0.23576998710632324
Partial simulation consumes time: 0.2479569911956787
Partial simulation consumes time: 0.2562110424041748
Partial simulation consumes time: 0.23445987701416016
Partial simulation consumes time: 0.22829866409301758
Partial simulation consumes time: 0.24544596672058105
Partial simulation consumes time: 0.23737812042236328
Partial simulation consumes time: 0.24006319046020508
Partial simulation consumes time: 0.2419877052307129
Partial simulation consumes time: 0.25844740867614746
Partial simulation consumes time: 0.2526538372039795
Partial simulation consumes time: 0.2335660457611084
Partial simulation consumes time: 0.23238873481750488
Partial simulation consumes time: 0.25855588912963867
Partial simulation consumes time: 0.23063063621520996
Partial simulation consumes time: 0.2546989917755127
Partial simulation consumes time: 0.2432100772857666
Partial simulation consumes time: 0.24045538902282715
Partial simulation consumes time: 0.26354122161865234
Partial simulation consumes time: 0.2513120174407959
Partial simulation consumes time: 0.2281172275543213
Partial simulation consumes time: 0.2548978328704834
Partial simulation consumes time: 0.24687767028808594
Partial simulation consumes time: 0.27892303466796875
Partial simulation consumes time: 0.2284841537475586
Partial simulation consumes time: 0.23689937591552734
Partial simulation consumes time: 0.24842000007629395
Partial simulation consumes time: 0.23501229286193848
Partial simulation consumes time: 0.23370885848999023
Partial simulation consumes time: 0.23776626586914062
Partial simulation consumes time: 0.2299962043762207
Partial simulation consumes time: 0.23224449157714844
Partial simulation consumes time: 0.24671387672424316
Partial simulation consumes time: 0.23058724403381348
Partial simulation consumes time: 0.2355661392211914
Partial simulation consumes time: 0.24747538566589355
Partial simulation consumes time: 0.27333617210388184
Partial simulation consumes time: 0.2582709789276123
Partial simulation consumes time: 0.23005938529968262
Partial simulation consumes time: 0.23687458038330078
Partial simulation consumes time: 0.2308673858642578
Partial simulation consumes time: 0.2503225803375244
Partial simulation consumes time: 0.24692964553833008
Partial simulation consumes time: 0.238525390625
Partial simulation consumes time: 0.24644732475280762
Partial simulation consumes time: 0.23909854888916016
Partial simulation consumes time: 0.24132513999938965
Partial simulation consumes time: 0.24422502517700195
Partial simulation consumes time: 0.252000093460083
Partial simulation consumes time: 0.2683744430541992
Partial simulation consumes time: 0.2323000431060791
Partial simulation consumes time: 0.23314118385314941
Partial simulation consumes time: 0.26006007194519043
Partial simulation consumes time: 0.23515081405639648
Partial simulation consumes time: 0.24071979522705078
Partial simulation consumes time: 0.23271608352661133
Partial simulation consumes time: 0.23355603218078613
Partial simulation consumes time: 0.2381906509399414
Partial simulation consumes time: 0.25019383430480957
Partial simulation consumes time: 0.3949778079986572
Partial simulation consumes time: 0.4183626174926758
Partial simulation consumes time: 0.4365663528442383
Partial simulation consumes time: 0.40334415435791016
Partial simulation consumes time: 0.40753173828125
Partial simulation consumes time: 0.4125070571899414
Partial simulation consumes time: 0.44335412979125977
Partial simulation consumes time: 0.4110584259033203
Partial simulation consumes time: 0.4097936153411865
Partial simulation consumes time: 0.4042844772338867
Partial simulation consumes time: 0.40195536613464355
Partial simulation consumes time: 0.47845983505249023
Partial simulation consumes time: 0.42516565322875977
Partial simulation consumes time: 0.4041914939880371
Partial simulation consumes time: 0.409517765045166
Partial simulation consumes time: 0.4056422710418701
Partial simulation consumes time: 0.4101295471191406
Partial simulation consumes time: 0.4015655517578125
Partial simulation consumes time: 0.4094061851501465
Partial simulation consumes time: 0.4040951728820801
Partial simulation consumes time: 0.45099449157714844
Partial simulation consumes time: 0.40766143798828125
Partial simulation consumes time: 0.4321920871734619
Partial simulation consumes time: 0.41887831687927246
Partial simulation consumes time: 0.4093058109283447
Partial simulation consumes time: 0.43476319313049316
Partial simulation consumes time: 0.4089081287384033
Partial simulation consumes time: 0.4249105453491211
Partial simulation consumes time: 0.4134945869445801
Partial simulation consumes time: 0.43727922439575195
Partial simulation consumes time: 0.793649435043335
Partial simulation consumes time: 0.40837883949279785
Partial simulation consumes time: 0.4138526916503906
Partial simulation consumes time: 0.40062975883483887
Partial simulation consumes time: 0.39811253547668457
Partial simulation consumes time: 0.40203094482421875
Partial simulation consumes time: 0.3933219909667969
Partial simulation consumes time: 0.3999626636505127
Partial simulation consumes time: 0.4325132369995117
Partial simulation consumes time: 0.389538049697876
Partial simulation consumes time: 0.40137195587158203
Partial simulation consumes time: 0.4063224792480469
Partial simulation consumes time: 0.4100475311279297
Partial simulation consumes time: 0.41149234771728516
Partial simulation consumes time: 0.40160489082336426
Partial simulation consumes time: 0.4034302234649658
Partial simulation consumes time: 0.39603543281555176
Partial simulation consumes time: 0.43567824363708496
Partial simulation consumes time: 0.4344143867492676
Partial simulation consumes time: 0.40811967849731445
Partial simulation consumes time: 0.4097146987915039
Partial simulation consumes time: 0.42937445640563965
Partial simulation consumes time: 0.41495513916015625
Partial simulation consumes time: 0.41173267364501953
Partial simulation consumes time: 0.41175007820129395
Partial simulation consumes time: 0.4175839424133301
Partial simulation consumes time: 0.4728882312774658
Partial simulation consumes time: 0.4115614891052246
Partial simulation consumes time: 0.40366172790527344
Partial simulation consumes time: 0.4303736686706543
Partial simulation consumes time: 0.4251275062561035
Partial simulation consumes time: 0.41793251037597656
Partial simulation consumes time: 0.4003562927246094
Partial simulation consumes time: 0.411531925201416
Partial simulation consumes time: 0.10120916366577148
Partial simulation consumes time: 0.10379481315612793
Partial simulation consumes time: 0.11620736122131348
Partial simulation consumes time: 0.11907362937927246
Partial simulation consumes time: 0.11940646171569824
Partial simulation consumes time: 0.1065526008605957
Partial simulation consumes time: 0.10019826889038086
Partial simulation consumes time: 0.11576318740844727
Partial simulation consumes time: 0.10692644119262695
Partial simulation consumes time: 0.1093590259552002
Partial simulation consumes time: 0.1024179458618164
Partial simulation consumes time: 0.11896109580993652
Partial simulation consumes time: 0.10819435119628906
Partial simulation consumes time: 0.11620640754699707
Partial simulation consumes time: 0.10378885269165039
Partial simulation consumes time: 0.11586928367614746
Partial simulation consumes time: 0.09963750839233398
Partial simulation consumes time: 0.10013961791992188
Partial simulation consumes time: 0.10406732559204102
Partial simulation consumes time: 0.09958195686340332
Partial simulation consumes time: 0.10011768341064453
Partial simulation consumes time: 0.12170767784118652
Partial simulation consumes time: 0.10900998115539551
Partial simulation consumes time: 0.11380982398986816
Partial simulation consumes time: 0.11315155029296875
Partial simulation consumes time: 0.1294844150543213
Partial simulation consumes time: 0.11323952674865723
Partial simulation consumes time: 0.10134339332580566
Partial simulation consumes time: 0.10060286521911621
Partial simulation consumes time: 0.10025525093078613
Partial simulation consumes time: 0.1050252914428711
Partial simulation consumes time: 0.09962582588195801
Partial simulation consumes time: 0.10863900184631348
Partial simulation consumes time: 0.10485196113586426
Partial simulation consumes time: 0.10200834274291992
Partial simulation consumes time: 0.11019062995910645
Partial simulation consumes time: 0.10029172897338867
Partial simulation consumes time: 0.12075042724609375
Partial simulation consumes time: 0.10164666175842285
Partial simulation consumes time: 0.10123586654663086
Partial simulation consumes time: 0.10398721694946289
Partial simulation consumes time: 0.10172390937805176
Partial simulation consumes time: 0.11474132537841797
Partial simulation consumes time: 0.11152482032775879
Partial simulation consumes time: 0.10736942291259766
Partial simulation consumes time: 0.11587095260620117
Partial simulation consumes time: 0.10088682174682617
Partial simulation consumes time: 0.10126447677612305
Partial simulation consumes time: 0.10297107696533203
Partial simulation consumes time: 0.10152220726013184
Partial simulation consumes time: 0.10913681983947754
Partial simulation consumes time: 0.099609375
Partial simulation consumes time: 0.09957289695739746
Partial simulation consumes time: 0.11638545989990234
Partial simulation consumes time: 0.0998842716217041
Partial simulation consumes time: 0.09987425804138184
Partial simulation consumes time: 0.10081124305725098
Partial simulation consumes time: 0.10355639457702637
Partial simulation consumes time: 0.10150766372680664
Partial simulation consumes time: 0.09940743446350098
Partial simulation consumes time: 0.10066533088684082
Partial simulation consumes time: 0.12272167205810547
Partial simulation consumes time: 0.10855460166931152
Partial simulation consumes time: 0.10652732849121094
Qdao runs:	449.5998764038086
_initialize	8.336150646209717
_preprocess	42.83708620071411
_postprocess	108.31413102149963
_run	441.2336461544037
load_sv	42.42306423187256
store_sv	108.29597020149231
Quafu runs:	330.7833616733551
.

================= 1 passed, 11 deselected in 783.13s (0:13:03) =================
