============================= test session starts ==============================
platform linux -- Python 3.10.6, pytest-7.2.0, pluggy-1.0.0
rootdir: /root/projects/qcs
collected 12 items / 11 deselected / 1 selected

tst/qdao/engine.py 
::::::::::::::::::Config::::::::::::::::::

NQ::	22
NP::	16
NL::	14
D::	19

::::::::::::::::::Config::::::::::::::::::


:::Reusing existing bench:::::/root/projects/qcs/qdao/benchmarks/qasm/random_22_19_max_operands_2_gen.qasm::::::::

Partial simulation consumes time: 0.019394397735595703
Partial simulation consumes time: 0.02301478385925293
Partial simulation consumes time: 0.02178478240966797
Partial simulation consumes time: 0.022472143173217773
Partial simulation consumes time: 0.016374826431274414
Partial simulation consumes time: 0.01656484603881836
Partial simulation consumes time: 0.016257047653198242
Partial simulation consumes time: 0.016162633895874023
Partial simulation consumes time: 0.01851940155029297
Partial simulation consumes time: 0.01668524742126465
Partial simulation consumes time: 0.01614212989807129
Partial simulation consumes time: 0.016010046005249023
Partial simulation consumes time: 0.017408132553100586
Partial simulation consumes time: 0.016701936721801758
Partial simulation consumes time: 0.01496744155883789
Partial simulation consumes time: 0.015125751495361328
Partial simulation consumes time: 0.01460409164428711
Partial simulation consumes time: 0.013730525970458984
Partial simulation consumes time: 0.017915010452270508
Partial simulation consumes time: 0.0172116756439209
Partial simulation consumes time: 0.017645835876464844
Partial simulation consumes time: 0.01915121078491211
Partial simulation consumes time: 0.015290975570678711
Partial simulation consumes time: 0.013886690139770508
Partial simulation consumes time: 0.014834880828857422
Partial simulation consumes time: 0.015513420104980469
Partial simulation consumes time: 0.014026403427124023
Partial simulation consumes time: 0.014844894409179688
Partial simulation consumes time: 0.015019655227661133
Partial simulation consumes time: 0.01430654525756836
Partial simulation consumes time: 0.015357255935668945
Partial simulation consumes time: 0.015249252319335938
Partial simulation consumes time: 0.015329837799072266
Partial simulation consumes time: 0.01448202133178711
Partial simulation consumes time: 0.014935970306396484
Partial simulation consumes time: 0.01650404930114746
Partial simulation consumes time: 0.01491093635559082
Partial simulation consumes time: 0.014775753021240234
Partial simulation consumes time: 0.014385461807250977
Partial simulation consumes time: 0.014122962951660156
Partial simulation consumes time: 0.013654947280883789
Partial simulation consumes time: 0.014589786529541016
Partial simulation consumes time: 0.013612031936645508
Partial simulation consumes time: 0.013723134994506836
Partial simulation consumes time: 0.015232086181640625
Partial simulation consumes time: 0.021741628646850586
Partial simulation consumes time: 0.01825404167175293
Partial simulation consumes time: 0.01697683334350586
Partial simulation consumes time: 0.017200946807861328
Partial simulation consumes time: 0.01473379135131836
Partial simulation consumes time: 0.01903533935546875
Partial simulation consumes time: 0.014407873153686523
Partial simulation consumes time: 0.013633012771606445
Partial simulation consumes time: 0.013391733169555664
Partial simulation consumes time: 0.01373744010925293
Partial simulation consumes time: 0.014154911041259766
Partial simulation consumes time: 0.01434469223022461
Partial simulation consumes time: 0.013605594635009766
Partial simulation consumes time: 0.014276981353759766
Partial simulation consumes time: 0.013873577117919922
Partial simulation consumes time: 0.013733386993408203
Partial simulation consumes time: 0.013446569442749023
Partial simulation consumes time: 0.015935659408569336
Partial simulation consumes time: 0.0203554630279541
Partial simulation consumes time: 0.008634090423583984
Partial simulation consumes time: 0.007910490036010742
Partial simulation consumes time: 0.007747650146484375
Partial simulation consumes time: 0.007966279983520508
Partial simulation consumes time: 0.007625579833984375
Partial simulation consumes time: 0.007987737655639648
Partial simulation consumes time: 0.007797956466674805
Partial simulation consumes time: 0.006354570388793945
Partial simulation consumes time: 0.006201982498168945
Partial simulation consumes time: 0.006093025207519531
Partial simulation consumes time: 0.0067179203033447266
Partial simulation consumes time: 0.006417989730834961
Partial simulation consumes time: 0.006794929504394531
Partial simulation consumes time: 0.006052970886230469
Partial simulation consumes time: 0.006372928619384766
Partial simulation consumes time: 0.006121397018432617
Partial simulation consumes time: 0.00618290901184082
Partial simulation consumes time: 0.006078958511352539
Partial simulation consumes time: 0.0063343048095703125
Partial simulation consumes time: 0.0061740875244140625
Partial simulation consumes time: 0.006269216537475586
Partial simulation consumes time: 0.006599903106689453
Partial simulation consumes time: 0.00614619255065918
Partial simulation consumes time: 0.006345510482788086
Partial simulation consumes time: 0.00616908073425293
Partial simulation consumes time: 0.006213188171386719
Partial simulation consumes time: 0.006364345550537109
Partial simulation consumes time: 0.006502628326416016
Partial simulation consumes time: 0.0063610076904296875
Partial simulation consumes time: 0.006190776824951172
Partial simulation consumes time: 0.006615400314331055
Partial simulation consumes time: 0.0062198638916015625
Partial simulation consumes time: 0.007910728454589844
Partial simulation consumes time: 0.0068547725677490234
Partial simulation consumes time: 0.006095409393310547
Partial simulation consumes time: 0.0062825679779052734
Partial simulation consumes time: 0.0065915584564208984
Partial simulation consumes time: 0.0062787532806396484
Partial simulation consumes time: 0.006268024444580078
Partial simulation consumes time: 0.006670713424682617
Partial simulation consumes time: 0.0067272186279296875
Partial simulation consumes time: 0.006237030029296875
Partial simulation consumes time: 0.008086681365966797
Partial simulation consumes time: 0.007367849349975586
Partial simulation consumes time: 0.006147146224975586
Partial simulation consumes time: 0.006471395492553711
Partial simulation consumes time: 0.006515026092529297
Partial simulation consumes time: 0.006348609924316406
Partial simulation consumes time: 0.0077474117279052734
Partial simulation consumes time: 0.006691694259643555
Partial simulation consumes time: 0.0062160491943359375
Partial simulation consumes time: 0.006837368011474609
Partial simulation consumes time: 0.006574392318725586
Partial simulation consumes time: 0.00625300407409668
Partial simulation consumes time: 0.006389141082763672
Partial simulation consumes time: 0.006722450256347656
Partial simulation consumes time: 0.006001710891723633
Partial simulation consumes time: 0.006998538970947266
Partial simulation consumes time: 0.006858110427856445
Partial simulation consumes time: 0.006508588790893555
Partial simulation consumes time: 0.0065937042236328125
Partial simulation consumes time: 0.006615400314331055
Partial simulation consumes time: 0.00670933723449707
Partial simulation consumes time: 0.006845235824584961
Partial simulation consumes time: 0.010745525360107422
Partial simulation consumes time: 0.010094642639160156
Partial simulation consumes time: 0.011934757232666016
Partial simulation consumes time: 0.011536359786987305
Partial simulation consumes time: 0.0111846923828125
Partial simulation consumes time: 0.010434865951538086
Partial simulation consumes time: 0.01020956039428711
Partial simulation consumes time: 0.01035308837890625
Partial simulation consumes time: 0.010890960693359375
Partial simulation consumes time: 0.011140108108520508
Partial simulation consumes time: 0.010745048522949219
Partial simulation consumes time: 0.010378360748291016
Partial simulation consumes time: 0.01159977912902832
Partial simulation consumes time: 0.015463113784790039
Partial simulation consumes time: 0.013805150985717773
Partial simulation consumes time: 0.012374639511108398
Partial simulation consumes time: 0.013565778732299805
Partial simulation consumes time: 0.012009382247924805
Partial simulation consumes time: 0.013439416885375977
Partial simulation consumes time: 0.011055946350097656
Partial simulation consumes time: 0.01161956787109375
Partial simulation consumes time: 0.010930538177490234
Partial simulation consumes time: 0.010623931884765625
Partial simulation consumes time: 0.010377168655395508
Partial simulation consumes time: 0.009902477264404297
Partial simulation consumes time: 0.010313987731933594
Partial simulation consumes time: 0.010315418243408203
Partial simulation consumes time: 0.010556459426879883
Partial simulation consumes time: 0.009983301162719727
Partial simulation consumes time: 0.011176347732543945
Partial simulation consumes time: 0.011642932891845703
Partial simulation consumes time: 0.012211322784423828
Partial simulation consumes time: 0.01010274887084961
Partial simulation consumes time: 0.010007381439208984
Partial simulation consumes time: 0.0098876953125
Partial simulation consumes time: 0.01119232177734375
Partial simulation consumes time: 0.010314702987670898
Partial simulation consumes time: 0.01017308235168457
Partial simulation consumes time: 0.013519525527954102
Partial simulation consumes time: 0.016460657119750977
Partial simulation consumes time: 0.014622926712036133
Partial simulation consumes time: 0.010550737380981445
Partial simulation consumes time: 0.01141810417175293
Partial simulation consumes time: 0.01074528694152832
Partial simulation consumes time: 0.009632110595703125
Partial simulation consumes time: 0.010567426681518555
Partial simulation consumes time: 0.01069188117980957
Partial simulation consumes time: 0.010867118835449219
Partial simulation consumes time: 0.010307073593139648
Partial simulation consumes time: 0.010746240615844727
Partial simulation consumes time: 0.011020660400390625
Partial simulation consumes time: 0.010805130004882812
Partial simulation consumes time: 0.013231992721557617
Partial simulation consumes time: 0.01790475845336914
Partial simulation consumes time: 0.01080775260925293
Partial simulation consumes time: 0.010336637496948242
Partial simulation consumes time: 0.010695219039916992
Partial simulation consumes time: 0.01058197021484375
Partial simulation consumes time: 0.010543107986450195
Partial simulation consumes time: 0.011748790740966797
Partial simulation consumes time: 0.010663270950317383
Partial simulation consumes time: 0.010305404663085938
Partial simulation consumes time: 0.011161327362060547
Partial simulation consumes time: 0.013080358505249023
Partial simulation consumes time: 0.004743099212646484
Partial simulation consumes time: 0.004465818405151367
Partial simulation consumes time: 0.004062175750732422
Partial simulation consumes time: 0.004755735397338867
Partial simulation consumes time: 0.004067897796630859
Partial simulation consumes time: 0.004579782485961914
Partial simulation consumes time: 0.004175901412963867
Partial simulation consumes time: 0.0045986175537109375
Partial simulation consumes time: 0.0040395259857177734
Partial simulation consumes time: 0.00465703010559082
Partial simulation consumes time: 0.004620075225830078
Partial simulation consumes time: 0.004727840423583984
Partial simulation consumes time: 0.007213115692138672
Partial simulation consumes time: 0.005541801452636719
Partial simulation consumes time: 0.005090475082397461
Partial simulation consumes time: 0.005103349685668945
Partial simulation consumes time: 0.00566554069519043
Partial simulation consumes time: 0.005784511566162109
Partial simulation consumes time: 0.006877899169921875
Partial simulation consumes time: 0.005069732666015625
Partial simulation consumes time: 0.005666494369506836
Partial simulation consumes time: 0.005093574523925781
Partial simulation consumes time: 0.004103899002075195
Partial simulation consumes time: 0.004471778869628906
Partial simulation consumes time: 0.004332780838012695
Partial simulation consumes time: 0.0049130916595458984
Partial simulation consumes time: 0.004364490509033203
Partial simulation consumes time: 0.0044651031494140625
Partial simulation consumes time: 0.004189968109130859
Partial simulation consumes time: 0.004361867904663086
Partial simulation consumes time: 0.004185199737548828
Partial simulation consumes time: 0.004503965377807617
Partial simulation consumes time: 0.004336357116699219
Partial simulation consumes time: 0.004572629928588867
Partial simulation consumes time: 0.004182577133178711
Partial simulation consumes time: 0.004179716110229492
Partial simulation consumes time: 0.004071474075317383
Partial simulation consumes time: 0.004519462585449219
Partial simulation consumes time: 0.00721287727355957
Partial simulation consumes time: 0.006549835205078125
Partial simulation consumes time: 0.004593372344970703
Partial simulation consumes time: 0.0041463375091552734
Partial simulation consumes time: 0.004308223724365234
Partial simulation consumes time: 0.004237651824951172
Partial simulation consumes time: 0.004221439361572266
Partial simulation consumes time: 0.004982948303222656
Partial simulation consumes time: 0.0043070316314697266
Partial simulation consumes time: 0.004784584045410156
Partial simulation consumes time: 0.004370689392089844
Partial simulation consumes time: 0.004662036895751953
Partial simulation consumes time: 0.004196882247924805
Partial simulation consumes time: 0.005255699157714844
Partial simulation consumes time: 0.0065915584564208984
Partial simulation consumes time: 0.0056304931640625
Partial simulation consumes time: 0.005309343338012695
Partial simulation consumes time: 0.004197359085083008
Partial simulation consumes time: 0.0048029422760009766
Partial simulation consumes time: 0.004376888275146484
Partial simulation consumes time: 0.005094289779663086
Partial simulation consumes time: 0.004481077194213867
Partial simulation consumes time: 0.004105091094970703
Partial simulation consumes time: 0.004386186599731445
Partial simulation consumes time: 0.004326581954956055
Partial simulation consumes time: 0.004217624664306641
Partial simulation consumes time: 0.012123584747314453
Partial simulation consumes time: 0.010257244110107422
Partial simulation consumes time: 0.010245800018310547
Partial simulation consumes time: 0.007019758224487305
Partial simulation consumes time: 0.007075786590576172
Partial simulation consumes time: 0.0074155330657958984
Partial simulation consumes time: 0.006963253021240234
Partial simulation consumes time: 0.006938934326171875
Partial simulation consumes time: 0.008797168731689453
Partial simulation consumes time: 0.009049177169799805
Partial simulation consumes time: 0.008725166320800781
Partial simulation consumes time: 0.008464574813842773
Partial simulation consumes time: 0.007661104202270508
Partial simulation consumes time: 0.0076181888580322266
Partial simulation consumes time: 0.007105112075805664
Partial simulation consumes time: 0.007235050201416016
Partial simulation consumes time: 0.007125139236450195
Partial simulation consumes time: 0.006918907165527344
Partial simulation consumes time: 0.006949901580810547
Partial simulation consumes time: 0.013596773147583008
Partial simulation consumes time: 0.008507728576660156
Partial simulation consumes time: 0.007947921752929688
Partial simulation consumes time: 0.00697779655456543
Partial simulation consumes time: 0.008452653884887695
Partial simulation consumes time: 0.00753331184387207
Partial simulation consumes time: 0.006978034973144531
Partial simulation consumes time: 0.007185697555541992
Partial simulation consumes time: 0.007180929183959961
Partial simulation consumes time: 0.007001161575317383
Partial simulation consumes time: 0.007015228271484375
Partial simulation consumes time: 0.007258892059326172
Partial simulation consumes time: 0.007113456726074219
Partial simulation consumes time: 0.007134675979614258
Partial simulation consumes time: 0.007392168045043945
Partial simulation consumes time: 0.00781869888305664
Partial simulation consumes time: 0.008819818496704102
Partial simulation consumes time: 0.00999140739440918
Partial simulation consumes time: 0.009821891784667969
Partial simulation consumes time: 0.008681774139404297
Partial simulation consumes time: 0.009348630905151367
Partial simulation consumes time: 0.00689244270324707
Partial simulation consumes time: 0.006914377212524414
Partial simulation consumes time: 0.006939411163330078
Partial simulation consumes time: 0.0072019100189208984
Partial simulation consumes time: 0.007080554962158203
Partial simulation consumes time: 0.007190227508544922
Partial simulation consumes time: 0.00680994987487793
Partial simulation consumes time: 0.007262706756591797
Partial simulation consumes time: 0.006908416748046875
Partial simulation consumes time: 0.00706934928894043
Partial simulation consumes time: 0.007236957550048828
Partial simulation consumes time: 0.007020711898803711
Partial simulation consumes time: 0.010413408279418945
Partial simulation consumes time: 0.013543844223022461
Partial simulation consumes time: 0.007445335388183594
Partial simulation consumes time: 0.007500171661376953
Partial simulation consumes time: 0.007532835006713867
Partial simulation consumes time: 0.007367610931396484
Partial simulation consumes time: 0.0070133209228515625
Partial simulation consumes time: 0.006982326507568359
Partial simulation consumes time: 0.006993532180786133
Partial simulation consumes time: 0.0072209835052490234
Partial simulation consumes time: 0.006760597229003906
Partial simulation consumes time: 0.0068171024322509766
Partial simulation consumes time: 0.004240751266479492
Partial simulation consumes time: 0.0044400691986083984
Partial simulation consumes time: 0.004071474075317383
Partial simulation consumes time: 0.004241466522216797
Partial simulation consumes time: 0.0045053958892822266
Partial simulation consumes time: 0.0044710636138916016
Partial simulation consumes time: 0.004186153411865234
Partial simulation consumes time: 0.004308462142944336
Partial simulation consumes time: 0.004344940185546875
Partial simulation consumes time: 0.004164934158325195
Partial simulation consumes time: 0.004163503646850586
Partial simulation consumes time: 0.004364490509033203
Partial simulation consumes time: 0.004323244094848633
Partial simulation consumes time: 0.004272937774658203
Partial simulation consumes time: 0.004352092742919922
Partial simulation consumes time: 0.00413060188293457
Partial simulation consumes time: 0.004252195358276367
Partial simulation consumes time: 0.004415035247802734
Partial simulation consumes time: 0.0043468475341796875
Partial simulation consumes time: 0.0043888092041015625
Partial simulation consumes time: 0.004300594329833984
Partial simulation consumes time: 0.004214286804199219
Partial simulation consumes time: 0.004353761672973633
Partial simulation consumes time: 0.004773378372192383
Partial simulation consumes time: 0.004257917404174805
Partial simulation consumes time: 0.004559040069580078
Partial simulation consumes time: 0.006338357925415039
Partial simulation consumes time: 0.00808095932006836
Partial simulation consumes time: 0.006571054458618164
Partial simulation consumes time: 0.004604339599609375
Partial simulation consumes time: 0.006474971771240234
Partial simulation consumes time: 0.0047762393951416016
Partial simulation consumes time: 0.006301164627075195
Partial simulation consumes time: 0.006421089172363281
Partial simulation consumes time: 0.004827022552490234
Partial simulation consumes time: 0.0051136016845703125
Partial simulation consumes time: 0.007149696350097656
Partial simulation consumes time: 0.004870414733886719
Partial simulation consumes time: 0.0049517154693603516
Partial simulation consumes time: 0.0055811405181884766
Partial simulation consumes time: 0.0059146881103515625
Partial simulation consumes time: 0.005513191223144531
Partial simulation consumes time: 0.005521535873413086
Partial simulation consumes time: 0.005496501922607422
Partial simulation consumes time: 0.005137920379638672
Partial simulation consumes time: 0.005541563034057617
Partial simulation consumes time: 0.0056765079498291016
Partial simulation consumes time: 0.006750345230102539
Partial simulation consumes time: 0.004889726638793945
Partial simulation consumes time: 0.006819725036621094
Partial simulation consumes time: 0.004235029220581055
Partial simulation consumes time: 0.0061206817626953125
Partial simulation consumes time: 0.006680965423583984
Partial simulation consumes time: 0.004529237747192383
Partial simulation consumes time: 0.00540614128112793
Partial simulation consumes time: 0.0045528411865234375
Partial simulation consumes time: 0.005194664001464844
Partial simulation consumes time: 0.006526947021484375
Partial simulation consumes time: 0.008456707000732422
Partial simulation consumes time: 0.005358457565307617
Partial simulation consumes time: 0.005351066589355469
Partial simulation consumes time: 0.005935192108154297
Partial simulation consumes time: 0.006792783737182617
Partial simulation consumes time: 0.005862236022949219
Partial simulation consumes time: 0.010389328002929688
Partial simulation consumes time: 0.008883953094482422
Partial simulation consumes time: 0.007132053375244141
Partial simulation consumes time: 0.018946170806884766
Partial simulation consumes time: 0.0063648223876953125
Partial simulation consumes time: 0.006363391876220703
Partial simulation consumes time: 0.009999275207519531
Partial simulation consumes time: 0.007894515991210938
Partial simulation consumes time: 0.00699615478515625
Partial simulation consumes time: 0.006255388259887695
Partial simulation consumes time: 0.006964206695556641
Partial simulation consumes time: 0.00658416748046875
Partial simulation consumes time: 0.006554365158081055
Partial simulation consumes time: 0.006915092468261719
Partial simulation consumes time: 0.006780147552490234
Partial simulation consumes time: 0.0064182281494140625
Partial simulation consumes time: 0.006998300552368164
Partial simulation consumes time: 0.006609678268432617
Partial simulation consumes time: 0.007522106170654297
Partial simulation consumes time: 0.006591081619262695
Partial simulation consumes time: 0.006253719329833984
Partial simulation consumes time: 0.006809711456298828
Partial simulation consumes time: 0.0065610408782958984
Partial simulation consumes time: 0.0062634944915771484
Partial simulation consumes time: 0.006924629211425781
Partial simulation consumes time: 0.006945610046386719
Partial simulation consumes time: 0.006187915802001953
Partial simulation consumes time: 0.0067369937896728516
Partial simulation consumes time: 0.007890462875366211
Partial simulation consumes time: 0.006532430648803711
Partial simulation consumes time: 0.006697416305541992
Partial simulation consumes time: 0.006779670715332031
Partial simulation consumes time: 0.006781816482543945
Partial simulation consumes time: 0.0066375732421875
Partial simulation consumes time: 0.007097721099853516
Partial simulation consumes time: 0.00640559196472168
Partial simulation consumes time: 0.006455421447753906
Partial simulation consumes time: 0.007042407989501953
Partial simulation consumes time: 0.00732874870300293
Partial simulation consumes time: 0.0062406063079833984
Partial simulation consumes time: 0.006959199905395508
Partial simulation consumes time: 0.007039308547973633
Partial simulation consumes time: 0.006168365478515625
Partial simulation consumes time: 0.007067441940307617
Partial simulation consumes time: 0.006962299346923828
Partial simulation consumes time: 0.006429195404052734
Partial simulation consumes time: 0.006979703903198242
Partial simulation consumes time: 0.007004976272583008
Partial simulation consumes time: 0.006556510925292969
Partial simulation consumes time: 0.006866455078125
Partial simulation consumes time: 0.006873369216918945
Partial simulation consumes time: 0.00680232048034668
Partial simulation consumes time: 0.006435394287109375
Partial simulation consumes time: 0.007021188735961914
Partial simulation consumes time: 0.006459474563598633
Partial simulation consumes time: 0.006617307662963867
Partial simulation consumes time: 0.007245779037475586
Partial simulation consumes time: 0.006455183029174805
Partial simulation consumes time: 0.00632023811340332
Partial simulation consumes time: 0.006338596343994141
Partial simulation consumes time: 0.006406545639038086
Partial simulation consumes time: 0.006395816802978516
Partial simulation consumes time: 0.00640869140625
Partial simulation consumes time: 0.006494045257568359
Partial simulation consumes time: 0.006725788116455078
Partial simulation consumes time: 0.007348775863647461
Partial simulation consumes time: 0.006922006607055664
Partial simulation consumes time: 0.006688833236694336
Partial simulation consumes time: 0.00719451904296875
Partial simulation consumes time: 0.0072019100189208984
Partial simulation consumes time: 0.0067081451416015625
Partial simulation consumes time: 0.00684666633605957
Partial simulation consumes time: 0.0071675777435302734
Partial simulation consumes time: 0.006976127624511719
Partial simulation consumes time: 0.006559133529663086
Partial simulation consumes time: 0.007531881332397461
Partial simulation consumes time: 0.007704734802246094
Partial simulation consumes time: 0.007628202438354492
Partial simulation consumes time: 0.009453535079956055
Partial simulation consumes time: 0.009221076965332031
Partial simulation consumes time: 0.008838415145874023
Partial simulation consumes time: 0.009084939956665039
Partial simulation consumes time: 0.006529092788696289
Partial simulation consumes time: 0.006603240966796875
Partial simulation consumes time: 0.0069293975830078125
Partial simulation consumes time: 0.006946563720703125
Partial simulation consumes time: 0.0068340301513671875
Partial simulation consumes time: 0.00673675537109375
Partial simulation consumes time: 0.006495475769042969
Partial simulation consumes time: 0.006514787673950195
Partial simulation consumes time: 0.008201122283935547
Partial simulation consumes time: 0.007369518280029297
Partial simulation consumes time: 0.006648540496826172
Partial simulation consumes time: 0.006842136383056641
Partial simulation consumes time: 0.0070018768310546875
Partial simulation consumes time: 0.0066928863525390625
Partial simulation consumes time: 0.007063865661621094
Partial simulation consumes time: 0.007424831390380859
Partial simulation consumes time: 0.006756782531738281
Partial simulation consumes time: 0.0068814754486083984
Partial simulation consumes time: 0.008276224136352539
Partial simulation consumes time: 0.007434368133544922
Partial simulation consumes time: 0.006586551666259766
Partial simulation consumes time: 0.006944179534912109
Partial simulation consumes time: 0.006514787673950195
Partial simulation consumes time: 0.00653529167175293
Partial simulation consumes time: 0.007337331771850586
Partial simulation consumes time: 0.0071430206298828125
Partial simulation consumes time: 0.006900310516357422
Partial simulation consumes time: 0.006732463836669922
Partial simulation consumes time: 0.007256984710693359
Partial simulation consumes time: 0.008270263671875
Partial simulation consumes time: 0.007866859436035156
Partial simulation consumes time: 0.007542610168457031
Partial simulation consumes time: 0.0074269771575927734
Partial simulation consumes time: 0.006475925445556641
Partial simulation consumes time: 0.007001399993896484
Partial simulation consumes time: 0.00735020637512207
Partial simulation consumes time: 0.006518125534057617
Partial simulation consumes time: 0.008350610733032227
Partial simulation consumes time: 0.0074236392974853516
Partial simulation consumes time: 0.006700754165649414
Partial simulation consumes time: 0.00683903694152832
Partial simulation consumes time: 0.007052898406982422
Partial simulation consumes time: 0.0064849853515625
Partial simulation consumes time: 0.006722688674926758
Partial simulation consumes time: 0.006899118423461914
Partial simulation consumes time: 0.0064923763275146484
Partial simulation consumes time: 0.004933595657348633
Partial simulation consumes time: 0.004956960678100586
Partial simulation consumes time: 0.00478816032409668
Partial simulation consumes time: 0.005165815353393555
Partial simulation consumes time: 0.004695415496826172
Partial simulation consumes time: 0.005232572555541992
Partial simulation consumes time: 0.0042722225189208984
Partial simulation consumes time: 0.004750251770019531
Partial simulation consumes time: 0.004817962646484375
Partial simulation consumes time: 0.004578113555908203
Partial simulation consumes time: 0.004835844039916992
Partial simulation consumes time: 0.004706144332885742
Partial simulation consumes time: 0.005220651626586914
Partial simulation consumes time: 0.004687070846557617
Partial simulation consumes time: 0.004864931106567383
Partial simulation consumes time: 0.004664421081542969
Partial simulation consumes time: 0.004832267761230469
Partial simulation consumes time: 0.004759550094604492
Partial simulation consumes time: 0.004540205001831055
Partial simulation consumes time: 0.004694700241088867
Partial simulation consumes time: 0.004650592803955078
Partial simulation consumes time: 0.005232810974121094
Partial simulation consumes time: 0.004587411880493164
Partial simulation consumes time: 0.0045664310455322266
Partial simulation consumes time: 0.0047228336334228516
Partial simulation consumes time: 0.004564762115478516
Partial simulation consumes time: 0.0047266483306884766
Partial simulation consumes time: 0.004708528518676758
Partial simulation consumes time: 0.004709720611572266
Partial simulation consumes time: 0.004766941070556641
Partial simulation consumes time: 0.00475764274597168
Partial simulation consumes time: 0.0045833587646484375
Partial simulation consumes time: 0.005540132522583008
Partial simulation consumes time: 0.0059049129486083984
Partial simulation consumes time: 0.00667881965637207
Partial simulation consumes time: 0.006106376647949219
Partial simulation consumes time: 0.004660129547119141
Partial simulation consumes time: 0.005020856857299805
Partial simulation consumes time: 0.0062503814697265625
Partial simulation consumes time: 0.0058329105377197266
Partial simulation consumes time: 0.0053713321685791016
Partial simulation consumes time: 0.004596233367919922
Partial simulation consumes time: 0.004620075225830078
Partial simulation consumes time: 0.004549264907836914
Partial simulation consumes time: 0.004895925521850586
Partial simulation consumes time: 0.00479578971862793
Partial simulation consumes time: 0.0048639774322509766
Partial simulation consumes time: 0.0047533512115478516
Partial simulation consumes time: 0.004575967788696289
Partial simulation consumes time: 0.0047037601470947266
Partial simulation consumes time: 0.004622220993041992
Partial simulation consumes time: 0.004675388336181641
Partial simulation consumes time: 0.0051784515380859375
Partial simulation consumes time: 0.00577855110168457
Partial simulation consumes time: 0.0046176910400390625
Partial simulation consumes time: 0.00538945198059082
Partial simulation consumes time: 0.004776716232299805
Partial simulation consumes time: 0.005181550979614258
Partial simulation consumes time: 0.004904985427856445
Partial simulation consumes time: 0.004701852798461914
Partial simulation consumes time: 0.0046880245208740234
Partial simulation consumes time: 0.004614114761352539
Partial simulation consumes time: 0.005035400390625
Partial simulation consumes time: 0.004908561706542969
Partial simulation consumes time: 0.004119873046875
Partial simulation consumes time: 0.003935813903808594
Partial simulation consumes time: 0.0039179325103759766
Partial simulation consumes time: 0.0040400028228759766
Partial simulation consumes time: 0.003885507583618164
Partial simulation consumes time: 0.0049860477447509766
Partial simulation consumes time: 0.0038123130798339844
Partial simulation consumes time: 0.003911018371582031
Partial simulation consumes time: 0.004525899887084961
Partial simulation consumes time: 0.0040819644927978516
Partial simulation consumes time: 0.004373788833618164
Partial simulation consumes time: 0.004857301712036133
Partial simulation consumes time: 0.004141569137573242
Partial simulation consumes time: 0.003958225250244141
Partial simulation consumes time: 0.006663322448730469
Partial simulation consumes time: 0.006643772125244141
Partial simulation consumes time: 0.003930568695068359
Partial simulation consumes time: 0.004032135009765625
Partial simulation consumes time: 0.0038661956787109375
Partial simulation consumes time: 0.003909111022949219
Partial simulation consumes time: 0.003738880157470703
Partial simulation consumes time: 0.0037941932678222656
Partial simulation consumes time: 0.0042951107025146484
Partial simulation consumes time: 0.004708290100097656
Partial simulation consumes time: 0.00394439697265625
Partial simulation consumes time: 0.003741025924682617
Partial simulation consumes time: 0.0037746429443359375
Partial simulation consumes time: 0.0036683082580566406
Partial simulation consumes time: 0.0037539005279541016
Partial simulation consumes time: 0.0038330554962158203
Partial simulation consumes time: 0.0037031173706054688
Partial simulation consumes time: 0.003798961639404297
Partial simulation consumes time: 0.003793478012084961
Partial simulation consumes time: 0.0037424564361572266
Partial simulation consumes time: 0.0038297176361083984
Partial simulation consumes time: 0.003851175308227539
Partial simulation consumes time: 0.0038836002349853516
Partial simulation consumes time: 0.005591630935668945
Partial simulation consumes time: 0.003962039947509766
Partial simulation consumes time: 0.004766702651977539
Partial simulation consumes time: 0.004527091979980469
Partial simulation consumes time: 0.0037147998809814453
Partial simulation consumes time: 0.003964662551879883
Partial simulation consumes time: 0.0037736892700195312
Partial simulation consumes time: 0.003828287124633789
Partial simulation consumes time: 0.0038144588470458984
Partial simulation consumes time: 0.004046916961669922
Partial simulation consumes time: 0.0037841796875
Partial simulation consumes time: 0.003762960433959961
Partial simulation consumes time: 0.0038836002349853516
Partial simulation consumes time: 0.004110574722290039
Partial simulation consumes time: 0.0038022994995117188
Partial simulation consumes time: 0.005949497222900391
Partial simulation consumes time: 0.0037589073181152344
Partial simulation consumes time: 0.004508495330810547
Partial simulation consumes time: 0.003919839859008789
Partial simulation consumes time: 0.003920555114746094
Partial simulation consumes time: 0.003934144973754883
Partial simulation consumes time: 0.003916263580322266
Partial simulation consumes time: 0.0037374496459960938
Partial simulation consumes time: 0.0037755966186523438
Partial simulation consumes time: 0.004321098327636719
Partial simulation consumes time: 0.0043735504150390625
Partial simulation consumes time: 0.005627155303955078
Partial simulation consumes time: 0.00603032112121582
Partial simulation consumes time: 0.006567955017089844
Partial simulation consumes time: 0.005764961242675781
Partial simulation consumes time: 0.0070383548736572266
Partial simulation consumes time: 0.00629115104675293
Partial simulation consumes time: 0.00661015510559082
Partial simulation consumes time: 0.009411811828613281
Partial simulation consumes time: 0.0101165771484375
Partial simulation consumes time: 0.007712841033935547
Partial simulation consumes time: 0.00529932975769043
Partial simulation consumes time: 0.005455493927001953
Partial simulation consumes time: 0.005602121353149414
Partial simulation consumes time: 0.00493168830871582
Partial simulation consumes time: 0.0047760009765625
Partial simulation consumes time: 0.005035877227783203
Partial simulation consumes time: 0.004875659942626953
Partial simulation consumes time: 0.0053598880767822266
Partial simulation consumes time: 0.005044698715209961
Partial simulation consumes time: 0.005583286285400391
Partial simulation consumes time: 0.0057065486907958984
Partial simulation consumes time: 0.0048313140869140625
Partial simulation consumes time: 0.005605459213256836
Partial simulation consumes time: 0.0050432682037353516
Partial simulation consumes time: 0.005593538284301758
Partial simulation consumes time: 0.004769325256347656
Partial simulation consumes time: 0.004921913146972656
Partial simulation consumes time: 0.004724979400634766
Partial simulation consumes time: 0.004900217056274414
Partial simulation consumes time: 0.005613803863525391
Partial simulation consumes time: 0.005154609680175781
Partial simulation consumes time: 0.0052411556243896484
Partial simulation consumes time: 0.004871368408203125
Partial simulation consumes time: 0.004925727844238281
Partial simulation consumes time: 0.0049703121185302734
Partial simulation consumes time: 0.005356311798095703
Partial simulation consumes time: 0.005533695220947266
Partial simulation consumes time: 0.004858493804931641
Partial simulation consumes time: 0.0054891109466552734
Partial simulation consumes time: 0.0057523250579833984
Partial simulation consumes time: 0.004992485046386719
Partial simulation consumes time: 0.005034208297729492
Partial simulation consumes time: 0.007532358169555664
Partial simulation consumes time: 0.007668495178222656
Partial simulation consumes time: 0.005292177200317383
Partial simulation consumes time: 0.0061550140380859375
Partial simulation consumes time: 0.006003618240356445
Partial simulation consumes time: 0.006952524185180664
Partial simulation consumes time: 0.005987405776977539
Partial simulation consumes time: 0.00577545166015625
Partial simulation consumes time: 0.006119966506958008
Partial simulation consumes time: 0.004967927932739258
Partial simulation consumes time: 0.006272315979003906
Partial simulation consumes time: 0.006551027297973633
Partial simulation consumes time: 0.005713939666748047
Partial simulation consumes time: 0.006566047668457031
Partial simulation consumes time: 0.006131887435913086
Partial simulation consumes time: 0.005029439926147461
Partial simulation consumes time: 0.006799459457397461
Partial simulation consumes time: 0.005814552307128906
Partial simulation consumes time: 0.005465984344482422
Partial simulation consumes time: 0.0056400299072265625
Partial simulation consumes time: 0.005337715148925781
Partial simulation consumes time: 0.005531787872314453
Partial simulation consumes time: 0.005021572113037109
Partial simulation consumes time: 0.009075403213500977
Partial simulation consumes time: 0.009012222290039062
Partial simulation consumes time: 0.009099245071411133
Partial simulation consumes time: 0.009006977081298828
Partial simulation consumes time: 0.009561777114868164
Partial simulation consumes time: 0.0075991153717041016
Partial simulation consumes time: 0.008835554122924805
Partial simulation consumes time: 0.009067296981811523
Partial simulation consumes time: 0.010272026062011719
Partial simulation consumes time: 0.008531808853149414
Partial simulation consumes time: 0.009270191192626953
Partial simulation consumes time: 0.010333538055419922
Partial simulation consumes time: 0.010138988494873047
Partial simulation consumes time: 0.008162498474121094
Partial simulation consumes time: 0.007956266403198242
Partial simulation consumes time: 0.009447097778320312
Partial simulation consumes time: 0.009861946105957031
Partial simulation consumes time: 0.008977651596069336
Partial simulation consumes time: 0.008078575134277344
Partial simulation consumes time: 0.008777618408203125
Partial simulation consumes time: 0.00885772705078125
Partial simulation consumes time: 0.010332822799682617
Partial simulation consumes time: 0.00987553596496582
Partial simulation consumes time: 0.011232614517211914
Partial simulation consumes time: 0.01080179214477539
Partial simulation consumes time: 0.010915517807006836
Partial simulation consumes time: 0.008326530456542969
Partial simulation consumes time: 0.010186195373535156
Partial simulation consumes time: 0.008681535720825195
Partial simulation consumes time: 0.008465766906738281
Partial simulation consumes time: 0.011968135833740234
Partial simulation consumes time: 0.013848066329956055
Partial simulation consumes time: 0.009870767593383789
Partial simulation consumes time: 0.010361671447753906
Partial simulation consumes time: 0.008782625198364258
Partial simulation consumes time: 0.009386777877807617
Partial simulation consumes time: 0.010394573211669922
Partial simulation consumes time: 0.011820793151855469
Partial simulation consumes time: 0.00897669792175293
Partial simulation consumes time: 0.008714437484741211
Partial simulation consumes time: 0.009235382080078125
Partial simulation consumes time: 0.008440017700195312
Partial simulation consumes time: 0.008469820022583008
Partial simulation consumes time: 0.008805990219116211
Partial simulation consumes time: 0.008820772171020508
Partial simulation consumes time: 0.009349584579467773
Partial simulation consumes time: 0.009586811065673828
Partial simulation consumes time: 0.008151054382324219
Partial simulation consumes time: 0.009672164916992188
Partial simulation consumes time: 0.010033607482910156
Partial simulation consumes time: 0.009809017181396484
Partial simulation consumes time: 0.009263992309570312
Partial simulation consumes time: 0.009157419204711914
Partial simulation consumes time: 0.008306741714477539
Partial simulation consumes time: 0.009124040603637695
Partial simulation consumes time: 0.009891510009765625
Partial simulation consumes time: 0.008806467056274414
Partial simulation consumes time: 0.008814334869384766
Partial simulation consumes time: 0.011103630065917969
Partial simulation consumes time: 0.009201765060424805
Partial simulation consumes time: 0.009580850601196289
Partial simulation consumes time: 0.00877833366394043
Partial simulation consumes time: 0.009446382522583008
Partial simulation consumes time: 0.00930333137512207
Partial simulation consumes time: 0.00812673568725586
Partial simulation consumes time: 0.006193876266479492
Partial simulation consumes time: 0.007896900177001953
Partial simulation consumes time: 0.006975650787353516
Partial simulation consumes time: 0.00661778450012207
Partial simulation consumes time: 0.0068242549896240234
Partial simulation consumes time: 0.006396055221557617
Partial simulation consumes time: 0.006726264953613281
Partial simulation consumes time: 0.006105184555053711
Partial simulation consumes time: 0.007053375244140625
Partial simulation consumes time: 0.006617546081542969
Partial simulation consumes time: 0.006344318389892578
Partial simulation consumes time: 0.006619691848754883
Partial simulation consumes time: 0.007554531097412109
Partial simulation consumes time: 0.006884336471557617
Partial simulation consumes time: 0.007216930389404297
Partial simulation consumes time: 0.007209300994873047
Partial simulation consumes time: 0.008152246475219727
Partial simulation consumes time: 0.006308555603027344
Partial simulation consumes time: 0.007295131683349609
Partial simulation consumes time: 0.007074117660522461
Partial simulation consumes time: 0.006939888000488281
Partial simulation consumes time: 0.006270647048950195
Partial simulation consumes time: 0.007659196853637695
Partial simulation consumes time: 0.008035659790039062
Partial simulation consumes time: 0.009418010711669922
Partial simulation consumes time: 0.009931802749633789
Partial simulation consumes time: 0.00876760482788086
Partial simulation consumes time: 0.008470296859741211
Partial simulation consumes time: 0.008503913879394531
Partial simulation consumes time: 0.010204315185546875
Partial simulation consumes time: 0.008223533630371094
Partial simulation consumes time: 0.006930828094482422
Partial simulation consumes time: 0.007668972015380859
Partial simulation consumes time: 0.009310245513916016
Partial simulation consumes time: 0.00821685791015625
Partial simulation consumes time: 0.007547140121459961
Partial simulation consumes time: 0.006352424621582031
Partial simulation consumes time: 0.008911609649658203
Partial simulation consumes time: 0.008643627166748047
Partial simulation consumes time: 0.008009195327758789
Partial simulation consumes time: 0.007876157760620117
Partial simulation consumes time: 0.0075092315673828125
Partial simulation consumes time: 0.008036375045776367
Partial simulation consumes time: 0.006487369537353516
Partial simulation consumes time: 0.007112026214599609
Partial simulation consumes time: 0.006236076354980469
Partial simulation consumes time: 0.007402658462524414
Partial simulation consumes time: 0.008240222930908203
Partial simulation consumes time: 0.006829261779785156
Partial simulation consumes time: 0.007338047027587891
Partial simulation consumes time: 0.007938385009765625
Partial simulation consumes time: 0.007920026779174805
Partial simulation consumes time: 0.008185863494873047
Partial simulation consumes time: 0.006952524185180664
Partial simulation consumes time: 0.007069587707519531
Partial simulation consumes time: 0.007780790328979492
Partial simulation consumes time: 0.008933544158935547
Partial simulation consumes time: 0.01718282699584961
Partial simulation consumes time: 0.007785320281982422
Partial simulation consumes time: 0.008179664611816406
Partial simulation consumes time: 0.006350278854370117
Partial simulation consumes time: 0.007058620452880859
Partial simulation consumes time: 0.006638765335083008
Partial simulation consumes time: 0.006933689117431641
Partial simulation consumes time: 0.008003473281860352
Partial simulation consumes time: 0.008241891860961914
Partial simulation consumes time: 0.006674766540527344
Partial simulation consumes time: 0.007592916488647461
Partial simulation consumes time: 0.0070192813873291016
Partial simulation consumes time: 0.0063898563385009766
Partial simulation consumes time: 0.007002830505371094
Partial simulation consumes time: 0.007505655288696289
Partial simulation consumes time: 0.007533073425292969
Partial simulation consumes time: 0.0071032047271728516
Partial simulation consumes time: 0.0070743560791015625
Partial simulation consumes time: 0.008117914199829102
Partial simulation consumes time: 0.007356166839599609
Partial simulation consumes time: 0.007004737854003906
Partial simulation consumes time: 0.006593465805053711
Partial simulation consumes time: 0.007068634033203125
Partial simulation consumes time: 0.0067365169525146484
Partial simulation consumes time: 0.007471323013305664
Partial simulation consumes time: 0.006860494613647461
Partial simulation consumes time: 0.00690913200378418
Partial simulation consumes time: 0.007027626037597656
Partial simulation consumes time: 0.007825851440429688
Partial simulation consumes time: 0.007578611373901367
Partial simulation consumes time: 0.007448911666870117
Partial simulation consumes time: 0.006549835205078125
Partial simulation consumes time: 0.007580280303955078
Partial simulation consumes time: 0.006543636322021484
Partial simulation consumes time: 0.0077266693115234375
Partial simulation consumes time: 0.006815910339355469
Partial simulation consumes time: 0.0066835880279541016
Partial simulation consumes time: 0.007253170013427734
Partial simulation consumes time: 0.007396697998046875
Partial simulation consumes time: 0.0074613094329833984
Partial simulation consumes time: 0.005487680435180664
Partial simulation consumes time: 0.007462024688720703
Partial simulation consumes time: 0.007415294647216797
Partial simulation consumes time: 0.007230043411254883
Partial simulation consumes time: 0.007401943206787109
Partial simulation consumes time: 0.007569789886474609
Partial simulation consumes time: 0.007470130920410156
Partial simulation consumes time: 0.007769584655761719
Partial simulation consumes time: 0.005578517913818359
Partial simulation consumes time: 0.006333589553833008
Partial simulation consumes time: 0.007304191589355469
Partial simulation consumes time: 0.006661176681518555
Partial simulation consumes time: 0.0064830780029296875
Partial simulation consumes time: 0.006623506546020508
Partial simulation consumes time: 0.0074803829193115234
Partial simulation consumes time: 0.0067424774169921875
Partial simulation consumes time: 0.008044719696044922
Partial simulation consumes time: 0.0063610076904296875
Partial simulation consumes time: 0.007252931594848633
Partial simulation consumes time: 0.00634312629699707
Partial simulation consumes time: 0.007247447967529297
Partial simulation consumes time: 0.007155418395996094
Partial simulation consumes time: 0.006938457489013672
Partial simulation consumes time: 0.007490396499633789
Partial simulation consumes time: 0.007115602493286133
Partial simulation consumes time: 0.007231712341308594
Partial simulation consumes time: 0.006368160247802734
Partial simulation consumes time: 0.007785797119140625
Partial simulation consumes time: 0.008607149124145508
Partial simulation consumes time: 0.008801698684692383
Partial simulation consumes time: 0.006497621536254883
Partial simulation consumes time: 0.0054340362548828125
Partial simulation consumes time: 0.005530834197998047
Partial simulation consumes time: 0.005197286605834961
Partial simulation consumes time: 0.006112575531005859
Partial simulation consumes time: 0.006071567535400391
Partial simulation consumes time: 0.0055119991302490234
Partial simulation consumes time: 0.006481647491455078
Partial simulation consumes time: 0.00537109375
Partial simulation consumes time: 0.006270408630371094
Partial simulation consumes time: 0.005936384201049805
Partial simulation consumes time: 0.006947040557861328
Partial simulation consumes time: 0.0065765380859375
Partial simulation consumes time: 0.005115509033203125
Partial simulation consumes time: 0.00693821907043457
Partial simulation consumes time: 0.0070955753326416016
Partial simulation consumes time: 0.0055882930755615234
Partial simulation consumes time: 0.005716562271118164
Partial simulation consumes time: 0.0059359073638916016
Partial simulation consumes time: 0.006428956985473633
Partial simulation consumes time: 0.005495309829711914
Partial simulation consumes time: 0.005160331726074219
Partial simulation consumes time: 0.005263566970825195
Partial simulation consumes time: 0.005072355270385742
Partial simulation consumes time: 0.005639791488647461
Partial simulation consumes time: 0.005429506301879883
Partial simulation consumes time: 0.005289554595947266
Partial simulation consumes time: 0.005266427993774414
Partial simulation consumes time: 0.005071163177490234
Partial simulation consumes time: 0.005427837371826172
Partial simulation consumes time: 0.00572967529296875
Partial simulation consumes time: 0.004953145980834961
Partial simulation consumes time: 0.005339622497558594
Partial simulation consumes time: 0.004947185516357422
Partial simulation consumes time: 0.005040168762207031
Partial simulation consumes time: 0.004957437515258789
Partial simulation consumes time: 0.005322694778442383
Partial simulation consumes time: 0.0054090023040771484
Partial simulation consumes time: 0.0051097869873046875
Partial simulation consumes time: 0.005662679672241211
Partial simulation consumes time: 0.0052585601806640625
Partial simulation consumes time: 0.0059812068939208984
Partial simulation consumes time: 0.005184650421142578
Partial simulation consumes time: 0.005001544952392578
Partial simulation consumes time: 0.006081819534301758
Partial simulation consumes time: 0.005698680877685547
Partial simulation consumes time: 0.005129575729370117
Partial simulation consumes time: 0.005419254302978516
Partial simulation consumes time: 0.004976987838745117
Partial simulation consumes time: 0.004863739013671875
Partial simulation consumes time: 0.005429744720458984
Partial simulation consumes time: 0.004898786544799805
Partial simulation consumes time: 0.005514860153198242
Partial simulation consumes time: 0.005040645599365234
Partial simulation consumes time: 0.005019187927246094
Partial simulation consumes time: 0.005174875259399414
Partial simulation consumes time: 0.005614519119262695
Partial simulation consumes time: 0.005837202072143555
Partial simulation consumes time: 0.004950523376464844
Partial simulation consumes time: 0.005052328109741211
Partial simulation consumes time: 0.005098104476928711
Partial simulation consumes time: 0.004961252212524414
Partial simulation consumes time: 0.0056629180908203125
Partial simulation consumes time: 0.00507664680480957
Partial simulation consumes time: 0.008493423461914062
Partial simulation consumes time: 0.008463382720947266
Partial simulation consumes time: 0.00944972038269043
Partial simulation consumes time: 0.008710145950317383
Partial simulation consumes time: 0.008624792098999023
Partial simulation consumes time: 0.009772539138793945
Partial simulation consumes time: 0.008200407028198242
Partial simulation consumes time: 0.008780241012573242
Partial simulation consumes time: 0.00803232192993164
Partial simulation consumes time: 0.008280277252197266
Partial simulation consumes time: 0.008225440979003906
Partial simulation consumes time: 0.008822917938232422
Partial simulation consumes time: 0.008069753646850586
Partial simulation consumes time: 0.00828695297241211
Partial simulation consumes time: 0.00916147232055664
Partial simulation consumes time: 0.008886575698852539
Partial simulation consumes time: 0.008497476577758789
Partial simulation consumes time: 0.008205890655517578
Partial simulation consumes time: 0.008777856826782227
Partial simulation consumes time: 0.008366107940673828
Partial simulation consumes time: 0.008774518966674805
Partial simulation consumes time: 0.009325504302978516
Partial simulation consumes time: 0.008355379104614258
Partial simulation consumes time: 0.011122941970825195
Partial simulation consumes time: 0.01043701171875
Partial simulation consumes time: 0.010975122451782227
Partial simulation consumes time: 0.010499954223632812
Partial simulation consumes time: 0.009212255477905273
Partial simulation consumes time: 0.010988235473632812
Partial simulation consumes time: 0.009148836135864258
Partial simulation consumes time: 0.00838613510131836
Partial simulation consumes time: 0.007968902587890625
Partial simulation consumes time: 0.008700132369995117
Partial simulation consumes time: 0.00859212875366211
Partial simulation consumes time: 0.008846521377563477
Partial simulation consumes time: 0.008168458938598633
Partial simulation consumes time: 0.007999181747436523
Partial simulation consumes time: 0.008751153945922852
Partial simulation consumes time: 0.0086212158203125
Partial simulation consumes time: 0.008715152740478516
Partial simulation consumes time: 0.008110523223876953
Partial simulation consumes time: 0.008867502212524414
Partial simulation consumes time: 0.008060932159423828
Partial simulation consumes time: 0.008271932601928711
Partial simulation consumes time: 0.008574247360229492
Partial simulation consumes time: 0.009018659591674805
Partial simulation consumes time: 0.009349584579467773
Partial simulation consumes time: 0.00890493392944336
Partial simulation consumes time: 0.009798049926757812
Partial simulation consumes time: 0.007921457290649414
Partial simulation consumes time: 0.00844430923461914
Partial simulation consumes time: 0.007783412933349609
Partial simulation consumes time: 0.008617877960205078
Partial simulation consumes time: 0.008330106735229492
Partial simulation consumes time: 0.007863998413085938
Partial simulation consumes time: 0.010394573211669922
Partial simulation consumes time: 0.008690595626831055
Partial simulation consumes time: 0.008686542510986328
Partial simulation consumes time: 0.008317232131958008
Partial simulation consumes time: 0.008205890655517578
Partial simulation consumes time: 0.008253335952758789
Partial simulation consumes time: 0.008453369140625
Partial simulation consumes time: 0.007927894592285156
Partial simulation consumes time: 0.008242368698120117
Partial simulation consumes time: 0.012469768524169922
Partial simulation consumes time: 0.011879682540893555
Partial simulation consumes time: 0.012203216552734375
Partial simulation consumes time: 0.011298656463623047
Partial simulation consumes time: 0.011405467987060547
Partial simulation consumes time: 0.011830568313598633
Partial simulation consumes time: 0.01158905029296875
Partial simulation consumes time: 0.011383295059204102
Partial simulation consumes time: 0.012358903884887695
Partial simulation consumes time: 0.011571168899536133
Partial simulation consumes time: 0.011972904205322266
Partial simulation consumes time: 0.010167360305786133
Partial simulation consumes time: 0.011415481567382812
Partial simulation consumes time: 0.012882232666015625
Partial simulation consumes time: 0.011304616928100586
Partial simulation consumes time: 0.011300086975097656
Partial simulation consumes time: 0.011699676513671875
Partial simulation consumes time: 0.016252517700195312
Partial simulation consumes time: 0.016146421432495117
Partial simulation consumes time: 0.011090278625488281
Partial simulation consumes time: 0.010568618774414062
Partial simulation consumes time: 0.011473417282104492
Partial simulation consumes time: 0.013220787048339844
Partial simulation consumes time: 0.017987966537475586
Partial simulation consumes time: 0.018083810806274414
Partial simulation consumes time: 0.011440753936767578
Partial simulation consumes time: 0.01522970199584961
Partial simulation consumes time: 0.014516353607177734
Partial simulation consumes time: 0.011180400848388672
Partial simulation consumes time: 0.011117219924926758
Partial simulation consumes time: 0.01181936264038086
Partial simulation consumes time: 0.011571645736694336
Partial simulation consumes time: 0.010543107986450195
Partial simulation consumes time: 0.010112285614013672
Partial simulation consumes time: 0.010943412780761719
Partial simulation consumes time: 0.010252237319946289
Partial simulation consumes time: 0.010209798812866211
Partial simulation consumes time: 0.010313987731933594
Partial simulation consumes time: 0.010474681854248047
Partial simulation consumes time: 0.011336803436279297
Partial simulation consumes time: 0.010690689086914062
Partial simulation consumes time: 0.010159492492675781
Partial simulation consumes time: 0.01292562484741211
Partial simulation consumes time: 0.010362386703491211
Partial simulation consumes time: 0.012022018432617188
Partial simulation consumes time: 0.011495590209960938
Partial simulation consumes time: 0.011909961700439453
Partial simulation consumes time: 0.012274742126464844
Partial simulation consumes time: 0.011635541915893555
Partial simulation consumes time: 0.010511398315429688
Partial simulation consumes time: 0.011430501937866211
Partial simulation consumes time: 0.010326623916625977
Partial simulation consumes time: 0.011899948120117188
Partial simulation consumes time: 0.010715484619140625
Partial simulation consumes time: 0.01078343391418457
Partial simulation consumes time: 0.010941743850708008
Partial simulation consumes time: 0.011772871017456055
Partial simulation consumes time: 0.010434865951538086
Partial simulation consumes time: 0.011173486709594727
Partial simulation consumes time: 0.010955333709716797
Partial simulation consumes time: 0.010869741439819336
Partial simulation consumes time: 0.011219978332519531
Partial simulation consumes time: 0.010263204574584961
Partial simulation consumes time: 0.010452508926391602
Partial simulation consumes time: 0.01154327392578125
Partial simulation consumes time: 0.006091117858886719
Partial simulation consumes time: 0.006027936935424805
Partial simulation consumes time: 0.007383584976196289
Partial simulation consumes time: 0.006530046463012695
Partial simulation consumes time: 0.005472421646118164
Partial simulation consumes time: 0.005968570709228516
Partial simulation consumes time: 0.005936861038208008
Partial simulation consumes time: 0.005696773529052734
Partial simulation consumes time: 0.0059814453125
Partial simulation consumes time: 0.00633692741394043
Partial simulation consumes time: 0.006356477737426758
Partial simulation consumes time: 0.0064656734466552734
Partial simulation consumes time: 0.005715847015380859
Partial simulation consumes time: 0.005829334259033203
Partial simulation consumes time: 0.006005048751831055
Partial simulation consumes time: 0.005700826644897461
Partial simulation consumes time: 0.006757974624633789
Partial simulation consumes time: 0.005925893783569336
Partial simulation consumes time: 0.005717277526855469
Partial simulation consumes time: 0.005599498748779297
Partial simulation consumes time: 0.0059316158294677734
Partial simulation consumes time: 0.006843090057373047
Partial simulation consumes time: 0.006434917449951172
Partial simulation consumes time: 0.00709223747253418
Partial simulation consumes time: 0.007402658462524414
Partial simulation consumes time: 0.00786733627319336
Partial simulation consumes time: 0.007879257202148438
Partial simulation consumes time: 0.006173610687255859
Partial simulation consumes time: 0.008359193801879883
Partial simulation consumes time: 0.0077991485595703125
Partial simulation consumes time: 0.007312774658203125
Partial simulation consumes time: 0.0074079036712646484
Partial simulation consumes time: 0.0074536800384521484
Partial simulation consumes time: 0.011287927627563477
Partial simulation consumes time: 0.009423971176147461
Partial simulation consumes time: 0.006017446517944336
Partial simulation consumes time: 0.005751848220825195
Partial simulation consumes time: 0.0061876773834228516
Partial simulation consumes time: 0.006003856658935547
Partial simulation consumes time: 0.005964756011962891
Partial simulation consumes time: 0.006459951400756836
Partial simulation consumes time: 0.005899667739868164
Partial simulation consumes time: 0.0062677860260009766
Partial simulation consumes time: 0.005999565124511719
Partial simulation consumes time: 0.006094694137573242
Partial simulation consumes time: 0.006661653518676758
Partial simulation consumes time: 0.006104707717895508
Partial simulation consumes time: 0.006172657012939453
Partial simulation consumes time: 0.006324291229248047
Partial simulation consumes time: 0.00565791130065918
Partial simulation consumes time: 0.006501674652099609
Partial simulation consumes time: 0.006077289581298828
Partial simulation consumes time: 0.006860256195068359
Partial simulation consumes time: 0.006616353988647461
Partial simulation consumes time: 0.006303548812866211
Partial simulation consumes time: 0.006236553192138672
Partial simulation consumes time: 0.005717277526855469
Partial simulation consumes time: 0.006206512451171875
Partial simulation consumes time: 0.005949974060058594
Partial simulation consumes time: 0.005858421325683594
Partial simulation consumes time: 0.006316423416137695
Partial simulation consumes time: 0.006043910980224609
Partial simulation consumes time: 0.006536006927490234
Partial simulation consumes time: 0.005913257598876953
Partial simulation consumes time: 0.007206916809082031
Partial simulation consumes time: 0.006568193435668945
Partial simulation consumes time: 0.006187915802001953
Partial simulation consumes time: 0.006033182144165039
Partial simulation consumes time: 0.006000518798828125
Partial simulation consumes time: 0.006443977355957031
Partial simulation consumes time: 0.006350278854370117
Partial simulation consumes time: 0.005956888198852539
Partial simulation consumes time: 0.006134986877441406
Partial simulation consumes time: 0.0060503482818603516
Partial simulation consumes time: 0.006131172180175781
Partial simulation consumes time: 0.005895853042602539
Partial simulation consumes time: 0.006363630294799805
Partial simulation consumes time: 0.0057909488677978516
Partial simulation consumes time: 0.005945682525634766
Partial simulation consumes time: 0.006090402603149414
Partial simulation consumes time: 0.005982875823974609
Partial simulation consumes time: 0.006060600280761719
Partial simulation consumes time: 0.005621671676635742
Partial simulation consumes time: 0.006044149398803711
Partial simulation consumes time: 0.00642704963684082
Partial simulation consumes time: 0.0067136287689208984
Partial simulation consumes time: 0.005990028381347656
Partial simulation consumes time: 0.00668025016784668
Partial simulation consumes time: 0.006260871887207031
Partial simulation consumes time: 0.0059506893157958984
Partial simulation consumes time: 0.005823850631713867
Partial simulation consumes time: 0.005861759185791016
Partial simulation consumes time: 0.00629425048828125
Partial simulation consumes time: 0.0061724185943603516
Partial simulation consumes time: 0.00626373291015625
Partial simulation consumes time: 0.00633549690246582
Partial simulation consumes time: 0.005869388580322266
Partial simulation consumes time: 0.0057451725006103516
Partial simulation consumes time: 0.006058454513549805
Partial simulation consumes time: 0.006137847900390625
Partial simulation consumes time: 0.006270885467529297
Partial simulation consumes time: 0.005876302719116211
Partial simulation consumes time: 0.0059814453125
Partial simulation consumes time: 0.006752490997314453
Partial simulation consumes time: 0.006031990051269531
Partial simulation consumes time: 0.006284236907958984
Partial simulation consumes time: 0.007229804992675781
Partial simulation consumes time: 0.007214069366455078
Partial simulation consumes time: 0.006639957427978516
Partial simulation consumes time: 0.006906986236572266
Partial simulation consumes time: 0.0062105655670166016
Partial simulation consumes time: 0.008429288864135742
Partial simulation consumes time: 0.0061566829681396484
Partial simulation consumes time: 0.0077648162841796875
Partial simulation consumes time: 0.007357358932495117
Partial simulation consumes time: 0.008128643035888672
Partial simulation consumes time: 0.006072521209716797
Partial simulation consumes time: 0.007853269577026367
Partial simulation consumes time: 0.007264852523803711
Partial simulation consumes time: 0.008218526840209961
Partial simulation consumes time: 0.009473562240600586
Partial simulation consumes time: 0.007151126861572266
Partial simulation consumes time: 0.006183147430419922
Partial simulation consumes time: 0.006567716598510742
Partial simulation consumes time: 0.007221698760986328
Partial simulation consumes time: 0.006875514984130859
Partial simulation consumes time: 0.006583690643310547
Partial simulation consumes time: 0.009317159652709961
Partial simulation consumes time: 0.008727073669433594
Partial simulation consumes time: 0.008838176727294922
Partial simulation consumes time: 0.009573936462402344
Partial simulation consumes time: 0.006498813629150391
Partial simulation consumes time: 0.006973981857299805
Partial simulation consumes time: 0.007872819900512695
Partial simulation consumes time: 0.006995201110839844
Partial simulation consumes time: 0.00884103775024414
Partial simulation consumes time: 0.007947921752929688
Partial simulation consumes time: 0.015136003494262695
Partial simulation consumes time: 0.006437778472900391
Partial simulation consumes time: 0.007975101470947266
Partial simulation consumes time: 0.0072612762451171875
Partial simulation consumes time: 0.00688624382019043
Partial simulation consumes time: 0.006944417953491211
Partial simulation consumes time: 0.007082700729370117
Partial simulation consumes time: 0.006318569183349609
Partial simulation consumes time: 0.006537675857543945
Partial simulation consumes time: 0.007853984832763672
Partial simulation consumes time: 0.006619691848754883
Partial simulation consumes time: 0.006565570831298828
Partial simulation consumes time: 0.006843090057373047
Partial simulation consumes time: 0.0062732696533203125
Partial simulation consumes time: 0.006816387176513672
Partial simulation consumes time: 0.007053852081298828
Partial simulation consumes time: 0.00637054443359375
Partial simulation consumes time: 0.006737470626831055
Partial simulation consumes time: 0.007580280303955078
Partial simulation consumes time: 0.006331682205200195
Partial simulation consumes time: 0.007194995880126953
Partial simulation consumes time: 0.00702357292175293
Partial simulation consumes time: 0.007220745086669922
Partial simulation consumes time: 0.006414890289306641
Partial simulation consumes time: 0.006777048110961914
Partial simulation consumes time: 0.006216526031494141
Partial simulation consumes time: 0.006692171096801758
Partial simulation consumes time: 0.00709080696105957
Partial simulation consumes time: 0.006516695022583008
Partial simulation consumes time: 0.006605386734008789
Partial simulation consumes time: 0.00707697868347168
Partial simulation consumes time: 0.006295919418334961
Partial simulation consumes time: 0.006513357162475586
Partial simulation consumes time: 0.006716012954711914
Partial simulation consumes time: 0.0061435699462890625
Partial simulation consumes time: 0.006620883941650391
Partial simulation consumes time: 0.006994962692260742
Partial simulation consumes time: 0.006433963775634766
Partial simulation consumes time: 0.00673365592956543
Partial simulation consumes time: 0.006710052490234375
Partial simulation consumes time: 0.0066149234771728516
Partial simulation consumes time: 0.006852388381958008
Partial simulation consumes time: 0.006879091262817383
Partial simulation consumes time: 0.00616145133972168
Partial simulation consumes time: 0.006452083587646484
Partial simulation consumes time: 0.00682830810546875
Partial simulation consumes time: 0.0064754486083984375
Partial simulation consumes time: 0.006305217742919922
Partial simulation consumes time: 0.006461620330810547
Partial simulation consumes time: 0.0065860748291015625
Partial simulation consumes time: 0.006722927093505859
Partial simulation consumes time: 0.007428884506225586
Partial simulation consumes time: 0.006681919097900391
Partial simulation consumes time: 0.006455898284912109
Partial simulation consumes time: 0.010115623474121094
Partial simulation consumes time: 0.010606765747070312
Partial simulation consumes time: 0.009813308715820312
Partial simulation consumes time: 0.009232521057128906
Partial simulation consumes time: 0.009168863296508789
Partial simulation consumes time: 0.010288476943969727
Partial simulation consumes time: 0.009875297546386719
Partial simulation consumes time: 0.009870767593383789
Partial simulation consumes time: 0.010066986083984375
Partial simulation consumes time: 0.011244058609008789
Partial simulation consumes time: 0.011829614639282227
Partial simulation consumes time: 0.01227879524230957
Partial simulation consumes time: 0.010039567947387695
Partial simulation consumes time: 0.011778116226196289
Partial simulation consumes time: 0.012767791748046875
Partial simulation consumes time: 0.011047840118408203
Partial simulation consumes time: 0.009918689727783203
Partial simulation consumes time: 0.008928775787353516
Partial simulation consumes time: 0.009441375732421875
Partial simulation consumes time: 0.009459495544433594
Partial simulation consumes time: 0.00919961929321289
Partial simulation consumes time: 0.01516103744506836
Partial simulation consumes time: 0.009356498718261719
Partial simulation consumes time: 0.009427547454833984
Partial simulation consumes time: 0.009857177734375
Partial simulation consumes time: 0.010307788848876953
Partial simulation consumes time: 0.009580373764038086
Partial simulation consumes time: 0.010227203369140625
Partial simulation consumes time: 0.009226322174072266
Partial simulation consumes time: 0.00921773910522461
Partial simulation consumes time: 0.010034322738647461
Partial simulation consumes time: 0.011005640029907227
Partial simulation consumes time: 0.009695291519165039
Partial simulation consumes time: 0.009158849716186523
Partial simulation consumes time: 0.009731769561767578
Partial simulation consumes time: 0.010060548782348633
Partial simulation consumes time: 0.00912928581237793
Partial simulation consumes time: 0.009191751480102539
Partial simulation consumes time: 0.009676456451416016
Partial simulation consumes time: 0.009493112564086914
Partial simulation consumes time: 0.010355234146118164
Partial simulation consumes time: 0.010695934295654297
Partial simulation consumes time: 0.012964487075805664
Partial simulation consumes time: 0.009671449661254883
Partial simulation consumes time: 0.009623527526855469
Partial simulation consumes time: 0.009313821792602539
Partial simulation consumes time: 0.009865283966064453
Partial simulation consumes time: 0.008906364440917969
Partial simulation consumes time: 0.010854244232177734
Partial simulation consumes time: 0.009875774383544922
Partial simulation consumes time: 0.008992195129394531
Partial simulation consumes time: 0.010744810104370117
Partial simulation consumes time: 0.00981283187866211
Partial simulation consumes time: 0.009624004364013672
Partial simulation consumes time: 0.009288549423217773
Partial simulation consumes time: 0.009160757064819336
Partial simulation consumes time: 0.008892297744750977
Partial simulation consumes time: 0.01003122329711914
Partial simulation consumes time: 0.009460926055908203
Partial simulation consumes time: 0.009491920471191406
Partial simulation consumes time: 0.009888648986816406
Partial simulation consumes time: 0.00956416130065918
Partial simulation consumes time: 0.009164810180664062
Partial simulation consumes time: 0.008979320526123047
Partial simulation consumes time: 0.005505084991455078
Partial simulation consumes time: 0.006049394607543945
Partial simulation consumes time: 0.005588531494140625
Partial simulation consumes time: 0.005544185638427734
Partial simulation consumes time: 0.005413532257080078
Partial simulation consumes time: 0.005748748779296875
Partial simulation consumes time: 0.00549769401550293
Partial simulation consumes time: 0.006540775299072266
Partial simulation consumes time: 0.006924629211425781
Partial simulation consumes time: 0.00754094123840332
Partial simulation consumes time: 0.0054018497467041016
Partial simulation consumes time: 0.005391597747802734
Partial simulation consumes time: 0.005736589431762695
Partial simulation consumes time: 0.006402254104614258
Partial simulation consumes time: 0.007119655609130859
Partial simulation consumes time: 0.00665593147277832
Partial simulation consumes time: 0.00740361213684082
Partial simulation consumes time: 0.007364988327026367
Partial simulation consumes time: 0.008243083953857422
Partial simulation consumes time: 0.006617307662963867
Partial simulation consumes time: 0.005603790283203125
Partial simulation consumes time: 0.0059051513671875
Partial simulation consumes time: 0.0058116912841796875
Partial simulation consumes time: 0.00558161735534668
Partial simulation consumes time: 0.006235837936401367
Partial simulation consumes time: 0.005398988723754883
Partial simulation consumes time: 0.00604248046875
Partial simulation consumes time: 0.0056552886962890625
Partial simulation consumes time: 0.005705118179321289
Partial simulation consumes time: 0.005984067916870117
Partial simulation consumes time: 0.00599980354309082
Partial simulation consumes time: 0.007100105285644531
Partial simulation consumes time: 0.0064907073974609375
Partial simulation consumes time: 0.0054357051849365234
Partial simulation consumes time: 0.00593876838684082
Partial simulation consumes time: 0.005911111831665039
Partial simulation consumes time: 0.0056247711181640625
Partial simulation consumes time: 0.007124423980712891
Partial simulation consumes time: 0.005376577377319336
Partial simulation consumes time: 0.0056476593017578125
Partial simulation consumes time: 0.006134510040283203
Partial simulation consumes time: 0.005731821060180664
Partial simulation consumes time: 0.005786418914794922
Partial simulation consumes time: 0.006436824798583984
Partial simulation consumes time: 0.007766008377075195
Partial simulation consumes time: 0.005483150482177734
Partial simulation consumes time: 0.005972146987915039
Partial simulation consumes time: 0.0054759979248046875
Partial simulation consumes time: 0.006182193756103516
Partial simulation consumes time: 0.005784034729003906
Partial simulation consumes time: 0.0057680606842041016
Partial simulation consumes time: 0.006177663803100586
Partial simulation consumes time: 0.005900382995605469
Partial simulation consumes time: 0.005858898162841797
Partial simulation consumes time: 0.005541563034057617
Partial simulation consumes time: 0.005694150924682617
Partial simulation consumes time: 0.005975008010864258
Partial simulation consumes time: 0.0055751800537109375
Partial simulation consumes time: 0.005945682525634766
Partial simulation consumes time: 0.00609588623046875
Partial simulation consumes time: 0.005445241928100586
Partial simulation consumes time: 0.005995273590087891
Partial simulation consumes time: 0.00539851188659668
Partial simulation consumes time: 0.0058994293212890625
Partial simulation consumes time: 0.00568842887878418
Partial simulation consumes time: 0.006144285202026367
Partial simulation consumes time: 0.006016254425048828
Partial simulation consumes time: 0.00546574592590332
Partial simulation consumes time: 0.005650043487548828
Partial simulation consumes time: 0.005759239196777344
Partial simulation consumes time: 0.0065195560455322266
Partial simulation consumes time: 0.0058743953704833984
Partial simulation consumes time: 0.005603313446044922
Partial simulation consumes time: 0.006232261657714844
Partial simulation consumes time: 0.006213188171386719
Partial simulation consumes time: 0.0066602230072021484
Partial simulation consumes time: 0.0072138309478759766
Partial simulation consumes time: 0.0062885284423828125
Partial simulation consumes time: 0.005572080612182617
Partial simulation consumes time: 0.006048440933227539
Partial simulation consumes time: 0.0062427520751953125
Partial simulation consumes time: 0.006081819534301758
Partial simulation consumes time: 0.006093263626098633
Partial simulation consumes time: 0.0060694217681884766
Partial simulation consumes time: 0.0056304931640625
Partial simulation consumes time: 0.006727695465087891
Partial simulation consumes time: 0.005740642547607422
Partial simulation consumes time: 0.005965232849121094
Partial simulation consumes time: 0.0064465999603271484
Partial simulation consumes time: 0.00599980354309082
Partial simulation consumes time: 0.005961894989013672
Partial simulation consumes time: 0.006609916687011719
Partial simulation consumes time: 0.0055999755859375
Partial simulation consumes time: 0.006088972091674805
Partial simulation consumes time: 0.005494594573974609
Partial simulation consumes time: 0.005795001983642578
Partial simulation consumes time: 0.005970478057861328
Partial simulation consumes time: 0.0060732364654541016
Partial simulation consumes time: 0.005749702453613281
Partial simulation consumes time: 0.006138801574707031
Partial simulation consumes time: 0.007916450500488281
Partial simulation consumes time: 0.007325410842895508
Partial simulation consumes time: 0.007339954376220703
Partial simulation consumes time: 0.00666499137878418
Partial simulation consumes time: 0.007834434509277344
Partial simulation consumes time: 0.010849475860595703
Partial simulation consumes time: 0.006865262985229492
Partial simulation consumes time: 0.0076863765716552734
Partial simulation consumes time: 0.007825374603271484
Partial simulation consumes time: 0.00584721565246582
Partial simulation consumes time: 0.006257772445678711
Partial simulation consumes time: 0.006777763366699219
Partial simulation consumes time: 0.00552821159362793
Partial simulation consumes time: 0.006302356719970703
Partial simulation consumes time: 0.005700826644897461
Partial simulation consumes time: 0.005987644195556641
Partial simulation consumes time: 0.01150059700012207
Partial simulation consumes time: 0.01040339469909668
Partial simulation consumes time: 0.00630950927734375
Partial simulation consumes time: 0.005865573883056641
Partial simulation consumes time: 0.005683183670043945
Partial simulation consumes time: 0.007393360137939453
Partial simulation consumes time: 0.00568842887878418
Partial simulation consumes time: 0.005713939666748047
Partial simulation consumes time: 0.006181955337524414
Partial simulation consumes time: 0.0062313079833984375
Partial simulation consumes time: 0.005789041519165039
Partial simulation consumes time: 0.005972623825073242
Partial simulation consumes time: 0.004912853240966797
Partial simulation consumes time: 0.005876302719116211
Partial simulation consumes time: 0.00516819953918457
Partial simulation consumes time: 0.005177497863769531
Partial simulation consumes time: 0.005020856857299805
Partial simulation consumes time: 0.0051119327545166016
Partial simulation consumes time: 0.006151676177978516
Partial simulation consumes time: 0.005321979522705078
Partial simulation consumes time: 0.0053424835205078125
Partial simulation consumes time: 0.0052585601806640625
Partial simulation consumes time: 0.0050394535064697266
Partial simulation consumes time: 0.00526881217956543
Partial simulation consumes time: 0.005071163177490234
Partial simulation consumes time: 0.005213022232055664
Partial simulation consumes time: 0.005627632141113281
Partial simulation consumes time: 0.005246877670288086
Partial simulation consumes time: 0.005112409591674805
Partial simulation consumes time: 0.005214691162109375
Partial simulation consumes time: 0.005277872085571289
Partial simulation consumes time: 0.0050601959228515625
Partial simulation consumes time: 0.005087852478027344
Partial simulation consumes time: 0.0050754547119140625
Partial simulation consumes time: 0.005023002624511719
Partial simulation consumes time: 0.005270957946777344
Partial simulation consumes time: 0.005132436752319336
Partial simulation consumes time: 0.0056269168853759766
Partial simulation consumes time: 0.005047798156738281
Partial simulation consumes time: 0.005421638488769531
Partial simulation consumes time: 0.00502467155456543
Partial simulation consumes time: 0.005055904388427734
Partial simulation consumes time: 0.00587916374206543
Partial simulation consumes time: 0.005081892013549805
Partial simulation consumes time: 0.005753040313720703
Partial simulation consumes time: 0.0050699710845947266
Partial simulation consumes time: 0.0052106380462646484
Partial simulation consumes time: 0.005636930465698242
Partial simulation consumes time: 0.005354881286621094
Partial simulation consumes time: 0.00664520263671875
Partial simulation consumes time: 0.00535130500793457
Partial simulation consumes time: 0.00506901741027832
Partial simulation consumes time: 0.005492448806762695
Partial simulation consumes time: 0.005220651626586914
Partial simulation consumes time: 0.00541234016418457
Partial simulation consumes time: 0.0052111148834228516
Partial simulation consumes time: 0.0050547122955322266
Partial simulation consumes time: 0.005410671234130859
Partial simulation consumes time: 0.005235910415649414
Partial simulation consumes time: 0.005669116973876953
Partial simulation consumes time: 0.00516963005065918
Partial simulation consumes time: 0.005033016204833984
Partial simulation consumes time: 0.005254268646240234
Partial simulation consumes time: 0.005065441131591797
Partial simulation consumes time: 0.0053555965423583984
Partial simulation consumes time: 0.005321025848388672
Partial simulation consumes time: 0.005782604217529297
Partial simulation consumes time: 0.005008697509765625
Partial simulation consumes time: 0.00642848014831543
Partial simulation consumes time: 0.0056760311126708984
Partial simulation consumes time: 0.004957675933837891
Partial simulation consumes time: 0.005556821823120117
Partial simulation consumes time: 0.005109548568725586
Partial simulation consumes time: 0.005094766616821289
Partial simulation consumes time: 0.0065343379974365234
Partial simulation consumes time: 0.006232738494873047
Partial simulation consumes time: 0.006486415863037109
Partial simulation consumes time: 0.008870840072631836
Partial simulation consumes time: 0.0077550411224365234
Partial simulation consumes time: 0.00788259506225586
Partial simulation consumes time: 0.007013082504272461
Partial simulation consumes time: 0.005437374114990234
Partial simulation consumes time: 0.006971597671508789
Partial simulation consumes time: 0.005518913269042969
Partial simulation consumes time: 0.005844831466674805
Partial simulation consumes time: 0.006743192672729492
Partial simulation consumes time: 0.00620579719543457
Partial simulation consumes time: 0.00645136833190918
Partial simulation consumes time: 0.006074666976928711
Partial simulation consumes time: 0.005529165267944336
Partial simulation consumes time: 0.006057024002075195
Partial simulation consumes time: 0.005859375
Partial simulation consumes time: 0.005692005157470703
Partial simulation consumes time: 0.005636930465698242
Partial simulation consumes time: 0.005688667297363281
Partial simulation consumes time: 0.006686687469482422
Partial simulation consumes time: 0.0059642791748046875
Partial simulation consumes time: 0.0054743289947509766
Partial simulation consumes time: 0.006213665008544922
Partial simulation consumes time: 0.0075261592864990234
Partial simulation consumes time: 0.008271932601928711
Partial simulation consumes time: 0.008107662200927734
Partial simulation consumes time: 0.005864620208740234
Partial simulation consumes time: 0.005582571029663086
Partial simulation consumes time: 0.005660295486450195
Partial simulation consumes time: 0.009303808212280273
Partial simulation consumes time: 0.005683183670043945
Partial simulation consumes time: 0.005700826644897461
Partial simulation consumes time: 0.005597114562988281
Partial simulation consumes time: 0.006468057632446289
Partial simulation consumes time: 0.005789279937744141
Partial simulation consumes time: 0.005529880523681641
Partial simulation consumes time: 0.005639553070068359
Partial simulation consumes time: 0.0056264400482177734
Partial simulation consumes time: 0.005820274353027344
Partial simulation consumes time: 0.005635976791381836
Partial simulation consumes time: 0.005852699279785156
Partial simulation consumes time: 0.005635738372802734
Partial simulation consumes time: 0.0061910152435302734
Partial simulation consumes time: 0.005589723587036133
Partial simulation consumes time: 0.005535602569580078
Partial simulation consumes time: 0.005507469177246094
Partial simulation consumes time: 0.0057544708251953125
Partial simulation consumes time: 0.005651950836181641
Partial simulation consumes time: 0.005652189254760742
Partial simulation consumes time: 0.005586862564086914
Partial simulation consumes time: 0.0060269832611083984
Partial simulation consumes time: 0.005461215972900391
Partial simulation consumes time: 0.005621910095214844
Partial simulation consumes time: 0.005762577056884766
Partial simulation consumes time: 0.005530595779418945
Partial simulation consumes time: 0.005896568298339844
Partial simulation consumes time: 0.0054836273193359375
Partial simulation consumes time: 0.005518436431884766
Partial simulation consumes time: 0.0055315494537353516
Partial simulation consumes time: 0.005648136138916016
Partial simulation consumes time: 0.0057599544525146484
Partial simulation consumes time: 0.005566596984863281
Partial simulation consumes time: 0.005625247955322266
Partial simulation consumes time: 0.005764007568359375
Partial simulation consumes time: 0.006751060485839844
Partial simulation consumes time: 0.006611824035644531
Partial simulation consumes time: 0.0065746307373046875
Partial simulation consumes time: 0.00680088996887207
Partial simulation consumes time: 0.0068209171295166016
Partial simulation consumes time: 0.0067882537841796875
Partial simulation consumes time: 0.006752729415893555
Partial simulation consumes time: 0.006726264953613281
Partial simulation consumes time: 0.007677316665649414
Partial simulation consumes time: 0.007296085357666016
Partial simulation consumes time: 0.006488800048828125
Partial simulation consumes time: 0.006777763366699219
Partial simulation consumes time: 0.0067064762115478516
Partial simulation consumes time: 0.006544589996337891
Partial simulation consumes time: 0.006825447082519531
Partial simulation consumes time: 0.006807804107666016
Partial simulation consumes time: 0.006516933441162109
Partial simulation consumes time: 0.006683349609375
Partial simulation consumes time: 0.006780147552490234
Partial simulation consumes time: 0.008719682693481445
Partial simulation consumes time: 0.007550954818725586
Partial simulation consumes time: 0.008026361465454102
Partial simulation consumes time: 0.008739233016967773
Partial simulation consumes time: 0.006728410720825195
Partial simulation consumes time: 0.007142305374145508
Partial simulation consumes time: 0.009014368057250977
Partial simulation consumes time: 0.007780551910400391
Partial simulation consumes time: 0.006697177886962891
Partial simulation consumes time: 0.006646156311035156
Partial simulation consumes time: 0.006937265396118164
Partial simulation consumes time: 0.0068247318267822266
Partial simulation consumes time: 0.010848283767700195
Partial simulation consumes time: 0.008472204208374023
Partial simulation consumes time: 0.00785517692565918
Partial simulation consumes time: 0.008182287216186523
Partial simulation consumes time: 0.007068157196044922
Partial simulation consumes time: 0.009864568710327148
Partial simulation consumes time: 0.007362842559814453
Partial simulation consumes time: 0.010857343673706055
Partial simulation consumes time: 0.007695198059082031
Partial simulation consumes time: 0.009200334548950195
Partial simulation consumes time: 0.009117603302001953
Partial simulation consumes time: 0.0070896148681640625
Partial simulation consumes time: 0.009634256362915039
Partial simulation consumes time: 0.010034322738647461
Partial simulation consumes time: 0.009293317794799805
Partial simulation consumes time: 0.00890493392944336
Partial simulation consumes time: 0.008296966552734375
Partial simulation consumes time: 0.00822758674621582
Partial simulation consumes time: 0.008142709732055664
Partial simulation consumes time: 0.007407665252685547
Partial simulation consumes time: 0.008997917175292969
Partial simulation consumes time: 0.007567644119262695
Partial simulation consumes time: 0.008037090301513672
Partial simulation consumes time: 0.00832676887512207
Partial simulation consumes time: 0.009244441986083984
Partial simulation consumes time: 0.007896661758422852
Partial simulation consumes time: 0.007733583450317383
Partial simulation consumes time: 0.009436845779418945
Partial simulation consumes time: 0.006980180740356445
Partial simulation consumes time: 0.008061408996582031
Partial simulation consumes time: 0.009032964706420898
Partial simulation consumes time: 0.01631784439086914
Partial simulation consumes time: 0.010175704956054688
Partial simulation consumes time: 0.004876852035522461
Partial simulation consumes time: 0.00341796875
Partial simulation consumes time: 0.0034897327423095703
Partial simulation consumes time: 0.0035750865936279297
Partial simulation consumes time: 0.004145383834838867
Partial simulation consumes time: 0.004289388656616211
Partial simulation consumes time: 0.004072904586791992
Partial simulation consumes time: 0.004243612289428711
Partial simulation consumes time: 0.0038292407989501953
Partial simulation consumes time: 0.0038199424743652344
Partial simulation consumes time: 0.003413677215576172
Partial simulation consumes time: 0.0036611557006835938
Partial simulation consumes time: 0.0034825801849365234
Partial simulation consumes time: 0.0039882659912109375
Partial simulation consumes time: 0.003984212875366211
Partial simulation consumes time: 0.004068613052368164
Partial simulation consumes time: 0.0043985843658447266
Partial simulation consumes time: 0.003943443298339844
Partial simulation consumes time: 0.0032453536987304688
Partial simulation consumes time: 0.00341796875
Partial simulation consumes time: 0.003453969955444336
Partial simulation consumes time: 0.003831624984741211
Partial simulation consumes time: 0.0033507347106933594
Partial simulation consumes time: 0.003674030303955078
Partial simulation consumes time: 0.0032405853271484375
Partial simulation consumes time: 0.003757476806640625
Partial simulation consumes time: 0.003646373748779297
Partial simulation consumes time: 0.004234790802001953
Partial simulation consumes time: 0.003373861312866211
Partial simulation consumes time: 0.003848552703857422
Partial simulation consumes time: 0.0033609867095947266
Partial simulation consumes time: 0.0037424564361572266
Partial simulation consumes time: 0.0034825801849365234
Partial simulation consumes time: 0.0037195682525634766
Partial simulation consumes time: 0.003568410873413086
Partial simulation consumes time: 0.003722667694091797
Partial simulation consumes time: 0.0035567283630371094
Partial simulation consumes time: 0.003633737564086914
Partial simulation consumes time: 0.004552364349365234
Partial simulation consumes time: 0.003778696060180664
Partial simulation consumes time: 0.0039017200469970703
Partial simulation consumes time: 0.004613637924194336
Partial simulation consumes time: 0.004704713821411133
Partial simulation consumes time: 0.003935575485229492
Partial simulation consumes time: 0.0034999847412109375
Partial simulation consumes time: 0.004199981689453125
Partial simulation consumes time: 0.003614664077758789
Partial simulation consumes time: 0.0032625198364257812
Partial simulation consumes time: 0.003634929656982422
Partial simulation consumes time: 0.003330230712890625
Partial simulation consumes time: 0.0033423900604248047
Partial simulation consumes time: 0.0032029151916503906
Partial simulation consumes time: 0.003515958786010742
Partial simulation consumes time: 0.0033845901489257812
Partial simulation consumes time: 0.0035741329193115234
Partial simulation consumes time: 0.0032837390899658203
Partial simulation consumes time: 0.004064083099365234
Partial simulation consumes time: 0.003541707992553711
Partial simulation consumes time: 0.0036458969116210938
Partial simulation consumes time: 0.003547191619873047
Partial simulation consumes time: 0.004140615463256836
Partial simulation consumes time: 0.0034804344177246094
Partial simulation consumes time: 0.004117488861083984
Partial simulation consumes time: 0.003615140914916992
Qdao runs:	20.851927995681763
_initialize	0.13621282577514648
_preprocess	3.888637065887451
_postprocess	4.156728029251099
_run	20.698001384735107
load_sv	3.2250473499298096
store_sv	4.138024806976318
Quafu runs:	3.194681406021118
.

====================== 1 passed, 11 deselected in 26.35s =======================
