============================= test session starts ==============================
platform linux -- Python 3.10.6, pytest-7.2.0, pluggy-1.0.0
rootdir: /root/projects/qcs
collected 12 items / 11 deselected / 1 selected

tst/qdao/engine.py 
::::::::::::::::::Config::::::::::::::::::

NQ::	27
NP::	21
NL::	15
D::	24

::::::::::::::::::Config::::::::::::::::::


:::Reusing existing bench:::::/root/projects/qcs/qdao/benchmarks/qasm/random_27_24_max_operands_2_gen.qasm::::::::

Partial simulation consumes time: 0.26082682609558105
Partial simulation consumes time: 0.2531883716583252
Partial simulation consumes time: 0.2526991367340088
Partial simulation consumes time: 0.24898672103881836
Partial simulation consumes time: 0.25957417488098145
Partial simulation consumes time: 0.2468271255493164
Partial simulation consumes time: 0.24180340766906738
Partial simulation consumes time: 0.25644612312316895
Partial simulation consumes time: 0.25022339820861816
Partial simulation consumes time: 0.2877683639526367
Partial simulation consumes time: 0.2991769313812256
Partial simulation consumes time: 0.24527597427368164
Partial simulation consumes time: 0.26859474182128906
Partial simulation consumes time: 0.2581958770751953
Partial simulation consumes time: 0.2505476474761963
Partial simulation consumes time: 0.25524473190307617
Partial simulation consumes time: 0.23167920112609863
Partial simulation consumes time: 0.25873899459838867
Partial simulation consumes time: 0.2625441551208496
Partial simulation consumes time: 0.26789283752441406
Partial simulation consumes time: 0.2793996334075928
Partial simulation consumes time: 0.27551841735839844
Partial simulation consumes time: 0.25983190536499023
Partial simulation consumes time: 0.2532522678375244
Partial simulation consumes time: 0.2588057518005371
Partial simulation consumes time: 0.26015186309814453
Partial simulation consumes time: 0.2540407180786133
Partial simulation consumes time: 0.2471628189086914
Partial simulation consumes time: 0.25963425636291504
Partial simulation consumes time: 0.25915074348449707
Partial simulation consumes time: 0.23917150497436523
Partial simulation consumes time: 0.24997973442077637
Partial simulation consumes time: 0.2469940185546875
Partial simulation consumes time: 0.23013520240783691
Partial simulation consumes time: 0.2611124515533447
Partial simulation consumes time: 0.2532627582550049
Partial simulation consumes time: 0.2912604808807373
Partial simulation consumes time: 0.25651001930236816
Partial simulation consumes time: 0.26274752616882324
Partial simulation consumes time: 0.23754286766052246
Partial simulation consumes time: 0.24768996238708496
Partial simulation consumes time: 0.2376096248626709
Partial simulation consumes time: 0.26035237312316895
Partial simulation consumes time: 0.24249482154846191
Partial simulation consumes time: 0.26581859588623047
Partial simulation consumes time: 0.2514770030975342
Partial simulation consumes time: 0.2606372833251953
Partial simulation consumes time: 0.2647266387939453
Partial simulation consumes time: 0.25269603729248047
Partial simulation consumes time: 0.26285457611083984
Partial simulation consumes time: 0.24074649810791016
Partial simulation consumes time: 0.28195786476135254
Partial simulation consumes time: 0.25053882598876953
Partial simulation consumes time: 0.2483072280883789
Partial simulation consumes time: 0.2464590072631836
Partial simulation consumes time: 0.23912429809570312
Partial simulation consumes time: 0.2539231777191162
Partial simulation consumes time: 0.2276301383972168
Partial simulation consumes time: 0.23395085334777832
Partial simulation consumes time: 0.2445213794708252
Partial simulation consumes time: 0.26596951484680176
Partial simulation consumes time: 0.2508857250213623
Partial simulation consumes time: 0.26615357398986816
Partial simulation consumes time: 0.23435354232788086
Partial simulation consumes time: 0.11020326614379883
Partial simulation consumes time: 0.12616515159606934
Partial simulation consumes time: 0.09766507148742676
Partial simulation consumes time: 0.1168055534362793
Partial simulation consumes time: 0.11077046394348145
Partial simulation consumes time: 0.14166641235351562
Partial simulation consumes time: 0.11436867713928223
Partial simulation consumes time: 0.11322736740112305
Partial simulation consumes time: 0.12415504455566406
Partial simulation consumes time: 0.1216745376586914
Partial simulation consumes time: 0.10781145095825195
Partial simulation consumes time: 0.11536145210266113
Partial simulation consumes time: 0.09902215003967285
Partial simulation consumes time: 0.10566186904907227
Partial simulation consumes time: 0.10861015319824219
Partial simulation consumes time: 0.12386655807495117
Partial simulation consumes time: 0.12257671356201172
Partial simulation consumes time: 0.11790251731872559
Partial simulation consumes time: 0.10498976707458496
Partial simulation consumes time: 0.11723065376281738
Partial simulation consumes time: 0.12459301948547363
Partial simulation consumes time: 0.10831689834594727
Partial simulation consumes time: 0.11416125297546387
Partial simulation consumes time: 0.11644363403320312
Partial simulation consumes time: 0.12973284721374512
Partial simulation consumes time: 0.10609650611877441
Partial simulation consumes time: 0.13157153129577637
Partial simulation consumes time: 0.12459397315979004
Partial simulation consumes time: 0.11458849906921387
Partial simulation consumes time: 0.14017724990844727
Partial simulation consumes time: 0.1263432502746582
Partial simulation consumes time: 0.13332176208496094
Partial simulation consumes time: 0.11388421058654785
Partial simulation consumes time: 0.11741232872009277
Partial simulation consumes time: 0.10207319259643555
Partial simulation consumes time: 0.11536550521850586
Partial simulation consumes time: 0.1074671745300293
Partial simulation consumes time: 0.10635590553283691
Partial simulation consumes time: 0.11615419387817383
Partial simulation consumes time: 0.11703085899353027
Partial simulation consumes time: 0.09979104995727539
Partial simulation consumes time: 0.1083528995513916
Partial simulation consumes time: 0.12508726119995117
Partial simulation consumes time: 0.11456894874572754
Partial simulation consumes time: 0.12810993194580078
Partial simulation consumes time: 0.11395502090454102
Partial simulation consumes time: 0.10622596740722656
Partial simulation consumes time: 0.10915565490722656
Partial simulation consumes time: 0.10488104820251465
Partial simulation consumes time: 0.09852957725524902
Partial simulation consumes time: 0.09554696083068848
Partial simulation consumes time: 0.11887788772583008
Partial simulation consumes time: 0.11342763900756836
Partial simulation consumes time: 0.13363289833068848
Partial simulation consumes time: 0.12411236763000488
Partial simulation consumes time: 0.10028672218322754
Partial simulation consumes time: 0.10728311538696289
Partial simulation consumes time: 0.11052632331848145
Partial simulation consumes time: 0.11338400840759277
Partial simulation consumes time: 0.09996318817138672
Partial simulation consumes time: 0.10734224319458008
Partial simulation consumes time: 0.11530876159667969
Partial simulation consumes time: 0.10255956649780273
Partial simulation consumes time: 0.11405038833618164
Partial simulation consumes time: 0.18208956718444824
Partial simulation consumes time: 0.14050078392028809
Partial simulation consumes time: 0.1306929588317871
Partial simulation consumes time: 0.4221920967102051
Partial simulation consumes time: 0.2300419807434082
Partial simulation consumes time: 0.12598061561584473
Partial simulation consumes time: 0.1321117877960205
Partial simulation consumes time: 0.13449430465698242
Partial simulation consumes time: 0.1858501434326172
Partial simulation consumes time: 0.13799118995666504
Partial simulation consumes time: 0.17607975006103516
Partial simulation consumes time: 0.16028332710266113
Partial simulation consumes time: 0.1271226406097412
Partial simulation consumes time: 0.1472947597503662
Partial simulation consumes time: 0.17598676681518555
Partial simulation consumes time: 0.14066553115844727
Partial simulation consumes time: 0.14772653579711914
Partial simulation consumes time: 0.15448927879333496
Partial simulation consumes time: 0.1286025047302246
Partial simulation consumes time: 0.15755677223205566
Partial simulation consumes time: 0.17171931266784668
Partial simulation consumes time: 0.13980317115783691
Partial simulation consumes time: 0.16191768646240234
Partial simulation consumes time: 0.13057851791381836
Partial simulation consumes time: 0.1451706886291504
Partial simulation consumes time: 0.1344902515411377
Partial simulation consumes time: 0.13930392265319824
Partial simulation consumes time: 0.13540315628051758
Partial simulation consumes time: 0.14153575897216797
Partial simulation consumes time: 0.13525724411010742
Partial simulation consumes time: 0.1386549472808838
Partial simulation consumes time: 0.15097999572753906
Partial simulation consumes time: 0.18131709098815918
Partial simulation consumes time: 0.15624356269836426
Partial simulation consumes time: 0.1498880386352539
Partial simulation consumes time: 0.15334296226501465
Partial simulation consumes time: 0.16305184364318848
Partial simulation consumes time: 0.13042902946472168
Partial simulation consumes time: 0.1297285556793213
Partial simulation consumes time: 0.1245875358581543
Partial simulation consumes time: 0.14192891120910645
Partial simulation consumes time: 0.15877580642700195
Partial simulation consumes time: 0.14188456535339355
Partial simulation consumes time: 0.16484951972961426
Partial simulation consumes time: 0.13590764999389648
Partial simulation consumes time: 0.1541118621826172
Partial simulation consumes time: 0.13864731788635254
Partial simulation consumes time: 0.13550066947937012
Partial simulation consumes time: 0.14043569564819336
Partial simulation consumes time: 0.1602034568786621
Partial simulation consumes time: 0.15761733055114746
Partial simulation consumes time: 0.18990182876586914
Partial simulation consumes time: 0.19531583786010742
Partial simulation consumes time: 0.16712737083435059
Partial simulation consumes time: 0.14627480506896973
Partial simulation consumes time: 0.16775941848754883
Partial simulation consumes time: 0.1447451114654541
Partial simulation consumes time: 0.16015934944152832
Partial simulation consumes time: 0.16952848434448242
Partial simulation consumes time: 0.1402430534362793
Partial simulation consumes time: 0.1320781707763672
Partial simulation consumes time: 0.12309956550598145
Partial simulation consumes time: 0.15384268760681152
Partial simulation consumes time: 0.1790156364440918
Partial simulation consumes time: 0.15995287895202637
Partial simulation consumes time: 0.14390897750854492
Partial simulation consumes time: 0.15833544731140137
Partial simulation consumes time: 0.17093729972839355
Partial simulation consumes time: 0.1417980194091797
Partial simulation consumes time: 0.16434597969055176
Partial simulation consumes time: 0.14476227760314941
Partial simulation consumes time: 0.163527250289917
Partial simulation consumes time: 0.15159320831298828
Partial simulation consumes time: 0.1638021469116211
Partial simulation consumes time: 0.1577291488647461
Partial simulation consumes time: 0.16846895217895508
Partial simulation consumes time: 0.14264225959777832
Partial simulation consumes time: 0.15610432624816895
Partial simulation consumes time: 0.1452038288116455
Partial simulation consumes time: 0.14754247665405273
Partial simulation consumes time: 0.1651754379272461
Partial simulation consumes time: 0.1629788875579834
Partial simulation consumes time: 0.15359115600585938
Partial simulation consumes time: 0.16023039817810059
Partial simulation consumes time: 0.1394486427307129
Partial simulation consumes time: 0.15222740173339844
Partial simulation consumes time: 0.1542186737060547
Partial simulation consumes time: 0.15868687629699707
Partial simulation consumes time: 0.16191434860229492
Partial simulation consumes time: 0.15565156936645508
Partial simulation consumes time: 0.16195464134216309
Partial simulation consumes time: 0.1557157039642334
Partial simulation consumes time: 0.14754247665405273
Partial simulation consumes time: 0.14488530158996582
Partial simulation consumes time: 0.16015982627868652
Partial simulation consumes time: 0.17377901077270508
Partial simulation consumes time: 0.15302062034606934
Partial simulation consumes time: 0.16246700286865234
Partial simulation consumes time: 0.13904500007629395
Partial simulation consumes time: 0.14299488067626953
Partial simulation consumes time: 0.15106654167175293
Partial simulation consumes time: 0.1544196605682373
Partial simulation consumes time: 0.15175580978393555
Partial simulation consumes time: 0.16407418251037598
Partial simulation consumes time: 0.17070388793945312
Partial simulation consumes time: 0.15674853324890137
Partial simulation consumes time: 0.14720749855041504
Partial simulation consumes time: 0.1644587516784668
Partial simulation consumes time: 0.15380239486694336
Partial simulation consumes time: 0.15671563148498535
Partial simulation consumes time: 0.15353798866271973
Partial simulation consumes time: 0.15521001815795898
Partial simulation consumes time: 0.15699410438537598
Partial simulation consumes time: 0.17813777923583984
Partial simulation consumes time: 0.17524361610412598
Partial simulation consumes time: 0.1765153408050537
Partial simulation consumes time: 0.17557978630065918
Partial simulation consumes time: 0.1480865478515625
Partial simulation consumes time: 0.15337586402893066
Partial simulation consumes time: 0.14508652687072754
Partial simulation consumes time: 0.16823577880859375
Partial simulation consumes time: 0.1552290916442871
Partial simulation consumes time: 0.1395859718322754
Partial simulation consumes time: 0.15241122245788574
Partial simulation consumes time: 0.14616608619689941
Partial simulation consumes time: 0.1648714542388916
Partial simulation consumes time: 0.1712346076965332
Partial simulation consumes time: 0.17182374000549316
Partial simulation consumes time: 0.13145208358764648
Partial simulation consumes time: 0.1296370029449463
Partial simulation consumes time: 0.11442112922668457
Partial simulation consumes time: 0.13473820686340332
Partial simulation consumes time: 0.12275552749633789
Partial simulation consumes time: 0.1268482208251953
Partial simulation consumes time: 0.125657320022583
Partial simulation consumes time: 0.1342942714691162
Partial simulation consumes time: 0.1150064468383789
Partial simulation consumes time: 0.1275956630706787
Partial simulation consumes time: 0.16568446159362793
Partial simulation consumes time: 0.12381982803344727
Partial simulation consumes time: 0.11872673034667969
Partial simulation consumes time: 0.10862207412719727
Partial simulation consumes time: 0.14040398597717285
Partial simulation consumes time: 0.12730169296264648
Partial simulation consumes time: 0.10244154930114746
Partial simulation consumes time: 0.14342331886291504
Partial simulation consumes time: 0.10525774955749512
Partial simulation consumes time: 0.09955835342407227
Partial simulation consumes time: 0.1083672046661377
Partial simulation consumes time: 0.12703943252563477
Partial simulation consumes time: 0.12064766883850098
Partial simulation consumes time: 0.12661027908325195
Partial simulation consumes time: 0.11031007766723633
Partial simulation consumes time: 0.10770726203918457
Partial simulation consumes time: 0.10016560554504395
Partial simulation consumes time: 0.1288466453552246
Partial simulation consumes time: 0.10624122619628906
Partial simulation consumes time: 0.1319422721862793
Partial simulation consumes time: 0.10605883598327637
Partial simulation consumes time: 0.13186240196228027
Partial simulation consumes time: 0.14119362831115723
Partial simulation consumes time: 0.12341070175170898
Partial simulation consumes time: 0.12859749794006348
Partial simulation consumes time: 0.13375401496887207
Partial simulation consumes time: 0.10744571685791016
Partial simulation consumes time: 0.0975637435913086
Partial simulation consumes time: 0.12255096435546875
Partial simulation consumes time: 0.1034548282623291
Partial simulation consumes time: 0.1263108253479004
Partial simulation consumes time: 0.14785385131835938
Partial simulation consumes time: 0.1397085189819336
Partial simulation consumes time: 0.13093233108520508
Partial simulation consumes time: 0.11978507041931152
Partial simulation consumes time: 0.09958338737487793
Partial simulation consumes time: 0.13941597938537598
Partial simulation consumes time: 0.12688517570495605
Partial simulation consumes time: 0.1304624080657959
Partial simulation consumes time: 0.10975003242492676
Partial simulation consumes time: 0.1346139907836914
Partial simulation consumes time: 0.12974190711975098
Partial simulation consumes time: 0.10007905960083008
Partial simulation consumes time: 0.13410019874572754
Partial simulation consumes time: 0.10511994361877441
Partial simulation consumes time: 0.11123490333557129
Partial simulation consumes time: 0.14025235176086426
Partial simulation consumes time: 0.15748834609985352
Partial simulation consumes time: 0.13212871551513672
Partial simulation consumes time: 0.13314175605773926
Partial simulation consumes time: 0.134812593460083
Partial simulation consumes time: 0.10783767700195312
Partial simulation consumes time: 0.12562227249145508
Partial simulation consumes time: 0.12971091270446777
Partial simulation consumes time: 0.12161803245544434
Partial simulation consumes time: 0.12127137184143066
Partial simulation consumes time: 0.12920308113098145
Partial simulation consumes time: 0.1270005702972412
Partial simulation consumes time: 0.12927508354187012
Partial simulation consumes time: 0.14110183715820312
Partial simulation consumes time: 0.12495136260986328
Partial simulation consumes time: 0.12972807884216309
Partial simulation consumes time: 0.12433600425720215
Partial simulation consumes time: 0.12746977806091309
Partial simulation consumes time: 0.12253475189208984
Partial simulation consumes time: 0.1290426254272461
Partial simulation consumes time: 0.11890554428100586
Partial simulation consumes time: 0.12578153610229492
Partial simulation consumes time: 0.11928439140319824
Partial simulation consumes time: 0.13621258735656738
Partial simulation consumes time: 0.1355140209197998
Partial simulation consumes time: 0.1661698818206787
Partial simulation consumes time: 0.12613177299499512
Partial simulation consumes time: 0.12307453155517578
Partial simulation consumes time: 0.1273198127746582
Partial simulation consumes time: 0.12517166137695312
Partial simulation consumes time: 0.1246337890625
Partial simulation consumes time: 0.12377285957336426
Partial simulation consumes time: 0.12906312942504883
Partial simulation consumes time: 0.1254117488861084
Partial simulation consumes time: 0.11944079399108887
Partial simulation consumes time: 0.1209876537322998
Partial simulation consumes time: 0.1255474090576172
Partial simulation consumes time: 0.11904668807983398
Partial simulation consumes time: 0.12623882293701172
Partial simulation consumes time: 0.1237030029296875
Partial simulation consumes time: 0.12798142433166504
Partial simulation consumes time: 0.12399673461914062
Partial simulation consumes time: 0.1264510154724121
Partial simulation consumes time: 0.14191079139709473
Partial simulation consumes time: 0.1346573829650879
Partial simulation consumes time: 0.13954830169677734
Partial simulation consumes time: 0.14078712463378906
Partial simulation consumes time: 0.1324920654296875
Partial simulation consumes time: 0.1533057689666748
Partial simulation consumes time: 0.11927175521850586
Partial simulation consumes time: 0.1188960075378418
Partial simulation consumes time: 0.13109040260314941
Partial simulation consumes time: 0.12636518478393555
Partial simulation consumes time: 0.12478303909301758
Partial simulation consumes time: 0.13588309288024902
Partial simulation consumes time: 0.12636613845825195
Partial simulation consumes time: 0.12792539596557617
Partial simulation consumes time: 0.12473273277282715
Partial simulation consumes time: 0.12619805335998535
Partial simulation consumes time: 0.12393045425415039
Partial simulation consumes time: 0.12592148780822754
Partial simulation consumes time: 0.12037110328674316
Partial simulation consumes time: 0.12526226043701172
Partial simulation consumes time: 0.12102985382080078
Partial simulation consumes time: 0.12003779411315918
Partial simulation consumes time: 0.12680721282958984
Partial simulation consumes time: 0.12448668479919434
Partial simulation consumes time: 0.12569546699523926
Partial simulation consumes time: 0.12630367279052734
Partial simulation consumes time: 0.13599705696105957
Partial simulation consumes time: 0.13825702667236328
Partial simulation consumes time: 0.14879441261291504
Partial simulation consumes time: 0.1091458797454834
Partial simulation consumes time: 0.10205507278442383
Partial simulation consumes time: 0.10289955139160156
Partial simulation consumes time: 0.10088205337524414
Partial simulation consumes time: 0.0922403335571289
Partial simulation consumes time: 0.09909701347351074
Partial simulation consumes time: 0.10077404975891113
Partial simulation consumes time: 0.10318160057067871
Partial simulation consumes time: 0.10371756553649902
Partial simulation consumes time: 0.10577917098999023
Partial simulation consumes time: 0.1064305305480957
Partial simulation consumes time: 0.09785819053649902
Partial simulation consumes time: 0.1102914810180664
Partial simulation consumes time: 0.1077275276184082
Partial simulation consumes time: 0.10908293724060059
Partial simulation consumes time: 0.10213804244995117
Partial simulation consumes time: 0.09404397010803223
Partial simulation consumes time: 0.09531879425048828
Partial simulation consumes time: 0.09078407287597656
Partial simulation consumes time: 0.0915679931640625
Partial simulation consumes time: 0.09929108619689941
Partial simulation consumes time: 0.09974145889282227
Partial simulation consumes time: 0.1075294017791748
Partial simulation consumes time: 0.12133002281188965
Partial simulation consumes time: 0.10603523254394531
Partial simulation consumes time: 0.10521531105041504
Partial simulation consumes time: 0.10121703147888184
Partial simulation consumes time: 0.09428238868713379
Partial simulation consumes time: 0.11673665046691895
Partial simulation consumes time: 0.10398459434509277
Partial simulation consumes time: 0.10207557678222656
Partial simulation consumes time: 0.1168670654296875
Partial simulation consumes time: 0.09989762306213379
Partial simulation consumes time: 0.09142780303955078
Partial simulation consumes time: 0.10247015953063965
Partial simulation consumes time: 0.09270572662353516
Partial simulation consumes time: 0.10129618644714355
Partial simulation consumes time: 0.10032010078430176
Partial simulation consumes time: 0.11089468002319336
Partial simulation consumes time: 0.09498190879821777
Partial simulation consumes time: 0.10629153251647949
Partial simulation consumes time: 0.09904599189758301
Partial simulation consumes time: 0.10458803176879883
Partial simulation consumes time: 0.10897159576416016
Partial simulation consumes time: 0.0962679386138916
Partial simulation consumes time: 0.10430407524108887
Partial simulation consumes time: 0.09364724159240723
Partial simulation consumes time: 0.09746646881103516
Partial simulation consumes time: 0.1120147705078125
Partial simulation consumes time: 0.10843014717102051
Partial simulation consumes time: 0.11057567596435547
Partial simulation consumes time: 0.11016035079956055
Partial simulation consumes time: 0.09878230094909668
Partial simulation consumes time: 0.09491205215454102
Partial simulation consumes time: 0.1050565242767334
Partial simulation consumes time: 0.0948801040649414
Partial simulation consumes time: 0.10640740394592285
Partial simulation consumes time: 0.12343287467956543
Partial simulation consumes time: 0.11180377006530762
Partial simulation consumes time: 0.11432242393493652
Partial simulation consumes time: 0.10439157485961914
Partial simulation consumes time: 0.10497045516967773
Partial simulation consumes time: 0.09154057502746582
Partial simulation consumes time: 0.1092221736907959
Partial simulation consumes time: 0.1467432975769043
Partial simulation consumes time: 0.14605069160461426
Partial simulation consumes time: 0.1349029541015625
Partial simulation consumes time: 0.1426243782043457
Partial simulation consumes time: 0.15415740013122559
Partial simulation consumes time: 0.14120960235595703
Partial simulation consumes time: 0.1542341709136963
Partial simulation consumes time: 0.14269089698791504
Partial simulation consumes time: 0.16695499420166016
Partial simulation consumes time: 0.15621542930603027
Partial simulation consumes time: 0.1736905574798584
Partial simulation consumes time: 0.13925385475158691
Partial simulation consumes time: 0.14441990852355957
Partial simulation consumes time: 0.13614583015441895
Partial simulation consumes time: 0.13619136810302734
Partial simulation consumes time: 0.13878226280212402
Partial simulation consumes time: 0.13417744636535645
Partial simulation consumes time: 0.14272427558898926
Partial simulation consumes time: 0.15943670272827148
Partial simulation consumes time: 0.1493692398071289
Partial simulation consumes time: 0.1412966251373291
Partial simulation consumes time: 0.15752673149108887
Partial simulation consumes time: 0.1376497745513916
Partial simulation consumes time: 0.13348746299743652
Partial simulation consumes time: 0.14252901077270508
Partial simulation consumes time: 0.14658164978027344
Partial simulation consumes time: 0.1438310146331787
Partial simulation consumes time: 0.13818693161010742
Partial simulation consumes time: 0.14446187019348145
Partial simulation consumes time: 0.14905500411987305
Partial simulation consumes time: 0.152693510055542
Partial simulation consumes time: 0.1737968921661377
Partial simulation consumes time: 0.1471729278564453
Partial simulation consumes time: 0.1461009979248047
Partial simulation consumes time: 0.1556236743927002
Partial simulation consumes time: 0.15980744361877441
Partial simulation consumes time: 0.1533350944519043
Partial simulation consumes time: 0.150651216506958
Partial simulation consumes time: 0.1328446865081787
Partial simulation consumes time: 0.13191866874694824
Partial simulation consumes time: 0.13665986061096191
Partial simulation consumes time: 0.14056873321533203
Partial simulation consumes time: 0.14974713325500488
Partial simulation consumes time: 0.14777731895446777
Partial simulation consumes time: 0.15349888801574707
Partial simulation consumes time: 0.1429610252380371
Partial simulation consumes time: 0.14252471923828125
Partial simulation consumes time: 0.1574087142944336
Partial simulation consumes time: 0.14103031158447266
Partial simulation consumes time: 0.14046645164489746
Partial simulation consumes time: 0.1477057933807373
Partial simulation consumes time: 0.16258955001831055
Partial simulation consumes time: 0.1481626033782959
Partial simulation consumes time: 0.14264535903930664
Partial simulation consumes time: 0.13464117050170898
Partial simulation consumes time: 0.14909577369689941
Partial simulation consumes time: 0.15175414085388184
Partial simulation consumes time: 0.14292383193969727
Partial simulation consumes time: 0.13840985298156738
Partial simulation consumes time: 0.1456890106201172
Partial simulation consumes time: 0.14566993713378906
Partial simulation consumes time: 0.14369916915893555
Partial simulation consumes time: 0.15617108345031738
Partial simulation consumes time: 0.14272594451904297
Partial simulation consumes time: 0.19080495834350586
Partial simulation consumes time: 0.1950666904449463
Partial simulation consumes time: 0.1899702548980713
Partial simulation consumes time: 0.1906428337097168
Partial simulation consumes time: 0.19870495796203613
Partial simulation consumes time: 0.20179533958435059
Partial simulation consumes time: 0.20435380935668945
Partial simulation consumes time: 0.215531587600708
Partial simulation consumes time: 0.2231888771057129
Partial simulation consumes time: 0.19550848007202148
Partial simulation consumes time: 0.1958017349243164
Partial simulation consumes time: 0.20380425453186035
Partial simulation consumes time: 0.20842361450195312
Partial simulation consumes time: 0.20357227325439453
Partial simulation consumes time: 0.19518780708312988
Partial simulation consumes time: 0.19343972206115723
Partial simulation consumes time: 0.21214842796325684
Partial simulation consumes time: 0.19979143142700195
Partial simulation consumes time: 0.20347380638122559
Partial simulation consumes time: 0.19905591011047363
Partial simulation consumes time: 0.2048325538635254
Partial simulation consumes time: 0.19358325004577637
Partial simulation consumes time: 0.19118070602416992
Partial simulation consumes time: 0.19319772720336914
Partial simulation consumes time: 0.2109375
Partial simulation consumes time: 0.22101664543151855
Partial simulation consumes time: 0.1989753246307373
Partial simulation consumes time: 0.21737384796142578
Partial simulation consumes time: 0.18992209434509277
Partial simulation consumes time: 0.19982028007507324
Partial simulation consumes time: 0.20699477195739746
Partial simulation consumes time: 0.18973517417907715
Partial simulation consumes time: 0.19689202308654785
Partial simulation consumes time: 0.1996002197265625
Partial simulation consumes time: 0.19205021858215332
Partial simulation consumes time: 0.20254802703857422
Partial simulation consumes time: 0.20842671394348145
Partial simulation consumes time: 0.2061007022857666
Partial simulation consumes time: 0.1893937587738037
Partial simulation consumes time: 0.18889379501342773
Partial simulation consumes time: 0.2183513641357422
Partial simulation consumes time: 0.20474720001220703
Partial simulation consumes time: 0.21188569068908691
Partial simulation consumes time: 0.19115018844604492
Partial simulation consumes time: 0.19811224937438965
Partial simulation consumes time: 0.1939847469329834
Partial simulation consumes time: 0.2051689624786377
Partial simulation consumes time: 0.1887800693511963
Partial simulation consumes time: 0.2183840274810791
Partial simulation consumes time: 0.21265220642089844
Partial simulation consumes time: 0.19471287727355957
Partial simulation consumes time: 0.1999804973602295
Partial simulation consumes time: 0.18956255912780762
Partial simulation consumes time: 0.20394349098205566
Partial simulation consumes time: 0.18987417221069336
Partial simulation consumes time: 0.1884322166442871
Partial simulation consumes time: 0.20401597023010254
Partial simulation consumes time: 0.18911385536193848
Partial simulation consumes time: 0.2290956974029541
Partial simulation consumes time: 0.21184062957763672
Partial simulation consumes time: 0.22737431526184082
Partial simulation consumes time: 0.2097487449645996
Partial simulation consumes time: 0.18836045265197754
Partial simulation consumes time: 0.18150973320007324
Partial simulation consumes time: 0.4213244915008545
Partial simulation consumes time: 0.36231565475463867
Partial simulation consumes time: 0.4059879779815674
Partial simulation consumes time: 0.4373328685760498
Partial simulation consumes time: 0.4316833019256592
Partial simulation consumes time: 0.41783761978149414
Partial simulation consumes time: 0.4235043525695801
Partial simulation consumes time: 0.4618058204650879
Partial simulation consumes time: 0.3860316276550293
Partial simulation consumes time: 0.44638848304748535
Partial simulation consumes time: 0.3869359493255615
Partial simulation consumes time: 0.40426087379455566
Partial simulation consumes time: 0.44597601890563965
Partial simulation consumes time: 0.364199161529541
Partial simulation consumes time: 0.43448376655578613
Partial simulation consumes time: 0.42019224166870117
Partial simulation consumes time: 0.4363739490509033
Partial simulation consumes time: 0.43436717987060547
Partial simulation consumes time: 0.3760707378387451
Partial simulation consumes time: 0.43746328353881836
Partial simulation consumes time: 0.3844120502471924
Partial simulation consumes time: 0.41394686698913574
Partial simulation consumes time: 0.3665642738342285
Partial simulation consumes time: 0.3581728935241699
Partial simulation consumes time: 0.3495466709136963
Partial simulation consumes time: 0.3999912738800049
Partial simulation consumes time: 0.39875102043151855
Partial simulation consumes time: 0.436901330947876
Partial simulation consumes time: 0.4134242534637451
Partial simulation consumes time: 0.40913939476013184
Partial simulation consumes time: 0.3693535327911377
Partial simulation consumes time: 0.428558349609375
Partial simulation consumes time: 0.7727663516998291
Partial simulation consumes time: 0.4078943729400635
Partial simulation consumes time: 0.36551475524902344
Partial simulation consumes time: 0.4147152900695801
Partial simulation consumes time: 0.4294877052307129
Partial simulation consumes time: 0.416534423828125
Partial simulation consumes time: 0.4090311527252197
Partial simulation consumes time: 0.3881068229675293
Partial simulation consumes time: 0.3577444553375244
Partial simulation consumes time: 0.3512091636657715
Partial simulation consumes time: 0.4318404197692871
Partial simulation consumes time: 0.4286386966705322
Partial simulation consumes time: 0.443131685256958
Partial simulation consumes time: 0.42446374893188477
Partial simulation consumes time: 0.42226552963256836
Partial simulation consumes time: 0.41674041748046875
Partial simulation consumes time: 0.4082951545715332
Partial simulation consumes time: 0.42132115364074707
Partial simulation consumes time: 0.3851296901702881
Partial simulation consumes time: 0.44131040573120117
Partial simulation consumes time: 0.4087352752685547
Partial simulation consumes time: 0.39980435371398926
Partial simulation consumes time: 0.4333376884460449
Partial simulation consumes time: 0.4456474781036377
Partial simulation consumes time: 0.45033812522888184
Partial simulation consumes time: 0.37708616256713867
Partial simulation consumes time: 0.4404623508453369
Partial simulation consumes time: 0.3973827362060547
Partial simulation consumes time: 0.3763389587402344
Partial simulation consumes time: 0.44672513008117676
Partial simulation consumes time: 0.45285511016845703
Partial simulation consumes time: 0.36136960983276367
Partial simulation consumes time: 0.12016081809997559
Partial simulation consumes time: 0.1334540843963623
Partial simulation consumes time: 0.11290240287780762
Partial simulation consumes time: 0.10885000228881836
Partial simulation consumes time: 0.11237359046936035
Partial simulation consumes time: 0.13475751876831055
Partial simulation consumes time: 0.11459803581237793
Partial simulation consumes time: 0.1409590244293213
Partial simulation consumes time: 0.10937762260437012
Partial simulation consumes time: 0.1113886833190918
Partial simulation consumes time: 0.13330793380737305
Partial simulation consumes time: 0.14801573753356934
Partial simulation consumes time: 0.10859560966491699
Partial simulation consumes time: 0.11709785461425781
Partial simulation consumes time: 0.11577200889587402
Partial simulation consumes time: 0.11163043975830078
Partial simulation consumes time: 0.11861276626586914
Partial simulation consumes time: 0.11410832405090332
Partial simulation consumes time: 0.11432051658630371
Partial simulation consumes time: 0.12108039855957031
Partial simulation consumes time: 0.1202690601348877
Partial simulation consumes time: 0.13475346565246582
Partial simulation consumes time: 0.1164238452911377
Partial simulation consumes time: 0.11159276962280273
Partial simulation consumes time: 0.12064599990844727
Partial simulation consumes time: 0.11414003372192383
Partial simulation consumes time: 0.11453104019165039
Partial simulation consumes time: 0.11343502998352051
Partial simulation consumes time: 0.11360621452331543
Partial simulation consumes time: 0.12832188606262207
Partial simulation consumes time: 0.12514376640319824
Partial simulation consumes time: 0.12828350067138672
Partial simulation consumes time: 0.10905265808105469
Partial simulation consumes time: 0.13752150535583496
Partial simulation consumes time: 0.12700986862182617
Partial simulation consumes time: 0.12758851051330566
Partial simulation consumes time: 0.15007972717285156
Partial simulation consumes time: 0.12996315956115723
Partial simulation consumes time: 0.13719677925109863
Partial simulation consumes time: 0.11640620231628418
Partial simulation consumes time: 0.12473821640014648
Partial simulation consumes time: 0.12459468841552734
Partial simulation consumes time: 0.11774706840515137
Partial simulation consumes time: 0.11753082275390625
Partial simulation consumes time: 0.11784219741821289
Partial simulation consumes time: 0.11190629005432129
Partial simulation consumes time: 0.11783218383789062
Partial simulation consumes time: 0.136305570602417
Partial simulation consumes time: 0.11578941345214844
Partial simulation consumes time: 0.11920428276062012
Partial simulation consumes time: 0.11662673950195312
Partial simulation consumes time: 0.11779522895812988
Partial simulation consumes time: 0.14605450630187988
Partial simulation consumes time: 0.12234783172607422
Partial simulation consumes time: 0.1253044605255127
Partial simulation consumes time: 0.13605761528015137
Partial simulation consumes time: 0.13168740272521973
Partial simulation consumes time: 0.14636468887329102
Partial simulation consumes time: 0.1408979892730713
Partial simulation consumes time: 0.13133478164672852
Partial simulation consumes time: 0.12108492851257324
Partial simulation consumes time: 0.1170661449432373
Partial simulation consumes time: 0.13266658782958984
Partial simulation consumes time: 0.12683629989624023
Partial simulation consumes time: 0.09717822074890137
Partial simulation consumes time: 0.09451007843017578
Partial simulation consumes time: 0.10802316665649414
Partial simulation consumes time: 0.09606695175170898
Partial simulation consumes time: 0.09581899642944336
Partial simulation consumes time: 0.09902167320251465
Partial simulation consumes time: 0.1052088737487793
Partial simulation consumes time: 0.09075808525085449
Partial simulation consumes time: 0.09422802925109863
Partial simulation consumes time: 0.08998584747314453
Partial simulation consumes time: 0.09204936027526855
Partial simulation consumes time: 0.09213852882385254
Partial simulation consumes time: 0.10039806365966797
Partial simulation consumes time: 0.10610008239746094
Partial simulation consumes time: 0.09059619903564453
Partial simulation consumes time: 0.09685993194580078
Partial simulation consumes time: 0.09522247314453125
Partial simulation consumes time: 0.10694456100463867
Partial simulation consumes time: 0.10067415237426758
Partial simulation consumes time: 0.10544109344482422
Partial simulation consumes time: 0.10547399520874023
Partial simulation consumes time: 0.09608078002929688
Partial simulation consumes time: 0.08931493759155273
Partial simulation consumes time: 0.09161949157714844
Partial simulation consumes time: 0.0925588607788086
Partial simulation consumes time: 0.09551692008972168
Partial simulation consumes time: 0.09248661994934082
Partial simulation consumes time: 0.0936894416809082
Partial simulation consumes time: 0.09746789932250977
Partial simulation consumes time: 0.09145951271057129
Partial simulation consumes time: 0.09839034080505371
Partial simulation consumes time: 0.09500718116760254
Partial simulation consumes time: 0.09668874740600586
Partial simulation consumes time: 0.10901927947998047
Partial simulation consumes time: 0.09903144836425781
Partial simulation consumes time: 0.0974264144897461
Partial simulation consumes time: 0.09832382202148438
Partial simulation consumes time: 0.09526205062866211
Partial simulation consumes time: 0.09156036376953125
Partial simulation consumes time: 0.10198259353637695
Partial simulation consumes time: 0.10814476013183594
Partial simulation consumes time: 0.0905306339263916
Partial simulation consumes time: 0.09146785736083984
Partial simulation consumes time: 0.0973198413848877
Partial simulation consumes time: 0.08995604515075684
Partial simulation consumes time: 0.09608983993530273
Partial simulation consumes time: 0.11088085174560547
Partial simulation consumes time: 0.09289312362670898
Partial simulation consumes time: 0.0974433422088623
Partial simulation consumes time: 0.09742403030395508
Partial simulation consumes time: 0.09829950332641602
Partial simulation consumes time: 0.09364128112792969
Partial simulation consumes time: 0.09283137321472168
Partial simulation consumes time: 0.10058951377868652
Partial simulation consumes time: 0.08874940872192383
Partial simulation consumes time: 0.09112119674682617
Partial simulation consumes time: 0.09242129325866699
Partial simulation consumes time: 0.08926248550415039
Partial simulation consumes time: 0.09737181663513184
Partial simulation consumes time: 0.09909534454345703
Partial simulation consumes time: 0.09124994277954102
Partial simulation consumes time: 0.09656190872192383
Partial simulation consumes time: 0.09458637237548828
Partial simulation consumes time: 0.10061097145080566
Partial simulation consumes time: 0.24372053146362305
Partial simulation consumes time: 0.22667431831359863
Partial simulation consumes time: 0.30939626693725586
Partial simulation consumes time: 0.22956466674804688
Partial simulation consumes time: 0.24343013763427734
Partial simulation consumes time: 0.2208423614501953
Partial simulation consumes time: 0.2351536750793457
Partial simulation consumes time: 0.22477459907531738
Partial simulation consumes time: 0.24090194702148438
Partial simulation consumes time: 0.2335367202758789
Partial simulation consumes time: 0.2184617519378662
Partial simulation consumes time: 0.22158455848693848
Partial simulation consumes time: 0.2233717441558838
Partial simulation consumes time: 0.20679450035095215
Partial simulation consumes time: 0.20706391334533691
Partial simulation consumes time: 0.21897387504577637
Partial simulation consumes time: 0.22496891021728516
Partial simulation consumes time: 0.21807360649108887
Partial simulation consumes time: 0.22000765800476074
Partial simulation consumes time: 0.24793052673339844
Partial simulation consumes time: 0.2232966423034668
Partial simulation consumes time: 0.2149195671081543
Partial simulation consumes time: 0.216414213180542
Partial simulation consumes time: 0.2220778465270996
Partial simulation consumes time: 0.2152700424194336
Partial simulation consumes time: 0.22159481048583984
Partial simulation consumes time: 0.21737337112426758
Partial simulation consumes time: 0.2145218849182129
Partial simulation consumes time: 0.23310542106628418
Partial simulation consumes time: 0.23316645622253418
Partial simulation consumes time: 0.21552705764770508
Partial simulation consumes time: 0.2114567756652832
Partial simulation consumes time: 0.2118823528289795
Partial simulation consumes time: 0.20584321022033691
Partial simulation consumes time: 0.22416973114013672
Partial simulation consumes time: 0.24588465690612793
Partial simulation consumes time: 0.2386472225189209
Partial simulation consumes time: 0.2221841812133789
Partial simulation consumes time: 0.2164745330810547
Partial simulation consumes time: 0.2291414737701416
Partial simulation consumes time: 0.21982860565185547
Partial simulation consumes time: 0.2146155834197998
Partial simulation consumes time: 0.2077028751373291
Partial simulation consumes time: 0.21586942672729492
Partial simulation consumes time: 0.22034788131713867
Partial simulation consumes time: 0.2342076301574707
Partial simulation consumes time: 0.22054004669189453
Partial simulation consumes time: 0.23701119422912598
Partial simulation consumes time: 0.23604249954223633
Partial simulation consumes time: 0.21614980697631836
Partial simulation consumes time: 0.2173168659210205
Partial simulation consumes time: 0.22953486442565918
Partial simulation consumes time: 0.23328113555908203
Partial simulation consumes time: 0.21769952774047852
Partial simulation consumes time: 0.23452067375183105
Partial simulation consumes time: 0.23428821563720703
Partial simulation consumes time: 0.22057819366455078
Partial simulation consumes time: 0.21975255012512207
Partial simulation consumes time: 0.21396398544311523
Partial simulation consumes time: 0.21980071067810059
Partial simulation consumes time: 0.20730972290039062
Partial simulation consumes time: 0.217315673828125
Partial simulation consumes time: 0.21669411659240723
Partial simulation consumes time: 0.21618318557739258
Partial simulation consumes time: 0.21300053596496582
Partial simulation consumes time: 0.20430707931518555
Partial simulation consumes time: 0.23048996925354004
Partial simulation consumes time: 0.20244932174682617
Partial simulation consumes time: 0.23355960845947266
Partial simulation consumes time: 0.20040321350097656
Partial simulation consumes time: 0.20788812637329102
Partial simulation consumes time: 0.18999838829040527
Partial simulation consumes time: 0.20378684997558594
Partial simulation consumes time: 0.21153664588928223
Partial simulation consumes time: 0.2187180519104004
Partial simulation consumes time: 0.18750524520874023
Partial simulation consumes time: 0.228255033493042
Partial simulation consumes time: 0.17858624458312988
Partial simulation consumes time: 0.21880364418029785
Partial simulation consumes time: 0.21120071411132812
Partial simulation consumes time: 0.21347308158874512
Partial simulation consumes time: 0.19945883750915527
Partial simulation consumes time: 0.17819428443908691
Partial simulation consumes time: 0.2254331111907959
Partial simulation consumes time: 0.21943283081054688
Partial simulation consumes time: 0.20940756797790527
Partial simulation consumes time: 0.22762203216552734
Partial simulation consumes time: 0.2062232494354248
Partial simulation consumes time: 0.21164417266845703
Partial simulation consumes time: 0.21777915954589844
Partial simulation consumes time: 0.2057652473449707
Partial simulation consumes time: 0.17028498649597168
Partial simulation consumes time: 0.17643499374389648
Partial simulation consumes time: 0.2070157527923584
Partial simulation consumes time: 0.2197256088256836
Partial simulation consumes time: 0.2064530849456787
Partial simulation consumes time: 0.21694612503051758
Partial simulation consumes time: 0.20893192291259766
Partial simulation consumes time: 0.17670106887817383
Partial simulation consumes time: 0.1739959716796875
Partial simulation consumes time: 0.17627549171447754
Partial simulation consumes time: 0.22368621826171875
Partial simulation consumes time: 0.20467925071716309
Partial simulation consumes time: 0.20579314231872559
Partial simulation consumes time: 0.2003917694091797
Partial simulation consumes time: 0.17625665664672852
Partial simulation consumes time: 0.17621397972106934
Partial simulation consumes time: 0.17729854583740234
Partial simulation consumes time: 0.21086621284484863
Partial simulation consumes time: 0.17614054679870605
Partial simulation consumes time: 0.17301011085510254
Partial simulation consumes time: 0.19598746299743652
Partial simulation consumes time: 0.20641589164733887
Partial simulation consumes time: 0.1769552230834961
Partial simulation consumes time: 0.18327975273132324
Partial simulation consumes time: 0.20087361335754395
Partial simulation consumes time: 0.21056771278381348
Partial simulation consumes time: 0.20000481605529785
Partial simulation consumes time: 0.21410298347473145
Partial simulation consumes time: 0.21417546272277832
Partial simulation consumes time: 0.22194910049438477
Partial simulation consumes time: 0.2021956443786621
Partial simulation consumes time: 0.1852130889892578
Partial simulation consumes time: 0.20718097686767578
Partial simulation consumes time: 0.20293974876403809
Partial simulation consumes time: 0.20783114433288574
Partial simulation consumes time: 0.17127776145935059
Partial simulation consumes time: 0.21178412437438965
Partial simulation consumes time: 0.03564786911010742
Partial simulation consumes time: 0.034735918045043945
Partial simulation consumes time: 0.031973838806152344
Partial simulation consumes time: 0.03313136100769043
Partial simulation consumes time: 0.03195524215698242
Partial simulation consumes time: 0.03619074821472168
Partial simulation consumes time: 0.030841588973999023
Partial simulation consumes time: 0.03246355056762695
Partial simulation consumes time: 0.03183150291442871
Partial simulation consumes time: 0.032605886459350586
Partial simulation consumes time: 0.03293490409851074
Partial simulation consumes time: 0.0336916446685791
Partial simulation consumes time: 0.03357386589050293
Partial simulation consumes time: 0.031965017318725586
Partial simulation consumes time: 0.03194737434387207
Partial simulation consumes time: 0.0309903621673584
Partial simulation consumes time: 0.031850337982177734
Partial simulation consumes time: 0.02970433235168457
Partial simulation consumes time: 0.03355073928833008
Partial simulation consumes time: 0.0339052677154541
Partial simulation consumes time: 0.03280019760131836
Partial simulation consumes time: 0.03369426727294922
Partial simulation consumes time: 0.03844499588012695
Partial simulation consumes time: 0.030048608779907227
Partial simulation consumes time: 0.0307464599609375
Partial simulation consumes time: 0.0432124137878418
Partial simulation consumes time: 0.03131699562072754
Partial simulation consumes time: 0.03595304489135742
Partial simulation consumes time: 0.03225541114807129
Partial simulation consumes time: 0.03031754493713379
Partial simulation consumes time: 0.028836727142333984
Partial simulation consumes time: 0.031080245971679688
Partial simulation consumes time: 0.034269094467163086
Partial simulation consumes time: 0.031746864318847656
Partial simulation consumes time: 0.031435251235961914
Partial simulation consumes time: 0.03104710578918457
Partial simulation consumes time: 0.030810117721557617
Partial simulation consumes time: 0.029690265655517578
Partial simulation consumes time: 0.03165555000305176
Partial simulation consumes time: 0.03145742416381836
Partial simulation consumes time: 0.030600786209106445
Partial simulation consumes time: 0.029841184616088867
Partial simulation consumes time: 0.0308382511138916
Partial simulation consumes time: 0.02933478355407715
Partial simulation consumes time: 0.03017425537109375
Partial simulation consumes time: 0.03450918197631836
Partial simulation consumes time: 0.0317378044128418
Partial simulation consumes time: 0.04042410850524902
Partial simulation consumes time: 0.05108976364135742
Partial simulation consumes time: 0.031827449798583984
Partial simulation consumes time: 0.032060861587524414
Partial simulation consumes time: 0.0316159725189209
Partial simulation consumes time: 0.030918359756469727
Partial simulation consumes time: 0.03181195259094238
Partial simulation consumes time: 0.030375242233276367
Partial simulation consumes time: 0.03014063835144043
Partial simulation consumes time: 0.03442502021789551
Partial simulation consumes time: 0.03323245048522949
Partial simulation consumes time: 0.03443026542663574
Partial simulation consumes time: 0.03535175323486328
Partial simulation consumes time: 0.04002237319946289
Partial simulation consumes time: 0.033385276794433594
Partial simulation consumes time: 0.042546987533569336
Partial simulation consumes time: 0.03179621696472168
Qdao runs:	251.73565936088562
_initialize	4.849622488021851
_preprocess	29.98923683166504
_postprocess	58.12560033798218
_run	246.85647535324097
load_sv	29.603479862213135
store_sv	58.106799602508545
Quafu runs:	150.0608537197113
.

================= 1 passed, 11 deselected in 404.15s (0:06:44) =================
