============================= test session starts ==============================
platform linux -- Python 3.10.6, pytest-7.2.0, pluggy-1.0.0
rootdir: /root/projects/qcs
collected 12 items / 11 deselected / 1 selected

tst/qdao/engine.py 
::::::::::::::::::Config::::::::::::::::::

NQ::	23
NP::	17
NL::	9
D::	20

::::::::::::::::::Config::::::::::::::::::


:::Reusing existing bench:::::/root/projects/qcs/qdao/benchmarks/qasm/random_23_20_max_operands_2_gen.qasm::::::::

Partial simulation consumes time: 0.014683961868286133
Partial simulation consumes time: 0.014550447463989258
Partial simulation consumes time: 0.014475822448730469
Partial simulation consumes time: 0.014779329299926758
Partial simulation consumes time: 0.014549016952514648
Partial simulation consumes time: 0.01842641830444336
Partial simulation consumes time: 0.014548540115356445
Partial simulation consumes time: 0.014354944229125977
Partial simulation consumes time: 0.014283180236816406
Partial simulation consumes time: 0.014508724212646484
Partial simulation consumes time: 0.014503002166748047
Partial simulation consumes time: 0.01593780517578125
Partial simulation consumes time: 0.01401209831237793
Partial simulation consumes time: 0.014446020126342773
Partial simulation consumes time: 0.014838933944702148
Partial simulation consumes time: 0.016329526901245117
Partial simulation consumes time: 0.014442682266235352
Partial simulation consumes time: 0.01577925682067871
Partial simulation consumes time: 0.01459813117980957
Partial simulation consumes time: 0.01833343505859375
Partial simulation consumes time: 0.01428532600402832
Partial simulation consumes time: 0.013637542724609375
Partial simulation consumes time: 0.014613628387451172
Partial simulation consumes time: 0.0144500732421875
Partial simulation consumes time: 0.017874717712402344
Partial simulation consumes time: 0.014470100402832031
Partial simulation consumes time: 0.014507770538330078
Partial simulation consumes time: 0.014661550521850586
Partial simulation consumes time: 0.014462947845458984
Partial simulation consumes time: 0.014063835144042969
Partial simulation consumes time: 0.016330718994140625
Partial simulation consumes time: 0.014485597610473633
Partial simulation consumes time: 0.014430761337280273
Partial simulation consumes time: 0.014223814010620117
Partial simulation consumes time: 0.014829158782958984
Partial simulation consumes time: 0.014381170272827148
Partial simulation consumes time: 0.014652490615844727
Partial simulation consumes time: 0.014422893524169922
Partial simulation consumes time: 0.014531373977661133
Partial simulation consumes time: 0.01468515396118164
Partial simulation consumes time: 0.01434183120727539
Partial simulation consumes time: 0.014677047729492188
Partial simulation consumes time: 0.01691913604736328
Partial simulation consumes time: 0.016963720321655273
Partial simulation consumes time: 0.020653247833251953
Partial simulation consumes time: 0.014507293701171875
Partial simulation consumes time: 0.015382766723632812
Partial simulation consumes time: 0.014298677444458008
Partial simulation consumes time: 0.014448404312133789
Partial simulation consumes time: 0.013551473617553711
Partial simulation consumes time: 0.014532804489135742
Partial simulation consumes time: 0.015479326248168945
Partial simulation consumes time: 0.013806343078613281
Partial simulation consumes time: 0.014338016510009766
Partial simulation consumes time: 0.014502286911010742
Partial simulation consumes time: 0.01628589630126953
Partial simulation consumes time: 0.014368772506713867
Partial simulation consumes time: 0.014284610748291016
Partial simulation consumes time: 0.013594627380371094
Partial simulation consumes time: 0.014150619506835938
Partial simulation consumes time: 0.014357566833496094
Partial simulation consumes time: 0.013800382614135742
Partial simulation consumes time: 0.015676498413085938
Partial simulation consumes time: 0.02232837677001953
Partial simulation consumes time: 0.011165380477905273
Partial simulation consumes time: 0.011119842529296875
Partial simulation consumes time: 0.011011600494384766
Partial simulation consumes time: 0.012821435928344727
Partial simulation consumes time: 0.011544466018676758
Partial simulation consumes time: 0.010882139205932617
Partial simulation consumes time: 0.011006832122802734
Partial simulation consumes time: 0.011857032775878906
Partial simulation consumes time: 0.011165380477905273
Partial simulation consumes time: 0.011388778686523438
Partial simulation consumes time: 0.010875940322875977
Partial simulation consumes time: 0.011600017547607422
Partial simulation consumes time: 0.011248588562011719
Partial simulation consumes time: 0.011681795120239258
Partial simulation consumes time: 0.011510848999023438
Partial simulation consumes time: 0.011399030685424805
Partial simulation consumes time: 0.011131763458251953
Partial simulation consumes time: 0.011335611343383789
Partial simulation consumes time: 0.011380672454833984
Partial simulation consumes time: 0.010970592498779297
Partial simulation consumes time: 0.010969161987304688
Partial simulation consumes time: 0.010830163955688477
Partial simulation consumes time: 0.011300325393676758
Partial simulation consumes time: 0.01193857192993164
Partial simulation consumes time: 0.011593103408813477
Partial simulation consumes time: 0.011758089065551758
Partial simulation consumes time: 0.01169896125793457
Partial simulation consumes time: 0.011562585830688477
Partial simulation consumes time: 0.011500358581542969
Partial simulation consumes time: 0.012531518936157227
Partial simulation consumes time: 0.010932683944702148
Partial simulation consumes time: 0.012661933898925781
Partial simulation consumes time: 0.010771512985229492
Partial simulation consumes time: 0.011518239974975586
Partial simulation consumes time: 0.011461734771728516
Partial simulation consumes time: 0.011526823043823242
Partial simulation consumes time: 0.011442899703979492
Partial simulation consumes time: 0.011380910873413086
Partial simulation consumes time: 0.012879371643066406
Partial simulation consumes time: 0.011352062225341797
Partial simulation consumes time: 0.011009693145751953
Partial simulation consumes time: 0.012186288833618164
Partial simulation consumes time: 0.011291980743408203
Partial simulation consumes time: 0.011592388153076172
Partial simulation consumes time: 0.011637210845947266
Partial simulation consumes time: 0.011433601379394531
Partial simulation consumes time: 0.0130615234375
Partial simulation consumes time: 0.01193547248840332
Partial simulation consumes time: 0.010934829711914062
Partial simulation consumes time: 0.011118650436401367
Partial simulation consumes time: 0.01114034652709961
Partial simulation consumes time: 0.010892152786254883
Partial simulation consumes time: 0.01502680778503418
Partial simulation consumes time: 0.011511564254760742
Partial simulation consumes time: 0.015347003936767578
Partial simulation consumes time: 0.010969161987304688
Partial simulation consumes time: 0.011377334594726562
Partial simulation consumes time: 0.010869264602661133
Partial simulation consumes time: 0.011456012725830078
Partial simulation consumes time: 0.015069961547851562
Partial simulation consumes time: 0.011549711227416992
Partial simulation consumes time: 0.011009454727172852
Partial simulation consumes time: 0.010990619659423828
Partial simulation consumes time: 0.013108968734741211
Partial simulation consumes time: 0.015017509460449219
Partial simulation consumes time: 0.013613462448120117
Partial simulation consumes time: 0.014030218124389648
Partial simulation consumes time: 0.013952493667602539
Partial simulation consumes time: 0.013785600662231445
Partial simulation consumes time: 0.014826774597167969
Partial simulation consumes time: 0.014017820358276367
Partial simulation consumes time: 0.013813257217407227
Partial simulation consumes time: 0.013762950897216797
Partial simulation consumes time: 0.014740228652954102
Partial simulation consumes time: 0.014298439025878906
Partial simulation consumes time: 0.01408529281616211
Partial simulation consumes time: 0.013849496841430664
Partial simulation consumes time: 0.014690637588500977
Partial simulation consumes time: 0.0189056396484375
Partial simulation consumes time: 0.014896392822265625
Partial simulation consumes time: 0.013982772827148438
Partial simulation consumes time: 0.014612674713134766
Partial simulation consumes time: 0.013743877410888672
Partial simulation consumes time: 0.013864278793334961
Partial simulation consumes time: 0.015139579772949219
Partial simulation consumes time: 0.42597126960754395
Partial simulation consumes time: 0.015308380126953125
Partial simulation consumes time: 0.01395273208618164
Partial simulation consumes time: 0.013542652130126953
Partial simulation consumes time: 0.014088869094848633
Partial simulation consumes time: 0.013934612274169922
Partial simulation consumes time: 0.014843225479125977
Partial simulation consumes time: 0.013859272003173828
Partial simulation consumes time: 0.014034509658813477
Partial simulation consumes time: 0.014307975769042969
Partial simulation consumes time: 0.013940811157226562
Partial simulation consumes time: 0.013803958892822266
Partial simulation consumes time: 0.013825178146362305
Partial simulation consumes time: 0.014123916625976562
Partial simulation consumes time: 0.014079093933105469
Partial simulation consumes time: 0.013994216918945312
Partial simulation consumes time: 0.014084339141845703
Partial simulation consumes time: 0.013881206512451172
Partial simulation consumes time: 0.013749122619628906
Partial simulation consumes time: 0.01494455337524414
Partial simulation consumes time: 0.01398158073425293
Partial simulation consumes time: 0.014397144317626953
Partial simulation consumes time: 0.01392674446105957
Partial simulation consumes time: 0.014433622360229492
Partial simulation consumes time: 0.013958930969238281
Partial simulation consumes time: 0.014078617095947266
Partial simulation consumes time: 0.013749122619628906
Partial simulation consumes time: 0.020656824111938477
Partial simulation consumes time: 0.014428853988647461
Partial simulation consumes time: 0.01454782485961914
Partial simulation consumes time: 0.014817476272583008
Partial simulation consumes time: 0.014490365982055664
Partial simulation consumes time: 0.014012813568115234
Partial simulation consumes time: 0.014448404312133789
Partial simulation consumes time: 0.014420509338378906
Partial simulation consumes time: 0.013905048370361328
Partial simulation consumes time: 0.015365839004516602
Partial simulation consumes time: 0.014132261276245117
Partial simulation consumes time: 0.014566898345947266
Partial simulation consumes time: 0.014887809753417969
Partial simulation consumes time: 0.014593124389648438
Partial simulation consumes time: 0.017330646514892578
Partial simulation consumes time: 0.013927698135375977
Partial simulation consumes time: 0.015531063079833984
Partial simulation consumes time: 0.01620173454284668
Partial simulation consumes time: 0.015649080276489258
Partial simulation consumes time: 0.014220237731933594
Partial simulation consumes time: 0.015544652938842773
Partial simulation consumes time: 0.014988899230957031
Partial simulation consumes time: 0.015711307525634766
Partial simulation consumes time: 0.01574087142944336
Partial simulation consumes time: 0.015108585357666016
Partial simulation consumes time: 0.014027833938598633
Partial simulation consumes time: 0.014142513275146484
Partial simulation consumes time: 0.014251470565795898
Partial simulation consumes time: 0.014125585556030273
Partial simulation consumes time: 0.014311790466308594
Partial simulation consumes time: 0.01459050178527832
Partial simulation consumes time: 0.01669478416442871
Partial simulation consumes time: 0.014627695083618164
Partial simulation consumes time: 0.014198541641235352
Partial simulation consumes time: 0.015376806259155273
Partial simulation consumes time: 0.01414036750793457
Partial simulation consumes time: 0.014964103698730469
Partial simulation consumes time: 0.014251947402954102
Partial simulation consumes time: 0.01423954963684082
Partial simulation consumes time: 0.015612602233886719
Partial simulation consumes time: 0.01535487174987793
Partial simulation consumes time: 0.016170024871826172
Partial simulation consumes time: 0.017259836196899414
Partial simulation consumes time: 0.016566753387451172
Partial simulation consumes time: 0.0172116756439209
Partial simulation consumes time: 0.014363288879394531
Partial simulation consumes time: 0.014404058456420898
Partial simulation consumes time: 0.018366098403930664
Partial simulation consumes time: 0.014242172241210938
Partial simulation consumes time: 0.014256477355957031
Partial simulation consumes time: 0.019559144973754883
Partial simulation consumes time: 0.016317367553710938
Partial simulation consumes time: 0.015909194946289062
Partial simulation consumes time: 0.014187335968017578
Partial simulation consumes time: 0.014607429504394531
Partial simulation consumes time: 0.014379501342773438
Partial simulation consumes time: 0.016170501708984375
Partial simulation consumes time: 0.014341592788696289
Partial simulation consumes time: 0.016519784927368164
Partial simulation consumes time: 0.015628576278686523
Partial simulation consumes time: 0.016197681427001953
Partial simulation consumes time: 0.01767563819885254
Partial simulation consumes time: 0.01633930206298828
Partial simulation consumes time: 0.016891002655029297
Partial simulation consumes time: 0.01533055305480957
Partial simulation consumes time: 0.016343355178833008
Partial simulation consumes time: 0.016786575317382812
Partial simulation consumes time: 0.01580953598022461
Partial simulation consumes time: 0.014243364334106445
Partial simulation consumes time: 0.015278339385986328
Partial simulation consumes time: 0.016623258590698242
Partial simulation consumes time: 0.014470815658569336
Partial simulation consumes time: 0.016131877899169922
Partial simulation consumes time: 0.015347003936767578
Partial simulation consumes time: 0.016094684600830078
Partial simulation consumes time: 0.01832103729248047
Partial simulation consumes time: 0.016192197799682617
Partial simulation consumes time: 0.014250755310058594
Partial simulation consumes time: 0.014094352722167969
Partial simulation consumes time: 0.01684737205505371
Partial simulation consumes time: 0.02340102195739746
Partial simulation consumes time: 0.02176690101623535
Partial simulation consumes time: 0.018938302993774414
Partial simulation consumes time: 0.01950860023498535
Partial simulation consumes time: 0.024511098861694336
Partial simulation consumes time: 0.01876544952392578
Partial simulation consumes time: 0.022193431854248047
Partial simulation consumes time: 0.021205425262451172
Partial simulation consumes time: 0.02338266372680664
Partial simulation consumes time: 0.02343463897705078
Partial simulation consumes time: 0.02238321304321289
Partial simulation consumes time: 0.02254462242126465
Partial simulation consumes time: 0.023044586181640625
Partial simulation consumes time: 0.022149085998535156
Partial simulation consumes time: 0.02260756492614746
Partial simulation consumes time: 0.022992610931396484
Partial simulation consumes time: 0.022089004516601562
Partial simulation consumes time: 0.023418426513671875
Partial simulation consumes time: 0.02062249183654785
Partial simulation consumes time: 0.020480871200561523
Partial simulation consumes time: 0.018125534057617188
Partial simulation consumes time: 0.018525362014770508
Partial simulation consumes time: 0.018538713455200195
Partial simulation consumes time: 0.01946544647216797
Partial simulation consumes time: 0.018325328826904297
Partial simulation consumes time: 0.019518136978149414
Partial simulation consumes time: 0.018839359283447266
Partial simulation consumes time: 0.01965618133544922
Partial simulation consumes time: 0.01962876319885254
Partial simulation consumes time: 0.01886725425720215
Partial simulation consumes time: 0.020473241806030273
Partial simulation consumes time: 0.019844770431518555
Partial simulation consumes time: 0.020241498947143555
Partial simulation consumes time: 0.018969297409057617
Partial simulation consumes time: 0.01899266242980957
Partial simulation consumes time: 0.01835322380065918
Partial simulation consumes time: 0.01905345916748047
Partial simulation consumes time: 0.01936507225036621
Partial simulation consumes time: 0.019133567810058594
Partial simulation consumes time: 0.01884150505065918
Partial simulation consumes time: 0.01903057098388672
Partial simulation consumes time: 0.0198514461517334
Partial simulation consumes time: 0.020087718963623047
Partial simulation consumes time: 0.01979851722717285
Partial simulation consumes time: 0.018790483474731445
Partial simulation consumes time: 0.019118070602416992
Partial simulation consumes time: 0.01948690414428711
Partial simulation consumes time: 0.01892232894897461
Partial simulation consumes time: 0.018810272216796875
Partial simulation consumes time: 0.018954038619995117
Partial simulation consumes time: 0.019040822982788086
Partial simulation consumes time: 0.018733739852905273
Partial simulation consumes time: 0.018435239791870117
Partial simulation consumes time: 0.02051711082458496
Partial simulation consumes time: 0.018743515014648438
Partial simulation consumes time: 0.018532991409301758
Partial simulation consumes time: 0.01940178871154785
Partial simulation consumes time: 0.018272876739501953
Partial simulation consumes time: 0.019963502883911133
Partial simulation consumes time: 0.018987178802490234
Partial simulation consumes time: 0.018764495849609375
Partial simulation consumes time: 0.0199282169342041
Partial simulation consumes time: 0.020090103149414062
Partial simulation consumes time: 0.019852638244628906
Partial simulation consumes time: 0.01793646812438965
Partial simulation consumes time: 0.018266677856445312
Partial simulation consumes time: 0.01788926124572754
Partial simulation consumes time: 0.017965316772460938
Partial simulation consumes time: 0.01990509033203125
Partial simulation consumes time: 0.018085002899169922
Partial simulation consumes time: 0.018656253814697266
Partial simulation consumes time: 0.017901182174682617
Partial simulation consumes time: 0.017770051956176758
Partial simulation consumes time: 0.018265962600708008
Partial simulation consumes time: 0.019526958465576172
Partial simulation consumes time: 0.021351099014282227
Partial simulation consumes time: 0.01809239387512207
Partial simulation consumes time: 0.017764806747436523
Partial simulation consumes time: 0.018094301223754883
Partial simulation consumes time: 0.01794123649597168
Partial simulation consumes time: 0.017800569534301758
Partial simulation consumes time: 0.017824172973632812
Partial simulation consumes time: 0.01795363426208496
Partial simulation consumes time: 0.017940998077392578
Partial simulation consumes time: 0.0178525447845459
Partial simulation consumes time: 0.017934799194335938
Partial simulation consumes time: 0.017949342727661133
Partial simulation consumes time: 0.02016472816467285
Partial simulation consumes time: 0.01792144775390625
Partial simulation consumes time: 0.017934083938598633
Partial simulation consumes time: 0.018586397171020508
Partial simulation consumes time: 0.017783403396606445
Partial simulation consumes time: 0.020174741744995117
Partial simulation consumes time: 0.018030643463134766
Partial simulation consumes time: 0.026294708251953125
Partial simulation consumes time: 0.017833709716796875
Partial simulation consumes time: 0.01828455924987793
Partial simulation consumes time: 0.018125295639038086
Partial simulation consumes time: 0.017953872680664062
Partial simulation consumes time: 0.019479036331176758
Partial simulation consumes time: 0.01791238784790039
Partial simulation consumes time: 0.020039081573486328
Partial simulation consumes time: 0.01772308349609375
Partial simulation consumes time: 0.017819881439208984
Partial simulation consumes time: 0.01812577247619629
Partial simulation consumes time: 0.01801586151123047
Partial simulation consumes time: 0.017917871475219727
Partial simulation consumes time: 0.017767667770385742
Partial simulation consumes time: 0.01911020278930664
Partial simulation consumes time: 0.017960309982299805
Partial simulation consumes time: 0.017866849899291992
Partial simulation consumes time: 0.017943620681762695
Partial simulation consumes time: 0.017914772033691406
Partial simulation consumes time: 0.017844438552856445
Partial simulation consumes time: 0.01784801483154297
Partial simulation consumes time: 0.01774764060974121
Partial simulation consumes time: 0.01778721809387207
Partial simulation consumes time: 0.017793655395507812
Partial simulation consumes time: 0.018047094345092773
Partial simulation consumes time: 0.018572330474853516
Partial simulation consumes time: 0.01791071891784668
Partial simulation consumes time: 0.01774001121520996
Partial simulation consumes time: 0.01785874366760254
Partial simulation consumes time: 0.018123149871826172
Partial simulation consumes time: 0.01924872398376465
Partial simulation consumes time: 0.017675161361694336
Partial simulation consumes time: 0.018060922622680664
Partial simulation consumes time: 0.017886877059936523
Partial simulation consumes time: 0.008018732070922852
Partial simulation consumes time: 0.008083343505859375
Partial simulation consumes time: 0.007945775985717773
Partial simulation consumes time: 0.009159564971923828
Partial simulation consumes time: 0.007997989654541016
Partial simulation consumes time: 0.008040904998779297
Partial simulation consumes time: 0.008037090301513672
Partial simulation consumes time: 0.007938623428344727
Partial simulation consumes time: 0.009085416793823242
Partial simulation consumes time: 0.008314132690429688
Partial simulation consumes time: 0.007884502410888672
Partial simulation consumes time: 0.008024930953979492
Partial simulation consumes time: 0.007873058319091797
Partial simulation consumes time: 0.007926464080810547
Partial simulation consumes time: 0.007858037948608398
Partial simulation consumes time: 0.007868289947509766
Partial simulation consumes time: 0.008070945739746094
Partial simulation consumes time: 0.008150815963745117
Partial simulation consumes time: 0.00804901123046875
Partial simulation consumes time: 0.007976531982421875
Partial simulation consumes time: 0.008775711059570312
Partial simulation consumes time: 0.007959842681884766
Partial simulation consumes time: 0.007970333099365234
Partial simulation consumes time: 0.00785684585571289
Partial simulation consumes time: 0.007954597473144531
Partial simulation consumes time: 0.007874011993408203
Partial simulation consumes time: 0.007935523986816406
Partial simulation consumes time: 0.007990360260009766
Partial simulation consumes time: 0.007804155349731445
Partial simulation consumes time: 0.00798654556274414
Partial simulation consumes time: 0.007869243621826172
Partial simulation consumes time: 0.007764577865600586
Partial simulation consumes time: 0.007770538330078125
Partial simulation consumes time: 0.008061885833740234
Partial simulation consumes time: 0.007848978042602539
Partial simulation consumes time: 0.008047819137573242
Partial simulation consumes time: 0.007988452911376953
Partial simulation consumes time: 0.011261701583862305
Partial simulation consumes time: 0.008035421371459961
Partial simulation consumes time: 0.007945537567138672
Partial simulation consumes time: 0.008024454116821289
Partial simulation consumes time: 0.00795435905456543
Partial simulation consumes time: 0.008034467697143555
Partial simulation consumes time: 0.007987022399902344
Partial simulation consumes time: 0.007746219635009766
Partial simulation consumes time: 0.007997751235961914
Partial simulation consumes time: 0.010411262512207031
Partial simulation consumes time: 0.02481532096862793
Partial simulation consumes time: 0.009397029876708984
Partial simulation consumes time: 0.00933218002319336
Partial simulation consumes time: 0.008404970169067383
Partial simulation consumes time: 0.008084535598754883
Partial simulation consumes time: 0.007773160934448242
Partial simulation consumes time: 0.007927656173706055
Partial simulation consumes time: 0.008296728134155273
Partial simulation consumes time: 0.007906913757324219
Partial simulation consumes time: 0.008516311645507812
Partial simulation consumes time: 0.00799560546875
Partial simulation consumes time: 0.008042573928833008
Partial simulation consumes time: 0.008001565933227539
Partial simulation consumes time: 0.007974863052368164
Partial simulation consumes time: 0.007989883422851562
Partial simulation consumes time: 0.00812673568725586
Partial simulation consumes time: 0.007924795150756836
Partial simulation consumes time: 0.01483154296875
Partial simulation consumes time: 0.016353607177734375
Partial simulation consumes time: 0.015380382537841797
Partial simulation consumes time: 0.015999555587768555
Partial simulation consumes time: 0.01759624481201172
Partial simulation consumes time: 0.015088319778442383
Partial simulation consumes time: 0.014533281326293945
Partial simulation consumes time: 0.014513492584228516
Partial simulation consumes time: 0.016609907150268555
Partial simulation consumes time: 0.01685953140258789
Partial simulation consumes time: 0.01584172248840332
Partial simulation consumes time: 0.016561031341552734
Partial simulation consumes time: 0.016498327255249023
Partial simulation consumes time: 0.01459956169128418
Partial simulation consumes time: 0.01569223403930664
Partial simulation consumes time: 0.017769575119018555
Partial simulation consumes time: 0.016478538513183594
Partial simulation consumes time: 0.016232967376708984
Partial simulation consumes time: 0.016216754913330078
Partial simulation consumes time: 0.01538848876953125
Partial simulation consumes time: 0.014926671981811523
Partial simulation consumes time: 0.01651597023010254
Partial simulation consumes time: 0.014502525329589844
Partial simulation consumes time: 0.014479875564575195
Partial simulation consumes time: 0.015827655792236328
Partial simulation consumes time: 0.0186767578125
Partial simulation consumes time: 0.018125057220458984
Partial simulation consumes time: 0.015099287033081055
Partial simulation consumes time: 0.014986276626586914
Partial simulation consumes time: 0.014895200729370117
Partial simulation consumes time: 0.01454615592956543
Partial simulation consumes time: 0.01558685302734375
Partial simulation consumes time: 0.015600442886352539
Partial simulation consumes time: 0.015269279479980469
Partial simulation consumes time: 0.014506340026855469
Partial simulation consumes time: 0.01619863510131836
Partial simulation consumes time: 0.01880478858947754
Partial simulation consumes time: 0.015490531921386719
Partial simulation consumes time: 0.025139570236206055
Partial simulation consumes time: 0.020415544509887695
Partial simulation consumes time: 0.019291400909423828
Partial simulation consumes time: 0.01730489730834961
Partial simulation consumes time: 0.018881797790527344
Partial simulation consumes time: 0.018385887145996094
Partial simulation consumes time: 0.018186330795288086
Partial simulation consumes time: 0.020876407623291016
Partial simulation consumes time: 0.01891183853149414
Partial simulation consumes time: 0.015674352645874023
Partial simulation consumes time: 0.01443934440612793
Partial simulation consumes time: 0.01621866226196289
Partial simulation consumes time: 0.01656174659729004
Partial simulation consumes time: 0.015878915786743164
Partial simulation consumes time: 0.015048027038574219
Partial simulation consumes time: 0.015381574630737305
Partial simulation consumes time: 0.01718306541442871
Partial simulation consumes time: 0.014930009841918945
Partial simulation consumes time: 0.016124963760375977
Partial simulation consumes time: 0.014549016952514648
Partial simulation consumes time: 0.014684200286865234
Partial simulation consumes time: 0.014567375183105469
Partial simulation consumes time: 0.016336679458618164
Partial simulation consumes time: 0.01688385009765625
Partial simulation consumes time: 0.015372276306152344
Partial simulation consumes time: 0.016584396362304688
Partial simulation consumes time: 0.0076770782470703125
Partial simulation consumes time: 0.00777125358581543
Partial simulation consumes time: 0.00769805908203125
Partial simulation consumes time: 0.007758617401123047
Partial simulation consumes time: 0.0077478885650634766
Partial simulation consumes time: 0.007848501205444336
Partial simulation consumes time: 0.007747650146484375
Partial simulation consumes time: 0.007740497589111328
Partial simulation consumes time: 0.007730007171630859
Partial simulation consumes time: 0.008002281188964844
Partial simulation consumes time: 0.011059284210205078
Partial simulation consumes time: 0.007723569869995117
Partial simulation consumes time: 0.007825851440429688
Partial simulation consumes time: 0.007700681686401367
Partial simulation consumes time: 0.008016824722290039
Partial simulation consumes time: 0.007925271987915039
Partial simulation consumes time: 0.0076787471771240234
Partial simulation consumes time: 0.007815122604370117
Partial simulation consumes time: 0.007699251174926758
Partial simulation consumes time: 0.008988142013549805
Partial simulation consumes time: 0.00768280029296875
Partial simulation consumes time: 0.008778095245361328
Partial simulation consumes time: 0.007632732391357422
Partial simulation consumes time: 0.00783085823059082
Partial simulation consumes time: 0.0077250003814697266
Partial simulation consumes time: 0.00925302505493164
Partial simulation consumes time: 0.00824284553527832
Partial simulation consumes time: 0.008496761322021484
Partial simulation consumes time: 0.007809877395629883
Partial simulation consumes time: 0.007586002349853516
Partial simulation consumes time: 0.007831811904907227
Partial simulation consumes time: 0.00795125961303711
Partial simulation consumes time: 0.008440256118774414
Partial simulation consumes time: 0.008318662643432617
Partial simulation consumes time: 0.007689476013183594
Partial simulation consumes time: 0.0075495243072509766
Partial simulation consumes time: 0.007775783538818359
Partial simulation consumes time: 0.00824737548828125
Partial simulation consumes time: 0.007843732833862305
Partial simulation consumes time: 0.007752418518066406
Partial simulation consumes time: 0.00761866569519043
Partial simulation consumes time: 0.00791311264038086
Partial simulation consumes time: 0.007888078689575195
Partial simulation consumes time: 0.008365869522094727
Partial simulation consumes time: 0.007548332214355469
Partial simulation consumes time: 0.007870674133300781
Partial simulation consumes time: 0.007672786712646484
Partial simulation consumes time: 0.007802248001098633
Partial simulation consumes time: 0.007783651351928711
Partial simulation consumes time: 0.007889032363891602
Partial simulation consumes time: 0.008074760437011719
Partial simulation consumes time: 0.007655143737792969
Partial simulation consumes time: 0.007932901382446289
Partial simulation consumes time: 0.007688999176025391
Partial simulation consumes time: 0.0076787471771240234
Partial simulation consumes time: 0.009276628494262695
Partial simulation consumes time: 0.007819652557373047
Partial simulation consumes time: 0.007828474044799805
Partial simulation consumes time: 0.008588314056396484
Partial simulation consumes time: 0.0076258182525634766
Partial simulation consumes time: 0.007700443267822266
Partial simulation consumes time: 0.00776362419128418
Partial simulation consumes time: 0.007675647735595703
Partial simulation consumes time: 0.00782632827758789
Partial simulation consumes time: 0.019188642501831055
Partial simulation consumes time: 0.035149335861206055
Partial simulation consumes time: 0.019646167755126953
Partial simulation consumes time: 0.019368410110473633
Partial simulation consumes time: 0.019757747650146484
Partial simulation consumes time: 0.019273757934570312
Partial simulation consumes time: 0.018698453903198242
Partial simulation consumes time: 0.020342350006103516
Partial simulation consumes time: 0.01910114288330078
Partial simulation consumes time: 0.01886606216430664
Partial simulation consumes time: 0.018693923950195312
Partial simulation consumes time: 0.019156932830810547
Partial simulation consumes time: 0.01884913444519043
Partial simulation consumes time: 0.01929330825805664
Partial simulation consumes time: 0.01926136016845703
Partial simulation consumes time: 0.018861770629882812
Partial simulation consumes time: 0.020030736923217773
Partial simulation consumes time: 0.018817424774169922
Partial simulation consumes time: 0.0194854736328125
Partial simulation consumes time: 0.019075870513916016
Partial simulation consumes time: 0.01926422119140625
Partial simulation consumes time: 0.018857717514038086
Partial simulation consumes time: 0.01997685432434082
Partial simulation consumes time: 0.02096271514892578
Partial simulation consumes time: 0.01902318000793457
Partial simulation consumes time: 0.019113779067993164
Partial simulation consumes time: 0.018685340881347656
Partial simulation consumes time: 0.02280879020690918
Partial simulation consumes time: 0.01968979835510254
Partial simulation consumes time: 0.019329309463500977
Partial simulation consumes time: 0.019495487213134766
Partial simulation consumes time: 0.01929497718811035
Partial simulation consumes time: 0.018917322158813477
Partial simulation consumes time: 0.020369529724121094
Partial simulation consumes time: 0.019101619720458984
Partial simulation consumes time: 0.019872426986694336
Partial simulation consumes time: 0.019063472747802734
Partial simulation consumes time: 0.019788026809692383
Partial simulation consumes time: 0.018877506256103516
Partial simulation consumes time: 0.018857479095458984
Partial simulation consumes time: 0.01882481575012207
Partial simulation consumes time: 0.019308805465698242
Partial simulation consumes time: 0.019179821014404297
Partial simulation consumes time: 0.019614458084106445
Partial simulation consumes time: 0.01883554458618164
Partial simulation consumes time: 0.018721580505371094
Partial simulation consumes time: 0.019618988037109375
Partial simulation consumes time: 0.01870417594909668
Partial simulation consumes time: 0.0193023681640625
Partial simulation consumes time: 0.019360065460205078
Partial simulation consumes time: 0.01883697509765625
Partial simulation consumes time: 0.018945932388305664
Partial simulation consumes time: 0.019330263137817383
Partial simulation consumes time: 0.026746511459350586
Partial simulation consumes time: 0.01926136016845703
Partial simulation consumes time: 0.02020406723022461
Partial simulation consumes time: 0.019134044647216797
Partial simulation consumes time: 0.019171714782714844
Partial simulation consumes time: 0.02141714096069336
Partial simulation consumes time: 0.018705368041992188
Partial simulation consumes time: 0.01993703842163086
Partial simulation consumes time: 0.019611358642578125
Partial simulation consumes time: 0.019359588623046875
Partial simulation consumes time: 0.02357172966003418
Partial simulation consumes time: 0.017409563064575195
Partial simulation consumes time: 0.019161224365234375
Partial simulation consumes time: 0.01767706871032715
Partial simulation consumes time: 0.018938064575195312
Partial simulation consumes time: 0.01900768280029297
Partial simulation consumes time: 0.019570350646972656
Partial simulation consumes time: 0.01811385154724121
Partial simulation consumes time: 0.02132248878479004
Partial simulation consumes time: 0.01783585548400879
Partial simulation consumes time: 0.01748514175415039
Partial simulation consumes time: 0.017893552780151367
Partial simulation consumes time: 0.017813920974731445
Partial simulation consumes time: 0.01741194725036621
Partial simulation consumes time: 0.017958402633666992
Partial simulation consumes time: 0.019535064697265625
Partial simulation consumes time: 0.0200655460357666
Partial simulation consumes time: 0.031553030014038086
Partial simulation consumes time: 0.02166128158569336
Partial simulation consumes time: 0.02003335952758789
Partial simulation consumes time: 0.02169966697692871
Partial simulation consumes time: 0.020725250244140625
Partial simulation consumes time: 0.01994466781616211
Partial simulation consumes time: 0.01872539520263672
Partial simulation consumes time: 0.01997852325439453
Partial simulation consumes time: 0.01953411102294922
Partial simulation consumes time: 0.019823789596557617
Partial simulation consumes time: 0.01883721351623535
Partial simulation consumes time: 0.018610239028930664
Partial simulation consumes time: 0.017928123474121094
Partial simulation consumes time: 0.01726818084716797
Partial simulation consumes time: 0.019207000732421875
Partial simulation consumes time: 0.021634578704833984
Partial simulation consumes time: 0.019283533096313477
Partial simulation consumes time: 0.019570589065551758
Partial simulation consumes time: 0.017913341522216797
Partial simulation consumes time: 0.017822980880737305
Partial simulation consumes time: 0.019240140914916992
Partial simulation consumes time: 0.01905035972595215
Partial simulation consumes time: 0.022166967391967773
Partial simulation consumes time: 0.019962787628173828
Partial simulation consumes time: 0.01805591583251953
Partial simulation consumes time: 0.019257545471191406
Partial simulation consumes time: 0.019512653350830078
Partial simulation consumes time: 0.017365694046020508
Partial simulation consumes time: 0.020147085189819336
Partial simulation consumes time: 0.01806187629699707
Partial simulation consumes time: 0.017780065536499023
Partial simulation consumes time: 0.01780533790588379
Partial simulation consumes time: 0.01761651039123535
Partial simulation consumes time: 0.017615318298339844
Partial simulation consumes time: 0.017429590225219727
Partial simulation consumes time: 0.01920771598815918
Partial simulation consumes time: 0.02025151252746582
Partial simulation consumes time: 0.018051624298095703
Partial simulation consumes time: 0.019635915756225586
Partial simulation consumes time: 0.017737150192260742
Partial simulation consumes time: 0.019340038299560547
Partial simulation consumes time: 0.018721342086791992
Partial simulation consumes time: 0.017703771591186523
Partial simulation consumes time: 0.019931793212890625
Partial simulation consumes time: 0.01856207847595215
Partial simulation consumes time: 0.01978588104248047
Partial simulation consumes time: 0.01765894889831543
Partial simulation consumes time: 0.019072532653808594
Partial simulation consumes time: 0.006022214889526367
Partial simulation consumes time: 0.005785465240478516
Partial simulation consumes time: 0.005939006805419922
Partial simulation consumes time: 0.005914449691772461
Partial simulation consumes time: 0.0063724517822265625
Partial simulation consumes time: 0.00589442253112793
Partial simulation consumes time: 0.0058972835540771484
Partial simulation consumes time: 0.005921363830566406
Partial simulation consumes time: 0.006050586700439453
Partial simulation consumes time: 0.0058841705322265625
Partial simulation consumes time: 0.005900382995605469
Partial simulation consumes time: 0.005701541900634766
Partial simulation consumes time: 0.0060176849365234375
Partial simulation consumes time: 0.005806922912597656
Partial simulation consumes time: 0.005896091461181641
Partial simulation consumes time: 0.0059053897857666016
Partial simulation consumes time: 0.005905866622924805
Partial simulation consumes time: 0.006205320358276367
Partial simulation consumes time: 0.0059356689453125
Partial simulation consumes time: 0.00680088996887207
Partial simulation consumes time: 0.005875110626220703
Partial simulation consumes time: 0.006012439727783203
Partial simulation consumes time: 0.006155490875244141
Partial simulation consumes time: 0.005783557891845703
Partial simulation consumes time: 0.005942106246948242
Partial simulation consumes time: 0.006806612014770508
Partial simulation consumes time: 0.005970001220703125
Partial simulation consumes time: 0.005959510803222656
Partial simulation consumes time: 0.006608724594116211
Partial simulation consumes time: 0.005980730056762695
Partial simulation consumes time: 0.006043195724487305
Partial simulation consumes time: 0.005841732025146484
Partial simulation consumes time: 0.0058612823486328125
Partial simulation consumes time: 0.005942106246948242
Partial simulation consumes time: 0.0060863494873046875
Partial simulation consumes time: 0.0066874027252197266
Partial simulation consumes time: 0.005934238433837891
Partial simulation consumes time: 0.005889892578125
Partial simulation consumes time: 0.058832645416259766
Partial simulation consumes time: 0.005938053131103516
Partial simulation consumes time: 0.006280660629272461
Partial simulation consumes time: 0.0058994293212890625
Partial simulation consumes time: 0.006102085113525391
Partial simulation consumes time: 0.006646871566772461
Partial simulation consumes time: 0.006722450256347656
Partial simulation consumes time: 0.0060024261474609375
Partial simulation consumes time: 0.00594329833984375
Partial simulation consumes time: 0.005937099456787109
Partial simulation consumes time: 0.0058345794677734375
Partial simulation consumes time: 0.005927324295043945
Partial simulation consumes time: 0.00593256950378418
Partial simulation consumes time: 0.006002664566040039
Partial simulation consumes time: 0.005917072296142578
Partial simulation consumes time: 0.005799531936645508
Partial simulation consumes time: 0.005894660949707031
Partial simulation consumes time: 0.006013631820678711
Partial simulation consumes time: 0.005880594253540039
Partial simulation consumes time: 0.0063321590423583984
Partial simulation consumes time: 0.005841732025146484
Partial simulation consumes time: 0.009038209915161133
Partial simulation consumes time: 0.0067937374114990234
Partial simulation consumes time: 0.007079362869262695
Partial simulation consumes time: 0.005900144577026367
Partial simulation consumes time: 0.005971193313598633
Qdao runs:	114.49042844772339
_initialize	3.0818512439727783
_preprocess	60.10832691192627
_postprocess	39.72425174713135
_run	111.38804483413696
load_sv	59.81241750717163
store_sv	39.71204876899719
Quafu runs:	6.761751174926758
.

================= 1 passed, 11 deselected in 128.86s (0:02:08) =================
