============================= test session starts ==============================
platform linux -- Python 3.10.6, pytest-7.2.0, pluggy-1.0.0
rootdir: /root/projects/qcs
collected 12 items / 11 deselected / 1 selected

tst/qdao/engine.py 
::::::::::::::::::Config::::::::::::::::::

NQ::	28
NP::	22
NL::	14
D::	25

::::::::::::::::::Config::::::::::::::::::


:::Reusing existing bench:::::/root/projects/qcs/qdao/benchmarks/qasm/random_28_25_max_operands_2_gen.qasm::::::::

Partial simulation consumes time: 0.3644092082977295
Partial simulation consumes time: 0.3889305591583252
Partial simulation consumes time: 0.3902146816253662
Partial simulation consumes time: 0.37350964546203613
Partial simulation consumes time: 0.3626120090484619
Partial simulation consumes time: 0.38172411918640137
Partial simulation consumes time: 0.3753035068511963
Partial simulation consumes time: 0.373793363571167
Partial simulation consumes time: 0.38554811477661133
Partial simulation consumes time: 0.33448100090026855
Partial simulation consumes time: 0.3704192638397217
Partial simulation consumes time: 0.3751485347747803
Partial simulation consumes time: 0.3316986560821533
Partial simulation consumes time: 0.3734426498413086
Partial simulation consumes time: 0.34862327575683594
Partial simulation consumes time: 0.3564944267272949
Partial simulation consumes time: 0.3667724132537842
Partial simulation consumes time: 0.3878469467163086
Partial simulation consumes time: 0.3824293613433838
Partial simulation consumes time: 0.32039785385131836
Partial simulation consumes time: 0.3665282726287842
Partial simulation consumes time: 0.3250765800476074
Partial simulation consumes time: 0.3788571357727051
Partial simulation consumes time: 0.38939332962036133
Partial simulation consumes time: 0.35014963150024414
Partial simulation consumes time: 0.35861659049987793
Partial simulation consumes time: 0.35434484481811523
Partial simulation consumes time: 0.3532998561859131
Partial simulation consumes time: 0.39001941680908203
Partial simulation consumes time: 0.3420698642730713
Partial simulation consumes time: 0.37703728675842285
Partial simulation consumes time: 0.3572366237640381
Partial simulation consumes time: 0.3693532943725586
Partial simulation consumes time: 0.35848546028137207
Partial simulation consumes time: 0.371722936630249
Partial simulation consumes time: 0.3234221935272217
Partial simulation consumes time: 0.37963390350341797
Partial simulation consumes time: 0.36635470390319824
Partial simulation consumes time: 0.4049043655395508
Partial simulation consumes time: 0.32546114921569824
Partial simulation consumes time: 0.3691995143890381
Partial simulation consumes time: 0.3654184341430664
Partial simulation consumes time: 0.38086605072021484
Partial simulation consumes time: 0.3800172805786133
Partial simulation consumes time: 0.3721885681152344
Partial simulation consumes time: 0.36746644973754883
Partial simulation consumes time: 0.3635213375091553
Partial simulation consumes time: 0.3710315227508545
Partial simulation consumes time: 0.38037633895874023
Partial simulation consumes time: 0.37903833389282227
Partial simulation consumes time: 0.37849926948547363
Partial simulation consumes time: 0.3937225341796875
Partial simulation consumes time: 0.3925943374633789
Partial simulation consumes time: 0.3771357536315918
Partial simulation consumes time: 0.3923945426940918
Partial simulation consumes time: 0.38694119453430176
Partial simulation consumes time: 0.36369872093200684
Partial simulation consumes time: 0.39714837074279785
Partial simulation consumes time: 0.37358641624450684
Partial simulation consumes time: 0.3654475212097168
Partial simulation consumes time: 0.34942126274108887
Partial simulation consumes time: 0.3485543727874756
Partial simulation consumes time: 0.3940999507904053
Partial simulation consumes time: 0.33353376388549805
Partial simulation consumes time: 0.39185380935668945
Partial simulation consumes time: 0.43959856033325195
Partial simulation consumes time: 0.4427359104156494
Partial simulation consumes time: 0.3715500831604004
Partial simulation consumes time: 0.35435986518859863
Partial simulation consumes time: 0.4776482582092285
Partial simulation consumes time: 0.3896768093109131
Partial simulation consumes time: 0.3596222400665283
Partial simulation consumes time: 0.4243905544281006
Partial simulation consumes time: 0.4372255802154541
Partial simulation consumes time: 0.34941959381103516
Partial simulation consumes time: 0.4833199977874756
Partial simulation consumes time: 0.3983635902404785
Partial simulation consumes time: 0.36824941635131836
Partial simulation consumes time: 0.4422607421875
Partial simulation consumes time: 0.3905961513519287
Partial simulation consumes time: 0.45152902603149414
Partial simulation consumes time: 0.3778574466705322
Partial simulation consumes time: 0.4191737174987793
Partial simulation consumes time: 0.35283565521240234
Partial simulation consumes time: 0.3792238235473633
Partial simulation consumes time: 0.36248302459716797
Partial simulation consumes time: 0.4695620536804199
Partial simulation consumes time: 0.3633401393890381
Partial simulation consumes time: 0.36389851570129395
Partial simulation consumes time: 0.3774731159210205
Partial simulation consumes time: 0.3793628215789795
Partial simulation consumes time: 0.45974135398864746
Partial simulation consumes time: 0.36011624336242676
Partial simulation consumes time: 0.3612203598022461
Partial simulation consumes time: 0.3501310348510742
Partial simulation consumes time: 0.3645484447479248
Partial simulation consumes time: 0.4630312919616699
Partial simulation consumes time: 0.34514594078063965
Partial simulation consumes time: 0.4640846252441406
Partial simulation consumes time: 0.38097190856933594
Partial simulation consumes time: 0.44989824295043945
Partial simulation consumes time: 0.3517429828643799
Partial simulation consumes time: 0.4830052852630615
Partial simulation consumes time: 0.4432361125946045
Partial simulation consumes time: 0.35138702392578125
Partial simulation consumes time: 0.37117910385131836
Partial simulation consumes time: 0.3853569030761719
Partial simulation consumes time: 0.3761732578277588
Partial simulation consumes time: 0.3738558292388916
Partial simulation consumes time: 0.4581592082977295
Partial simulation consumes time: 0.41456127166748047
Partial simulation consumes time: 0.359586238861084
Partial simulation consumes time: 0.36501646041870117
Partial simulation consumes time: 0.47197818756103516
Partial simulation consumes time: 0.3628215789794922
Partial simulation consumes time: 0.35558438301086426
Partial simulation consumes time: 0.3996760845184326
Partial simulation consumes time: 0.4104576110839844
Partial simulation consumes time: 0.3623669147491455
Partial simulation consumes time: 0.3592658042907715
Partial simulation consumes time: 0.34906888008117676
Partial simulation consumes time: 0.44684767723083496
Partial simulation consumes time: 0.3653855323791504
Partial simulation consumes time: 0.3628685474395752
Partial simulation consumes time: 0.3824918270111084
Partial simulation consumes time: 0.3462355136871338
Partial simulation consumes time: 0.376694917678833
Partial simulation consumes time: 0.348142147064209
Partial simulation consumes time: 0.31952571868896484
Partial simulation consumes time: 0.3242628574371338
Partial simulation consumes time: 0.32491278648376465
Partial simulation consumes time: 0.2822303771972656
Partial simulation consumes time: 0.28490400314331055
Partial simulation consumes time: 0.2784006595611572
Partial simulation consumes time: 0.34041666984558105
Partial simulation consumes time: 0.3046610355377197
Partial simulation consumes time: 0.34500789642333984
Partial simulation consumes time: 0.3257923126220703
Partial simulation consumes time: 0.28107690811157227
Partial simulation consumes time: 0.2834937572479248
Partial simulation consumes time: 0.27491140365600586
Partial simulation consumes time: 0.30740785598754883
Partial simulation consumes time: 0.3177204132080078
Partial simulation consumes time: 0.3387470245361328
Partial simulation consumes time: 0.29067206382751465
Partial simulation consumes time: 0.3296630382537842
Partial simulation consumes time: 0.3248026371002197
Partial simulation consumes time: 0.28358936309814453
Partial simulation consumes time: 0.299945592880249
Partial simulation consumes time: 0.2709774971008301
Partial simulation consumes time: 0.3229713439941406
Partial simulation consumes time: 0.3152647018432617
Partial simulation consumes time: 0.35482144355773926
Partial simulation consumes time: 0.2778022289276123
Partial simulation consumes time: 0.31176257133483887
Partial simulation consumes time: 0.28226423263549805
Partial simulation consumes time: 0.314894437789917
Partial simulation consumes time: 0.5654263496398926
Partial simulation consumes time: 0.3163783550262451
Partial simulation consumes time: 0.31331753730773926
Partial simulation consumes time: 0.3118150234222412
Partial simulation consumes time: 0.35586047172546387
Partial simulation consumes time: 0.2741687297821045
Partial simulation consumes time: 0.28055906295776367
Partial simulation consumes time: 0.2953681945800781
Partial simulation consumes time: 0.27573132514953613
Partial simulation consumes time: 0.28894639015197754
Partial simulation consumes time: 0.3224067687988281
Partial simulation consumes time: 0.3176145553588867
Partial simulation consumes time: 0.29372310638427734
Partial simulation consumes time: 0.2760934829711914
Partial simulation consumes time: 0.3204948902130127
Partial simulation consumes time: 0.3213224411010742
Partial simulation consumes time: 0.30327844619750977
Partial simulation consumes time: 0.28832459449768066
Partial simulation consumes time: 0.30538415908813477
Partial simulation consumes time: 0.3499734401702881
Partial simulation consumes time: 0.31859540939331055
Partial simulation consumes time: 0.2787454128265381
Partial simulation consumes time: 0.3561131954193115
Partial simulation consumes time: 0.33220744132995605
Partial simulation consumes time: 0.28185200691223145
Partial simulation consumes time: 0.28357386589050293
Partial simulation consumes time: 0.2883636951446533
Partial simulation consumes time: 0.33152127265930176
Partial simulation consumes time: 0.27753329277038574
Partial simulation consumes time: 0.31849026679992676
Partial simulation consumes time: 0.3279387950897217
Partial simulation consumes time: 0.3332705497741699
Partial simulation consumes time: 0.2953331470489502
Partial simulation consumes time: 0.28984999656677246
Partial simulation consumes time: 0.2785074710845947
Partial simulation consumes time: 0.3141329288482666
Partial simulation consumes time: 0.2845633029937744
Partial simulation consumes time: 0.29424500465393066
Partial simulation consumes time: 0.29340076446533203
Partial simulation consumes time: 0.29905104637145996
Partial simulation consumes time: 0.31977415084838867
Partial simulation consumes time: 0.2883574962615967
Partial simulation consumes time: 0.3243143558502197
Partial simulation consumes time: 0.2903006076812744
Partial simulation consumes time: 0.2903902530670166
Partial simulation consumes time: 0.3145885467529297
Partial simulation consumes time: 0.29836130142211914
Partial simulation consumes time: 0.304579496383667
Partial simulation consumes time: 0.30204176902770996
Partial simulation consumes time: 0.32314586639404297
Partial simulation consumes time: 0.31188130378723145
Partial simulation consumes time: 0.35482096672058105
Partial simulation consumes time: 0.36183857917785645
Partial simulation consumes time: 0.35079312324523926
Partial simulation consumes time: 0.31125903129577637
Partial simulation consumes time: 0.3337855339050293
Partial simulation consumes time: 0.2889842987060547
Partial simulation consumes time: 0.33161020278930664
Partial simulation consumes time: 0.3622403144836426
Partial simulation consumes time: 0.2945060729980469
Partial simulation consumes time: 0.3263707160949707
Partial simulation consumes time: 0.3255157470703125
Partial simulation consumes time: 0.3428056240081787
Partial simulation consumes time: 0.3089308738708496
Partial simulation consumes time: 0.2880544662475586
Partial simulation consumes time: 0.3254575729370117
Partial simulation consumes time: 0.3047473430633545
Partial simulation consumes time: 0.3711404800415039
Partial simulation consumes time: 0.2935171127319336
Partial simulation consumes time: 0.28980493545532227
Partial simulation consumes time: 0.2928469181060791
Partial simulation consumes time: 0.3368208408355713
Partial simulation consumes time: 0.31333088874816895
Partial simulation consumes time: 0.3020315170288086
Partial simulation consumes time: 0.3443591594696045
Partial simulation consumes time: 0.3450162410736084
Partial simulation consumes time: 0.30997157096862793
Partial simulation consumes time: 0.3546013832092285
Partial simulation consumes time: 0.2950775623321533
Partial simulation consumes time: 0.336181640625
Partial simulation consumes time: 0.3111422061920166
Partial simulation consumes time: 0.28749513626098633
Partial simulation consumes time: 0.3371436595916748
Partial simulation consumes time: 0.29154038429260254
Partial simulation consumes time: 0.3448314666748047
Partial simulation consumes time: 0.31528639793395996
Partial simulation consumes time: 0.2853567600250244
Partial simulation consumes time: 0.2860586643218994
Partial simulation consumes time: 0.37256455421447754
Partial simulation consumes time: 0.3203403949737549
Partial simulation consumes time: 0.33384180068969727
Partial simulation consumes time: 0.2872624397277832
Partial simulation consumes time: 0.3520517349243164
Partial simulation consumes time: 0.31119275093078613
Partial simulation consumes time: 0.31332921981811523
Partial simulation consumes time: 0.3081328868865967
Partial simulation consumes time: 0.3357563018798828
Partial simulation consumes time: 0.3076655864715576
Partial simulation consumes time: 0.28624892234802246
Partial simulation consumes time: 0.39884305000305176
Partial simulation consumes time: 0.3821549415588379
Partial simulation consumes time: 0.40400171279907227
Partial simulation consumes time: 0.3820505142211914
Partial simulation consumes time: 0.3954627513885498
Partial simulation consumes time: 0.3856210708618164
Partial simulation consumes time: 0.4204568862915039
Partial simulation consumes time: 0.3841981887817383
Partial simulation consumes time: 0.39916324615478516
Partial simulation consumes time: 0.3818235397338867
Partial simulation consumes time: 0.3900282382965088
Partial simulation consumes time: 0.4053783416748047
Partial simulation consumes time: 0.4030163288116455
Partial simulation consumes time: 0.38626694679260254
Partial simulation consumes time: 0.399245023727417
Partial simulation consumes time: 0.3999359607696533
Partial simulation consumes time: 0.39171290397644043
Partial simulation consumes time: 0.3953244686126709
Partial simulation consumes time: 0.3867616653442383
Partial simulation consumes time: 0.381242036819458
Partial simulation consumes time: 0.39941859245300293
Partial simulation consumes time: 0.4014320373535156
Partial simulation consumes time: 0.42649269104003906
Partial simulation consumes time: 0.39972829818725586
Partial simulation consumes time: 0.38458943367004395
Partial simulation consumes time: 0.431286096572876
Partial simulation consumes time: 0.400754451751709
Partial simulation consumes time: 0.44345855712890625
Partial simulation consumes time: 0.39393186569213867
Partial simulation consumes time: 0.4121358394622803
Partial simulation consumes time: 0.38068056106567383
Partial simulation consumes time: 0.3962700366973877
Partial simulation consumes time: 0.3819162845611572
Partial simulation consumes time: 0.42626214027404785
Partial simulation consumes time: 0.40900611877441406
Partial simulation consumes time: 0.3951699733734131
Partial simulation consumes time: 0.38468384742736816
Partial simulation consumes time: 0.4191744327545166
Partial simulation consumes time: 0.38202834129333496
Partial simulation consumes time: 0.3803062438964844
Partial simulation consumes time: 0.3881192207336426
Partial simulation consumes time: 0.39600157737731934
Partial simulation consumes time: 0.3975718021392822
Partial simulation consumes time: 0.4390585422515869
Partial simulation consumes time: 0.3867063522338867
Partial simulation consumes time: 0.3865654468536377
Partial simulation consumes time: 0.39517855644226074
Partial simulation consumes time: 0.4086761474609375
Partial simulation consumes time: 0.4300720691680908
Partial simulation consumes time: 0.4049050807952881
Partial simulation consumes time: 0.39716005325317383
Partial simulation consumes time: 0.4338243007659912
Partial simulation consumes time: 0.40044069290161133
Partial simulation consumes time: 0.41545581817626953
Partial simulation consumes time: 0.43698859214782715
Partial simulation consumes time: 0.3967621326446533
Partial simulation consumes time: 0.41440653800964355
Partial simulation consumes time: 0.4436764717102051
Partial simulation consumes time: 0.4039943218231201
Partial simulation consumes time: 0.3914072513580322
Partial simulation consumes time: 0.3990206718444824
Partial simulation consumes time: 0.38990306854248047
Partial simulation consumes time: 0.3874375820159912
Partial simulation consumes time: 0.38797569274902344
Partial simulation consumes time: 0.4415249824523926
Partial simulation consumes time: 0.45665478706359863
Partial simulation consumes time: 0.49817776679992676
Partial simulation consumes time: 0.47664642333984375
Partial simulation consumes time: 0.4499998092651367
Partial simulation consumes time: 0.44831395149230957
Partial simulation consumes time: 0.4905822277069092
Partial simulation consumes time: 0.45865631103515625
Partial simulation consumes time: 0.45952606201171875
Partial simulation consumes time: 0.4768209457397461
Partial simulation consumes time: 0.4576137065887451
Partial simulation consumes time: 0.4413418769836426
Partial simulation consumes time: 0.45656347274780273
Partial simulation consumes time: 0.4581124782562256
Partial simulation consumes time: 0.441408634185791
Partial simulation consumes time: 0.43834733963012695
Partial simulation consumes time: 0.44283175468444824
Partial simulation consumes time: 0.439739465713501
Partial simulation consumes time: 0.44805455207824707
Partial simulation consumes time: 0.46579480171203613
Partial simulation consumes time: 0.46096158027648926
Partial simulation consumes time: 0.4745292663574219
Partial simulation consumes time: 0.4458584785461426
Partial simulation consumes time: 0.5089437961578369
Partial simulation consumes time: 0.4988701343536377
Partial simulation consumes time: 0.4486386775970459
Partial simulation consumes time: 0.5079400539398193
Partial simulation consumes time: 0.4594118595123291
Partial simulation consumes time: 0.44796323776245117
Partial simulation consumes time: 0.45394372940063477
Partial simulation consumes time: 0.487440824508667
Partial simulation consumes time: 0.4759061336517334
Partial simulation consumes time: 0.6329307556152344
Partial simulation consumes time: 0.44028162956237793
Partial simulation consumes time: 0.4665520191192627
Partial simulation consumes time: 0.4562647342681885
Partial simulation consumes time: 0.45561718940734863
Partial simulation consumes time: 0.4690420627593994
Partial simulation consumes time: 0.4570887088775635
Partial simulation consumes time: 0.4756300449371338
Partial simulation consumes time: 0.4593348503112793
Partial simulation consumes time: 0.4592278003692627
Partial simulation consumes time: 0.4721105098724365
Partial simulation consumes time: 0.48766398429870605
Partial simulation consumes time: 0.4834587574005127
Partial simulation consumes time: 0.48398900032043457
Partial simulation consumes time: 0.46884870529174805
Partial simulation consumes time: 0.4441680908203125
Partial simulation consumes time: 0.4840381145477295
Partial simulation consumes time: 0.456113338470459
Partial simulation consumes time: 0.5014069080352783
Partial simulation consumes time: 0.4588813781738281
Partial simulation consumes time: 0.4424774646759033
Partial simulation consumes time: 0.4386177062988281
Partial simulation consumes time: 0.46618175506591797
Partial simulation consumes time: 0.4474315643310547
Partial simulation consumes time: 0.44022035598754883
Partial simulation consumes time: 0.43626976013183594
Partial simulation consumes time: 0.4597585201263428
Partial simulation consumes time: 0.43816328048706055
Partial simulation consumes time: 0.4880557060241699
Partial simulation consumes time: 0.4661998748779297
Partial simulation consumes time: 0.43881773948669434
Partial simulation consumes time: 0.4428856372833252
Partial simulation consumes time: 0.25185251235961914
Partial simulation consumes time: 0.2595055103302002
Partial simulation consumes time: 0.29392409324645996
Partial simulation consumes time: 0.2556023597717285
Partial simulation consumes time: 0.422792911529541
Partial simulation consumes time: 0.2722465991973877
Partial simulation consumes time: 0.3815732002258301
Partial simulation consumes time: 0.27158045768737793
Partial simulation consumes time: 0.40844225883483887
Partial simulation consumes time: 0.40960025787353516
Partial simulation consumes time: 0.32532525062561035
Partial simulation consumes time: 0.2654249668121338
Partial simulation consumes time: 0.41452693939208984
Partial simulation consumes time: 0.38453078269958496
Partial simulation consumes time: 0.28232765197753906
Partial simulation consumes time: 0.2788968086242676
Partial simulation consumes time: 0.28296542167663574
Partial simulation consumes time: 0.3976426124572754
Partial simulation consumes time: 0.29685258865356445
Partial simulation consumes time: 0.44188904762268066
Partial simulation consumes time: 0.3837265968322754
Partial simulation consumes time: 0.2709627151489258
Partial simulation consumes time: 0.3602476119995117
Partial simulation consumes time: 0.4119758605957031
Partial simulation consumes time: 0.2587893009185791
Partial simulation consumes time: 0.3783140182495117
Partial simulation consumes time: 0.27072906494140625
Partial simulation consumes time: 0.3771178722381592
Partial simulation consumes time: 0.3273601531982422
Partial simulation consumes time: 0.3749716281890869
Partial simulation consumes time: 0.25208139419555664
Partial simulation consumes time: 0.4107170104980469
Partial simulation consumes time: 0.2573843002319336
Partial simulation consumes time: 0.36107492446899414
Partial simulation consumes time: 0.37966394424438477
Partial simulation consumes time: 0.25119733810424805
Partial simulation consumes time: 0.34870076179504395
Partial simulation consumes time: 0.303861141204834
Partial simulation consumes time: 0.40724778175354004
Partial simulation consumes time: 0.2759091854095459
Partial simulation consumes time: 0.43446803092956543
Partial simulation consumes time: 0.39096879959106445
Partial simulation consumes time: 0.3551785945892334
Partial simulation consumes time: 0.2600059509277344
Partial simulation consumes time: 0.267322301864624
Partial simulation consumes time: 0.38814830780029297
Partial simulation consumes time: 0.40818095207214355
Partial simulation consumes time: 0.25949835777282715
Partial simulation consumes time: 0.39113378524780273
Partial simulation consumes time: 0.3772621154785156
Partial simulation consumes time: 0.2564694881439209
Partial simulation consumes time: 0.37651920318603516
Partial simulation consumes time: 0.3922443389892578
Partial simulation consumes time: 0.328601598739624
Partial simulation consumes time: 0.2518801689147949
Partial simulation consumes time: 0.2642488479614258
Partial simulation consumes time: 0.25624585151672363
Partial simulation consumes time: 0.3739309310913086
Partial simulation consumes time: 0.2781960964202881
Partial simulation consumes time: 0.2547953128814697
Partial simulation consumes time: 0.34695935249328613
Partial simulation consumes time: 0.41683268547058105
Partial simulation consumes time: 0.374908447265625
Partial simulation consumes time: 0.25570154190063477
Partial simulation consumes time: 0.3125631809234619
Partial simulation consumes time: 0.3113746643066406
Partial simulation consumes time: 0.2972712516784668
Partial simulation consumes time: 0.29175782203674316
Partial simulation consumes time: 0.3157777786254883
Partial simulation consumes time: 0.3000626564025879
Partial simulation consumes time: 0.31343650817871094
Partial simulation consumes time: 0.31071949005126953
Partial simulation consumes time: 0.316697359085083
Partial simulation consumes time: 0.2911245822906494
Partial simulation consumes time: 0.31055116653442383
Partial simulation consumes time: 0.31618261337280273
Partial simulation consumes time: 0.3143937587738037
Partial simulation consumes time: 0.31516313552856445
Partial simulation consumes time: 0.31064844131469727
Partial simulation consumes time: 0.31845593452453613
Partial simulation consumes time: 0.3411414623260498
Partial simulation consumes time: 0.31621456146240234
Partial simulation consumes time: 0.321927547454834
Partial simulation consumes time: 0.321993350982666
Partial simulation consumes time: 0.3168151378631592
Partial simulation consumes time: 0.298961877822876
Partial simulation consumes time: 0.31643056869506836
Partial simulation consumes time: 0.31305623054504395
Partial simulation consumes time: 0.32862067222595215
Partial simulation consumes time: 0.3298370838165283
Partial simulation consumes time: 0.31651782989501953
Partial simulation consumes time: 0.3144962787628174
Partial simulation consumes time: 0.3304426670074463
Partial simulation consumes time: 0.32320713996887207
Partial simulation consumes time: 0.29953527450561523
Partial simulation consumes time: 0.3113877773284912
Partial simulation consumes time: 0.2994425296783447
Partial simulation consumes time: 0.31899523735046387
Partial simulation consumes time: 0.3326528072357178
Partial simulation consumes time: 0.29914093017578125
Partial simulation consumes time: 0.30489397048950195
Partial simulation consumes time: 0.2905740737915039
Partial simulation consumes time: 0.31198763847351074
Partial simulation consumes time: 0.3158078193664551
Partial simulation consumes time: 0.3323228359222412
Partial simulation consumes time: 0.29627490043640137
Partial simulation consumes time: 0.31499814987182617
Partial simulation consumes time: 0.31433749198913574
Partial simulation consumes time: 0.3086581230163574
Partial simulation consumes time: 0.32874441146850586
Partial simulation consumes time: 0.3268604278564453
Partial simulation consumes time: 0.31736159324645996
Partial simulation consumes time: 0.316561222076416
Partial simulation consumes time: 0.3195064067840576
Partial simulation consumes time: 0.3035762310028076
Partial simulation consumes time: 0.32924795150756836
Partial simulation consumes time: 0.3108673095703125
Partial simulation consumes time: 0.32912755012512207
Partial simulation consumes time: 0.3075380325317383
Partial simulation consumes time: 0.31998467445373535
Partial simulation consumes time: 0.3249857425689697
Partial simulation consumes time: 0.3248577117919922
Partial simulation consumes time: 0.32938337326049805
Partial simulation consumes time: 0.29711294174194336
Partial simulation consumes time: 0.30797886848449707
Partial simulation consumes time: 0.29033780097961426
Partial simulation consumes time: 0.31537866592407227
Partial simulation consumes time: 0.31835436820983887
Partial simulation consumes time: 0.1116933822631836
Partial simulation consumes time: 0.11115455627441406
Partial simulation consumes time: 0.11771178245544434
Partial simulation consumes time: 0.13285589218139648
Partial simulation consumes time: 0.11173129081726074
Partial simulation consumes time: 0.12475848197937012
Partial simulation consumes time: 0.1138310432434082
Partial simulation consumes time: 0.11025595664978027
Partial simulation consumes time: 0.11131572723388672
Partial simulation consumes time: 0.11977028846740723
Partial simulation consumes time: 0.11639928817749023
Partial simulation consumes time: 0.12286543846130371
Partial simulation consumes time: 0.12673258781433105
Partial simulation consumes time: 0.11291909217834473
Partial simulation consumes time: 0.11641836166381836
Partial simulation consumes time: 0.11119484901428223
Partial simulation consumes time: 0.11220836639404297
Partial simulation consumes time: 0.12003350257873535
Partial simulation consumes time: 0.11967158317565918
Partial simulation consumes time: 0.11961793899536133
Partial simulation consumes time: 0.11675333976745605
Partial simulation consumes time: 0.12279534339904785
Partial simulation consumes time: 0.11165618896484375
Partial simulation consumes time: 0.1116323471069336
Partial simulation consumes time: 0.1213524341583252
Partial simulation consumes time: 0.11293482780456543
Partial simulation consumes time: 0.12107467651367188
Partial simulation consumes time: 0.11967802047729492
Partial simulation consumes time: 0.1179957389831543
Partial simulation consumes time: 0.11370396614074707
Partial simulation consumes time: 0.13918399810791016
Partial simulation consumes time: 0.12283945083618164
Partial simulation consumes time: 0.12072205543518066
Partial simulation consumes time: 0.13303112983703613
Partial simulation consumes time: 0.11652207374572754
Partial simulation consumes time: 0.11417007446289062
Partial simulation consumes time: 0.11132979393005371
Partial simulation consumes time: 0.13180232048034668
Partial simulation consumes time: 0.11261177062988281
Partial simulation consumes time: 0.11330962181091309
Partial simulation consumes time: 0.1143796443939209
Partial simulation consumes time: 0.11147046089172363
Partial simulation consumes time: 0.1123507022857666
Partial simulation consumes time: 0.11462163925170898
Partial simulation consumes time: 0.11509442329406738
Partial simulation consumes time: 0.11169672012329102
Partial simulation consumes time: 0.11003637313842773
Partial simulation consumes time: 0.11503958702087402
Partial simulation consumes time: 0.12233567237854004
Partial simulation consumes time: 0.11057472229003906
Partial simulation consumes time: 0.1220083236694336
Partial simulation consumes time: 0.12332391738891602
Partial simulation consumes time: 0.11765193939208984
Partial simulation consumes time: 0.11309552192687988
Partial simulation consumes time: 0.11153864860534668
Partial simulation consumes time: 0.11142230033874512
Partial simulation consumes time: 0.11687803268432617
Partial simulation consumes time: 0.11178922653198242
Partial simulation consumes time: 0.1112983226776123
Partial simulation consumes time: 0.1134333610534668
Partial simulation consumes time: 0.11491847038269043
Partial simulation consumes time: 0.13066959381103516
Partial simulation consumes time: 0.11506032943725586
Partial simulation consumes time: 0.3926079273223877
Partial simulation consumes time: 0.2451479434967041
Partial simulation consumes time: 0.21576476097106934
Partial simulation consumes time: 0.21997928619384766
Partial simulation consumes time: 0.25501251220703125
Partial simulation consumes time: 0.24830937385559082
Partial simulation consumes time: 0.21307682991027832
Partial simulation consumes time: 0.21638059616088867
Partial simulation consumes time: 0.22635579109191895
Partial simulation consumes time: 0.23687219619750977
Partial simulation consumes time: 0.21633005142211914
Partial simulation consumes time: 0.2384166717529297
Partial simulation consumes time: 0.2329549789428711
Partial simulation consumes time: 0.21520614624023438
Partial simulation consumes time: 0.22417569160461426
Partial simulation consumes time: 0.21864724159240723
Partial simulation consumes time: 0.2115764617919922
Partial simulation consumes time: 0.23864960670471191
Partial simulation consumes time: 0.21439862251281738
Partial simulation consumes time: 0.24080824851989746
Partial simulation consumes time: 0.2371046543121338
Partial simulation consumes time: 0.22005510330200195
Partial simulation consumes time: 0.25844836235046387
Partial simulation consumes time: 0.24548816680908203
Partial simulation consumes time: 0.20971345901489258
Partial simulation consumes time: 0.21323633193969727
Partial simulation consumes time: 0.21794557571411133
Partial simulation consumes time: 0.21750593185424805
Partial simulation consumes time: 0.22519469261169434
Partial simulation consumes time: 0.23610234260559082
Partial simulation consumes time: 0.22528815269470215
Partial simulation consumes time: 0.2221057415008545
Partial simulation consumes time: 0.23977255821228027
Partial simulation consumes time: 0.23005199432373047
Partial simulation consumes time: 0.22061586380004883
Partial simulation consumes time: 0.2300107479095459
Partial simulation consumes time: 0.2386488914489746
Partial simulation consumes time: 0.21194243431091309
Partial simulation consumes time: 0.23354864120483398
Partial simulation consumes time: 0.2225053310394287
Partial simulation consumes time: 0.21080660820007324
Partial simulation consumes time: 0.22888875007629395
Partial simulation consumes time: 0.21456408500671387
Partial simulation consumes time: 0.24001860618591309
Partial simulation consumes time: 0.22980761528015137
Partial simulation consumes time: 0.2353377342224121
Partial simulation consumes time: 0.23516201972961426
Partial simulation consumes time: 0.21737432479858398
Partial simulation consumes time: 0.22987127304077148
Partial simulation consumes time: 0.2279500961303711
Partial simulation consumes time: 0.23513412475585938
Partial simulation consumes time: 0.21675515174865723
Partial simulation consumes time: 0.21455144882202148
Partial simulation consumes time: 0.23700594902038574
Partial simulation consumes time: 0.22025704383850098
Partial simulation consumes time: 0.21341824531555176
Partial simulation consumes time: 0.2159435749053955
Partial simulation consumes time: 0.25211000442504883
Partial simulation consumes time: 0.23398566246032715
Partial simulation consumes time: 0.2224118709564209
Partial simulation consumes time: 0.23966741561889648
Partial simulation consumes time: 0.22474932670593262
Partial simulation consumes time: 0.2405235767364502
Partial simulation consumes time: 0.23490142822265625
Partial simulation consumes time: 0.23807144165039062
Partial simulation consumes time: 0.2993624210357666
Partial simulation consumes time: 0.3199622631072998
Partial simulation consumes time: 0.2927417755126953
Partial simulation consumes time: 0.28572988510131836
Partial simulation consumes time: 0.30101799964904785
Partial simulation consumes time: 0.2920877933502197
Partial simulation consumes time: 0.31427741050720215
Partial simulation consumes time: 0.28597116470336914
Partial simulation consumes time: 0.33290910720825195
Partial simulation consumes time: 0.28514933586120605
Partial simulation consumes time: 0.2870607376098633
Partial simulation consumes time: 0.32546472549438477
Partial simulation consumes time: 0.29827141761779785
Partial simulation consumes time: 0.29460978507995605
Partial simulation consumes time: 0.2870142459869385
Partial simulation consumes time: 0.30742883682250977
Partial simulation consumes time: 0.30812907218933105
Partial simulation consumes time: 0.34202075004577637
Partial simulation consumes time: 0.2957148551940918
Partial simulation consumes time: 0.28661680221557617
Partial simulation consumes time: 0.3059253692626953
Partial simulation consumes time: 0.29637670516967773
Partial simulation consumes time: 0.29010987281799316
Partial simulation consumes time: 0.32921290397644043
Partial simulation consumes time: 0.29265856742858887
Partial simulation consumes time: 0.2886085510253906
Partial simulation consumes time: 0.3405923843383789
Partial simulation consumes time: 0.2872774600982666
Partial simulation consumes time: 0.30496859550476074
Partial simulation consumes time: 0.3201110363006592
Partial simulation consumes time: 0.2959401607513428
Partial simulation consumes time: 0.3183910846710205
Partial simulation consumes time: 0.29523611068725586
Partial simulation consumes time: 0.3289456367492676
Partial simulation consumes time: 0.34238266944885254
Partial simulation consumes time: 0.3173661231994629
Partial simulation consumes time: 0.2971680164337158
Partial simulation consumes time: 0.32593679428100586
Partial simulation consumes time: 0.31328701972961426
Partial simulation consumes time: 0.29575157165527344
Partial simulation consumes time: 0.28670620918273926
Partial simulation consumes time: 0.3290698528289795
Partial simulation consumes time: 0.3164095878601074
Partial simulation consumes time: 0.29514384269714355
Partial simulation consumes time: 0.3242208957672119
Partial simulation consumes time: 0.3200681209564209
Partial simulation consumes time: 0.31589293479919434
Partial simulation consumes time: 0.31888580322265625
Partial simulation consumes time: 0.32851338386535645
Partial simulation consumes time: 0.3154158592224121
Partial simulation consumes time: 0.2961583137512207
Partial simulation consumes time: 0.3157978057861328
Partial simulation consumes time: 0.29109787940979004
Partial simulation consumes time: 0.32223010063171387
Partial simulation consumes time: 0.2953455448150635
Partial simulation consumes time: 0.2962799072265625
Partial simulation consumes time: 0.2945079803466797
Partial simulation consumes time: 0.3157622814178467
Partial simulation consumes time: 0.3069794178009033
Partial simulation consumes time: 0.3136477470397949
Partial simulation consumes time: 0.30112195014953613
Partial simulation consumes time: 0.31464171409606934
Partial simulation consumes time: 0.3296229839324951
Partial simulation consumes time: 0.2973060607910156
Partial simulation consumes time: 0.21941852569580078
Partial simulation consumes time: 0.22691893577575684
Partial simulation consumes time: 0.23503637313842773
Partial simulation consumes time: 0.23546791076660156
Partial simulation consumes time: 0.2385234832763672
Partial simulation consumes time: 0.23434090614318848
Partial simulation consumes time: 0.22046804428100586
Partial simulation consumes time: 0.22508668899536133
Partial simulation consumes time: 0.260573148727417
Partial simulation consumes time: 0.2498173713684082
Partial simulation consumes time: 0.228776216506958
Partial simulation consumes time: 0.22684860229492188
Partial simulation consumes time: 0.2362215518951416
Partial simulation consumes time: 0.22129607200622559
Partial simulation consumes time: 0.23013067245483398
Partial simulation consumes time: 0.2174072265625
Partial simulation consumes time: 0.21642065048217773
Partial simulation consumes time: 0.2340381145477295
Partial simulation consumes time: 0.2328934669494629
Partial simulation consumes time: 0.24969482421875
Partial simulation consumes time: 0.22468209266662598
Partial simulation consumes time: 0.21820497512817383
Partial simulation consumes time: 0.23995447158813477
Partial simulation consumes time: 0.23282265663146973
Partial simulation consumes time: 0.22262144088745117
Partial simulation consumes time: 0.2300426959991455
Partial simulation consumes time: 0.21901297569274902
Partial simulation consumes time: 0.23323369026184082
Partial simulation consumes time: 0.22294306755065918
Partial simulation consumes time: 0.22646379470825195
Partial simulation consumes time: 0.22812175750732422
Partial simulation consumes time: 0.2363138198852539
Partial simulation consumes time: 0.23093318939208984
Partial simulation consumes time: 0.21989178657531738
Partial simulation consumes time: 0.21967244148254395
Partial simulation consumes time: 0.22562074661254883
Partial simulation consumes time: 0.23755860328674316
Partial simulation consumes time: 0.22324466705322266
Partial simulation consumes time: 0.21836471557617188
Partial simulation consumes time: 0.22937798500061035
Partial simulation consumes time: 0.2169485092163086
Partial simulation consumes time: 0.24246811866760254
Partial simulation consumes time: 0.22381591796875
Partial simulation consumes time: 0.21812915802001953
Partial simulation consumes time: 0.2314131259918213
Partial simulation consumes time: 0.22786283493041992
Partial simulation consumes time: 0.23720335960388184
Partial simulation consumes time: 0.22803711891174316
Partial simulation consumes time: 0.2239210605621338
Partial simulation consumes time: 0.23445582389831543
Partial simulation consumes time: 0.25334882736206055
Partial simulation consumes time: 0.22208714485168457
Partial simulation consumes time: 0.22690582275390625
Partial simulation consumes time: 0.228410005569458
Partial simulation consumes time: 0.2181849479675293
Partial simulation consumes time: 0.2264108657836914
Partial simulation consumes time: 0.2178943157196045
Partial simulation consumes time: 0.24383759498596191
Partial simulation consumes time: 0.2198028564453125
Partial simulation consumes time: 0.22781682014465332
Partial simulation consumes time: 0.22202563285827637
Partial simulation consumes time: 0.21839666366577148
Partial simulation consumes time: 0.21773052215576172
Partial simulation consumes time: 0.23561549186706543
Partial simulation consumes time: 0.24870610237121582
Partial simulation consumes time: 0.24521541595458984
Partial simulation consumes time: 0.24364876747131348
Partial simulation consumes time: 0.2500040531158447
Partial simulation consumes time: 0.24649357795715332
Partial simulation consumes time: 0.26413798332214355
Partial simulation consumes time: 0.2646760940551758
Partial simulation consumes time: 0.2623727321624756
Partial simulation consumes time: 0.26302409172058105
Partial simulation consumes time: 0.24731135368347168
Partial simulation consumes time: 0.27431654930114746
Partial simulation consumes time: 0.26262354850769043
Partial simulation consumes time: 0.2465200424194336
Partial simulation consumes time: 0.24723172187805176
Partial simulation consumes time: 0.27590155601501465
Partial simulation consumes time: 0.2571902275085449
Partial simulation consumes time: 0.2721133232116699
Partial simulation consumes time: 0.2779834270477295
Partial simulation consumes time: 0.24744057655334473
Partial simulation consumes time: 0.2515408992767334
Partial simulation consumes time: 0.250230073928833
Partial simulation consumes time: 0.25099682807922363
Partial simulation consumes time: 0.2725794315338135
Partial simulation consumes time: 0.2782905101776123
Partial simulation consumes time: 0.26650094985961914
Partial simulation consumes time: 0.24890732765197754
Partial simulation consumes time: 0.2866833209991455
Partial simulation consumes time: 0.24775409698486328
Partial simulation consumes time: 0.27663087844848633
Partial simulation consumes time: 0.26332569122314453
Partial simulation consumes time: 0.25713586807250977
Partial simulation consumes time: 0.26893162727355957
Partial simulation consumes time: 0.2819864749908447
Partial simulation consumes time: 0.2653024196624756
Partial simulation consumes time: 0.2521071434020996
Partial simulation consumes time: 0.27919673919677734
Partial simulation consumes time: 0.25000786781311035
Partial simulation consumes time: 0.24681758880615234
Partial simulation consumes time: 0.27031588554382324
Partial simulation consumes time: 0.2535586357116699
Partial simulation consumes time: 0.28211283683776855
Partial simulation consumes time: 0.2639470100402832
Partial simulation consumes time: 0.6711275577545166
Partial simulation consumes time: 0.24397516250610352
Partial simulation consumes time: 0.24693894386291504
Partial simulation consumes time: 0.24848103523254395
Partial simulation consumes time: 0.24659991264343262
Partial simulation consumes time: 0.24831795692443848
Partial simulation consumes time: 0.2774486541748047
Partial simulation consumes time: 0.24647259712219238
Partial simulation consumes time: 0.24897146224975586
Partial simulation consumes time: 0.24663043022155762
Partial simulation consumes time: 0.24537229537963867
Partial simulation consumes time: 0.2634260654449463
Partial simulation consumes time: 0.2804539203643799
Partial simulation consumes time: 0.27816200256347656
Partial simulation consumes time: 0.27905797958374023
Partial simulation consumes time: 0.27573513984680176
Partial simulation consumes time: 0.2681417465209961
Partial simulation consumes time: 0.28821229934692383
Partial simulation consumes time: 0.2509274482727051
Partial simulation consumes time: 0.2746710777282715
Partial simulation consumes time: 0.283735990524292
Partial simulation consumes time: 0.2631099224090576
Partial simulation consumes time: 0.3087446689605713
Partial simulation consumes time: 0.3004801273345947
Partial simulation consumes time: 0.3070402145385742
Partial simulation consumes time: 0.3247566223144531
Partial simulation consumes time: 0.30263447761535645
Partial simulation consumes time: 0.3013639450073242
Partial simulation consumes time: 0.3135356903076172
Partial simulation consumes time: 0.3409886360168457
Partial simulation consumes time: 0.3117842674255371
Partial simulation consumes time: 0.3233642578125
Partial simulation consumes time: 0.30168914794921875
Partial simulation consumes time: 0.3505887985229492
Partial simulation consumes time: 0.3360903263092041
Partial simulation consumes time: 0.307234525680542
Partial simulation consumes time: 0.3483898639678955
Partial simulation consumes time: 0.3180699348449707
Partial simulation consumes time: 0.2978663444519043
Partial simulation consumes time: 0.3445296287536621
Partial simulation consumes time: 0.35874009132385254
Partial simulation consumes time: 0.3087046146392822
Partial simulation consumes time: 0.34763646125793457
Partial simulation consumes time: 0.34140992164611816
Partial simulation consumes time: 0.3049778938293457
Partial simulation consumes time: 0.3430912494659424
Partial simulation consumes time: 0.3534724712371826
Partial simulation consumes time: 0.3367440700531006
Partial simulation consumes time: 0.33498144149780273
Partial simulation consumes time: 0.35590291023254395
Partial simulation consumes time: 0.36134862899780273
Partial simulation consumes time: 0.33519768714904785
Partial simulation consumes time: 0.35473155975341797
Partial simulation consumes time: 0.30932092666625977
Partial simulation consumes time: 0.3647739887237549
Partial simulation consumes time: 0.35836029052734375
Partial simulation consumes time: 0.3264315128326416
Partial simulation consumes time: 0.35925722122192383
Partial simulation consumes time: 0.33405184745788574
Partial simulation consumes time: 0.3599858283996582
Partial simulation consumes time: 0.3556520938873291
Partial simulation consumes time: 0.35565638542175293
Partial simulation consumes time: 0.3008697032928467
Partial simulation consumes time: 0.33920788764953613
Partial simulation consumes time: 0.3142714500427246
Partial simulation consumes time: 0.3322305679321289
Partial simulation consumes time: 0.3454914093017578
Partial simulation consumes time: 0.30075550079345703
Partial simulation consumes time: 0.34987759590148926
Partial simulation consumes time: 0.34470367431640625
Partial simulation consumes time: 0.3437769412994385
Partial simulation consumes time: 0.33307790756225586
Partial simulation consumes time: 0.30075693130493164
Partial simulation consumes time: 0.3365788459777832
Partial simulation consumes time: 0.3909940719604492
Partial simulation consumes time: 0.3575901985168457
Partial simulation consumes time: 0.35091471672058105
Partial simulation consumes time: 0.2989332675933838
Partial simulation consumes time: 0.34313225746154785
Partial simulation consumes time: 0.35952138900756836
Partial simulation consumes time: 0.34403061866760254
Partial simulation consumes time: 0.3025045394897461
Partial simulation consumes time: 0.3490312099456787
Partial simulation consumes time: 0.32108259201049805
Partial simulation consumes time: 0.35065674781799316
Partial simulation consumes time: 0.3421459197998047
Partial simulation consumes time: 0.053598880767822266
Partial simulation consumes time: 0.05264544486999512
Partial simulation consumes time: 0.052338600158691406
Partial simulation consumes time: 0.052916526794433594
Partial simulation consumes time: 0.05276966094970703
Partial simulation consumes time: 0.055107831954956055
Partial simulation consumes time: 0.0525970458984375
Partial simulation consumes time: 0.05204939842224121
Partial simulation consumes time: 0.05231976509094238
Partial simulation consumes time: 0.05319786071777344
Partial simulation consumes time: 0.06302618980407715
Partial simulation consumes time: 0.052820444107055664
Partial simulation consumes time: 0.052211761474609375
Partial simulation consumes time: 0.05326724052429199
Partial simulation consumes time: 0.05253744125366211
Partial simulation consumes time: 0.052373409271240234
Partial simulation consumes time: 0.05536198616027832
Partial simulation consumes time: 0.05339217185974121
Partial simulation consumes time: 0.05412101745605469
Partial simulation consumes time: 0.05282306671142578
Partial simulation consumes time: 0.05319333076477051
Partial simulation consumes time: 0.05260801315307617
Partial simulation consumes time: 0.05237936973571777
Partial simulation consumes time: 0.05279850959777832
Partial simulation consumes time: 0.056783437728881836
Partial simulation consumes time: 0.056284427642822266
Partial simulation consumes time: 0.053917646408081055
Partial simulation consumes time: 0.052498579025268555
Partial simulation consumes time: 0.0531315803527832
Partial simulation consumes time: 0.05235433578491211
Partial simulation consumes time: 0.05245351791381836
Partial simulation consumes time: 0.05385279655456543
Partial simulation consumes time: 0.05488777160644531
Partial simulation consumes time: 0.05266284942626953
Partial simulation consumes time: 0.052228689193725586
Partial simulation consumes time: 0.0540773868560791
Partial simulation consumes time: 0.05314946174621582
Partial simulation consumes time: 0.053633689880371094
Partial simulation consumes time: 0.054090261459350586
Partial simulation consumes time: 0.05277562141418457
Partial simulation consumes time: 0.05309128761291504
Partial simulation consumes time: 0.05586814880371094
Partial simulation consumes time: 0.05263638496398926
Partial simulation consumes time: 0.052721261978149414
Partial simulation consumes time: 0.05232095718383789
Partial simulation consumes time: 0.05224728584289551
Partial simulation consumes time: 0.052489519119262695
Partial simulation consumes time: 0.052666664123535156
Partial simulation consumes time: 0.052976131439208984
Partial simulation consumes time: 0.055236101150512695
Partial simulation consumes time: 0.05428624153137207
Partial simulation consumes time: 0.05251932144165039
Partial simulation consumes time: 0.052686214447021484
Partial simulation consumes time: 0.05293917655944824
Partial simulation consumes time: 0.05927324295043945
Partial simulation consumes time: 0.06024336814880371
Partial simulation consumes time: 0.06067347526550293
Partial simulation consumes time: 0.056296348571777344
Partial simulation consumes time: 0.06170511245727539
Partial simulation consumes time: 0.05623173713684082
Partial simulation consumes time: 0.05418038368225098
Partial simulation consumes time: 0.05283999443054199
Partial simulation consumes time: 0.05267190933227539
Partial simulation consumes time: 0.0531919002532959
Qdao runs:	545.2794904708862
_initialize	13.722837209701538
_preprocess	94.91372728347778
_postprocess	152.3245975971222
_run	531.5266590118408
load_sv	94.54544281959534
store_sv	152.30743837356567
Quafu runs:	335.27704977989197
.

================= 1 passed, 11 deselected in 883.30s (0:14:43) =================
