============================= test session starts ==============================
platform linux -- Python 3.10.6, pytest-7.2.0, pluggy-1.0.0
rootdir: /root/projects/qvm
plugins: anyio-3.6.2
collected 11 items / 10 deselected / 1 selected

tst/qvm/integration/qvm_test.py 
==== Testing ===

==== qasm_list ===

/root/projects/QASMBench/small//ising_n10/ising_n10.qasm,/root/projects/QASMBench/small//adder_n4/adder_n4.qasm,/root/projects/QASMBench/small//basis_change_n3/basis_change_n3.qasm,/root/projects/QASMBench/small//toffoli_n3/toffoli_n3.qasm,/root/projects/QASMBench/small//cat_state_n4/cat_state_n4.qasm,/root/projects/QASMBench/small//basis_trotter_n4/basis_trotter_n4.qasm
baseline selection time	12.83364224433899
baseline selection result	0.4437785036616753
.

=============================== warnings summary ===============================
qcs/tst/qvm/integration/qvm_test.py::TestFrpBaseline::test_frp_baseline[/root/projects/QASMBench/small//ising_n10/ising_n10.qasm,/root/projects/QASMBench/small//adder_n4/adder_n4.qasm,/root/projects/QASMBench/small//basis_change_n3/basis_change_n3.qasm,/root/projects/QASMBench/small//toffoli_n3/toffoli_n3.qasm,/root/projects/QASMBench/small//cat_state_n4/cat_state_n4.qasm,/root/projects/QASMBench/small//basis_trotter_n4/basis_trotter_n4.qasm-FakeBrooklyn-4]
qcs/tst/qvm/integration/qvm_test.py::TestFrpBaseline::test_frp_baseline[/root/projects/QASMBench/small//ising_n10/ising_n10.qasm,/root/projects/QASMBench/small//adder_n4/adder_n4.qasm,/root/projects/QASMBench/small//basis_change_n3/basis_change_n3.qasm,/root/projects/QASMBench/small//toffoli_n3/toffoli_n3.qasm,/root/projects/QASMBench/small//cat_state_n4/cat_state_n4.qasm,/root/projects/QASMBench/small//basis_trotter_n4/basis_trotter_n4.qasm-FakeBrooklyn-4]
qcs/tst/qvm/integration/qvm_test.py::TestFrpBaseline::test_frp_baseline[/root/projects/QASMBench/small//ising_n10/ising_n10.qasm,/root/projects/QASMBench/small//adder_n4/adder_n4.qasm,/root/projects/QASMBench/small//basis_change_n3/basis_change_n3.qasm,/root/projects/QASMBench/small//toffoli_n3/toffoli_n3.qasm,/root/projects/QASMBench/small//cat_state_n4/cat_state_n4.qasm,/root/projects/QASMBench/small//basis_trotter_n4/basis_trotter_n4.qasm-FakeBrooklyn-4]
qcs/tst/qvm/integration/qvm_test.py::TestFrpBaseline::test_frp_baseline[/root/projects/QASMBench/small//ising_n10/ising_n10.qasm,/root/projects/QASMBench/small//adder_n4/adder_n4.qasm,/root/projects/QASMBench/small//basis_change_n3/basis_change_n3.qasm,/root/projects/QASMBench/small//toffoli_n3/toffoli_n3.qasm,/root/projects/QASMBench/small//cat_state_n4/cat_state_n4.qasm,/root/projects/QASMBench/small//basis_trotter_n4/basis_trotter_n4.qasm-FakeBrooklyn-4]
qcs/tst/qvm/integration/qvm_test.py::TestFrpBaseline::test_frp_baseline[/root/projects/QASMBench/small//ising_n10/ising_n10.qasm,/root/projects/QASMBench/small//adder_n4/adder_n4.qasm,/root/projects/QASMBench/small//basis_change_n3/basis_change_n3.qasm,/root/projects/QASMBench/small//toffoli_n3/toffoli_n3.qasm,/root/projects/QASMBench/small//cat_state_n4/cat_state_n4.qasm,/root/projects/QASMBench/small//basis_trotter_n4/basis_trotter_n4.qasm-FakeBrooklyn-4]
qcs/tst/qvm/integration/qvm_test.py::TestFrpBaseline::test_frp_baseline[/root/projects/QASMBench/small//ising_n10/ising_n10.qasm,/root/projects/QASMBench/small//adder_n4/adder_n4.qasm,/root/projects/QASMBench/small//basis_change_n3/basis_change_n3.qasm,/root/projects/QASMBench/small//toffoli_n3/toffoli_n3.qasm,/root/projects/QASMBench/small//cat_state_n4/cat_state_n4.qasm,/root/projects/QASMBench/small//basis_trotter_n4/basis_trotter_n4.qasm-FakeBrooklyn-4]
  /root/anaconda3/envs/qcs-noise/lib/python3.10/site-packages/qiskit/providers/fake_provider/fake_backend.py:462: PendingDeprecationWarning: "warnings" argument will be deprecated as part of the qiskit-aer 0.12.0 and subsequently removed
    noise_model = NoiseModel.from_backend(self, warnings=False)

qcs/tst/qvm/integration/qvm_test.py::TestFrpBaseline::test_frp_baseline[/root/projects/QASMBench/small//ising_n10/ising_n10.qasm,/root/projects/QASMBench/small//adder_n4/adder_n4.qasm,/root/projects/QASMBench/small//basis_change_n3/basis_change_n3.qasm,/root/projects/QASMBench/small//toffoli_n3/toffoli_n3.qasm,/root/projects/QASMBench/small//cat_state_n4/cat_state_n4.qasm,/root/projects/QASMBench/small//basis_trotter_n4/basis_trotter_n4.qasm-FakeBrooklyn-4]
qcs/tst/qvm/integration/qvm_test.py::TestFrpBaseline::test_frp_baseline[/root/projects/QASMBench/small//ising_n10/ising_n10.qasm,/root/projects/QASMBench/small//adder_n4/adder_n4.qasm,/root/projects/QASMBench/small//basis_change_n3/basis_change_n3.qasm,/root/projects/QASMBench/small//toffoli_n3/toffoli_n3.qasm,/root/projects/QASMBench/small//cat_state_n4/cat_state_n4.qasm,/root/projects/QASMBench/small//basis_trotter_n4/basis_trotter_n4.qasm-FakeBrooklyn-4]
qcs/tst/qvm/integration/qvm_test.py::TestFrpBaseline::test_frp_baseline[/root/projects/QASMBench/small//ising_n10/ising_n10.qasm,/root/projects/QASMBench/small//adder_n4/adder_n4.qasm,/root/projects/QASMBench/small//basis_change_n3/basis_change_n3.qasm,/root/projects/QASMBench/small//toffoli_n3/toffoli_n3.qasm,/root/projects/QASMBench/small//cat_state_n4/cat_state_n4.qasm,/root/projects/QASMBench/small//basis_trotter_n4/basis_trotter_n4.qasm-FakeBrooklyn-4]
qcs/tst/qvm/integration/qvm_test.py::TestFrpBaseline::test_frp_baseline[/root/projects/QASMBench/small//ising_n10/ising_n10.qasm,/root/projects/QASMBench/small//adder_n4/adder_n4.qasm,/root/projects/QASMBench/small//basis_change_n3/basis_change_n3.qasm,/root/projects/QASMBench/small//toffoli_n3/toffoli_n3.qasm,/root/projects/QASMBench/small//cat_state_n4/cat_state_n4.qasm,/root/projects/QASMBench/small//basis_trotter_n4/basis_trotter_n4.qasm-FakeBrooklyn-4]
qcs/tst/qvm/integration/qvm_test.py::TestFrpBaseline::test_frp_baseline[/root/projects/QASMBench/small//ising_n10/ising_n10.qasm,/root/projects/QASMBench/small//adder_n4/adder_n4.qasm,/root/projects/QASMBench/small//basis_change_n3/basis_change_n3.qasm,/root/projects/QASMBench/small//toffoli_n3/toffoli_n3.qasm,/root/projects/QASMBench/small//cat_state_n4/cat_state_n4.qasm,/root/projects/QASMBench/small//basis_trotter_n4/basis_trotter_n4.qasm-FakeBrooklyn-4]
qcs/tst/qvm/integration/qvm_test.py::TestFrpBaseline::test_frp_baseline[/root/projects/QASMBench/small//ising_n10/ising_n10.qasm,/root/projects/QASMBench/small//adder_n4/adder_n4.qasm,/root/projects/QASMBench/small//basis_change_n3/basis_change_n3.qasm,/root/projects/QASMBench/small//toffoli_n3/toffoli_n3.qasm,/root/projects/QASMBench/small//cat_state_n4/cat_state_n4.qasm,/root/projects/QASMBench/small//basis_trotter_n4/basis_trotter_n4.qasm-FakeBrooklyn-4]
  /root/anaconda3/envs/qcs-noise/lib/python3.10/site-packages/qiskit_aer/noise/device/models.py:365: UserWarning: Device model returned an invalid T_2 relaxation time greater than the theoretical maximum value 2 * T_1 (96966.20180926041 > 2 * 40591.82230473617). Truncating to maximum value.
    warn("Device model returned an invalid T_2 relaxation time greater than"

qcs/tst/qvm/integration/qvm_test.py::TestFrpBaseline::test_frp_baseline[/root/projects/QASMBench/small//ising_n10/ising_n10.qasm,/root/projects/QASMBench/small//adder_n4/adder_n4.qasm,/root/projects/QASMBench/small//basis_change_n3/basis_change_n3.qasm,/root/projects/QASMBench/small//toffoli_n3/toffoli_n3.qasm,/root/projects/QASMBench/small//cat_state_n4/cat_state_n4.qasm,/root/projects/QASMBench/small//basis_trotter_n4/basis_trotter_n4.qasm-FakeBrooklyn-4]
  /root/anaconda3/envs/qcs-noise/lib/python3.10/site-packages/qiskit_aer/noise/device/models.py:365: UserWarning: Device model returned an invalid T_2 relaxation time greater than the theoretical maximum value 2 * T_1 (9.696620180926042e-05 > 2 * 4.059182230473617e-05). Truncating to maximum value.
    warn("Device model returned an invalid T_2 relaxation time greater than"

-- Docs: https://docs.pytest.org/en/stable/how-to/capture-warnings.html
================ 1 passed, 10 deselected, 13 warnings in 47.97s ================
