============================= test session starts ==============================
platform linux -- Python 3.10.6, pytest-7.2.0, pluggy-1.0.0
rootdir: /root/projects/qvm
plugins: anyio-3.6.2
collected 55 items / 54 deselected / 1 selected

tst/qvm/integration/bench_test.py 
------------------- Testing --------------

QVM::selection::costs::	naive	2.5033950805664062e-05
compute_unit_list	[{1, 12}, {3, 6}]
QVM::selection::costs::	naive_reverse	7.867813110351562e-05
compute_unit_list	[{1, 12}, {3, 6}]
QVM::selection::costs::	brute_force	0.00020813941955566406
compute_unit_list	[{1, 12}, {3, 6}]
small_first	2.5033950805664062e-05	0.42750583012299015	0.9655089378356934
large_first	7.867813110351562e-05	0.42892803177296057	0.9654092788696289
brute_force	0.00020813941955566406	0.4284830407910599	0.9652132987976074
.

=============================== warnings summary ===============================
qcs/tst/qvm/integration/bench_test.py::TestBenchDiffBackendQvmFrpV2::test_bench_multi_methods_multi_metrics[/root/projects/QASMBench/small//dnn_n8/dnn_n8.qasm,/root/projects/QASMBench/small//lpn_n5/lpn_n5.qasm-FakeBrooklyn-4-small_first,large_first,brute_force]
qcs/tst/qvm/integration/bench_test.py::TestBenchDiffBackendQvmFrpV2::test_bench_multi_methods_multi_metrics[/root/projects/QASMBench/small//dnn_n8/dnn_n8.qasm,/root/projects/QASMBench/small//lpn_n5/lpn_n5.qasm-FakeBrooklyn-4-small_first,large_first,brute_force]
  /root/anaconda3/envs/qcs-noise/lib/python3.10/site-packages/qiskit/providers/fake_provider/fake_backend.py:462: PendingDeprecationWarning: "warnings" argument will be deprecated as part of the qiskit-aer 0.12.0 and subsequently removed
    noise_model = NoiseModel.from_backend(self, warnings=False)

-- Docs: https://docs.pytest.org/en/stable/how-to/capture-warnings.html
=========== 1 passed, 54 deselected, 2 warnings in 89.95s (0:01:29) ============
