============================= test session starts ==============================
platform linux -- Python 3.10.6, pytest-7.2.0, pluggy-1.0.0
rootdir: /root/projects/qvm
plugins: anyio-3.6.2
collected 55 items / 54 deselected / 1 selected

tst/qvm/integration/bench_test.py 
------------------- Testing --------------

QVM::selection::costs::	naive	2.5272369384765625e-05
compute_unit_list	[{3, 6}, {1, 12}]
QVM::selection::costs::	naive_reverse	0.00010085105895996094
compute_unit_list	[{3, 6}, {1, 12}]
QVM::selection::costs::	brute_force	0.00018024444580078125
compute_unit_list	[{3, 6}, {1, 12}]
small_first	2.5272369384765625e-05	0.1115650377913792	0.9152355194091797
large_first	0.00010085105895996094	0.11090437953811022	0.9155101776123047
brute_force	0.00018024444580078125	0.11094905749156599	0.9154915809631348
.

=============================== warnings summary ===============================
qcs/tst/qvm/integration/bench_test.py::TestBenchDiffBackendQvmFrpV2::test_bench_multi_methods_multi_metrics[/root/projects/QASMBench/small//qaoa_n6/qaoa_n6.qasm,/root/projects/QASMBench/small//simon_n6/simon_n6.qasm-FakeBrooklyn-4-small_first,large_first,brute_force]
qcs/tst/qvm/integration/bench_test.py::TestBenchDiffBackendQvmFrpV2::test_bench_multi_methods_multi_metrics[/root/projects/QASMBench/small//qaoa_n6/qaoa_n6.qasm,/root/projects/QASMBench/small//simon_n6/simon_n6.qasm-FakeBrooklyn-4-small_first,large_first,brute_force]
  /root/anaconda3/envs/qcs-noise/lib/python3.10/site-packages/qiskit/providers/fake_provider/fake_backend.py:462: PendingDeprecationWarning: "warnings" argument will be deprecated as part of the qiskit-aer 0.12.0 and subsequently removed
    noise_model = NoiseModel.from_backend(self, warnings=False)

-- Docs: https://docs.pytest.org/en/stable/how-to/capture-warnings.html
=========== 1 passed, 54 deselected, 2 warnings in 61.33s (0:01:01) ============
