============================= test session starts ==============================
platform linux -- Python 3.10.6, pytest-7.2.0, pluggy-1.0.0
rootdir: /root/projects/qvm
plugins: anyio-3.6.2
collected 55 items / 54 deselected / 1 selected

tst/qvm/integration/bench_test.py 
------------------- Testing --------------

QVM::selection::costs::	naive	1.1920928955078125e-05
compute_unit_list	[{3}, {2}]
QVM::selection::costs::	naive_reverse	2.2172927856445312e-05
compute_unit_list	[{2}, {3}]
QVM::selection::costs::	brute_force	0.0004730224609375
compute_unit_list	[{2}, {3}]
small_first	1.1920928955078125e-05	0.10256317704576068	0.9232954978942871
large_first	2.2172927856445312e-05	0.1256502109824436	0.9071097373962402
brute_force	0.0004730224609375	0.1257616953096355	0.9073562622070312
.

=============================== warnings summary ===============================
qcs/tst/qvm/integration/bench_test.py::TestBenchDiffBackendQvmFrpV2::test_bench_multi_methods_multi_metrics[/root/projects/QASMBench/small//toffoli_n3/toffoli_n3.qasm,/root/projects/QASMBench/small//dnn_n2/dnn_n2.qasm-FakeBrooklyn-4-small_first,large_first,brute_force]
qcs/tst/qvm/integration/bench_test.py::TestBenchDiffBackendQvmFrpV2::test_bench_multi_methods_multi_metrics[/root/projects/QASMBench/small//toffoli_n3/toffoli_n3.qasm,/root/projects/QASMBench/small//dnn_n2/dnn_n2.qasm-FakeBrooklyn-4-small_first,large_first,brute_force]
qcs/tst/qvm/integration/bench_test.py::TestBenchDiffBackendQvmFrpV2::test_bench_multi_methods_multi_metrics[/root/projects/QASMBench/small//toffoli_n3/toffoli_n3.qasm,/root/projects/QASMBench/small//dnn_n2/dnn_n2.qasm-FakeBrooklyn-4-small_first,large_first,brute_force]
qcs/tst/qvm/integration/bench_test.py::TestBenchDiffBackendQvmFrpV2::test_bench_multi_methods_multi_metrics[/root/projects/QASMBench/small//toffoli_n3/toffoli_n3.qasm,/root/projects/QASMBench/small//dnn_n2/dnn_n2.qasm-FakeBrooklyn-4-small_first,large_first,brute_force]
  /root/anaconda3/envs/qcs-noise/lib/python3.10/site-packages/qiskit/providers/fake_provider/fake_backend.py:462: PendingDeprecationWarning: "warnings" argument will be deprecated as part of the qiskit-aer 0.12.0 and subsequently removed
    noise_model = NoiseModel.from_backend(self, warnings=False)

-- Docs: https://docs.pytest.org/en/stable/how-to/capture-warnings.html
=========== 1 passed, 54 deselected, 4 warnings in 73.03s (0:01:13) ============
