============================= test session starts ==============================
platform linux -- Python 3.10.6, pytest-7.2.0, pluggy-1.0.0
rootdir: /root/projects/qcs
plugins: anyio-3.6.2
collected 13 items / 12 deselected / 1 selected

tst/qdao/engine.py 
::::::::::::::::::Config::::::::::::::::::

NQ::	29
NP::	27
NL::	22

::::::::::::::::::Config::::::::::::::::::

Partial simulation consumes time: 14.00733208656311
Partial simulation consumes time: 13.862346410751343
Partial simulation consumes time: 13.723440170288086
Partial simulation consumes time: 14.527759075164795
Partial simulation consumes time: 0.4700047969818115
Partial simulation consumes time: 0.5192945003509521
Partial simulation consumes time: 0.4479851722717285
Partial simulation consumes time: 0.44980740547180176
Qdao runs:	93.50927758216858
_initialize	7.9922075271606445
_preprocess	10.00400972366333
_postprocess	16.514859676361084
_run	85.40393853187561
initialize	7.992190599441528
load_sv	9.985205888748169
store_sv	16.514556407928467
Qiskit runs: 49.59087681770325
.

================= 1 passed, 12 deselected in 145.26s (0:02:25) =================
