Randomly selected files:
/root/projects/QASMBench/small//bell_n4/bell_n4.qasm,/root/projects/QASMBench/small//qec_en_n5/qec_en_n5.qasm
============================= test session starts ==============================
platform linux -- Python 3.10.6, pytest-7.2.0, pluggy-1.0.0
rootdir: /root/projects/qcs
plugins: anyio-3.6.2
collected 20 items / 19 deselected / 1 selected

tst/qvm/integration/bench_test.py [7.50608444e-02 1.71136856e-02 7.21807480e-02 1.81407928e-02
 1.81055069e-02 6.91442490e-02 1.86939240e-02 6.73408508e-02
 7.05862045e-02 1.75018311e-02 1.97277069e-02 6.62803650e-02
 1.82523727e-02 6.53686523e-02 6.67495728e-02 1.49793625e-02
 1.25789642e-03 2.84194946e-04 1.25598907e-03 3.05175781e-04
 2.94685364e-04 1.19400024e-03 2.97546387e-04 1.08814240e-03
 1.17111206e-03 2.98500061e-04 3.02314758e-04 1.06525421e-03
 3.00407410e-04 1.08718872e-03 1.06811523e-03 2.34603882e-04
 1.62982941e-03 3.54766846e-04 1.58309937e-03 3.43322754e-04
 3.61442566e-04 1.44386292e-03 4.39643860e-04 1.41334534e-03
 1.52587891e-03 4.05311584e-04 3.94821167e-04 1.43527985e-03
 4.03404236e-04 1.36089325e-03 1.45721436e-03 3.18527222e-04
 4.65393066e-04 1.03950500e-04 4.84466553e-04 1.12533569e-04
 1.02996826e-04 4.94956970e-04 1.26838684e-04 4.13894653e-04
 4.55856323e-04 1.24931335e-04 1.47819519e-04 4.23431396e-04
 1.17301941e-04 4.33921814e-04 4.21524048e-04 9.15527344e-05
 1.32751465e-03 3.32832336e-04 1.25789642e-03 3.16619873e-04
 3.09944153e-04 1.20067596e-03 3.71932983e-04 1.15489960e-03
 1.25598907e-03 3.29017639e-04 3.66210938e-04 1.19781494e-03
 3.27110291e-04 1.13201141e-03 1.22070312e-03 2.60353088e-04
 1.03950500e-04 1.71661377e-05 9.63211060e-05 2.57492065e-05
 2.19345093e-05 1.01089478e-04 2.28881836e-05 8.29696655e-05
 9.63211060e-05 2.67028809e-05 2.47955322e-05 8.20159912e-05
 1.62124634e-05 8.77380371e-05 8.86917114e-05 2.19345093e-05
 6.58988953e-04 1.73568726e-04 6.65664673e-04 1.70707703e-04
 1.51634216e-04 6.17980957e-04 1.69754028e-04 5.72204590e-04
 6.14166260e-04 1.72615051e-04 1.61170959e-04 6.15119934e-04
 1.81198120e-04 5.77926636e-04 5.96046448e-04 1.43051147e-04
 3.87191772e-04 7.72476196e-05 3.31878662e-04 9.05990601e-05
 8.67843628e-05 3.69071960e-04 9.63211060e-05 3.29017639e-04
 3.55720520e-04 1.02996826e-04 1.18255615e-04 3.15666199e-04
 8.77380371e-05 3.05175781e-04 3.32832336e-04 7.24792480e-05
 2.16579437e-03 5.28335571e-04 1.99794769e-03 5.49316406e-04
 5.19752502e-04 1.97315216e-03 5.76019287e-04 1.88922882e-03
 2.02369690e-03 5.23567200e-04 5.64575195e-04 1.96170807e-03
 5.47409058e-04 1.87778473e-03 1.93786621e-03 3.95774841e-04
 4.82559204e-04 9.82284546e-05 4.32014465e-04 1.14440918e-04
 1.19209290e-04 4.03404236e-04 1.00135803e-04 4.37736511e-04
 4.37736511e-04 1.03950500e-04 9.72747803e-05 4.04357910e-04
 9.44137573e-05 4.15802002e-04 3.98635864e-04 8.58306885e-05
 5.64575195e-04 1.70707703e-04 5.82695007e-04 1.51634216e-04
 1.56402588e-04 5.48362732e-04 1.83105469e-04 5.59806824e-04
 5.95092773e-04 1.49726868e-04 1.56402588e-04 5.37872314e-04
 1.48773193e-04 5.59806824e-04 5.55038452e-04 1.31607056e-04
 1.12886429e-02 2.58827209e-03 1.08156204e-02 2.75707245e-03
 2.70080566e-03 1.03902817e-02 2.78568268e-03 1.00669861e-02
 1.06925964e-02 2.74944305e-03 3.04126740e-03 1.01404190e-02
 2.70557404e-03 1.01089478e-02 1.00736618e-02 2.18868256e-03
 9.86099243e-04 2.18391418e-04 9.67979431e-04 2.76565552e-04
 2.71797180e-04 9.46998596e-04 2.47001648e-04 9.35554504e-04
 9.41276550e-04 2.14576721e-04 2.88009644e-04 8.90731812e-04
 2.59399414e-04 8.64982605e-04 8.79287720e-04 2.00271606e-04
 1.39045715e-03 3.06129456e-04 1.31988525e-03 3.48091125e-04
 3.20434570e-04 1.28459930e-03 3.68118286e-04 1.24835968e-03
 1.30176544e-03 2.99453735e-04 3.62396240e-04 1.23882294e-03
 3.20434570e-04 1.18827820e-03 1.23405457e-03 2.60353088e-04
 4.29153442e-05 1.33514404e-05 6.00814819e-05 1.33514404e-05
 1.71661377e-05 4.00543213e-05 1.62124634e-05 4.86373901e-05
 6.00814819e-05 1.33514404e-05 1.14440918e-05 4.76837158e-05
 1.43051147e-05 4.10079956e-05 5.05447388e-05 1.14440918e-05
 2.63214111e-04 6.48498535e-05 2.58445740e-04 6.48498535e-05
 5.91278076e-05 2.29835510e-04 6.19888306e-05 2.60353088e-04
 2.83241272e-04 5.43594360e-05 7.91549683e-05 2.55584717e-04
 7.53402710e-05 2.76565552e-04 2.51770020e-04 6.48498535e-05
 2.85625458e-03 6.33239746e-04 2.75135040e-03 7.34329224e-04
 6.93321228e-04 2.67696381e-03 6.97135925e-04 2.57015228e-03
 2.66170502e-03 6.62803650e-04 7.46726990e-04 2.57873535e-03
 7.38143921e-04 2.53677368e-03 2.61783600e-03 5.93185425e-04
 1.58977509e-03 3.24249268e-04 1.46389008e-03 3.41415405e-04
 3.83377075e-04 1.44577026e-03 4.06265259e-04 1.42097473e-03
 1.48963928e-03 3.77655029e-04 4.22477722e-04 1.41429901e-03
 4.01496887e-04 1.35803223e-03 1.41239166e-03 3.29971313e-04
 1.02996826e-04 2.47955322e-05 9.63211060e-05 4.00543213e-05
 3.33786011e-05 1.01089478e-04 2.57492065e-05 1.02043152e-04
 8.96453857e-05 2.67028809e-05 2.47955322e-05 1.21116638e-04
 2.67028809e-05 9.25064087e-05 9.91821289e-05 1.90734863e-05
 4.86373901e-05 1.62124634e-05 6.77108765e-05 1.23977661e-05
 1.90734863e-05 6.96182251e-05 1.62124634e-05 5.34057617e-05
 6.48498535e-05 1.52587891e-05 2.09808350e-05 6.48498535e-05
 1.71661377e-05 6.48498535e-05 7.24792480e-05 1.43051147e-05
 4.89234924e-04 9.82284546e-05 4.65393066e-04 1.34468079e-04
 1.11579895e-04 4.65393066e-04 1.38282776e-04 4.41551208e-04
 4.71115112e-04 1.23977661e-04 1.26838684e-04 4.32014465e-04
 1.16348267e-04 4.43458557e-04 4.55856323e-04 1.04904175e-04
 6.38961792e-05 1.71661377e-05 6.77108765e-05 1.04904175e-05
 1.43051147e-05 4.95910645e-05 1.71661377e-05 6.48498535e-05
 5.53131104e-05 1.71661377e-05 1.04904175e-05 7.53402710e-05
 9.53674316e-06 5.53131104e-05 6.58035278e-05 1.33514404e-05
 5.99861145e-04 1.23977661e-04 5.58853149e-04 1.47819519e-04
 1.37329102e-04 5.87463379e-04 1.66893005e-04 5.42640686e-04
 5.79833984e-04 1.47819519e-04 1.37329102e-04 5.64575195e-04
 1.26838684e-04 5.48362732e-04 5.51223755e-04 1.34468079e-04
 2.87055969e-04 7.72476196e-05 2.61306763e-04 6.29425049e-05
 7.91549683e-05 2.73704529e-04 7.24792480e-05 2.55584717e-04
 2.93731689e-04 7.62939453e-05 6.38961792e-05 2.63214111e-04
 8.48770142e-05 2.43186951e-04 2.84194946e-04 6.19888306e-05
 1.44958496e-04 4.86373901e-05 1.63078308e-04 3.91006470e-05
 4.48226929e-05 1.53541565e-04 3.24249268e-05 1.39236450e-04
 1.55448914e-04 4.29153442e-05 3.91006470e-05 1.70707703e-04
 4.10079956e-05 1.35421753e-04 1.23977661e-04 3.14712524e-05
 6.96182251e-05 2.09808350e-05 9.05990601e-05 2.38418579e-05
 2.38418579e-05 9.25064087e-05 3.43322754e-05 8.29696655e-05
 9.25064087e-05 2.28881836e-05 1.90734863e-05 7.62939453e-05
 1.90734863e-05 8.96453857e-05 7.43865967e-05 1.43051147e-05
 5.19752502e-04 1.15394592e-04 4.83512878e-04 1.29699707e-04
 1.27792358e-04 4.33921814e-04 1.40190125e-04 4.51087952e-04
 4.72068787e-04 1.07765198e-04 1.17301941e-04 4.52995300e-04
 1.23977661e-04 4.60624695e-04 4.79698181e-04 1.09672546e-04
 5.36918640e-04 1.26838684e-04 4.62532043e-04 1.21116638e-04
 1.09672546e-04 4.54902649e-04 1.29699707e-04 4.29153442e-04
 4.49180603e-04 1.08718872e-04 1.39236450e-04 4.37736511e-04
 1.10626221e-04 4.15802002e-04 4.67300415e-04 1.14440918e-04
 1.62601471e-03 3.85284424e-04 1.60789490e-03 4.30107117e-04
 3.84330750e-04 1.56497955e-03 4.14848328e-04 1.40476227e-03
 1.52206421e-03 4.25338745e-04 4.15802002e-04 1.45339966e-03
 3.86238098e-04 1.41239166e-03 1.51538849e-03 3.23295593e-04
 5.76972961e-04 1.40190125e-04 5.53131104e-04 1.68800354e-04
 1.15394592e-04 5.66482544e-04 1.49726868e-04 5.32150269e-04
 5.12123108e-04 1.40190125e-04 1.62124634e-04 5.23567200e-04
 1.33514404e-04 5.38825989e-04 5.32150269e-04 1.23023987e-04
 5.34057617e-05 1.23977661e-05 6.10351562e-05 1.04904175e-05
 1.71661377e-05 6.10351562e-05 1.43051147e-05 4.95910645e-05
 7.72476196e-05 1.33514404e-05 1.23977661e-05 7.62939453e-05
 9.53674316e-06 5.34057617e-05 7.24792480e-05 1.52587891e-05
 9.63211060e-05 1.81198120e-05 9.34600830e-05 1.90734863e-05
 1.52587891e-05 8.77380371e-05 1.81198120e-05 8.39233398e-05
 6.29425049e-05 3.33786011e-05 2.19345093e-05 7.91549683e-05
 1.90734863e-05 8.58306885e-05 9.15527344e-05 2.38418579e-05]
[0.0912838  0.01541233 0.09128094 0.01556015 0.0158329  0.09117603
 0.01582527 0.09085178 0.09109879 0.01551437 0.01544189 0.09089565
 0.01571846 0.09088326 0.09115601 0.01556778 0.         0.
 0.         0.         0.         0.         0.         0.
 0.         0.         0.         0.         0.         0.
 0.         0.         0.         0.         0.         0.
 0.         0.         0.         0.         0.         0.
 0.         0.         0.         0.         0.         0.
 0.         0.         0.         0.         0.         0.
 0.         0.         0.         0.         0.         0.
 0.         0.         0.         0.         0.         0.
 0.         0.         0.         0.         0.         0.
 0.         0.         0.         0.         0.         0.
 0.         0.         0.         0.         0.         0.
 0.         0.         0.         0.         0.         0.
 0.         0.         0.         0.         0.         0.
 0.         0.         0.         0.         0.         0.
 0.         0.         0.         0.         0.         0.
 0.         0.         0.         0.         0.         0.
 0.         0.         0.         0.         0.         0.
 0.         0.         0.         0.         0.         0.
 0.         0.         0.         0.         0.         0.
 0.         0.         0.         0.         0.         0.
 0.         0.         0.         0.         0.         0.
 0.         0.         0.         0.         0.         0.
 0.         0.         0.         0.         0.         0.
 0.         0.         0.         0.         0.         0.
 0.         0.         0.         0.         0.         0.
 0.         0.         0.         0.         0.         0.
 0.         0.         0.01556206 0.00270271 0.0156126  0.00271606
 0.00264263 0.01552677 0.00269508 0.01574707 0.01568222 0.0026989
 0.00269604 0.01557446 0.00263786 0.01548481 0.01581383 0.00270748
 0.         0.         0.         0.         0.         0.
 0.         0.         0.         0.         0.         0.
 0.         0.         0.         0.         0.         0.
 0.         0.         0.         0.         0.         0.
 0.         0.         0.         0.         0.         0.
 0.         0.         0.         0.         0.         0.
 0.         0.         0.         0.         0.         0.
 0.         0.         0.         0.         0.         0.
 0.         0.         0.         0.         0.         0.
 0.         0.         0.         0.         0.         0.
 0.         0.         0.         0.         0.         0.
 0.         0.         0.         0.         0.         0.
 0.         0.         0.         0.         0.         0.
 0.         0.         0.         0.         0.         0.
 0.         0.         0.         0.         0.         0.
 0.         0.         0.         0.         0.         0.
 0.         0.         0.         0.         0.         0.
 0.         0.         0.         0.         0.         0.
 0.         0.         0.         0.         0.         0.
 0.         0.         0.         0.         0.         0.
 0.         0.         0.         0.         0.         0.
 0.         0.         0.         0.         0.         0.
 0.         0.         0.         0.         0.         0.
 0.         0.         0.         0.         0.         0.
 0.         0.         0.         0.         0.         0.
 0.         0.         0.         0.         0.         0.
 0.         0.         0.         0.         0.         0.
 0.         0.         0.         0.         0.         0.
 0.         0.         0.         0.         0.         0.
 0.         0.         0.         0.         0.         0.
 0.         0.         0.         0.         0.         0.
 0.         0.         0.         0.         0.         0.
 0.         0.         0.         0.         0.         0.
 0.         0.         0.         0.         0.         0.
 0.         0.         0.         0.         0.         0.
 0.         0.         0.         0.         0.         0.
 0.         0.         0.         0.         0.         0.
 0.         0.         0.         0.         0.         0.
 0.         0.         0.         0.         0.         0.
 0.         0.         0.         0.         0.         0.
 0.         0.         0.         0.         0.         0.
 0.         0.         0.         0.         0.         0.
 0.         0.         0.         0.         0.         0.
 0.         0.         0.         0.         0.         0.
 0.         0.         0.         0.         0.         0.
 0.         0.         0.         0.         0.         0.
 0.         0.         0.         0.         0.         0.
 0.         0.         0.         0.         0.         0.
 0.         0.         0.         0.         0.         0.
 0.         0.         0.         0.         0.         0.
 0.         0.         0.         0.         0.         0.
 0.         0.         0.         0.         0.         0.
 0.         0.         0.         0.         0.         0.
 0.         0.        ]
[7.60316849e-02 1.68199539e-02 7.45553970e-02 1.79595947e-02
 2.10981369e-02 6.77814484e-02 2.17761993e-02 6.62994385e-02
 7.22837448e-02 1.77011490e-02 2.41012573e-02 6.52074814e-02
 2.19469070e-02 6.38980865e-02 6.92262650e-02 1.60598755e-02
 1.43051147e-03 3.08036804e-04 1.39141083e-03 3.10897827e-04
 4.33921814e-04 1.30176544e-03 3.96728516e-04 1.34277344e-03
 1.40190125e-03 3.79562378e-04 4.93049622e-04 1.26934052e-03
 4.32968140e-04 1.22928619e-03 1.42097473e-03 3.56674194e-04
 9.12666321e-04 1.92642212e-04 7.77244568e-04 1.83105469e-04
 2.68936157e-04 7.27653503e-04 2.34603882e-04 7.14302063e-04
 8.14437866e-04 2.04086304e-04 2.84194946e-04 6.84738159e-04
 2.24113464e-04 7.92503357e-04 8.11576843e-04 1.91688538e-04
 4.16755676e-04 1.02996826e-04 3.87191772e-04 8.20159912e-05
 1.11579895e-04 3.36647034e-04 1.00135803e-04 3.52859497e-04
 3.62396240e-04 9.91821289e-05 1.23023987e-04 3.45230103e-04
 1.01089478e-04 3.70979309e-04 3.26156616e-04 8.86917114e-05
 1.36947632e-03 2.96592712e-04 1.38092041e-03 3.29017639e-04
 3.77655029e-04 1.27410889e-03 3.78608704e-04 1.23214722e-03
 1.35898590e-03 3.56674194e-04 4.41551208e-04 1.21974945e-03
 4.63485718e-04 1.14727020e-03 1.33037567e-03 3.22341919e-04
 6.00814819e-05 1.52587891e-05 6.58035278e-05 1.71661377e-05
 7.62939453e-06 6.48498535e-05 1.33514404e-05 5.72204590e-05
 6.29425049e-05 2.38418579e-05 2.19345093e-05 4.86373901e-05
 2.38418579e-05 5.14984131e-05 6.10351562e-05 1.52587891e-05
 1.97410583e-04 5.24520874e-05 2.19345093e-04 4.19616699e-05
 4.95910645e-05 1.95503235e-04 4.29153442e-05 1.75476074e-04
 1.90734863e-04 4.10079956e-05 6.86645508e-05 1.68800354e-04
 4.95910645e-05 1.78337097e-04 1.84059143e-04 3.71932983e-05
 4.10079956e-04 9.91821289e-05 4.23431396e-04 1.09672546e-04
 1.20162964e-04 4.33921814e-04 1.17301941e-04 3.72886658e-04
 4.33921814e-04 9.05990601e-05 1.30653381e-04 3.86238098e-04
 1.22070312e-04 3.73840332e-04 4.11033630e-04 8.77380371e-05
 6.60896301e-04 1.35421753e-04 6.18934631e-04 1.50680542e-04
 1.65939331e-04 5.88417053e-04 1.99317932e-04 5.63621521e-04
 6.69479370e-04 1.35421753e-04 2.05993652e-04 5.81741333e-04
 2.05039978e-04 5.35011292e-04 6.21795654e-04 1.55448914e-04
 4.26292419e-04 9.91821289e-05 4.25338745e-04 1.02043152e-04
 1.18255615e-04 3.57627869e-04 1.30653381e-04 3.75747681e-04
 3.97682190e-04 1.02996826e-04 1.12533569e-04 3.39508057e-04
 1.30653381e-04 3.38554382e-04 4.00543213e-04 9.05990601e-05
 6.30378723e-04 1.32560730e-04 6.39915466e-04 1.60217285e-04
 1.68800354e-04 5.56945801e-04 1.78337097e-04 5.55038452e-04
 6.30378723e-04 1.48773193e-04 2.33650208e-04 5.86509705e-04
 2.13623047e-04 5.54084778e-04 5.92231750e-04 1.62124634e-04
 1.13887787e-02 2.54249573e-03 1.09691620e-02 2.68459320e-03
 3.00979614e-03 1.00088120e-02 3.19290161e-03 1.00002289e-02
 1.06506348e-02 2.64167786e-03 3.63349915e-03 9.98497009e-03
 3.21578979e-03 9.40895081e-03 1.01451874e-02 2.37655640e-03
 1.51538849e-03 3.68118286e-04 1.47056580e-03 3.73840332e-04
 4.41551208e-04 1.37329102e-03 4.19616699e-04 1.34181976e-03
 1.47628784e-03 3.84330750e-04 5.09262085e-04 1.31893158e-03
 4.41551208e-04 1.25885010e-03 1.40666962e-03 3.36647034e-04
 2.00271606e-04 4.19616699e-05 2.29835510e-04 4.38690186e-05
 5.34057617e-05 1.91688538e-04 7.15255737e-05 1.76429749e-04
 2.08854675e-04 5.43594360e-05 7.91549683e-05 1.71661377e-04
 5.43594360e-05 1.55448914e-04 2.08854675e-04 5.14984131e-05
 6.19888306e-05 1.04904175e-05 5.05447388e-05 1.04904175e-05
 1.52587891e-05 5.24520874e-05 1.71661377e-05 5.05447388e-05
 4.95910645e-05 2.19345093e-05 1.52587891e-05 4.67300415e-05
 1.23977661e-05 3.62396240e-05 6.38961792e-05 5.72204590e-06
 3.66210938e-04 8.67843628e-05 3.60488892e-04 8.77380371e-05
 1.04904175e-04 3.06129456e-04 8.20159912e-05 3.51905823e-04
 3.35693359e-04 8.29696655e-05 1.17301941e-04 2.90870667e-04
 1.02996826e-04 3.16619873e-04 3.42369080e-04 8.01086426e-05
 3.39984894e-03 7.24792480e-04 3.36360931e-03 8.32557678e-04
 9.66072083e-04 3.13663483e-03 9.69886780e-04 2.99835205e-03
 3.31497192e-03 7.64846802e-04 1.07097626e-03 2.90012360e-03
 1.00040436e-03 2.84004211e-03 3.16143036e-03 7.51495361e-04
 5.96046448e-04 1.13487244e-04 5.68389893e-04 1.37329102e-04
 1.72615051e-04 4.96864319e-04 1.73568726e-04 4.73022461e-04
 5.24520874e-04 1.24931335e-04 1.84059143e-04 4.84466553e-04
 1.63078308e-04 4.70161438e-04 5.15937805e-04 1.18255615e-04
 7.62939453e-05 1.90734863e-05 9.63211060e-05 2.28881836e-05
 2.95639038e-05 7.53402710e-05 2.76565552e-05 6.29425049e-05
 8.39233398e-05 2.38418579e-05 2.47955322e-05 6.58035278e-05
 2.76565552e-05 7.34329224e-05 8.58306885e-05 1.52587891e-05
 1.34468079e-04 2.57492065e-05 1.30653381e-04 2.67028809e-05
 3.43322754e-05 1.18255615e-04 4.10079956e-05 1.18255615e-04
 1.26838684e-04 3.14712524e-05 3.14712524e-05 1.35421753e-04
 3.43322754e-05 1.13487244e-04 1.31607056e-04 2.09808350e-05
 1.53827667e-03 3.24249268e-04 1.62029266e-03 3.88145447e-04
 4.47273254e-04 1.43718719e-03 4.60624695e-04 1.35326385e-03
 1.50012970e-03 3.71932983e-04 5.08308411e-04 1.38854980e-03
 4.69207764e-04 1.32179260e-03 1.40666962e-03 3.36647034e-04
 8.39233398e-05 1.81198120e-05 8.48770142e-05 1.62124634e-05
 2.47955322e-05 7.34329224e-05 2.38418579e-05 7.53402710e-05
 8.20159912e-05 1.81198120e-05 1.90734863e-05 6.58035278e-05
 2.19345093e-05 5.14984131e-05 6.00814819e-05 1.81198120e-05
 9.37461853e-04 1.99317932e-04 8.60214233e-04 2.20298767e-04
 2.25067139e-04 8.07762146e-04 2.29835510e-04 7.22885132e-04
 8.43048096e-04 1.95503235e-04 2.70843506e-04 7.97271729e-04
 2.55584717e-04 7.31468201e-04 8.02993774e-04 1.72615051e-04
 4.76837158e-04 1.15394592e-04 4.62532043e-04 1.02996826e-04
 1.35421753e-04 4.20570374e-04 1.55448914e-04 4.52995300e-04
 4.35829163e-04 1.23023987e-04 1.63078308e-04 4.00543213e-04
 1.21116638e-04 3.92913818e-04 4.47273254e-04 1.12533569e-04
 5.50270081e-04 1.20162964e-04 5.55992126e-04 1.39236450e-04
 1.65939331e-04 5.13076782e-04 1.59263611e-04 4.94003296e-04
 5.36918640e-04 1.38282776e-04 1.71661377e-04 4.94956970e-04
 1.71661377e-04 4.63485718e-04 5.39779663e-04 1.19209290e-04
 6.19888306e-05 1.52587891e-05 7.34329224e-05 1.23977661e-05
 1.71661377e-05 8.01086426e-05 1.62124634e-05 6.67572021e-05
 5.72204590e-05 1.14440918e-05 2.19345093e-05 4.95910645e-05
 2.09808350e-05 5.14984131e-05 5.91278076e-05 1.52587891e-05
 2.64167786e-04 5.81741333e-05 2.18391418e-04 5.14984131e-05
 6.10351562e-05 1.86920166e-04 6.77108765e-05 2.17437744e-04
 2.26974487e-04 6.58035278e-05 6.58035278e-05 2.04086304e-04
 6.96182251e-05 2.21252441e-04 2.12669373e-04 5.91278076e-05
 6.43730164e-04 1.30653381e-04 6.01768494e-04 1.34468079e-04
 1.77383423e-04 5.77926636e-04 1.91688538e-04 5.37872314e-04
 5.74111938e-04 1.75476074e-04 1.97410583e-04 5.16891479e-04
 1.79290771e-04 5.34057617e-04 5.72204590e-04 1.11579895e-04
 6.26564026e-04 1.67846680e-04 6.58988953e-04 1.63078308e-04
 2.12669373e-04 6.24656677e-04 2.05039978e-04 6.24656677e-04
 6.76155090e-04 1.78337097e-04 2.09808350e-04 5.94139099e-04
 2.17437744e-04 6.20841980e-04 6.38961792e-04 1.47819519e-04
 8.05854797e-04 1.72615051e-04 7.54356384e-04 1.98364258e-04
 2.29835510e-04 6.99043274e-04 2.05039978e-04 6.66618347e-04
 7.29560852e-04 1.85012817e-04 2.55584717e-04 7.28607178e-04
 2.24113464e-04 6.66618347e-04 7.00950623e-04 1.71661377e-04
 3.33786011e-05 1.14440918e-05 3.14712524e-05 1.04904175e-05
 1.14440918e-05 3.24249268e-05 5.72204590e-06 3.33786011e-05
 3.43322754e-05 6.67572021e-06 1.14440918e-05 2.86102295e-05
 9.53674316e-06 4.38690186e-05 3.05175781e-05 3.81469727e-06
 2.88963318e-04 8.58306885e-05 2.85148621e-04 7.24792480e-05
 9.25064087e-05 2.98500061e-04 8.48770142e-05 2.79426575e-04
 2.73704529e-04 7.05718994e-05 8.96453857e-05 2.52723694e-04
 9.25064087e-05 2.53677368e-04 2.72750854e-04 7.53402710e-05]
[0.09105587 0.01576424 0.09092999 0.01579762 0.01557064 0.09109592
 0.01563549 0.09134293 0.09064102 0.01566696 0.01572418 0.09076214
 0.01575375 0.09107304 0.0912466  0.01559639 0.         0.
 0.         0.         0.         0.         0.         0.
 0.         0.         0.         0.         0.         0.
 0.         0.         0.         0.         0.         0.
 0.         0.         0.         0.         0.         0.
 0.         0.         0.         0.         0.         0.
 0.         0.         0.         0.         0.         0.
 0.         0.         0.         0.         0.         0.
 0.         0.         0.         0.         0.         0.
 0.         0.         0.         0.         0.         0.
 0.         0.         0.         0.         0.         0.
 0.         0.         0.         0.         0.         0.
 0.         0.         0.         0.         0.         0.
 0.         0.         0.         0.         0.         0.
 0.         0.         0.         0.         0.         0.
 0.         0.         0.         0.         0.         0.
 0.         0.         0.         0.         0.         0.
 0.         0.         0.         0.         0.         0.
 0.         0.         0.         0.         0.         0.
 0.         0.         0.         0.         0.         0.
 0.         0.         0.         0.         0.         0.
 0.         0.         0.         0.         0.         0.
 0.         0.         0.         0.         0.         0.
 0.         0.         0.         0.         0.         0.
 0.         0.         0.         0.         0.         0.
 0.         0.         0.         0.         0.         0.
 0.         0.         0.         0.         0.         0.
 0.         0.         0.01562691 0.00267124 0.01565742 0.00268841
 0.00266361 0.01567841 0.00261497 0.01554298 0.01569653 0.00265121
 0.00270367 0.01557064 0.00261402 0.01562595 0.01574707 0.00259018
 0.         0.         0.         0.         0.         0.
 0.         0.         0.         0.         0.         0.
 0.         0.         0.         0.         0.         0.
 0.         0.         0.         0.         0.         0.
 0.         0.         0.         0.         0.         0.
 0.         0.         0.         0.         0.         0.
 0.         0.         0.         0.         0.         0.
 0.         0.         0.         0.         0.         0.
 0.         0.         0.         0.         0.         0.
 0.         0.         0.         0.         0.         0.
 0.         0.         0.         0.         0.         0.
 0.         0.         0.         0.         0.         0.
 0.         0.         0.         0.         0.         0.
 0.         0.         0.         0.         0.         0.
 0.         0.         0.         0.         0.         0.
 0.         0.         0.         0.         0.         0.
 0.         0.         0.         0.         0.         0.
 0.         0.         0.         0.         0.         0.
 0.         0.         0.         0.         0.         0.
 0.         0.         0.         0.         0.         0.
 0.         0.         0.         0.         0.         0.
 0.         0.         0.         0.         0.         0.
 0.         0.         0.         0.         0.         0.
 0.         0.         0.         0.         0.         0.
 0.         0.         0.         0.         0.         0.
 0.         0.         0.         0.         0.         0.
 0.         0.         0.         0.         0.         0.
 0.         0.         0.         0.         0.         0.
 0.         0.         0.         0.         0.         0.
 0.         0.         0.         0.         0.         0.
 0.         0.         0.         0.         0.         0.
 0.         0.         0.         0.         0.         0.
 0.         0.         0.         0.         0.         0.
 0.         0.         0.         0.         0.         0.
 0.         0.         0.         0.         0.         0.
 0.         0.         0.         0.         0.         0.
 0.         0.         0.         0.         0.         0.
 0.         0.         0.         0.         0.         0.
 0.         0.         0.         0.         0.         0.
 0.         0.         0.         0.         0.         0.
 0.         0.         0.         0.         0.         0.
 0.         0.         0.         0.         0.         0.
 0.         0.         0.         0.         0.         0.
 0.         0.         0.         0.         0.         0.
 0.         0.         0.         0.         0.         0.
 0.         0.         0.         0.         0.         0.
 0.         0.         0.         0.         0.         0.
 0.         0.         0.         0.         0.         0.
 0.         0.         0.         0.         0.         0.
 0.         0.         0.         0.         0.         0.
 0.         0.         0.         0.         0.         0.
 0.         0.         0.         0.         0.         0.
 0.         0.         0.         0.         0.         0.
 0.         0.        ]
Fid of qvm & frp	0.23635313351260606	0.22184954302629847
.

=============================== warnings summary ===============================
tst/qvm/integration/bench_test.py::TestBenchDiffBackendQvmFrpV2::test_two_bench_frp[qasm-/root/projects/QASMBench/small//bell_n4/bell_n4.qasm,/root/projects/QASMBench/small//qec_en_n5/qec_en_n5.qasm-FakeBrooklyn-8-10]
tst/qvm/integration/bench_test.py::TestBenchDiffBackendQvmFrpV2::test_two_bench_frp[qasm-/root/projects/QASMBench/small//bell_n4/bell_n4.qasm,/root/projects/QASMBench/small//qec_en_n5/qec_en_n5.qasm-FakeBrooklyn-8-10]
  /root/anaconda3/envs/qcs-noise/lib/python3.10/site-packages/qiskit/providers/fake_provider/fake_backend.py:462: PendingDeprecationWarning: "warnings" argument will be deprecated as part of the qiskit-aer 0.12.0 and subsequently removed
    noise_model = NoiseModel.from_backend(self, warnings=False)

-- Docs: https://docs.pytest.org/en/stable/how-to/capture-warnings.html
================ 1 passed, 19 deselected, 2 warnings in 56.77s =================
