============================= test session starts ==============================
platform linux -- Python 3.10.6, pytest-7.2.0, pluggy-1.0.0
rootdir: /root/projects/qvm
plugins: anyio-3.6.2
collected 47 items / 46 deselected / 1 selected

tst/qvm/integration/bench_test.py QVM::selection::costs::	1.7642974853515625e-05
FRP::online_compilation::costs::	4.181727886199951
Fid of qvm & frp	0.22274607601866572	0.2113403099344348
.

=============================== warnings summary ===============================
qcs/tst/qvm/integration/bench_test.py::TestBenchDiffBackendQvmFrpV2::test_kl_independent_two_bench_frp[qasm-/root/projects/QASMBench/small//variational_n4/variational_n4.qasm,/root/projects/QASMBench/small//adder_n4/adder_n4.qasm-FakeBrooklyn-4-10]
qcs/tst/qvm/integration/bench_test.py::TestBenchDiffBackendQvmFrpV2::test_kl_independent_two_bench_frp[qasm-/root/projects/QASMBench/small//variational_n4/variational_n4.qasm,/root/projects/QASMBench/small//adder_n4/adder_n4.qasm-FakeBrooklyn-4-10]
qcs/tst/qvm/integration/bench_test.py::TestBenchDiffBackendQvmFrpV2::test_kl_independent_two_bench_frp[qasm-/root/projects/QASMBench/small//variational_n4/variational_n4.qasm,/root/projects/QASMBench/small//adder_n4/adder_n4.qasm-FakeBrooklyn-4-10]
qcs/tst/qvm/integration/bench_test.py::TestBenchDiffBackendQvmFrpV2::test_kl_independent_two_bench_frp[qasm-/root/projects/QASMBench/small//variational_n4/variational_n4.qasm,/root/projects/QASMBench/small//adder_n4/adder_n4.qasm-FakeBrooklyn-4-10]
  /root/anaconda3/envs/qcs-noise/lib/python3.10/site-packages/qiskit/providers/fake_provider/fake_backend.py:462: PendingDeprecationWarning: "warnings" argument will be deprecated as part of the qiskit-aer 0.12.0 and subsequently removed
    noise_model = NoiseModel.from_backend(self, warnings=False)

qcs/tst/qvm/integration/bench_test.py::TestBenchDiffBackendQvmFrpV2::test_kl_independent_two_bench_frp[qasm-/root/projects/QASMBench/small//variational_n4/variational_n4.qasm,/root/projects/QASMBench/small//adder_n4/adder_n4.qasm-FakeBrooklyn-4-10]
qcs/tst/qvm/integration/bench_test.py::TestBenchDiffBackendQvmFrpV2::test_kl_independent_two_bench_frp[qasm-/root/projects/QASMBench/small//variational_n4/variational_n4.qasm,/root/projects/QASMBench/small//adder_n4/adder_n4.qasm-FakeBrooklyn-4-10]
qcs/tst/qvm/integration/bench_test.py::TestBenchDiffBackendQvmFrpV2::test_kl_independent_two_bench_frp[qasm-/root/projects/QASMBench/small//variational_n4/variational_n4.qasm,/root/projects/QASMBench/small//adder_n4/adder_n4.qasm-FakeBrooklyn-4-10]
qcs/tst/qvm/integration/bench_test.py::TestBenchDiffBackendQvmFrpV2::test_kl_independent_two_bench_frp[qasm-/root/projects/QASMBench/small//variational_n4/variational_n4.qasm,/root/projects/QASMBench/small//adder_n4/adder_n4.qasm-FakeBrooklyn-4-10]
qcs/tst/qvm/integration/bench_test.py::TestBenchDiffBackendQvmFrpV2::test_kl_independent_two_bench_frp[qasm-/root/projects/QASMBench/small//variational_n4/variational_n4.qasm,/root/projects/QASMBench/small//adder_n4/adder_n4.qasm-FakeBrooklyn-4-10]
qcs/tst/qvm/integration/bench_test.py::TestBenchDiffBackendQvmFrpV2::test_kl_independent_two_bench_frp[qasm-/root/projects/QASMBench/small//variational_n4/variational_n4.qasm,/root/projects/QASMBench/small//adder_n4/adder_n4.qasm-FakeBrooklyn-4-10]
  /root/anaconda3/envs/qcs-noise/lib/python3.10/site-packages/qiskit_aer/noise/device/models.py:365: UserWarning: Device model returned an invalid T_2 relaxation time greater than the theoretical maximum value 2 * T_1 (96966.20180926041 > 2 * 40591.82230473617). Truncating to maximum value.
    warn("Device model returned an invalid T_2 relaxation time greater than"

qcs/tst/qvm/integration/bench_test.py::TestBenchDiffBackendQvmFrpV2::test_kl_independent_two_bench_frp[qasm-/root/projects/QASMBench/small//variational_n4/variational_n4.qasm,/root/projects/QASMBench/small//adder_n4/adder_n4.qasm-FakeBrooklyn-4-10]
  /root/anaconda3/envs/qcs-noise/lib/python3.10/site-packages/qiskit_aer/noise/device/models.py:365: UserWarning: Device model returned an invalid T_2 relaxation time greater than the theoretical maximum value 2 * T_1 (9.696620180926042e-05 > 2 * 4.059182230473617e-05). Truncating to maximum value.
    warn("Device model returned an invalid T_2 relaxation time greater than"

-- Docs: https://docs.pytest.org/en/stable/how-to/capture-warnings.html
=========== 1 passed, 46 deselected, 11 warnings in 74.77s (0:01:14) ===========
