============================= test session starts ==============================
platform linux -- Python 3.10.6, pytest-7.2.0, pluggy-1.0.0
rootdir: /root/projects/qcs
collected 13 items / 12 deselected / 1 selected

tst/qdao/engine.py 
::::::::::::::::::Config::::::::::::::::::

NQ::	27
NP::	25
NL::	22

::::::::::::::::::Config::::::::::::::::::

Partial simulation consumes time: 8.137093782424927
Partial simulation consumes time: 8.033859729766846
Partial simulation consumes time: 7.949523687362671
Partial simulation consumes time: 8.122966766357422
Partial simulation consumes time: 0.23231959342956543
Partial simulation consumes time: 0.23462224006652832
Partial simulation consumes time: 0.23452544212341309
Partial simulation consumes time: 0.23422527313232422
Qdao runs:	43.591437101364136
_initialize	2.23085355758667
_preprocess	2.5908498764038086
_postprocess	4.762844800949097
_run	41.12310004234314
initialize	2.2308452129364014
load_sv	2.5703420639038086
store_sv	4.762744426727295
Qiskit runs: 32.79059314727783
.

================= 1 passed, 12 deselected in 80.52s (0:01:20) ==================
