============================= test session starts ==============================
platform linux -- Python 3.10.6, pytest-7.2.0, pluggy-1.0.0
rootdir: /root/projects/qvm
plugins: anyio-3.6.2
collected 55 items / 54 deselected / 1 selected

tst/qvm/integration/bench_test.py 
------------------- Testing --------------

QVM::selection::costs::	random	8.487701416015625e-05
compute_unit_list	[{0, 10, 4}, {3, 6}]
QVM::selection::costs::	naive	0.00011992454528808594
compute_unit_list	[{0, 10, 4}, {3, 6}]
QVM::selection::costs::	naive_reverse	0.0001838207244873047
compute_unit_list	[{0, 10, 4}, {3, 6}]
QVM::selection::costs::	brute_force	0.00039315223693847656
compute_unit_list	[{0, 10, 4}, {3, 6}]
random	8.487701416015625e-05	0.1810814846360209	0.9970879554748535
small_first	0.00011992454528808594	0.18127763207896608	0.9970865249633789
large_first	0.0001838207244873047	0.18197795169921296	0.9970808029174805
brute_force	0.00039315223693847656	0.18159200494947061	0.9971122741699219
.

=============================== warnings summary ===============================
qcs/tst/qvm/integration/bench_test.py::TestBenchDiffBackendQvmFrpV2::test_bench_multi_methods_multi_metrics[/root/projects/QASMBench/small//ising_n10/ising_n10.qasm,/root/projects/QASMBench/small//qaoa_n6/qaoa_n6.qasm-FakeBrooklyn-4-random,small_first,large_first,brute_force]
qcs/tst/qvm/integration/bench_test.py::TestBenchDiffBackendQvmFrpV2::test_bench_multi_methods_multi_metrics[/root/projects/QASMBench/small//ising_n10/ising_n10.qasm,/root/projects/QASMBench/small//qaoa_n6/qaoa_n6.qasm-FakeBrooklyn-4-random,small_first,large_first,brute_force]
  /root/anaconda3/envs/qcs-noise/lib/python3.10/site-packages/qiskit/providers/fake_provider/fake_backend.py:462: PendingDeprecationWarning: "warnings" argument will be deprecated as part of the qiskit-aer 0.12.0 and subsequently removed
    noise_model = NoiseModel.from_backend(self, warnings=False)

-- Docs: https://docs.pytest.org/en/stable/how-to/capture-warnings.html
=========== 1 passed, 54 deselected, 2 warnings in 60.67s (0:01:00) ============
