============================= test session starts ==============================
platform linux -- Python 3.10.6, pytest-7.2.0, pluggy-1.0.0
rootdir: /root/projects/qvm
plugins: anyio-3.6.2
collected 55 items / 54 deselected / 1 selected

tst/qvm/integration/bench_test.py 
------------------- Testing --------------

QVM::selection::costs::	random	9.679794311523438e-05
compute_unit_list	[{0, 10, 4}, {3, 6}]
QVM::selection::costs::	naive	0.00011181831359863281
compute_unit_list	[{0, 10, 4}, {3, 6}]
QVM::selection::costs::	naive_reverse	0.0001933574676513672
compute_unit_list	[{0, 10, 4}, {3, 6}]
QVM::selection::costs::	brute_force	0.0003261566162109375
compute_unit_list	[{0, 10, 4}, {3, 6}]
random	9.679794311523438e-05	0.39917427518415427	0.8111777305603027
small_first	0.00011181831359863281	0.3996000203051674	0.8116393089294434
large_first	0.0001933574676513672	0.3997533759437161	0.8114194869995117
brute_force	0.0003261566162109375	0.40021132489342476	0.8112978935241699
.

=============================== warnings summary ===============================
qcs/tst/qvm/integration/bench_test.py::TestBenchDiffBackendQvmFrpV2::test_bench_multi_methods_multi_metrics[/root/projects/QASMBench/small//ising_n10/ising_n10.qasm,/root/projects/QASMBench/small//pea_n5/pea_n5.qasm-FakeBrooklyn-4-random,small_first,large_first,brute_force]
qcs/tst/qvm/integration/bench_test.py::TestBenchDiffBackendQvmFrpV2::test_bench_multi_methods_multi_metrics[/root/projects/QASMBench/small//ising_n10/ising_n10.qasm,/root/projects/QASMBench/small//pea_n5/pea_n5.qasm-FakeBrooklyn-4-random,small_first,large_first,brute_force]
  /root/anaconda3/envs/qcs-noise/lib/python3.10/site-packages/qiskit/providers/fake_provider/fake_backend.py:462: PendingDeprecationWarning: "warnings" argument will be deprecated as part of the qiskit-aer 0.12.0 and subsequently removed
    noise_model = NoiseModel.from_backend(self, warnings=False)

-- Docs: https://docs.pytest.org/en/stable/how-to/capture-warnings.html
================ 1 passed, 54 deselected, 2 warnings in 56.63s =================
