============================= test session starts ==============================
platform linux -- Python 3.10.6, pytest-7.2.0, pluggy-1.0.0
rootdir: /root/projects/qvm
plugins: anyio-3.6.2
collected 55 items / 54 deselected / 1 selected

tst/qvm/integration/bench_test.py 
------------------- Testing --------------

QVM::selection::costs::	random	7.3909759521484375e-06
compute_unit_list	[{3}, {2}]
QVM::selection::costs::	naive	2.09808349609375e-05
compute_unit_list	[{3}, {2}]
QVM::selection::costs::	naive_reverse	9.298324584960938e-05
compute_unit_list	[{3}, {2}]
QVM::selection::costs::	brute_force	0.0010838508605957031
compute_unit_list	[{3}, {2}]
random	7.3909759521484375e-06	0.02607107136361838	1.0
small_first	2.09808349609375e-05	0.025636069828872125	1.0
large_first	9.298324584960938e-05	0.02585024542800964	1.0
brute_force	0.0010838508605957031	0.02569794207804403	1.0
.

=============================== warnings summary ===============================
qcs/tst/qvm/integration/bench_test.py::TestBenchDiffBackendQvmFrpV2::test_bench_multi_methods_multi_metrics[/root/projects/QASMBench/small//qft_n4/qft_n4.qasm,/root/projects/QASMBench/small//quantumwalks_n2/quantumwalks_n2.qasm-FakeBrooklyn-4-random,small_first,large_first,brute_force]
qcs/tst/qvm/integration/bench_test.py::TestBenchDiffBackendQvmFrpV2::test_bench_multi_methods_multi_metrics[/root/projects/QASMBench/small//qft_n4/qft_n4.qasm,/root/projects/QASMBench/small//quantumwalks_n2/quantumwalks_n2.qasm-FakeBrooklyn-4-random,small_first,large_first,brute_force]
  /root/anaconda3/envs/qcs-noise/lib/python3.10/site-packages/qiskit/providers/fake_provider/fake_backend.py:462: PendingDeprecationWarning: "warnings" argument will be deprecated as part of the qiskit-aer 0.12.0 and subsequently removed
    noise_model = NoiseModel.from_backend(self, warnings=False)

-- Docs: https://docs.pytest.org/en/stable/how-to/capture-warnings.html
=========== 1 passed, 54 deselected, 2 warnings in 75.37s (0:01:15) ============
