============================= test session starts ==============================
platform linux -- Python 3.10.6, pytest-7.2.0, pluggy-1.0.0
rootdir: /root/projects/qvm
plugins: anyio-3.6.2
collected 55 items / 54 deselected / 1 selected

tst/qvm/integration/bench_test.py 
------------------- Testing --------------

QVM::selection::costs::	random	8.58306884765625e-06
compute_unit_list	[{1, 12}, {2}]
QVM::selection::costs::	naive	0.00010466575622558594
compute_unit_list	[{1, 12}, {2}]
QVM::selection::costs::	naive_reverse	0.000102996826171875
compute_unit_list	[{1, 12}, {2}]
QVM::selection::costs::	brute_force	0.0006258487701416016
compute_unit_list	[{1, 12}, {2}]
random	8.58306884765625e-06	0.34495391886848775	0.7152061462402344
small_first	0.00010466575622558594	0.34581478433864454	0.7146601676940918
large_first	0.000102996826171875	0.3450484840623589	0.7151408195495605
brute_force	0.0006258487701416016	0.3453936465192425	0.714940071105957
.

=============================== warnings summary ===============================
qcs/tst/qvm/integration/bench_test.py::TestBenchDiffBackendQvmFrpV2::test_bench_multi_methods_multi_metrics[/root/projects/QASMBench/small//pea_n5/pea_n5.qasm,/root/projects/QASMBench/small//toffoli_n3/toffoli_n3.qasm-FakeBrooklyn-4-random,small_first,large_first,brute_force]
qcs/tst/qvm/integration/bench_test.py::TestBenchDiffBackendQvmFrpV2::test_bench_multi_methods_multi_metrics[/root/projects/QASMBench/small//pea_n5/pea_n5.qasm,/root/projects/QASMBench/small//toffoli_n3/toffoli_n3.qasm-FakeBrooklyn-4-random,small_first,large_first,brute_force]
  /root/anaconda3/envs/qcs-noise/lib/python3.10/site-packages/qiskit/providers/fake_provider/fake_backend.py:462: PendingDeprecationWarning: "warnings" argument will be deprecated as part of the qiskit-aer 0.12.0 and subsequently removed
    noise_model = NoiseModel.from_backend(self, warnings=False)

-- Docs: https://docs.pytest.org/en/stable/how-to/capture-warnings.html
=========== 1 passed, 54 deselected, 2 warnings in 68.36s (0:01:08) ============
