============================= test session starts ==============================
platform linux -- Python 3.10.6, pytest-7.2.0, pluggy-1.0.0
rootdir: /root/projects/qvm
plugins: anyio-3.6.2
collected 55 items / 54 deselected / 1 selected

tst/qvm/integration/bench_test.py 
------------------- Testing --------------

QVM::selection::costs::	random	8.511543273925781e-05
compute_unit_list	[{2}, {3, 6}]
QVM::selection::costs::	naive	6.890296936035156e-05
compute_unit_list	[{2}, {3, 6}]
QVM::selection::costs::	naive_reverse	0.00019884109497070312
compute_unit_list	[{2}, {3, 6}]
QVM::selection::costs::	brute_force	0.0005414485931396484
compute_unit_list	[{2}, {3, 6}]
random	8.511543273925781e-05	0.09808505823006636	0.9070048332214355
small_first	6.890296936035156e-05	0.0980273131004529	0.9070611000061035
large_first	0.00019884109497070312	0.09791213722127892	0.9071626663208008
brute_force	0.0005414485931396484	0.09790235714883122	0.9071903228759766
.

=============================== warnings summary ===============================
qcs/tst/qvm/integration/bench_test.py::TestBenchDiffBackendQvmFrpV2::test_bench_multi_methods_multi_metrics[/root/projects/QASMBench/small//basis_change_n3/basis_change_n3.qasm,/root/projects/QASMBench/small//lpn_n5/lpn_n5.qasm-FakeBrooklyn-4-random,small_first,large_first,brute_force]
qcs/tst/qvm/integration/bench_test.py::TestBenchDiffBackendQvmFrpV2::test_bench_multi_methods_multi_metrics[/root/projects/QASMBench/small//basis_change_n3/basis_change_n3.qasm,/root/projects/QASMBench/small//lpn_n5/lpn_n5.qasm-FakeBrooklyn-4-random,small_first,large_first,brute_force]
  /root/anaconda3/envs/qcs-noise/lib/python3.10/site-packages/qiskit/providers/fake_provider/fake_backend.py:462: PendingDeprecationWarning: "warnings" argument will be deprecated as part of the qiskit-aer 0.12.0 and subsequently removed
    noise_model = NoiseModel.from_backend(self, warnings=False)

-- Docs: https://docs.pytest.org/en/stable/how-to/capture-warnings.html
================ 1 passed, 54 deselected, 2 warnings in 44.39s =================
