============================= test session starts ==============================
platform linux -- Python 3.10.6, pytest-7.2.0, pluggy-1.0.0
rootdir: /root/projects/qvm
plugins: anyio-3.6.2
collected 55 items / 54 deselected / 1 selected

tst/qvm/integration/bench_test.py 
------------------- Testing --------------

QVM::selection::costs::	random	8.416175842285156e-05
compute_unit_list	[{3, 6}, {2}]
QVM::selection::costs::	naive	6.175041198730469e-05
compute_unit_list	[{3, 6}, {2}]
QVM::selection::costs::	naive_reverse	0.0001666545867919922
compute_unit_list	[{3, 6}, {2}]
QVM::selection::costs::	brute_force	0.0005633831024169922
compute_unit_list	[{3, 6}, {2}]
random	8.416175842285156e-05	0.10988101194382445	0.8988914489746094
small_first	6.175041198730469e-05	0.1100291672233927	0.8988513946533203
large_first	0.0001666545867919922	0.10939264120274403	0.8994617462158203
brute_force	0.0005633831024169922	0.10942951418820901	0.8993940353393555
.

=============================== warnings summary ===============================
qcs/tst/qvm/integration/bench_test.py::TestBenchDiffBackendQvmFrpV2::test_bench_multi_methods_multi_metrics[/root/projects/QASMBench/small//lpn_n5/lpn_n5.qasm,/root/projects/QASMBench/small//wstate_n3/wstate_n3.qasm-FakeBrooklyn-4-random,small_first,large_first,brute_force]
qcs/tst/qvm/integration/bench_test.py::TestBenchDiffBackendQvmFrpV2::test_bench_multi_methods_multi_metrics[/root/projects/QASMBench/small//lpn_n5/lpn_n5.qasm,/root/projects/QASMBench/small//wstate_n3/wstate_n3.qasm-FakeBrooklyn-4-random,small_first,large_first,brute_force]
  /root/anaconda3/envs/qcs-noise/lib/python3.10/site-packages/qiskit/providers/fake_provider/fake_backend.py:462: PendingDeprecationWarning: "warnings" argument will be deprecated as part of the qiskit-aer 0.12.0 and subsequently removed
    noise_model = NoiseModel.from_backend(self, warnings=False)

-- Docs: https://docs.pytest.org/en/stable/how-to/capture-warnings.html
================ 1 passed, 54 deselected, 2 warnings in 45.33s =================
