============================= test session starts ==============================
platform linux -- Python 3.10.6, pytest-7.2.0, pluggy-1.0.0
rootdir: /root/projects/qvm
plugins: anyio-3.6.2
collected 55 items / 54 deselected / 1 selected

tst/qvm/integration/bench_test.py 
------------------- Testing --------------

QVM::selection::costs::	random	9.202957153320312e-05
compute_unit_list	[{0, 10, 4}, {3}]
QVM::selection::costs::	naive	0.00011873245239257812
compute_unit_list	[{0, 10, 4}, {3}]
QVM::selection::costs::	naive_reverse	0.0002605915069580078
compute_unit_list	[{0, 10, 4}, {3}]
QVM::selection::costs::	brute_force	0.0006737709045410156
compute_unit_list	[{0, 10, 4}, {3}]
random	9.202957153320312e-05	0.16968175804879937	0.9972009658813477
small_first	0.00011873245239257812	0.1690812886388042	0.9971199035644531
large_first	0.0002605915069580078	0.17031776374810823	0.9972085952758789
brute_force	0.0006737709045410156	0.16965442058734717	0.9972434043884277
.

=============================== warnings summary ===============================
qcs/tst/qvm/integration/bench_test.py::TestBenchDiffBackendQvmFrpV2::test_bench_multi_methods_multi_metrics[/root/projects/QASMBench/small//ising_n10/ising_n10.qasm,/root/projects/QASMBench/small//qft_n4/qft_n4.qasm-FakeBrooklyn-4-random,small_first,large_first,brute_force]
qcs/tst/qvm/integration/bench_test.py::TestBenchDiffBackendQvmFrpV2::test_bench_multi_methods_multi_metrics[/root/projects/QASMBench/small//ising_n10/ising_n10.qasm,/root/projects/QASMBench/small//qft_n4/qft_n4.qasm-FakeBrooklyn-4-random,small_first,large_first,brute_force]
  /root/anaconda3/envs/qcs-noise/lib/python3.10/site-packages/qiskit/providers/fake_provider/fake_backend.py:462: PendingDeprecationWarning: "warnings" argument will be deprecated as part of the qiskit-aer 0.12.0 and subsequently removed
    noise_model = NoiseModel.from_backend(self, warnings=False)

-- Docs: https://docs.pytest.org/en/stable/how-to/capture-warnings.html
=========== 1 passed, 54 deselected, 2 warnings in 62.98s (0:01:02) ============
