============================= test session starts ==============================
platform linux -- Python 3.10.6, pytest-7.2.0, pluggy-1.0.0
rootdir: /root/projects/qvm
plugins: anyio-3.6.2
collected 55 items / 54 deselected / 1 selected

tst/qvm/integration/bench_test.py 
------------------- Testing --------------

QVM::selection::costs::	random	8.797645568847656e-05
compute_unit_list	[{0, 10}, {3, 6}]
QVM::selection::costs::	naive	0.0001475811004638672
compute_unit_list	[{0, 10}, {3, 6}]
QVM::selection::costs::	naive_reverse	0.00019359588623046875
compute_unit_list	[{0, 10}, {3, 6}]
QVM::selection::costs::	brute_force	0.0005917549133300781
compute_unit_list	[{0, 10}, {3, 6}]
random	8.797645568847656e-05	0.4992066199579896	1.0
small_first	0.0001475811004638672	0.49997424850645866	1.0
large_first	0.00019359588623046875	0.5005669386922733	1.0
brute_force	0.0005917549133300781	0.501106647409993	1.0
.

=============================== warnings summary ===============================
qcs/tst/qvm/integration/bench_test.py::TestBenchDiffBackendQvmFrpV2::test_bench_multi_methods_multi_metrics[/root/projects/QASMBench/small//dnn_n8/dnn_n8.qasm,/root/projects/QASMBench/small//qaoa_n6/qaoa_n6.qasm-FakeBrooklyn-4-random,small_first,large_first,brute_force]
qcs/tst/qvm/integration/bench_test.py::TestBenchDiffBackendQvmFrpV2::test_bench_multi_methods_multi_metrics[/root/projects/QASMBench/small//dnn_n8/dnn_n8.qasm,/root/projects/QASMBench/small//qaoa_n6/qaoa_n6.qasm-FakeBrooklyn-4-random,small_first,large_first,brute_force]
  /root/anaconda3/envs/qcs-noise/lib/python3.10/site-packages/qiskit/providers/fake_provider/fake_backend.py:462: PendingDeprecationWarning: "warnings" argument will be deprecated as part of the qiskit-aer 0.12.0 and subsequently removed
    noise_model = NoiseModel.from_backend(self, warnings=False)

-- Docs: https://docs.pytest.org/en/stable/how-to/capture-warnings.html
=========== 1 passed, 54 deselected, 2 warnings in 81.25s (0:01:21) ============
