============================= test session starts ==============================
platform linux -- Python 3.10.6, pytest-7.2.0, pluggy-1.0.0
rootdir: /root/projects/qvm
plugins: anyio-3.6.2
collected 55 items / 54 deselected / 1 selected

tst/qvm/integration/bench_test.py 
------------------- Testing --------------

QVM::selection::costs::	random	9.584426879882812e-05
compute_unit_list	[{2}, {5}]
QVM::selection::costs::	naive	6.866455078125e-05
compute_unit_list	[{2}, {5}]
QVM::selection::costs::	naive_reverse	0.00017690658569335938
compute_unit_list	[{3}, {2}]
QVM::selection::costs::	brute_force	0.0005807876586914062
compute_unit_list	[{2}, {5}]
random	9.584426879882812e-05	0.17483773747478293	0.8412375450134277
small_first	6.866455078125e-05	0.17532157578707563	0.8408617973327637
large_first	0.00017690658569335938	0.1655203470069608	0.8478589057922363
brute_force	0.0005807876586914062	0.1752377082073438	0.8409199714660645
.

=============================== warnings summary ===============================
qcs/tst/qvm/integration/bench_test.py::TestBenchDiffBackendQvmFrpV2::test_bench_multi_methods_multi_metrics[/root/projects/QASMBench/small//fredkin_n3/fredkin_n3.qasm,/root/projects/QASMBench/small//hs4_n4/hs4_n4.qasm-FakeBrooklyn-4-random,small_first,large_first,brute_force]
qcs/tst/qvm/integration/bench_test.py::TestBenchDiffBackendQvmFrpV2::test_bench_multi_methods_multi_metrics[/root/projects/QASMBench/small//fredkin_n3/fredkin_n3.qasm,/root/projects/QASMBench/small//hs4_n4/hs4_n4.qasm-FakeBrooklyn-4-random,small_first,large_first,brute_force]
qcs/tst/qvm/integration/bench_test.py::TestBenchDiffBackendQvmFrpV2::test_bench_multi_methods_multi_metrics[/root/projects/QASMBench/small//fredkin_n3/fredkin_n3.qasm,/root/projects/QASMBench/small//hs4_n4/hs4_n4.qasm-FakeBrooklyn-4-random,small_first,large_first,brute_force]
qcs/tst/qvm/integration/bench_test.py::TestBenchDiffBackendQvmFrpV2::test_bench_multi_methods_multi_metrics[/root/projects/QASMBench/small//fredkin_n3/fredkin_n3.qasm,/root/projects/QASMBench/small//hs4_n4/hs4_n4.qasm-FakeBrooklyn-4-random,small_first,large_first,brute_force]
  /root/anaconda3/envs/qcs-noise/lib/python3.10/site-packages/qiskit/providers/fake_provider/fake_backend.py:462: PendingDeprecationWarning: "warnings" argument will be deprecated as part of the qiskit-aer 0.12.0 and subsequently removed
    noise_model = NoiseModel.from_backend(self, warnings=False)

qcs/tst/qvm/integration/bench_test.py::TestBenchDiffBackendQvmFrpV2::test_bench_multi_methods_multi_metrics[/root/projects/QASMBench/small//fredkin_n3/fredkin_n3.qasm,/root/projects/QASMBench/small//hs4_n4/hs4_n4.qasm-FakeBrooklyn-4-random,small_first,large_first,brute_force]
qcs/tst/qvm/integration/bench_test.py::TestBenchDiffBackendQvmFrpV2::test_bench_multi_methods_multi_metrics[/root/projects/QASMBench/small//fredkin_n3/fredkin_n3.qasm,/root/projects/QASMBench/small//hs4_n4/hs4_n4.qasm-FakeBrooklyn-4-random,small_first,large_first,brute_force]
qcs/tst/qvm/integration/bench_test.py::TestBenchDiffBackendQvmFrpV2::test_bench_multi_methods_multi_metrics[/root/projects/QASMBench/small//fredkin_n3/fredkin_n3.qasm,/root/projects/QASMBench/small//hs4_n4/hs4_n4.qasm-FakeBrooklyn-4-random,small_first,large_first,brute_force]
qcs/tst/qvm/integration/bench_test.py::TestBenchDiffBackendQvmFrpV2::test_bench_multi_methods_multi_metrics[/root/projects/QASMBench/small//fredkin_n3/fredkin_n3.qasm,/root/projects/QASMBench/small//hs4_n4/hs4_n4.qasm-FakeBrooklyn-4-random,small_first,large_first,brute_force]
qcs/tst/qvm/integration/bench_test.py::TestBenchDiffBackendQvmFrpV2::test_bench_multi_methods_multi_metrics[/root/projects/QASMBench/small//fredkin_n3/fredkin_n3.qasm,/root/projects/QASMBench/small//hs4_n4/hs4_n4.qasm-FakeBrooklyn-4-random,small_first,large_first,brute_force]
qcs/tst/qvm/integration/bench_test.py::TestBenchDiffBackendQvmFrpV2::test_bench_multi_methods_multi_metrics[/root/projects/QASMBench/small//fredkin_n3/fredkin_n3.qasm,/root/projects/QASMBench/small//hs4_n4/hs4_n4.qasm-FakeBrooklyn-4-random,small_first,large_first,brute_force]
  /root/anaconda3/envs/qcs-noise/lib/python3.10/site-packages/qiskit_aer/noise/device/models.py:365: UserWarning: Device model returned an invalid T_2 relaxation time greater than the theoretical maximum value 2 * T_1 (96966.20180926041 > 2 * 40591.82230473617). Truncating to maximum value.
    warn("Device model returned an invalid T_2 relaxation time greater than"

qcs/tst/qvm/integration/bench_test.py::TestBenchDiffBackendQvmFrpV2::test_bench_multi_methods_multi_metrics[/root/projects/QASMBench/small//fredkin_n3/fredkin_n3.qasm,/root/projects/QASMBench/small//hs4_n4/hs4_n4.qasm-FakeBrooklyn-4-random,small_first,large_first,brute_force]
  /root/anaconda3/envs/qcs-noise/lib/python3.10/site-packages/qiskit_aer/noise/device/models.py:365: UserWarning: Device model returned an invalid T_2 relaxation time greater than the theoretical maximum value 2 * T_1 (9.696620180926042e-05 > 2 * 4.059182230473617e-05). Truncating to maximum value.
    warn("Device model returned an invalid T_2 relaxation time greater than"

-- Docs: https://docs.pytest.org/en/stable/how-to/capture-warnings.html
================ 1 passed, 54 deselected, 11 warnings in 48.15s ================
