============================= test session starts ==============================
platform linux -- Python 3.10.6, pytest-7.2.0, pluggy-1.0.0
rootdir: /root/projects/qvm
plugins: anyio-3.6.2
collected 55 items / 54 deselected / 1 selected

tst/qvm/integration/bench_test.py 
------------------- Testing --------------

QVM::selection::costs::	random	1.9311904907226562e-05
compute_unit_list	[{2}, {3, 6}]
QVM::selection::costs::	naive	9.989738464355469e-05
compute_unit_list	[{2}, {3, 6}]
QVM::selection::costs::	naive_reverse	0.0001304149627685547
compute_unit_list	[{2}, {3, 6}]
QVM::selection::costs::	brute_force	0.0004711151123046875
compute_unit_list	[{2}, {3, 6}]
random	1.9311904907226562e-05	0.02798738445586854	0.9973444938659668
small_first	9.989738464355469e-05	0.02775855393073574	0.9974284172058105
large_first	0.0001304149627685547	0.02784510617254229	0.9974417686462402
brute_force	0.0004711151123046875	0.027814366264209002	0.9974150657653809
.

=============================== warnings summary ===============================
qcs/tst/qvm/integration/bench_test.py::TestBenchDiffBackendQvmFrpV2::test_bench_multi_methods_multi_metrics[/root/projects/QASMBench/small//quantumwalks_n2/quantumwalks_n2.qasm,/root/projects/QASMBench/small//shor_n5/shor_n5.qasm-FakeBrooklyn-4-random,small_first,large_first,brute_force]
qcs/tst/qvm/integration/bench_test.py::TestBenchDiffBackendQvmFrpV2::test_bench_multi_methods_multi_metrics[/root/projects/QASMBench/small//quantumwalks_n2/quantumwalks_n2.qasm,/root/projects/QASMBench/small//shor_n5/shor_n5.qasm-FakeBrooklyn-4-random,small_first,large_first,brute_force]
  /root/anaconda3/envs/qcs-noise/lib/python3.10/site-packages/qiskit/providers/fake_provider/fake_backend.py:462: PendingDeprecationWarning: "warnings" argument will be deprecated as part of the qiskit-aer 0.12.0 and subsequently removed
    noise_model = NoiseModel.from_backend(self, warnings=False)

-- Docs: https://docs.pytest.org/en/stable/how-to/capture-warnings.html
=========== 1 passed, 54 deselected, 2 warnings in 239.83s (0:03:59) ===========
