============================= test session starts ==============================
platform linux -- Python 3.10.6, pytest-7.2.0, pluggy-1.0.0
rootdir: /root/projects/qvm
plugins: anyio-3.6.2
collected 55 items / 54 deselected / 1 selected

tst/qvm/integration/bench_test.py 
------------------- Testing --------------

QVM::selection::costs::	random	9.059906005859375e-06
compute_unit_list	[{3, 6}, {2}]
QVM::selection::costs::	naive	2.47955322265625e-05
compute_unit_list	[{3, 6}, {2}]
QVM::selection::costs::	naive_reverse	7.271766662597656e-05
compute_unit_list	[{3, 6}, {2}]
QVM::selection::costs::	brute_force	0.0004315376281738281
compute_unit_list	[{3, 6}, {2}]
random	9.059906005859375e-06	0.20253193916797907	0.8250274658203125
small_first	2.47955322265625e-05	0.2023755343192607	0.8252215385437012
large_first	7.271766662597656e-05	0.2027667227763818	0.8248639106750488
brute_force	0.0004315376281738281	0.2025682891200407	0.8250250816345215
.

=============================== warnings summary ===============================
qcs/tst/qvm/integration/bench_test.py::TestBenchDiffBackendQvmFrpV2::test_bench_multi_methods_multi_metrics[/root/projects/QASMBench/small//error_correctiond3_n5/error_correctiond3_n5.qasm,/root/projects/QASMBench/small//iswap_n2/iswap_n2.qasm-FakeBrooklyn-4-random,small_first,large_first,brute_force]
qcs/tst/qvm/integration/bench_test.py::TestBenchDiffBackendQvmFrpV2::test_bench_multi_methods_multi_metrics[/root/projects/QASMBench/small//error_correctiond3_n5/error_correctiond3_n5.qasm,/root/projects/QASMBench/small//iswap_n2/iswap_n2.qasm-FakeBrooklyn-4-random,small_first,large_first,brute_force]
  /root/anaconda3/envs/qcs-noise/lib/python3.10/site-packages/qiskit/providers/fake_provider/fake_backend.py:462: PendingDeprecationWarning: "warnings" argument will be deprecated as part of the qiskit-aer 0.12.0 and subsequently removed
    noise_model = NoiseModel.from_backend(self, warnings=False)

-- Docs: https://docs.pytest.org/en/stable/how-to/capture-warnings.html
=========== 1 passed, 54 deselected, 2 warnings in 69.73s (0:01:09) ============
