============================= test session starts ==============================
platform linux -- Python 3.10.6, pytest-7.2.0, pluggy-1.0.0
rootdir: /root/projects/qvm
plugins: anyio-3.6.2
collected 55 items / 54 deselected / 1 selected

tst/qvm/integration/bench_test.py 
------------------- Testing --------------

QVM::selection::costs::	random	8.869171142578125e-05
compute_unit_list	[{2}, {3, 6}]
QVM::selection::costs::	naive	6.985664367675781e-05
compute_unit_list	[{2}, {3, 6}]
QVM::selection::costs::	naive_reverse	0.0001914501190185547
compute_unit_list	[{2}, {3, 6}]
QVM::selection::costs::	brute_force	0.0004978179931640625
compute_unit_list	[{2}, {3, 6}]
random	8.869171142578125e-05	0.2504134195366628	0.8147039413452148
small_first	6.985664367675781e-05	0.25104000126082965	0.8144054412841797
large_first	0.0001914501190185547	0.24970890838113347	0.8153619766235352
brute_force	0.0004978179931640625	0.25019215416147683	0.815035343170166
.

=============================== warnings summary ===============================
qcs/tst/qvm/integration/bench_test.py::TestBenchDiffBackendQvmFrpV2::test_bench_multi_methods_multi_metrics[/root/projects/QASMBench/small//dnn_n2/dnn_n2.qasm,/root/projects/QASMBench/small//pea_n5/pea_n5.qasm-FakeBrooklyn-4-random,small_first,large_first,brute_force]
qcs/tst/qvm/integration/bench_test.py::TestBenchDiffBackendQvmFrpV2::test_bench_multi_methods_multi_metrics[/root/projects/QASMBench/small//dnn_n2/dnn_n2.qasm,/root/projects/QASMBench/small//pea_n5/pea_n5.qasm-FakeBrooklyn-4-random,small_first,large_first,brute_force]
  /root/anaconda3/envs/qcs-noise/lib/python3.10/site-packages/qiskit/providers/fake_provider/fake_backend.py:462: PendingDeprecationWarning: "warnings" argument will be deprecated as part of the qiskit-aer 0.12.0 and subsequently removed
    noise_model = NoiseModel.from_backend(self, warnings=False)

-- Docs: https://docs.pytest.org/en/stable/how-to/capture-warnings.html
================ 1 passed, 54 deselected, 2 warnings in 40.94s =================
