============================= test session starts ==============================
platform linux -- Python 3.10.6, pytest-7.2.0, pluggy-1.0.0
rootdir: /root/projects/qvm
plugins: anyio-3.6.2
collected 55 items / 54 deselected / 1 selected

tst/qvm/integration/bench_test.py 
------------------- Testing --------------

QVM::selection::costs::	naive	2.7894973754882812e-05
compute_unit_list	[{0}, {8, 11}, {2}, {1, 12}, {3}, {5}]
QVM::selection::costs::	naive_reverse	0.0001316070556640625
compute_unit_list	[{2}, {8, 11}, {3}, {0, 10}, {5}, {6}]
QVM::selection::costs::	brute_force	2.270085334777832
compute_unit_list	[{5}, {0, 10}, {2}, {8, 11}, {3}, {6}]
small_first	2.7894973754882812e-05	0.28096098757050275	0.8594306310017904
large_first	0.0001316070556640625	0.33241624709930556	0.8553628921508789
brute_force	2.270085334777832	0.34404775986802777	0.8262853622436523
.

=============================== warnings summary ===============================
qcs/tst/qvm/integration/bench_test.py: 14 warnings
  /root/anaconda3/envs/qcs-noise/lib/python3.10/site-packages/qiskit/providers/fake_provider/fake_backend.py:462: PendingDeprecationWarning: "warnings" argument will be deprecated as part of the qiskit-aer 0.12.0 and subsequently removed
    noise_model = NoiseModel.from_backend(self, warnings=False)

qcs/tst/qvm/integration/bench_test.py: 18 warnings
  /root/anaconda3/envs/qcs-noise/lib/python3.10/site-packages/qiskit_aer/noise/device/models.py:365: UserWarning: Device model returned an invalid T_2 relaxation time greater than the theoretical maximum value 2 * T_1 (96966.20180926041 > 2 * 40591.82230473617). Truncating to maximum value.
    warn("Device model returned an invalid T_2 relaxation time greater than"

qcs/tst/qvm/integration/bench_test.py::TestBenchDiffBackendQvmFrpV2::test_bench_multi_methods_multi_metrics[/root/projects/QASMBench/small//adder_n4/adder_n4.qasm,/root/projects/QASMBench/small//qec_en_n5/qec_en_n5.qasm,/root/projects/QASMBench/small//toffoli_n3/toffoli_n3.qasm,/root/projects/QASMBench/small//dnn_n8/dnn_n8.qasm,/root/projects/QASMBench/small//fredkin_n3/fredkin_n3.qasm,/root/projects/QASMBench/small//basis_change_n3/basis_change_n3.qasm-FakeBrooklyn-4-small_first,large_first,brute_force]
qcs/tst/qvm/integration/bench_test.py::TestBenchDiffBackendQvmFrpV2::test_bench_multi_methods_multi_metrics[/root/projects/QASMBench/small//adder_n4/adder_n4.qasm,/root/projects/QASMBench/small//qec_en_n5/qec_en_n5.qasm,/root/projects/QASMBench/small//toffoli_n3/toffoli_n3.qasm,/root/projects/QASMBench/small//dnn_n8/dnn_n8.qasm,/root/projects/QASMBench/small//fredkin_n3/fredkin_n3.qasm,/root/projects/QASMBench/small//basis_change_n3/basis_change_n3.qasm-FakeBrooklyn-4-small_first,large_first,brute_force]
qcs/tst/qvm/integration/bench_test.py::TestBenchDiffBackendQvmFrpV2::test_bench_multi_methods_multi_metrics[/root/projects/QASMBench/small//adder_n4/adder_n4.qasm,/root/projects/QASMBench/small//qec_en_n5/qec_en_n5.qasm,/root/projects/QASMBench/small//toffoli_n3/toffoli_n3.qasm,/root/projects/QASMBench/small//dnn_n8/dnn_n8.qasm,/root/projects/QASMBench/small//fredkin_n3/fredkin_n3.qasm,/root/projects/QASMBench/small//basis_change_n3/basis_change_n3.qasm-FakeBrooklyn-4-small_first,large_first,brute_force]
  /root/anaconda3/envs/qcs-noise/lib/python3.10/site-packages/qiskit_aer/noise/device/models.py:365: UserWarning: Device model returned an invalid T_2 relaxation time greater than the theoretical maximum value 2 * T_1 (9.696620180926042e-05 > 2 * 4.059182230473617e-05). Truncating to maximum value.
    warn("Device model returned an invalid T_2 relaxation time greater than"

-- Docs: https://docs.pytest.org/en/stable/how-to/capture-warnings.html
========== 1 passed, 54 deselected, 35 warnings in 236.08s (0:03:56) ===========
