============================= test session starts ==============================
platform linux -- Python 3.10.6, pytest-7.2.0, pluggy-1.0.0
rootdir: /root/projects/qvm
plugins: anyio-3.6.2
collected 55 items / 54 deselected / 1 selected

tst/qvm/integration/bench_test.py 
------------------- Testing --------------

QVM::selection::costs::	naive	4.00543212890625e-05
compute_unit_list	[{0}, {2}, {5}, {1, 12}, {10}, {3}]
QVM::selection::costs::	naive_reverse	0.0001087188720703125
compute_unit_list	[{2}, {0}, {5}, {3, 6}, {10}, {4}]
QVM::selection::costs::	brute_force	6.715879678726196
compute_unit_list	[{2}, {3}, {5}, {1, 12}, {10}, {0}]
small_first	4.00543212890625e-05	0.4855843010081695	0.8954207102457682
large_first	0.0001087188720703125	0.3969223787369766	0.9004263877868652
brute_force	6.715879678726196	0.4812057479849116	0.9000686009724935
.

=============================== warnings summary ===============================
qcs/tst/qvm/integration/bench_test.py: 12 warnings
  /root/anaconda3/envs/qcs-noise/lib/python3.10/site-packages/qiskit/providers/fake_provider/fake_backend.py:462: PendingDeprecationWarning: "warnings" argument will be deprecated as part of the qiskit-aer 0.12.0 and subsequently removed
    noise_model = NoiseModel.from_backend(self, warnings=False)

qcs/tst/qvm/integration/bench_test.py::TestBenchDiffBackendQvmFrpV2::test_bench_multi_methods_multi_metrics[/root/projects/QASMBench/small//qrng_n4/qrng_n4.qasm,/root/projects/QASMBench/small//iswap_n2/iswap_n2.qasm,/root/projects/QASMBench/small//basis_change_n3/basis_change_n3.qasm,/root/projects/QASMBench/small//hhl_n7/hhl_n7.qasm,/root/projects/QASMBench/small//qft_n4/qft_n4.qasm,/root/projects/QASMBench/small//deutsch_n2/deutsch_n2.qasm-FakeBrooklyn-4-small_first,large_first,brute_force]
qcs/tst/qvm/integration/bench_test.py::TestBenchDiffBackendQvmFrpV2::test_bench_multi_methods_multi_metrics[/root/projects/QASMBench/small//qrng_n4/qrng_n4.qasm,/root/projects/QASMBench/small//iswap_n2/iswap_n2.qasm,/root/projects/QASMBench/small//basis_change_n3/basis_change_n3.qasm,/root/projects/QASMBench/small//hhl_n7/hhl_n7.qasm,/root/projects/QASMBench/small//qft_n4/qft_n4.qasm,/root/projects/QASMBench/small//deutsch_n2/deutsch_n2.qasm-FakeBrooklyn-4-small_first,large_first,brute_force]
qcs/tst/qvm/integration/bench_test.py::TestBenchDiffBackendQvmFrpV2::test_bench_multi_methods_multi_metrics[/root/projects/QASMBench/small//qrng_n4/qrng_n4.qasm,/root/projects/QASMBench/small//iswap_n2/iswap_n2.qasm,/root/projects/QASMBench/small//basis_change_n3/basis_change_n3.qasm,/root/projects/QASMBench/small//hhl_n7/hhl_n7.qasm,/root/projects/QASMBench/small//qft_n4/qft_n4.qasm,/root/projects/QASMBench/small//deutsch_n2/deutsch_n2.qasm-FakeBrooklyn-4-small_first,large_first,brute_force]
qcs/tst/qvm/integration/bench_test.py::TestBenchDiffBackendQvmFrpV2::test_bench_multi_methods_multi_metrics[/root/projects/QASMBench/small//qrng_n4/qrng_n4.qasm,/root/projects/QASMBench/small//iswap_n2/iswap_n2.qasm,/root/projects/QASMBench/small//basis_change_n3/basis_change_n3.qasm,/root/projects/QASMBench/small//hhl_n7/hhl_n7.qasm,/root/projects/QASMBench/small//qft_n4/qft_n4.qasm,/root/projects/QASMBench/small//deutsch_n2/deutsch_n2.qasm-FakeBrooklyn-4-small_first,large_first,brute_force]
qcs/tst/qvm/integration/bench_test.py::TestBenchDiffBackendQvmFrpV2::test_bench_multi_methods_multi_metrics[/root/projects/QASMBench/small//qrng_n4/qrng_n4.qasm,/root/projects/QASMBench/small//iswap_n2/iswap_n2.qasm,/root/projects/QASMBench/small//basis_change_n3/basis_change_n3.qasm,/root/projects/QASMBench/small//hhl_n7/hhl_n7.qasm,/root/projects/QASMBench/small//qft_n4/qft_n4.qasm,/root/projects/QASMBench/small//deutsch_n2/deutsch_n2.qasm-FakeBrooklyn-4-small_first,large_first,brute_force]
qcs/tst/qvm/integration/bench_test.py::TestBenchDiffBackendQvmFrpV2::test_bench_multi_methods_multi_metrics[/root/projects/QASMBench/small//qrng_n4/qrng_n4.qasm,/root/projects/QASMBench/small//iswap_n2/iswap_n2.qasm,/root/projects/QASMBench/small//basis_change_n3/basis_change_n3.qasm,/root/projects/QASMBench/small//hhl_n7/hhl_n7.qasm,/root/projects/QASMBench/small//qft_n4/qft_n4.qasm,/root/projects/QASMBench/small//deutsch_n2/deutsch_n2.qasm-FakeBrooklyn-4-small_first,large_first,brute_force]
  /root/anaconda3/envs/qcs-noise/lib/python3.10/site-packages/qiskit_aer/noise/device/models.py:365: UserWarning: Device model returned an invalid T_2 relaxation time greater than the theoretical maximum value 2 * T_1 (96966.20180926041 > 2 * 40591.82230473617). Truncating to maximum value.
    warn("Device model returned an invalid T_2 relaxation time greater than"

qcs/tst/qvm/integration/bench_test.py::TestBenchDiffBackendQvmFrpV2::test_bench_multi_methods_multi_metrics[/root/projects/QASMBench/small//qrng_n4/qrng_n4.qasm,/root/projects/QASMBench/small//iswap_n2/iswap_n2.qasm,/root/projects/QASMBench/small//basis_change_n3/basis_change_n3.qasm,/root/projects/QASMBench/small//hhl_n7/hhl_n7.qasm,/root/projects/QASMBench/small//qft_n4/qft_n4.qasm,/root/projects/QASMBench/small//deutsch_n2/deutsch_n2.qasm-FakeBrooklyn-4-small_first,large_first,brute_force]
  /root/anaconda3/envs/qcs-noise/lib/python3.10/site-packages/qiskit_aer/noise/device/models.py:365: UserWarning: Device model returned an invalid T_2 relaxation time greater than the theoretical maximum value 2 * T_1 (9.696620180926042e-05 > 2 * 4.059182230473617e-05). Truncating to maximum value.
    warn("Device model returned an invalid T_2 relaxation time greater than"

-- Docs: https://docs.pytest.org/en/stable/how-to/capture-warnings.html
========== 1 passed, 54 deselected, 19 warnings in 213.72s (0:03:33) ===========
