============================= test session starts ==============================
platform linux -- Python 3.10.6, pytest-7.2.0, pluggy-1.0.0
rootdir: /root/projects/qcs
collected 10 items / 9 deselected / 1 selected

tst/qdao/engine.py 
::::::::::::::::::Config::::::::::::::::::

NQ::	29
NP::	23
NL::	19
D::	26

::::::::::::::::::Config::::::::::::::::::


:::Reusing existing bench:::::/root/projects/qcs/qdao/benchmarks/qasm/random_29_26_max_operands_2_gen.qasm::::::::

Partial simulation consumes time: 0.8617124557495117
Partial simulation consumes time: 0.8075404167175293
Partial simulation consumes time: 0.8294150829315186
Partial simulation consumes time: 0.8875086307525635
Partial simulation consumes time: 0.9122047424316406
Partial simulation consumes time: 0.8734598159790039
Partial simulation consumes time: 0.9957296848297119
Partial simulation consumes time: 1.025712013244629
Partial simulation consumes time: 0.8475151062011719
Partial simulation consumes time: 0.84452223777771
Partial simulation consumes time: 0.9083535671234131
Partial simulation consumes time: 0.6712789535522461
Partial simulation consumes time: 0.6752374172210693
Partial simulation consumes time: 0.6764020919799805
Partial simulation consumes time: 0.7698853015899658
Partial simulation consumes time: 0.692889928817749
Partial simulation consumes time: 0.6959290504455566
Partial simulation consumes time: 0.6734130382537842
Partial simulation consumes time: 0.7139348983764648
Partial simulation consumes time: 0.7724761962890625
Partial simulation consumes time: 0.7030630111694336
Partial simulation consumes time: 0.7608461380004883
Partial simulation consumes time: 0.7042338848114014
Partial simulation consumes time: 0.7139382362365723
Partial simulation consumes time: 0.710719108581543
Partial simulation consumes time: 0.7085576057434082
Partial simulation consumes time: 0.7003579139709473
Partial simulation consumes time: 0.7704682350158691
Partial simulation consumes time: 0.7471776008605957
Partial simulation consumes time: 0.6996891498565674
Partial simulation consumes time: 0.6873154640197754
Partial simulation consumes time: 0.7793195247650146
Partial simulation consumes time: 0.7564139366149902
Partial simulation consumes time: 0.7717947959899902
Partial simulation consumes time: 0.7091429233551025
Partial simulation consumes time: 0.6965773105621338
Partial simulation consumes time: 0.7749991416931152
Partial simulation consumes time: 0.7767734527587891
Partial simulation consumes time: 0.6953952312469482
Partial simulation consumes time: 0.80141282081604
Partial simulation consumes time: 0.7090508937835693
Partial simulation consumes time: 0.705430269241333
Partial simulation consumes time: 0.7022867202758789
Partial simulation consumes time: 0.7020554542541504
Partial simulation consumes time: 0.7712380886077881
Partial simulation consumes time: 0.7107243537902832
Partial simulation consumes time: 0.6633551120758057
Partial simulation consumes time: 0.6561570167541504
Partial simulation consumes time: 0.7485432624816895
Partial simulation consumes time: 0.6615040302276611
Partial simulation consumes time: 0.6727118492126465
Partial simulation consumes time: 0.644580602645874
Partial simulation consumes time: 0.6542067527770996
Partial simulation consumes time: 0.6940655708312988
Partial simulation consumes time: 0.7488136291503906
Partial simulation consumes time: 0.7375369071960449
Partial simulation consumes time: 0.6662735939025879
Partial simulation consumes time: 0.6795544624328613
Partial simulation consumes time: 0.6379320621490479
Partial simulation consumes time: 0.7141506671905518
Partial simulation consumes time: 0.6420409679412842
Partial simulation consumes time: 0.704979419708252
Partial simulation consumes time: 0.6456842422485352
Partial simulation consumes time: 0.6368393898010254
Partial simulation consumes time: 0.38781142234802246
Partial simulation consumes time: 0.38988685607910156
Partial simulation consumes time: 0.3784198760986328
Partial simulation consumes time: 0.38985776901245117
Partial simulation consumes time: 0.39156007766723633
Partial simulation consumes time: 0.45154356956481934
Partial simulation consumes time: 0.4089539051055908
Partial simulation consumes time: 0.4036989212036133
Partial simulation consumes time: 0.42987608909606934
Partial simulation consumes time: 0.4002377986907959
Partial simulation consumes time: 0.39917540550231934
Partial simulation consumes time: 0.4048130512237549
Partial simulation consumes time: 0.4008457660675049
Partial simulation consumes time: 0.42881131172180176
Partial simulation consumes time: 0.40598034858703613
Partial simulation consumes time: 0.4006972312927246
Partial simulation consumes time: 0.4049346446990967
Partial simulation consumes time: 0.42951416969299316
Partial simulation consumes time: 0.4271526336669922
Partial simulation consumes time: 0.43131422996520996
Partial simulation consumes time: 0.39962291717529297
Partial simulation consumes time: 0.43319010734558105
Partial simulation consumes time: 0.4148995876312256
Partial simulation consumes time: 0.41394853591918945
Partial simulation consumes time: 0.4242231845855713
Partial simulation consumes time: 0.40937113761901855
Partial simulation consumes time: 0.4011521339416504
Partial simulation consumes time: 0.40189242362976074
Partial simulation consumes time: 0.39423060417175293
Partial simulation consumes time: 0.3979475498199463
Partial simulation consumes time: 0.38732481002807617
Partial simulation consumes time: 0.4019310474395752
Partial simulation consumes time: 0.41764044761657715
Partial simulation consumes time: 0.41532444953918457
Partial simulation consumes time: 0.4165050983428955
Partial simulation consumes time: 0.39522361755371094
Partial simulation consumes time: 0.3976752758026123
Partial simulation consumes time: 0.39168596267700195
Partial simulation consumes time: 0.4310939311981201
Partial simulation consumes time: 0.40271520614624023
Partial simulation consumes time: 0.40552401542663574
Partial simulation consumes time: 0.42223215103149414
Partial simulation consumes time: 0.39437365531921387
Partial simulation consumes time: 0.4013960361480713
Partial simulation consumes time: 0.39646029472351074
Partial simulation consumes time: 0.40200209617614746
Partial simulation consumes time: 0.4301934242248535
Partial simulation consumes time: 0.38660216331481934
Partial simulation consumes time: 0.4063553810119629
Partial simulation consumes time: 0.3951854705810547
Partial simulation consumes time: 0.439314603805542
Partial simulation consumes time: 0.4173870086669922
Partial simulation consumes time: 0.44349217414855957
Partial simulation consumes time: 0.42311573028564453
Partial simulation consumes time: 0.39008331298828125
Partial simulation consumes time: 0.39012837409973145
Partial simulation consumes time: 0.4037959575653076
Partial simulation consumes time: 0.3974153995513916
Partial simulation consumes time: 0.39378857612609863
Partial simulation consumes time: 0.3998081684112549
Partial simulation consumes time: 0.3979458808898926
Partial simulation consumes time: 0.4004950523376465
Partial simulation consumes time: 0.3871181011199951
Partial simulation consumes time: 0.38459181785583496
Partial simulation consumes time: 0.49710726737976074
Partial simulation consumes time: 0.49184751510620117
Partial simulation consumes time: 0.49199604988098145
Partial simulation consumes time: 0.6306819915771484
Partial simulation consumes time: 0.6158976554870605
Partial simulation consumes time: 0.5143013000488281
Partial simulation consumes time: 0.627772331237793
Partial simulation consumes time: 0.5913522243499756
Partial simulation consumes time: 0.5087146759033203
Partial simulation consumes time: 0.5633571147918701
Partial simulation consumes time: 0.5132074356079102
Partial simulation consumes time: 0.5012521743774414
Partial simulation consumes time: 0.5710165500640869
Partial simulation consumes time: 0.6270215511322021
Partial simulation consumes time: 0.5131571292877197
Partial simulation consumes time: 0.5609049797058105
Partial simulation consumes time: 0.5136270523071289
Partial simulation consumes time: 0.49889540672302246
Partial simulation consumes time: 0.5064146518707275
Partial simulation consumes time: 0.5094096660614014
Partial simulation consumes time: 0.6287832260131836
Partial simulation consumes time: 0.511493444442749
Partial simulation consumes time: 0.5083467960357666
Partial simulation consumes time: 0.5914409160614014
Partial simulation consumes time: 0.5094544887542725
Partial simulation consumes time: 0.6169664859771729
Partial simulation consumes time: 0.5961592197418213
Partial simulation consumes time: 0.49909186363220215
Partial simulation consumes time: 0.5062694549560547
Partial simulation consumes time: 0.5060927867889404
Partial simulation consumes time: 0.499528169631958
Partial simulation consumes time: 0.5213379859924316
Partial simulation consumes time: 0.4999396800994873
Partial simulation consumes time: 0.5132184028625488
Partial simulation consumes time: 0.5165226459503174
Partial simulation consumes time: 0.5215964317321777
Partial simulation consumes time: 0.5071108341217041
Partial simulation consumes time: 0.5065178871154785
Partial simulation consumes time: 0.6489458084106445
Partial simulation consumes time: 0.5080575942993164
Partial simulation consumes time: 0.6753900051116943
Partial simulation consumes time: 0.5051217079162598
Partial simulation consumes time: 0.5200121402740479
Partial simulation consumes time: 0.5021774768829346
Partial simulation consumes time: 0.5139029026031494
Partial simulation consumes time: 0.49966931343078613
Partial simulation consumes time: 0.5082743167877197
Partial simulation consumes time: 0.522205114364624
Partial simulation consumes time: 0.503718376159668
Partial simulation consumes time: 0.49790167808532715
Partial simulation consumes time: 0.511317253112793
Partial simulation consumes time: 0.6259818077087402
Partial simulation consumes time: 0.5157346725463867
Partial simulation consumes time: 0.6193904876708984
Partial simulation consumes time: 0.5279107093811035
Partial simulation consumes time: 0.5258691310882568
Partial simulation consumes time: 0.5190694332122803
Partial simulation consumes time: 0.6145272254943848
Partial simulation consumes time: 0.6232967376708984
Partial simulation consumes time: 0.5305047035217285
Partial simulation consumes time: 0.5322086811065674
Partial simulation consumes time: 0.5389015674591064
Partial simulation consumes time: 0.5317361354827881
Partial simulation consumes time: 0.6374228000640869
Partial simulation consumes time: 0.378619909286499
Partial simulation consumes time: 0.3094296455383301
Partial simulation consumes time: 0.30986547470092773
Partial simulation consumes time: 0.3925168514251709
Partial simulation consumes time: 0.326094388961792
Partial simulation consumes time: 0.318432092666626
Partial simulation consumes time: 0.3130958080291748
Partial simulation consumes time: 0.42574572563171387
Partial simulation consumes time: 0.32154202461242676
Partial simulation consumes time: 0.3225412368774414
Partial simulation consumes time: 0.41008949279785156
Partial simulation consumes time: 0.31417202949523926
Partial simulation consumes time: 0.31749963760375977
Partial simulation consumes time: 0.31607794761657715
Partial simulation consumes time: 0.3264288902282715
Partial simulation consumes time: 0.32990264892578125
Partial simulation consumes time: 0.31345415115356445
Partial simulation consumes time: 0.3217182159423828
Partial simulation consumes time: 0.4020962715148926
Partial simulation consumes time: 0.32686662673950195
Partial simulation consumes time: 0.3277413845062256
Partial simulation consumes time: 0.3281064033508301
Partial simulation consumes time: 0.33066654205322266
Partial simulation consumes time: 0.3217203617095947
Partial simulation consumes time: 0.3052530288696289
Partial simulation consumes time: 0.39983701705932617
Partial simulation consumes time: 0.3153865337371826
Partial simulation consumes time: 0.41912293434143066
Partial simulation consumes time: 0.404498815536499
Partial simulation consumes time: 0.2956657409667969
Partial simulation consumes time: 0.31531357765197754
Partial simulation consumes time: 0.31240129470825195
Partial simulation consumes time: 0.39730215072631836
Partial simulation consumes time: 0.2882270812988281
Partial simulation consumes time: 0.2911527156829834
Partial simulation consumes time: 0.368363618850708
Partial simulation consumes time: 0.3027026653289795
Partial simulation consumes time: 0.2960236072540283
Partial simulation consumes time: 0.3163330554962158
Partial simulation consumes time: 0.30125904083251953
Partial simulation consumes time: 0.32678723335266113
Partial simulation consumes time: 0.32742881774902344
Partial simulation consumes time: 0.42914533615112305
Partial simulation consumes time: 0.3119182586669922
Partial simulation consumes time: 0.38031840324401855
Partial simulation consumes time: 0.2952079772949219
Partial simulation consumes time: 0.38732171058654785
Partial simulation consumes time: 0.29205894470214844
Partial simulation consumes time: 0.311504602432251
Partial simulation consumes time: 0.3144998550415039
Partial simulation consumes time: 0.4092588424682617
Partial simulation consumes time: 0.31983494758605957
Partial simulation consumes time: 0.31153178215026855
Partial simulation consumes time: 0.32019710540771484
Partial simulation consumes time: 0.4303150177001953
Partial simulation consumes time: 0.3154013156890869
Partial simulation consumes time: 0.3200266361236572
Partial simulation consumes time: 0.32487916946411133
Partial simulation consumes time: 0.41678285598754883
Partial simulation consumes time: 0.39749836921691895
Partial simulation consumes time: 0.32414674758911133
Partial simulation consumes time: 0.33446240425109863
Partial simulation consumes time: 0.4099009037017822
Partial simulation consumes time: 0.4307091236114502
Partial simulation consumes time: 0.5824573040008545
Partial simulation consumes time: 0.5757906436920166
Partial simulation consumes time: 0.5668535232543945
Partial simulation consumes time: 0.5577540397644043
Partial simulation consumes time: 0.5793590545654297
Partial simulation consumes time: 0.5662391185760498
Partial simulation consumes time: 0.5700368881225586
Partial simulation consumes time: 0.5697619915008545
Partial simulation consumes time: 0.5674710273742676
Partial simulation consumes time: 0.5760805606842041
Partial simulation consumes time: 0.5734755992889404
Partial simulation consumes time: 0.566981315612793
Partial simulation consumes time: 0.5679008960723877
Partial simulation consumes time: 0.5811147689819336
Partial simulation consumes time: 0.562427282333374
Partial simulation consumes time: 0.5664749145507812
Partial simulation consumes time: 0.5690405368804932
Partial simulation consumes time: 0.574610710144043
Partial simulation consumes time: 0.5661537647247314
Partial simulation consumes time: 0.5613489151000977
Partial simulation consumes time: 0.5614025592803955
Partial simulation consumes time: 0.575178861618042
Partial simulation consumes time: 0.5651941299438477
Partial simulation consumes time: 0.5600483417510986
Partial simulation consumes time: 0.5665321350097656
Partial simulation consumes time: 0.5616114139556885
Partial simulation consumes time: 0.5628108978271484
Partial simulation consumes time: 0.5578687191009521
Partial simulation consumes time: 0.5527081489562988
Partial simulation consumes time: 0.5577785968780518
Partial simulation consumes time: 0.5590465068817139
Partial simulation consumes time: 0.5595853328704834
Partial simulation consumes time: 0.5625772476196289
Partial simulation consumes time: 0.5692121982574463
Partial simulation consumes time: 0.6068227291107178
Partial simulation consumes time: 0.5881245136260986
Partial simulation consumes time: 0.5703496932983398
Partial simulation consumes time: 0.5517911911010742
Partial simulation consumes time: 0.5621280670166016
Partial simulation consumes time: 0.5594913959503174
Partial simulation consumes time: 0.5573055744171143
Partial simulation consumes time: 0.5556776523590088
Partial simulation consumes time: 0.5707950592041016
Partial simulation consumes time: 0.5649135112762451
Partial simulation consumes time: 0.5682241916656494
Partial simulation consumes time: 0.5556271076202393
Partial simulation consumes time: 0.5591549873352051
Partial simulation consumes time: 0.5989518165588379
Partial simulation consumes time: 0.5643000602722168
Partial simulation consumes time: 0.5529208183288574
Partial simulation consumes time: 0.5824089050292969
Partial simulation consumes time: 0.5629630088806152
Partial simulation consumes time: 0.5601096153259277
Partial simulation consumes time: 0.5600605010986328
Partial simulation consumes time: 0.5807056427001953
Partial simulation consumes time: 0.5535798072814941
Partial simulation consumes time: 0.560744047164917
Partial simulation consumes time: 0.5796797275543213
Partial simulation consumes time: 0.5690851211547852
Partial simulation consumes time: 0.5501575469970703
Partial simulation consumes time: 0.5405235290527344
Partial simulation consumes time: 0.5197327136993408
Partial simulation consumes time: 0.5670921802520752
Partial simulation consumes time: 0.5258703231811523
Partial simulation consumes time: 0.25816822052001953
Partial simulation consumes time: 0.26203346252441406
Partial simulation consumes time: 0.28748607635498047
Partial simulation consumes time: 0.27250099182128906
Partial simulation consumes time: 0.2603111267089844
Partial simulation consumes time: 0.25293993949890137
Partial simulation consumes time: 0.28855395317077637
Partial simulation consumes time: 0.26088881492614746
Partial simulation consumes time: 0.27800822257995605
Partial simulation consumes time: 0.256253719329834
Partial simulation consumes time: 0.27120161056518555
Partial simulation consumes time: 0.25641608238220215
Partial simulation consumes time: 0.27173638343811035
Partial simulation consumes time: 0.28098058700561523
Partial simulation consumes time: 0.2513766288757324
Partial simulation consumes time: 0.27729368209838867
Partial simulation consumes time: 0.28342461585998535
Partial simulation consumes time: 0.2519838809967041
Partial simulation consumes time: 0.2537801265716553
Partial simulation consumes time: 0.28263044357299805
Partial simulation consumes time: 0.29604578018188477
Partial simulation consumes time: 0.27825021743774414
Partial simulation consumes time: 0.24796462059020996
Partial simulation consumes time: 0.26480746269226074
Partial simulation consumes time: 0.2507948875427246
Partial simulation consumes time: 0.25152087211608887
Partial simulation consumes time: 0.2669947147369385
Partial simulation consumes time: 0.2549893856048584
Partial simulation consumes time: 0.27807092666625977
Partial simulation consumes time: 0.2522592544555664
Partial simulation consumes time: 0.27486395835876465
Partial simulation consumes time: 0.27021121978759766
Partial simulation consumes time: 0.25058674812316895
Partial simulation consumes time: 0.25139498710632324
Partial simulation consumes time: 0.295421838760376
Partial simulation consumes time: 0.2499697208404541
Partial simulation consumes time: 0.269848108291626
Partial simulation consumes time: 0.26172423362731934
Partial simulation consumes time: 0.2594022750854492
Partial simulation consumes time: 0.2635047435760498
Partial simulation consumes time: 0.28498339653015137
Partial simulation consumes time: 0.26750969886779785
Partial simulation consumes time: 0.2772042751312256
Partial simulation consumes time: 0.26874375343322754
Partial simulation consumes time: 0.2565312385559082
Partial simulation consumes time: 0.2697420120239258
Partial simulation consumes time: 0.26919102668762207
Partial simulation consumes time: 0.2894923686981201
Partial simulation consumes time: 0.28984618186950684
Partial simulation consumes time: 0.26201343536376953
Partial simulation consumes time: 0.2885246276855469
Partial simulation consumes time: 0.263110876083374
Partial simulation consumes time: 0.2896006107330322
Partial simulation consumes time: 0.26148009300231934
Partial simulation consumes time: 0.29176878929138184
Partial simulation consumes time: 0.26711130142211914
Partial simulation consumes time: 0.29609084129333496
Partial simulation consumes time: 0.2675771713256836
Partial simulation consumes time: 0.29646873474121094
Partial simulation consumes time: 0.2711935043334961
Partial simulation consumes time: 0.2683374881744385
Partial simulation consumes time: 0.27277302742004395
Partial simulation consumes time: 0.26388978958129883
Partial simulation consumes time: 0.26522040367126465
Partial simulation consumes time: 0.3564291000366211
Partial simulation consumes time: 0.25524449348449707
Partial simulation consumes time: 0.25803422927856445
Partial simulation consumes time: 0.3577237129211426
Partial simulation consumes time: 0.25973057746887207
Partial simulation consumes time: 0.31107330322265625
Partial simulation consumes time: 0.2600090503692627
Partial simulation consumes time: 0.2562136650085449
Partial simulation consumes time: 0.26546406745910645
Partial simulation consumes time: 0.3263547420501709
Partial simulation consumes time: 0.3591151237487793
Partial simulation consumes time: 0.3585388660430908
Partial simulation consumes time: 0.29272913932800293
Partial simulation consumes time: 0.2615690231323242
Partial simulation consumes time: 0.27577757835388184
Partial simulation consumes time: 0.3101537227630615
Partial simulation consumes time: 0.357893705368042
Partial simulation consumes time: 0.36344408988952637
Partial simulation consumes time: 0.26945042610168457
Partial simulation consumes time: 0.28823065757751465
Partial simulation consumes time: 0.2659175395965576
Partial simulation consumes time: 0.31394100189208984
Partial simulation consumes time: 0.24714922904968262
Partial simulation consumes time: 0.24622344970703125
Partial simulation consumes time: 0.2997555732727051
Partial simulation consumes time: 0.24288153648376465
Partial simulation consumes time: 0.3063533306121826
Partial simulation consumes time: 0.24568986892700195
Partial simulation consumes time: 0.24179553985595703
Partial simulation consumes time: 0.24088764190673828
Partial simulation consumes time: 0.29442620277404785
Partial simulation consumes time: 0.25653719902038574
Partial simulation consumes time: 0.2962985038757324
Partial simulation consumes time: 0.2661902904510498
Partial simulation consumes time: 0.2791430950164795
Partial simulation consumes time: 0.3239319324493408
Partial simulation consumes time: 0.29519128799438477
Partial simulation consumes time: 0.292665958404541
Partial simulation consumes time: 0.3143908977508545
Partial simulation consumes time: 0.24132561683654785
Partial simulation consumes time: 0.317779541015625
Partial simulation consumes time: 0.30974292755126953
Partial simulation consumes time: 0.28525304794311523
Partial simulation consumes time: 0.2439708709716797
Partial simulation consumes time: 0.27959537506103516
Partial simulation consumes time: 0.24434828758239746
Partial simulation consumes time: 0.24790668487548828
Partial simulation consumes time: 0.25154614448547363
Partial simulation consumes time: 0.3290743827819824
Partial simulation consumes time: 0.35350871086120605
Partial simulation consumes time: 0.32227420806884766
Partial simulation consumes time: 0.2739858627319336
Partial simulation consumes time: 0.3329017162322998
Partial simulation consumes time: 0.28974294662475586
Partial simulation consumes time: 0.2540578842163086
Partial simulation consumes time: 0.2611403465270996
Partial simulation consumes time: 0.26943254470825195
Partial simulation consumes time: 0.2546970844268799
Partial simulation consumes time: 0.24951529502868652
Partial simulation consumes time: 0.2548103332519531
Partial simulation consumes time: 0.2629866600036621
Partial simulation consumes time: 0.4033174514770508
Partial simulation consumes time: 0.35663533210754395
Partial simulation consumes time: 0.2534458637237549
Partial simulation consumes time: 0.4967324733734131
Partial simulation consumes time: 0.43297457695007324
Partial simulation consumes time: 0.43507933616638184
Partial simulation consumes time: 0.4249589443206787
Partial simulation consumes time: 0.44163012504577637
Partial simulation consumes time: 0.4357137680053711
Partial simulation consumes time: 0.42540407180786133
Partial simulation consumes time: 0.4702937602996826
Partial simulation consumes time: 0.47037529945373535
Partial simulation consumes time: 0.4604160785675049
Partial simulation consumes time: 0.42150139808654785
Partial simulation consumes time: 0.4199178218841553
Partial simulation consumes time: 0.46883416175842285
Partial simulation consumes time: 0.46713829040527344
Partial simulation consumes time: 0.44832921028137207
Partial simulation consumes time: 0.4796874523162842
Partial simulation consumes time: 0.4345054626464844
Partial simulation consumes time: 0.4407236576080322
Partial simulation consumes time: 0.44171142578125
Partial simulation consumes time: 0.423816442489624
Partial simulation consumes time: 0.4294557571411133
Partial simulation consumes time: 0.4642903804779053
Partial simulation consumes time: 0.48107290267944336
Partial simulation consumes time: 0.43256235122680664
Partial simulation consumes time: 0.45222949981689453
Partial simulation consumes time: 0.4822537899017334
Partial simulation consumes time: 0.44319748878479004
Partial simulation consumes time: 0.494887113571167
Partial simulation consumes time: 0.4590167999267578
Partial simulation consumes time: 0.47591495513916016
Partial simulation consumes time: 0.4249734878540039
Partial simulation consumes time: 0.45819616317749023
Partial simulation consumes time: 0.480205774307251
Partial simulation consumes time: 0.41728711128234863
Partial simulation consumes time: 0.432481050491333
Partial simulation consumes time: 0.46450138092041016
Partial simulation consumes time: 0.43587422370910645
Partial simulation consumes time: 0.46341753005981445
Partial simulation consumes time: 0.4364297389984131
Partial simulation consumes time: 0.41945767402648926
Partial simulation consumes time: 0.4613378047943115
Partial simulation consumes time: 0.42208051681518555
Partial simulation consumes time: 0.4521329402923584
Partial simulation consumes time: 0.42587924003601074
Partial simulation consumes time: 0.4307594299316406
Partial simulation consumes time: 0.43450355529785156
Partial simulation consumes time: 0.42841553688049316
Partial simulation consumes time: 0.44470906257629395
Partial simulation consumes time: 0.45259952545166016
Partial simulation consumes time: 0.46280646324157715
Partial simulation consumes time: 0.4771103858947754
Partial simulation consumes time: 0.43254542350769043
Partial simulation consumes time: 0.47364234924316406
Partial simulation consumes time: 0.4407157897949219
Partial simulation consumes time: 0.4550917148590088
Partial simulation consumes time: 0.46036601066589355
Partial simulation consumes time: 0.48433566093444824
Partial simulation consumes time: 0.48725318908691406
Partial simulation consumes time: 0.4523911476135254
Partial simulation consumes time: 0.4394099712371826
Partial simulation consumes time: 0.47484874725341797
Partial simulation consumes time: 0.4799058437347412
Partial simulation consumes time: 0.47313714027404785
Partial simulation consumes time: 0.43563270568847656
Partial simulation consumes time: 0.3651235103607178
Partial simulation consumes time: 0.3387448787689209
Partial simulation consumes time: 0.35110020637512207
Partial simulation consumes time: 0.3458535671234131
Partial simulation consumes time: 0.35486698150634766
Partial simulation consumes time: 0.34072351455688477
Partial simulation consumes time: 0.34028124809265137
Partial simulation consumes time: 0.35567641258239746
Partial simulation consumes time: 0.3444514274597168
Partial simulation consumes time: 0.346787691116333
Partial simulation consumes time: 0.34430956840515137
Partial simulation consumes time: 0.36310291290283203
Partial simulation consumes time: 0.3567931652069092
Partial simulation consumes time: 0.352797269821167
Partial simulation consumes time: 0.33945655822753906
Partial simulation consumes time: 0.3711869716644287
Partial simulation consumes time: 0.34923338890075684
Partial simulation consumes time: 0.3586561679840088
Partial simulation consumes time: 0.3499331474304199
Partial simulation consumes time: 0.36210179328918457
Partial simulation consumes time: 0.3582484722137451
Partial simulation consumes time: 0.3815135955810547
Partial simulation consumes time: 0.3631761074066162
Partial simulation consumes time: 0.3654026985168457
Partial simulation consumes time: 0.35599684715270996
Partial simulation consumes time: 0.3402273654937744
Partial simulation consumes time: 0.333432674407959
Partial simulation consumes time: 0.3338320255279541
Partial simulation consumes time: 0.38820719718933105
Partial simulation consumes time: 0.38076162338256836
Partial simulation consumes time: 0.3386213779449463
Partial simulation consumes time: 0.3401162624359131
Partial simulation consumes time: 0.3385918140411377
Partial simulation consumes time: 0.33995819091796875
Partial simulation consumes time: 0.3451051712036133
Partial simulation consumes time: 0.3886587619781494
Partial simulation consumes time: 0.3297581672668457
Partial simulation consumes time: 0.34628844261169434
Partial simulation consumes time: 0.35315704345703125
Partial simulation consumes time: 0.33501458168029785
Partial simulation consumes time: 0.3661675453186035
Partial simulation consumes time: 0.3421754837036133
Partial simulation consumes time: 0.3436391353607178
Partial simulation consumes time: 0.36115455627441406
Partial simulation consumes time: 0.35741400718688965
Partial simulation consumes time: 0.3330259323120117
Partial simulation consumes time: 0.34166836738586426
Partial simulation consumes time: 0.36347484588623047
Partial simulation consumes time: 0.3353755474090576
Partial simulation consumes time: 0.33277034759521484
Partial simulation consumes time: 0.37416553497314453
Partial simulation consumes time: 0.3424410820007324
Partial simulation consumes time: 0.3370048999786377
Partial simulation consumes time: 0.3618896007537842
Partial simulation consumes time: 0.34597206115722656
Partial simulation consumes time: 0.33657264709472656
Partial simulation consumes time: 0.3507683277130127
Partial simulation consumes time: 0.3511786460876465
Partial simulation consumes time: 0.41325902938842773
Partial simulation consumes time: 0.33730196952819824
Partial simulation consumes time: 0.336794376373291
Partial simulation consumes time: 0.3566627502441406
Partial simulation consumes time: 0.34725499153137207
Partial simulation consumes time: 0.3399786949157715
Partial simulation consumes time: 0.4105689525604248
Partial simulation consumes time: 0.39834070205688477
Partial simulation consumes time: 0.4425787925720215
Partial simulation consumes time: 0.3947322368621826
Partial simulation consumes time: 0.44022035598754883
Partial simulation consumes time: 0.43961191177368164
Partial simulation consumes time: 0.39878106117248535
Partial simulation consumes time: 0.44182848930358887
Partial simulation consumes time: 0.39397215843200684
Partial simulation consumes time: 0.40593647956848145
Partial simulation consumes time: 0.3972301483154297
Partial simulation consumes time: 0.4421846866607666
Partial simulation consumes time: 0.43895792961120605
Partial simulation consumes time: 0.4708092212677002
Partial simulation consumes time: 0.40911078453063965
Partial simulation consumes time: 0.4755077362060547
Partial simulation consumes time: 0.4758915901184082
Partial simulation consumes time: 0.43031835556030273
Partial simulation consumes time: 0.424668550491333
Partial simulation consumes time: 0.42906856536865234
Partial simulation consumes time: 0.45443010330200195
Partial simulation consumes time: 0.4723970890045166
Partial simulation consumes time: 0.4556007385253906
Partial simulation consumes time: 0.40990495681762695
Partial simulation consumes time: 0.45102405548095703
Partial simulation consumes time: 0.4510483741760254
Partial simulation consumes time: 0.45677900314331055
Partial simulation consumes time: 0.4537010192871094
Partial simulation consumes time: 0.4237825870513916
Partial simulation consumes time: 0.4118998050689697
Partial simulation consumes time: 0.454878568649292
Partial simulation consumes time: 0.41971850395202637
Partial simulation consumes time: 0.45446252822875977
Partial simulation consumes time: 0.4129776954650879
Partial simulation consumes time: 0.4586911201477051
Partial simulation consumes time: 0.41443490982055664
Partial simulation consumes time: 0.4622786045074463
Partial simulation consumes time: 0.45726442337036133
Partial simulation consumes time: 0.45067882537841797
Partial simulation consumes time: 0.4132857322692871
Partial simulation consumes time: 0.4196944236755371
Partial simulation consumes time: 0.4518859386444092
Partial simulation consumes time: 0.4156668186187744
Partial simulation consumes time: 0.41199707984924316
Partial simulation consumes time: 0.4120783805847168
Partial simulation consumes time: 0.41176629066467285
Partial simulation consumes time: 0.47733545303344727
Partial simulation consumes time: 0.4586668014526367
Partial simulation consumes time: 0.4924285411834717
Partial simulation consumes time: 0.4889495372772217
Partial simulation consumes time: 0.417766809463501
Partial simulation consumes time: 0.44749975204467773
Partial simulation consumes time: 0.45314693450927734
Partial simulation consumes time: 0.4212765693664551
Partial simulation consumes time: 0.418079137802124
Partial simulation consumes time: 0.4152555465698242
Partial simulation consumes time: 0.4144461154937744
Partial simulation consumes time: 0.4552640914916992
Partial simulation consumes time: 0.4563925266265869
Partial simulation consumes time: 0.4494476318359375
Partial simulation consumes time: 0.42285728454589844
Partial simulation consumes time: 0.4491722583770752
Partial simulation consumes time: 0.4563140869140625
Partial simulation consumes time: 0.45113348960876465
Partial simulation consumes time: 0.513939619064331
Partial simulation consumes time: 0.5245926380157471
Partial simulation consumes time: 0.5085487365722656
Partial simulation consumes time: 0.5080387592315674
Partial simulation consumes time: 0.5373108386993408
Partial simulation consumes time: 0.515927791595459
Partial simulation consumes time: 0.5570344924926758
Partial simulation consumes time: 0.5538454055786133
Partial simulation consumes time: 0.5512151718139648
Partial simulation consumes time: 0.5546867847442627
Partial simulation consumes time: 0.559842586517334
Partial simulation consumes time: 0.5551903247833252
Partial simulation consumes time: 0.5580751895904541
Partial simulation consumes time: 0.5604336261749268
Partial simulation consumes time: 0.5516149997711182
Partial simulation consumes time: 0.5439839363098145
Partial simulation consumes time: 0.5436229705810547
Partial simulation consumes time: 0.5196268558502197
Partial simulation consumes time: 0.5072021484375
Partial simulation consumes time: 0.5280289649963379
Partial simulation consumes time: 0.5366098880767822
Partial simulation consumes time: 0.5189845561981201
Partial simulation consumes time: 0.5068624019622803
Partial simulation consumes time: 0.5028831958770752
Partial simulation consumes time: 0.5051472187042236
Partial simulation consumes time: 0.5101790428161621
Partial simulation consumes time: 0.5047943592071533
Partial simulation consumes time: 0.5075271129608154
Partial simulation consumes time: 0.509185791015625
Partial simulation consumes time: 0.5102620124816895
Partial simulation consumes time: 0.5042665004730225
Partial simulation consumes time: 0.5087676048278809
Partial simulation consumes time: 0.5099124908447266
Partial simulation consumes time: 0.5145590305328369
Partial simulation consumes time: 0.5137660503387451
Partial simulation consumes time: 0.5111172199249268
Partial simulation consumes time: 0.5151951313018799
Partial simulation consumes time: 0.5174353122711182
Partial simulation consumes time: 0.5047106742858887
Partial simulation consumes time: 0.5331406593322754
Partial simulation consumes time: 0.5112080574035645
Partial simulation consumes time: 0.5200979709625244
Partial simulation consumes time: 0.5078303813934326
Partial simulation consumes time: 0.5102813243865967
Partial simulation consumes time: 0.5436582565307617
Partial simulation consumes time: 0.5415656566619873
Partial simulation consumes time: 0.552156925201416
Partial simulation consumes time: 0.5567977428436279
Partial simulation consumes time: 0.5608983039855957
Partial simulation consumes time: 0.5563509464263916
Partial simulation consumes time: 0.5249238014221191
Partial simulation consumes time: 0.5117621421813965
Partial simulation consumes time: 0.5059888362884521
Partial simulation consumes time: 0.5105040073394775
Partial simulation consumes time: 0.5202102661132812
Partial simulation consumes time: 0.5209243297576904
Partial simulation consumes time: 0.5133829116821289
Partial simulation consumes time: 0.5137839317321777
Partial simulation consumes time: 0.5185098648071289
Partial simulation consumes time: 0.5277488231658936
Partial simulation consumes time: 0.5171258449554443
Partial simulation consumes time: 0.5084090232849121
Partial simulation consumes time: 0.5204482078552246
Partial simulation consumes time: 0.507580041885376
Partial simulation consumes time: 0.2992837429046631
Partial simulation consumes time: 0.27884507179260254
Partial simulation consumes time: 0.2822856903076172
Partial simulation consumes time: 0.2911255359649658
Partial simulation consumes time: 0.31191492080688477
Partial simulation consumes time: 0.3077516555786133
Partial simulation consumes time: 0.29623937606811523
Partial simulation consumes time: 0.29233241081237793
Partial simulation consumes time: 0.32457637786865234
Partial simulation consumes time: 0.30179810523986816
Partial simulation consumes time: 0.295238733291626
Partial simulation consumes time: 0.2886688709259033
Partial simulation consumes time: 0.2992517948150635
Partial simulation consumes time: 0.3038334846496582
Partial simulation consumes time: 0.31460142135620117
Partial simulation consumes time: 0.31781458854675293
Partial simulation consumes time: 0.34670019149780273
Partial simulation consumes time: 0.34435200691223145
Partial simulation consumes time: 0.33097076416015625
Partial simulation consumes time: 0.3172469139099121
Partial simulation consumes time: 0.3184776306152344
Partial simulation consumes time: 0.3231008052825928
Partial simulation consumes time: 0.31552720069885254
Partial simulation consumes time: 0.33845067024230957
Partial simulation consumes time: 0.31769490242004395
Partial simulation consumes time: 0.3253743648529053
Partial simulation consumes time: 0.3149750232696533
Partial simulation consumes time: 0.3152005672454834
Partial simulation consumes time: 0.3200228214263916
Partial simulation consumes time: 0.3146226406097412
Partial simulation consumes time: 0.34364771842956543
Partial simulation consumes time: 0.33834028244018555
Partial simulation consumes time: 0.31339430809020996
Partial simulation consumes time: 0.3161625862121582
Partial simulation consumes time: 0.30725646018981934
Partial simulation consumes time: 0.34064579010009766
Partial simulation consumes time: 0.31430745124816895
Partial simulation consumes time: 0.30846452713012695
Partial simulation consumes time: 0.326580286026001
Partial simulation consumes time: 0.30795788764953613
Partial simulation consumes time: 0.33531641960144043
Partial simulation consumes time: 0.31153082847595215
Partial simulation consumes time: 0.315197229385376
Partial simulation consumes time: 0.3256528377532959
Partial simulation consumes time: 0.3135044574737549
Partial simulation consumes time: 0.3235139846801758
Partial simulation consumes time: 0.3268859386444092
Partial simulation consumes time: 0.3251039981842041
Partial simulation consumes time: 0.32716822624206543
Partial simulation consumes time: 0.3258786201477051
Partial simulation consumes time: 0.3191542625427246
Partial simulation consumes time: 0.32103967666625977
Partial simulation consumes time: 0.3316199779510498
Partial simulation consumes time: 0.3153343200683594
Partial simulation consumes time: 0.32348155975341797
Partial simulation consumes time: 0.34169673919677734
Partial simulation consumes time: 0.3176422119140625
Partial simulation consumes time: 0.3195950984954834
Partial simulation consumes time: 0.33412790298461914
Partial simulation consumes time: 0.31888866424560547
Partial simulation consumes time: 0.3199753761291504
Partial simulation consumes time: 0.31970763206481934
Partial simulation consumes time: 0.3199131488800049
Partial simulation consumes time: 0.3213067054748535
Partial simulation consumes time: 0.3379223346710205
Partial simulation consumes time: 0.34800028800964355
Partial simulation consumes time: 0.45656847953796387
Partial simulation consumes time: 0.3330094814300537
Partial simulation consumes time: 0.3345303535461426
Partial simulation consumes time: 0.3188905715942383
Partial simulation consumes time: 0.32999324798583984
Partial simulation consumes time: 0.4108433723449707
Partial simulation consumes time: 0.32550835609436035
Partial simulation consumes time: 0.3389859199523926
Partial simulation consumes time: 0.3291032314300537
Partial simulation consumes time: 0.4376254081726074
Partial simulation consumes time: 0.32990145683288574
Partial simulation consumes time: 0.42004895210266113
Partial simulation consumes time: 0.4437251091003418
Partial simulation consumes time: 0.35767364501953125
Partial simulation consumes time: 0.44408226013183594
Partial simulation consumes time: 0.3829631805419922
Partial simulation consumes time: 0.49162888526916504
Partial simulation consumes time: 0.42541956901550293
Partial simulation consumes time: 0.4298675060272217
Partial simulation consumes time: 0.3567986488342285
Partial simulation consumes time: 0.4546210765838623
Partial simulation consumes time: 0.4594759941101074
Partial simulation consumes time: 0.4223496913909912
Partial simulation consumes time: 0.4450874328613281
Partial simulation consumes time: 0.4352738857269287
Partial simulation consumes time: 0.42303037643432617
Partial simulation consumes time: 0.3857998847961426
Partial simulation consumes time: 0.37265753746032715
Partial simulation consumes time: 0.3318665027618408
Partial simulation consumes time: 0.3452920913696289
Partial simulation consumes time: 0.45813512802124023
Partial simulation consumes time: 0.41767239570617676
Partial simulation consumes time: 0.36554908752441406
Partial simulation consumes time: 0.32579588890075684
Partial simulation consumes time: 0.3291361331939697
Partial simulation consumes time: 0.40883898735046387
Partial simulation consumes time: 0.32816481590270996
Partial simulation consumes time: 0.3630540370941162
Partial simulation consumes time: 0.4411027431488037
Partial simulation consumes time: 0.396695613861084
Partial simulation consumes time: 0.3678898811340332
Partial simulation consumes time: 0.3423013687133789
Partial simulation consumes time: 0.3263437747955322
Partial simulation consumes time: 0.33766722679138184
Partial simulation consumes time: 0.3242971897125244
Partial simulation consumes time: 0.4390225410461426
Partial simulation consumes time: 0.32329344749450684
Partial simulation consumes time: 0.4439666271209717
Partial simulation consumes time: 0.3517885208129883
Partial simulation consumes time: 0.43482089042663574
Partial simulation consumes time: 0.4321415424346924
Partial simulation consumes time: 0.316500186920166
Partial simulation consumes time: 0.3137068748474121
Partial simulation consumes time: 0.31993746757507324
Partial simulation consumes time: 0.31350231170654297
Partial simulation consumes time: 0.31063055992126465
Partial simulation consumes time: 0.4229154586791992
Partial simulation consumes time: 0.31368517875671387
Partial simulation consumes time: 0.30480504035949707
Partial simulation consumes time: 0.31043267250061035
Partial simulation consumes time: 0.4111778736114502
Partial simulation consumes time: 0.31555914878845215
Partial simulation consumes time: 0.7858684062957764
Partial simulation consumes time: 0.7271714210510254
Partial simulation consumes time: 0.7246155738830566
Partial simulation consumes time: 0.7145094871520996
Partial simulation consumes time: 0.704312801361084
Partial simulation consumes time: 0.7050755023956299
Partial simulation consumes time: 0.7100450992584229
Partial simulation consumes time: 0.7256155014038086
Partial simulation consumes time: 0.7206888198852539
Partial simulation consumes time: 0.6982564926147461
Partial simulation consumes time: 0.6999406814575195
Partial simulation consumes time: 0.7115190029144287
Partial simulation consumes time: 0.7824282646179199
Partial simulation consumes time: 0.7044613361358643
Partial simulation consumes time: 0.7641012668609619
Partial simulation consumes time: 0.7118816375732422
Partial simulation consumes time: 0.7669870853424072
Partial simulation consumes time: 0.7047486305236816
Partial simulation consumes time: 0.7189159393310547
Partial simulation consumes time: 0.7580306529998779
Partial simulation consumes time: 0.7153182029724121
Partial simulation consumes time: 0.7151610851287842
Partial simulation consumes time: 0.6995573043823242
Partial simulation consumes time: 0.7055408954620361
Partial simulation consumes time: 0.714209794998169
Partial simulation consumes time: 0.7004916667938232
Partial simulation consumes time: 0.7365224361419678
Partial simulation consumes time: 0.78450608253479
Partial simulation consumes time: 0.756727933883667
Partial simulation consumes time: 0.691892147064209
Partial simulation consumes time: 0.7542579174041748
Partial simulation consumes time: 0.6996660232543945
Partial simulation consumes time: 0.724846363067627
Partial simulation consumes time: 0.7441816329956055
Partial simulation consumes time: 0.7244224548339844
Partial simulation consumes time: 0.7948014736175537
Partial simulation consumes time: 0.7411026954650879
Partial simulation consumes time: 0.7089633941650391
Partial simulation consumes time: 0.756782054901123
Partial simulation consumes time: 0.7099201679229736
Partial simulation consumes time: 0.699007511138916
Partial simulation consumes time: 0.6918716430664062
Partial simulation consumes time: 0.7294638156890869
Partial simulation consumes time: 0.6967506408691406
Partial simulation consumes time: 0.7545070648193359
Partial simulation consumes time: 0.7657878398895264
Partial simulation consumes time: 0.7043437957763672
Partial simulation consumes time: 0.7060787677764893
Partial simulation consumes time: 0.699744462966919
Partial simulation consumes time: 0.6949715614318848
Partial simulation consumes time: 0.7074024677276611
Partial simulation consumes time: 0.7289443016052246
Partial simulation consumes time: 0.7023377418518066
Partial simulation consumes time: 0.6985592842102051
Partial simulation consumes time: 0.715825080871582
Partial simulation consumes time: 0.699836015701294
Partial simulation consumes time: 0.7542159557342529
Partial simulation consumes time: 0.6949203014373779
Partial simulation consumes time: 0.7123749256134033
Partial simulation consumes time: 0.724747896194458
Partial simulation consumes time: 0.7306573390960693
Partial simulation consumes time: 0.7333149909973145
Partial simulation consumes time: 0.7340681552886963
Partial simulation consumes time: 0.7342524528503418
Partial simulation consumes time: 0.24695086479187012
Partial simulation consumes time: 0.2406468391418457
Partial simulation consumes time: 0.23057126998901367
Partial simulation consumes time: 0.24411273002624512
Partial simulation consumes time: 0.2397148609161377
Partial simulation consumes time: 0.24375247955322266
Partial simulation consumes time: 0.237351655960083
Partial simulation consumes time: 0.23008298873901367
Partial simulation consumes time: 0.22323250770568848
Partial simulation consumes time: 0.22904396057128906
Partial simulation consumes time: 0.2309412956237793
Partial simulation consumes time: 0.2302703857421875
Partial simulation consumes time: 0.2299642562866211
Partial simulation consumes time: 0.23218679428100586
Partial simulation consumes time: 0.23181653022766113
Partial simulation consumes time: 0.2266709804534912
Partial simulation consumes time: 0.21875953674316406
Partial simulation consumes time: 0.2224128246307373
Partial simulation consumes time: 0.21482205390930176
Partial simulation consumes time: 0.22359180450439453
Partial simulation consumes time: 0.23099970817565918
Partial simulation consumes time: 0.21864771842956543
Partial simulation consumes time: 0.21767187118530273
Partial simulation consumes time: 0.2221081256866455
Partial simulation consumes time: 0.21680212020874023
Partial simulation consumes time: 0.21923255920410156
Partial simulation consumes time: 0.2209479808807373
Partial simulation consumes time: 0.21690130233764648
Partial simulation consumes time: 0.22471094131469727
Partial simulation consumes time: 0.22635126113891602
Partial simulation consumes time: 0.24025535583496094
Partial simulation consumes time: 0.2399284839630127
Partial simulation consumes time: 0.21985960006713867
Partial simulation consumes time: 0.22008562088012695
Partial simulation consumes time: 0.21989750862121582
Partial simulation consumes time: 0.2183218002319336
Partial simulation consumes time: 0.23982620239257812
Partial simulation consumes time: 0.23421788215637207
Partial simulation consumes time: 0.2201550006866455
Partial simulation consumes time: 0.22446489334106445
Partial simulation consumes time: 0.23274016380310059
Partial simulation consumes time: 0.2353503704071045
Partial simulation consumes time: 0.21895766258239746
Partial simulation consumes time: 0.23251843452453613
Partial simulation consumes time: 0.22068572044372559
Partial simulation consumes time: 0.22608280181884766
Partial simulation consumes time: 0.24802422523498535
Partial simulation consumes time: 0.2508351802825928
Partial simulation consumes time: 0.24476909637451172
Partial simulation consumes time: 0.24889087677001953
Partial simulation consumes time: 0.2498617172241211
Partial simulation consumes time: 0.2502257823944092
Partial simulation consumes time: 0.24639225006103516
Partial simulation consumes time: 0.24390125274658203
Partial simulation consumes time: 0.24232029914855957
Partial simulation consumes time: 0.2449641227722168
Partial simulation consumes time: 0.2504098415374756
Partial simulation consumes time: 0.24615049362182617
Partial simulation consumes time: 0.24293088912963867
Partial simulation consumes time: 0.2443397045135498
Partial simulation consumes time: 0.24236416816711426
Partial simulation consumes time: 0.24293780326843262
Partial simulation consumes time: 0.24324584007263184
Partial simulation consumes time: 0.2424144744873047
Partial simulation consumes time: 0.07227802276611328
Partial simulation consumes time: 0.08572626113891602
Partial simulation consumes time: 0.08704972267150879
Partial simulation consumes time: 0.07850813865661621
Partial simulation consumes time: 0.08654356002807617
Partial simulation consumes time: 0.09347105026245117
Partial simulation consumes time: 0.0711665153503418
Partial simulation consumes time: 0.08386731147766113
Partial simulation consumes time: 0.07744455337524414
Partial simulation consumes time: 0.0678563117980957
Partial simulation consumes time: 0.07678103446960449
Partial simulation consumes time: 0.0715935230255127
Partial simulation consumes time: 0.08088302612304688
Partial simulation consumes time: 0.07993197441101074
Partial simulation consumes time: 0.07759737968444824
Partial simulation consumes time: 0.07883667945861816
Partial simulation consumes time: 0.07839131355285645
Partial simulation consumes time: 0.07637715339660645
Partial simulation consumes time: 0.0738515853881836
Partial simulation consumes time: 0.07582759857177734
Partial simulation consumes time: 0.07834863662719727
Partial simulation consumes time: 0.07648634910583496
Partial simulation consumes time: 0.08084893226623535
Partial simulation consumes time: 0.0697641372680664
Partial simulation consumes time: 0.08232760429382324
Partial simulation consumes time: 0.07288432121276855
Partial simulation consumes time: 0.07408571243286133
Partial simulation consumes time: 0.07746767997741699
Partial simulation consumes time: 0.06948590278625488
Partial simulation consumes time: 0.0776662826538086
Partial simulation consumes time: 0.0756232738494873
Partial simulation consumes time: 0.07920622825622559
Partial simulation consumes time: 0.07899355888366699
Partial simulation consumes time: 0.07760763168334961
Partial simulation consumes time: 0.0720980167388916
Partial simulation consumes time: 0.07211422920227051
Partial simulation consumes time: 0.07757568359375
Partial simulation consumes time: 0.07130169868469238
Partial simulation consumes time: 0.06956338882446289
Partial simulation consumes time: 0.0715646743774414
Partial simulation consumes time: 0.07786178588867188
Partial simulation consumes time: 0.07674121856689453
Partial simulation consumes time: 0.07069802284240723
Partial simulation consumes time: 0.10144257545471191
Partial simulation consumes time: 0.07661795616149902
Partial simulation consumes time: 0.0831599235534668
Partial simulation consumes time: 0.0665593147277832
Partial simulation consumes time: 0.07637405395507812
Partial simulation consumes time: 0.07874727249145508
Partial simulation consumes time: 0.08336997032165527
Partial simulation consumes time: 0.07886886596679688
Partial simulation consumes time: 0.07881450653076172
Partial simulation consumes time: 0.07625126838684082
Partial simulation consumes time: 0.07701349258422852
Partial simulation consumes time: 0.07652544975280762
Partial simulation consumes time: 0.07669878005981445
Partial simulation consumes time: 0.07147598266601562
Partial simulation consumes time: 0.08650326728820801
Partial simulation consumes time: 0.0719766616821289
Partial simulation consumes time: 0.08316254615783691
Partial simulation consumes time: 0.07236027717590332
Partial simulation consumes time: 0.0764772891998291
Partial simulation consumes time: 0.08534860610961914
Partial simulation consumes time: 0.08394360542297363
Partial simulation consumes time: 0.18770527839660645
Partial simulation consumes time: 0.17574644088745117
Partial simulation consumes time: 0.18204617500305176
Partial simulation consumes time: 0.20671367645263672
Partial simulation consumes time: 0.1970810890197754
Partial simulation consumes time: 0.15995025634765625
Partial simulation consumes time: 0.18726468086242676
Partial simulation consumes time: 0.16585326194763184
Partial simulation consumes time: 0.16554784774780273
Partial simulation consumes time: 0.16090035438537598
Partial simulation consumes time: 0.1666421890258789
Partial simulation consumes time: 0.16153812408447266
Partial simulation consumes time: 0.1643049716949463
Partial simulation consumes time: 0.1652388572692871
Partial simulation consumes time: 0.1615455150604248
Partial simulation consumes time: 0.16480183601379395
Partial simulation consumes time: 0.16718459129333496
Partial simulation consumes time: 0.1644446849822998
Partial simulation consumes time: 0.1707444190979004
Partial simulation consumes time: 0.17166519165039062
Partial simulation consumes time: 0.17952299118041992
Partial simulation consumes time: 0.16635394096374512
Partial simulation consumes time: 0.1649179458618164
Partial simulation consumes time: 0.16768813133239746
Partial simulation consumes time: 0.19509172439575195
Partial simulation consumes time: 0.1625349521636963
Partial simulation consumes time: 0.15828990936279297
Partial simulation consumes time: 0.1628265380859375
Partial simulation consumes time: 0.1672525405883789
Partial simulation consumes time: 0.16015386581420898
Partial simulation consumes time: 0.16417622566223145
Partial simulation consumes time: 0.1635303497314453
Partial simulation consumes time: 0.16255784034729004
Partial simulation consumes time: 0.1686699390411377
Partial simulation consumes time: 0.16672253608703613
Partial simulation consumes time: 0.1686093807220459
Partial simulation consumes time: 0.16917920112609863
Partial simulation consumes time: 0.17116260528564453
Partial simulation consumes time: 0.1816098690032959
Partial simulation consumes time: 0.16597199440002441
Partial simulation consumes time: 0.19068598747253418
Partial simulation consumes time: 0.16230463981628418
Partial simulation consumes time: 0.16400146484375
Partial simulation consumes time: 0.16405272483825684
Partial simulation consumes time: 0.16509580612182617
Partial simulation consumes time: 0.1571803092956543
Partial simulation consumes time: 0.1576685905456543
Partial simulation consumes time: 0.16243219375610352
Partial simulation consumes time: 0.160355806350708
Partial simulation consumes time: 0.17004895210266113
Partial simulation consumes time: 0.16186118125915527
Partial simulation consumes time: 0.16037964820861816
Partial simulation consumes time: 0.1631021499633789
Partial simulation consumes time: 0.16605615615844727
Partial simulation consumes time: 0.20013427734375
Partial simulation consumes time: 0.1695423126220703
Partial simulation consumes time: 0.16813349723815918
Partial simulation consumes time: 0.17624473571777344
Partial simulation consumes time: 0.17736458778381348
Partial simulation consumes time: 0.21328139305114746
Partial simulation consumes time: 0.19405150413513184
Partial simulation consumes time: 0.17775297164916992
Partial simulation consumes time: 0.17646503448486328
Partial simulation consumes time: 0.16931581497192383
Partial simulation consumes time: 0.25026702880859375
Partial simulation consumes time: 0.23537707328796387
Partial simulation consumes time: 0.27838706970214844
Partial simulation consumes time: 0.2643613815307617
Partial simulation consumes time: 0.2529120445251465
Partial simulation consumes time: 0.30432868003845215
Partial simulation consumes time: 0.26224350929260254
Partial simulation consumes time: 0.23580217361450195
Partial simulation consumes time: 0.2791924476623535
Partial simulation consumes time: 0.28748416900634766
Partial simulation consumes time: 0.2760887145996094
Partial simulation consumes time: 0.25504255294799805
Partial simulation consumes time: 0.25255346298217773
Partial simulation consumes time: 0.2903769016265869
Partial simulation consumes time: 0.2672238349914551
Partial simulation consumes time: 0.2627878189086914
Partial simulation consumes time: 0.27677440643310547
Partial simulation consumes time: 0.2704601287841797
Partial simulation consumes time: 0.2378394603729248
Partial simulation consumes time: 0.2517993450164795
Partial simulation consumes time: 0.260500431060791
Partial simulation consumes time: 0.23668599128723145
Partial simulation consumes time: 0.2539792060852051
Partial simulation consumes time: 0.25781774520874023
Partial simulation consumes time: 0.27857160568237305
Partial simulation consumes time: 0.2524607181549072
Partial simulation consumes time: 0.26288414001464844
Partial simulation consumes time: 0.24167680740356445
Partial simulation consumes time: 0.24379324913024902
Partial simulation consumes time: 0.27918457984924316
Partial simulation consumes time: 0.28040266036987305
Partial simulation consumes time: 0.2485206127166748
Partial simulation consumes time: 0.2922484874725342
Partial simulation consumes time: 0.24215054512023926
Partial simulation consumes time: 0.24348783493041992
Partial simulation consumes time: 0.26525354385375977
Partial simulation consumes time: 0.25079798698425293
Partial simulation consumes time: 0.264054536819458
Partial simulation consumes time: 0.26398324966430664
Partial simulation consumes time: 0.27904415130615234
Partial simulation consumes time: 0.25240564346313477
Partial simulation consumes time: 0.2587273120880127
Partial simulation consumes time: 0.25055909156799316
Partial simulation consumes time: 0.2902672290802002
Partial simulation consumes time: 0.24846100807189941
Partial simulation consumes time: 0.2682971954345703
Partial simulation consumes time: 0.23994922637939453
Partial simulation consumes time: 0.26222658157348633
Partial simulation consumes time: 0.298938512802124
Partial simulation consumes time: 0.26012372970581055
Partial simulation consumes time: 0.26035213470458984
Partial simulation consumes time: 0.24418902397155762
Partial simulation consumes time: 0.26365065574645996
Partial simulation consumes time: 0.2609672546386719
Partial simulation consumes time: 0.2775998115539551
Partial simulation consumes time: 0.24828720092773438
Partial simulation consumes time: 0.28810954093933105
Partial simulation consumes time: 0.24867463111877441
Partial simulation consumes time: 0.2454216480255127
Partial simulation consumes time: 0.2906370162963867
Partial simulation consumes time: 0.25635862350463867
Partial simulation consumes time: 0.28345513343811035
Partial simulation consumes time: 0.25107645988464355
Partial simulation consumes time: 0.2735939025878906
Partial simulation consumes time: 0.3024425506591797
Partial simulation consumes time: 0.29672956466674805
Partial simulation consumes time: 0.30962538719177246
Partial simulation consumes time: 0.4178955554962158
Partial simulation consumes time: 0.333712100982666
Partial simulation consumes time: 0.30743408203125
Partial simulation consumes time: 0.2991507053375244
Partial simulation consumes time: 0.30921077728271484
Partial simulation consumes time: 0.30770373344421387
Partial simulation consumes time: 0.41539716720581055
Partial simulation consumes time: 0.2886168956756592
Partial simulation consumes time: 0.2975170612335205
Partial simulation consumes time: 0.30339980125427246
Partial simulation consumes time: 0.304821252822876
Partial simulation consumes time: 0.30771327018737793
Partial simulation consumes time: 0.3050508499145508
Partial simulation consumes time: 0.31388306617736816
Partial simulation consumes time: 0.3005411624908447
Partial simulation consumes time: 0.392763614654541
Partial simulation consumes time: 0.2910192012786865
Partial simulation consumes time: 0.30669188499450684
Partial simulation consumes time: 0.30559206008911133
Partial simulation consumes time: 0.3071262836456299
Partial simulation consumes time: 0.3986520767211914
Partial simulation consumes time: 0.3985416889190674
Partial simulation consumes time: 0.30667877197265625
Partial simulation consumes time: 0.2987542152404785
Partial simulation consumes time: 0.30972838401794434
Partial simulation consumes time: 0.31080055236816406
Partial simulation consumes time: 0.36931896209716797
Partial simulation consumes time: 0.29129695892333984
Partial simulation consumes time: 0.3955988883972168
Partial simulation consumes time: 0.2952916622161865
Partial simulation consumes time: 0.3025500774383545
Partial simulation consumes time: 0.3008997440338135
Partial simulation consumes time: 0.3237879276275635
Partial simulation consumes time: 0.3089621067047119
Partial simulation consumes time: 0.30519580841064453
Partial simulation consumes time: 0.3981785774230957
Partial simulation consumes time: 0.387113094329834
Partial simulation consumes time: 0.28551530838012695
Partial simulation consumes time: 0.3941466808319092
Partial simulation consumes time: 0.43835878372192383
Partial simulation consumes time: 0.31049203872680664
Partial simulation consumes time: 0.3059988021850586
Partial simulation consumes time: 0.30799174308776855
Partial simulation consumes time: 0.3960692882537842
Partial simulation consumes time: 0.28591203689575195
Partial simulation consumes time: 0.281566858291626
Partial simulation consumes time: 0.29018712043762207
Partial simulation consumes time: 0.29979634284973145
Partial simulation consumes time: 0.42215991020202637
Partial simulation consumes time: 0.297435998916626
Partial simulation consumes time: 0.40574169158935547
Partial simulation consumes time: 0.4076721668243408
Partial simulation consumes time: 0.3047647476196289
Partial simulation consumes time: 0.29469728469848633
Partial simulation consumes time: 0.3953557014465332
Partial simulation consumes time: 0.3673067092895508
Partial simulation consumes time: 0.3583338260650635
Partial simulation consumes time: 0.28926706314086914
Partial simulation consumes time: 0.2952842712402344
Partial simulation consumes time: 0.40052080154418945
Partial simulation consumes time: 0.42180681228637695
Partial simulation consumes time: 0.22969841957092285
Partial simulation consumes time: 0.2393338680267334
Partial simulation consumes time: 0.2875676155090332
Partial simulation consumes time: 0.29569458961486816
Partial simulation consumes time: 0.24147891998291016
Partial simulation consumes time: 0.31427526473999023
Partial simulation consumes time: 0.30153775215148926
Partial simulation consumes time: 0.23894548416137695
Partial simulation consumes time: 0.2391505241394043
Partial simulation consumes time: 0.29572200775146484
Partial simulation consumes time: 0.2398848533630371
Partial simulation consumes time: 0.24310684204101562
Partial simulation consumes time: 0.23749446868896484
Partial simulation consumes time: 0.2404642105102539
Partial simulation consumes time: 0.297579288482666
Partial simulation consumes time: 0.2350447177886963
Partial simulation consumes time: 0.23273539543151855
Partial simulation consumes time: 0.24262166023254395
Partial simulation consumes time: 0.3135533332824707
Partial simulation consumes time: 0.2366623878479004
Partial simulation consumes time: 0.2908909320831299
Partial simulation consumes time: 0.24242544174194336
Partial simulation consumes time: 0.2348618507385254
Partial simulation consumes time: 0.2526662349700928
Partial simulation consumes time: 0.30544281005859375
Partial simulation consumes time: 0.23731327056884766
Partial simulation consumes time: 0.24095654487609863
Partial simulation consumes time: 0.23201274871826172
Partial simulation consumes time: 0.24309945106506348
Partial simulation consumes time: 0.2394721508026123
Partial simulation consumes time: 0.3394289016723633
Partial simulation consumes time: 0.28384995460510254
Partial simulation consumes time: 0.24034643173217773
Partial simulation consumes time: 0.3129251003265381
Partial simulation consumes time: 0.23919463157653809
Partial simulation consumes time: 0.23637938499450684
Partial simulation consumes time: 0.24214553833007812
Partial simulation consumes time: 0.24037528038024902
Partial simulation consumes time: 0.23461413383483887
Partial simulation consumes time: 0.24313759803771973
Partial simulation consumes time: 0.23603129386901855
Partial simulation consumes time: 0.2931852340698242
Partial simulation consumes time: 0.23513174057006836
Partial simulation consumes time: 0.23961925506591797
Partial simulation consumes time: 0.2402052879333496
Partial simulation consumes time: 0.3070492744445801
Partial simulation consumes time: 0.294888973236084
Partial simulation consumes time: 0.24197602272033691
Partial simulation consumes time: 0.23310518264770508
Partial simulation consumes time: 0.3121531009674072
Partial simulation consumes time: 0.30764293670654297
Partial simulation consumes time: 0.2455120086669922
Partial simulation consumes time: 0.2479250431060791
Partial simulation consumes time: 0.2938220500946045
Partial simulation consumes time: 0.23936843872070312
Partial simulation consumes time: 0.2431347370147705
Partial simulation consumes time: 0.23889589309692383
Partial simulation consumes time: 0.2372138500213623
Partial simulation consumes time: 0.24895453453063965
Partial simulation consumes time: 0.2476491928100586
Partial simulation consumes time: 0.2411961555480957
Partial simulation consumes time: 0.3041102886199951
Partial simulation consumes time: 0.3415958881378174
Partial simulation consumes time: 0.2920961380004883
Partial simulation consumes time: 0.08017897605895996
Partial simulation consumes time: 0.08438968658447266
Partial simulation consumes time: 0.07933497428894043
Partial simulation consumes time: 0.08602118492126465
Partial simulation consumes time: 0.08117222785949707
Partial simulation consumes time: 0.0866537094116211
Partial simulation consumes time: 0.09159660339355469
Partial simulation consumes time: 0.08477640151977539
Partial simulation consumes time: 0.08644962310791016
Partial simulation consumes time: 0.0868222713470459
Partial simulation consumes time: 0.08783149719238281
Partial simulation consumes time: 0.07983851432800293
Partial simulation consumes time: 0.08731555938720703
Partial simulation consumes time: 0.08211088180541992
Partial simulation consumes time: 0.08588314056396484
Partial simulation consumes time: 0.08672571182250977
Partial simulation consumes time: 0.08459758758544922
Partial simulation consumes time: 0.08369278907775879
Partial simulation consumes time: 0.0828862190246582
Partial simulation consumes time: 0.08312749862670898
Partial simulation consumes time: 0.08249139785766602
Partial simulation consumes time: 0.08156442642211914
Partial simulation consumes time: 0.09736466407775879
Partial simulation consumes time: 0.08858609199523926
Partial simulation consumes time: 0.08631539344787598
Partial simulation consumes time: 0.09742164611816406
Partial simulation consumes time: 0.07931280136108398
Partial simulation consumes time: 0.08278751373291016
Partial simulation consumes time: 0.08870720863342285
Partial simulation consumes time: 0.08189177513122559
Partial simulation consumes time: 0.07947707176208496
Partial simulation consumes time: 0.08487582206726074
Partial simulation consumes time: 0.0836632251739502
Partial simulation consumes time: 0.08154964447021484
Partial simulation consumes time: 0.08956146240234375
Partial simulation consumes time: 0.08681702613830566
Partial simulation consumes time: 0.08769011497497559
Partial simulation consumes time: 0.08092355728149414
Partial simulation consumes time: 0.08464646339416504
Partial simulation consumes time: 0.08064842224121094
Partial simulation consumes time: 0.08322882652282715
Partial simulation consumes time: 0.08151388168334961
Partial simulation consumes time: 0.0886068344116211
Partial simulation consumes time: 0.0901334285736084
Partial simulation consumes time: 0.08151078224182129
Partial simulation consumes time: 0.08511877059936523
Partial simulation consumes time: 0.08037257194519043
Partial simulation consumes time: 0.0897674560546875
Partial simulation consumes time: 0.0885915756225586
Partial simulation consumes time: 0.08774113655090332
Partial simulation consumes time: 0.08567976951599121
Partial simulation consumes time: 0.08413219451904297
Partial simulation consumes time: 0.08427596092224121
Partial simulation consumes time: 0.08277440071105957
Partial simulation consumes time: 0.08285093307495117
Partial simulation consumes time: 0.09248685836791992
Partial simulation consumes time: 0.0870811939239502
Partial simulation consumes time: 0.0838158130645752
Partial simulation consumes time: 0.07668185234069824
Partial simulation consumes time: 0.08153367042541504
Partial simulation consumes time: 0.09397315979003906
Partial simulation consumes time: 0.08674478530883789
Partial simulation consumes time: 0.08547353744506836
Partial simulation consumes time: 0.08415842056274414
Partial simulation consumes time: 0.12006998062133789
Partial simulation consumes time: 0.11426162719726562
Partial simulation consumes time: 0.12171077728271484
Partial simulation consumes time: 0.11147665977478027
Partial simulation consumes time: 0.10739564895629883
Partial simulation consumes time: 0.11347436904907227
Partial simulation consumes time: 0.11684155464172363
Partial simulation consumes time: 0.11354351043701172
Partial simulation consumes time: 0.11582827568054199
Partial simulation consumes time: 0.11697649955749512
Partial simulation consumes time: 0.10883498191833496
Partial simulation consumes time: 0.11591339111328125
Partial simulation consumes time: 0.11389780044555664
Partial simulation consumes time: 0.13467168807983398
Partial simulation consumes time: 0.11588001251220703
Partial simulation consumes time: 0.11680459976196289
Partial simulation consumes time: 0.11976361274719238
Partial simulation consumes time: 0.13128089904785156
Partial simulation consumes time: 0.11055183410644531
Partial simulation consumes time: 0.10612797737121582
Partial simulation consumes time: 0.13662505149841309
Partial simulation consumes time: 0.11071133613586426
Partial simulation consumes time: 0.11293721199035645
Partial simulation consumes time: 0.11613130569458008
Partial simulation consumes time: 0.1253039836883545
Partial simulation consumes time: 0.10789728164672852
Partial simulation consumes time: 0.11641812324523926
Partial simulation consumes time: 0.12870264053344727
Partial simulation consumes time: 0.10347580909729004
Partial simulation consumes time: 0.120391845703125
Partial simulation consumes time: 0.11962771415710449
Partial simulation consumes time: 0.12034130096435547
Partial simulation consumes time: 0.11382484436035156
Partial simulation consumes time: 0.11152219772338867
Partial simulation consumes time: 0.13640546798706055
Partial simulation consumes time: 0.11306405067443848
Partial simulation consumes time: 0.11552214622497559
Partial simulation consumes time: 0.11836576461791992
Partial simulation consumes time: 0.11799049377441406
Partial simulation consumes time: 0.10982680320739746
Partial simulation consumes time: 0.11468791961669922
Partial simulation consumes time: 0.1386415958404541
Partial simulation consumes time: 0.10553455352783203
Partial simulation consumes time: 0.11241531372070312
Partial simulation consumes time: 0.11410045623779297
Partial simulation consumes time: 0.1220102310180664
Partial simulation consumes time: 0.11433672904968262
Partial simulation consumes time: 0.12129878997802734
Partial simulation consumes time: 0.1444721221923828
Partial simulation consumes time: 0.11617350578308105
Partial simulation consumes time: 0.10424089431762695
Partial simulation consumes time: 0.10848188400268555
Partial simulation consumes time: 0.10744118690490723
Partial simulation consumes time: 0.11302900314331055
Partial simulation consumes time: 0.11122941970825195
Partial simulation consumes time: 0.13174128532409668
Partial simulation consumes time: 0.11064410209655762
Partial simulation consumes time: 0.11262345314025879
Partial simulation consumes time: 0.11008834838867188
Partial simulation consumes time: 0.11127018928527832
Partial simulation consumes time: 0.1106259822845459
Partial simulation consumes time: 0.11987686157226562
Partial simulation consumes time: 0.1319141387939453
Partial simulation consumes time: 0.11326885223388672
Qdao runs:	1073.0771851539612
_initialize	37.29882502555847
_preprocess	50.42085123062134
_postprocess	481.375461101532
_run	1035.7599422931671
load_sv	49.93548846244812
store_sv	481.3506417274475
Quafu runs:	512.2667095661163
.

================= 1 passed, 9 deselected in 1587.23s (0:26:27) =================
