============================= test session starts ==============================
platform linux -- Python 3.10.6, pytest-7.2.0, pluggy-1.0.0
rootdir: /root/projects/qcs
collected 10 items / 9 deselected / 1 selected

tst/qdao/engine.py 
::::::::::::::::::Config::::::::::::::::::

NQ::	28
NP::	24
NL::	22
D::	25

::::::::::::::::::Config::::::::::::::::::


:::Reusing existing bench:::::/root/projects/qcs/qdao/benchmarks/qasm/random_28_25_max_operands_2_gen.qasm::::::::

Partial simulation consumes time: 1.2506382465362549
Partial simulation consumes time: 1.409341812133789
Partial simulation consumes time: 1.1816482543945312
Partial simulation consumes time: 1.1266868114471436
Partial simulation consumes time: 1.0343215465545654
Partial simulation consumes time: 1.062394380569458
Partial simulation consumes time: 1.0013399124145508
Partial simulation consumes time: 0.9631991386413574
Partial simulation consumes time: 1.047896385192871
Partial simulation consumes time: 1.0017187595367432
Partial simulation consumes time: 1.0160958766937256
Partial simulation consumes time: 0.8505651950836182
Partial simulation consumes time: 0.8828566074371338
Partial simulation consumes time: 0.9738140106201172
Partial simulation consumes time: 0.8582842350006104
Partial simulation consumes time: 1.0224111080169678
Partial simulation consumes time: 0.6867821216583252
Partial simulation consumes time: 0.5063719749450684
Partial simulation consumes time: 0.4622189998626709
Partial simulation consumes time: 0.6445436477661133
Partial simulation consumes time: 0.49857258796691895
Partial simulation consumes time: 0.5522747039794922
Partial simulation consumes time: 0.5599105358123779
Partial simulation consumes time: 0.5214660167694092
Partial simulation consumes time: 0.45821261405944824
Partial simulation consumes time: 0.6533911228179932
Partial simulation consumes time: 0.5082497596740723
Partial simulation consumes time: 0.599571943283081
Partial simulation consumes time: 0.4545776844024658
Partial simulation consumes time: 0.5579750537872314
Partial simulation consumes time: 0.4872734546661377
Partial simulation consumes time: 0.6510233879089355
Partial simulation consumes time: 0.17850565910339355
Partial simulation consumes time: 0.2064807415008545
Partial simulation consumes time: 0.17960429191589355
Partial simulation consumes time: 0.22509360313415527
Partial simulation consumes time: 0.1741025447845459
Partial simulation consumes time: 0.18420815467834473
Partial simulation consumes time: 0.1722426414489746
Partial simulation consumes time: 0.17682552337646484
Partial simulation consumes time: 0.25664329528808594
Partial simulation consumes time: 0.25801968574523926
Partial simulation consumes time: 0.21219444274902344
Partial simulation consumes time: 0.24219942092895508
Partial simulation consumes time: 0.29492688179016113
Partial simulation consumes time: 0.19763517379760742
Partial simulation consumes time: 0.23483943939208984
Partial simulation consumes time: 0.19935989379882812
Partial simulation consumes time: 0.8658344745635986
Partial simulation consumes time: 0.7938840389251709
Partial simulation consumes time: 0.7288093566894531
Partial simulation consumes time: 0.8793330192565918
Partial simulation consumes time: 0.8591079711914062
Partial simulation consumes time: 0.7360763549804688
Partial simulation consumes time: 0.7100305557250977
Partial simulation consumes time: 0.7341649532318115
Partial simulation consumes time: 0.7178425788879395
Partial simulation consumes time: 0.8622086048126221
Partial simulation consumes time: 0.884868860244751
Partial simulation consumes time: 0.8080744743347168
Partial simulation consumes time: 0.7721338272094727
Partial simulation consumes time: 0.7157859802246094
Partial simulation consumes time: 0.8573026657104492
Partial simulation consumes time: 0.8674130439758301
Partial simulation consumes time: 0.317293643951416
Partial simulation consumes time: 0.3429837226867676
Partial simulation consumes time: 0.3322610855102539
Partial simulation consumes time: 0.32161664962768555
Partial simulation consumes time: 0.3208739757537842
Partial simulation consumes time: 0.31780123710632324
Partial simulation consumes time: 0.31700563430786133
Partial simulation consumes time: 0.32723188400268555
Partial simulation consumes time: 0.33696508407592773
Partial simulation consumes time: 0.3286001682281494
Partial simulation consumes time: 0.32742881774902344
Partial simulation consumes time: 0.3212709426879883
Partial simulation consumes time: 0.31804537773132324
Partial simulation consumes time: 0.3199589252471924
Partial simulation consumes time: 0.31563878059387207
Partial simulation consumes time: 0.31617283821105957
Partial simulation consumes time: 0.16146469116210938
Partial simulation consumes time: 0.17282581329345703
Partial simulation consumes time: 0.16385269165039062
Partial simulation consumes time: 0.1627216339111328
Partial simulation consumes time: 0.16495776176452637
Partial simulation consumes time: 0.1630711555480957
Partial simulation consumes time: 0.16573357582092285
Partial simulation consumes time: 0.16620707511901855
Partial simulation consumes time: 0.1643216609954834
Partial simulation consumes time: 0.1606590747833252
Partial simulation consumes time: 0.16709375381469727
Partial simulation consumes time: 0.1794414520263672
Partial simulation consumes time: 0.16063594818115234
Partial simulation consumes time: 0.1598985195159912
Partial simulation consumes time: 0.16257047653198242
Partial simulation consumes time: 0.15821170806884766
Partial simulation consumes time: 0.6005663871765137
Partial simulation consumes time: 0.6118457317352295
Partial simulation consumes time: 0.6193873882293701
Partial simulation consumes time: 0.6008751392364502
Partial simulation consumes time: 0.6043965816497803
Partial simulation consumes time: 0.608551025390625
Partial simulation consumes time: 0.5994224548339844
Partial simulation consumes time: 0.6346197128295898
Partial simulation consumes time: 0.6160836219787598
Partial simulation consumes time: 0.6022775173187256
Partial simulation consumes time: 0.5978415012359619
Partial simulation consumes time: 0.5913770198822021
Partial simulation consumes time: 0.5800497531890869
Partial simulation consumes time: 0.5869159698486328
Partial simulation consumes time: 0.5820667743682861
Partial simulation consumes time: 0.5884237289428711
Partial simulation consumes time: 0.28226780891418457
Partial simulation consumes time: 0.2940864562988281
Partial simulation consumes time: 0.28499746322631836
Partial simulation consumes time: 0.3239023685455322
Partial simulation consumes time: 0.340376615524292
Partial simulation consumes time: 0.34931349754333496
Partial simulation consumes time: 0.3744778633117676
Partial simulation consumes time: 0.28476476669311523
Partial simulation consumes time: 0.366657018661499
Partial simulation consumes time: 0.3315098285675049
Partial simulation consumes time: 0.31960105895996094
Partial simulation consumes time: 0.340756893157959
Partial simulation consumes time: 0.3507575988769531
Partial simulation consumes time: 0.2900679111480713
Partial simulation consumes time: 0.3532726764678955
Partial simulation consumes time: 0.32091331481933594
Partial simulation consumes time: 0.49963855743408203
Partial simulation consumes time: 0.5096662044525146
Partial simulation consumes time: 0.5779991149902344
Partial simulation consumes time: 0.5083818435668945
Partial simulation consumes time: 0.5156054496765137
Partial simulation consumes time: 0.5926003456115723
Partial simulation consumes time: 0.5271952152252197
Partial simulation consumes time: 0.6303694248199463
Partial simulation consumes time: 0.5922999382019043
Partial simulation consumes time: 0.5683608055114746
Partial simulation consumes time: 0.5392131805419922
Partial simulation consumes time: 0.516977071762085
Partial simulation consumes time: 0.5999100208282471
Partial simulation consumes time: 0.618433952331543
Partial simulation consumes time: 0.5902884006500244
Partial simulation consumes time: 0.5290863513946533
Partial simulation consumes time: 0.8111934661865234
Partial simulation consumes time: 0.8444106578826904
Partial simulation consumes time: 0.9250333309173584
Partial simulation consumes time: 0.8353242874145508
Partial simulation consumes time: 0.9201059341430664
Partial simulation consumes time: 0.832434892654419
Partial simulation consumes time: 0.8293704986572266
Partial simulation consumes time: 0.9554502964019775
Partial simulation consumes time: 0.7921602725982666
Partial simulation consumes time: 0.878061056137085
Partial simulation consumes time: 0.8102576732635498
Partial simulation consumes time: 0.8088819980621338
Partial simulation consumes time: 0.8935737609863281
Partial simulation consumes time: 0.8969850540161133
Partial simulation consumes time: 0.8148338794708252
Partial simulation consumes time: 0.7931907176971436
Partial simulation consumes time: 0.15863370895385742
Partial simulation consumes time: 0.16040301322937012
Partial simulation consumes time: 0.16198968887329102
Partial simulation consumes time: 0.15759038925170898
Partial simulation consumes time: 0.1620192527770996
Partial simulation consumes time: 0.17021489143371582
Partial simulation consumes time: 0.16292262077331543
Partial simulation consumes time: 0.16242194175720215
Partial simulation consumes time: 0.1601426601409912
Partial simulation consumes time: 0.1580817699432373
Partial simulation consumes time: 0.16005897521972656
Partial simulation consumes time: 0.17108726501464844
Partial simulation consumes time: 0.165879487991333
Partial simulation consumes time: 0.16280436515808105
Partial simulation consumes time: 0.17090082168579102
Partial simulation consumes time: 0.16780805587768555
Partial simulation consumes time: 0.43297815322875977
Partial simulation consumes time: 0.5435285568237305
Partial simulation consumes time: 0.5484545230865479
Partial simulation consumes time: 0.337444543838501
Partial simulation consumes time: 0.422792911529541
Partial simulation consumes time: 0.3782806396484375
Partial simulation consumes time: 0.43324875831604004
Partial simulation consumes time: 0.3628873825073242
Partial simulation consumes time: 0.5039494037628174
Partial simulation consumes time: 0.3360440731048584
Partial simulation consumes time: 0.43506860733032227
Partial simulation consumes time: 0.3385183811187744
Partial simulation consumes time: 0.4038207530975342
Partial simulation consumes time: 0.37908172607421875
Partial simulation consumes time: 0.5036873817443848
Partial simulation consumes time: 0.3835482597351074
Partial simulation consumes time: 0.09520244598388672
Partial simulation consumes time: 0.1019597053527832
Partial simulation consumes time: 0.11194777488708496
Partial simulation consumes time: 0.10588788986206055
Partial simulation consumes time: 0.10796356201171875
Partial simulation consumes time: 0.11269831657409668
Partial simulation consumes time: 0.11395764350891113
Partial simulation consumes time: 0.1112215518951416
Partial simulation consumes time: 0.10846638679504395
Partial simulation consumes time: 0.11222243309020996
Partial simulation consumes time: 0.10916805267333984
Partial simulation consumes time: 0.10589170455932617
Partial simulation consumes time: 0.10423135757446289
Partial simulation consumes time: 0.11104416847229004
Partial simulation consumes time: 0.10274529457092285
Partial simulation consumes time: 0.10601592063903809
Partial simulation consumes time: 0.022331953048706055
Partial simulation consumes time: 0.02559208869934082
Partial simulation consumes time: 0.0289914608001709
Partial simulation consumes time: 0.030814409255981445
Partial simulation consumes time: 0.03185439109802246
Partial simulation consumes time: 0.031026124954223633
Partial simulation consumes time: 0.03174734115600586
Partial simulation consumes time: 0.023719310760498047
Partial simulation consumes time: 0.03238987922668457
Partial simulation consumes time: 0.030661344528198242
Partial simulation consumes time: 0.031209468841552734
Partial simulation consumes time: 0.030971288681030273
Partial simulation consumes time: 0.0316617488861084
Partial simulation consumes time: 0.031249284744262695
Partial simulation consumes time: 0.03242897987365723
Partial simulation consumes time: 0.031204938888549805
Partial simulation consumes time: 0.691939115524292
Partial simulation consumes time: 0.6426107883453369
Partial simulation consumes time: 0.6630513668060303
Partial simulation consumes time: 0.6544513702392578
Partial simulation consumes time: 0.6718552112579346
Partial simulation consumes time: 0.6696577072143555
Partial simulation consumes time: 0.671105146408081
Partial simulation consumes time: 0.6581757068634033
Partial simulation consumes time: 0.6489224433898926
Partial simulation consumes time: 0.6494584083557129
Partial simulation consumes time: 0.6573708057403564
Partial simulation consumes time: 0.6454310417175293
Partial simulation consumes time: 0.6613640785217285
Partial simulation consumes time: 0.6370701789855957
Partial simulation consumes time: 0.658344030380249
Partial simulation consumes time: 0.6569406986236572
Partial simulation consumes time: 0.36175990104675293
Partial simulation consumes time: 0.3651118278503418
Partial simulation consumes time: 0.36628222465515137
Partial simulation consumes time: 0.38560962677001953
Partial simulation consumes time: 0.4494154453277588
Partial simulation consumes time: 0.3818826675415039
Partial simulation consumes time: 0.36856842041015625
Partial simulation consumes time: 0.3820796012878418
Partial simulation consumes time: 0.3680551052093506
Partial simulation consumes time: 0.36859798431396484
Partial simulation consumes time: 0.3682999610900879
Partial simulation consumes time: 0.35363340377807617
Partial simulation consumes time: 0.3567163944244385
Partial simulation consumes time: 0.3576643466949463
Partial simulation consumes time: 0.3656027317047119
Partial simulation consumes time: 0.37154698371887207
Partial simulation consumes time: 0.1443498134613037
Partial simulation consumes time: 0.1541910171508789
Partial simulation consumes time: 0.22986960411071777
Partial simulation consumes time: 0.14819622039794922
Partial simulation consumes time: 0.17102742195129395
Partial simulation consumes time: 0.22784924507141113
Partial simulation consumes time: 0.14384984970092773
Partial simulation consumes time: 0.2009279727935791
Partial simulation consumes time: 0.20015978813171387
Partial simulation consumes time: 0.18598031997680664
Partial simulation consumes time: 0.15797185897827148
Partial simulation consumes time: 0.2215743064880371
Partial simulation consumes time: 0.14680194854736328
Partial simulation consumes time: 0.24080777168273926
Partial simulation consumes time: 0.18345117568969727
Partial simulation consumes time: 0.1503605842590332
Partial simulation consumes time: 0.29417991638183594
Partial simulation consumes time: 0.2898879051208496
Partial simulation consumes time: 0.2832682132720947
Partial simulation consumes time: 0.2912139892578125
Partial simulation consumes time: 0.2937963008880615
Partial simulation consumes time: 0.29676127433776855
Partial simulation consumes time: 0.2967674732208252
Partial simulation consumes time: 0.2844235897064209
Partial simulation consumes time: 0.2864227294921875
Partial simulation consumes time: 0.28954076766967773
Partial simulation consumes time: 0.2822599411010742
Partial simulation consumes time: 0.3033764362335205
Partial simulation consumes time: 0.30177783966064453
Partial simulation consumes time: 0.30854153633117676
Partial simulation consumes time: 0.30350470542907715
Partial simulation consumes time: 0.30721282958984375
Partial simulation consumes time: 0.5015084743499756
Partial simulation consumes time: 0.4834754467010498
Partial simulation consumes time: 0.48117589950561523
Partial simulation consumes time: 0.5598621368408203
Partial simulation consumes time: 0.5781517028808594
Partial simulation consumes time: 0.48168134689331055
Partial simulation consumes time: 0.48305702209472656
Partial simulation consumes time: 0.4759693145751953
Partial simulation consumes time: 0.6281614303588867
Partial simulation consumes time: 0.48679375648498535
Partial simulation consumes time: 0.559718132019043
Partial simulation consumes time: 0.4982573986053467
Partial simulation consumes time: 0.6194162368774414
Partial simulation consumes time: 0.6204276084899902
Partial simulation consumes time: 0.4826176166534424
Partial simulation consumes time: 0.5627071857452393
Partial simulation consumes time: 0.18077969551086426
Partial simulation consumes time: 0.17998576164245605
Partial simulation consumes time: 0.17372608184814453
Partial simulation consumes time: 0.17780661582946777
Partial simulation consumes time: 0.1767597198486328
Partial simulation consumes time: 0.1797504425048828
Partial simulation consumes time: 0.18429327011108398
Partial simulation consumes time: 0.18059039115905762
Partial simulation consumes time: 0.16831254959106445
Partial simulation consumes time: 0.17986392974853516
Partial simulation consumes time: 0.18094086647033691
Partial simulation consumes time: 0.1846907138824463
Partial simulation consumes time: 0.17972302436828613
Partial simulation consumes time: 0.17578959465026855
Partial simulation consumes time: 0.18058156967163086
Partial simulation consumes time: 0.18108153343200684
Partial simulation consumes time: 0.21668267250061035
Partial simulation consumes time: 0.2181243896484375
Partial simulation consumes time: 0.21127605438232422
Partial simulation consumes time: 0.22126102447509766
Partial simulation consumes time: 0.21143865585327148
Partial simulation consumes time: 0.22250080108642578
Partial simulation consumes time: 0.2203524112701416
Partial simulation consumes time: 0.21401214599609375
Partial simulation consumes time: 0.2101740837097168
Partial simulation consumes time: 0.2137458324432373
Partial simulation consumes time: 0.2174665927886963
Partial simulation consumes time: 0.22818374633789062
Partial simulation consumes time: 0.2240467071533203
Partial simulation consumes time: 0.22361040115356445
Partial simulation consumes time: 0.22185921669006348
Partial simulation consumes time: 0.21625328063964844
Partial simulation consumes time: 0.52740478515625
Partial simulation consumes time: 0.49169921875
Partial simulation consumes time: 0.4824085235595703
Partial simulation consumes time: 0.4856901168823242
Partial simulation consumes time: 0.4873044490814209
Partial simulation consumes time: 0.4871180057525635
Partial simulation consumes time: 0.4847860336303711
Partial simulation consumes time: 0.4922797679901123
Partial simulation consumes time: 0.4941830635070801
Partial simulation consumes time: 0.48822665214538574
Partial simulation consumes time: 0.48569488525390625
Partial simulation consumes time: 0.49367761611938477
Partial simulation consumes time: 0.48575544357299805
Partial simulation consumes time: 0.491879940032959
Partial simulation consumes time: 0.509943962097168
Partial simulation consumes time: 0.4924430847167969
Partial simulation consumes time: 0.40647053718566895
Partial simulation consumes time: 0.4272782802581787
Partial simulation consumes time: 0.5078444480895996
Partial simulation consumes time: 0.4681251049041748
Partial simulation consumes time: 0.5137190818786621
Partial simulation consumes time: 0.417095422744751
Partial simulation consumes time: 0.47687196731567383
Partial simulation consumes time: 0.48920297622680664
Partial simulation consumes time: 0.48503684997558594
Partial simulation consumes time: 0.4991333484649658
Partial simulation consumes time: 0.43237900733947754
Partial simulation consumes time: 0.46563267707824707
Partial simulation consumes time: 0.4017360210418701
Partial simulation consumes time: 0.4134821891784668
Partial simulation consumes time: 0.42066478729248047
Partial simulation consumes time: 0.44921374320983887
Partial simulation consumes time: 0.6132566928863525
Partial simulation consumes time: 0.6023507118225098
Partial simulation consumes time: 0.6019489765167236
Partial simulation consumes time: 0.6150994300842285
Partial simulation consumes time: 0.6039011478424072
Partial simulation consumes time: 0.6083312034606934
Partial simulation consumes time: 0.6040880680084229
Partial simulation consumes time: 0.6129150390625
Partial simulation consumes time: 0.6182034015655518
Partial simulation consumes time: 0.6113650798797607
Partial simulation consumes time: 0.6030826568603516
Partial simulation consumes time: 0.6025710105895996
Partial simulation consumes time: 0.5988101959228516
Partial simulation consumes time: 0.5992372035980225
Partial simulation consumes time: 0.6164531707763672
Partial simulation consumes time: 0.5966494083404541
Partial simulation consumes time: 0.14650201797485352
Partial simulation consumes time: 0.1448354721069336
Partial simulation consumes time: 0.20684146881103516
Partial simulation consumes time: 0.18000531196594238
Partial simulation consumes time: 0.2153944969177246
Partial simulation consumes time: 0.227402925491333
Partial simulation consumes time: 0.22048592567443848
Partial simulation consumes time: 0.23021602630615234
Partial simulation consumes time: 0.24117469787597656
Partial simulation consumes time: 0.2213144302368164
Partial simulation consumes time: 0.21506142616271973
Partial simulation consumes time: 0.2270798683166504
Partial simulation consumes time: 0.20876860618591309
Partial simulation consumes time: 0.22884368896484375
Partial simulation consumes time: 0.20874762535095215
Partial simulation consumes time: 0.2255864143371582
Partial simulation consumes time: 0.02073812484741211
Partial simulation consumes time: 0.02067852020263672
Partial simulation consumes time: 0.021630287170410156
Partial simulation consumes time: 0.02711319923400879
Partial simulation consumes time: 0.029638051986694336
Partial simulation consumes time: 0.030061006546020508
Partial simulation consumes time: 0.03056955337524414
Partial simulation consumes time: 0.030214786529541016
Partial simulation consumes time: 0.034394025802612305
Partial simulation consumes time: 0.025496721267700195
Partial simulation consumes time: 0.02523016929626465
Partial simulation consumes time: 0.023539304733276367
Partial simulation consumes time: 0.026118040084838867
Partial simulation consumes time: 0.022761106491088867
Partial simulation consumes time: 0.028748035430908203
Partial simulation consumes time: 0.032154083251953125
Partial simulation consumes time: 0.05217480659484863
Partial simulation consumes time: 0.04603171348571777
Partial simulation consumes time: 0.05241680145263672
Partial simulation consumes time: 0.045614004135131836
Partial simulation consumes time: 0.050536155700683594
Partial simulation consumes time: 0.0502927303314209
Partial simulation consumes time: 0.04522514343261719
Partial simulation consumes time: 0.050540924072265625
Partial simulation consumes time: 0.04855084419250488
Partial simulation consumes time: 0.047025442123413086
Partial simulation consumes time: 0.04447674751281738
Partial simulation consumes time: 0.054062604904174805
Partial simulation consumes time: 0.052104949951171875
Partial simulation consumes time: 0.04483461380004883
Partial simulation consumes time: 0.05602741241455078
Partial simulation consumes time: 0.05166339874267578
Partial simulation consumes time: 0.025981903076171875
Partial simulation consumes time: 0.029309988021850586
Partial simulation consumes time: 0.031708478927612305
Partial simulation consumes time: 0.02615046501159668
Partial simulation consumes time: 0.030689716339111328
Partial simulation consumes time: 0.030510902404785156
Partial simulation consumes time: 0.02761554718017578
Partial simulation consumes time: 0.03184080123901367
Partial simulation consumes time: 0.032998085021972656
Partial simulation consumes time: 0.0328524112701416
Partial simulation consumes time: 0.02848196029663086
Partial simulation consumes time: 0.022556781768798828
Partial simulation consumes time: 0.02261042594909668
Partial simulation consumes time: 0.0316007137298584
Partial simulation consumes time: 0.028081655502319336
Partial simulation consumes time: 0.029137611389160156
Qdao runs:	355.6153173446655
_initialize	3.3908963203430176
_preprocess	64.30080151557922
_postprocess	120.57723116874695
_run	352.207186460495
load_sv	64.1047101020813
store_sv	120.56498456001282
Quafu runs:	158.21305513381958
.

================= 1 passed, 9 deselected in 515.56s (0:08:35) ==================
