============================= test session starts ==============================
platform linux -- Python 3.10.6, pytest-7.2.0, pluggy-1.0.0
rootdir: /root/projects/qcs
collected 10 items / 9 deselected / 1 selected

tst/qdao/engine.py 
::::::::::::::::::Config::::::::::::::::::

NQ::	30
NP::	24
NL::	20
D::	27

::::::::::::::::::Config::::::::::::::::::


:::Reusing existing bench:::::/root/projects/qcs/qdao/benchmarks/qasm/random_30_27_max_operands_2_gen.qasm::::::::

Partial simulation consumes time: 1.6189048290252686
Partial simulation consumes time: 1.0473542213439941
Partial simulation consumes time: 1.0125117301940918
Partial simulation consumes time: 0.992236852645874
Partial simulation consumes time: 0.9645881652832031
Partial simulation consumes time: 0.9412150382995605
Partial simulation consumes time: 0.9535419940948486
Partial simulation consumes time: 0.9831483364105225
Partial simulation consumes time: 0.9719133377075195
Partial simulation consumes time: 0.9516263008117676
Partial simulation consumes time: 0.9562005996704102
Partial simulation consumes time: 0.9517092704772949
Partial simulation consumes time: 0.9566597938537598
Partial simulation consumes time: 0.9536082744598389
Partial simulation consumes time: 0.9421155452728271
Partial simulation consumes time: 0.9464192390441895
Partial simulation consumes time: 0.9610123634338379
Partial simulation consumes time: 0.9609692096710205
Partial simulation consumes time: 1.009641170501709
Partial simulation consumes time: 1.0359470844268799
Partial simulation consumes time: 1.0264713764190674
Partial simulation consumes time: 1.02748441696167
Partial simulation consumes time: 1.0530319213867188
Partial simulation consumes time: 1.0352413654327393
Partial simulation consumes time: 1.017275333404541
Partial simulation consumes time: 0.9869062900543213
Partial simulation consumes time: 0.9857141971588135
Partial simulation consumes time: 1.0495686531066895
Partial simulation consumes time: 1.0257937908172607
Partial simulation consumes time: 1.0385863780975342
Partial simulation consumes time: 1.0115470886230469
Partial simulation consumes time: 0.985457181930542
Partial simulation consumes time: 1.0093317031860352
Partial simulation consumes time: 0.9963514804840088
Partial simulation consumes time: 0.9765148162841797
Partial simulation consumes time: 0.9918224811553955
Partial simulation consumes time: 0.9853041172027588
Partial simulation consumes time: 1.0033533573150635
Partial simulation consumes time: 0.9864253997802734
Partial simulation consumes time: 1.0034563541412354
Partial simulation consumes time: 0.9886815547943115
Partial simulation consumes time: 0.9792680740356445
Partial simulation consumes time: 0.9806046485900879
Partial simulation consumes time: 0.9996325969696045
Partial simulation consumes time: 1.0168471336364746
Partial simulation consumes time: 1.0062570571899414
Partial simulation consumes time: 0.9985330104827881
Partial simulation consumes time: 1.0028939247131348
Partial simulation consumes time: 0.9994874000549316
Partial simulation consumes time: 0.9886622428894043
Partial simulation consumes time: 0.9816908836364746
Partial simulation consumes time: 0.9866657257080078
Partial simulation consumes time: 0.9953742027282715
Partial simulation consumes time: 1.0226600170135498
Partial simulation consumes time: 0.9685330390930176
Partial simulation consumes time: 1.0909276008605957
Partial simulation consumes time: 1.07651686668396
Partial simulation consumes time: 1.1371567249298096
Partial simulation consumes time: 1.067633867263794
Partial simulation consumes time: 1.0435163974761963
Partial simulation consumes time: 1.0778634548187256
Partial simulation consumes time: 0.9886579513549805
Partial simulation consumes time: 0.9657816886901855
Partial simulation consumes time: 0.9630253314971924
Partial simulation consumes time: 0.19036388397216797
Partial simulation consumes time: 0.1940476894378662
Partial simulation consumes time: 0.19342708587646484
Partial simulation consumes time: 0.21094536781311035
Partial simulation consumes time: 0.18985581398010254
Partial simulation consumes time: 0.1957707405090332
Partial simulation consumes time: 0.19739127159118652
Partial simulation consumes time: 0.20565485954284668
Partial simulation consumes time: 0.2043442726135254
Partial simulation consumes time: 0.20767712593078613
Partial simulation consumes time: 0.2220609188079834
Partial simulation consumes time: 0.21681547164916992
Partial simulation consumes time: 0.1988515853881836
Partial simulation consumes time: 0.20747137069702148
Partial simulation consumes time: 0.20897555351257324
Partial simulation consumes time: 0.212876558303833
Partial simulation consumes time: 0.22415685653686523
Partial simulation consumes time: 0.20943307876586914
Partial simulation consumes time: 0.20633935928344727
Partial simulation consumes time: 0.19864177703857422
Partial simulation consumes time: 0.20341849327087402
Partial simulation consumes time: 0.2028968334197998
Partial simulation consumes time: 0.19755172729492188
Partial simulation consumes time: 0.20174813270568848
Partial simulation consumes time: 0.2209489345550537
Partial simulation consumes time: 0.19559907913208008
Partial simulation consumes time: 0.2014167308807373
Partial simulation consumes time: 0.20000171661376953
Partial simulation consumes time: 0.19580817222595215
Partial simulation consumes time: 0.2052459716796875
Partial simulation consumes time: 0.20143556594848633
Partial simulation consumes time: 0.20044302940368652
Partial simulation consumes time: 0.20099353790283203
Partial simulation consumes time: 0.19913887977600098
Partial simulation consumes time: 0.20465087890625
Partial simulation consumes time: 0.20262432098388672
Partial simulation consumes time: 0.19848990440368652
Partial simulation consumes time: 0.1942615509033203
Partial simulation consumes time: 0.18750619888305664
Partial simulation consumes time: 0.19305086135864258
Partial simulation consumes time: 0.19403529167175293
Partial simulation consumes time: 0.20430541038513184
Partial simulation consumes time: 0.19964957237243652
Partial simulation consumes time: 0.1974482536315918
Partial simulation consumes time: 0.1904444694519043
Partial simulation consumes time: 0.19914674758911133
Partial simulation consumes time: 0.19785451889038086
Partial simulation consumes time: 0.19992375373840332
Partial simulation consumes time: 0.18502283096313477
Partial simulation consumes time: 0.19133639335632324
Partial simulation consumes time: 0.19854116439819336
Partial simulation consumes time: 0.19513607025146484
Partial simulation consumes time: 0.2049570083618164
Partial simulation consumes time: 0.21222352981567383
Partial simulation consumes time: 0.2066044807434082
Partial simulation consumes time: 0.21230173110961914
Partial simulation consumes time: 0.2116079330444336
Partial simulation consumes time: 0.21155500411987305
Partial simulation consumes time: 0.19793295860290527
Partial simulation consumes time: 0.19933485984802246
Partial simulation consumes time: 0.20894479751586914
Partial simulation consumes time: 0.19657230377197266
Partial simulation consumes time: 0.20123291015625
Partial simulation consumes time: 0.18906497955322266
Partial simulation consumes time: 0.3088414669036865
Partial simulation consumes time: 0.3010423183441162
Partial simulation consumes time: 0.3048207759857178
Partial simulation consumes time: 0.3091850280761719
Partial simulation consumes time: 0.3052659034729004
Partial simulation consumes time: 0.29642653465270996
Partial simulation consumes time: 0.31217026710510254
Partial simulation consumes time: 0.30154919624328613
Partial simulation consumes time: 0.30491161346435547
Partial simulation consumes time: 0.30797886848449707
Partial simulation consumes time: 0.3164854049682617
Partial simulation consumes time: 0.31106090545654297
Partial simulation consumes time: 0.2971768379211426
Partial simulation consumes time: 0.30396223068237305
Partial simulation consumes time: 0.31079697608947754
Partial simulation consumes time: 0.29580116271972656
Partial simulation consumes time: 0.295041561126709
Partial simulation consumes time: 0.2915928363800049
Partial simulation consumes time: 0.2950780391693115
Partial simulation consumes time: 0.29439878463745117
Partial simulation consumes time: 0.29535484313964844
Partial simulation consumes time: 0.30295324325561523
Partial simulation consumes time: 0.30077099800109863
Partial simulation consumes time: 0.3136754035949707
Partial simulation consumes time: 0.3094911575317383
Partial simulation consumes time: 0.30678844451904297
Partial simulation consumes time: 0.2968921661376953
Partial simulation consumes time: 0.30892324447631836
Partial simulation consumes time: 0.3070049285888672
Partial simulation consumes time: 0.3076896667480469
Partial simulation consumes time: 0.3057985305786133
Partial simulation consumes time: 0.3027760982513428
Partial simulation consumes time: 0.305328369140625
Partial simulation consumes time: 0.30166077613830566
Partial simulation consumes time: 0.30567145347595215
Partial simulation consumes time: 0.3060159683227539
Partial simulation consumes time: 0.30681395530700684
Partial simulation consumes time: 0.3036050796508789
Partial simulation consumes time: 0.29411959648132324
Partial simulation consumes time: 0.3016064167022705
Partial simulation consumes time: 0.29549574851989746
Partial simulation consumes time: 0.2970714569091797
Partial simulation consumes time: 0.296825647354126
Partial simulation consumes time: 0.3065824508666992
Partial simulation consumes time: 0.30437707901000977
Partial simulation consumes time: 0.3050813674926758
Partial simulation consumes time: 0.3045504093170166
Partial simulation consumes time: 0.30213499069213867
Partial simulation consumes time: 0.2980349063873291
Partial simulation consumes time: 0.2951643466949463
Partial simulation consumes time: 0.2982020378112793
Partial simulation consumes time: 0.3021852970123291
Partial simulation consumes time: 0.29912805557250977
Partial simulation consumes time: 0.3023715019226074
Partial simulation consumes time: 0.2943575382232666
Partial simulation consumes time: 0.3049356937408447
Partial simulation consumes time: 0.30509328842163086
Partial simulation consumes time: 0.30586743354797363
Partial simulation consumes time: 0.3056960105895996
Partial simulation consumes time: 0.3084444999694824
Partial simulation consumes time: 0.29901885986328125
Partial simulation consumes time: 0.3044569492340088
Partial simulation consumes time: 0.30375242233276367
Partial simulation consumes time: 0.3043336868286133
Partial simulation consumes time: 0.22735214233398438
Partial simulation consumes time: 0.2251596450805664
Partial simulation consumes time: 0.2269444465637207
Partial simulation consumes time: 0.24462580680847168
Partial simulation consumes time: 0.24988055229187012
Partial simulation consumes time: 0.22719860076904297
Partial simulation consumes time: 0.22956466674804688
Partial simulation consumes time: 0.2847895622253418
Partial simulation consumes time: 0.2317523956298828
Partial simulation consumes time: 0.22666096687316895
Partial simulation consumes time: 0.24045944213867188
Partial simulation consumes time: 0.2236478328704834
Partial simulation consumes time: 0.2270209789276123
Partial simulation consumes time: 0.30797839164733887
Partial simulation consumes time: 0.22968125343322754
Partial simulation consumes time: 0.2297968864440918
Partial simulation consumes time: 0.31725144386291504
Partial simulation consumes time: 0.22785544395446777
Partial simulation consumes time: 0.23973369598388672
Partial simulation consumes time: 0.23064947128295898
Partial simulation consumes time: 0.3150651454925537
Partial simulation consumes time: 0.21970796585083008
Partial simulation consumes time: 0.294236421585083
Partial simulation consumes time: 0.2388622760772705
Partial simulation consumes time: 0.22569036483764648
Partial simulation consumes time: 0.22657322883605957
Partial simulation consumes time: 0.22649288177490234
Partial simulation consumes time: 0.2958657741546631
Partial simulation consumes time: 0.22395658493041992
Partial simulation consumes time: 0.2194499969482422
Partial simulation consumes time: 0.21559619903564453
Partial simulation consumes time: 0.22420001029968262
Partial simulation consumes time: 0.23548007011413574
Partial simulation consumes time: 0.2214524745941162
Partial simulation consumes time: 0.22319293022155762
Partial simulation consumes time: 0.30172038078308105
Partial simulation consumes time: 0.22003960609436035
Partial simulation consumes time: 0.21804213523864746
Partial simulation consumes time: 0.22648310661315918
Partial simulation consumes time: 0.2235865592956543
Partial simulation consumes time: 0.294370174407959
Partial simulation consumes time: 0.2222895622253418
Partial simulation consumes time: 0.2965404987335205
Partial simulation consumes time: 0.23099875450134277
Partial simulation consumes time: 0.2813234329223633
Partial simulation consumes time: 0.23446106910705566
Partial simulation consumes time: 0.2301034927368164
Partial simulation consumes time: 0.22730612754821777
Partial simulation consumes time: 0.23462319374084473
Partial simulation consumes time: 0.31414222717285156
Partial simulation consumes time: 0.23069286346435547
Partial simulation consumes time: 0.26476359367370605
Partial simulation consumes time: 0.22171401977539062
Partial simulation consumes time: 0.22237849235534668
Partial simulation consumes time: 0.31121325492858887
Partial simulation consumes time: 0.2207939624786377
Partial simulation consumes time: 0.27646946907043457
Partial simulation consumes time: 0.3145015239715576
Partial simulation consumes time: 0.22832727432250977
Partial simulation consumes time: 0.21712946891784668
Partial simulation consumes time: 0.27892541885375977
Partial simulation consumes time: 0.30331897735595703
Partial simulation consumes time: 0.2305009365081787
Partial simulation consumes time: 0.228193998336792
Partial simulation consumes time: 0.31968069076538086
Partial simulation consumes time: 0.3188204765319824
Partial simulation consumes time: 0.3036203384399414
Partial simulation consumes time: 0.31291770935058594
Partial simulation consumes time: 0.3159492015838623
Partial simulation consumes time: 0.30584168434143066
Partial simulation consumes time: 0.3078148365020752
Partial simulation consumes time: 0.30370044708251953
Partial simulation consumes time: 0.29271578788757324
Partial simulation consumes time: 0.30249786376953125
Partial simulation consumes time: 0.3141331672668457
Partial simulation consumes time: 0.2971305847167969
Partial simulation consumes time: 0.3001840114593506
Partial simulation consumes time: 0.3119940757751465
Partial simulation consumes time: 0.3098571300506592
Partial simulation consumes time: 0.3020479679107666
Partial simulation consumes time: 0.2988286018371582
Partial simulation consumes time: 0.29584383964538574
Partial simulation consumes time: 0.29555344581604004
Partial simulation consumes time: 0.31285619735717773
Partial simulation consumes time: 0.3034539222717285
Partial simulation consumes time: 0.3229508399963379
Partial simulation consumes time: 0.32693982124328613
Partial simulation consumes time: 0.3066437244415283
Partial simulation consumes time: 0.31202149391174316
Partial simulation consumes time: 0.307405948638916
Partial simulation consumes time: 0.3101215362548828
Partial simulation consumes time: 0.3127305507659912
Partial simulation consumes time: 0.3111915588378906
Partial simulation consumes time: 0.3050706386566162
Partial simulation consumes time: 0.31722593307495117
Partial simulation consumes time: 0.3028862476348877
Partial simulation consumes time: 0.30820775032043457
Partial simulation consumes time: 0.31592297554016113
Partial simulation consumes time: 0.31273484230041504
Partial simulation consumes time: 0.31283998489379883
Partial simulation consumes time: 0.31748175621032715
Partial simulation consumes time: 0.31301212310791016
Partial simulation consumes time: 0.31969785690307617
Partial simulation consumes time: 0.31198883056640625
Partial simulation consumes time: 0.31742215156555176
Partial simulation consumes time: 0.30637359619140625
Partial simulation consumes time: 0.32513856887817383
Partial simulation consumes time: 0.30611109733581543
Partial simulation consumes time: 0.31009745597839355
Partial simulation consumes time: 0.3021113872528076
Partial simulation consumes time: 0.29978442192077637
Partial simulation consumes time: 0.31007814407348633
Partial simulation consumes time: 0.30637216567993164
Partial simulation consumes time: 0.30519676208496094
Partial simulation consumes time: 0.30925822257995605
Partial simulation consumes time: 0.31523728370666504
Partial simulation consumes time: 0.3077411651611328
Partial simulation consumes time: 0.3058657646179199
Partial simulation consumes time: 0.29473137855529785
Partial simulation consumes time: 0.29711008071899414
Partial simulation consumes time: 0.29779672622680664
Partial simulation consumes time: 0.3006868362426758
Partial simulation consumes time: 0.3122854232788086
Partial simulation consumes time: 0.3097078800201416
Partial simulation consumes time: 0.30353569984436035
Partial simulation consumes time: 0.2978036403656006
Partial simulation consumes time: 0.29044246673583984
Partial simulation consumes time: 0.3195838928222656
Partial simulation consumes time: 0.5545797348022461
Partial simulation consumes time: 0.6343390941619873
Partial simulation consumes time: 0.5071365833282471
Partial simulation consumes time: 0.5272748470306396
Partial simulation consumes time: 0.6041419506072998
Partial simulation consumes time: 0.6580681800842285
Partial simulation consumes time: 0.5330743789672852
Partial simulation consumes time: 0.575390100479126
Partial simulation consumes time: 0.5279750823974609
Partial simulation consumes time: 0.5346870422363281
Partial simulation consumes time: 0.61458420753479
Partial simulation consumes time: 0.5645883083343506
Partial simulation consumes time: 0.7018723487854004
Partial simulation consumes time: 0.5796530246734619
Partial simulation consumes time: 0.6803195476531982
Partial simulation consumes time: 0.5687971115112305
Partial simulation consumes time: 0.5705480575561523
Partial simulation consumes time: 0.6223790645599365
Partial simulation consumes time: 0.5674350261688232
Partial simulation consumes time: 0.5858733654022217
Partial simulation consumes time: 0.6435003280639648
Partial simulation consumes time: 0.5535843372344971
Partial simulation consumes time: 0.5975139141082764
Partial simulation consumes time: 0.5194692611694336
Partial simulation consumes time: 0.5281422138214111
Partial simulation consumes time: 0.6013398170471191
Partial simulation consumes time: 0.5050840377807617
Partial simulation consumes time: 0.6113522052764893
Partial simulation consumes time: 0.606135368347168
Partial simulation consumes time: 0.5868768692016602
Partial simulation consumes time: 0.6182582378387451
Partial simulation consumes time: 0.522627592086792
Partial simulation consumes time: 0.6062147617340088
Partial simulation consumes time: 0.5909738540649414
Partial simulation consumes time: 0.6296083927154541
Partial simulation consumes time: 0.6427087783813477
Partial simulation consumes time: 0.6524927616119385
Partial simulation consumes time: 0.5225732326507568
Partial simulation consumes time: 0.5763788223266602
Partial simulation consumes time: 0.5068542957305908
Partial simulation consumes time: 0.5685751438140869
Partial simulation consumes time: 0.5641851425170898
Partial simulation consumes time: 0.6275675296783447
Partial simulation consumes time: 0.6296396255493164
Partial simulation consumes time: 0.5296132564544678
Partial simulation consumes time: 0.5103731155395508
Partial simulation consumes time: 0.630523681640625
Partial simulation consumes time: 0.6252026557922363
Partial simulation consumes time: 0.5111415386199951
Partial simulation consumes time: 0.6154630184173584
Partial simulation consumes time: 0.5008344650268555
Partial simulation consumes time: 0.6300127506256104
Partial simulation consumes time: 0.6190338134765625
Partial simulation consumes time: 0.5135068893432617
Partial simulation consumes time: 0.5099825859069824
Partial simulation consumes time: 0.5750696659088135
Partial simulation consumes time: 0.5781359672546387
Partial simulation consumes time: 0.549159049987793
Partial simulation consumes time: 0.5381369590759277
Partial simulation consumes time: 0.5824663639068604
Partial simulation consumes time: 0.6109354496002197
Partial simulation consumes time: 0.6354522705078125
Partial simulation consumes time: 0.6248836517333984
Partial simulation consumes time: 0.5534186363220215
Partial simulation consumes time: 0.3692755699157715
Partial simulation consumes time: 0.2946627140045166
Partial simulation consumes time: 0.3043248653411865
Partial simulation consumes time: 0.29076385498046875
Partial simulation consumes time: 0.3545668125152588
Partial simulation consumes time: 0.30588626861572266
Partial simulation consumes time: 0.305387020111084
Partial simulation consumes time: 0.3163754940032959
Partial simulation consumes time: 0.3946070671081543
Partial simulation consumes time: 0.31728148460388184
Partial simulation consumes time: 0.31230878829956055
Partial simulation consumes time: 0.4193289279937744
Partial simulation consumes time: 0.4043452739715576
Partial simulation consumes time: 0.3646097183227539
Partial simulation consumes time: 0.4056813716888428
Partial simulation consumes time: 0.3914518356323242
Partial simulation consumes time: 0.3553128242492676
Partial simulation consumes time: 0.3605926036834717
Partial simulation consumes time: 0.34238171577453613
Partial simulation consumes time: 0.3010385036468506
Partial simulation consumes time: 0.30694055557250977
Partial simulation consumes time: 0.3089160919189453
Partial simulation consumes time: 0.395007848739624
Partial simulation consumes time: 0.37589550018310547
Partial simulation consumes time: 0.3231494426727295
Partial simulation consumes time: 0.32481837272644043
Partial simulation consumes time: 0.31084537506103516
Partial simulation consumes time: 0.318129301071167
Partial simulation consumes time: 0.39633750915527344
Partial simulation consumes time: 0.32567620277404785
Partial simulation consumes time: 0.3984088897705078
Partial simulation consumes time: 0.36192941665649414
Partial simulation consumes time: 0.33194780349731445
Partial simulation consumes time: 0.41599154472351074
Partial simulation consumes time: 0.3488631248474121
Partial simulation consumes time: 0.3343994617462158
Partial simulation consumes time: 0.3249645233154297
Partial simulation consumes time: 0.32352471351623535
Partial simulation consumes time: 0.32188963890075684
Partial simulation consumes time: 0.31876182556152344
Partial simulation consumes time: 0.3999001979827881
Partial simulation consumes time: 0.3190159797668457
Partial simulation consumes time: 0.3757619857788086
Partial simulation consumes time: 0.31910085678100586
Partial simulation consumes time: 0.33388566970825195
Partial simulation consumes time: 0.3229637145996094
Partial simulation consumes time: 0.3188765048980713
Partial simulation consumes time: 0.34396791458129883
Partial simulation consumes time: 0.41123247146606445
Partial simulation consumes time: 0.4212980270385742
Partial simulation consumes time: 0.4172708988189697
Partial simulation consumes time: 0.3303844928741455
Partial simulation consumes time: 0.39322423934936523
Partial simulation consumes time: 0.3256380558013916
Partial simulation consumes time: 0.32675838470458984
Partial simulation consumes time: 0.39719223976135254
Partial simulation consumes time: 0.3218238353729248
Partial simulation consumes time: 0.40923357009887695
Partial simulation consumes time: 0.3682987689971924
Partial simulation consumes time: 0.3135809898376465
Partial simulation consumes time: 0.33605074882507324
Partial simulation consumes time: 0.4063148498535156
Partial simulation consumes time: 0.31471800804138184
Partial simulation consumes time: 0.3198835849761963
Partial simulation consumes time: 0.7249798774719238
Partial simulation consumes time: 0.669867753982544
Partial simulation consumes time: 0.6344399452209473
Partial simulation consumes time: 0.6394655704498291
Partial simulation consumes time: 0.7144601345062256
Partial simulation consumes time: 0.713454008102417
Partial simulation consumes time: 0.7049970626831055
Partial simulation consumes time: 0.641803503036499
Partial simulation consumes time: 0.7015089988708496
Partial simulation consumes time: 0.6791763305664062
Partial simulation consumes time: 0.6105453968048096
Partial simulation consumes time: 0.6991739273071289
Partial simulation consumes time: 0.6001477241516113
Partial simulation consumes time: 0.6250894069671631
Partial simulation consumes time: 0.6155314445495605
Partial simulation consumes time: 0.62272047996521
Partial simulation consumes time: 0.7247786521911621
Partial simulation consumes time: 0.6503283977508545
Partial simulation consumes time: 0.6658201217651367
Partial simulation consumes time: 0.6463747024536133
Partial simulation consumes time: 0.6946184635162354
Partial simulation consumes time: 0.6012039184570312
Partial simulation consumes time: 0.6973769664764404
Partial simulation consumes time: 0.6117217540740967
Partial simulation consumes time: 0.6023526191711426
Partial simulation consumes time: 0.6816623210906982
Partial simulation consumes time: 0.6497254371643066
Partial simulation consumes time: 0.6227321624755859
Partial simulation consumes time: 0.6653985977172852
Partial simulation consumes time: 0.615485668182373
Partial simulation consumes time: 0.6592350006103516
Partial simulation consumes time: 0.6119339466094971
Partial simulation consumes time: 0.6594247817993164
Partial simulation consumes time: 0.7105677127838135
Partial simulation consumes time: 0.6104662418365479
Partial simulation consumes time: 0.6332287788391113
Partial simulation consumes time: 0.6634905338287354
Partial simulation consumes time: 0.6401739120483398
Partial simulation consumes time: 0.7003986835479736
Partial simulation consumes time: 0.6274995803833008
Partial simulation consumes time: 0.7047874927520752
Partial simulation consumes time: 0.6248681545257568
Partial simulation consumes time: 0.7034866809844971
Partial simulation consumes time: 0.6331326961517334
Partial simulation consumes time: 0.7035706043243408
Partial simulation consumes time: 0.6501696109771729
Partial simulation consumes time: 0.6797351837158203
Partial simulation consumes time: 0.7321338653564453
Partial simulation consumes time: 0.6263935565948486
Partial simulation consumes time: 0.6448485851287842
Partial simulation consumes time: 0.6227502822875977
Partial simulation consumes time: 0.7089629173278809
Partial simulation consumes time: 0.7076363563537598
Partial simulation consumes time: 0.7098846435546875
Partial simulation consumes time: 0.6853039264678955
Partial simulation consumes time: 0.6850788593292236
Partial simulation consumes time: 0.6806914806365967
Partial simulation consumes time: 0.7731831073760986
Partial simulation consumes time: 0.7000582218170166
Partial simulation consumes time: 0.6955499649047852
Partial simulation consumes time: 0.6958823204040527
Partial simulation consumes time: 0.7546818256378174
Partial simulation consumes time: 0.7133560180664062
Partial simulation consumes time: 0.7437918186187744
Partial simulation consumes time: 0.593085765838623
Partial simulation consumes time: 0.5037932395935059
Partial simulation consumes time: 0.5255753993988037
Partial simulation consumes time: 0.579693078994751
Partial simulation consumes time: 0.5848252773284912
Partial simulation consumes time: 0.5542676448822021
Partial simulation consumes time: 0.5208404064178467
Partial simulation consumes time: 0.4863436222076416
Partial simulation consumes time: 0.494457483291626
Partial simulation consumes time: 0.5146687030792236
Partial simulation consumes time: 0.5653088092803955
Partial simulation consumes time: 0.4869375228881836
Partial simulation consumes time: 0.5590064525604248
Partial simulation consumes time: 0.5466573238372803
Partial simulation consumes time: 0.5711753368377686
Partial simulation consumes time: 0.47904062271118164
Partial simulation consumes time: 0.48409080505371094
Partial simulation consumes time: 0.5426194667816162
Partial simulation consumes time: 0.5154819488525391
Partial simulation consumes time: 0.4947812557220459
Partial simulation consumes time: 0.5814168453216553
Partial simulation consumes time: 0.5794551372528076
Partial simulation consumes time: 0.582277774810791
Partial simulation consumes time: 0.5215833187103271
Partial simulation consumes time: 0.5625040531158447
Partial simulation consumes time: 0.5667567253112793
Partial simulation consumes time: 0.5206177234649658
Partial simulation consumes time: 0.5266201496124268
Partial simulation consumes time: 0.48480653762817383
Partial simulation consumes time: 0.5240786075592041
Partial simulation consumes time: 0.5833747386932373
Partial simulation consumes time: 0.5285201072692871
Partial simulation consumes time: 0.5773777961730957
Partial simulation consumes time: 0.5229218006134033
Partial simulation consumes time: 0.449965238571167
Partial simulation consumes time: 0.45038700103759766
Partial simulation consumes time: 0.43320584297180176
Partial simulation consumes time: 0.4953174591064453
Partial simulation consumes time: 0.4992203712463379
Partial simulation consumes time: 0.5041236877441406
Partial simulation consumes time: 0.49320483207702637
Partial simulation consumes time: 0.448253870010376
Partial simulation consumes time: 0.5182714462280273
Partial simulation consumes time: 0.5373103618621826
Partial simulation consumes time: 0.44655537605285645
Partial simulation consumes time: 0.4403860569000244
Partial simulation consumes time: 0.4823629856109619
Partial simulation consumes time: 0.48297882080078125
Partial simulation consumes time: 0.5202758312225342
Partial simulation consumes time: 0.5237874984741211
Partial simulation consumes time: 0.46668243408203125
Partial simulation consumes time: 0.4351801872253418
Partial simulation consumes time: 0.5333328247070312
Partial simulation consumes time: 0.46497154235839844
Partial simulation consumes time: 0.5175034999847412
Partial simulation consumes time: 0.4734172821044922
Partial simulation consumes time: 0.4799625873565674
Partial simulation consumes time: 0.44575071334838867
Partial simulation consumes time: 0.4683260917663574
Partial simulation consumes time: 0.4785597324371338
Partial simulation consumes time: 0.4462745189666748
Partial simulation consumes time: 0.4446532726287842
Partial simulation consumes time: 0.43653011322021484
Partial simulation consumes time: 0.436614990234375
Partial simulation consumes time: 0.4667508602142334
Partial simulation consumes time: 0.30989575386047363
Partial simulation consumes time: 0.31241369247436523
Partial simulation consumes time: 0.3087806701660156
Partial simulation consumes time: 0.3109593391418457
Partial simulation consumes time: 0.40488719940185547
Partial simulation consumes time: 0.4040343761444092
Partial simulation consumes time: 0.42100095748901367
Partial simulation consumes time: 0.39925503730773926
Partial simulation consumes time: 0.2939467430114746
Partial simulation consumes time: 0.29432058334350586
Partial simulation consumes time: 0.42211484909057617
Partial simulation consumes time: 0.42061924934387207
Partial simulation consumes time: 0.3072779178619385
Partial simulation consumes time: 0.49126482009887695
Partial simulation consumes time: 0.3863694667816162
Partial simulation consumes time: 0.4767611026763916
Partial simulation consumes time: 0.4263029098510742
Partial simulation consumes time: 0.37172365188598633
Partial simulation consumes time: 0.3811948299407959
Partial simulation consumes time: 0.3071780204772949
Partial simulation consumes time: 0.40528321266174316
Partial simulation consumes time: 0.3916308879852295
Partial simulation consumes time: 0.30762696266174316
Partial simulation consumes time: 0.3659703731536865
Partial simulation consumes time: 0.3697350025177002
Partial simulation consumes time: 0.4882075786590576
Partial simulation consumes time: 0.46308302879333496
Partial simulation consumes time: 0.39080309867858887
Partial simulation consumes time: 0.3046138286590576
Partial simulation consumes time: 0.4837656021118164
Partial simulation consumes time: 0.40917038917541504
Partial simulation consumes time: 0.3158383369445801
Partial simulation consumes time: 0.3110527992248535
Partial simulation consumes time: 0.3031895160675049
Partial simulation consumes time: 0.39112091064453125
Partial simulation consumes time: 0.29689574241638184
Partial simulation consumes time: 0.3023097515106201
Partial simulation consumes time: 0.29886555671691895
Partial simulation consumes time: 0.449862003326416
Partial simulation consumes time: 0.3166224956512451
Partial simulation consumes time: 0.3111305236816406
Partial simulation consumes time: 0.32479310035705566
Partial simulation consumes time: 0.31378865242004395
Partial simulation consumes time: 0.4248199462890625
Partial simulation consumes time: 0.3119542598724365
Partial simulation consumes time: 0.3083169460296631
Partial simulation consumes time: 0.3771677017211914
Partial simulation consumes time: 0.49982619285583496
Partial simulation consumes time: 0.3109242916107178
Partial simulation consumes time: 0.4189941883087158
Partial simulation consumes time: 0.30149102210998535
Partial simulation consumes time: 0.40590405464172363
Partial simulation consumes time: 0.2991979122161865
Partial simulation consumes time: 0.3021869659423828
Partial simulation consumes time: 0.37412190437316895
Partial simulation consumes time: 0.43128108978271484
Partial simulation consumes time: 0.37209272384643555
Partial simulation consumes time: 0.42634153366088867
Partial simulation consumes time: 0.3627796173095703
Partial simulation consumes time: 0.4123532772064209
Partial simulation consumes time: 0.35730552673339844
Partial simulation consumes time: 0.3857729434967041
Partial simulation consumes time: 0.36374616622924805
Partial simulation consumes time: 0.6578760147094727
Partial simulation consumes time: 0.8579950332641602
Partial simulation consumes time: 0.8856885433197021
Partial simulation consumes time: 0.6505229473114014
Partial simulation consumes time: 0.8688466548919678
Partial simulation consumes time: 0.8214640617370605
Partial simulation consumes time: 0.8667700290679932
Partial simulation consumes time: 0.6618084907531738
Partial simulation consumes time: 0.8126988410949707
Partial simulation consumes time: 0.654019832611084
Partial simulation consumes time: 0.6609735488891602
Partial simulation consumes time: 0.8397073745727539
Partial simulation consumes time: 0.6561374664306641
Partial simulation consumes time: 0.6539137363433838
Partial simulation consumes time: 0.6506228446960449
Partial simulation consumes time: 0.6594185829162598
Partial simulation consumes time: 0.6624100208282471
Partial simulation consumes time: 0.6605217456817627
Partial simulation consumes time: 0.6491513252258301
Partial simulation consumes time: 0.6556177139282227
Partial simulation consumes time: 0.8313863277435303
Partial simulation consumes time: 0.6691076755523682
Partial simulation consumes time: 0.822258710861206
Partial simulation consumes time: 0.6637427806854248
Partial simulation consumes time: 0.8512530326843262
Partial simulation consumes time: 0.6633200645446777
Partial simulation consumes time: 0.6614780426025391
Partial simulation consumes time: 0.6584200859069824
Partial simulation consumes time: 0.8726840019226074
Partial simulation consumes time: 0.6601247787475586
Partial simulation consumes time: 0.644615888595581
Partial simulation consumes time: 0.6462085247039795
Partial simulation consumes time: 0.6375727653503418
Partial simulation consumes time: 0.6490426063537598
Partial simulation consumes time: 0.8624892234802246
Partial simulation consumes time: 0.649099588394165
Partial simulation consumes time: 0.6463077068328857
Partial simulation consumes time: 0.819420576095581
Partial simulation consumes time: 0.6588366031646729
Partial simulation consumes time: 0.8914880752563477
Partial simulation consumes time: 0.8264832496643066
Partial simulation consumes time: 0.8810362815856934
Partial simulation consumes time: 0.6516268253326416
Partial simulation consumes time: 0.6470046043395996
Partial simulation consumes time: 0.6728634834289551
Partial simulation consumes time: 0.6660807132720947
Partial simulation consumes time: 0.6469566822052002
Partial simulation consumes time: 0.8797154426574707
Partial simulation consumes time: 0.6493241786956787
Partial simulation consumes time: 0.6510813236236572
Partial simulation consumes time: 0.6519372463226318
Partial simulation consumes time: 0.651099681854248
Partial simulation consumes time: 0.8816967010498047
Partial simulation consumes time: 0.9061591625213623
Partial simulation consumes time: 0.6752135753631592
Partial simulation consumes time: 0.6713924407958984
Partial simulation consumes time: 0.6782984733581543
Partial simulation consumes time: 0.6889612674713135
Partial simulation consumes time: 0.8671493530273438
Partial simulation consumes time: 0.7247934341430664
Partial simulation consumes time: 0.6623444557189941
Partial simulation consumes time: 0.6795957088470459
Partial simulation consumes time: 0.6877865791320801
Partial simulation consumes time: 0.6700248718261719
Partial simulation consumes time: 0.4913520812988281
Partial simulation consumes time: 0.5092751979827881
Partial simulation consumes time: 0.4959123134613037
Partial simulation consumes time: 0.48814964294433594
Partial simulation consumes time: 0.532517671585083
Partial simulation consumes time: 0.542665958404541
Partial simulation consumes time: 0.5526285171508789
Partial simulation consumes time: 0.49265336990356445
Partial simulation consumes time: 0.502166748046875
Partial simulation consumes time: 0.5440917015075684
Partial simulation consumes time: 0.4861724376678467
Partial simulation consumes time: 0.4896700382232666
Partial simulation consumes time: 0.48308753967285156
Partial simulation consumes time: 0.505878210067749
Partial simulation consumes time: 0.5788912773132324
Partial simulation consumes time: 0.49986839294433594
Partial simulation consumes time: 0.5600471496582031
Partial simulation consumes time: 0.5004360675811768
Partial simulation consumes time: 0.49312496185302734
Partial simulation consumes time: 0.47710347175598145
Partial simulation consumes time: 0.4757523536682129
Partial simulation consumes time: 0.4772014617919922
Partial simulation consumes time: 0.5276873111724854
Partial simulation consumes time: 0.479236364364624
Partial simulation consumes time: 0.4790656566619873
Partial simulation consumes time: 0.4835958480834961
Partial simulation consumes time: 0.4838593006134033
Partial simulation consumes time: 0.4799156188964844
Partial simulation consumes time: 0.5448307991027832
Partial simulation consumes time: 0.48548340797424316
Partial simulation consumes time: 0.5165910720825195
Partial simulation consumes time: 0.5165407657623291
Partial simulation consumes time: 0.5207901000976562
Partial simulation consumes time: 0.5252070426940918
Partial simulation consumes time: 0.5093643665313721
Partial simulation consumes time: 0.5056447982788086
Partial simulation consumes time: 0.5397517681121826
Partial simulation consumes time: 0.5363860130310059
Partial simulation consumes time: 0.4955878257751465
Partial simulation consumes time: 0.5001707077026367
Partial simulation consumes time: 0.5040264129638672
Partial simulation consumes time: 0.4999814033508301
Partial simulation consumes time: 0.5119569301605225
Partial simulation consumes time: 0.512169361114502
Partial simulation consumes time: 0.5530741214752197
Partial simulation consumes time: 0.49130749702453613
Partial simulation consumes time: 0.5098876953125
Partial simulation consumes time: 0.5152733325958252
Partial simulation consumes time: 0.5163557529449463
Partial simulation consumes time: 0.5601720809936523
Partial simulation consumes time: 0.515066385269165
Partial simulation consumes time: 0.5686492919921875
Partial simulation consumes time: 0.5109765529632568
Partial simulation consumes time: 0.51308274269104
Partial simulation consumes time: 0.5077347755432129
Partial simulation consumes time: 0.5019679069519043
Partial simulation consumes time: 0.5287890434265137
Partial simulation consumes time: 0.4757199287414551
Partial simulation consumes time: 0.47603917121887207
Partial simulation consumes time: 0.471606969833374
Partial simulation consumes time: 0.4789454936981201
Partial simulation consumes time: 0.492250919342041
Partial simulation consumes time: 0.5022952556610107
Partial simulation consumes time: 0.5055179595947266
Partial simulation consumes time: 0.14880824089050293
Partial simulation consumes time: 0.14020609855651855
Partial simulation consumes time: 0.14522624015808105
Partial simulation consumes time: 0.1448216438293457
Partial simulation consumes time: 0.14222049713134766
Partial simulation consumes time: 0.14775991439819336
Partial simulation consumes time: 0.14511489868164062
Partial simulation consumes time: 0.14650416374206543
Partial simulation consumes time: 0.14573311805725098
Partial simulation consumes time: 0.18632841110229492
Partial simulation consumes time: 0.14495420455932617
Partial simulation consumes time: 0.14815402030944824
Partial simulation consumes time: 0.14619684219360352
Partial simulation consumes time: 0.14818572998046875
Partial simulation consumes time: 0.14465832710266113
Partial simulation consumes time: 0.14627766609191895
Partial simulation consumes time: 0.14792585372924805
Partial simulation consumes time: 0.15264081954956055
Partial simulation consumes time: 0.14551615715026855
Partial simulation consumes time: 0.1427915096282959
Partial simulation consumes time: 0.14399290084838867
Partial simulation consumes time: 0.15408110618591309
Partial simulation consumes time: 0.1468818187713623
Partial simulation consumes time: 0.14786458015441895
Partial simulation consumes time: 0.14683222770690918
Partial simulation consumes time: 0.14209294319152832
Partial simulation consumes time: 0.14575886726379395
Partial simulation consumes time: 0.1467757225036621
Partial simulation consumes time: 0.15032100677490234
Partial simulation consumes time: 0.14772748947143555
Partial simulation consumes time: 0.14245390892028809
Partial simulation consumes time: 0.14210915565490723
Partial simulation consumes time: 0.147169828414917
Partial simulation consumes time: 0.1541273593902588
Partial simulation consumes time: 0.1640782356262207
Partial simulation consumes time: 0.15018463134765625
Partial simulation consumes time: 0.14659595489501953
Partial simulation consumes time: 0.14532089233398438
Partial simulation consumes time: 0.14563512802124023
Partial simulation consumes time: 0.17015790939331055
Partial simulation consumes time: 0.15232253074645996
Partial simulation consumes time: 0.15042877197265625
Partial simulation consumes time: 0.14969635009765625
Partial simulation consumes time: 0.1516876220703125
Partial simulation consumes time: 0.1527268886566162
Partial simulation consumes time: 0.1515967845916748
Partial simulation consumes time: 0.15233469009399414
Partial simulation consumes time: 0.15826010704040527
Partial simulation consumes time: 0.15561842918395996
Partial simulation consumes time: 0.16271543502807617
Partial simulation consumes time: 0.15291333198547363
Partial simulation consumes time: 0.14892959594726562
Partial simulation consumes time: 0.1526172161102295
Partial simulation consumes time: 0.15115690231323242
Partial simulation consumes time: 0.15194940567016602
Partial simulation consumes time: 0.15537142753601074
Partial simulation consumes time: 0.15037012100219727
Partial simulation consumes time: 0.1484851837158203
Partial simulation consumes time: 0.14769935607910156
Partial simulation consumes time: 0.14742279052734375
Partial simulation consumes time: 0.1510145664215088
Partial simulation consumes time: 0.14983606338500977
Partial simulation consumes time: 0.14610576629638672
Partial simulation consumes time: 0.14887475967407227
Partial simulation consumes time: 0.9105520248413086
Partial simulation consumes time: 0.9030399322509766
Partial simulation consumes time: 0.9616737365722656
Partial simulation consumes time: 0.9606630802154541
Partial simulation consumes time: 1.1414082050323486
Partial simulation consumes time: 0.9471251964569092
Partial simulation consumes time: 0.9310123920440674
Partial simulation consumes time: 0.9604439735412598
Partial simulation consumes time: 0.9149999618530273
Partial simulation consumes time: 0.8988158702850342
Partial simulation consumes time: 0.8919436931610107
Partial simulation consumes time: 0.9060356616973877
Partial simulation consumes time: 0.9044890403747559
Partial simulation consumes time: 0.8805646896362305
Partial simulation consumes time: 1.105238676071167
Partial simulation consumes time: 0.8947231769561768
Partial simulation consumes time: 0.9067254066467285
Partial simulation consumes time: 1.1136407852172852
Partial simulation consumes time: 0.9014060497283936
Partial simulation consumes time: 0.9080073833465576
Partial simulation consumes time: 0.9215688705444336
Partial simulation consumes time: 0.9579071998596191
Partial simulation consumes time: 1.100174903869629
Partial simulation consumes time: 0.9244887828826904
Partial simulation consumes time: 0.9337189197540283
Partial simulation consumes time: 0.9264748096466064
Partial simulation consumes time: 1.1005969047546387
Partial simulation consumes time: 0.9402413368225098
Partial simulation consumes time: 0.9420719146728516
Partial simulation consumes time: 1.1428718566894531
Partial simulation consumes time: 0.9756684303283691
Partial simulation consumes time: 0.9548120498657227
Partial simulation consumes time: 0.985368013381958
Partial simulation consumes time: 0.9844865798950195
Partial simulation consumes time: 0.9311995506286621
Partial simulation consumes time: 1.141615629196167
Partial simulation consumes time: 1.1658847332000732
Partial simulation consumes time: 0.9534707069396973
Partial simulation consumes time: 0.9581258296966553
Partial simulation consumes time: 0.9618523120880127
Partial simulation consumes time: 1.1333250999450684
Partial simulation consumes time: 1.1351308822631836
Partial simulation consumes time: 0.9012501239776611
Partial simulation consumes time: 0.8620522022247314
Partial simulation consumes time: 0.8475425243377686
Partial simulation consumes time: 0.8697762489318848
Partial simulation consumes time: 0.8795857429504395
Partial simulation consumes time: 1.089397668838501
Partial simulation consumes time: 0.8987977504730225
Partial simulation consumes time: 0.903705358505249
Partial simulation consumes time: 0.8547043800354004
Partial simulation consumes time: 0.8686022758483887
Partial simulation consumes time: 0.8372938632965088
Partial simulation consumes time: 0.8603043556213379
Partial simulation consumes time: 0.8912153244018555
Partial simulation consumes time: 1.065891981124878
Partial simulation consumes time: 0.8472433090209961
Partial simulation consumes time: 0.851433515548706
Partial simulation consumes time: 0.8370487689971924
Partial simulation consumes time: 1.064720630645752
Partial simulation consumes time: 1.0226004123687744
Partial simulation consumes time: 0.8234241008758545
Partial simulation consumes time: 1.062171220779419
Partial simulation consumes time: 0.8642044067382812
Partial simulation consumes time: 0.7156522274017334
Partial simulation consumes time: 0.6934480667114258
Partial simulation consumes time: 0.7121691703796387
Partial simulation consumes time: 0.920745849609375
Partial simulation consumes time: 0.9391274452209473
Partial simulation consumes time: 0.7141389846801758
Partial simulation consumes time: 0.718529462814331
Partial simulation consumes time: 0.7164087295532227
Partial simulation consumes time: 0.7184276580810547
Partial simulation consumes time: 0.9976050853729248
Partial simulation consumes time: 0.706885576248169
Partial simulation consumes time: 0.7098126411437988
Partial simulation consumes time: 0.7643773555755615
Partial simulation consumes time: 0.7202003002166748
Partial simulation consumes time: 0.7239079475402832
Partial simulation consumes time: 0.715322732925415
Partial simulation consumes time: 0.9536607265472412
Partial simulation consumes time: 0.7100124359130859
Partial simulation consumes time: 0.7211992740631104
Partial simulation consumes time: 0.9962925910949707
Partial simulation consumes time: 0.7180137634277344
Partial simulation consumes time: 0.7255516052246094
Partial simulation consumes time: 0.708625078201294
Partial simulation consumes time: 1.0214145183563232
Partial simulation consumes time: 0.7286159992218018
Partial simulation consumes time: 0.7308080196380615
Partial simulation consumes time: 0.7169365882873535
Partial simulation consumes time: 0.7025365829467773
Partial simulation consumes time: 0.7256450653076172
Partial simulation consumes time: 0.7144296169281006
Partial simulation consumes time: 0.7079992294311523
Partial simulation consumes time: 1.0010173320770264
Partial simulation consumes time: 0.7139179706573486
Partial simulation consumes time: 1.0088756084442139
Partial simulation consumes time: 0.7028594017028809
Partial simulation consumes time: 0.7252297401428223
Partial simulation consumes time: 0.7520620822906494
Partial simulation consumes time: 0.7200820446014404
Partial simulation consumes time: 0.7145488262176514
Partial simulation consumes time: 0.724285364151001
Partial simulation consumes time: 0.7237539291381836
Partial simulation consumes time: 0.7421495914459229
Partial simulation consumes time: 0.720128059387207
Partial simulation consumes time: 0.709514856338501
Partial simulation consumes time: 0.7176005840301514
Partial simulation consumes time: 0.7277452945709229
Partial simulation consumes time: 0.9927794933319092
Partial simulation consumes time: 0.7222397327423096
Partial simulation consumes time: 0.7170619964599609
Partial simulation consumes time: 0.7165713310241699
Partial simulation consumes time: 0.7212872505187988
Partial simulation consumes time: 1.022475004196167
Partial simulation consumes time: 0.7087795734405518
Partial simulation consumes time: 0.9420135021209717
Partial simulation consumes time: 0.736107349395752
Partial simulation consumes time: 0.7499217987060547
Partial simulation consumes time: 0.7337822914123535
Partial simulation consumes time: 0.7337024211883545
Partial simulation consumes time: 0.923586368560791
Partial simulation consumes time: 0.7056155204772949
Partial simulation consumes time: 0.7028636932373047
Partial simulation consumes time: 0.9675335884094238
Partial simulation consumes time: 0.6983082294464111
Partial simulation consumes time: 0.6946699619293213
Partial simulation consumes time: 0.49165964126586914
Partial simulation consumes time: 0.49828529357910156
Partial simulation consumes time: 0.5341308116912842
Partial simulation consumes time: 0.4940671920776367
Partial simulation consumes time: 0.4913616180419922
Partial simulation consumes time: 0.5535683631896973
Partial simulation consumes time: 0.4950523376464844
Partial simulation consumes time: 0.539595365524292
Partial simulation consumes time: 0.48614931106567383
Partial simulation consumes time: 0.49221324920654297
Partial simulation consumes time: 0.5027198791503906
Partial simulation consumes time: 0.5092043876647949
Partial simulation consumes time: 0.573695182800293
Partial simulation consumes time: 0.5150079727172852
Partial simulation consumes time: 0.5565295219421387
Partial simulation consumes time: 0.5050380229949951
Partial simulation consumes time: 0.5192956924438477
Partial simulation consumes time: 0.4988260269165039
Partial simulation consumes time: 0.5567638874053955
Partial simulation consumes time: 0.5481243133544922
Partial simulation consumes time: 0.5058667659759521
Partial simulation consumes time: 0.5434529781341553
Partial simulation consumes time: 0.5648164749145508
Partial simulation consumes time: 0.5602450370788574
Partial simulation consumes time: 0.5101118087768555
Partial simulation consumes time: 0.5788755416870117
Partial simulation consumes time: 0.5576901435852051
Partial simulation consumes time: 0.5802996158599854
Partial simulation consumes time: 0.5101206302642822
Partial simulation consumes time: 0.5484409332275391
Partial simulation consumes time: 0.5557377338409424
Partial simulation consumes time: 0.5615558624267578
Partial simulation consumes time: 0.5166585445404053
Partial simulation consumes time: 0.569117546081543
Partial simulation consumes time: 0.5107021331787109
Partial simulation consumes time: 0.5683047771453857
Partial simulation consumes time: 0.5266115665435791
Partial simulation consumes time: 0.5294628143310547
Partial simulation consumes time: 0.5009887218475342
Partial simulation consumes time: 0.5090720653533936
Partial simulation consumes time: 0.49784183502197266
Partial simulation consumes time: 0.49915575981140137
Partial simulation consumes time: 0.5488698482513428
Partial simulation consumes time: 0.5568184852600098
Partial simulation consumes time: 0.5038292407989502
Partial simulation consumes time: 0.550257682800293
Partial simulation consumes time: 0.4909794330596924
Partial simulation consumes time: 0.536405086517334
Partial simulation consumes time: 0.48671817779541016
Partial simulation consumes time: 0.511023998260498
Partial simulation consumes time: 0.5253996849060059
Partial simulation consumes time: 0.519216775894165
Partial simulation consumes time: 0.5191307067871094
Partial simulation consumes time: 0.5747206211090088
Partial simulation consumes time: 0.5650177001953125
Partial simulation consumes time: 0.5759930610656738
Partial simulation consumes time: 0.5186223983764648
Partial simulation consumes time: 0.5341432094573975
Partial simulation consumes time: 0.5222277641296387
Partial simulation consumes time: 0.5236225128173828
Partial simulation consumes time: 0.5192039012908936
Partial simulation consumes time: 0.5150597095489502
Partial simulation consumes time: 0.5496118068695068
Partial simulation consumes time: 0.5584869384765625
Partial simulation consumes time: 0.5815792083740234
Partial simulation consumes time: 0.588770866394043
Partial simulation consumes time: 0.584317684173584
Partial simulation consumes time: 0.5916271209716797
Partial simulation consumes time: 0.5714881420135498
Partial simulation consumes time: 0.5687501430511475
Partial simulation consumes time: 0.5679080486297607
Partial simulation consumes time: 0.5978004932403564
Partial simulation consumes time: 0.5755200386047363
Partial simulation consumes time: 0.5921413898468018
Partial simulation consumes time: 0.6859645843505859
Partial simulation consumes time: 0.5874981880187988
Partial simulation consumes time: 0.5618693828582764
Partial simulation consumes time: 0.57145094871521
Partial simulation consumes time: 0.590552568435669
Partial simulation consumes time: 0.5891323089599609
Partial simulation consumes time: 0.5802955627441406
Partial simulation consumes time: 0.5774335861206055
Partial simulation consumes time: 0.5999581813812256
Partial simulation consumes time: 0.6088595390319824
Partial simulation consumes time: 0.5783431529998779
Partial simulation consumes time: 0.5671470165252686
Partial simulation consumes time: 0.5711116790771484
Partial simulation consumes time: 0.5858266353607178
Partial simulation consumes time: 0.5838651657104492
Partial simulation consumes time: 0.5976622104644775
Partial simulation consumes time: 0.7229409217834473
Partial simulation consumes time: 0.7620277404785156
Partial simulation consumes time: 0.7553539276123047
Partial simulation consumes time: 0.7497172355651855
Partial simulation consumes time: 0.7556667327880859
Partial simulation consumes time: 0.7654049396514893
Partial simulation consumes time: 0.7312474250793457
Partial simulation consumes time: 0.7414834499359131
Partial simulation consumes time: 0.7417709827423096
Partial simulation consumes time: 0.8220715522766113
Partial simulation consumes time: 0.7597339153289795
Partial simulation consumes time: 0.734044075012207
Partial simulation consumes time: 0.7422642707824707
Partial simulation consumes time: 0.7382853031158447
Partial simulation consumes time: 0.7119405269622803
Partial simulation consumes time: 0.7150735855102539
Partial simulation consumes time: 0.7057361602783203
Partial simulation consumes time: 0.7384543418884277
Partial simulation consumes time: 0.7514967918395996
Partial simulation consumes time: 0.749953031539917
Partial simulation consumes time: 0.7665460109710693
Partial simulation consumes time: 0.7682662010192871
Partial simulation consumes time: 0.8124480247497559
Partial simulation consumes time: 0.7561821937561035
Partial simulation consumes time: 0.7653992176055908
Partial simulation consumes time: 0.7415351867675781
Partial simulation consumes time: 0.7565512657165527
Partial simulation consumes time: 0.7688984870910645
Partial simulation consumes time: 0.762068510055542
Partial simulation consumes time: 0.7563049793243408
Partial simulation consumes time: 0.758415937423706
Partial simulation consumes time: 0.7275125980377197
Partial simulation consumes time: 0.7711937427520752
Partial simulation consumes time: 0.7372193336486816
Partial simulation consumes time: 0.7351834774017334
Partial simulation consumes time: 0.7510511875152588
Partial simulation consumes time: 0.7706427574157715
Partial simulation consumes time: 0.7677009105682373
Partial simulation consumes time: 0.18271923065185547
Partial simulation consumes time: 0.18991351127624512
Partial simulation consumes time: 0.17381858825683594
Partial simulation consumes time: 0.17049813270568848
Partial simulation consumes time: 0.16695713996887207
Partial simulation consumes time: 0.17071247100830078
Partial simulation consumes time: 0.16744232177734375
Partial simulation consumes time: 0.17957139015197754
Partial simulation consumes time: 0.1692519187927246
Partial simulation consumes time: 0.17424988746643066
Partial simulation consumes time: 0.1658635139465332
Partial simulation consumes time: 0.17249345779418945
Partial simulation consumes time: 0.23530268669128418
Partial simulation consumes time: 0.17126870155334473
Partial simulation consumes time: 0.21437692642211914
Partial simulation consumes time: 0.1701340675354004
Partial simulation consumes time: 0.25963449478149414
Partial simulation consumes time: 0.17365121841430664
Partial simulation consumes time: 0.23047327995300293
Partial simulation consumes time: 0.2460639476776123
Partial simulation consumes time: 0.16974997520446777
Partial simulation consumes time: 0.16951632499694824
Partial simulation consumes time: 0.1673884391784668
Partial simulation consumes time: 0.1690351963043213
Partial simulation consumes time: 0.2649528980255127
Partial simulation consumes time: 0.167832612991333
Partial simulation consumes time: 0.17109203338623047
Partial simulation consumes time: 0.2444756031036377
Partial simulation consumes time: 0.16721463203430176
Partial simulation consumes time: 0.25562286376953125
Partial simulation consumes time: 0.16939353942871094
Partial simulation consumes time: 0.20449328422546387
Partial simulation consumes time: 0.17087531089782715
Partial simulation consumes time: 0.264324426651001
Partial simulation consumes time: 0.17469263076782227
Partial simulation consumes time: 0.2015361785888672
Partial simulation consumes time: 0.16573715209960938
Partial simulation consumes time: 0.25403785705566406
Partial simulation consumes time: 0.1656355857849121
Partial simulation consumes time: 0.22463035583496094
Partial simulation consumes time: 0.25759434700012207
Partial simulation consumes time: 0.1695246696472168
Partial simulation consumes time: 0.16490459442138672
Partial simulation consumes time: 0.176377534866333
Partial simulation consumes time: 0.17204666137695312
Partial simulation consumes time: 0.1730058193206787
Partial simulation consumes time: 0.166778564453125
Partial simulation consumes time: 0.16755127906799316
Partial simulation consumes time: 0.1712937355041504
Partial simulation consumes time: 0.17394042015075684
Partial simulation consumes time: 0.1655571460723877
Partial simulation consumes time: 0.2591557502746582
Partial simulation consumes time: 0.1675550937652588
Partial simulation consumes time: 0.17084932327270508
Partial simulation consumes time: 0.17001986503601074
Partial simulation consumes time: 0.1696922779083252
Partial simulation consumes time: 0.18184375762939453
Partial simulation consumes time: 0.25800466537475586
Partial simulation consumes time: 0.17231154441833496
Partial simulation consumes time: 0.26475024223327637
Partial simulation consumes time: 0.17449116706848145
Partial simulation consumes time: 0.17420244216918945
Partial simulation consumes time: 0.26589369773864746
Partial simulation consumes time: 0.17594218254089355
Partial simulation consumes time: 0.47083520889282227
Partial simulation consumes time: 0.48090314865112305
Partial simulation consumes time: 0.48212099075317383
Partial simulation consumes time: 0.4763519763946533
Partial simulation consumes time: 0.4909934997558594
Partial simulation consumes time: 0.4920375347137451
Partial simulation consumes time: 0.46820998191833496
Partial simulation consumes time: 0.4894881248474121
Partial simulation consumes time: 0.4850754737854004
Partial simulation consumes time: 0.5049774646759033
Partial simulation consumes time: 0.48688817024230957
Partial simulation consumes time: 0.48215627670288086
Partial simulation consumes time: 0.4118800163269043
Partial simulation consumes time: 0.3953113555908203
Partial simulation consumes time: 0.3811628818511963
Partial simulation consumes time: 0.40697383880615234
Partial simulation consumes time: 0.40072202682495117
Partial simulation consumes time: 0.38039445877075195
Partial simulation consumes time: 0.41626501083374023
Partial simulation consumes time: 0.38857293128967285
Partial simulation consumes time: 0.4109313488006592
Partial simulation consumes time: 0.4192788600921631
Partial simulation consumes time: 0.43948960304260254
Partial simulation consumes time: 0.38761186599731445
Partial simulation consumes time: 0.41136884689331055
Partial simulation consumes time: 0.3869664669036865
Partial simulation consumes time: 0.4376049041748047
Partial simulation consumes time: 0.3948512077331543
Partial simulation consumes time: 0.3960695266723633
Partial simulation consumes time: 0.3982572555541992
Partial simulation consumes time: 0.3925490379333496
Partial simulation consumes time: 0.3914365768432617
Partial simulation consumes time: 0.41752052307128906
Partial simulation consumes time: 0.39977240562438965
Partial simulation consumes time: 0.3808436393737793
Partial simulation consumes time: 0.405681848526001
Partial simulation consumes time: 0.37540149688720703
Partial simulation consumes time: 0.42501139640808105
Partial simulation consumes time: 0.4034855365753174
Partial simulation consumes time: 0.41598987579345703
Partial simulation consumes time: 0.3846745491027832
Partial simulation consumes time: 0.40372514724731445
Partial simulation consumes time: 0.3795640468597412
Partial simulation consumes time: 0.4100942611694336
Partial simulation consumes time: 0.38060569763183594
Partial simulation consumes time: 0.40442848205566406
Partial simulation consumes time: 0.37957072257995605
Partial simulation consumes time: 0.4066171646118164
Partial simulation consumes time: 0.3815293312072754
Partial simulation consumes time: 0.4170701503753662
Partial simulation consumes time: 0.4143650531768799
Partial simulation consumes time: 0.43273282051086426
Partial simulation consumes time: 0.3803250789642334
Partial simulation consumes time: 0.4041421413421631
Partial simulation consumes time: 0.379990816116333
Partial simulation consumes time: 0.40250062942504883
Partial simulation consumes time: 0.38005518913269043
Partial simulation consumes time: 0.409801721572876
Partial simulation consumes time: 0.4060804843902588
Partial simulation consumes time: 0.412123441696167
Partial simulation consumes time: 0.3805079460144043
Partial simulation consumes time: 0.40738964080810547
Partial simulation consumes time: 0.38658881187438965
Partial simulation consumes time: 0.39639997482299805
Partial simulation consumes time: 0.9566516876220703
Partial simulation consumes time: 0.9988341331481934
Partial simulation consumes time: 0.9718565940856934
Partial simulation consumes time: 0.9646985530853271
Partial simulation consumes time: 0.9681336879730225
Partial simulation consumes time: 0.9694790840148926
Partial simulation consumes time: 1.0120048522949219
Partial simulation consumes time: 0.9825994968414307
Partial simulation consumes time: 0.9557435512542725
Partial simulation consumes time: 0.9532532691955566
Partial simulation consumes time: 0.9996764659881592
Partial simulation consumes time: 1.0132787227630615
Partial simulation consumes time: 1.0274226665496826
Partial simulation consumes time: 1.0004246234893799
Partial simulation consumes time: 0.996619701385498
Partial simulation consumes time: 1.0242173671722412
Partial simulation consumes time: 1.0336830615997314
Partial simulation consumes time: 0.9984393119812012
Partial simulation consumes time: 1.0183498859405518
Partial simulation consumes time: 1.029954195022583
Partial simulation consumes time: 1.0050172805786133
Partial simulation consumes time: 1.031123161315918
Partial simulation consumes time: 1.023479700088501
Partial simulation consumes time: 1.0196707248687744
Partial simulation consumes time: 1.0083153247833252
Partial simulation consumes time: 0.967461109161377
Partial simulation consumes time: 0.9964599609375
Partial simulation consumes time: 1.018367052078247
Partial simulation consumes time: 0.9719631671905518
Partial simulation consumes time: 0.972043514251709
Partial simulation consumes time: 0.9616410732269287
Partial simulation consumes time: 0.969886302947998
Partial simulation consumes time: 0.9781043529510498
Partial simulation consumes time: 0.9757652282714844
Partial simulation consumes time: 0.9672214984893799
Partial simulation consumes time: 0.9804847240447998
Partial simulation consumes time: 0.9740948677062988
Partial simulation consumes time: 0.9759957790374756
Partial simulation consumes time: 0.9917843341827393
Partial simulation consumes time: 1.008208990097046
Partial simulation consumes time: 1.0043261051177979
Partial simulation consumes time: 0.9873931407928467
Partial simulation consumes time: 0.9757270812988281
Partial simulation consumes time: 0.9640614986419678
Partial simulation consumes time: 0.9802155494689941
Partial simulation consumes time: 0.9672396183013916
Partial simulation consumes time: 0.9877395629882812
Partial simulation consumes time: 0.995570182800293
Partial simulation consumes time: 0.9664576053619385
Partial simulation consumes time: 0.9772913455963135
Partial simulation consumes time: 0.9906473159790039
Partial simulation consumes time: 0.9809958934783936
Partial simulation consumes time: 0.978518009185791
Partial simulation consumes time: 0.9890198707580566
Partial simulation consumes time: 0.9883484840393066
Partial simulation consumes time: 0.9876036643981934
Partial simulation consumes time: 0.9804162979125977
Partial simulation consumes time: 0.9968163967132568
Partial simulation consumes time: 0.9868698120117188
Partial simulation consumes time: 1.007951021194458
Partial simulation consumes time: 0.975372314453125
Partial simulation consumes time: 0.9745478630065918
Partial simulation consumes time: 1.0068449974060059
Partial simulation consumes time: 1.0301897525787354
Partial simulation consumes time: 0.5423548221588135
Partial simulation consumes time: 0.46845316886901855
Partial simulation consumes time: 0.4473259449005127
Partial simulation consumes time: 0.5444622039794922
Partial simulation consumes time: 0.49059510231018066
Partial simulation consumes time: 0.47502613067626953
Partial simulation consumes time: 0.47795820236206055
Partial simulation consumes time: 0.5903205871582031
Partial simulation consumes time: 0.4996764659881592
Partial simulation consumes time: 0.5114138126373291
Partial simulation consumes time: 0.4738619327545166
Partial simulation consumes time: 0.5039350986480713
Partial simulation consumes time: 0.4840278625488281
Partial simulation consumes time: 0.5581459999084473
Partial simulation consumes time: 0.4742262363433838
Partial simulation consumes time: 0.5103819370269775
Partial simulation consumes time: 0.47821569442749023
Partial simulation consumes time: 0.49798583984375
Partial simulation consumes time: 0.4806194305419922
Partial simulation consumes time: 0.5569863319396973
Partial simulation consumes time: 0.4750547409057617
Partial simulation consumes time: 0.5078339576721191
Partial simulation consumes time: 0.47074294090270996
Partial simulation consumes time: 0.48503565788269043
Partial simulation consumes time: 0.5583021640777588
Partial simulation consumes time: 0.5475249290466309
Partial simulation consumes time: 0.4617757797241211
Partial simulation consumes time: 0.46955180168151855
Partial simulation consumes time: 0.46365904808044434
Partial simulation consumes time: 0.4937419891357422
Partial simulation consumes time: 0.5278835296630859
Partial simulation consumes time: 0.46067023277282715
Partial simulation consumes time: 0.4597809314727783
Partial simulation consumes time: 0.4617617130279541
Partial simulation consumes time: 0.5409975051879883
Partial simulation consumes time: 0.5449998378753662
Partial simulation consumes time: 0.5321667194366455
Partial simulation consumes time: 0.5485475063323975
Partial simulation consumes time: 0.5372211933135986
Partial simulation consumes time: 0.4692082405090332
Partial simulation consumes time: 0.48047924041748047
Partial simulation consumes time: 0.45557117462158203
Partial simulation consumes time: 0.530674934387207
Partial simulation consumes time: 0.5464110374450684
Partial simulation consumes time: 0.4720151424407959
Partial simulation consumes time: 0.5935156345367432
Partial simulation consumes time: 0.527055025100708
Partial simulation consumes time: 0.553023099899292
Partial simulation consumes time: 0.551203727722168
Partial simulation consumes time: 0.46390628814697266
Partial simulation consumes time: 0.4683060646057129
Partial simulation consumes time: 0.49065256118774414
Partial simulation consumes time: 0.532498836517334
Partial simulation consumes time: 0.4673440456390381
Partial simulation consumes time: 0.4960622787475586
Partial simulation consumes time: 0.5472815036773682
Partial simulation consumes time: 0.5343921184539795
Partial simulation consumes time: 0.5432791709899902
Partial simulation consumes time: 0.5339906215667725
Partial simulation consumes time: 0.5399267673492432
Partial simulation consumes time: 0.5335144996643066
Partial simulation consumes time: 0.459669828414917
Partial simulation consumes time: 0.4531996250152588
Partial simulation consumes time: 0.486814022064209
Partial simulation consumes time: 0.6352949142456055
Partial simulation consumes time: 0.6345009803771973
Partial simulation consumes time: 0.6753511428833008
Partial simulation consumes time: 0.6493644714355469
Partial simulation consumes time: 0.7070722579956055
Partial simulation consumes time: 0.6475448608398438
Partial simulation consumes time: 0.40075039863586426
Partial simulation consumes time: 0.4084601402282715
Partial simulation consumes time: 0.44548678398132324
Partial simulation consumes time: 0.42179036140441895
Partial simulation consumes time: 0.42974209785461426
Partial simulation consumes time: 0.41174745559692383
Partial simulation consumes time: 0.4069199562072754
Partial simulation consumes time: 0.43472909927368164
Partial simulation consumes time: 0.4256894588470459
Partial simulation consumes time: 0.6368365287780762
Partial simulation consumes time: 0.4194464683532715
Partial simulation consumes time: 0.4114360809326172
Partial simulation consumes time: 0.4365406036376953
Partial simulation consumes time: 0.43215370178222656
Partial simulation consumes time: 0.41188693046569824
Partial simulation consumes time: 0.40133047103881836
Partial simulation consumes time: 0.41019749641418457
Partial simulation consumes time: 0.4925098419189453
Partial simulation consumes time: 0.39847397804260254
Partial simulation consumes time: 0.5534217357635498
Partial simulation consumes time: 0.40894246101379395
Partial simulation consumes time: 0.3915436267852783
Partial simulation consumes time: 0.4500541687011719
Partial simulation consumes time: 0.4025382995605469
Partial simulation consumes time: 0.39815306663513184
Partial simulation consumes time: 0.3994932174682617
Partial simulation consumes time: 0.678929328918457
Partial simulation consumes time: 0.5812251567840576
Partial simulation consumes time: 0.42772889137268066
Partial simulation consumes time: 0.428255558013916
Partial simulation consumes time: 0.5240535736083984
Partial simulation consumes time: 0.5397846698760986
Partial simulation consumes time: 0.4339752197265625
Partial simulation consumes time: 0.6012754440307617
Partial simulation consumes time: 0.43090295791625977
Partial simulation consumes time: 0.4470489025115967
Partial simulation consumes time: 0.4202117919921875
Partial simulation consumes time: 0.41714024543762207
Partial simulation consumes time: 0.4166908264160156
Partial simulation consumes time: 0.42701172828674316
Partial simulation consumes time: 0.42494630813598633
Partial simulation consumes time: 0.43308520317077637
Partial simulation consumes time: 0.6315567493438721
Partial simulation consumes time: 0.6569027900695801
Partial simulation consumes time: 0.42799854278564453
Partial simulation consumes time: 0.43434643745422363
Partial simulation consumes time: 0.5621607303619385
Partial simulation consumes time: 0.4358069896697998
Partial simulation consumes time: 0.6452789306640625
Partial simulation consumes time: 0.6455631256103516
Partial simulation consumes time: 0.42565274238586426
Partial simulation consumes time: 0.6480424404144287
Partial simulation consumes time: 0.42931222915649414
Partial simulation consumes time: 0.5726883411407471
Partial simulation consumes time: 0.4394056797027588
Partial simulation consumes time: 0.6946203708648682
Partial simulation consumes time: 0.6851322650909424
Partial simulation consumes time: 0.43184423446655273
Partial simulation consumes time: 0.3021080493927002
Partial simulation consumes time: 0.28339600563049316
Partial simulation consumes time: 0.4029526710510254
Partial simulation consumes time: 0.28449153900146484
Partial simulation consumes time: 0.27886438369750977
Partial simulation consumes time: 0.3081350326538086
Partial simulation consumes time: 0.2882194519042969
Partial simulation consumes time: 0.3254215717315674
Partial simulation consumes time: 0.3153834342956543
Partial simulation consumes time: 0.3449993133544922
Partial simulation consumes time: 0.30014610290527344
Partial simulation consumes time: 0.30435705184936523
Partial simulation consumes time: 0.2820291519165039
Partial simulation consumes time: 0.2834970951080322
Partial simulation consumes time: 0.27564191818237305
Partial simulation consumes time: 0.31892967224121094
Partial simulation consumes time: 0.2952892780303955
Partial simulation consumes time: 0.2719993591308594
Partial simulation consumes time: 0.3485105037689209
Partial simulation consumes time: 0.2753775119781494
Partial simulation consumes time: 0.2826855182647705
Partial simulation consumes time: 0.2812964916229248
Partial simulation consumes time: 0.27251362800598145
Partial simulation consumes time: 0.37817978858947754
Partial simulation consumes time: 0.2976224422454834
Partial simulation consumes time: 0.32413625717163086
Partial simulation consumes time: 0.2964897155761719
Partial simulation consumes time: 0.2661869525909424
Partial simulation consumes time: 0.279998779296875
Partial simulation consumes time: 0.2785797119140625
Partial simulation consumes time: 0.27715158462524414
Partial simulation consumes time: 0.3032712936401367
Partial simulation consumes time: 0.29363107681274414
Partial simulation consumes time: 0.30362772941589355
Partial simulation consumes time: 0.3043358325958252
Partial simulation consumes time: 0.2757418155670166
Partial simulation consumes time: 0.26643919944763184
Partial simulation consumes time: 0.2612009048461914
Partial simulation consumes time: 0.2601630687713623
Partial simulation consumes time: 0.2654857635498047
Partial simulation consumes time: 0.2756202220916748
Partial simulation consumes time: 0.2777388095855713
Partial simulation consumes time: 0.27297449111938477
Partial simulation consumes time: 0.2737867832183838
Partial simulation consumes time: 0.27596378326416016
Partial simulation consumes time: 0.3197176456451416
Partial simulation consumes time: 0.3149237632751465
Partial simulation consumes time: 0.3490123748779297
Partial simulation consumes time: 0.27480316162109375
Partial simulation consumes time: 0.2772862911224365
Partial simulation consumes time: 0.32647252082824707
Partial simulation consumes time: 0.2977776527404785
Partial simulation consumes time: 0.27189064025878906
Partial simulation consumes time: 0.34836339950561523
Partial simulation consumes time: 0.31338047981262207
Partial simulation consumes time: 0.27457547187805176
Partial simulation consumes time: 0.27654504776000977
Partial simulation consumes time: 0.27231740951538086
Partial simulation consumes time: 0.27242398262023926
Partial simulation consumes time: 0.271836519241333
Partial simulation consumes time: 0.2717006206512451
Partial simulation consumes time: 0.27409863471984863
Partial simulation consumes time: 0.2654609680175781
Partial simulation consumes time: 0.27152156829833984
Partial simulation consumes time: 0.17110681533813477
Partial simulation consumes time: 0.1750490665435791
Partial simulation consumes time: 0.1828770637512207
Partial simulation consumes time: 0.23357367515563965
Partial simulation consumes time: 0.18157601356506348
Partial simulation consumes time: 0.34585094451904297
Partial simulation consumes time: 0.18508195877075195
Partial simulation consumes time: 0.17406678199768066
Partial simulation consumes time: 0.17799639701843262
Partial simulation consumes time: 0.34319138526916504
Partial simulation consumes time: 0.1825850009918213
Partial simulation consumes time: 0.18790769577026367
Partial simulation consumes time: 0.18242120742797852
Partial simulation consumes time: 0.28868794441223145
Partial simulation consumes time: 0.18418288230895996
Partial simulation consumes time: 0.18393754959106445
Partial simulation consumes time: 0.1859452724456787
Partial simulation consumes time: 0.26263427734375
Partial simulation consumes time: 0.17939400672912598
Partial simulation consumes time: 0.1879129409790039
Partial simulation consumes time: 0.1920604705810547
Partial simulation consumes time: 0.1803140640258789
Partial simulation consumes time: 0.18535113334655762
Partial simulation consumes time: 0.1756281852722168
Partial simulation consumes time: 0.17831921577453613
Partial simulation consumes time: 0.2438948154449463
Partial simulation consumes time: 0.19339203834533691
Partial simulation consumes time: 0.19095253944396973
Partial simulation consumes time: 0.1883249282836914
Partial simulation consumes time: 0.376049280166626
Partial simulation consumes time: 0.18379855155944824
Partial simulation consumes time: 0.18469977378845215
Partial simulation consumes time: 0.1844618320465088
Partial simulation consumes time: 0.3265652656555176
Partial simulation consumes time: 0.18428730964660645
Partial simulation consumes time: 0.1832270622253418
Partial simulation consumes time: 0.18753886222839355
Partial simulation consumes time: 0.33088159561157227
Partial simulation consumes time: 0.1864919662475586
Partial simulation consumes time: 0.1804044246673584
Partial simulation consumes time: 0.18757176399230957
Partial simulation consumes time: 0.27396345138549805
Partial simulation consumes time: 0.1904163360595703
Partial simulation consumes time: 0.1922602653503418
Partial simulation consumes time: 0.18593525886535645
Partial simulation consumes time: 0.18129277229309082
Partial simulation consumes time: 0.18879151344299316
Partial simulation consumes time: 0.1913585662841797
Partial simulation consumes time: 0.1864757537841797
Partial simulation consumes time: 0.25980472564697266
Partial simulation consumes time: 0.1920628547668457
Partial simulation consumes time: 0.1884138584136963
Partial simulation consumes time: 0.18530869483947754
Partial simulation consumes time: 0.3366053104400635
Partial simulation consumes time: 0.21015048027038574
Partial simulation consumes time: 0.19196200370788574
Partial simulation consumes time: 0.19595789909362793
Partial simulation consumes time: 0.34649181365966797
Partial simulation consumes time: 0.19350504875183105
Partial simulation consumes time: 0.19294095039367676
Partial simulation consumes time: 0.19767451286315918
Partial simulation consumes time: 0.1968238353729248
Partial simulation consumes time: 0.19279026985168457
Partial simulation consumes time: 0.1954805850982666
Qdao runs:	1324.950735092163
_initialize	18.555400609970093
_preprocess	117.5063829421997
_postprocess	422.9262926578522
_run	1306.376625776291
load_sv	116.96319770812988
store_sv	422.89720034599304
Quafu runs:	535.3067843914032
.

================= 1 passed, 9 deselected in 1862.80s (0:31:02) =================
