============================= test session starts ==============================
platform linux -- Python 3.10.6, pytest-7.2.0, pluggy-1.0.0
rootdir: /root/projects/qcs
collected 10 items / 9 deselected / 1 selected

tst/qdao/engine.py 
::::::::::::::::::Config::::::::::::::::::

NQ::	28
NP::	22
NL::	12
D::	25

::::::::::::::::::Config::::::::::::::::::


:::Reusing existing bench:::::/root/projects/qcs/qdao/benchmarks/qasm/random_28_25_max_operands_2_gen.qasm::::::::

Partial simulation consumes time: 0.4016134738922119
Partial simulation consumes time: 0.40710926055908203
Partial simulation consumes time: 0.39429473876953125
Partial simulation consumes time: 0.39915919303894043
Partial simulation consumes time: 0.3906431198120117
Partial simulation consumes time: 0.3930647373199463
Partial simulation consumes time: 0.3682551383972168
Partial simulation consumes time: 0.40947675704956055
Partial simulation consumes time: 0.4033784866333008
Partial simulation consumes time: 0.3822975158691406
Partial simulation consumes time: 0.3735806941986084
Partial simulation consumes time: 0.3794410228729248
Partial simulation consumes time: 0.37345004081726074
Partial simulation consumes time: 0.3507564067840576
Partial simulation consumes time: 0.3466660976409912
Partial simulation consumes time: 0.3592956066131592
Partial simulation consumes time: 0.4039595127105713
Partial simulation consumes time: 0.4035935401916504
Partial simulation consumes time: 0.39409589767456055
Partial simulation consumes time: 0.39955973625183105
Partial simulation consumes time: 0.377669095993042
Partial simulation consumes time: 0.3628826141357422
Partial simulation consumes time: 0.37314319610595703
Partial simulation consumes time: 0.3794846534729004
Partial simulation consumes time: 0.4121828079223633
Partial simulation consumes time: 0.3915855884552002
Partial simulation consumes time: 0.39557862281799316
Partial simulation consumes time: 0.3716259002685547
Partial simulation consumes time: 0.39672183990478516
Partial simulation consumes time: 0.3501412868499756
Partial simulation consumes time: 0.361051082611084
Partial simulation consumes time: 0.36136722564697266
Partial simulation consumes time: 0.4041261672973633
Partial simulation consumes time: 0.3852803707122803
Partial simulation consumes time: 0.3708324432373047
Partial simulation consumes time: 0.40725040435791016
Partial simulation consumes time: 0.36370038986206055
Partial simulation consumes time: 0.3839385509490967
Partial simulation consumes time: 0.40934038162231445
Partial simulation consumes time: 0.38361382484436035
Partial simulation consumes time: 0.4020867347717285
Partial simulation consumes time: 0.41039228439331055
Partial simulation consumes time: 0.4087812900543213
Partial simulation consumes time: 0.3615405559539795
Partial simulation consumes time: 0.389279842376709
Partial simulation consumes time: 0.40437936782836914
Partial simulation consumes time: 0.399583101272583
Partial simulation consumes time: 0.4007902145385742
Partial simulation consumes time: 0.3473687171936035
Partial simulation consumes time: 0.3892214298248291
Partial simulation consumes time: 0.40189313888549805
Partial simulation consumes time: 0.4170229434967041
Partial simulation consumes time: 0.3991711139678955
Partial simulation consumes time: 0.40697789192199707
Partial simulation consumes time: 0.35440921783447266
Partial simulation consumes time: 0.4048619270324707
Partial simulation consumes time: 0.34374213218688965
Partial simulation consumes time: 0.360872745513916
Partial simulation consumes time: 0.3753659725189209
Partial simulation consumes time: 0.39900708198547363
Partial simulation consumes time: 0.3840827941894531
Partial simulation consumes time: 0.351546049118042
Partial simulation consumes time: 0.3565695285797119
Partial simulation consumes time: 0.40758347511291504
Partial simulation consumes time: 0.43155837059020996
Partial simulation consumes time: 0.36989688873291016
Partial simulation consumes time: 0.41161417961120605
Partial simulation consumes time: 0.4677412509918213
Partial simulation consumes time: 0.4241526126861572
Partial simulation consumes time: 0.4102904796600342
Partial simulation consumes time: 0.390535831451416
Partial simulation consumes time: 0.4477353096008301
Partial simulation consumes time: 0.41112661361694336
Partial simulation consumes time: 0.40709376335144043
Partial simulation consumes time: 0.4018406867980957
Partial simulation consumes time: 0.3967878818511963
Partial simulation consumes time: 0.41561174392700195
Partial simulation consumes time: 0.41027092933654785
Partial simulation consumes time: 0.3868253231048584
Partial simulation consumes time: 0.4145686626434326
Partial simulation consumes time: 0.4073324203491211
Partial simulation consumes time: 0.41021013259887695
Partial simulation consumes time: 0.40568089485168457
Partial simulation consumes time: 0.40352392196655273
Partial simulation consumes time: 0.4331040382385254
Partial simulation consumes time: 0.42215514183044434
Partial simulation consumes time: 0.38852548599243164
Partial simulation consumes time: 0.4080967903137207
Partial simulation consumes time: 0.4275333881378174
Partial simulation consumes time: 0.41260337829589844
Partial simulation consumes time: 0.4818260669708252
Partial simulation consumes time: 0.38785243034362793
Partial simulation consumes time: 0.3844723701477051
Partial simulation consumes time: 0.38733911514282227
Partial simulation consumes time: 0.3969149589538574
Partial simulation consumes time: 0.45973968505859375
Partial simulation consumes time: 0.4405026435852051
Partial simulation consumes time: 0.455517053604126
Partial simulation consumes time: 0.43297457695007324
Partial simulation consumes time: 0.447314977645874
Partial simulation consumes time: 0.44885873794555664
Partial simulation consumes time: 0.49186253547668457
Partial simulation consumes time: 0.47605156898498535
Partial simulation consumes time: 0.47316956520080566
Partial simulation consumes time: 0.4232757091522217
Partial simulation consumes time: 0.4779469966888428
Partial simulation consumes time: 0.4776015281677246
Partial simulation consumes time: 0.4551873207092285
Partial simulation consumes time: 0.44585227966308594
Partial simulation consumes time: 0.4798882007598877
Partial simulation consumes time: 0.41079282760620117
Partial simulation consumes time: 0.41047072410583496
Partial simulation consumes time: 0.4053666591644287
Partial simulation consumes time: 0.4210398197174072
Partial simulation consumes time: 0.4023773670196533
Partial simulation consumes time: 0.40994763374328613
Partial simulation consumes time: 0.39791393280029297
Partial simulation consumes time: 0.41397809982299805
Partial simulation consumes time: 0.42602968215942383
Partial simulation consumes time: 0.4136514663696289
Partial simulation consumes time: 0.42356443405151367
Partial simulation consumes time: 0.4135291576385498
Partial simulation consumes time: 0.4257845878601074
Partial simulation consumes time: 0.43028783798217773
Partial simulation consumes time: 0.4236009120941162
Partial simulation consumes time: 0.41071414947509766
Partial simulation consumes time: 0.4263613224029541
Partial simulation consumes time: 0.421764612197876
Partial simulation consumes time: 0.31144285202026367
Partial simulation consumes time: 0.3113377094268799
Partial simulation consumes time: 0.3129894733428955
Partial simulation consumes time: 0.31536197662353516
Partial simulation consumes time: 0.31107330322265625
Partial simulation consumes time: 0.29281163215637207
Partial simulation consumes time: 0.31615543365478516
Partial simulation consumes time: 0.294025182723999
Partial simulation consumes time: 0.3120119571685791
Partial simulation consumes time: 0.3177199363708496
Partial simulation consumes time: 0.31062889099121094
Partial simulation consumes time: 0.317354679107666
Partial simulation consumes time: 0.3070392608642578
Partial simulation consumes time: 0.3292863368988037
Partial simulation consumes time: 0.3193237781524658
Partial simulation consumes time: 0.32289719581604004
Partial simulation consumes time: 0.2900519371032715
Partial simulation consumes time: 0.30832648277282715
Partial simulation consumes time: 0.32765722274780273
Partial simulation consumes time: 0.3271932601928711
Partial simulation consumes time: 0.31020331382751465
Partial simulation consumes time: 0.3047497272491455
Partial simulation consumes time: 0.29384827613830566
Partial simulation consumes time: 0.2997121810913086
Partial simulation consumes time: 0.2976958751678467
Partial simulation consumes time: 0.29079437255859375
Partial simulation consumes time: 0.3330569267272949
Partial simulation consumes time: 0.29521775245666504
Partial simulation consumes time: 0.3046455383300781
Partial simulation consumes time: 0.3044090270996094
Partial simulation consumes time: 0.29967594146728516
Partial simulation consumes time: 0.29018378257751465
Partial simulation consumes time: 0.2964200973510742
Partial simulation consumes time: 0.2978954315185547
Partial simulation consumes time: 0.30480432510375977
Partial simulation consumes time: 0.29282593727111816
Partial simulation consumes time: 0.3019294738769531
Partial simulation consumes time: 0.30563998222351074
Partial simulation consumes time: 0.31587696075439453
Partial simulation consumes time: 0.33104467391967773
Partial simulation consumes time: 0.3118140697479248
Partial simulation consumes time: 0.3166017532348633
Partial simulation consumes time: 0.3055436611175537
Partial simulation consumes time: 0.31782007217407227
Partial simulation consumes time: 0.2872648239135742
Partial simulation consumes time: 0.28859853744506836
Partial simulation consumes time: 0.3138277530670166
Partial simulation consumes time: 0.31077075004577637
Partial simulation consumes time: 0.3083763122558594
Partial simulation consumes time: 0.30600905418395996
Partial simulation consumes time: 0.3052082061767578
Partial simulation consumes time: 0.29906654357910156
Partial simulation consumes time: 0.30937743186950684
Partial simulation consumes time: 0.3309018611907959
Partial simulation consumes time: 0.31171560287475586
Partial simulation consumes time: 0.3061056137084961
Partial simulation consumes time: 0.3125593662261963
Partial simulation consumes time: 0.310624361038208
Partial simulation consumes time: 0.3083963394165039
Partial simulation consumes time: 0.3113868236541748
Partial simulation consumes time: 0.29422855377197266
Partial simulation consumes time: 0.3085744380950928
Partial simulation consumes time: 0.30933260917663574
Partial simulation consumes time: 0.2950427532196045
Partial simulation consumes time: 0.3286623954772949
Partial simulation consumes time: 0.3073899745941162
Partial simulation consumes time: 0.31270647048950195
Partial simulation consumes time: 0.3761417865753174
Partial simulation consumes time: 0.3280611038208008
Partial simulation consumes time: 0.3116488456726074
Partial simulation consumes time: 0.33020949363708496
Partial simulation consumes time: 0.33092784881591797
Partial simulation consumes time: 0.32862377166748047
Partial simulation consumes time: 0.33098316192626953
Partial simulation consumes time: 0.32965803146362305
Partial simulation consumes time: 0.3280918598175049
Partial simulation consumes time: 0.3298838138580322
Partial simulation consumes time: 0.32717227935791016
Partial simulation consumes time: 0.3188631534576416
Partial simulation consumes time: 0.3344595432281494
Partial simulation consumes time: 0.3282589912414551
Partial simulation consumes time: 0.3294026851654053
Partial simulation consumes time: 0.3292708396911621
Partial simulation consumes time: 0.31656718254089355
Partial simulation consumes time: 0.3202195167541504
Partial simulation consumes time: 0.3066563606262207
Partial simulation consumes time: 0.32219743728637695
Partial simulation consumes time: 0.3250718116760254
Partial simulation consumes time: 0.3620901107788086
Partial simulation consumes time: 0.3301711082458496
Partial simulation consumes time: 0.32874631881713867
Partial simulation consumes time: 0.3273899555206299
Partial simulation consumes time: 0.3539578914642334
Partial simulation consumes time: 0.32466697692871094
Partial simulation consumes time: 0.3338444232940674
Partial simulation consumes time: 0.37133145332336426
Partial simulation consumes time: 0.32608675956726074
Partial simulation consumes time: 0.3298006057739258
Partial simulation consumes time: 0.30715513229370117
Partial simulation consumes time: 0.3263251781463623
Partial simulation consumes time: 0.32861971855163574
Partial simulation consumes time: 0.34398627281188965
Partial simulation consumes time: 0.3308541774749756
Partial simulation consumes time: 0.31464362144470215
Partial simulation consumes time: 0.32883644104003906
Partial simulation consumes time: 0.37621450424194336
Partial simulation consumes time: 0.308535099029541
Partial simulation consumes time: 0.3315412998199463
Partial simulation consumes time: 0.3216683864593506
Partial simulation consumes time: 0.3424797058105469
Partial simulation consumes time: 0.33039236068725586
Partial simulation consumes time: 0.3191721439361572
Partial simulation consumes time: 0.3772268295288086
Partial simulation consumes time: 0.37238311767578125
Partial simulation consumes time: 0.30694103240966797
Partial simulation consumes time: 0.31206822395324707
Partial simulation consumes time: 0.31101250648498535
Partial simulation consumes time: 0.3277299404144287
Partial simulation consumes time: 0.32897448539733887
Partial simulation consumes time: 0.3838233947753906
Partial simulation consumes time: 0.3315589427947998
Partial simulation consumes time: 0.3123488426208496
Partial simulation consumes time: 0.3764336109161377
Partial simulation consumes time: 0.32628941535949707
Partial simulation consumes time: 0.32737255096435547
Partial simulation consumes time: 0.3238101005554199
Partial simulation consumes time: 0.32924532890319824
Partial simulation consumes time: 0.32973670959472656
Partial simulation consumes time: 0.4849991798400879
Partial simulation consumes time: 0.4961056709289551
Partial simulation consumes time: 0.5065929889678955
Partial simulation consumes time: 0.5049662590026855
Partial simulation consumes time: 0.47711730003356934
Partial simulation consumes time: 0.49747657775878906
Partial simulation consumes time: 0.5041992664337158
Partial simulation consumes time: 0.5286455154418945
Partial simulation consumes time: 0.5200047492980957
Partial simulation consumes time: 0.46547746658325195
Partial simulation consumes time: 0.4689059257507324
Partial simulation consumes time: 0.5149943828582764
Partial simulation consumes time: 0.5030312538146973
Partial simulation consumes time: 0.4938013553619385
Partial simulation consumes time: 0.5271968841552734
Partial simulation consumes time: 0.5060904026031494
Partial simulation consumes time: 0.5210022926330566
Partial simulation consumes time: 0.5165131092071533
Partial simulation consumes time: 0.5115892887115479
Partial simulation consumes time: 0.4978463649749756
Partial simulation consumes time: 0.4963514804840088
Partial simulation consumes time: 0.5247797966003418
Partial simulation consumes time: 0.5095186233520508
Partial simulation consumes time: 0.5155515670776367
Partial simulation consumes time: 0.4739968776702881
Partial simulation consumes time: 0.5038695335388184
Partial simulation consumes time: 0.4724462032318115
Partial simulation consumes time: 0.5051620006561279
Partial simulation consumes time: 0.5143389701843262
Partial simulation consumes time: 0.49312639236450195
Partial simulation consumes time: 0.5023300647735596
Partial simulation consumes time: 0.5361638069152832
Partial simulation consumes time: 0.49605536460876465
Partial simulation consumes time: 0.5090963840484619
Partial simulation consumes time: 0.4890623092651367
Partial simulation consumes time: 0.47403407096862793
Partial simulation consumes time: 0.5009560585021973
Partial simulation consumes time: 0.49955129623413086
Partial simulation consumes time: 0.4967377185821533
Partial simulation consumes time: 0.48191332817077637
Partial simulation consumes time: 0.49745941162109375
Partial simulation consumes time: 0.5221529006958008
Partial simulation consumes time: 0.4807579517364502
Partial simulation consumes time: 0.48958754539489746
Partial simulation consumes time: 0.5439119338989258
Partial simulation consumes time: 0.49545884132385254
Partial simulation consumes time: 0.5234794616699219
Partial simulation consumes time: 0.5094254016876221
Partial simulation consumes time: 0.536672830581665
Partial simulation consumes time: 0.4876689910888672
Partial simulation consumes time: 0.514462947845459
Partial simulation consumes time: 0.4925074577331543
Partial simulation consumes time: 0.5149917602539062
Partial simulation consumes time: 0.4797182083129883
Partial simulation consumes time: 0.4675006866455078
Partial simulation consumes time: 0.46579766273498535
Partial simulation consumes time: 0.5377976894378662
Partial simulation consumes time: 0.4853367805480957
Partial simulation consumes time: 0.5627009868621826
Partial simulation consumes time: 0.5313477516174316
Partial simulation consumes time: 0.48414134979248047
Partial simulation consumes time: 0.5161349773406982
Partial simulation consumes time: 0.513615608215332
Partial simulation consumes time: 0.4966928958892822
Partial simulation consumes time: 0.41082763671875
Partial simulation consumes time: 0.40412068367004395
Partial simulation consumes time: 0.4276401996612549
Partial simulation consumes time: 0.437488317489624
Partial simulation consumes time: 0.46769285202026367
Partial simulation consumes time: 0.4002993106842041
Partial simulation consumes time: 0.4231739044189453
Partial simulation consumes time: 0.4743385314941406
Partial simulation consumes time: 0.44008851051330566
Partial simulation consumes time: 0.4434645175933838
Partial simulation consumes time: 0.4398529529571533
Partial simulation consumes time: 0.43288207054138184
Partial simulation consumes time: 0.4263646602630615
Partial simulation consumes time: 0.43389439582824707
Partial simulation consumes time: 0.4269242286682129
Partial simulation consumes time: 0.4197580814361572
Partial simulation consumes time: 0.4189133644104004
Partial simulation consumes time: 0.42470479011535645
Partial simulation consumes time: 0.4194915294647217
Partial simulation consumes time: 0.4176025390625
Partial simulation consumes time: 0.4231452941894531
Partial simulation consumes time: 0.415635347366333
Partial simulation consumes time: 0.42726635932922363
Partial simulation consumes time: 0.41602063179016113
Partial simulation consumes time: 0.4555783271789551
Partial simulation consumes time: 0.4539165496826172
Partial simulation consumes time: 0.42017292976379395
Partial simulation consumes time: 0.4305891990661621
Partial simulation consumes time: 0.4280815124511719
Partial simulation consumes time: 0.42807817459106445
Partial simulation consumes time: 0.419567346572876
Partial simulation consumes time: 0.3970482349395752
Partial simulation consumes time: 0.416623592376709
Partial simulation consumes time: 0.44371461868286133
Partial simulation consumes time: 0.42828893661499023
Partial simulation consumes time: 0.42644667625427246
Partial simulation consumes time: 0.4267251491546631
Partial simulation consumes time: 0.4290928840637207
Partial simulation consumes time: 0.46461963653564453
Partial simulation consumes time: 0.4011423587799072
Partial simulation consumes time: 0.4707205295562744
Partial simulation consumes time: 0.4237978458404541
Partial simulation consumes time: 0.4208199977874756
Partial simulation consumes time: 0.4224400520324707
Partial simulation consumes time: 0.4267890453338623
Partial simulation consumes time: 0.4213907718658447
Partial simulation consumes time: 0.4309511184692383
Partial simulation consumes time: 0.4232757091522217
Partial simulation consumes time: 0.4270966053009033
Partial simulation consumes time: 0.41845178604125977
Partial simulation consumes time: 0.44560670852661133
Partial simulation consumes time: 0.4423794746398926
Partial simulation consumes time: 0.4557795524597168
Partial simulation consumes time: 0.4434845447540283
Partial simulation consumes time: 0.46885037422180176
Partial simulation consumes time: 0.45223522186279297
Partial simulation consumes time: 0.4312467575073242
Partial simulation consumes time: 0.4564530849456787
Partial simulation consumes time: 0.41936469078063965
Partial simulation consumes time: 0.41995930671691895
Partial simulation consumes time: 0.422821044921875
Partial simulation consumes time: 0.42212605476379395
Partial simulation consumes time: 0.43046116828918457
Partial simulation consumes time: 0.4231381416320801
Partial simulation consumes time: 0.3519248962402344
Partial simulation consumes time: 0.3455386161804199
Partial simulation consumes time: 0.36803603172302246
Partial simulation consumes time: 0.34804725646972656
Partial simulation consumes time: 0.3249855041503906
Partial simulation consumes time: 0.31980419158935547
Partial simulation consumes time: 0.42261290550231934
Partial simulation consumes time: 0.32970261573791504
Partial simulation consumes time: 0.3240196704864502
Partial simulation consumes time: 0.35067319869995117
Partial simulation consumes time: 0.35061025619506836
Partial simulation consumes time: 0.35593509674072266
Partial simulation consumes time: 0.3539540767669678
Partial simulation consumes time: 0.3359215259552002
Partial simulation consumes time: 0.3505375385284424
Partial simulation consumes time: 0.41288113594055176
Partial simulation consumes time: 0.36803603172302246
Partial simulation consumes time: 0.35527825355529785
Partial simulation consumes time: 0.3668863773345947
Partial simulation consumes time: 0.3471536636352539
Partial simulation consumes time: 0.4118056297302246
Partial simulation consumes time: 0.3525242805480957
Partial simulation consumes time: 0.35656118392944336
Partial simulation consumes time: 0.3447916507720947
Partial simulation consumes time: 0.42304325103759766
Partial simulation consumes time: 0.359158992767334
Partial simulation consumes time: 0.35483860969543457
Partial simulation consumes time: 0.3376631736755371
Partial simulation consumes time: 0.39330077171325684
Partial simulation consumes time: 0.3446006774902344
Partial simulation consumes time: 0.34975147247314453
Partial simulation consumes time: 0.3461039066314697
Partial simulation consumes time: 0.3494284152984619
Partial simulation consumes time: 0.40153002738952637
Partial simulation consumes time: 0.3428215980529785
Partial simulation consumes time: 0.39664769172668457
Partial simulation consumes time: 0.3457014560699463
Partial simulation consumes time: 0.34935951232910156
Partial simulation consumes time: 0.34667229652404785
Partial simulation consumes time: 0.35500454902648926
Partial simulation consumes time: 0.3465101718902588
Partial simulation consumes time: 0.3378314971923828
Partial simulation consumes time: 0.3484163284301758
Partial simulation consumes time: 0.3524448871612549
Partial simulation consumes time: 0.35947489738464355
Partial simulation consumes time: 0.4048573970794678
Partial simulation consumes time: 0.34862637519836426
Partial simulation consumes time: 0.35413050651550293
Partial simulation consumes time: 0.3549997806549072
Partial simulation consumes time: 0.4087650775909424
Partial simulation consumes time: 0.3542063236236572
Partial simulation consumes time: 0.34641098976135254
Partial simulation consumes time: 0.41783618927001953
Partial simulation consumes time: 0.33274221420288086
Partial simulation consumes time: 0.35315966606140137
Partial simulation consumes time: 0.3438894748687744
Partial simulation consumes time: 0.35221219062805176
Partial simulation consumes time: 0.3468177318572998
Partial simulation consumes time: 0.3497774600982666
Partial simulation consumes time: 0.35184502601623535
Partial simulation consumes time: 0.3581845760345459
Partial simulation consumes time: 0.4062788486480713
Partial simulation consumes time: 0.35427212715148926
Partial simulation consumes time: 0.35146284103393555
Partial simulation consumes time: 0.28517889976501465
Partial simulation consumes time: 0.29345250129699707
Partial simulation consumes time: 0.304401159286499
Partial simulation consumes time: 0.2895650863647461
Partial simulation consumes time: 0.27906155586242676
Partial simulation consumes time: 0.29640984535217285
Partial simulation consumes time: 0.2982518672943115
Partial simulation consumes time: 0.2970554828643799
Partial simulation consumes time: 0.28328728675842285
Partial simulation consumes time: 0.29684948921203613
Partial simulation consumes time: 0.2936077117919922
Partial simulation consumes time: 0.27976560592651367
Partial simulation consumes time: 0.29537439346313477
Partial simulation consumes time: 0.3036625385284424
Partial simulation consumes time: 0.29782915115356445
Partial simulation consumes time: 0.32314181327819824
Partial simulation consumes time: 0.30310583114624023
Partial simulation consumes time: 0.2910144329071045
Partial simulation consumes time: 0.29079604148864746
Partial simulation consumes time: 0.30300402641296387
Partial simulation consumes time: 0.29485058784484863
Partial simulation consumes time: 0.2933816909790039
Partial simulation consumes time: 0.30078744888305664
Partial simulation consumes time: 0.29262256622314453
Partial simulation consumes time: 0.29794955253601074
Partial simulation consumes time: 0.29723453521728516
Partial simulation consumes time: 0.29872632026672363
Partial simulation consumes time: 0.2838318347930908
Partial simulation consumes time: 0.2909972667694092
Partial simulation consumes time: 0.295238733291626
Partial simulation consumes time: 0.29584312438964844
Partial simulation consumes time: 0.2979252338409424
Partial simulation consumes time: 0.30341172218322754
Partial simulation consumes time: 0.29978060722351074
Partial simulation consumes time: 0.287585973739624
Partial simulation consumes time: 0.27750253677368164
Partial simulation consumes time: 0.2861592769622803
Partial simulation consumes time: 0.28455662727355957
Partial simulation consumes time: 0.28589415550231934
Partial simulation consumes time: 0.2939584255218506
Partial simulation consumes time: 0.2901957035064697
Partial simulation consumes time: 0.2898585796356201
Partial simulation consumes time: 0.2785029411315918
Partial simulation consumes time: 0.2871973514556885
Partial simulation consumes time: 0.3047301769256592
Partial simulation consumes time: 0.29437732696533203
Partial simulation consumes time: 0.2987816333770752
Partial simulation consumes time: 0.29843807220458984
Partial simulation consumes time: 0.28620243072509766
Partial simulation consumes time: 0.28409242630004883
Partial simulation consumes time: 0.2947697639465332
Partial simulation consumes time: 0.28751564025878906
Partial simulation consumes time: 0.28071069717407227
Partial simulation consumes time: 0.28234028816223145
Partial simulation consumes time: 0.2973506450653076
Partial simulation consumes time: 0.28886961936950684
Partial simulation consumes time: 0.2830979824066162
Partial simulation consumes time: 0.2761504650115967
Partial simulation consumes time: 0.2745554447174072
Partial simulation consumes time: 0.28128981590270996
Partial simulation consumes time: 0.28375935554504395
Partial simulation consumes time: 0.294527530670166
Partial simulation consumes time: 0.2899935245513916
Partial simulation consumes time: 0.29708385467529297
Partial simulation consumes time: 0.20977115631103516
Partial simulation consumes time: 0.20575213432312012
Partial simulation consumes time: 0.21701526641845703
Partial simulation consumes time: 0.20675301551818848
Partial simulation consumes time: 0.23140692710876465
Partial simulation consumes time: 0.20749759674072266
Partial simulation consumes time: 0.20209026336669922
Partial simulation consumes time: 0.21212005615234375
Partial simulation consumes time: 0.20366525650024414
Partial simulation consumes time: 0.20905566215515137
Partial simulation consumes time: 0.2113182544708252
Partial simulation consumes time: 0.20289993286132812
Partial simulation consumes time: 0.2283015251159668
Partial simulation consumes time: 0.20901274681091309
Partial simulation consumes time: 0.2057037353515625
Partial simulation consumes time: 0.20889019966125488
Partial simulation consumes time: 0.21874094009399414
Partial simulation consumes time: 0.21905279159545898
Partial simulation consumes time: 0.21483922004699707
Partial simulation consumes time: 0.20310330390930176
Partial simulation consumes time: 0.2064990997314453
Partial simulation consumes time: 0.23089003562927246
Partial simulation consumes time: 0.21033453941345215
Partial simulation consumes time: 0.2131791114807129
Partial simulation consumes time: 0.21590757369995117
Partial simulation consumes time: 0.18250060081481934
Partial simulation consumes time: 0.22151899337768555
Partial simulation consumes time: 0.19579339027404785
Partial simulation consumes time: 0.19195055961608887
Partial simulation consumes time: 0.2201225757598877
Partial simulation consumes time: 0.19426178932189941
Partial simulation consumes time: 0.23139405250549316
Partial simulation consumes time: 0.19913005828857422
Partial simulation consumes time: 0.2022993564605713
Partial simulation consumes time: 0.22638154029846191
Partial simulation consumes time: 0.21708893775939941
Partial simulation consumes time: 0.2323007583618164
Partial simulation consumes time: 0.2312636375427246
Partial simulation consumes time: 0.2202146053314209
Partial simulation consumes time: 0.19385361671447754
Partial simulation consumes time: 0.2032620906829834
Partial simulation consumes time: 0.20833659172058105
Partial simulation consumes time: 0.2048635482788086
Partial simulation consumes time: 0.21320056915283203
Partial simulation consumes time: 0.21709060668945312
Partial simulation consumes time: 0.19227337837219238
Partial simulation consumes time: 0.20715594291687012
Partial simulation consumes time: 0.1953895092010498
Partial simulation consumes time: 0.1935443878173828
Partial simulation consumes time: 0.20461821556091309
Partial simulation consumes time: 0.20479941368103027
Partial simulation consumes time: 0.2038099765777588
Partial simulation consumes time: 0.20500707626342773
Partial simulation consumes time: 0.22384333610534668
Partial simulation consumes time: 0.23046255111694336
Partial simulation consumes time: 0.2261505126953125
Partial simulation consumes time: 0.20914697647094727
Partial simulation consumes time: 0.22627687454223633
Partial simulation consumes time: 0.20991110801696777
Partial simulation consumes time: 0.20740914344787598
Partial simulation consumes time: 0.2392435073852539
Partial simulation consumes time: 0.22078227996826172
Partial simulation consumes time: 0.19531822204589844
Partial simulation consumes time: 0.2096848487854004
Partial simulation consumes time: 0.46053647994995117
Partial simulation consumes time: 0.42464780807495117
Partial simulation consumes time: 0.4514651298522949
Partial simulation consumes time: 0.4335343837738037
Partial simulation consumes time: 0.4603602886199951
Partial simulation consumes time: 0.46561217308044434
Partial simulation consumes time: 0.4273662567138672
Partial simulation consumes time: 0.43426012992858887
Partial simulation consumes time: 0.41129398345947266
Partial simulation consumes time: 0.43352818489074707
Partial simulation consumes time: 0.41371870040893555
Partial simulation consumes time: 0.4123189449310303
Partial simulation consumes time: 0.44220590591430664
Partial simulation consumes time: 0.42569756507873535
Partial simulation consumes time: 0.42421483993530273
Partial simulation consumes time: 0.4106132984161377
Partial simulation consumes time: 0.40886425971984863
Partial simulation consumes time: 0.4204123020172119
Partial simulation consumes time: 0.4016251564025879
Partial simulation consumes time: 0.4432251453399658
Partial simulation consumes time: 0.41825175285339355
Partial simulation consumes time: 0.41461777687072754
Partial simulation consumes time: 0.4010031223297119
Partial simulation consumes time: 0.40963244438171387
Partial simulation consumes time: 0.407595157623291
Partial simulation consumes time: 0.40309786796569824
Partial simulation consumes time: 0.4058835506439209
Partial simulation consumes time: 0.45105767250061035
Partial simulation consumes time: 0.4262819290161133
Partial simulation consumes time: 0.4424905776977539
Partial simulation consumes time: 0.4228861331939697
Partial simulation consumes time: 0.44130706787109375
Partial simulation consumes time: 0.4496731758117676
Partial simulation consumes time: 0.4293992519378662
Partial simulation consumes time: 0.43466782569885254
Partial simulation consumes time: 0.4008305072784424
Partial simulation consumes time: 0.4124929904937744
Partial simulation consumes time: 0.40005946159362793
Partial simulation consumes time: 0.41519999504089355
Partial simulation consumes time: 0.42335939407348633
Partial simulation consumes time: 0.4311549663543701
Partial simulation consumes time: 0.4053225517272949
Partial simulation consumes time: 0.42302846908569336
Partial simulation consumes time: 0.39983105659484863
Partial simulation consumes time: 0.4154376983642578
Partial simulation consumes time: 0.41632699966430664
Partial simulation consumes time: 0.40012025833129883
Partial simulation consumes time: 0.40265417098999023
Partial simulation consumes time: 0.4240877628326416
Partial simulation consumes time: 0.40948009490966797
Partial simulation consumes time: 0.4316725730895996
Partial simulation consumes time: 0.4228065013885498
Partial simulation consumes time: 0.4575011730194092
Partial simulation consumes time: 0.42837047576904297
Partial simulation consumes time: 0.4362449645996094
Partial simulation consumes time: 0.43034911155700684
Partial simulation consumes time: 0.4115474224090576
Partial simulation consumes time: 0.4263882637023926
Partial simulation consumes time: 0.42213940620422363
Partial simulation consumes time: 0.4253201484680176
Partial simulation consumes time: 0.4089624881744385
Partial simulation consumes time: 0.42657971382141113
Partial simulation consumes time: 0.4435102939605713
Partial simulation consumes time: 0.4070870876312256
Partial simulation consumes time: 0.38800859451293945
Partial simulation consumes time: 0.37468481063842773
Partial simulation consumes time: 0.37523627281188965
Partial simulation consumes time: 0.38964033126831055
Partial simulation consumes time: 0.38057732582092285
Partial simulation consumes time: 0.385648250579834
Partial simulation consumes time: 0.3771078586578369
Partial simulation consumes time: 0.4025990962982178
Partial simulation consumes time: 0.38848137855529785
Partial simulation consumes time: 0.39214134216308594
Partial simulation consumes time: 0.367539644241333
Partial simulation consumes time: 0.39734959602355957
Partial simulation consumes time: 0.3699507713317871
Partial simulation consumes time: 0.40315675735473633
Partial simulation consumes time: 0.40244269371032715
Partial simulation consumes time: 0.383544921875
Partial simulation consumes time: 0.3917422294616699
Partial simulation consumes time: 0.36972546577453613
Partial simulation consumes time: 0.38147544860839844
Partial simulation consumes time: 0.39794230461120605
Partial simulation consumes time: 0.3687713146209717
Partial simulation consumes time: 0.37651729583740234
Partial simulation consumes time: 0.38451218605041504
Partial simulation consumes time: 0.3687903881072998
Partial simulation consumes time: 0.3649148941040039
Partial simulation consumes time: 0.3686366081237793
Partial simulation consumes time: 0.38443756103515625
Partial simulation consumes time: 0.38268089294433594
Partial simulation consumes time: 0.3775217533111572
Partial simulation consumes time: 0.39658451080322266
Partial simulation consumes time: 0.36962175369262695
Partial simulation consumes time: 0.4030792713165283
Partial simulation consumes time: 0.3967018127441406
Partial simulation consumes time: 0.3546872138977051
Partial simulation consumes time: 0.3822057247161865
Partial simulation consumes time: 0.38028502464294434
Partial simulation consumes time: 0.3671729564666748
Partial simulation consumes time: 0.37013673782348633
Partial simulation consumes time: 0.40961384773254395
Partial simulation consumes time: 0.38025736808776855
Partial simulation consumes time: 0.38464808464050293
Partial simulation consumes time: 0.39713621139526367
Partial simulation consumes time: 0.39936113357543945
Partial simulation consumes time: 0.36916089057922363
Partial simulation consumes time: 0.37805986404418945
Partial simulation consumes time: 0.38037943840026855
Partial simulation consumes time: 0.38742804527282715
Partial simulation consumes time: 0.37646031379699707
Partial simulation consumes time: 0.40360212326049805
Partial simulation consumes time: 0.41298723220825195
Partial simulation consumes time: 0.3942129611968994
Partial simulation consumes time: 0.38890695571899414
Partial simulation consumes time: 0.3967418670654297
Partial simulation consumes time: 0.3795764446258545
Partial simulation consumes time: 0.3878359794616699
Partial simulation consumes time: 0.38282299041748047
Partial simulation consumes time: 0.38495445251464844
Partial simulation consumes time: 0.3854968547821045
Partial simulation consumes time: 0.3842353820800781
Partial simulation consumes time: 0.3621487617492676
Partial simulation consumes time: 0.36089110374450684
Partial simulation consumes time: 0.3641078472137451
Partial simulation consumes time: 0.39175891876220703
Partial simulation consumes time: 0.399247407913208
Partial simulation consumes time: 0.44889187812805176
Partial simulation consumes time: 0.44527411460876465
Partial simulation consumes time: 0.4527444839477539
Partial simulation consumes time: 0.4573822021484375
Partial simulation consumes time: 0.45219850540161133
Partial simulation consumes time: 0.4556431770324707
Partial simulation consumes time: 0.48349428176879883
Partial simulation consumes time: 0.452700138092041
Partial simulation consumes time: 0.44071459770202637
Partial simulation consumes time: 0.4615793228149414
Partial simulation consumes time: 0.4598236083984375
Partial simulation consumes time: 0.45873355865478516
Partial simulation consumes time: 0.4898989200592041
Partial simulation consumes time: 0.4531269073486328
Partial simulation consumes time: 0.4455552101135254
Partial simulation consumes time: 0.46128249168395996
Partial simulation consumes time: 0.4599263668060303
Partial simulation consumes time: 0.45800185203552246
Partial simulation consumes time: 0.4579455852508545
Partial simulation consumes time: 0.44555068016052246
Partial simulation consumes time: 0.45023131370544434
Partial simulation consumes time: 0.4530808925628662
Partial simulation consumes time: 0.4389493465423584
Partial simulation consumes time: 0.44784021377563477
Partial simulation consumes time: 0.46946096420288086
Partial simulation consumes time: 0.45812296867370605
Partial simulation consumes time: 0.5127286911010742
Partial simulation consumes time: 0.45901942253112793
Partial simulation consumes time: 0.4569554328918457
Partial simulation consumes time: 0.4270763397216797
Partial simulation consumes time: 0.46846985816955566
Partial simulation consumes time: 0.44191837310791016
Partial simulation consumes time: 0.4606969356536865
Partial simulation consumes time: 0.45172595977783203
Partial simulation consumes time: 0.45659685134887695
Partial simulation consumes time: 0.4461231231689453
Partial simulation consumes time: 0.46303892135620117
Partial simulation consumes time: 0.42902255058288574
Partial simulation consumes time: 0.43058037757873535
Partial simulation consumes time: 0.43331336975097656
Partial simulation consumes time: 0.43795037269592285
Partial simulation consumes time: 0.42131924629211426
Partial simulation consumes time: 0.4272935390472412
Partial simulation consumes time: 0.4201359748840332
Partial simulation consumes time: 0.44374775886535645
Partial simulation consumes time: 0.4203193187713623
Partial simulation consumes time: 0.43226194381713867
Partial simulation consumes time: 0.4580874443054199
Partial simulation consumes time: 0.474884033203125
Partial simulation consumes time: 0.488201379776001
Partial simulation consumes time: 0.47783708572387695
Partial simulation consumes time: 0.4603309631347656
Partial simulation consumes time: 0.4577059745788574
Partial simulation consumes time: 0.4955403804779053
Partial simulation consumes time: 0.45432043075561523
Partial simulation consumes time: 0.4469642639160156
Partial simulation consumes time: 0.47123003005981445
Partial simulation consumes time: 0.4414188861846924
Partial simulation consumes time: 0.45830392837524414
Partial simulation consumes time: 0.46036696434020996
Partial simulation consumes time: 0.4381272792816162
Partial simulation consumes time: 0.4691300392150879
Partial simulation consumes time: 0.4334712028503418
Partial simulation consumes time: 0.44989705085754395
Partial simulation consumes time: 0.11315560340881348
Partial simulation consumes time: 0.11962223052978516
Partial simulation consumes time: 0.12531328201293945
Partial simulation consumes time: 0.11729764938354492
Partial simulation consumes time: 0.12006902694702148
Partial simulation consumes time: 0.11818814277648926
Partial simulation consumes time: 0.12345242500305176
Partial simulation consumes time: 0.11942934989929199
Partial simulation consumes time: 0.12237119674682617
Partial simulation consumes time: 0.1193690299987793
Partial simulation consumes time: 0.11706280708312988
Partial simulation consumes time: 0.11759376525878906
Partial simulation consumes time: 0.11975717544555664
Partial simulation consumes time: 0.11469221115112305
Partial simulation consumes time: 0.13454532623291016
Partial simulation consumes time: 0.12030959129333496
Partial simulation consumes time: 0.13948345184326172
Partial simulation consumes time: 0.11871671676635742
Partial simulation consumes time: 0.13590407371520996
Partial simulation consumes time: 0.12932896614074707
Partial simulation consumes time: 0.1340773105621338
Partial simulation consumes time: 0.12629008293151855
Partial simulation consumes time: 0.13784313201904297
Partial simulation consumes time: 0.11844730377197266
Partial simulation consumes time: 0.13371968269348145
Partial simulation consumes time: 0.1186513900756836
Partial simulation consumes time: 0.13420772552490234
Partial simulation consumes time: 0.11793088912963867
Partial simulation consumes time: 0.1395559310913086
Partial simulation consumes time: 0.12488579750061035
Partial simulation consumes time: 0.1386268138885498
Partial simulation consumes time: 0.12781548500061035
Partial simulation consumes time: 0.11984658241271973
Partial simulation consumes time: 0.12960410118103027
Partial simulation consumes time: 0.11692500114440918
Partial simulation consumes time: 0.12344837188720703
Partial simulation consumes time: 0.11907005310058594
Partial simulation consumes time: 0.11923813819885254
Partial simulation consumes time: 0.11962509155273438
Partial simulation consumes time: 0.11723661422729492
Partial simulation consumes time: 0.12017440795898438
Partial simulation consumes time: 0.12188148498535156
Partial simulation consumes time: 0.11743807792663574
Partial simulation consumes time: 0.11907672882080078
Partial simulation consumes time: 0.12239909172058105
Partial simulation consumes time: 0.12052416801452637
Partial simulation consumes time: 0.11797237396240234
Partial simulation consumes time: 0.11901187896728516
Partial simulation consumes time: 0.1341545581817627
Partial simulation consumes time: 0.12155985832214355
Partial simulation consumes time: 0.13898730278015137
Partial simulation consumes time: 0.11984968185424805
Partial simulation consumes time: 0.11880993843078613
Partial simulation consumes time: 0.12158727645874023
Partial simulation consumes time: 0.11684775352478027
Partial simulation consumes time: 0.1177830696105957
Partial simulation consumes time: 0.12290239334106445
Partial simulation consumes time: 0.12661457061767578
Partial simulation consumes time: 0.14339280128479004
Partial simulation consumes time: 0.12984204292297363
Partial simulation consumes time: 0.14643001556396484
Partial simulation consumes time: 0.12958168983459473
Partial simulation consumes time: 0.11866521835327148
Partial simulation consumes time: 0.1203470230102539
Qdao runs:	1233.0364487171173
_initialize	27.31703543663025
_preprocess	268.02637243270874
_postprocess	641.3534977436066
_run	1205.7028439044952
load_sv	267.7285490036011
store_sv	641.3358759880066
Quafu runs:	147.54860925674438
.

================= 1 passed, 9 deselected in 1382.30s (0:23:02) =================
