============================= test session starts ==============================
platform linux -- Python 3.10.6, pytest-7.2.0, pluggy-1.0.0
rootdir: /root/projects/qcs
collected 10 items / 9 deselected / 1 selected

tst/qdao/engine.py 
::::::::::::::::::Config::::::::::::::::::

NQ::	30
NP::	24
NL::	18
D::	27

::::::::::::::::::Config::::::::::::::::::


:::Reusing existing bench:::::/root/projects/qcs/qdao/benchmarks/qasm/random_30_27_max_operands_2_gen.qasm::::::::

Partial simulation consumes time: 1.1923072338104248
Partial simulation consumes time: 0.9905331134796143
Partial simulation consumes time: 1.0031580924987793
Partial simulation consumes time: 1.0008232593536377
Partial simulation consumes time: 0.9779331684112549
Partial simulation consumes time: 0.9840548038482666
Partial simulation consumes time: 1.0040199756622314
Partial simulation consumes time: 0.9861302375793457
Partial simulation consumes time: 0.9897191524505615
Partial simulation consumes time: 0.9996702671051025
Partial simulation consumes time: 0.9973719120025635
Partial simulation consumes time: 0.9867026805877686
Partial simulation consumes time: 0.9822566509246826
Partial simulation consumes time: 1.044614553451538
Partial simulation consumes time: 1.0004124641418457
Partial simulation consumes time: 1.0885050296783447
Partial simulation consumes time: 1.087249994277954
Partial simulation consumes time: 1.093186378479004
Partial simulation consumes time: 1.0942795276641846
Partial simulation consumes time: 1.0905416011810303
Partial simulation consumes time: 1.0952479839324951
Partial simulation consumes time: 1.0962507724761963
Partial simulation consumes time: 1.1020116806030273
Partial simulation consumes time: 0.9290294647216797
Partial simulation consumes time: 0.9608461856842041
Partial simulation consumes time: 0.9357481002807617
Partial simulation consumes time: 0.9344651699066162
Partial simulation consumes time: 0.9446854591369629
Partial simulation consumes time: 0.9601054191589355
Partial simulation consumes time: 0.962446928024292
Partial simulation consumes time: 0.9799249172210693
Partial simulation consumes time: 0.9844450950622559
Partial simulation consumes time: 0.9714705944061279
Partial simulation consumes time: 0.9513263702392578
Partial simulation consumes time: 0.9434261322021484
Partial simulation consumes time: 0.9485089778900146
Partial simulation consumes time: 0.9318358898162842
Partial simulation consumes time: 0.9712555408477783
Partial simulation consumes time: 0.981217622756958
Partial simulation consumes time: 0.9677920341491699
Partial simulation consumes time: 0.9529495239257812
Partial simulation consumes time: 0.9607744216918945
Partial simulation consumes time: 0.9425482749938965
Partial simulation consumes time: 1.0244076251983643
Partial simulation consumes time: 1.0501909255981445
Partial simulation consumes time: 1.0508522987365723
Partial simulation consumes time: 1.0510666370391846
Partial simulation consumes time: 1.049008846282959
Partial simulation consumes time: 1.046422004699707
Partial simulation consumes time: 1.0548732280731201
Partial simulation consumes time: 1.041499137878418
Partial simulation consumes time: 1.0389907360076904
Partial simulation consumes time: 1.0209169387817383
Partial simulation consumes time: 1.0529043674468994
Partial simulation consumes time: 1.0423130989074707
Partial simulation consumes time: 0.9535915851593018
Partial simulation consumes time: 0.9465489387512207
Partial simulation consumes time: 0.9603185653686523
Partial simulation consumes time: 0.9656078815460205
Partial simulation consumes time: 1.094686508178711
Partial simulation consumes time: 1.0297527313232422
Partial simulation consumes time: 0.9402728080749512
Partial simulation consumes time: 0.9506845474243164
Partial simulation consumes time: 0.9710822105407715
Partial simulation consumes time: 0.6047616004943848
Partial simulation consumes time: 0.6083297729492188
Partial simulation consumes time: 0.6741964817047119
Partial simulation consumes time: 0.6048619747161865
Partial simulation consumes time: 0.6095950603485107
Partial simulation consumes time: 0.6076326370239258
Partial simulation consumes time: 0.6133882999420166
Partial simulation consumes time: 0.6195693016052246
Partial simulation consumes time: 0.6107330322265625
Partial simulation consumes time: 0.6152281761169434
Partial simulation consumes time: 0.6276593208312988
Partial simulation consumes time: 0.6257812976837158
Partial simulation consumes time: 0.6143558025360107
Partial simulation consumes time: 0.6124904155731201
Partial simulation consumes time: 0.6300935745239258
Partial simulation consumes time: 0.6267824172973633
Partial simulation consumes time: 0.6106898784637451
Partial simulation consumes time: 0.6389799118041992
Partial simulation consumes time: 0.625464677810669
Partial simulation consumes time: 0.6166284084320068
Partial simulation consumes time: 0.6281177997589111
Partial simulation consumes time: 0.6138067245483398
Partial simulation consumes time: 0.6101503372192383
Partial simulation consumes time: 0.6312904357910156
Partial simulation consumes time: 0.6462445259094238
Partial simulation consumes time: 0.6194159984588623
Partial simulation consumes time: 0.6195671558380127
Partial simulation consumes time: 0.6179394721984863
Partial simulation consumes time: 0.6253316402435303
Partial simulation consumes time: 0.6344749927520752
Partial simulation consumes time: 0.6178367137908936
Partial simulation consumes time: 0.6245565414428711
Partial simulation consumes time: 0.6446981430053711
Partial simulation consumes time: 0.6766538619995117
Partial simulation consumes time: 0.6665613651275635
Partial simulation consumes time: 0.670147180557251
Partial simulation consumes time: 0.6237618923187256
Partial simulation consumes time: 0.6586499214172363
Partial simulation consumes time: 0.6341183185577393
Partial simulation consumes time: 0.6273679733276367
Partial simulation consumes time: 0.6569366455078125
Partial simulation consumes time: 0.6830203533172607
Partial simulation consumes time: 0.6710379123687744
Partial simulation consumes time: 0.6742708683013916
Partial simulation consumes time: 0.6859462261199951
Partial simulation consumes time: 0.680464506149292
Partial simulation consumes time: 0.6864337921142578
Partial simulation consumes time: 0.6718528270721436
Partial simulation consumes time: 0.6854293346405029
Partial simulation consumes time: 0.6922478675842285
Partial simulation consumes time: 0.6819503307342529
Partial simulation consumes time: 0.6820154190063477
Partial simulation consumes time: 0.6950273513793945
Partial simulation consumes time: 0.6851246356964111
Partial simulation consumes time: 0.6763393878936768
Partial simulation consumes time: 0.6774344444274902
Partial simulation consumes time: 0.6867589950561523
Partial simulation consumes time: 0.6723372936248779
Partial simulation consumes time: 0.6211044788360596
Partial simulation consumes time: 0.6422755718231201
Partial simulation consumes time: 0.6391394138336182
Partial simulation consumes time: 0.6477956771850586
Partial simulation consumes time: 0.6559007167816162
Partial simulation consumes time: 0.6411030292510986
Partial simulation consumes time: 0.6122434139251709
Partial simulation consumes time: 0.6393239498138428
Partial simulation consumes time: 0.5679280757904053
Partial simulation consumes time: 0.5668799877166748
Partial simulation consumes time: 0.5529675483703613
Partial simulation consumes time: 0.5653176307678223
Partial simulation consumes time: 0.5479731559753418
Partial simulation consumes time: 0.5576636791229248
Partial simulation consumes time: 0.5687329769134521
Partial simulation consumes time: 0.6808414459228516
Partial simulation consumes time: 0.5841989517211914
Partial simulation consumes time: 0.6555044651031494
Partial simulation consumes time: 0.5596868991851807
Partial simulation consumes time: 0.5450010299682617
Partial simulation consumes time: 0.600679874420166
Partial simulation consumes time: 0.5895359516143799
Partial simulation consumes time: 0.7210237979888916
Partial simulation consumes time: 0.58260178565979
Partial simulation consumes time: 0.6002695560455322
Partial simulation consumes time: 0.5869307518005371
Partial simulation consumes time: 0.5927727222442627
Partial simulation consumes time: 0.6237435340881348
Partial simulation consumes time: 0.6182708740234375
Partial simulation consumes time: 0.6340961456298828
Partial simulation consumes time: 0.5892281532287598
Partial simulation consumes time: 0.60347580909729
Partial simulation consumes time: 0.6802058219909668
Partial simulation consumes time: 0.6212730407714844
Partial simulation consumes time: 0.5991885662078857
Partial simulation consumes time: 0.7055044174194336
Partial simulation consumes time: 0.585963249206543
Partial simulation consumes time: 0.5995497703552246
Partial simulation consumes time: 0.5970385074615479
Partial simulation consumes time: 0.6704788208007812
Partial simulation consumes time: 0.7142064571380615
Partial simulation consumes time: 0.5951614379882812
Partial simulation consumes time: 0.5736494064331055
Partial simulation consumes time: 0.5676724910736084
Partial simulation consumes time: 0.5630972385406494
Partial simulation consumes time: 0.6660335063934326
Partial simulation consumes time: 0.6652445793151855
Partial simulation consumes time: 0.5946719646453857
Partial simulation consumes time: 0.6787242889404297
Partial simulation consumes time: 0.6695325374603271
Partial simulation consumes time: 0.5582256317138672
Partial simulation consumes time: 0.6936869621276855
Partial simulation consumes time: 0.5636401176452637
Partial simulation consumes time: 0.5531229972839355
Partial simulation consumes time: 0.5564713478088379
Partial simulation consumes time: 0.5553405284881592
Partial simulation consumes time: 0.5595312118530273
Partial simulation consumes time: 0.5539040565490723
Partial simulation consumes time: 0.5817203521728516
Partial simulation consumes time: 0.586897611618042
Partial simulation consumes time: 0.5622022151947021
Partial simulation consumes time: 0.5666794776916504
Partial simulation consumes time: 0.5680334568023682
Partial simulation consumes time: 0.5582828521728516
Partial simulation consumes time: 0.5685000419616699
Partial simulation consumes time: 0.5674030780792236
Partial simulation consumes time: 0.5729615688323975
Partial simulation consumes time: 0.5745031833648682
Partial simulation consumes time: 0.5757570266723633
Partial simulation consumes time: 0.5680100917816162
Partial simulation consumes time: 0.5764589309692383
Partial simulation consumes time: 0.5539588928222656
Partial simulation consumes time: 0.5651290416717529
Partial simulation consumes time: 0.5914921760559082
Partial simulation consumes time: 0.5479629039764404
Partial simulation consumes time: 0.5532214641571045
Partial simulation consumes time: 0.6240477561950684
Partial simulation consumes time: 0.6036210060119629
Partial simulation consumes time: 0.54762864112854
Partial simulation consumes time: 0.5941658020019531
Partial simulation consumes time: 0.5577805042266846
Partial simulation consumes time: 0.5956273078918457
Partial simulation consumes time: 0.5546417236328125
Partial simulation consumes time: 0.5506792068481445
Partial simulation consumes time: 0.6327378749847412
Partial simulation consumes time: 0.5699207782745361
Partial simulation consumes time: 0.5605072975158691
Partial simulation consumes time: 0.5964763164520264
Partial simulation consumes time: 0.5489799976348877
Partial simulation consumes time: 0.5632345676422119
Partial simulation consumes time: 0.703977108001709
Partial simulation consumes time: 0.6196722984313965
Partial simulation consumes time: 0.6109306812286377
Partial simulation consumes time: 0.5928201675415039
Partial simulation consumes time: 0.5793547630310059
Partial simulation consumes time: 0.5548083782196045
Partial simulation consumes time: 0.6020808219909668
Partial simulation consumes time: 0.7208313941955566
Partial simulation consumes time: 0.5490844249725342
Partial simulation consumes time: 0.5527050495147705
Partial simulation consumes time: 0.5944280624389648
Partial simulation consumes time: 0.6014199256896973
Partial simulation consumes time: 0.6044750213623047
Partial simulation consumes time: 0.5751640796661377
Partial simulation consumes time: 0.554314374923706
Partial simulation consumes time: 0.5528078079223633
Partial simulation consumes time: 0.5444414615631104
Partial simulation consumes time: 0.5501797199249268
Partial simulation consumes time: 0.6439318656921387
Partial simulation consumes time: 0.5574963092803955
Partial simulation consumes time: 0.5741720199584961
Partial simulation consumes time: 0.5682318210601807
Partial simulation consumes time: 0.5878598690032959
Partial simulation consumes time: 0.5840563774108887
Partial simulation consumes time: 0.5948183536529541
Partial simulation consumes time: 0.571455717086792
Partial simulation consumes time: 0.5662248134613037
Partial simulation consumes time: 0.5456924438476562
Partial simulation consumes time: 0.5360331535339355
Partial simulation consumes time: 0.5569405555725098
Partial simulation consumes time: 0.5511043071746826
Partial simulation consumes time: 0.6138999462127686
Partial simulation consumes time: 0.5702581405639648
Partial simulation consumes time: 0.5864863395690918
Partial simulation consumes time: 0.5670051574707031
Partial simulation consumes time: 0.5964469909667969
Partial simulation consumes time: 0.6222996711730957
Partial simulation consumes time: 0.5593602657318115
Partial simulation consumes time: 0.5469892024993896
Partial simulation consumes time: 0.5441277027130127
Partial simulation consumes time: 0.5681095123291016
Partial simulation consumes time: 0.5796141624450684
Partial simulation consumes time: 0.5669081211090088
Partial simulation consumes time: 0.5566542148590088
Partial simulation consumes time: 0.7052671909332275
Partial simulation consumes time: 0.7041375637054443
Partial simulation consumes time: 0.7091128826141357
Partial simulation consumes time: 0.7194864749908447
Partial simulation consumes time: 0.7312207221984863
Partial simulation consumes time: 0.7242953777313232
Partial simulation consumes time: 0.7436716556549072
Partial simulation consumes time: 0.7596678733825684
Partial simulation consumes time: 0.739476203918457
Partial simulation consumes time: 0.7188987731933594
Partial simulation consumes time: 0.7283802032470703
Partial simulation consumes time: 0.7346312999725342
Partial simulation consumes time: 0.7282693386077881
Partial simulation consumes time: 0.725609302520752
Partial simulation consumes time: 0.7140669822692871
Partial simulation consumes time: 0.7111964225769043
Partial simulation consumes time: 0.7216970920562744
Partial simulation consumes time: 0.712317943572998
Partial simulation consumes time: 0.7307641506195068
Partial simulation consumes time: 0.729058027267456
Partial simulation consumes time: 0.7021849155426025
Partial simulation consumes time: 0.7073204517364502
Partial simulation consumes time: 0.7272202968597412
Partial simulation consumes time: 0.6976525783538818
Partial simulation consumes time: 0.7085299491882324
Partial simulation consumes time: 0.7222301959991455
Partial simulation consumes time: 0.70448899269104
Partial simulation consumes time: 0.7048182487487793
Partial simulation consumes time: 0.7219283580780029
Partial simulation consumes time: 0.7176353931427002
Partial simulation consumes time: 0.7250957489013672
Partial simulation consumes time: 0.7431292533874512
Partial simulation consumes time: 0.7228577136993408
Partial simulation consumes time: 0.6911389827728271
Partial simulation consumes time: 0.7038698196411133
Partial simulation consumes time: 0.6996438503265381
Partial simulation consumes time: 0.6885952949523926
Partial simulation consumes time: 0.715928316116333
Partial simulation consumes time: 0.6974771022796631
Partial simulation consumes time: 0.7136199474334717
Partial simulation consumes time: 0.7251725196838379
Partial simulation consumes time: 0.6764123439788818
Partial simulation consumes time: 0.6823477745056152
Partial simulation consumes time: 0.6733789443969727
Partial simulation consumes time: 0.6956284046173096
Partial simulation consumes time: 0.6844024658203125
Partial simulation consumes time: 0.6861615180969238
Partial simulation consumes time: 0.6801731586456299
Partial simulation consumes time: 0.7152941226959229
Partial simulation consumes time: 0.691054105758667
Partial simulation consumes time: 0.6966118812561035
Partial simulation consumes time: 0.6776363849639893
Partial simulation consumes time: 0.6869933605194092
Partial simulation consumes time: 0.705510139465332
Partial simulation consumes time: 0.7028102874755859
Partial simulation consumes time: 0.6979718208312988
Partial simulation consumes time: 0.7143793106079102
Partial simulation consumes time: 0.7077467441558838
Partial simulation consumes time: 0.6797404289245605
Partial simulation consumes time: 0.7144613265991211
Partial simulation consumes time: 0.7126715183258057
Partial simulation consumes time: 0.6897337436676025
Partial simulation consumes time: 0.6975350379943848
Partial simulation consumes time: 0.7126724720001221
Partial simulation consumes time: 0.4731712341308594
Partial simulation consumes time: 0.4928169250488281
Partial simulation consumes time: 0.47962188720703125
Partial simulation consumes time: 0.5522727966308594
Partial simulation consumes time: 0.49883532524108887
Partial simulation consumes time: 0.5619966983795166
Partial simulation consumes time: 0.5090327262878418
Partial simulation consumes time: 0.6626801490783691
Partial simulation consumes time: 0.6310458183288574
Partial simulation consumes time: 0.5770852565765381
Partial simulation consumes time: 0.6468493938446045
Partial simulation consumes time: 0.6614811420440674
Partial simulation consumes time: 0.5653214454650879
Partial simulation consumes time: 0.5711228847503662
Partial simulation consumes time: 0.5562028884887695
Partial simulation consumes time: 0.599362850189209
Partial simulation consumes time: 0.6106927394866943
Partial simulation consumes time: 0.5731668472290039
Partial simulation consumes time: 0.5837855339050293
Partial simulation consumes time: 0.580482006072998
Partial simulation consumes time: 0.5780923366546631
Partial simulation consumes time: 0.6131954193115234
Partial simulation consumes time: 0.5598773956298828
Partial simulation consumes time: 0.5550997257232666
Partial simulation consumes time: 0.564077615737915
Partial simulation consumes time: 0.5363430976867676
Partial simulation consumes time: 0.5830304622650146
Partial simulation consumes time: 0.5790598392486572
Partial simulation consumes time: 0.610121488571167
Partial simulation consumes time: 0.5838882923126221
Partial simulation consumes time: 0.6145217418670654
Partial simulation consumes time: 0.5471775531768799
Partial simulation consumes time: 0.5406818389892578
Partial simulation consumes time: 0.6239244937896729
Partial simulation consumes time: 0.5674564838409424
Partial simulation consumes time: 0.6068663597106934
Partial simulation consumes time: 0.5329375267028809
Partial simulation consumes time: 0.6211206912994385
Partial simulation consumes time: 0.6100032329559326
Partial simulation consumes time: 0.5879912376403809
Partial simulation consumes time: 0.5438323020935059
Partial simulation consumes time: 0.5324833393096924
Partial simulation consumes time: 0.5803894996643066
Partial simulation consumes time: 0.619525671005249
Partial simulation consumes time: 0.6584277153015137
Partial simulation consumes time: 0.6307837963104248
Partial simulation consumes time: 0.5472540855407715
Partial simulation consumes time: 0.6151061058044434
Partial simulation consumes time: 0.5545299053192139
Partial simulation consumes time: 0.5377914905548096
Partial simulation consumes time: 0.6316978931427002
Partial simulation consumes time: 0.5085370540618896
Partial simulation consumes time: 0.522498607635498
Partial simulation consumes time: 0.5726313591003418
Partial simulation consumes time: 0.5580251216888428
Partial simulation consumes time: 0.5030343532562256
Partial simulation consumes time: 0.5515482425689697
Partial simulation consumes time: 0.4667186737060547
Partial simulation consumes time: 0.586632490158081
Partial simulation consumes time: 0.5210268497467041
Partial simulation consumes time: 0.5513734817504883
Partial simulation consumes time: 0.5145454406738281
Partial simulation consumes time: 0.5595958232879639
Partial simulation consumes time: 0.5264062881469727
Partial simulation consumes time: 1.2502975463867188
Partial simulation consumes time: 1.0558483600616455
Partial simulation consumes time: 1.2958636283874512
Partial simulation consumes time: 0.8936262130737305
Partial simulation consumes time: 1.0612974166870117
Partial simulation consumes time: 0.9446232318878174
Partial simulation consumes time: 1.2503936290740967
Partial simulation consumes time: 0.8858509063720703
Partial simulation consumes time: 1.312028169631958
Partial simulation consumes time: 0.8485918045043945
Partial simulation consumes time: 1.2413737773895264
Partial simulation consumes time: 0.8468773365020752
Partial simulation consumes time: 1.12400221824646
Partial simulation consumes time: 0.843346357345581
Partial simulation consumes time: 1.007063627243042
Partial simulation consumes time: 1.2567822933197021
Partial simulation consumes time: 0.8548779487609863
Partial simulation consumes time: 0.8727452754974365
Partial simulation consumes time: 1.0855739116668701
Partial simulation consumes time: 0.8627746105194092
Partial simulation consumes time: 1.2819135189056396
Partial simulation consumes time: 1.1276848316192627
Partial simulation consumes time: 0.872642993927002
Partial simulation consumes time: 1.2739942073822021
Partial simulation consumes time: 1.211829662322998
Partial simulation consumes time: 1.2336981296539307
Partial simulation consumes time: 0.8482451438903809
Partial simulation consumes time: 0.8634688854217529
Partial simulation consumes time: 1.258202314376831
Partial simulation consumes time: 1.0933372974395752
Partial simulation consumes time: 1.069352388381958
Partial simulation consumes time: 1.2666409015655518
Partial simulation consumes time: 1.2783424854278564
Partial simulation consumes time: 0.9321689605712891
Partial simulation consumes time: 1.101374864578247
Partial simulation consumes time: 1.2970736026763916
Partial simulation consumes time: 0.8526830673217773
Partial simulation consumes time: 0.8641824722290039
Partial simulation consumes time: 1.0465731620788574
Partial simulation consumes time: 1.2595012187957764
Partial simulation consumes time: 0.86545729637146
Partial simulation consumes time: 1.2558884620666504
Partial simulation consumes time: 0.8445448875427246
Partial simulation consumes time: 0.9728438854217529
Partial simulation consumes time: 0.8508772850036621
Partial simulation consumes time: 1.252488374710083
Partial simulation consumes time: 1.0545132160186768
Partial simulation consumes time: 0.8934261798858643
Partial simulation consumes time: 0.8672785758972168
Partial simulation consumes time: 1.244889259338379
Partial simulation consumes time: 1.1801769733428955
Partial simulation consumes time: 0.9907453060150146
Partial simulation consumes time: 1.1881966590881348
Partial simulation consumes time: 1.0249543190002441
Partial simulation consumes time: 1.2255921363830566
Partial simulation consumes time: 1.0484991073608398
Partial simulation consumes time: 1.099196434020996
Partial simulation consumes time: 1.2652759552001953
Partial simulation consumes time: 1.108808994293213
Partial simulation consumes time: 1.2621610164642334
Partial simulation consumes time: 1.232100486755371
Partial simulation consumes time: 1.247861623764038
Partial simulation consumes time: 0.8691823482513428
Partial simulation consumes time: 0.8379354476928711
Partial simulation consumes time: 0.5254695415496826
Partial simulation consumes time: 0.5284733772277832
Partial simulation consumes time: 0.547595739364624
Partial simulation consumes time: 0.5441126823425293
Partial simulation consumes time: 0.529674768447876
Partial simulation consumes time: 0.5540895462036133
Partial simulation consumes time: 0.5327730178833008
Partial simulation consumes time: 0.5511243343353271
Partial simulation consumes time: 0.5611171722412109
Partial simulation consumes time: 0.5650537014007568
Partial simulation consumes time: 0.5708255767822266
Partial simulation consumes time: 0.574312686920166
Partial simulation consumes time: 0.5247049331665039
Partial simulation consumes time: 0.553537130355835
Partial simulation consumes time: 0.5630717277526855
Partial simulation consumes time: 0.5381038188934326
Partial simulation consumes time: 0.5342245101928711
Partial simulation consumes time: 0.5312087535858154
Partial simulation consumes time: 0.5525107383728027
Partial simulation consumes time: 0.5716085433959961
Partial simulation consumes time: 0.5561585426330566
Partial simulation consumes time: 0.5422983169555664
Partial simulation consumes time: 0.5502109527587891
Partial simulation consumes time: 0.5409805774688721
Partial simulation consumes time: 0.5510952472686768
Partial simulation consumes time: 0.5368635654449463
Partial simulation consumes time: 0.5474474430084229
Partial simulation consumes time: 0.5460522174835205
Partial simulation consumes time: 0.5469062328338623
Partial simulation consumes time: 0.5391051769256592
Partial simulation consumes time: 0.5348649024963379
Partial simulation consumes time: 0.5424542427062988
Partial simulation consumes time: 0.5284316539764404
Partial simulation consumes time: 0.5324101448059082
Partial simulation consumes time: 0.5321290493011475
Partial simulation consumes time: 0.5370864868164062
Partial simulation consumes time: 0.534264087677002
Partial simulation consumes time: 0.5390770435333252
Partial simulation consumes time: 0.5317826271057129
Partial simulation consumes time: 0.5295567512512207
Partial simulation consumes time: 0.5220849514007568
Partial simulation consumes time: 0.5226163864135742
Partial simulation consumes time: 0.526068925857544
Partial simulation consumes time: 0.6190698146820068
Partial simulation consumes time: 0.5314836502075195
Partial simulation consumes time: 0.5388720035552979
Partial simulation consumes time: 0.5361464023590088
Partial simulation consumes time: 0.5428199768066406
Partial simulation consumes time: 0.5364329814910889
Partial simulation consumes time: 0.5322520732879639
Partial simulation consumes time: 0.5630002021789551
Partial simulation consumes time: 0.5514192581176758
Partial simulation consumes time: 0.5336129665374756
Partial simulation consumes time: 0.5513060092926025
Partial simulation consumes time: 0.5520572662353516
Partial simulation consumes time: 0.5321643352508545
Partial simulation consumes time: 0.5404746532440186
Partial simulation consumes time: 0.5399425029754639
Partial simulation consumes time: 0.572833776473999
Partial simulation consumes time: 0.5512757301330566
Partial simulation consumes time: 0.5580756664276123
Partial simulation consumes time: 0.5636048316955566
Partial simulation consumes time: 0.5584821701049805
Partial simulation consumes time: 0.5670256614685059
Partial simulation consumes time: 1.299882173538208
Partial simulation consumes time: 1.0352694988250732
Partial simulation consumes time: 1.0572235584259033
Partial simulation consumes time: 1.0443799495697021
Partial simulation consumes time: 1.258584976196289
Partial simulation consumes time: 1.0754234790802002
Partial simulation consumes time: 1.2779526710510254
Partial simulation consumes time: 1.033780813217163
Partial simulation consumes time: 1.0450611114501953
Partial simulation consumes time: 1.0587303638458252
Partial simulation consumes time: 1.1308629512786865
Partial simulation consumes time: 1.2095963954925537
Partial simulation consumes time: 1.0294318199157715
Partial simulation consumes time: 1.0428528785705566
Partial simulation consumes time: 1.033571720123291
Partial simulation consumes time: 1.2010700702667236
Partial simulation consumes time: 1.0410871505737305
Partial simulation consumes time: 1.1448442935943604
Partial simulation consumes time: 1.0181169509887695
Partial simulation consumes time: 1.0531744956970215
Partial simulation consumes time: 1.0505380630493164
Partial simulation consumes time: 1.1187145709991455
Partial simulation consumes time: 1.0206124782562256
Partial simulation consumes time: 1.1534206867218018
Partial simulation consumes time: 1.0183329582214355
Partial simulation consumes time: 1.017519474029541
Partial simulation consumes time: 1.0622572898864746
Partial simulation consumes time: 1.0405995845794678
Partial simulation consumes time: 1.0600345134735107
Partial simulation consumes time: 1.0315992832183838
Partial simulation consumes time: 1.0231497287750244
Partial simulation consumes time: 1.2685635089874268
Partial simulation consumes time: 1.0421395301818848
Partial simulation consumes time: 1.2663094997406006
Partial simulation consumes time: 1.04378080368042
Partial simulation consumes time: 1.2021903991699219
Partial simulation consumes time: 1.0498309135437012
Partial simulation consumes time: 1.036512851715088
Partial simulation consumes time: 1.039433479309082
Partial simulation consumes time: 1.0376842021942139
Partial simulation consumes time: 1.037919521331787
Partial simulation consumes time: 1.035264253616333
Partial simulation consumes time: 1.0505142211914062
Partial simulation consumes time: 1.041696548461914
Partial simulation consumes time: 1.0539581775665283
Partial simulation consumes time: 1.0434699058532715
Partial simulation consumes time: 1.046572208404541
Partial simulation consumes time: 1.2349534034729004
Partial simulation consumes time: 1.1309010982513428
Partial simulation consumes time: 1.0262904167175293
Partial simulation consumes time: 1.0274412631988525
Partial simulation consumes time: 1.0400586128234863
Partial simulation consumes time: 1.049654245376587
Partial simulation consumes time: 1.0686898231506348
Partial simulation consumes time: 1.0610074996948242
Partial simulation consumes time: 1.0364634990692139
Partial simulation consumes time: 1.0434422492980957
Partial simulation consumes time: 1.2079558372497559
Partial simulation consumes time: 1.0247251987457275
Partial simulation consumes time: 1.2126331329345703
Partial simulation consumes time: 1.0403568744659424
Partial simulation consumes time: 1.0286831855773926
Partial simulation consumes time: 1.0485332012176514
Partial simulation consumes time: 1.0272459983825684
Partial simulation consumes time: 0.8729822635650635
Partial simulation consumes time: 1.1548638343811035
Partial simulation consumes time: 0.8536062240600586
Partial simulation consumes time: 0.8822021484375
Partial simulation consumes time: 0.8499283790588379
Partial simulation consumes time: 0.8649582862854004
Partial simulation consumes time: 0.8698227405548096
Partial simulation consumes time: 0.8683397769927979
Partial simulation consumes time: 1.181173324584961
Partial simulation consumes time: 1.2381353378295898
Partial simulation consumes time: 0.8679080009460449
Partial simulation consumes time: 1.1720778942108154
Partial simulation consumes time: 1.232492446899414
Partial simulation consumes time: 0.8670837879180908
Partial simulation consumes time: 0.8826966285705566
Partial simulation consumes time: 0.866624116897583
Partial simulation consumes time: 1.2313804626464844
Partial simulation consumes time: 0.868408203125
Partial simulation consumes time: 0.8734545707702637
Partial simulation consumes time: 1.2214617729187012
Partial simulation consumes time: 0.885324239730835
Partial simulation consumes time: 0.8715105056762695
Partial simulation consumes time: 0.8827865123748779
Partial simulation consumes time: 0.8717038631439209
Partial simulation consumes time: 1.1631557941436768
Partial simulation consumes time: 0.9011833667755127
Partial simulation consumes time: 0.8625538349151611
Partial simulation consumes time: 0.8722777366638184
Partial simulation consumes time: 0.8818345069885254
Partial simulation consumes time: 0.9232912063598633
Partial simulation consumes time: 0.8800382614135742
Partial simulation consumes time: 0.8868067264556885
Partial simulation consumes time: 0.877709150314331
Partial simulation consumes time: 0.9487416744232178
Partial simulation consumes time: 0.8776004314422607
Partial simulation consumes time: 0.889751672744751
Partial simulation consumes time: 1.2727150917053223
Partial simulation consumes time: 0.8964645862579346
Partial simulation consumes time: 0.8894839286804199
Partial simulation consumes time: 1.19801664352417
Partial simulation consumes time: 0.8765285015106201
Partial simulation consumes time: 0.8863732814788818
Partial simulation consumes time: 0.8776483535766602
Partial simulation consumes time: 1.1709461212158203
Partial simulation consumes time: 0.8850953578948975
Partial simulation consumes time: 0.9561216831207275
Partial simulation consumes time: 0.9120512008666992
Partial simulation consumes time: 0.9016463756561279
Partial simulation consumes time: 1.1704254150390625
Partial simulation consumes time: 0.9218628406524658
Partial simulation consumes time: 1.024829626083374
Partial simulation consumes time: 0.8678112030029297
Partial simulation consumes time: 0.8521790504455566
Partial simulation consumes time: 0.8709802627563477
Partial simulation consumes time: 0.8727233409881592
Partial simulation consumes time: 0.8651392459869385
Partial simulation consumes time: 1.2052366733551025
Partial simulation consumes time: 0.8884720802307129
Partial simulation consumes time: 0.8742010593414307
Partial simulation consumes time: 0.8808650970458984
Partial simulation consumes time: 0.8934669494628906
Partial simulation consumes time: 1.1847872734069824
Partial simulation consumes time: 1.2532641887664795
Partial simulation consumes time: 0.8767480850219727
Partial simulation consumes time: 0.51759934425354
Partial simulation consumes time: 0.5387880802154541
Partial simulation consumes time: 0.5257091522216797
Partial simulation consumes time: 0.5243031978607178
Partial simulation consumes time: 0.5248873233795166
Partial simulation consumes time: 0.5208015441894531
Partial simulation consumes time: 0.5289115905761719
Partial simulation consumes time: 0.5325984954833984
Partial simulation consumes time: 0.5165696144104004
Partial simulation consumes time: 0.5170648097991943
Partial simulation consumes time: 0.5237445831298828
Partial simulation consumes time: 0.515986442565918
Partial simulation consumes time: 0.5093133449554443
Partial simulation consumes time: 0.5219371318817139
Partial simulation consumes time: 0.5136935710906982
Partial simulation consumes time: 0.5136222839355469
Partial simulation consumes time: 0.5127506256103516
Partial simulation consumes time: 0.5202429294586182
Partial simulation consumes time: 0.5245752334594727
Partial simulation consumes time: 0.5193047523498535
Partial simulation consumes time: 0.5257282257080078
Partial simulation consumes time: 0.5392129421234131
Partial simulation consumes time: 0.5325126647949219
Partial simulation consumes time: 0.522862434387207
Partial simulation consumes time: 0.5230820178985596
Partial simulation consumes time: 0.5610315799713135
Partial simulation consumes time: 0.5347177982330322
Partial simulation consumes time: 0.5310885906219482
Partial simulation consumes time: 0.5335185527801514
Partial simulation consumes time: 0.5383594036102295
Partial simulation consumes time: 0.5258662700653076
Partial simulation consumes time: 0.5410468578338623
Partial simulation consumes time: 0.5432868003845215
Partial simulation consumes time: 0.5328388214111328
Partial simulation consumes time: 0.5333988666534424
Partial simulation consumes time: 0.5346157550811768
Partial simulation consumes time: 0.5544140338897705
Partial simulation consumes time: 0.5346410274505615
Partial simulation consumes time: 0.5431044101715088
Partial simulation consumes time: 0.5354793071746826
Partial simulation consumes time: 0.5268599987030029
Partial simulation consumes time: 0.559805154800415
Partial simulation consumes time: 0.5309722423553467
Partial simulation consumes time: 0.5303261280059814
Partial simulation consumes time: 0.5309610366821289
Partial simulation consumes time: 0.5367982387542725
Partial simulation consumes time: 0.5251133441925049
Partial simulation consumes time: 0.5353448390960693
Partial simulation consumes time: 0.5452628135681152
Partial simulation consumes time: 0.5369021892547607
Partial simulation consumes time: 0.5389964580535889
Partial simulation consumes time: 0.5361988544464111
Partial simulation consumes time: 0.528376579284668
Partial simulation consumes time: 0.5491907596588135
Partial simulation consumes time: 0.5366854667663574
Partial simulation consumes time: 0.5447998046875
Partial simulation consumes time: 0.5598862171173096
Partial simulation consumes time: 0.49225592613220215
Partial simulation consumes time: 0.5200557708740234
Partial simulation consumes time: 0.5172712802886963
Partial simulation consumes time: 0.4933202266693115
Partial simulation consumes time: 0.493180513381958
Partial simulation consumes time: 0.4946286678314209
Partial simulation consumes time: 0.4928288459777832
Partial simulation consumes time: 0.525592565536499
Partial simulation consumes time: 0.5263755321502686
Partial simulation consumes time: 0.5235943794250488
Partial simulation consumes time: 0.5446417331695557
Partial simulation consumes time: 0.5508067607879639
Partial simulation consumes time: 0.5405395030975342
Partial simulation consumes time: 0.5483987331390381
Partial simulation consumes time: 0.5475542545318604
Partial simulation consumes time: 0.5432207584381104
Partial simulation consumes time: 0.5364201068878174
Partial simulation consumes time: 0.5286548137664795
Partial simulation consumes time: 0.5228259563446045
Partial simulation consumes time: 0.5314521789550781
Partial simulation consumes time: 0.5234358310699463
Partial simulation consumes time: 0.5217623710632324
Partial simulation consumes time: 0.5468268394470215
Partial simulation consumes time: 0.5438857078552246
Partial simulation consumes time: 0.5467166900634766
Partial simulation consumes time: 0.5459563732147217
Partial simulation consumes time: 0.6849355697631836
Partial simulation consumes time: 0.5273053646087646
Partial simulation consumes time: 0.5238075256347656
Partial simulation consumes time: 0.541144847869873
Partial simulation consumes time: 0.5226821899414062
Partial simulation consumes time: 0.521648645401001
Partial simulation consumes time: 0.5328848361968994
Partial simulation consumes time: 0.5333728790283203
Partial simulation consumes time: 0.5274806022644043
Partial simulation consumes time: 0.5530033111572266
Partial simulation consumes time: 0.5566213130950928
Partial simulation consumes time: 0.5292856693267822
Partial simulation consumes time: 0.6376748085021973
Partial simulation consumes time: 0.6630921363830566
Partial simulation consumes time: 0.5486841201782227
Partial simulation consumes time: 0.5352752208709717
Partial simulation consumes time: 0.5432648658752441
Partial simulation consumes time: 0.542771577835083
Partial simulation consumes time: 0.5289885997772217
Partial simulation consumes time: 0.5444004535675049
Partial simulation consumes time: 0.5433223247528076
Partial simulation consumes time: 0.6305544376373291
Partial simulation consumes time: 0.548508882522583
Partial simulation consumes time: 0.5419540405273438
Partial simulation consumes time: 0.5414583683013916
Partial simulation consumes time: 0.5565662384033203
Partial simulation consumes time: 0.544348955154419
Partial simulation consumes time: 0.5324883460998535
Partial simulation consumes time: 0.5343289375305176
Partial simulation consumes time: 0.542210578918457
Partial simulation consumes time: 0.5508341789245605
Partial simulation consumes time: 0.5617775917053223
Partial simulation consumes time: 0.5478119850158691
Partial simulation consumes time: 0.5513136386871338
Partial simulation consumes time: 0.5437052249908447
Partial simulation consumes time: 0.5556540489196777
Partial simulation consumes time: 0.5502750873565674
Partial simulation consumes time: 0.5495266914367676
Partial simulation consumes time: 0.5353724956512451
Partial simulation consumes time: 0.5410594940185547
Partial simulation consumes time: 0.5401146411895752
Partial simulation consumes time: 0.5333242416381836
Partial simulation consumes time: 0.5282859802246094
Partial simulation consumes time: 0.5547378063201904
Partial simulation consumes time: 0.526259183883667
Partial simulation consumes time: 0.3849458694458008
Partial simulation consumes time: 0.45962071418762207
Partial simulation consumes time: 0.42359209060668945
Partial simulation consumes time: 0.41312384605407715
Partial simulation consumes time: 0.43914055824279785
Partial simulation consumes time: 0.46402668952941895
Partial simulation consumes time: 0.4160735607147217
Partial simulation consumes time: 0.4736156463623047
Partial simulation consumes time: 0.4001288414001465
Partial simulation consumes time: 0.45299243927001953
Partial simulation consumes time: 0.40407681465148926
Partial simulation consumes time: 0.45911574363708496
Partial simulation consumes time: 0.43443846702575684
Partial simulation consumes time: 0.4041593074798584
Partial simulation consumes time: 0.44362688064575195
Partial simulation consumes time: 0.4353516101837158
Partial simulation consumes time: 0.42151880264282227
Partial simulation consumes time: 0.4450254440307617
Partial simulation consumes time: 0.44112348556518555
Partial simulation consumes time: 0.41557788848876953
Partial simulation consumes time: 0.4332094192504883
Partial simulation consumes time: 0.4555685520172119
Partial simulation consumes time: 0.4284706115722656
Partial simulation consumes time: 0.413097620010376
Partial simulation consumes time: 0.42357373237609863
Partial simulation consumes time: 0.39116954803466797
Partial simulation consumes time: 0.46778035163879395
Partial simulation consumes time: 0.4226982593536377
Partial simulation consumes time: 0.44879150390625
Partial simulation consumes time: 0.42458295822143555
Partial simulation consumes time: 0.39443111419677734
Partial simulation consumes time: 0.41739392280578613
Partial simulation consumes time: 0.47376108169555664
Partial simulation consumes time: 0.4108302593231201
Partial simulation consumes time: 0.39162302017211914
Partial simulation consumes time: 0.4520881175994873
Partial simulation consumes time: 0.4031846523284912
Partial simulation consumes time: 0.44145965576171875
Partial simulation consumes time: 0.41876888275146484
Partial simulation consumes time: 0.42534327507019043
Partial simulation consumes time: 0.41152238845825195
Partial simulation consumes time: 0.4709453582763672
Partial simulation consumes time: 0.4179065227508545
Partial simulation consumes time: 0.43586158752441406
Partial simulation consumes time: 0.39403390884399414
Partial simulation consumes time: 0.3702535629272461
Partial simulation consumes time: 0.426680326461792
Partial simulation consumes time: 0.3944993019104004
Partial simulation consumes time: 0.3684513568878174
Partial simulation consumes time: 0.3685145378112793
Partial simulation consumes time: 0.4396250247955322
Partial simulation consumes time: 0.4103102684020996
Partial simulation consumes time: 0.3808126449584961
Partial simulation consumes time: 0.38765835762023926
Partial simulation consumes time: 0.4072597026824951
Partial simulation consumes time: 0.4315361976623535
Partial simulation consumes time: 0.36507749557495117
Partial simulation consumes time: 0.37186646461486816
Partial simulation consumes time: 0.39560794830322266
Partial simulation consumes time: 0.45316553115844727
Partial simulation consumes time: 0.37554454803466797
Partial simulation consumes time: 0.3744018077850342
Partial simulation consumes time: 0.38396525382995605
Partial simulation consumes time: 0.4079477787017822
Partial simulation consumes time: 0.9719493389129639
Partial simulation consumes time: 0.9639301300048828
Partial simulation consumes time: 0.950300931930542
Partial simulation consumes time: 0.9579880237579346
Partial simulation consumes time: 0.9544847011566162
Partial simulation consumes time: 0.9520726203918457
Partial simulation consumes time: 0.9476473331451416
Partial simulation consumes time: 0.963491678237915
Partial simulation consumes time: 0.9626975059509277
Partial simulation consumes time: 0.9639554023742676
Partial simulation consumes time: 0.9892380237579346
Partial simulation consumes time: 0.9553709030151367
Partial simulation consumes time: 0.9934499263763428
Partial simulation consumes time: 0.9718179702758789
Partial simulation consumes time: 0.9944891929626465
Partial simulation consumes time: 0.993480920791626
Partial simulation consumes time: 0.9903123378753662
Partial simulation consumes time: 0.9805891513824463
Partial simulation consumes time: 1.0034575462341309
Partial simulation consumes time: 0.9898087978363037
Partial simulation consumes time: 0.9988968372344971
Partial simulation consumes time: 0.9817936420440674
Partial simulation consumes time: 0.9820263385772705
Partial simulation consumes time: 0.9796700477600098
Partial simulation consumes time: 0.9883651733398438
Partial simulation consumes time: 0.9703488349914551
Partial simulation consumes time: 0.9884414672851562
Partial simulation consumes time: 0.9841177463531494
Partial simulation consumes time: 0.9788734912872314
Partial simulation consumes time: 0.986943244934082
Partial simulation consumes time: 0.9810278415679932
Partial simulation consumes time: 0.9745421409606934
Partial simulation consumes time: 0.9794783592224121
Partial simulation consumes time: 0.9767410755157471
Partial simulation consumes time: 0.9911797046661377
Partial simulation consumes time: 0.9768028259277344
Partial simulation consumes time: 0.9869613647460938
Partial simulation consumes time: 0.9861094951629639
Partial simulation consumes time: 0.9746496677398682
Partial simulation consumes time: 0.9844765663146973
Partial simulation consumes time: 0.9659709930419922
Partial simulation consumes time: 1.5093042850494385
Partial simulation consumes time: 1.0042812824249268
Partial simulation consumes time: 0.981316328048706
Partial simulation consumes time: 0.9856348037719727
Partial simulation consumes time: 0.9891037940979004
Partial simulation consumes time: 0.9803450107574463
Partial simulation consumes time: 1.0152990818023682
Partial simulation consumes time: 1.0024361610412598
Partial simulation consumes time: 1.0597045421600342
Partial simulation consumes time: 1.057417869567871
Partial simulation consumes time: 1.0296525955200195
Partial simulation consumes time: 1.0212998390197754
Partial simulation consumes time: 1.0400059223175049
Partial simulation consumes time: 1.0303659439086914
Partial simulation consumes time: 1.0315067768096924
Partial simulation consumes time: 1.0695388317108154
Partial simulation consumes time: 1.0329363346099854
Partial simulation consumes time: 1.0252606868743896
Partial simulation consumes time: 1.0292129516601562
Partial simulation consumes time: 1.0175292491912842
Partial simulation consumes time: 1.0343830585479736
Partial simulation consumes time: 1.0084922313690186
Partial simulation consumes time: 1.017437219619751
Partial simulation consumes time: 1.156919240951538
Partial simulation consumes time: 1.2315301895141602
Partial simulation consumes time: 1.1344678401947021
Partial simulation consumes time: 1.2028343677520752
Partial simulation consumes time: 1.0451157093048096
Partial simulation consumes time: 1.1170568466186523
Partial simulation consumes time: 1.1297674179077148
Partial simulation consumes time: 1.2333934307098389
Partial simulation consumes time: 1.1531071662902832
Partial simulation consumes time: 1.152949571609497
Partial simulation consumes time: 1.1990156173706055
Partial simulation consumes time: 1.1578986644744873
Partial simulation consumes time: 0.8786671161651611
Partial simulation consumes time: 1.1428351402282715
Partial simulation consumes time: 0.8877553939819336
Partial simulation consumes time: 0.8975727558135986
Partial simulation consumes time: 0.9726066589355469
Partial simulation consumes time: 1.1587562561035156
Partial simulation consumes time: 1.1677775382995605
Partial simulation consumes time: 1.0848393440246582
Partial simulation consumes time: 1.0198907852172852
Partial simulation consumes time: 0.8458867073059082
Partial simulation consumes time: 1.2631943225860596
Partial simulation consumes time: 0.8815500736236572
Partial simulation consumes time: 1.1228368282318115
Partial simulation consumes time: 0.9074890613555908
Partial simulation consumes time: 1.0372047424316406
Partial simulation consumes time: 0.8662230968475342
Partial simulation consumes time: 0.8586719036102295
Partial simulation consumes time: 1.162569284439087
Partial simulation consumes time: 1.1910336017608643
Partial simulation consumes time: 0.8539505004882812
Partial simulation consumes time: 1.1967864036560059
Partial simulation consumes time: 0.947185754776001
Partial simulation consumes time: 1.1988773345947266
Partial simulation consumes time: 1.216529369354248
Partial simulation consumes time: 1.1255087852478027
Partial simulation consumes time: 1.2112340927124023
Partial simulation consumes time: 1.0473127365112305
Partial simulation consumes time: 1.171617031097412
Partial simulation consumes time: 0.9840972423553467
Partial simulation consumes time: 1.1872305870056152
Partial simulation consumes time: 0.8801021575927734
Partial simulation consumes time: 1.072462797164917
Partial simulation consumes time: 1.2337522506713867
Partial simulation consumes time: 1.1345469951629639
Partial simulation consumes time: 0.9960119724273682
Partial simulation consumes time: 1.124492883682251
Partial simulation consumes time: 1.2094368934631348
Partial simulation consumes time: 0.8766088485717773
Partial simulation consumes time: 0.8769097328186035
Partial simulation consumes time: 0.9014749526977539
Partial simulation consumes time: 1.1441576480865479
Partial simulation consumes time: 0.969080924987793
Partial simulation consumes time: 0.8889219760894775
Partial simulation consumes time: 1.1206586360931396
Partial simulation consumes time: 0.948962926864624
Partial simulation consumes time: 0.848860502243042
Partial simulation consumes time: 0.9286360740661621
Partial simulation consumes time: 0.9480743408203125
Partial simulation consumes time: 1.049912452697754
Partial simulation consumes time: 0.8790872097015381
Partial simulation consumes time: 1.0347328186035156
Partial simulation consumes time: 1.126988172531128
Partial simulation consumes time: 0.28395843505859375
Partial simulation consumes time: 0.2769813537597656
Partial simulation consumes time: 0.44087862968444824
Partial simulation consumes time: 0.27766966819763184
Partial simulation consumes time: 0.4389157295227051
Partial simulation consumes time: 0.36497998237609863
Partial simulation consumes time: 0.44577550888061523
Partial simulation consumes time: 0.29069089889526367
Partial simulation consumes time: 0.46965622901916504
Partial simulation consumes time: 0.4573221206665039
Partial simulation consumes time: 0.4928417205810547
Partial simulation consumes time: 0.44205546379089355
Partial simulation consumes time: 0.2823367118835449
Partial simulation consumes time: 0.3225562572479248
Partial simulation consumes time: 0.2821006774902344
Partial simulation consumes time: 0.4527111053466797
Partial simulation consumes time: 0.2806828022003174
Partial simulation consumes time: 0.31601715087890625
Partial simulation consumes time: 0.2864987850189209
Partial simulation consumes time: 0.4588651657104492
Partial simulation consumes time: 0.28305840492248535
Partial simulation consumes time: 0.493607759475708
Partial simulation consumes time: 0.4487435817718506
Partial simulation consumes time: 0.2847425937652588
Partial simulation consumes time: 0.4522223472595215
Partial simulation consumes time: 0.38900136947631836
Partial simulation consumes time: 0.27156567573547363
Partial simulation consumes time: 0.2745504379272461
Partial simulation consumes time: 0.26867246627807617
Partial simulation consumes time: 0.27102088928222656
Partial simulation consumes time: 0.4853627681732178
Partial simulation consumes time: 0.26690030097961426
Partial simulation consumes time: 0.3741035461425781
Partial simulation consumes time: 0.2673819065093994
Partial simulation consumes time: 0.2691481113433838
Partial simulation consumes time: 0.29761743545532227
Partial simulation consumes time: 0.2699096202850342
Partial simulation consumes time: 0.268115758895874
Partial simulation consumes time: 0.4748070240020752
Partial simulation consumes time: 0.29581141471862793
Partial simulation consumes time: 0.4297053813934326
Partial simulation consumes time: 0.2643167972564697
Partial simulation consumes time: 0.30177927017211914
Partial simulation consumes time: 0.26982927322387695
Partial simulation consumes time: 0.43265509605407715
Partial simulation consumes time: 0.2992887496948242
Partial simulation consumes time: 0.4361751079559326
Partial simulation consumes time: 0.2721896171569824
Partial simulation consumes time: 0.26864123344421387
Partial simulation consumes time: 0.26590514183044434
Partial simulation consumes time: 0.4360344409942627
Partial simulation consumes time: 0.2676408290863037
Partial simulation consumes time: 0.43797993659973145
Partial simulation consumes time: 0.2710082530975342
Partial simulation consumes time: 0.4249405860900879
Partial simulation consumes time: 0.44559621810913086
Partial simulation consumes time: 0.29451560974121094
Partial simulation consumes time: 0.4416964054107666
Partial simulation consumes time: 0.278545618057251
Partial simulation consumes time: 0.3926372528076172
Partial simulation consumes time: 0.44193387031555176
Partial simulation consumes time: 0.274829626083374
Partial simulation consumes time: 0.2731003761291504
Partial simulation consumes time: 0.4281764030456543
Partial simulation consumes time: 0.21385574340820312
Partial simulation consumes time: 0.423602819442749
Partial simulation consumes time: 0.23313546180725098
Partial simulation consumes time: 0.368084192276001
Partial simulation consumes time: 0.21057748794555664
Partial simulation consumes time: 0.22795963287353516
Partial simulation consumes time: 0.22364163398742676
Partial simulation consumes time: 0.22306346893310547
Partial simulation consumes time: 0.43510007858276367
Partial simulation consumes time: 0.41826796531677246
Partial simulation consumes time: 0.25806760787963867
Partial simulation consumes time: 0.23046660423278809
Partial simulation consumes time: 0.2277827262878418
Partial simulation consumes time: 0.2224428653717041
Partial simulation consumes time: 0.22911930084228516
Partial simulation consumes time: 0.41056323051452637
Partial simulation consumes time: 0.2192995548248291
Partial simulation consumes time: 0.21445345878601074
Partial simulation consumes time: 0.3750112056732178
Partial simulation consumes time: 0.45137858390808105
Partial simulation consumes time: 0.23348522186279297
Partial simulation consumes time: 0.22994780540466309
Partial simulation consumes time: 0.22500085830688477
Partial simulation consumes time: 0.2151496410369873
Partial simulation consumes time: 0.22388291358947754
Partial simulation consumes time: 0.22875666618347168
Partial simulation consumes time: 0.23148059844970703
Partial simulation consumes time: 0.37708568572998047
Partial simulation consumes time: 0.3286769390106201
Partial simulation consumes time: 0.23224210739135742
Partial simulation consumes time: 0.4046363830566406
Partial simulation consumes time: 0.2287437915802002
Partial simulation consumes time: 0.37537050247192383
Partial simulation consumes time: 0.227705717086792
Partial simulation consumes time: 0.3880958557128906
Partial simulation consumes time: 0.23370718955993652
Partial simulation consumes time: 0.41881632804870605
Partial simulation consumes time: 0.23015117645263672
Partial simulation consumes time: 0.22631478309631348
Partial simulation consumes time: 0.22478914260864258
Partial simulation consumes time: 0.21819472312927246
Partial simulation consumes time: 0.3661963939666748
Partial simulation consumes time: 0.23209452629089355
Partial simulation consumes time: 0.22810745239257812
Partial simulation consumes time: 0.21805095672607422
Partial simulation consumes time: 0.22733449935913086
Partial simulation consumes time: 0.23282194137573242
Partial simulation consumes time: 0.40476512908935547
Partial simulation consumes time: 0.22850894927978516
Partial simulation consumes time: 0.22923612594604492
Partial simulation consumes time: 0.22055435180664062
Partial simulation consumes time: 0.4240224361419678
Partial simulation consumes time: 0.45717477798461914
Partial simulation consumes time: 0.3916020393371582
Partial simulation consumes time: 0.22635221481323242
Partial simulation consumes time: 0.3207519054412842
Partial simulation consumes time: 0.22113680839538574
Partial simulation consumes time: 0.39493322372436523
Partial simulation consumes time: 0.43996310234069824
Partial simulation consumes time: 0.3089616298675537
Partial simulation consumes time: 0.22736024856567383
Partial simulation consumes time: 0.22362232208251953
Partial simulation consumes time: 0.22141146659851074
Partial simulation consumes time: 0.2303142547607422
Qdao runs:	1889.6167905330658
_initialize	100.61253666877747
_preprocess	97.40716171264648
_postprocess	926.836847782135
_run	1788.984787940979
load_sv	97.0232162475586
store_sv	926.8151104450226
Quafu runs:	696.6212668418884
.

================= 1 passed, 9 deselected in 2589.04s (0:43:09) =================
