============================= test session starts ==============================
platform linux -- Python 3.10.6, pytest-7.2.0, pluggy-1.0.0
rootdir: /root/projects/qcs
collected 10 items / 9 deselected / 1 selected

tst/qdao/engine.py 
::::::::::::::::::Config::::::::::::::::::

NQ::	30
NP::	24
NL::	14
D::	27

::::::::::::::::::Config::::::::::::::::::


:::Reusing existing bench:::::/root/projects/qcs/qdao/benchmarks/qasm/random_30_27_max_operands_2_gen.qasm::::::::

Partial simulation consumes time: 1.6810574531555176
Partial simulation consumes time: 1.6548173427581787
Partial simulation consumes time: 1.4908111095428467
Partial simulation consumes time: 1.4796442985534668
Partial simulation consumes time: 1.4662303924560547
Partial simulation consumes time: 1.4381463527679443
Partial simulation consumes time: 1.4030520915985107
Partial simulation consumes time: 1.389911413192749
Partial simulation consumes time: 1.4281432628631592
Partial simulation consumes time: 1.024310827255249
Partial simulation consumes time: 1.0296638011932373
Partial simulation consumes time: 1.2335944175720215
Partial simulation consumes time: 1.4770281314849854
Partial simulation consumes time: 1.4905579090118408
Partial simulation consumes time: 1.5594439506530762
Partial simulation consumes time: 1.543640375137329
Partial simulation consumes time: 1.5575485229492188
Partial simulation consumes time: 1.5761492252349854
Partial simulation consumes time: 1.5441410541534424
Partial simulation consumes time: 1.5740666389465332
Partial simulation consumes time: 1.5508232116699219
Partial simulation consumes time: 1.6849312782287598
Partial simulation consumes time: 1.6910614967346191
Partial simulation consumes time: 1.6974573135375977
Partial simulation consumes time: 1.5585715770721436
Partial simulation consumes time: 1.5241689682006836
Partial simulation consumes time: 1.518810749053955
Partial simulation consumes time: 1.525712013244629
Partial simulation consumes time: 1.5188179016113281
Partial simulation consumes time: 1.531050682067871
Partial simulation consumes time: 1.5245516300201416
Partial simulation consumes time: 1.5114545822143555
Partial simulation consumes time: 1.519568920135498
Partial simulation consumes time: 1.5171504020690918
Partial simulation consumes time: 1.5306789875030518
Partial simulation consumes time: 1.5119147300720215
Partial simulation consumes time: 1.526557445526123
Partial simulation consumes time: 1.3144011497497559
Partial simulation consumes time: 1.1320405006408691
Partial simulation consumes time: 1.3153071403503418
Partial simulation consumes time: 1.5983812808990479
Partial simulation consumes time: 1.664031744003296
Partial simulation consumes time: 1.5793812274932861
Partial simulation consumes time: 1.547027826309204
Partial simulation consumes time: 1.6312525272369385
Partial simulation consumes time: 1.6417593955993652
Partial simulation consumes time: 1.5198569297790527
Partial simulation consumes time: 1.548661470413208
Partial simulation consumes time: 1.666623592376709
Partial simulation consumes time: 1.4300363063812256
Partial simulation consumes time: 1.0022201538085938
Partial simulation consumes time: 1.005861520767212
Partial simulation consumes time: 1.0316588878631592
Partial simulation consumes time: 1.0011301040649414
Partial simulation consumes time: 1.0012705326080322
Partial simulation consumes time: 1.0515711307525635
Partial simulation consumes time: 1.0121755599975586
Partial simulation consumes time: 1.015293836593628
Partial simulation consumes time: 1.1352648735046387
Partial simulation consumes time: 1.0557591915130615
Partial simulation consumes time: 1.0212359428405762
Partial simulation consumes time: 1.094064474105835
Partial simulation consumes time: 0.9600827693939209
Partial simulation consumes time: 0.9778203964233398
Partial simulation consumes time: 1.0018987655639648
Partial simulation consumes time: 0.9553639888763428
Partial simulation consumes time: 1.0106902122497559
Partial simulation consumes time: 0.976940393447876
Partial simulation consumes time: 0.956688404083252
Partial simulation consumes time: 0.9929714202880859
Partial simulation consumes time: 0.9624693393707275
Partial simulation consumes time: 0.9891390800476074
Partial simulation consumes time: 0.9677808284759521
Partial simulation consumes time: 1.0018019676208496
Partial simulation consumes time: 0.986180305480957
Partial simulation consumes time: 1.0194506645202637
Partial simulation consumes time: 0.9666728973388672
Partial simulation consumes time: 0.9789552688598633
Partial simulation consumes time: 0.980888843536377
Partial simulation consumes time: 0.9839603900909424
Partial simulation consumes time: 0.9646201133728027
Partial simulation consumes time: 0.9651358127593994
Partial simulation consumes time: 1.0271859169006348
Partial simulation consumes time: 0.9992306232452393
Partial simulation consumes time: 1.0297064781188965
Partial simulation consumes time: 0.9894840717315674
Partial simulation consumes time: 1.0167982578277588
Partial simulation consumes time: 1.017906665802002
Partial simulation consumes time: 1.1194562911987305
Partial simulation consumes time: 1.1053500175476074
Partial simulation consumes time: 1.1115427017211914
Partial simulation consumes time: 1.2034854888916016
Partial simulation consumes time: 1.140660285949707
Partial simulation consumes time: 1.0935533046722412
Partial simulation consumes time: 1.1252825260162354
Partial simulation consumes time: 1.1287682056427002
Partial simulation consumes time: 1.072803258895874
Partial simulation consumes time: 1.0001051425933838
Partial simulation consumes time: 0.9960055351257324
Partial simulation consumes time: 0.9546298980712891
Partial simulation consumes time: 1.0661048889160156
Partial simulation consumes time: 1.004932165145874
Partial simulation consumes time: 0.9839706420898438
Partial simulation consumes time: 1.0024311542510986
Partial simulation consumes time: 1.020684003829956
Partial simulation consumes time: 0.9721975326538086
Partial simulation consumes time: 1.0098998546600342
Partial simulation consumes time: 1.057724952697754
Partial simulation consumes time: 0.981389045715332
Partial simulation consumes time: 1.019749402999878
Partial simulation consumes time: 1.0523793697357178
Partial simulation consumes time: 0.9634590148925781
Partial simulation consumes time: 0.9997663497924805
Partial simulation consumes time: 1.0053467750549316
Partial simulation consumes time: 0.9768011569976807
Partial simulation consumes time: 1.0188360214233398
Partial simulation consumes time: 1.009932279586792
Partial simulation consumes time: 1.0095608234405518
Partial simulation consumes time: 0.9994282722473145
Partial simulation consumes time: 0.9764754772186279
Partial simulation consumes time: 0.9565737247467041
Partial simulation consumes time: 1.0176937580108643
Partial simulation consumes time: 0.9725964069366455
Partial simulation consumes time: 1.0533573627471924
Partial simulation consumes time: 0.9974448680877686
Partial simulation consumes time: 1.01145339012146
Partial simulation consumes time: 1.0573720932006836
Partial simulation consumes time: 1.0604119300842285
Partial simulation consumes time: 1.0850601196289062
Partial simulation consumes time: 0.8349761962890625
Partial simulation consumes time: 1.0052745342254639
Partial simulation consumes time: 0.8480281829833984
Partial simulation consumes time: 0.8291366100311279
Partial simulation consumes time: 0.8468835353851318
Partial simulation consumes time: 1.0359623432159424
Partial simulation consumes time: 0.8599958419799805
Partial simulation consumes time: 0.8845052719116211
Partial simulation consumes time: 0.8539750576019287
Partial simulation consumes time: 0.8584413528442383
Partial simulation consumes time: 1.006744146347046
Partial simulation consumes time: 0.8820042610168457
Partial simulation consumes time: 0.8251440525054932
Partial simulation consumes time: 0.8031413555145264
Partial simulation consumes time: 0.9303858280181885
Partial simulation consumes time: 0.8807177543640137
Partial simulation consumes time: 0.8615784645080566
Partial simulation consumes time: 0.8369011878967285
Partial simulation consumes time: 1.0694525241851807
Partial simulation consumes time: 1.0025451183319092
Partial simulation consumes time: 0.9711358547210693
Partial simulation consumes time: 0.8337559700012207
Partial simulation consumes time: 0.8618073463439941
Partial simulation consumes time: 0.9259130954742432
Partial simulation consumes time: 0.834998607635498
Partial simulation consumes time: 0.9694759845733643
Partial simulation consumes time: 0.8358824253082275
Partial simulation consumes time: 0.991525411605835
Partial simulation consumes time: 0.98343825340271
Partial simulation consumes time: 0.8286411762237549
Partial simulation consumes time: 0.8230526447296143
Partial simulation consumes time: 1.0266618728637695
Partial simulation consumes time: 0.8546433448791504
Partial simulation consumes time: 0.9175817966461182
Partial simulation consumes time: 1.0265769958496094
Partial simulation consumes time: 0.9190869331359863
Partial simulation consumes time: 0.7992687225341797
Partial simulation consumes time: 1.0034315586090088
Partial simulation consumes time: 0.9864165782928467
Partial simulation consumes time: 0.8320398330688477
Partial simulation consumes time: 0.9574856758117676
Partial simulation consumes time: 0.9947812557220459
Partial simulation consumes time: 0.8225183486938477
Partial simulation consumes time: 0.9079883098602295
Partial simulation consumes time: 0.9370851516723633
Partial simulation consumes time: 1.0105762481689453
Partial simulation consumes time: 0.8414716720581055
Partial simulation consumes time: 0.9711771011352539
Partial simulation consumes time: 0.834364652633667
Partial simulation consumes time: 0.8525960445404053
Partial simulation consumes time: 0.9534525871276855
Partial simulation consumes time: 0.8403897285461426
Partial simulation consumes time: 0.9902851581573486
Partial simulation consumes time: 0.9746150970458984
Partial simulation consumes time: 0.8357541561126709
Partial simulation consumes time: 0.9587805271148682
Partial simulation consumes time: 0.8354179859161377
Partial simulation consumes time: 0.8332686424255371
Partial simulation consumes time: 0.9822347164154053
Partial simulation consumes time: 1.0115203857421875
Partial simulation consumes time: 1.0127332210540771
Partial simulation consumes time: 0.9759039878845215
Partial simulation consumes time: 0.8401758670806885
Partial simulation consumes time: 1.0132758617401123
Partial simulation consumes time: 1.0238544940948486
Partial simulation consumes time: 1.0153083801269531
Partial simulation consumes time: 1.1426494121551514
Partial simulation consumes time: 1.044102668762207
Partial simulation consumes time: 1.0453579425811768
Partial simulation consumes time: 1.025052547454834
Partial simulation consumes time: 1.0321972370147705
Partial simulation consumes time: 1.0308117866516113
Partial simulation consumes time: 1.0420584678649902
Partial simulation consumes time: 1.0425348281860352
Partial simulation consumes time: 1.0087933540344238
Partial simulation consumes time: 1.0278544425964355
Partial simulation consumes time: 1.0267632007598877
Partial simulation consumes time: 1.042227029800415
Partial simulation consumes time: 1.1259992122650146
Partial simulation consumes time: 1.1460628509521484
Partial simulation consumes time: 1.018357276916504
Partial simulation consumes time: 1.0212180614471436
Partial simulation consumes time: 1.0953776836395264
Partial simulation consumes time: 1.024519681930542
Partial simulation consumes time: 1.12461519241333
Partial simulation consumes time: 1.0246596336364746
Partial simulation consumes time: 1.020789384841919
Partial simulation consumes time: 1.0232651233673096
Partial simulation consumes time: 1.162198781967163
Partial simulation consumes time: 1.1614229679107666
Partial simulation consumes time: 1.0167388916015625
Partial simulation consumes time: 1.023197889328003
Partial simulation consumes time: 1.0239098072052002
Partial simulation consumes time: 1.0195167064666748
Partial simulation consumes time: 1.0276100635528564
Partial simulation consumes time: 1.0610170364379883
Partial simulation consumes time: 1.0293340682983398
Partial simulation consumes time: 1.041821002960205
Partial simulation consumes time: 1.1559970378875732
Partial simulation consumes time: 1.1158900260925293
Partial simulation consumes time: 1.1628952026367188
Partial simulation consumes time: 1.0232808589935303
Partial simulation consumes time: 1.0170190334320068
Partial simulation consumes time: 1.1249232292175293
Partial simulation consumes time: 1.1423189640045166
Partial simulation consumes time: 1.0235044956207275
Partial simulation consumes time: 1.0198547840118408
Partial simulation consumes time: 1.0412561893463135
Partial simulation consumes time: 1.0414843559265137
Partial simulation consumes time: 1.0397319793701172
Partial simulation consumes time: 1.035783052444458
Partial simulation consumes time: 1.1722257137298584
Partial simulation consumes time: 1.0322682857513428
Partial simulation consumes time: 1.1839725971221924
Partial simulation consumes time: 1.0634033679962158
Partial simulation consumes time: 1.0299654006958008
Partial simulation consumes time: 1.0400264263153076
Partial simulation consumes time: 1.052135705947876
Partial simulation consumes time: 1.0379729270935059
Partial simulation consumes time: 1.015662431716919
Partial simulation consumes time: 1.0329093933105469
Partial simulation consumes time: 1.0302822589874268
Partial simulation consumes time: 1.0516347885131836
Partial simulation consumes time: 1.1549208164215088
Partial simulation consumes time: 1.052992343902588
Partial simulation consumes time: 1.0856688022613525
Partial simulation consumes time: 1.1710734367370605
Partial simulation consumes time: 0.9789438247680664
Partial simulation consumes time: 0.9455809593200684
Partial simulation consumes time: 0.9775564670562744
Partial simulation consumes time: 0.9777321815490723
Partial simulation consumes time: 0.9689345359802246
Partial simulation consumes time: 0.9578554630279541
Partial simulation consumes time: 1.2556159496307373
Partial simulation consumes time: 0.9639167785644531
Partial simulation consumes time: 0.9632394313812256
Partial simulation consumes time: 0.9536640644073486
Partial simulation consumes time: 0.9640698432922363
Partial simulation consumes time: 0.955949068069458
Partial simulation consumes time: 0.954369068145752
Partial simulation consumes time: 1.2492890357971191
Partial simulation consumes time: 0.952202558517456
Partial simulation consumes time: 0.9496567249298096
Partial simulation consumes time: 0.9586441516876221
Partial simulation consumes time: 0.9431459903717041
Partial simulation consumes time: 0.9256467819213867
Partial simulation consumes time: 0.9305696487426758
Partial simulation consumes time: 0.9288265705108643
Partial simulation consumes time: 0.9207656383514404
Partial simulation consumes time: 0.928257942199707
Partial simulation consumes time: 0.9289476871490479
Partial simulation consumes time: 1.263573408126831
Partial simulation consumes time: 0.9322888851165771
Partial simulation consumes time: 0.9849460124969482
Partial simulation consumes time: 1.2613601684570312
Partial simulation consumes time: 0.9743647575378418
Partial simulation consumes time: 1.3781163692474365
Partial simulation consumes time: 0.9847965240478516
Partial simulation consumes time: 0.9853663444519043
Partial simulation consumes time: 0.9715723991394043
Partial simulation consumes time: 1.361267328262329
Partial simulation consumes time: 0.9766931533813477
Partial simulation consumes time: 1.3839120864868164
Partial simulation consumes time: 1.0023574829101562
Partial simulation consumes time: 1.2829174995422363
Partial simulation consumes time: 0.9899296760559082
Partial simulation consumes time: 0.9889936447143555
Partial simulation consumes time: 0.9634208679199219
Partial simulation consumes time: 1.2582957744598389
Partial simulation consumes time: 1.3088386058807373
Partial simulation consumes time: 0.9501833915710449
Partial simulation consumes time: 0.9688489437103271
Partial simulation consumes time: 0.9473433494567871
Partial simulation consumes time: 0.9610440731048584
Partial simulation consumes time: 0.9441356658935547
Partial simulation consumes time: 0.9558799266815186
Partial simulation consumes time: 1.3105223178863525
Partial simulation consumes time: 0.9541542530059814
Partial simulation consumes time: 0.9527921676635742
Partial simulation consumes time: 0.9604582786560059
Partial simulation consumes time: 0.9483311176300049
Partial simulation consumes time: 0.9615917205810547
Partial simulation consumes time: 1.328824758529663
Partial simulation consumes time: 0.9401624202728271
Partial simulation consumes time: 1.3409407138824463
Partial simulation consumes time: 0.9449985027313232
Partial simulation consumes time: 0.9264092445373535
Partial simulation consumes time: 1.173790693283081
Partial simulation consumes time: 0.9734821319580078
Partial simulation consumes time: 0.9701483249664307
Partial simulation consumes time: 0.9628448486328125
Partial simulation consumes time: 0.7510805130004883
Partial simulation consumes time: 0.7587592601776123
Partial simulation consumes time: 0.7529182434082031
Partial simulation consumes time: 0.7407584190368652
Partial simulation consumes time: 0.7603306770324707
Partial simulation consumes time: 0.7785689830780029
Partial simulation consumes time: 0.7622969150543213
Partial simulation consumes time: 0.7787461280822754
Partial simulation consumes time: 0.7719712257385254
Partial simulation consumes time: 0.7621841430664062
Partial simulation consumes time: 0.7695872783660889
Partial simulation consumes time: 0.7750749588012695
Partial simulation consumes time: 0.7739026546478271
Partial simulation consumes time: 0.7720701694488525
Partial simulation consumes time: 0.7675461769104004
Partial simulation consumes time: 0.764197826385498
Partial simulation consumes time: 0.7700808048248291
Partial simulation consumes time: 0.7731328010559082
Partial simulation consumes time: 0.7644693851470947
Partial simulation consumes time: 0.7655661106109619
Partial simulation consumes time: 0.768347978591919
Partial simulation consumes time: 0.7729086875915527
Partial simulation consumes time: 0.7652087211608887
Partial simulation consumes time: 0.7462515830993652
Partial simulation consumes time: 0.7406060695648193
Partial simulation consumes time: 0.7508010864257812
Partial simulation consumes time: 0.7369101047515869
Partial simulation consumes time: 0.7441201210021973
Partial simulation consumes time: 0.7626852989196777
Partial simulation consumes time: 0.7799301147460938
Partial simulation consumes time: 0.7975778579711914
Partial simulation consumes time: 0.7746431827545166
Partial simulation consumes time: 0.7573602199554443
Partial simulation consumes time: 0.7794318199157715
Partial simulation consumes time: 0.7764933109283447
Partial simulation consumes time: 0.7697296142578125
Partial simulation consumes time: 0.7714128494262695
Partial simulation consumes time: 0.7588319778442383
Partial simulation consumes time: 0.8849761486053467
Partial simulation consumes time: 0.770636796951294
Partial simulation consumes time: 0.751255989074707
Partial simulation consumes time: 0.7760510444641113
Partial simulation consumes time: 0.7665858268737793
Partial simulation consumes time: 0.769153356552124
Partial simulation consumes time: 0.7532844543457031
Partial simulation consumes time: 0.765254020690918
Partial simulation consumes time: 0.7731359004974365
Partial simulation consumes time: 0.7722129821777344
Partial simulation consumes time: 0.778980016708374
Partial simulation consumes time: 0.7831292152404785
Partial simulation consumes time: 0.7780792713165283
Partial simulation consumes time: 0.7609167098999023
Partial simulation consumes time: 0.7696261405944824
Partial simulation consumes time: 0.77242112159729
Partial simulation consumes time: 0.7616276741027832
Partial simulation consumes time: 0.7758586406707764
Partial simulation consumes time: 0.7707767486572266
Partial simulation consumes time: 0.7825939655303955
Partial simulation consumes time: 0.7695760726928711
Partial simulation consumes time: 0.7676022052764893
Partial simulation consumes time: 0.7657947540283203
Partial simulation consumes time: 0.7715249061584473
Partial simulation consumes time: 0.7716116905212402
Partial simulation consumes time: 0.7890200614929199
Partial simulation consumes time: 1.1326019763946533
Partial simulation consumes time: 1.3039169311523438
Partial simulation consumes time: 1.350553274154663
Partial simulation consumes time: 1.2630608081817627
Partial simulation consumes time: 1.108882188796997
Partial simulation consumes time: 1.1286206245422363
Partial simulation consumes time: 1.1088519096374512
Partial simulation consumes time: 1.109628677368164
Partial simulation consumes time: 1.1200687885284424
Partial simulation consumes time: 1.1172373294830322
Partial simulation consumes time: 1.2271654605865479
Partial simulation consumes time: 1.1339781284332275
Partial simulation consumes time: 1.1253552436828613
Partial simulation consumes time: 1.1241090297698975
Partial simulation consumes time: 1.1241259574890137
Partial simulation consumes time: 1.302030086517334
Partial simulation consumes time: 1.1217687129974365
Partial simulation consumes time: 1.1167409420013428
Partial simulation consumes time: 1.110943078994751
Partial simulation consumes time: 1.114877700805664
Partial simulation consumes time: 1.0908262729644775
Partial simulation consumes time: 1.0803477764129639
Partial simulation consumes time: 1.083667516708374
Partial simulation consumes time: 1.0853466987609863
Partial simulation consumes time: 1.0903387069702148
Partial simulation consumes time: 1.0989155769348145
Partial simulation consumes time: 1.1209394931793213
Partial simulation consumes time: 1.2367196083068848
Partial simulation consumes time: 1.1049349308013916
Partial simulation consumes time: 1.1491153240203857
Partial simulation consumes time: 1.3856408596038818
Partial simulation consumes time: 1.153296709060669
Partial simulation consumes time: 1.1370394229888916
Partial simulation consumes time: 1.1163980960845947
Partial simulation consumes time: 1.1179025173187256
Partial simulation consumes time: 1.198746919631958
Partial simulation consumes time: 1.3102245330810547
Partial simulation consumes time: 1.2099313735961914
Partial simulation consumes time: 1.091167688369751
Partial simulation consumes time: 1.0728464126586914
Partial simulation consumes time: 1.1423759460449219
Partial simulation consumes time: 1.0961358547210693
Partial simulation consumes time: 1.0935649871826172
Partial simulation consumes time: 1.220191478729248
Partial simulation consumes time: 1.0854146480560303
Partial simulation consumes time: 1.1049885749816895
Partial simulation consumes time: 1.104454517364502
Partial simulation consumes time: 1.089646816253662
Partial simulation consumes time: 1.1457200050354004
Partial simulation consumes time: 1.1026794910430908
Partial simulation consumes time: 1.1903979778289795
Partial simulation consumes time: 1.0949070453643799
Partial simulation consumes time: 1.0768845081329346
Partial simulation consumes time: 1.0737550258636475
Partial simulation consumes time: 1.097917079925537
Partial simulation consumes time: 1.244899034500122
Partial simulation consumes time: 1.1022799015045166
Partial simulation consumes time: 1.199887990951538
Partial simulation consumes time: 1.0806090831756592
Partial simulation consumes time: 1.0822019577026367
Partial simulation consumes time: 1.0865108966827393
Partial simulation consumes time: 1.1138122081756592
Partial simulation consumes time: 1.0620079040527344
Partial simulation consumes time: 1.1113157272338867
Partial simulation consumes time: 1.0389466285705566
Partial simulation consumes time: 1.2770545482635498
Partial simulation consumes time: 1.0358271598815918
Partial simulation consumes time: 1.1679246425628662
Partial simulation consumes time: 1.3051137924194336
Partial simulation consumes time: 1.431318759918213
Partial simulation consumes time: 1.3889117240905762
Partial simulation consumes time: 1.11625337600708
Partial simulation consumes time: 1.1024212837219238
Partial simulation consumes time: 1.0806300640106201
Partial simulation consumes time: 1.083369493484497
Partial simulation consumes time: 1.2881669998168945
Partial simulation consumes time: 1.3057653903961182
Partial simulation consumes time: 1.3310205936431885
Partial simulation consumes time: 1.3106393814086914
Partial simulation consumes time: 1.0709660053253174
Partial simulation consumes time: 1.039128303527832
Partial simulation consumes time: 1.0646517276763916
Partial simulation consumes time: 1.3454608917236328
Partial simulation consumes time: 1.064182996749878
Partial simulation consumes time: 1.1137242317199707
Partial simulation consumes time: 1.2545311450958252
Partial simulation consumes time: 1.1027331352233887
Partial simulation consumes time: 1.3532147407531738
Partial simulation consumes time: 1.0925378799438477
Partial simulation consumes time: 1.3165066242218018
Partial simulation consumes time: 1.2818503379821777
Partial simulation consumes time: 1.158348560333252
Partial simulation consumes time: 1.0398776531219482
Partial simulation consumes time: 1.0458571910858154
Partial simulation consumes time: 1.0741617679595947
Partial simulation consumes time: 1.2958495616912842
Partial simulation consumes time: 1.1027321815490723
Partial simulation consumes time: 1.4418349266052246
Partial simulation consumes time: 1.0814647674560547
Partial simulation consumes time: 1.069930076599121
Partial simulation consumes time: 1.068843126296997
Partial simulation consumes time: 1.0442664623260498
Partial simulation consumes time: 1.4444456100463867
Partial simulation consumes time: 1.1152045726776123
Partial simulation consumes time: 1.3584489822387695
Partial simulation consumes time: 1.0629417896270752
Partial simulation consumes time: 1.0587763786315918
Partial simulation consumes time: 1.433030366897583
Partial simulation consumes time: 1.0683681964874268
Partial simulation consumes time: 1.325038194656372
Partial simulation consumes time: 1.0365245342254639
Partial simulation consumes time: 1.0664749145507812
Partial simulation consumes time: 1.3973684310913086
Partial simulation consumes time: 1.3299243450164795
Partial simulation consumes time: 1.307875394821167
Partial simulation consumes time: 1.0629210472106934
Partial simulation consumes time: 1.4150598049163818
Partial simulation consumes time: 1.5028936862945557
Partial simulation consumes time: 1.2964463233947754
Partial simulation consumes time: 1.3189060688018799
Partial simulation consumes time: 1.0375003814697266
Partial simulation consumes time: 1.037257432937622
Partial simulation consumes time: 1.0314321517944336
Partial simulation consumes time: 1.0346403121948242
Partial simulation consumes time: 0.9008491039276123
Partial simulation consumes time: 1.1202125549316406
Partial simulation consumes time: 0.9461555480957031
Partial simulation consumes time: 0.9085545539855957
Partial simulation consumes time: 0.8511621952056885
Partial simulation consumes time: 0.7654247283935547
Partial simulation consumes time: 0.7520480155944824
Partial simulation consumes time: 0.7582898139953613
Partial simulation consumes time: 0.749873161315918
Partial simulation consumes time: 0.7380001544952393
Partial simulation consumes time: 0.761202335357666
Partial simulation consumes time: 0.8884263038635254
Partial simulation consumes time: 0.7604045867919922
Partial simulation consumes time: 0.8526215553283691
Partial simulation consumes time: 0.8465559482574463
Partial simulation consumes time: 0.7698776721954346
Partial simulation consumes time: 0.8658905029296875
Partial simulation consumes time: 0.9151887893676758
Partial simulation consumes time: 0.7586262226104736
Partial simulation consumes time: 0.8249771595001221
Partial simulation consumes time: 0.909618616104126
Partial simulation consumes time: 0.7824509143829346
Partial simulation consumes time: 0.7805724143981934
Partial simulation consumes time: 1.0036649703979492
Partial simulation consumes time: 0.7815289497375488
Partial simulation consumes time: 0.7733354568481445
Partial simulation consumes time: 0.898287296295166
Partial simulation consumes time: 0.8031055927276611
Partial simulation consumes time: 0.9652423858642578
Partial simulation consumes time: 0.9415130615234375
Partial simulation consumes time: 0.7537581920623779
Partial simulation consumes time: 0.8804593086242676
Partial simulation consumes time: 0.8035202026367188
Partial simulation consumes time: 0.9011707305908203
Partial simulation consumes time: 0.913670539855957
Partial simulation consumes time: 0.8905754089355469
Partial simulation consumes time: 0.7951853275299072
Partial simulation consumes time: 0.8358397483825684
Partial simulation consumes time: 0.7967686653137207
Partial simulation consumes time: 0.9529414176940918
Partial simulation consumes time: 0.897681474685669
Partial simulation consumes time: 0.8479321002960205
Partial simulation consumes time: 1.0031702518463135
Partial simulation consumes time: 0.783195972442627
Partial simulation consumes time: 0.8999872207641602
Partial simulation consumes time: 0.7708437442779541
Partial simulation consumes time: 0.7844610214233398
Partial simulation consumes time: 0.8242743015289307
Partial simulation consumes time: 0.7630822658538818
Partial simulation consumes time: 0.86069655418396
Partial simulation consumes time: 0.7595493793487549
Partial simulation consumes time: 0.7704503536224365
Partial simulation consumes time: 0.9391882419586182
Partial simulation consumes time: 0.7474002838134766
Partial simulation consumes time: 0.7405035495758057
Partial simulation consumes time: 0.735788106918335
Partial simulation consumes time: 0.7547800540924072
Partial simulation consumes time: 0.9462926387786865
Partial simulation consumes time: 0.900320291519165
Partial simulation consumes time: 0.7452700138092041
Partial simulation consumes time: 0.8950462341308594
Partial simulation consumes time: 0.9110031127929688
Partial simulation consumes time: 0.762272834777832
Partial simulation consumes time: 0.7565727233886719
Partial simulation consumes time: 0.9136812686920166
Partial simulation consumes time: 0.7903263568878174
Partial simulation consumes time: 0.8434245586395264
Partial simulation consumes time: 0.8050589561462402
Partial simulation consumes time: 0.8867087364196777
Partial simulation consumes time: 0.734710693359375
Partial simulation consumes time: 0.731492280960083
Partial simulation consumes time: 0.73403000831604
Partial simulation consumes time: 0.7255549430847168
Partial simulation consumes time: 0.7294268608093262
Partial simulation consumes time: 0.719998836517334
Partial simulation consumes time: 0.7002444267272949
Partial simulation consumes time: 0.9194293022155762
Partial simulation consumes time: 0.6924059391021729
Partial simulation consumes time: 0.770965576171875
Partial simulation consumes time: 0.9203159809112549
Partial simulation consumes time: 0.7413337230682373
Partial simulation consumes time: 0.6921155452728271
Partial simulation consumes time: 0.6953849792480469
Partial simulation consumes time: 0.7092092037200928
Partial simulation consumes time: 0.70438551902771
Partial simulation consumes time: 0.8847041130065918
Partial simulation consumes time: 0.6817755699157715
Partial simulation consumes time: 0.7065327167510986
Partial simulation consumes time: 0.7043952941894531
Partial simulation consumes time: 0.7147691249847412
Partial simulation consumes time: 0.6968836784362793
Partial simulation consumes time: 0.6928377151489258
Partial simulation consumes time: 0.8836631774902344
Partial simulation consumes time: 0.6857850551605225
Partial simulation consumes time: 0.6942102909088135
Partial simulation consumes time: 0.7033681869506836
Partial simulation consumes time: 0.6870367527008057
Partial simulation consumes time: 0.6909682750701904
Partial simulation consumes time: 0.6991074085235596
Partial simulation consumes time: 0.6927618980407715
Partial simulation consumes time: 0.8622963428497314
Partial simulation consumes time: 0.6823611259460449
Partial simulation consumes time: 0.8498625755310059
Partial simulation consumes time: 0.6701645851135254
Partial simulation consumes time: 0.6778564453125
Partial simulation consumes time: 0.8497564792633057
Partial simulation consumes time: 0.8527498245239258
Partial simulation consumes time: 0.6898891925811768
Partial simulation consumes time: 0.6768834590911865
Partial simulation consumes time: 0.668734073638916
Partial simulation consumes time: 0.6894166469573975
Partial simulation consumes time: 0.6831047534942627
Partial simulation consumes time: 0.7170720100402832
Partial simulation consumes time: 0.8665590286254883
Partial simulation consumes time: 0.6718676090240479
Partial simulation consumes time: 0.6780045032501221
Partial simulation consumes time: 0.6817495822906494
Partial simulation consumes time: 0.6979238986968994
Partial simulation consumes time: 0.6662120819091797
Partial simulation consumes time: 0.851839542388916
Partial simulation consumes time: 0.6801187992095947
Partial simulation consumes time: 0.692737340927124
Partial simulation consumes time: 0.6764507293701172
Partial simulation consumes time: 0.6776778697967529
Partial simulation consumes time: 0.6795146465301514
Partial simulation consumes time: 0.8584556579589844
Partial simulation consumes time: 0.853365421295166
Partial simulation consumes time: 0.6902446746826172
Partial simulation consumes time: 0.7213153839111328
Partial simulation consumes time: 0.8949129581451416
Partial simulation consumes time: 0.817694902420044
Partial simulation consumes time: 0.8860986232757568
Partial simulation consumes time: 1.1329717636108398
Partial simulation consumes time: 1.0925090312957764
Partial simulation consumes time: 1.091489553451538
Partial simulation consumes time: 1.0949780941009521
Partial simulation consumes time: 1.116241693496704
Partial simulation consumes time: 1.1076204776763916
Partial simulation consumes time: 1.1427459716796875
Partial simulation consumes time: 1.1494557857513428
Partial simulation consumes time: 1.3655588626861572
Partial simulation consumes time: 1.1163625717163086
Partial simulation consumes time: 1.114314079284668
Partial simulation consumes time: 1.350679636001587
Partial simulation consumes time: 1.113900899887085
Partial simulation consumes time: 1.1356041431427002
Partial simulation consumes time: 1.0952122211456299
Partial simulation consumes time: 1.1733639240264893
Partial simulation consumes time: 1.38545823097229
Partial simulation consumes time: 1.175762414932251
Partial simulation consumes time: 1.2011797428131104
Partial simulation consumes time: 1.1615180969238281
Partial simulation consumes time: 1.1842288970947266
Partial simulation consumes time: 1.1760690212249756
Partial simulation consumes time: 1.416064977645874
Partial simulation consumes time: 1.1989831924438477
Partial simulation consumes time: 1.5284335613250732
Partial simulation consumes time: 1.1174147129058838
Partial simulation consumes time: 1.134937047958374
Partial simulation consumes time: 1.1224393844604492
Partial simulation consumes time: 1.1882357597351074
Partial simulation consumes time: 1.1398413181304932
Partial simulation consumes time: 1.1438109874725342
Partial simulation consumes time: 1.2434463500976562
Partial simulation consumes time: 1.2579445838928223
Partial simulation consumes time: 1.2154221534729004
Partial simulation consumes time: 1.1049726009368896
Partial simulation consumes time: 1.0976884365081787
Partial simulation consumes time: 1.393233299255371
Partial simulation consumes time: 1.1170752048492432
Partial simulation consumes time: 1.2033398151397705
Partial simulation consumes time: 1.1465730667114258
Partial simulation consumes time: 1.4360833168029785
Partial simulation consumes time: 1.1092684268951416
Partial simulation consumes time: 1.1136517524719238
Partial simulation consumes time: 1.1144120693206787
Partial simulation consumes time: 1.1007540225982666
Partial simulation consumes time: 1.130019187927246
Partial simulation consumes time: 1.1244330406188965
Partial simulation consumes time: 1.1805686950683594
Partial simulation consumes time: 1.1417734622955322
Partial simulation consumes time: 1.1041975021362305
Partial simulation consumes time: 1.110424518585205
Partial simulation consumes time: 1.420922040939331
Partial simulation consumes time: 1.3822612762451172
Partial simulation consumes time: 1.1231634616851807
Partial simulation consumes time: 1.092869520187378
Partial simulation consumes time: 1.088942289352417
Partial simulation consumes time: 1.4405241012573242
Partial simulation consumes time: 1.1123759746551514
Partial simulation consumes time: 1.130962610244751
Partial simulation consumes time: 1.108241081237793
Partial simulation consumes time: 1.0998311042785645
Partial simulation consumes time: 1.1011371612548828
Partial simulation consumes time: 1.4373974800109863
Partial simulation consumes time: 1.1229023933410645
Partial simulation consumes time: 0.587662935256958
Partial simulation consumes time: 0.627842903137207
Partial simulation consumes time: 0.6437914371490479
Partial simulation consumes time: 0.6195871829986572
Partial simulation consumes time: 0.6541745662689209
Partial simulation consumes time: 0.762932300567627
Partial simulation consumes time: 0.662877082824707
Partial simulation consumes time: 1.0656578540802002
Partial simulation consumes time: 1.0433475971221924
Partial simulation consumes time: 0.7530972957611084
Partial simulation consumes time: 1.0546259880065918
Partial simulation consumes time: 1.0616443157196045
Partial simulation consumes time: 1.1733217239379883
Partial simulation consumes time: 0.7086594104766846
Partial simulation consumes time: 0.7176530361175537
Partial simulation consumes time: 0.7348983287811279
Partial simulation consumes time: 1.1117591857910156
Partial simulation consumes time: 0.6258931159973145
Partial simulation consumes time: 1.0023400783538818
Partial simulation consumes time: 1.0867574214935303
Partial simulation consumes time: 1.0147969722747803
Partial simulation consumes time: 0.6218366622924805
Partial simulation consumes time: 0.59515380859375
Partial simulation consumes time: 1.0658903121948242
Partial simulation consumes time: 0.6290678977966309
Partial simulation consumes time: 0.6272900104522705
Partial simulation consumes time: 1.1213161945343018
Partial simulation consumes time: 1.0154058933258057
Partial simulation consumes time: 1.0143778324127197
Partial simulation consumes time: 1.027207374572754
Partial simulation consumes time: 1.0413365364074707
Partial simulation consumes time: 1.028580904006958
Partial simulation consumes time: 1.0351676940917969
Partial simulation consumes time: 1.10337495803833
Partial simulation consumes time: 0.6126875877380371
Partial simulation consumes time: 1.07365083694458
Partial simulation consumes time: 0.8234677314758301
Partial simulation consumes time: 0.7190406322479248
Partial simulation consumes time: 0.6245052814483643
Partial simulation consumes time: 0.6862907409667969
Partial simulation consumes time: 0.8452086448669434
Partial simulation consumes time: 1.0235157012939453
Partial simulation consumes time: 0.6258175373077393
Partial simulation consumes time: 1.025728464126587
Partial simulation consumes time: 0.6442215442657471
Partial simulation consumes time: 0.6622128486633301
Partial simulation consumes time: 1.1307837963104248
Partial simulation consumes time: 1.162595510482788
Partial simulation consumes time: 0.6227493286132812
Partial simulation consumes time: 0.6093113422393799
Partial simulation consumes time: 0.6557908058166504
Partial simulation consumes time: 1.0096781253814697
Partial simulation consumes time: 1.0297656059265137
Partial simulation consumes time: 1.0163733959197998
Partial simulation consumes time: 1.2306783199310303
Partial simulation consumes time: 1.1956264972686768
Partial simulation consumes time: 0.7694680690765381
Partial simulation consumes time: 1.1962096691131592
Partial simulation consumes time: 1.1282336711883545
Partial simulation consumes time: 1.1218249797821045
Partial simulation consumes time: 1.061676025390625
Partial simulation consumes time: 1.1304614543914795
Partial simulation consumes time: 0.7344717979431152
Partial simulation consumes time: 0.8143970966339111
Partial simulation consumes time: 0.23669838905334473
Partial simulation consumes time: 0.22910475730895996
Partial simulation consumes time: 0.2352302074432373
Partial simulation consumes time: 0.23560380935668945
Partial simulation consumes time: 0.2343611717224121
Partial simulation consumes time: 0.2409682273864746
Partial simulation consumes time: 0.23122549057006836
Partial simulation consumes time: 0.23767638206481934
Partial simulation consumes time: 0.2375648021697998
Partial simulation consumes time: 0.4031658172607422
Partial simulation consumes time: 0.39096975326538086
Partial simulation consumes time: 0.23892736434936523
Partial simulation consumes time: 0.23654389381408691
Partial simulation consumes time: 0.23918771743774414
Partial simulation consumes time: 0.24730324745178223
Partial simulation consumes time: 0.24692416191101074
Partial simulation consumes time: 0.3078641891479492
Partial simulation consumes time: 0.24333620071411133
Partial simulation consumes time: 0.24399757385253906
Partial simulation consumes time: 0.2538731098175049
Partial simulation consumes time: 0.24456381797790527
Partial simulation consumes time: 0.26154184341430664
Partial simulation consumes time: 0.2565789222717285
Partial simulation consumes time: 0.43676161766052246
Partial simulation consumes time: 0.2461862564086914
Partial simulation consumes time: 0.23620200157165527
Partial simulation consumes time: 0.2300124168395996
Partial simulation consumes time: 0.2356729507446289
Partial simulation consumes time: 0.23849129676818848
Partial simulation consumes time: 0.4064640998840332
Partial simulation consumes time: 0.24037671089172363
Partial simulation consumes time: 0.23638629913330078
Partial simulation consumes time: 0.21994733810424805
Partial simulation consumes time: 0.23886489868164062
Partial simulation consumes time: 0.23696684837341309
Partial simulation consumes time: 0.23791074752807617
Partial simulation consumes time: 0.23971247673034668
Partial simulation consumes time: 0.23290753364562988
Partial simulation consumes time: 0.22648930549621582
Partial simulation consumes time: 0.23818111419677734
Partial simulation consumes time: 0.2571554183959961
Partial simulation consumes time: 0.22717714309692383
Partial simulation consumes time: 0.23807716369628906
Partial simulation consumes time: 0.23952770233154297
Partial simulation consumes time: 0.23392152786254883
Partial simulation consumes time: 0.23588776588439941
Partial simulation consumes time: 0.23824095726013184
Partial simulation consumes time: 0.4050941467285156
Partial simulation consumes time: 0.24106669425964355
Partial simulation consumes time: 0.23556184768676758
Partial simulation consumes time: 0.23929738998413086
Partial simulation consumes time: 0.23943328857421875
Partial simulation consumes time: 0.23595523834228516
Partial simulation consumes time: 0.24190545082092285
Partial simulation consumes time: 0.2378385066986084
Partial simulation consumes time: 0.2366797924041748
Partial simulation consumes time: 0.2363605499267578
Partial simulation consumes time: 0.23986077308654785
Partial simulation consumes time: 0.2403879165649414
Partial simulation consumes time: 0.24247503280639648
Partial simulation consumes time: 0.23671293258666992
Partial simulation consumes time: 0.2367260456085205
Partial simulation consumes time: 0.24453210830688477
Partial simulation consumes time: 0.2363429069519043
Qdao runs:	4177.485905408859
_initialize	265.58660769462585
_preprocess	344.95784068107605
_postprocess	2773.164907693863
_run	3911.8804004192352
load_sv	344.6277184486389
store_sv	2773.146850347519
Quafu runs:	737.9886574745178
.

================= 1 passed, 9 deselected in 4917.86s (1:21:57) =================
