============================= test session starts ==============================
platform linux -- Python 3.10.6, pytest-7.2.0, pluggy-1.0.0
rootdir: /root/projects/qcs
collected 10 items / 9 deselected / 1 selected

tst/qdao/engine.py 
::::::::::::::::::Config::::::::::::::::::

NQ::	28
NP::	22
NL::	14
D::	25

::::::::::::::::::Config::::::::::::::::::


:::Reusing existing bench:::::/root/projects/qcs/qdao/benchmarks/qasm/random_28_25_max_operands_2_gen.qasm::::::::

Partial simulation consumes time: 0.41855430603027344
Partial simulation consumes time: 0.43457460403442383
Partial simulation consumes time: 0.33877110481262207
Partial simulation consumes time: 0.3871347904205322
Partial simulation consumes time: 0.3741340637207031
Partial simulation consumes time: 0.389972448348999
Partial simulation consumes time: 0.38841915130615234
Partial simulation consumes time: 0.3440992832183838
Partial simulation consumes time: 0.3592236042022705
Partial simulation consumes time: 0.4094233512878418
Partial simulation consumes time: 0.39624714851379395
Partial simulation consumes time: 0.3959674835205078
Partial simulation consumes time: 0.3777189254760742
Partial simulation consumes time: 0.3979644775390625
Partial simulation consumes time: 0.3813319206237793
Partial simulation consumes time: 0.39161038398742676
Partial simulation consumes time: 0.3796243667602539
Partial simulation consumes time: 0.3543097972869873
Partial simulation consumes time: 0.3795609474182129
Partial simulation consumes time: 0.3750731945037842
Partial simulation consumes time: 0.37369680404663086
Partial simulation consumes time: 0.37267374992370605
Partial simulation consumes time: 0.34464335441589355
Partial simulation consumes time: 0.39733099937438965
Partial simulation consumes time: 0.4041175842285156
Partial simulation consumes time: 0.38485074043273926
Partial simulation consumes time: 0.3492870330810547
Partial simulation consumes time: 0.3824756145477295
Partial simulation consumes time: 0.3626852035522461
Partial simulation consumes time: 0.37963247299194336
Partial simulation consumes time: 0.3789858818054199
Partial simulation consumes time: 0.34539175033569336
Partial simulation consumes time: 0.37403202056884766
Partial simulation consumes time: 0.3596155643463135
Partial simulation consumes time: 0.36989498138427734
Partial simulation consumes time: 0.36911463737487793
Partial simulation consumes time: 0.3693556785583496
Partial simulation consumes time: 0.3614985942840576
Partial simulation consumes time: 0.35439062118530273
Partial simulation consumes time: 0.39034175872802734
Partial simulation consumes time: 0.39436769485473633
Partial simulation consumes time: 0.35968899726867676
Partial simulation consumes time: 0.4142293930053711
Partial simulation consumes time: 0.41092801094055176
Partial simulation consumes time: 0.39614033699035645
Partial simulation consumes time: 0.3922872543334961
Partial simulation consumes time: 0.3471519947052002
Partial simulation consumes time: 0.35623812675476074
Partial simulation consumes time: 0.3761003017425537
Partial simulation consumes time: 0.3924691677093506
Partial simulation consumes time: 0.3591482639312744
Partial simulation consumes time: 0.36998677253723145
Partial simulation consumes time: 0.3378896713256836
Partial simulation consumes time: 0.3412604331970215
Partial simulation consumes time: 0.3903045654296875
Partial simulation consumes time: 0.39935994148254395
Partial simulation consumes time: 0.38852787017822266
Partial simulation consumes time: 0.340883731842041
Partial simulation consumes time: 0.3722095489501953
Partial simulation consumes time: 0.3432650566101074
Partial simulation consumes time: 0.39196157455444336
Partial simulation consumes time: 0.3683311939239502
Partial simulation consumes time: 0.368605375289917
Partial simulation consumes time: 0.3875744342803955
Partial simulation consumes time: 0.4130876064300537
Partial simulation consumes time: 0.3706822395324707
Partial simulation consumes time: 0.36478161811828613
Partial simulation consumes time: 0.37302112579345703
Partial simulation consumes time: 0.4328036308288574
Partial simulation consumes time: 0.3462986946105957
Partial simulation consumes time: 0.35846614837646484
Partial simulation consumes time: 0.4043266773223877
Partial simulation consumes time: 0.37018704414367676
Partial simulation consumes time: 0.37418317794799805
Partial simulation consumes time: 0.3740401268005371
Partial simulation consumes time: 0.44071269035339355
Partial simulation consumes time: 0.37976717948913574
Partial simulation consumes time: 0.35292553901672363
Partial simulation consumes time: 0.3519260883331299
Partial simulation consumes time: 0.34335780143737793
Partial simulation consumes time: 0.3804435729980469
Partial simulation consumes time: 0.39109015464782715
Partial simulation consumes time: 0.37804746627807617
Partial simulation consumes time: 0.34719371795654297
Partial simulation consumes time: 0.38683056831359863
Partial simulation consumes time: 0.34122657775878906
Partial simulation consumes time: 0.354813814163208
Partial simulation consumes time: 0.36254405975341797
Partial simulation consumes time: 0.37144017219543457
Partial simulation consumes time: 0.3552403450012207
Partial simulation consumes time: 0.3588423728942871
Partial simulation consumes time: 0.37532567977905273
Partial simulation consumes time: 0.3745591640472412
Partial simulation consumes time: 0.36867284774780273
Partial simulation consumes time: 0.37227344512939453
Partial simulation consumes time: 0.3732414245605469
Partial simulation consumes time: 0.37665677070617676
Partial simulation consumes time: 0.4013946056365967
Partial simulation consumes time: 0.39112305641174316
Partial simulation consumes time: 0.36986708641052246
Partial simulation consumes time: 0.3746147155761719
Partial simulation consumes time: 0.42662978172302246
Partial simulation consumes time: 0.43614745140075684
Partial simulation consumes time: 0.3699488639831543
Partial simulation consumes time: 0.4344794750213623
Partial simulation consumes time: 0.39762282371520996
Partial simulation consumes time: 0.3722498416900635
Partial simulation consumes time: 0.4039764404296875
Partial simulation consumes time: 0.40082883834838867
Partial simulation consumes time: 0.3901653289794922
Partial simulation consumes time: 0.3729569911956787
Partial simulation consumes time: 0.4122121334075928
Partial simulation consumes time: 0.35102248191833496
Partial simulation consumes time: 0.39679956436157227
Partial simulation consumes time: 0.3592417240142822
Partial simulation consumes time: 0.39622950553894043
Partial simulation consumes time: 0.41281580924987793
Partial simulation consumes time: 0.36781835556030273
Partial simulation consumes time: 0.35351061820983887
Partial simulation consumes time: 0.3482472896575928
Partial simulation consumes time: 0.40854668617248535
Partial simulation consumes time: 0.37583374977111816
Partial simulation consumes time: 0.3693811893463135
Partial simulation consumes time: 0.432598352432251
Partial simulation consumes time: 0.4053378105163574
Partial simulation consumes time: 0.3758089542388916
Partial simulation consumes time: 0.4067225456237793
Partial simulation consumes time: 0.3590226173400879
Partial simulation consumes time: 0.3193056583404541
Partial simulation consumes time: 0.32450342178344727
Partial simulation consumes time: 0.32916712760925293
Partial simulation consumes time: 0.3364884853363037
Partial simulation consumes time: 0.36234354972839355
Partial simulation consumes time: 0.3239784240722656
Partial simulation consumes time: 0.3510551452636719
Partial simulation consumes time: 0.36765265464782715
Partial simulation consumes time: 0.32543063163757324
Partial simulation consumes time: 0.3174610137939453
Partial simulation consumes time: 0.3212285041809082
Partial simulation consumes time: 0.3085627555847168
Partial simulation consumes time: 0.35564327239990234
Partial simulation consumes time: 0.30188679695129395
Partial simulation consumes time: 0.3010134696960449
Partial simulation consumes time: 0.3362424373626709
Partial simulation consumes time: 0.3232741355895996
Partial simulation consumes time: 0.3341844081878662
Partial simulation consumes time: 0.31376194953918457
Partial simulation consumes time: 0.3145740032196045
Partial simulation consumes time: 0.3314626216888428
Partial simulation consumes time: 0.35061192512512207
Partial simulation consumes time: 0.3305847644805908
Partial simulation consumes time: 0.31410980224609375
Partial simulation consumes time: 0.3383970260620117
Partial simulation consumes time: 0.32354092597961426
Partial simulation consumes time: 0.3193047046661377
Partial simulation consumes time: 0.34522151947021484
Partial simulation consumes time: 0.3210883140563965
Partial simulation consumes time: 0.3529632091522217
Partial simulation consumes time: 0.33412647247314453
Partial simulation consumes time: 0.31772661209106445
Partial simulation consumes time: 0.3495056629180908
Partial simulation consumes time: 0.3267982006072998
Partial simulation consumes time: 0.3508615493774414
Partial simulation consumes time: 0.34865808486938477
Partial simulation consumes time: 0.3168654441833496
Partial simulation consumes time: 0.3494107723236084
Partial simulation consumes time: 0.32544374465942383
Partial simulation consumes time: 0.32489871978759766
Partial simulation consumes time: 0.3582477569580078
Partial simulation consumes time: 0.31750988960266113
Partial simulation consumes time: 0.3252096176147461
Partial simulation consumes time: 0.3179357051849365
Partial simulation consumes time: 0.32260560989379883
Partial simulation consumes time: 0.3541114330291748
Partial simulation consumes time: 0.3313004970550537
Partial simulation consumes time: 0.3497636318206787
Partial simulation consumes time: 0.320263147354126
Partial simulation consumes time: 0.3589909076690674
Partial simulation consumes time: 0.32263946533203125
Partial simulation consumes time: 0.3485691547393799
Partial simulation consumes time: 0.3210413455963135
Partial simulation consumes time: 0.35791611671447754
Partial simulation consumes time: 0.29511475563049316
Partial simulation consumes time: 0.32653236389160156
Partial simulation consumes time: 0.3190009593963623
Partial simulation consumes time: 0.35618042945861816
Partial simulation consumes time: 0.327195405960083
Partial simulation consumes time: 0.3361685276031494
Partial simulation consumes time: 0.3574047088623047
Partial simulation consumes time: 0.32422685623168945
Partial simulation consumes time: 0.3221549987792969
Partial simulation consumes time: 0.3220984935760498
Partial simulation consumes time: 0.3027350902557373
Partial simulation consumes time: 0.29639577865600586
Partial simulation consumes time: 0.31297826766967773
Partial simulation consumes time: 0.30362772941589355
Partial simulation consumes time: 0.29814910888671875
Partial simulation consumes time: 0.3047466278076172
Partial simulation consumes time: 0.30509471893310547
Partial simulation consumes time: 0.3025484085083008
Partial simulation consumes time: 0.3244152069091797
Partial simulation consumes time: 0.3014109134674072
Partial simulation consumes time: 0.3164501190185547
Partial simulation consumes time: 0.30396223068237305
Partial simulation consumes time: 0.3337826728820801
Partial simulation consumes time: 0.30257415771484375
Partial simulation consumes time: 0.33202409744262695
Partial simulation consumes time: 0.31793975830078125
Partial simulation consumes time: 0.32123446464538574
Partial simulation consumes time: 0.32404518127441406
Partial simulation consumes time: 0.32218432426452637
Partial simulation consumes time: 0.2954978942871094
Partial simulation consumes time: 0.29334068298339844
Partial simulation consumes time: 0.30485010147094727
Partial simulation consumes time: 0.323793888092041
Partial simulation consumes time: 0.3042943477630615
Partial simulation consumes time: 0.28693270683288574
Partial simulation consumes time: 0.28536200523376465
Partial simulation consumes time: 0.30184102058410645
Partial simulation consumes time: 0.3096456527709961
Partial simulation consumes time: 0.30260586738586426
Partial simulation consumes time: 0.29515981674194336
Partial simulation consumes time: 0.2893674373626709
Partial simulation consumes time: 0.32721614837646484
Partial simulation consumes time: 0.3067755699157715
Partial simulation consumes time: 0.30385875701904297
Partial simulation consumes time: 0.32640719413757324
Partial simulation consumes time: 0.303835391998291
Partial simulation consumes time: 0.3405735492706299
Partial simulation consumes time: 0.3357357978820801
Partial simulation consumes time: 0.31577444076538086
Partial simulation consumes time: 0.32993221282958984
Partial simulation consumes time: 0.3239004611968994
Partial simulation consumes time: 0.32479214668273926
Partial simulation consumes time: 0.3154289722442627
Partial simulation consumes time: 0.3445262908935547
Partial simulation consumes time: 0.30093836784362793
Partial simulation consumes time: 0.34993505477905273
Partial simulation consumes time: 0.2976799011230469
Partial simulation consumes time: 0.32202625274658203
Partial simulation consumes time: 0.3001384735107422
Partial simulation consumes time: 0.30604004859924316
Partial simulation consumes time: 0.34020018577575684
Partial simulation consumes time: 0.32662105560302734
Partial simulation consumes time: 0.3020362854003906
Partial simulation consumes time: 0.3282022476196289
Partial simulation consumes time: 0.3590378761291504
Partial simulation consumes time: 0.32359933853149414
Partial simulation consumes time: 0.3245573043823242
Partial simulation consumes time: 0.32563304901123047
Partial simulation consumes time: 0.33252644538879395
Partial simulation consumes time: 0.3376505374908447
Partial simulation consumes time: 0.31288886070251465
Partial simulation consumes time: 0.3184196949005127
Partial simulation consumes time: 0.31136250495910645
Partial simulation consumes time: 0.34023165702819824
Partial simulation consumes time: 0.4291865825653076
Partial simulation consumes time: 0.42790865898132324
Partial simulation consumes time: 0.4215419292449951
Partial simulation consumes time: 0.4335293769836426
Partial simulation consumes time: 0.4233694076538086
Partial simulation consumes time: 0.4401698112487793
Partial simulation consumes time: 0.4357161521911621
Partial simulation consumes time: 0.4258694648742676
Partial simulation consumes time: 0.41983795166015625
Partial simulation consumes time: 0.4258267879486084
Partial simulation consumes time: 0.42718935012817383
Partial simulation consumes time: 0.4244554042816162
Partial simulation consumes time: 0.42420077323913574
Partial simulation consumes time: 0.4183785915374756
Partial simulation consumes time: 0.4140453338623047
Partial simulation consumes time: 0.41646504402160645
Partial simulation consumes time: 0.42247915267944336
Partial simulation consumes time: 0.41789841651916504
Partial simulation consumes time: 0.42720723152160645
Partial simulation consumes time: 0.43593311309814453
Partial simulation consumes time: 0.43938422203063965
Partial simulation consumes time: 0.44779014587402344
Partial simulation consumes time: 0.43367624282836914
Partial simulation consumes time: 0.4345674514770508
Partial simulation consumes time: 0.4240565299987793
Partial simulation consumes time: 0.44040369987487793
Partial simulation consumes time: 0.41965603828430176
Partial simulation consumes time: 0.4201359748840332
Partial simulation consumes time: 0.4203810691833496
Partial simulation consumes time: 0.446730375289917
Partial simulation consumes time: 0.44832372665405273
Partial simulation consumes time: 0.45647716522216797
Partial simulation consumes time: 0.42054009437561035
Partial simulation consumes time: 0.42844486236572266
Partial simulation consumes time: 0.4458169937133789
Partial simulation consumes time: 0.4384779930114746
Partial simulation consumes time: 0.44141411781311035
Partial simulation consumes time: 0.4251747131347656
Partial simulation consumes time: 0.4641249179840088
Partial simulation consumes time: 0.4304847717285156
Partial simulation consumes time: 0.44641828536987305
Partial simulation consumes time: 0.4400954246520996
Partial simulation consumes time: 0.42069101333618164
Partial simulation consumes time: 0.4219200611114502
Partial simulation consumes time: 0.435605525970459
Partial simulation consumes time: 0.4283435344696045
Partial simulation consumes time: 0.41860008239746094
Partial simulation consumes time: 0.4268758296966553
Partial simulation consumes time: 0.4254591464996338
Partial simulation consumes time: 0.4341616630554199
Partial simulation consumes time: 0.42186951637268066
Partial simulation consumes time: 0.43169355392456055
Partial simulation consumes time: 0.4283421039581299
Partial simulation consumes time: 0.4542984962463379
Partial simulation consumes time: 0.4592580795288086
Partial simulation consumes time: 0.43059563636779785
Partial simulation consumes time: 0.41277575492858887
Partial simulation consumes time: 0.4327712059020996
Partial simulation consumes time: 0.43384695053100586
Partial simulation consumes time: 0.43935680389404297
Partial simulation consumes time: 0.4396841526031494
Partial simulation consumes time: 0.4408142566680908
Partial simulation consumes time: 0.4481332302093506
Partial simulation consumes time: 0.42752575874328613
Partial simulation consumes time: 0.4883396625518799
Partial simulation consumes time: 0.4981532096862793
Partial simulation consumes time: 0.49945521354675293
Partial simulation consumes time: 0.4685482978820801
Partial simulation consumes time: 0.5022518634796143
Partial simulation consumes time: 0.5022480487823486
Partial simulation consumes time: 0.4772505760192871
Partial simulation consumes time: 0.48012590408325195
Partial simulation consumes time: 0.47283339500427246
Partial simulation consumes time: 0.5215718746185303
Partial simulation consumes time: 0.4727604389190674
Partial simulation consumes time: 0.4670569896697998
Partial simulation consumes time: 0.46946120262145996
Partial simulation consumes time: 0.4818887710571289
Partial simulation consumes time: 0.4983081817626953
Partial simulation consumes time: 0.5005168914794922
Partial simulation consumes time: 0.4722900390625
Partial simulation consumes time: 0.49344682693481445
Partial simulation consumes time: 0.47577810287475586
Partial simulation consumes time: 0.5016169548034668
Partial simulation consumes time: 0.502439022064209
Partial simulation consumes time: 0.45702219009399414
Partial simulation consumes time: 0.4698598384857178
Partial simulation consumes time: 0.5126488208770752
Partial simulation consumes time: 0.49452710151672363
Partial simulation consumes time: 0.48327016830444336
Partial simulation consumes time: 0.47942185401916504
Partial simulation consumes time: 0.494793176651001
Partial simulation consumes time: 0.5127019882202148
Partial simulation consumes time: 0.5044052600860596
Partial simulation consumes time: 0.47579264640808105
Partial simulation consumes time: 0.48026275634765625
Partial simulation consumes time: 0.47237706184387207
Partial simulation consumes time: 0.4850621223449707
Partial simulation consumes time: 0.48139524459838867
Partial simulation consumes time: 0.4808163642883301
Partial simulation consumes time: 0.46834421157836914
Partial simulation consumes time: 0.46779775619506836
Partial simulation consumes time: 0.49349474906921387
Partial simulation consumes time: 0.4661376476287842
Partial simulation consumes time: 0.4749436378479004
Partial simulation consumes time: 0.4718954563140869
Partial simulation consumes time: 0.4970743656158447
Partial simulation consumes time: 0.47753143310546875
Partial simulation consumes time: 0.476531982421875
Partial simulation consumes time: 0.5029542446136475
Partial simulation consumes time: 0.47186803817749023
Partial simulation consumes time: 0.5035181045532227
Partial simulation consumes time: 0.4577360153198242
Partial simulation consumes time: 0.4591832160949707
Partial simulation consumes time: 0.46279311180114746
Partial simulation consumes time: 0.5254733562469482
Partial simulation consumes time: 0.4574453830718994
Partial simulation consumes time: 0.4643402099609375
Partial simulation consumes time: 0.468111515045166
Partial simulation consumes time: 0.4740145206451416
Partial simulation consumes time: 0.4802842140197754
Partial simulation consumes time: 0.4834749698638916
Partial simulation consumes time: 0.5145304203033447
Partial simulation consumes time: 0.46398091316223145
Partial simulation consumes time: 0.45499682426452637
Partial simulation consumes time: 0.47579407691955566
Partial simulation consumes time: 0.5098822116851807
Partial simulation consumes time: 0.4907808303833008
Partial simulation consumes time: 0.2416672706604004
Partial simulation consumes time: 0.3783235549926758
Partial simulation consumes time: 0.26758360862731934
Partial simulation consumes time: 0.3033335208892822
Partial simulation consumes time: 0.3740863800048828
Partial simulation consumes time: 0.3721745014190674
Partial simulation consumes time: 0.3639488220214844
Partial simulation consumes time: 0.26375269889831543
Partial simulation consumes time: 0.38054347038269043
Partial simulation consumes time: 0.26811718940734863
Partial simulation consumes time: 0.2624962329864502
Partial simulation consumes time: 0.26078009605407715
Partial simulation consumes time: 0.37198686599731445
Partial simulation consumes time: 0.3329124450683594
Partial simulation consumes time: 0.348874568939209
Partial simulation consumes time: 0.24633216857910156
Partial simulation consumes time: 0.3751494884490967
Partial simulation consumes time: 0.363572359085083
Partial simulation consumes time: 0.24818944931030273
Partial simulation consumes time: 0.24188876152038574
Partial simulation consumes time: 0.3179609775543213
Partial simulation consumes time: 0.25845861434936523
Partial simulation consumes time: 0.3805055618286133
Partial simulation consumes time: 0.2967545986175537
Partial simulation consumes time: 0.267899751663208
Partial simulation consumes time: 0.26795244216918945
Partial simulation consumes time: 0.2823910713195801
Partial simulation consumes time: 0.35865211486816406
Partial simulation consumes time: 0.25117969512939453
Partial simulation consumes time: 0.25811266899108887
Partial simulation consumes time: 0.24233198165893555
Partial simulation consumes time: 0.36640477180480957
Partial simulation consumes time: 0.22888851165771484
Partial simulation consumes time: 0.26239657402038574
Partial simulation consumes time: 0.24393343925476074
Partial simulation consumes time: 0.235581636428833
Partial simulation consumes time: 0.251096248626709
Partial simulation consumes time: 0.36077404022216797
Partial simulation consumes time: 0.3464512825012207
Partial simulation consumes time: 0.36315250396728516
Partial simulation consumes time: 0.3781900405883789
Partial simulation consumes time: 0.36231493949890137
Partial simulation consumes time: 0.2566263675689697
Partial simulation consumes time: 0.2606980800628662
Partial simulation consumes time: 0.2623291015625
Partial simulation consumes time: 0.3816676139831543
Partial simulation consumes time: 0.25971007347106934
Partial simulation consumes time: 0.37749600410461426
Partial simulation consumes time: 0.26531338691711426
Partial simulation consumes time: 0.25040745735168457
Partial simulation consumes time: 0.26168084144592285
Partial simulation consumes time: 0.3840141296386719
Partial simulation consumes time: 0.2602560520172119
Partial simulation consumes time: 0.2608060836791992
Partial simulation consumes time: 0.29146456718444824
Partial simulation consumes time: 0.26285552978515625
Partial simulation consumes time: 0.2660069465637207
Partial simulation consumes time: 0.31447601318359375
Partial simulation consumes time: 0.2654755115509033
Partial simulation consumes time: 0.3861122131347656
Partial simulation consumes time: 0.25552964210510254
Partial simulation consumes time: 0.26192712783813477
Partial simulation consumes time: 0.2637617588043213
Partial simulation consumes time: 0.24869704246520996
Partial simulation consumes time: 0.3466916084289551
Partial simulation consumes time: 0.3387465476989746
Partial simulation consumes time: 0.34036922454833984
Partial simulation consumes time: 0.34217190742492676
Partial simulation consumes time: 0.3468661308288574
Partial simulation consumes time: 0.35565924644470215
Partial simulation consumes time: 0.3455495834350586
Partial simulation consumes time: 0.34933900833129883
Partial simulation consumes time: 0.34474849700927734
Partial simulation consumes time: 0.3412184715270996
Partial simulation consumes time: 0.37290382385253906
Partial simulation consumes time: 0.35135340690612793
Partial simulation consumes time: 0.3592846393585205
Partial simulation consumes time: 0.3477294445037842
Partial simulation consumes time: 0.3567523956298828
Partial simulation consumes time: 0.35759973526000977
Partial simulation consumes time: 0.35420846939086914
Partial simulation consumes time: 0.3661026954650879
Partial simulation consumes time: 0.35223841667175293
Partial simulation consumes time: 0.35016846656799316
Partial simulation consumes time: 0.33695268630981445
Partial simulation consumes time: 0.3521456718444824
Partial simulation consumes time: 0.3679635524749756
Partial simulation consumes time: 0.3465230464935303
Partial simulation consumes time: 0.3456709384918213
Partial simulation consumes time: 0.35456156730651855
Partial simulation consumes time: 0.3575100898742676
Partial simulation consumes time: 0.3593316078186035
Partial simulation consumes time: 0.35532712936401367
Partial simulation consumes time: 0.35521888732910156
Partial simulation consumes time: 0.34291648864746094
Partial simulation consumes time: 0.36792922019958496
Partial simulation consumes time: 0.34602904319763184
Partial simulation consumes time: 0.3439164161682129
Partial simulation consumes time: 0.34595489501953125
Partial simulation consumes time: 0.35690927505493164
Partial simulation consumes time: 0.3526921272277832
Partial simulation consumes time: 0.3748660087585449
Partial simulation consumes time: 0.351118803024292
Partial simulation consumes time: 0.3532721996307373
Partial simulation consumes time: 0.3564727306365967
Partial simulation consumes time: 0.35881805419921875
Partial simulation consumes time: 0.3588602542877197
Partial simulation consumes time: 0.3349926471710205
Partial simulation consumes time: 0.3371906280517578
Partial simulation consumes time: 0.3447599411010742
Partial simulation consumes time: 0.3325071334838867
Partial simulation consumes time: 0.33244991302490234
Partial simulation consumes time: 0.3322930335998535
Partial simulation consumes time: 0.3367903232574463
Partial simulation consumes time: 0.3233623504638672
Partial simulation consumes time: 0.332747220993042
Partial simulation consumes time: 0.348264217376709
Partial simulation consumes time: 0.33051133155822754
Partial simulation consumes time: 0.34454345703125
Partial simulation consumes time: 0.32635998725891113
Partial simulation consumes time: 0.3286147117614746
Partial simulation consumes time: 0.33434557914733887
Partial simulation consumes time: 0.3403158187866211
Partial simulation consumes time: 0.35573911666870117
Partial simulation consumes time: 0.33931827545166016
Partial simulation consumes time: 0.32923150062561035
Partial simulation consumes time: 0.3330068588256836
Partial simulation consumes time: 0.3251376152038574
Partial simulation consumes time: 0.13694047927856445
Partial simulation consumes time: 0.13786935806274414
Partial simulation consumes time: 0.14640188217163086
Partial simulation consumes time: 0.137359619140625
Partial simulation consumes time: 0.14792132377624512
Partial simulation consumes time: 0.13920807838439941
Partial simulation consumes time: 0.13554596900939941
Partial simulation consumes time: 0.13838744163513184
Partial simulation consumes time: 0.13513970375061035
Partial simulation consumes time: 0.13869071006774902
Partial simulation consumes time: 0.13953161239624023
Partial simulation consumes time: 0.13169193267822266
Partial simulation consumes time: 0.1422419548034668
Partial simulation consumes time: 0.13917183876037598
Partial simulation consumes time: 0.12881731986999512
Partial simulation consumes time: 0.1435079574584961
Partial simulation consumes time: 0.14005374908447266
Partial simulation consumes time: 0.1442580223083496
Partial simulation consumes time: 0.14149069786071777
Partial simulation consumes time: 0.1441330909729004
Partial simulation consumes time: 0.14162540435791016
Partial simulation consumes time: 0.1371772289276123
Partial simulation consumes time: 0.13773107528686523
Partial simulation consumes time: 0.14300060272216797
Partial simulation consumes time: 0.14294075965881348
Partial simulation consumes time: 0.14023375511169434
Partial simulation consumes time: 0.1396639347076416
Partial simulation consumes time: 0.1365828514099121
Partial simulation consumes time: 0.13695478439331055
Partial simulation consumes time: 0.14530014991760254
Partial simulation consumes time: 0.14005017280578613
Partial simulation consumes time: 0.13589835166931152
Partial simulation consumes time: 0.14832282066345215
Partial simulation consumes time: 0.14194989204406738
Partial simulation consumes time: 0.14967870712280273
Partial simulation consumes time: 0.13414430618286133
Partial simulation consumes time: 0.14470291137695312
Partial simulation consumes time: 0.139862060546875
Partial simulation consumes time: 0.14849567413330078
Partial simulation consumes time: 0.14185428619384766
Partial simulation consumes time: 0.13611125946044922
Partial simulation consumes time: 0.1401503086090088
Partial simulation consumes time: 0.13793706893920898
Partial simulation consumes time: 0.13077378273010254
Partial simulation consumes time: 0.1349785327911377
Partial simulation consumes time: 0.14058732986450195
Partial simulation consumes time: 0.13902854919433594
Partial simulation consumes time: 0.13981342315673828
Partial simulation consumes time: 0.13759398460388184
Partial simulation consumes time: 0.1367473602294922
Partial simulation consumes time: 0.14164996147155762
Partial simulation consumes time: 0.14082765579223633
Partial simulation consumes time: 0.1410517692565918
Partial simulation consumes time: 0.13447213172912598
Partial simulation consumes time: 0.13756084442138672
Partial simulation consumes time: 0.14373373985290527
Partial simulation consumes time: 0.13994789123535156
Partial simulation consumes time: 0.14426112174987793
Partial simulation consumes time: 0.13633131980895996
Partial simulation consumes time: 0.1377856731414795
Partial simulation consumes time: 0.13914966583251953
Partial simulation consumes time: 0.13885998725891113
Partial simulation consumes time: 0.14287042617797852
Partial simulation consumes time: 0.13401436805725098
Partial simulation consumes time: 0.2518913745880127
Partial simulation consumes time: 0.25354838371276855
Partial simulation consumes time: 0.24684929847717285
Partial simulation consumes time: 0.24802899360656738
Partial simulation consumes time: 0.2483375072479248
Partial simulation consumes time: 0.25015878677368164
Partial simulation consumes time: 0.256939172744751
Partial simulation consumes time: 0.251086950302124
Partial simulation consumes time: 0.25223565101623535
Partial simulation consumes time: 0.24837493896484375
Partial simulation consumes time: 0.254894495010376
Partial simulation consumes time: 0.2635319232940674
Partial simulation consumes time: 0.23377251625061035
Partial simulation consumes time: 0.24725079536437988
Partial simulation consumes time: 0.24558258056640625
Partial simulation consumes time: 0.25336456298828125
Partial simulation consumes time: 0.250216007232666
Partial simulation consumes time: 0.24810504913330078
Partial simulation consumes time: 0.2517282962799072
Partial simulation consumes time: 0.252856969833374
Partial simulation consumes time: 0.2800452709197998
Partial simulation consumes time: 0.2420961856842041
Partial simulation consumes time: 0.25629639625549316
Partial simulation consumes time: 0.24652433395385742
Partial simulation consumes time: 0.2534618377685547
Partial simulation consumes time: 0.23885107040405273
Partial simulation consumes time: 0.2428882122039795
Partial simulation consumes time: 0.2534506320953369
Partial simulation consumes time: 0.2473154067993164
Partial simulation consumes time: 0.25441455841064453
Partial simulation consumes time: 0.24424099922180176
Partial simulation consumes time: 0.24539875984191895
Partial simulation consumes time: 0.24075984954833984
Partial simulation consumes time: 0.25386977195739746
Partial simulation consumes time: 0.2503621578216553
Partial simulation consumes time: 0.26240015029907227
Partial simulation consumes time: 0.25154757499694824
Partial simulation consumes time: 0.24566340446472168
Partial simulation consumes time: 0.25275516510009766
Partial simulation consumes time: 0.2618694305419922
Partial simulation consumes time: 0.24847960472106934
Partial simulation consumes time: 0.24978160858154297
Partial simulation consumes time: 0.2616846561431885
Partial simulation consumes time: 0.2536790370941162
Partial simulation consumes time: 0.23859691619873047
Partial simulation consumes time: 0.23644495010375977
Partial simulation consumes time: 0.24142956733703613
Partial simulation consumes time: 0.2556486129760742
Partial simulation consumes time: 0.26053881645202637
Partial simulation consumes time: 0.25258588790893555
Partial simulation consumes time: 0.25098204612731934
Partial simulation consumes time: 0.2560117244720459
Partial simulation consumes time: 0.25688624382019043
Partial simulation consumes time: 0.25064849853515625
Partial simulation consumes time: 0.25234365463256836
Partial simulation consumes time: 0.26786065101623535
Partial simulation consumes time: 0.2613716125488281
Partial simulation consumes time: 0.24542856216430664
Partial simulation consumes time: 0.23703861236572266
Partial simulation consumes time: 0.24316072463989258
Partial simulation consumes time: 0.26195240020751953
Partial simulation consumes time: 0.2530996799468994
Partial simulation consumes time: 0.23834705352783203
Partial simulation consumes time: 0.2442154884338379
Partial simulation consumes time: 0.3133373260498047
Partial simulation consumes time: 0.3298823833465576
Partial simulation consumes time: 0.34733033180236816
Partial simulation consumes time: 0.3389256000518799
Partial simulation consumes time: 0.33364081382751465
Partial simulation consumes time: 0.31798315048217773
Partial simulation consumes time: 0.3213062286376953
Partial simulation consumes time: 0.36594724655151367
Partial simulation consumes time: 0.35009288787841797
Partial simulation consumes time: 0.31185317039489746
Partial simulation consumes time: 0.3229548931121826
Partial simulation consumes time: 0.3516862392425537
Partial simulation consumes time: 0.3233835697174072
Partial simulation consumes time: 0.3134138584136963
Partial simulation consumes time: 0.33923959732055664
Partial simulation consumes time: 0.3533444404602051
Partial simulation consumes time: 0.33335328102111816
Partial simulation consumes time: 0.33651208877563477
Partial simulation consumes time: 0.3427612781524658
Partial simulation consumes time: 0.3072695732116699
Partial simulation consumes time: 0.30418920516967773
Partial simulation consumes time: 0.3598170280456543
Partial simulation consumes time: 0.3240926265716553
Partial simulation consumes time: 0.31970882415771484
Partial simulation consumes time: 0.34551310539245605
Partial simulation consumes time: 0.3176610469818115
Partial simulation consumes time: 0.3125641345977783
Partial simulation consumes time: 0.3192942142486572
Partial simulation consumes time: 0.3148980140686035
Partial simulation consumes time: 0.3226282596588135
Partial simulation consumes time: 0.3746919631958008
Partial simulation consumes time: 0.37010622024536133
Partial simulation consumes time: 0.359255313873291
Partial simulation consumes time: 0.33217501640319824
Partial simulation consumes time: 0.33625102043151855
Partial simulation consumes time: 0.3258957862854004
Partial simulation consumes time: 0.33848023414611816
Partial simulation consumes time: 0.3552267551422119
Partial simulation consumes time: 0.32918405532836914
Partial simulation consumes time: 0.3350238800048828
Partial simulation consumes time: 0.36766791343688965
Partial simulation consumes time: 0.35578417778015137
Partial simulation consumes time: 0.3514540195465088
Partial simulation consumes time: 0.3601803779602051
Partial simulation consumes time: 0.35273122787475586
Partial simulation consumes time: 0.4040794372558594
Partial simulation consumes time: 0.38331151008605957
Partial simulation consumes time: 0.38459205627441406
Partial simulation consumes time: 0.3848297595977783
Partial simulation consumes time: 0.40233349800109863
Partial simulation consumes time: 0.3623337745666504
Partial simulation consumes time: 0.4137153625488281
Partial simulation consumes time: 0.3547844886779785
Partial simulation consumes time: 0.35564351081848145
Partial simulation consumes time: 0.36280298233032227
Partial simulation consumes time: 0.39606618881225586
Partial simulation consumes time: 0.3570997714996338
Partial simulation consumes time: 0.3508021831512451
Partial simulation consumes time: 0.34528303146362305
Partial simulation consumes time: 0.3557698726654053
Partial simulation consumes time: 0.35553956031799316
Partial simulation consumes time: 0.35576796531677246
Partial simulation consumes time: 0.3624284267425537
Partial simulation consumes time: 0.36579036712646484
Partial simulation consumes time: 0.288036584854126
Partial simulation consumes time: 0.27527666091918945
Partial simulation consumes time: 0.2790873050689697
Partial simulation consumes time: 0.2582378387451172
Partial simulation consumes time: 0.2875945568084717
Partial simulation consumes time: 0.28519773483276367
Partial simulation consumes time: 0.2706770896911621
Partial simulation consumes time: 0.2693049907684326
Partial simulation consumes time: 0.2845163345336914
Partial simulation consumes time: 0.2954871654510498
Partial simulation consumes time: 0.2789454460144043
Partial simulation consumes time: 0.27764415740966797
Partial simulation consumes time: 0.26795482635498047
Partial simulation consumes time: 0.2867732048034668
Partial simulation consumes time: 0.2766842842102051
Partial simulation consumes time: 0.25847959518432617
Partial simulation consumes time: 0.26560163497924805
Partial simulation consumes time: 0.2860088348388672
Partial simulation consumes time: 0.2794795036315918
Partial simulation consumes time: 0.27170538902282715
Partial simulation consumes time: 0.2603273391723633
Partial simulation consumes time: 0.26825809478759766
Partial simulation consumes time: 0.2436683177947998
Partial simulation consumes time: 0.24499082565307617
Partial simulation consumes time: 0.2722947597503662
Partial simulation consumes time: 0.2448287010192871
Partial simulation consumes time: 0.25513195991516113
Partial simulation consumes time: 0.2643778324127197
Partial simulation consumes time: 0.2698359489440918
Partial simulation consumes time: 0.2823910713195801
Partial simulation consumes time: 0.2738378047943115
Partial simulation consumes time: 0.28511571884155273
Partial simulation consumes time: 0.27350378036499023
Partial simulation consumes time: 0.2831101417541504
Partial simulation consumes time: 0.26096248626708984
Partial simulation consumes time: 0.27124953269958496
Partial simulation consumes time: 0.2547268867492676
Partial simulation consumes time: 0.26212024688720703
Partial simulation consumes time: 0.25842833518981934
Partial simulation consumes time: 0.27181315422058105
Partial simulation consumes time: 0.27007508277893066
Partial simulation consumes time: 0.2763175964355469
Partial simulation consumes time: 0.2744929790496826
Partial simulation consumes time: 0.27617406845092773
Partial simulation consumes time: 0.2509169578552246
Partial simulation consumes time: 0.2732679843902588
Partial simulation consumes time: 0.267317533493042
Partial simulation consumes time: 0.2773563861846924
Partial simulation consumes time: 0.2933475971221924
Partial simulation consumes time: 0.28221702575683594
Partial simulation consumes time: 0.2807736396789551
Partial simulation consumes time: 0.26558399200439453
Partial simulation consumes time: 0.27013659477233887
Partial simulation consumes time: 0.2615935802459717
Partial simulation consumes time: 0.2704460620880127
Partial simulation consumes time: 0.2721686363220215
Partial simulation consumes time: 0.2755599021911621
Partial simulation consumes time: 0.26780080795288086
Partial simulation consumes time: 0.2850668430328369
Partial simulation consumes time: 0.286729097366333
Partial simulation consumes time: 0.28673768043518066
Partial simulation consumes time: 0.27338624000549316
Partial simulation consumes time: 0.27416539192199707
Partial simulation consumes time: 0.24247097969055176
Partial simulation consumes time: 0.31806278228759766
Partial simulation consumes time: 0.3181748390197754
Partial simulation consumes time: 0.28292012214660645
Partial simulation consumes time: 0.32230591773986816
Partial simulation consumes time: 0.29435062408447266
Partial simulation consumes time: 0.31337928771972656
Partial simulation consumes time: 0.31180906295776367
Partial simulation consumes time: 0.29942822456359863
Partial simulation consumes time: 0.28202366828918457
Partial simulation consumes time: 0.31206321716308594
Partial simulation consumes time: 0.2960200309753418
Partial simulation consumes time: 0.293748140335083
Partial simulation consumes time: 0.3182523250579834
Partial simulation consumes time: 0.2751004695892334
Partial simulation consumes time: 0.2910459041595459
Partial simulation consumes time: 0.3027658462524414
Partial simulation consumes time: 0.30133652687072754
Partial simulation consumes time: 0.2956094741821289
Partial simulation consumes time: 0.2942230701446533
Partial simulation consumes time: 0.29422903060913086
Partial simulation consumes time: 0.28377580642700195
Partial simulation consumes time: 0.3124105930328369
Partial simulation consumes time: 0.2726476192474365
Partial simulation consumes time: 0.2740201950073242
Partial simulation consumes time: 0.2996501922607422
Partial simulation consumes time: 0.2853877544403076
Partial simulation consumes time: 0.2736942768096924
Partial simulation consumes time: 0.29998254776000977
Partial simulation consumes time: 0.292905330657959
Partial simulation consumes time: 0.313809871673584
Partial simulation consumes time: 0.29825925827026367
Partial simulation consumes time: 0.3040754795074463
Partial simulation consumes time: 0.30394649505615234
Partial simulation consumes time: 0.29013657569885254
Partial simulation consumes time: 0.28887128829956055
Partial simulation consumes time: 0.2857842445373535
Partial simulation consumes time: 0.30042338371276855
Partial simulation consumes time: 0.3143651485443115
Partial simulation consumes time: 0.30237460136413574
Partial simulation consumes time: 0.2862255573272705
Partial simulation consumes time: 0.2863020896911621
Partial simulation consumes time: 0.31048154830932617
Partial simulation consumes time: 0.3089585304260254
Partial simulation consumes time: 0.3079957962036133
Partial simulation consumes time: 0.31445980072021484
Partial simulation consumes time: 0.29513049125671387
Partial simulation consumes time: 0.3289783000946045
Partial simulation consumes time: 0.28643226623535156
Partial simulation consumes time: 0.30208277702331543
Partial simulation consumes time: 0.28583526611328125
Partial simulation consumes time: 0.29529738426208496
Partial simulation consumes time: 0.2999401092529297
Partial simulation consumes time: 0.2889230251312256
Partial simulation consumes time: 0.2980778217315674
Partial simulation consumes time: 0.29128527641296387
Partial simulation consumes time: 0.29689955711364746
Partial simulation consumes time: 0.30663132667541504
Partial simulation consumes time: 0.30304384231567383
Partial simulation consumes time: 0.2920196056365967
Partial simulation consumes time: 0.2874579429626465
Partial simulation consumes time: 0.29456257820129395
Partial simulation consumes time: 0.3104283809661865
Partial simulation consumes time: 0.3112757205963135
Partial simulation consumes time: 0.3058798313140869
Partial simulation consumes time: 0.4098482131958008
Partial simulation consumes time: 0.35866832733154297
Partial simulation consumes time: 0.3321537971496582
Partial simulation consumes time: 0.3750731945037842
Partial simulation consumes time: 0.37101125717163086
Partial simulation consumes time: 0.346649169921875
Partial simulation consumes time: 0.36144399642944336
Partial simulation consumes time: 0.3460361957550049
Partial simulation consumes time: 0.3408660888671875
Partial simulation consumes time: 0.3923361301422119
Partial simulation consumes time: 0.3716151714324951
Partial simulation consumes time: 0.3342139720916748
Partial simulation consumes time: 0.37760448455810547
Partial simulation consumes time: 0.3455774784088135
Partial simulation consumes time: 0.382127046585083
Partial simulation consumes time: 0.3760678768157959
Partial simulation consumes time: 0.3329014778137207
Partial simulation consumes time: 0.39846014976501465
Partial simulation consumes time: 0.3421151638031006
Partial simulation consumes time: 0.37868213653564453
Partial simulation consumes time: 0.34967470169067383
Partial simulation consumes time: 0.35774898529052734
Partial simulation consumes time: 0.34914398193359375
Partial simulation consumes time: 0.3746321201324463
Partial simulation consumes time: 0.36209750175476074
Partial simulation consumes time: 0.35584068298339844
Partial simulation consumes time: 0.38963890075683594
Partial simulation consumes time: 0.33426403999328613
Partial simulation consumes time: 0.3514251708984375
Partial simulation consumes time: 0.3419339656829834
Partial simulation consumes time: 0.35684871673583984
Partial simulation consumes time: 0.3532702922821045
Partial simulation consumes time: 0.3754427433013916
Partial simulation consumes time: 0.35619068145751953
Partial simulation consumes time: 0.3769831657409668
Partial simulation consumes time: 0.33946800231933594
Partial simulation consumes time: 0.3647427558898926
Partial simulation consumes time: 0.36943984031677246
Partial simulation consumes time: 0.3621344566345215
Partial simulation consumes time: 0.3467433452606201
Partial simulation consumes time: 0.33851075172424316
Partial simulation consumes time: 0.3381974697113037
Partial simulation consumes time: 0.3607015609741211
Partial simulation consumes time: 0.35861825942993164
Partial simulation consumes time: 0.40399670600891113
Partial simulation consumes time: 0.3677186965942383
Partial simulation consumes time: 0.3659780025482178
Partial simulation consumes time: 0.33096790313720703
Partial simulation consumes time: 0.33689403533935547
Partial simulation consumes time: 0.3568875789642334
Partial simulation consumes time: 0.3650529384613037
Partial simulation consumes time: 0.3901827335357666
Partial simulation consumes time: 0.33669590950012207
Partial simulation consumes time: 0.38677501678466797
Partial simulation consumes time: 0.37920641899108887
Partial simulation consumes time: 0.3797597885131836
Partial simulation consumes time: 0.3671095371246338
Partial simulation consumes time: 0.38150572776794434
Partial simulation consumes time: 0.36320018768310547
Partial simulation consumes time: 0.39561963081359863
Partial simulation consumes time: 0.3528172969818115
Partial simulation consumes time: 0.35351085662841797
Partial simulation consumes time: 0.3873436450958252
Partial simulation consumes time: 0.3803873062133789
Partial simulation consumes time: 0.06775236129760742
Partial simulation consumes time: 0.07857084274291992
Partial simulation consumes time: 0.07060408592224121
Partial simulation consumes time: 0.07659125328063965
Partial simulation consumes time: 0.06954073905944824
Partial simulation consumes time: 0.08085966110229492
Partial simulation consumes time: 0.07660937309265137
Partial simulation consumes time: 0.0760507583618164
Partial simulation consumes time: 0.07945704460144043
Partial simulation consumes time: 0.08326315879821777
Partial simulation consumes time: 0.0675361156463623
Partial simulation consumes time: 0.07812213897705078
Partial simulation consumes time: 0.0672154426574707
Partial simulation consumes time: 0.08286142349243164
Partial simulation consumes time: 0.08538317680358887
Partial simulation consumes time: 0.07310342788696289
Partial simulation consumes time: 0.07863283157348633
Partial simulation consumes time: 0.0811007022857666
Partial simulation consumes time: 0.06714916229248047
Partial simulation consumes time: 0.07002496719360352
Partial simulation consumes time: 0.06630921363830566
Partial simulation consumes time: 0.06541681289672852
Partial simulation consumes time: 0.06356358528137207
Partial simulation consumes time: 0.06765937805175781
Partial simulation consumes time: 0.06512880325317383
Partial simulation consumes time: 0.07818245887756348
Partial simulation consumes time: 0.06718683242797852
Partial simulation consumes time: 0.06994748115539551
Partial simulation consumes time: 0.06656122207641602
Partial simulation consumes time: 0.06615424156188965
Partial simulation consumes time: 0.0671539306640625
Partial simulation consumes time: 0.07724452018737793
Partial simulation consumes time: 0.06545019149780273
Partial simulation consumes time: 0.07258915901184082
Partial simulation consumes time: 0.07156133651733398
Partial simulation consumes time: 0.06842374801635742
Partial simulation consumes time: 0.07111287117004395
Partial simulation consumes time: 0.07342195510864258
Partial simulation consumes time: 0.07384538650512695
Partial simulation consumes time: 0.06270599365234375
Partial simulation consumes time: 0.06162118911743164
Partial simulation consumes time: 0.06030607223510742
Partial simulation consumes time: 0.06685328483581543
Partial simulation consumes time: 0.06801152229309082
Partial simulation consumes time: 0.06565213203430176
Partial simulation consumes time: 0.05944538116455078
Partial simulation consumes time: 0.06810688972473145
Partial simulation consumes time: 0.06891536712646484
Partial simulation consumes time: 0.06468081474304199
Partial simulation consumes time: 0.06511306762695312
Partial simulation consumes time: 0.06455302238464355
Partial simulation consumes time: 0.07208871841430664
Partial simulation consumes time: 0.06372714042663574
Partial simulation consumes time: 0.06303954124450684
Partial simulation consumes time: 0.07430481910705566
Partial simulation consumes time: 0.0672764778137207
Partial simulation consumes time: 0.06683564186096191
Partial simulation consumes time: 0.06490778923034668
Partial simulation consumes time: 0.06402444839477539
Partial simulation consumes time: 0.08399605751037598
Partial simulation consumes time: 0.07074213027954102
Partial simulation consumes time: 0.07718467712402344
Partial simulation consumes time: 0.06698226928710938
Partial simulation consumes time: 0.08133912086486816
Qdao runs:	1110.5839076042175
_initialize	64.9428448677063
_preprocess	99.10813403129578
_postprocess	645.2212624549866
_run	1045.623867034912
load_sv	98.76120972633362
store_sv	645.2010884284973
Quafu runs:	108.80519413948059
.

================= 1 passed, 9 deselected in 1221.18s (0:20:21) =================
