============================= test session starts ==============================
platform linux -- Python 3.10.6, pytest-7.2.0, pluggy-1.0.0
rootdir: /root/projects/qcs
collected 10 items / 9 deselected / 1 selected

tst/qdao/engine.py 
::::::::::::::::::Config::::::::::::::::::

NQ::	28
NP::	22
NL::	18
D::	25

::::::::::::::::::Config::::::::::::::::::


:::Reusing existing bench:::::/root/projects/qcs/qdao/benchmarks/qasm/random_28_25_max_operands_2_gen.qasm::::::::

Partial simulation consumes time: 0.34657740592956543
Partial simulation consumes time: 0.3104124069213867
Partial simulation consumes time: 0.3371143341064453
Partial simulation consumes time: 0.30863428115844727
Partial simulation consumes time: 0.3580136299133301
Partial simulation consumes time: 0.33602070808410645
Partial simulation consumes time: 0.34586310386657715
Partial simulation consumes time: 0.35005950927734375
Partial simulation consumes time: 0.3391227722167969
Partial simulation consumes time: 0.3416006565093994
Partial simulation consumes time: 0.3113105297088623
Partial simulation consumes time: 0.3486301898956299
Partial simulation consumes time: 0.3400883674621582
Partial simulation consumes time: 0.3436768054962158
Partial simulation consumes time: 0.35088062286376953
Partial simulation consumes time: 0.33531856536865234
Partial simulation consumes time: 0.3465545177459717
Partial simulation consumes time: 0.3500041961669922
Partial simulation consumes time: 0.313753604888916
Partial simulation consumes time: 0.3141171932220459
Partial simulation consumes time: 0.33424854278564453
Partial simulation consumes time: 0.34104084968566895
Partial simulation consumes time: 0.34944891929626465
Partial simulation consumes time: 0.34775495529174805
Partial simulation consumes time: 0.31044840812683105
Partial simulation consumes time: 0.3243284225463867
Partial simulation consumes time: 0.34127116203308105
Partial simulation consumes time: 0.33563995361328125
Partial simulation consumes time: 0.32998037338256836
Partial simulation consumes time: 0.3130955696105957
Partial simulation consumes time: 0.3314499855041504
Partial simulation consumes time: 0.3324859142303467
Partial simulation consumes time: 0.3162541389465332
Partial simulation consumes time: 0.33092761039733887
Partial simulation consumes time: 0.3337428569793701
Partial simulation consumes time: 0.318162202835083
Partial simulation consumes time: 0.3249342441558838
Partial simulation consumes time: 0.31792163848876953
Partial simulation consumes time: 0.3323664665222168
Partial simulation consumes time: 0.33482933044433594
Partial simulation consumes time: 0.33768749237060547
Partial simulation consumes time: 0.3247373104095459
Partial simulation consumes time: 0.3398878574371338
Partial simulation consumes time: 0.31568098068237305
Partial simulation consumes time: 0.3290586471557617
Partial simulation consumes time: 0.30754709243774414
Partial simulation consumes time: 0.3366889953613281
Partial simulation consumes time: 0.32602453231811523
Partial simulation consumes time: 0.3578650951385498
Partial simulation consumes time: 0.3679471015930176
Partial simulation consumes time: 0.36629676818847656
Partial simulation consumes time: 0.36499619483947754
Partial simulation consumes time: 0.3604698181152344
Partial simulation consumes time: 0.348705530166626
Partial simulation consumes time: 0.3567006587982178
Partial simulation consumes time: 0.3415250778198242
Partial simulation consumes time: 0.3370223045349121
Partial simulation consumes time: 0.3548116683959961
Partial simulation consumes time: 0.34250926971435547
Partial simulation consumes time: 0.34670305252075195
Partial simulation consumes time: 0.3316192626953125
Partial simulation consumes time: 0.34267711639404297
Partial simulation consumes time: 0.35378265380859375
Partial simulation consumes time: 0.3527989387512207
Partial simulation consumes time: 0.1465587615966797
Partial simulation consumes time: 0.15179133415222168
Partial simulation consumes time: 0.14833807945251465
Partial simulation consumes time: 0.15138769149780273
Partial simulation consumes time: 0.15640044212341309
Partial simulation consumes time: 0.15076112747192383
Partial simulation consumes time: 0.15508675575256348
Partial simulation consumes time: 0.15217995643615723
Partial simulation consumes time: 0.15237760543823242
Partial simulation consumes time: 0.1505448818206787
Partial simulation consumes time: 0.15384697914123535
Partial simulation consumes time: 0.15309667587280273
Partial simulation consumes time: 0.16030597686767578
Partial simulation consumes time: 0.15527915954589844
Partial simulation consumes time: 0.15463685989379883
Partial simulation consumes time: 0.1579282283782959
Partial simulation consumes time: 0.15343999862670898
Partial simulation consumes time: 0.1578235626220703
Partial simulation consumes time: 0.15501022338867188
Partial simulation consumes time: 0.15555644035339355
Partial simulation consumes time: 0.1598820686340332
Partial simulation consumes time: 0.16002678871154785
Partial simulation consumes time: 0.15672659873962402
Partial simulation consumes time: 0.16079187393188477
Partial simulation consumes time: 0.15249371528625488
Partial simulation consumes time: 0.15129876136779785
Partial simulation consumes time: 0.14931130409240723
Partial simulation consumes time: 0.14839911460876465
Partial simulation consumes time: 0.15870976448059082
Partial simulation consumes time: 0.16007757186889648
Partial simulation consumes time: 0.16365766525268555
Partial simulation consumes time: 0.16053414344787598
Partial simulation consumes time: 0.16382837295532227
Partial simulation consumes time: 0.16620445251464844
Partial simulation consumes time: 0.16175580024719238
Partial simulation consumes time: 0.1628110408782959
Partial simulation consumes time: 0.16492438316345215
Partial simulation consumes time: 0.1609334945678711
Partial simulation consumes time: 0.15708160400390625
Partial simulation consumes time: 0.15542125701904297
Partial simulation consumes time: 0.15295052528381348
Partial simulation consumes time: 0.15600371360778809
Partial simulation consumes time: 0.15303659439086914
Partial simulation consumes time: 0.15912866592407227
Partial simulation consumes time: 0.15673089027404785
Partial simulation consumes time: 0.15519928932189941
Partial simulation consumes time: 0.16329669952392578
Partial simulation consumes time: 0.15703868865966797
Partial simulation consumes time: 0.15991592407226562
Partial simulation consumes time: 0.16410040855407715
Partial simulation consumes time: 0.15760469436645508
Partial simulation consumes time: 0.16054368019104004
Partial simulation consumes time: 0.15594744682312012
Partial simulation consumes time: 0.1595151424407959
Partial simulation consumes time: 0.16287803649902344
Partial simulation consumes time: 0.18255114555358887
Partial simulation consumes time: 0.1602466106414795
Partial simulation consumes time: 0.15785598754882812
Partial simulation consumes time: 0.16244006156921387
Partial simulation consumes time: 0.15987896919250488
Partial simulation consumes time: 0.15942716598510742
Partial simulation consumes time: 0.15875959396362305
Partial simulation consumes time: 0.15790033340454102
Partial simulation consumes time: 0.1604595184326172
Partial simulation consumes time: 0.23664641380310059
Partial simulation consumes time: 0.2102057933807373
Partial simulation consumes time: 0.20576214790344238
Partial simulation consumes time: 0.20790648460388184
Partial simulation consumes time: 0.23243427276611328
Partial simulation consumes time: 0.20854926109313965
Partial simulation consumes time: 0.20939373970031738
Partial simulation consumes time: 0.2223339080810547
Partial simulation consumes time: 0.22742056846618652
Partial simulation consumes time: 0.19086551666259766
Partial simulation consumes time: 0.19431233406066895
Partial simulation consumes time: 0.1978919506072998
Partial simulation consumes time: 0.19187617301940918
Partial simulation consumes time: 0.1938004493713379
Partial simulation consumes time: 0.1883554458618164
Partial simulation consumes time: 0.21185874938964844
Partial simulation consumes time: 0.19100236892700195
Partial simulation consumes time: 0.21673297882080078
Partial simulation consumes time: 0.21735692024230957
Partial simulation consumes time: 0.19028329849243164
Partial simulation consumes time: 0.19167041778564453
Partial simulation consumes time: 0.20621562004089355
Partial simulation consumes time: 0.20186638832092285
Partial simulation consumes time: 0.19326329231262207
Partial simulation consumes time: 0.22199630737304688
Partial simulation consumes time: 0.1926097869873047
Partial simulation consumes time: 0.2201242446899414
Partial simulation consumes time: 0.2170557975769043
Partial simulation consumes time: 0.23390793800354004
Partial simulation consumes time: 0.2193608283996582
Partial simulation consumes time: 0.19036579132080078
Partial simulation consumes time: 0.21996784210205078
Partial simulation consumes time: 0.18769049644470215
Partial simulation consumes time: 0.19073796272277832
Partial simulation consumes time: 0.21300840377807617
Partial simulation consumes time: 0.19619464874267578
Partial simulation consumes time: 0.21363306045532227
Partial simulation consumes time: 0.19735121726989746
Partial simulation consumes time: 0.1891496181488037
Partial simulation consumes time: 0.19373846054077148
Partial simulation consumes time: 0.22412467002868652
Partial simulation consumes time: 0.23518753051757812
Partial simulation consumes time: 0.23856592178344727
Partial simulation consumes time: 0.23794102668762207
Partial simulation consumes time: 0.2257986068725586
Partial simulation consumes time: 0.21905088424682617
Partial simulation consumes time: 0.24863648414611816
Partial simulation consumes time: 0.24193429946899414
Partial simulation consumes time: 0.21413898468017578
Partial simulation consumes time: 0.19663619995117188
Partial simulation consumes time: 0.19732260704040527
Partial simulation consumes time: 0.21999096870422363
Partial simulation consumes time: 0.23305177688598633
Partial simulation consumes time: 0.20772862434387207
Partial simulation consumes time: 0.18472599983215332
Partial simulation consumes time: 0.18469548225402832
Partial simulation consumes time: 0.18571066856384277
Partial simulation consumes time: 0.20181894302368164
Partial simulation consumes time: 0.2276909351348877
Partial simulation consumes time: 0.200059175491333
Partial simulation consumes time: 0.18416643142700195
Partial simulation consumes time: 0.24488496780395508
Partial simulation consumes time: 0.19228219985961914
Partial simulation consumes time: 0.1971142292022705
Partial simulation consumes time: 0.16273140907287598
Partial simulation consumes time: 0.16706633567810059
Partial simulation consumes time: 0.16481423377990723
Partial simulation consumes time: 0.17278742790222168
Partial simulation consumes time: 0.15803074836730957
Partial simulation consumes time: 0.1673598289489746
Partial simulation consumes time: 0.16610050201416016
Partial simulation consumes time: 0.15764808654785156
Partial simulation consumes time: 0.165848970413208
Partial simulation consumes time: 0.16397929191589355
Partial simulation consumes time: 0.15826153755187988
Partial simulation consumes time: 0.15597057342529297
Partial simulation consumes time: 0.17115497589111328
Partial simulation consumes time: 0.17086267471313477
Partial simulation consumes time: 0.15557599067687988
Partial simulation consumes time: 0.16146349906921387
Partial simulation consumes time: 0.17178797721862793
Partial simulation consumes time: 0.17157411575317383
Partial simulation consumes time: 0.17746496200561523
Partial simulation consumes time: 0.17087936401367188
Partial simulation consumes time: 0.16584253311157227
Partial simulation consumes time: 0.1671586036682129
Partial simulation consumes time: 0.18265771865844727
Partial simulation consumes time: 0.18212389945983887
Partial simulation consumes time: 0.1782071590423584
Partial simulation consumes time: 0.16509151458740234
Partial simulation consumes time: 0.16337895393371582
Partial simulation consumes time: 0.16830945014953613
Partial simulation consumes time: 0.16741180419921875
Partial simulation consumes time: 0.1645338535308838
Partial simulation consumes time: 0.17677760124206543
Partial simulation consumes time: 0.16635584831237793
Partial simulation consumes time: 0.17932796478271484
Partial simulation consumes time: 0.17564630508422852
Partial simulation consumes time: 0.15975570678710938
Partial simulation consumes time: 0.17424869537353516
Partial simulation consumes time: 0.163163423538208
Partial simulation consumes time: 0.17863965034484863
Partial simulation consumes time: 0.17624449729919434
Partial simulation consumes time: 0.16070032119750977
Partial simulation consumes time: 0.16213679313659668
Partial simulation consumes time: 0.1721947193145752
Partial simulation consumes time: 0.16586637496948242
Partial simulation consumes time: 0.1651310920715332
Partial simulation consumes time: 0.17338228225708008
Partial simulation consumes time: 0.17325949668884277
Partial simulation consumes time: 0.16710233688354492
Partial simulation consumes time: 0.17002105712890625
Partial simulation consumes time: 0.16584134101867676
Partial simulation consumes time: 0.17830538749694824
Partial simulation consumes time: 0.17005205154418945
Partial simulation consumes time: 0.1647641658782959
Partial simulation consumes time: 0.16904926300048828
Partial simulation consumes time: 0.16692256927490234
Partial simulation consumes time: 0.1699373722076416
Partial simulation consumes time: 0.18123674392700195
Partial simulation consumes time: 0.1765143871307373
Partial simulation consumes time: 0.16664934158325195
Partial simulation consumes time: 0.1664745807647705
Partial simulation consumes time: 0.16595911979675293
Partial simulation consumes time: 0.16518712043762207
Partial simulation consumes time: 0.16843891143798828
Partial simulation consumes time: 0.16514110565185547
Partial simulation consumes time: 0.17854857444763184
Partial simulation consumes time: 0.23636722564697266
Partial simulation consumes time: 0.2347862720489502
Partial simulation consumes time: 0.20763754844665527
Partial simulation consumes time: 0.23532652854919434
Partial simulation consumes time: 0.20949196815490723
Partial simulation consumes time: 0.2136683464050293
Partial simulation consumes time: 0.25499939918518066
Partial simulation consumes time: 0.21754026412963867
Partial simulation consumes time: 0.21087169647216797
Partial simulation consumes time: 0.21740007400512695
Partial simulation consumes time: 0.20900511741638184
Partial simulation consumes time: 0.23437952995300293
Partial simulation consumes time: 0.21980500221252441
Partial simulation consumes time: 0.2354869842529297
Partial simulation consumes time: 0.2097179889678955
Partial simulation consumes time: 0.24336647987365723
Partial simulation consumes time: 0.23636269569396973
Partial simulation consumes time: 0.20130610466003418
Partial simulation consumes time: 0.21294045448303223
Partial simulation consumes time: 0.23311543464660645
Partial simulation consumes time: 0.21003127098083496
Partial simulation consumes time: 0.2363283634185791
Partial simulation consumes time: 0.23605942726135254
Partial simulation consumes time: 0.22109389305114746
Partial simulation consumes time: 0.21210622787475586
Partial simulation consumes time: 0.2504861354827881
Partial simulation consumes time: 0.22225379943847656
Partial simulation consumes time: 0.2193739414215088
Partial simulation consumes time: 0.22580409049987793
Partial simulation consumes time: 0.23609328269958496
Partial simulation consumes time: 0.21179556846618652
Partial simulation consumes time: 0.22185039520263672
Partial simulation consumes time: 0.23212790489196777
Partial simulation consumes time: 0.24599647521972656
Partial simulation consumes time: 0.25339627265930176
Partial simulation consumes time: 0.22837615013122559
Partial simulation consumes time: 0.22576260566711426
Partial simulation consumes time: 0.21454715728759766
Partial simulation consumes time: 0.23655152320861816
Partial simulation consumes time: 0.22609353065490723
Partial simulation consumes time: 0.20865631103515625
Partial simulation consumes time: 0.23624730110168457
Partial simulation consumes time: 0.20162248611450195
Partial simulation consumes time: 0.2133347988128662
Partial simulation consumes time: 0.2303018569946289
Partial simulation consumes time: 0.2030036449432373
Partial simulation consumes time: 0.22996234893798828
Partial simulation consumes time: 0.2184748649597168
Partial simulation consumes time: 0.21248507499694824
Partial simulation consumes time: 0.2236640453338623
Partial simulation consumes time: 0.22128510475158691
Partial simulation consumes time: 0.23250293731689453
Partial simulation consumes time: 0.228240966796875
Partial simulation consumes time: 0.2504594326019287
Partial simulation consumes time: 0.2479245662689209
Partial simulation consumes time: 0.22751402854919434
Partial simulation consumes time: 0.2352917194366455
Partial simulation consumes time: 0.21968841552734375
Partial simulation consumes time: 0.247269868850708
Partial simulation consumes time: 0.24792194366455078
Partial simulation consumes time: 0.24979281425476074
Partial simulation consumes time: 0.25193333625793457
Partial simulation consumes time: 0.23030328750610352
Partial simulation consumes time: 0.248154878616333
Partial simulation consumes time: 0.208418607711792
Partial simulation consumes time: 0.22212910652160645
Partial simulation consumes time: 0.21352863311767578
Partial simulation consumes time: 0.20348358154296875
Partial simulation consumes time: 0.1959834098815918
Partial simulation consumes time: 0.20671939849853516
Partial simulation consumes time: 0.23403215408325195
Partial simulation consumes time: 0.21015620231628418
Partial simulation consumes time: 0.19478368759155273
Partial simulation consumes time: 0.206190824508667
Partial simulation consumes time: 0.1926133632659912
Partial simulation consumes time: 0.2064070701599121
Partial simulation consumes time: 0.2076091766357422
Partial simulation consumes time: 0.19745993614196777
Partial simulation consumes time: 0.2398679256439209
Partial simulation consumes time: 0.19481849670410156
Partial simulation consumes time: 0.20771455764770508
Partial simulation consumes time: 0.188185453414917
Partial simulation consumes time: 0.19797372817993164
Partial simulation consumes time: 0.25012731552124023
Partial simulation consumes time: 0.19237232208251953
Partial simulation consumes time: 0.23566079139709473
Partial simulation consumes time: 0.19239211082458496
Partial simulation consumes time: 0.20154190063476562
Partial simulation consumes time: 0.19354009628295898
Partial simulation consumes time: 0.2172861099243164
Partial simulation consumes time: 0.2458794116973877
Partial simulation consumes time: 0.2168445587158203
Partial simulation consumes time: 0.23056292533874512
Partial simulation consumes time: 0.23627853393554688
Partial simulation consumes time: 0.24258947372436523
Partial simulation consumes time: 0.19964361190795898
Partial simulation consumes time: 0.21721291542053223
Partial simulation consumes time: 0.1976480484008789
Partial simulation consumes time: 0.1966414451599121
Partial simulation consumes time: 0.1932673454284668
Partial simulation consumes time: 0.1971278190612793
Partial simulation consumes time: 0.19965100288391113
Partial simulation consumes time: 0.19603633880615234
Partial simulation consumes time: 0.23279666900634766
Partial simulation consumes time: 0.22280216217041016
Partial simulation consumes time: 0.2137312889099121
Partial simulation consumes time: 0.22884082794189453
Partial simulation consumes time: 0.2354269027709961
Partial simulation consumes time: 0.2350149154663086
Partial simulation consumes time: 0.24717378616333008
Partial simulation consumes time: 0.23171448707580566
Partial simulation consumes time: 0.2323315143585205
Partial simulation consumes time: 0.20146560668945312
Partial simulation consumes time: 0.2209482192993164
Partial simulation consumes time: 0.2526068687438965
Partial simulation consumes time: 0.22071194648742676
Partial simulation consumes time: 0.21230268478393555
Partial simulation consumes time: 0.2106478214263916
Partial simulation consumes time: 0.20901179313659668
Partial simulation consumes time: 0.21137261390686035
Partial simulation consumes time: 0.19662785530090332
Partial simulation consumes time: 0.20474910736083984
Partial simulation consumes time: 0.2457740306854248
Partial simulation consumes time: 0.1982109546661377
Partial simulation consumes time: 0.19466018676757812
Partial simulation consumes time: 0.23244214057922363
Partial simulation consumes time: 0.19678688049316406
Partial simulation consumes time: 0.19716763496398926
Partial simulation consumes time: 0.1044926643371582
Partial simulation consumes time: 0.09163522720336914
Partial simulation consumes time: 0.09989738464355469
Partial simulation consumes time: 0.09355998039245605
Partial simulation consumes time: 0.10115504264831543
Partial simulation consumes time: 0.10299491882324219
Partial simulation consumes time: 0.10016179084777832
Partial simulation consumes time: 0.10267901420593262
Partial simulation consumes time: 0.10071468353271484
Partial simulation consumes time: 0.1007227897644043
Partial simulation consumes time: 0.10750436782836914
Partial simulation consumes time: 0.10143661499023438
Partial simulation consumes time: 0.1032555103302002
Partial simulation consumes time: 0.10224580764770508
Partial simulation consumes time: 0.10097360610961914
Partial simulation consumes time: 0.09313201904296875
Partial simulation consumes time: 0.09907364845275879
Partial simulation consumes time: 0.0972597599029541
Partial simulation consumes time: 0.09158158302307129
Partial simulation consumes time: 0.10034751892089844
Partial simulation consumes time: 0.10021305084228516
Partial simulation consumes time: 0.10242557525634766
Partial simulation consumes time: 0.09479284286499023
Partial simulation consumes time: 0.10384821891784668
Partial simulation consumes time: 0.11170101165771484
Partial simulation consumes time: 0.10131287574768066
Partial simulation consumes time: 0.10043048858642578
Partial simulation consumes time: 0.09754109382629395
Partial simulation consumes time: 0.0995938777923584
Partial simulation consumes time: 0.09530186653137207
Partial simulation consumes time: 0.09466099739074707
Partial simulation consumes time: 0.09886288642883301
Partial simulation consumes time: 0.09381937980651855
Partial simulation consumes time: 0.09090995788574219
Partial simulation consumes time: 0.09621453285217285
Partial simulation consumes time: 0.10418081283569336
Partial simulation consumes time: 0.1002352237701416
Partial simulation consumes time: 0.10384130477905273
Partial simulation consumes time: 0.09054327011108398
Partial simulation consumes time: 0.1119680404663086
Partial simulation consumes time: 0.0991675853729248
Partial simulation consumes time: 0.09534049034118652
Partial simulation consumes time: 0.10065460205078125
Partial simulation consumes time: 0.09926676750183105
Partial simulation consumes time: 0.10126996040344238
Partial simulation consumes time: 0.09841704368591309
Partial simulation consumes time: 0.09572315216064453
Partial simulation consumes time: 0.10138344764709473
Partial simulation consumes time: 0.09191012382507324
Partial simulation consumes time: 0.09686470031738281
Partial simulation consumes time: 0.09906196594238281
Partial simulation consumes time: 0.09768891334533691
Partial simulation consumes time: 0.09465265274047852
Partial simulation consumes time: 0.09626936912536621
Partial simulation consumes time: 0.09340763092041016
Partial simulation consumes time: 0.0974738597869873
Partial simulation consumes time: 0.09993600845336914
Partial simulation consumes time: 0.09469461441040039
Partial simulation consumes time: 0.09479856491088867
Partial simulation consumes time: 0.09637856483459473
Partial simulation consumes time: 0.0977635383605957
Partial simulation consumes time: 0.09871649742126465
Partial simulation consumes time: 0.1048123836517334
Partial simulation consumes time: 0.10431933403015137
Partial simulation consumes time: 0.2849271297454834
Partial simulation consumes time: 0.2948296070098877
Partial simulation consumes time: 0.2877161502838135
Partial simulation consumes time: 0.28723597526550293
Partial simulation consumes time: 0.2880871295928955
Partial simulation consumes time: 0.27279138565063477
Partial simulation consumes time: 0.2807304859161377
Partial simulation consumes time: 0.27918267250061035
Partial simulation consumes time: 0.2803947925567627
Partial simulation consumes time: 0.2806525230407715
Partial simulation consumes time: 0.28348302841186523
Partial simulation consumes time: 0.2716519832611084
Partial simulation consumes time: 0.271533727645874
Partial simulation consumes time: 0.29553818702697754
Partial simulation consumes time: 0.29984426498413086
Partial simulation consumes time: 0.29857492446899414
Partial simulation consumes time: 0.3009207248687744
Partial simulation consumes time: 0.28183937072753906
Partial simulation consumes time: 0.28560447692871094
Partial simulation consumes time: 0.2714107036590576
Partial simulation consumes time: 0.27425718307495117
Partial simulation consumes time: 0.27906084060668945
Partial simulation consumes time: 0.27309703826904297
Partial simulation consumes time: 0.27303218841552734
Partial simulation consumes time: 0.2820882797241211
Partial simulation consumes time: 0.2832767963409424
Partial simulation consumes time: 0.28058671951293945
Partial simulation consumes time: 0.2817542552947998
Partial simulation consumes time: 0.294816255569458
Partial simulation consumes time: 0.3086059093475342
Partial simulation consumes time: 0.3034796714782715
Partial simulation consumes time: 0.30539655685424805
Partial simulation consumes time: 0.29734301567077637
Partial simulation consumes time: 0.29127979278564453
Partial simulation consumes time: 0.29328012466430664
Partial simulation consumes time: 0.28348469734191895
Partial simulation consumes time: 0.2739441394805908
Partial simulation consumes time: 0.280489444732666
Partial simulation consumes time: 0.2793867588043213
Partial simulation consumes time: 0.27921128273010254
Partial simulation consumes time: 0.2741360664367676
Partial simulation consumes time: 0.26931166648864746
Partial simulation consumes time: 0.27715015411376953
Partial simulation consumes time: 0.2786557674407959
Partial simulation consumes time: 0.26296520233154297
Partial simulation consumes time: 0.2817854881286621
Partial simulation consumes time: 0.29216980934143066
Partial simulation consumes time: 0.2846837043762207
Partial simulation consumes time: 0.2987840175628662
Partial simulation consumes time: 0.3182089328765869
Partial simulation consumes time: 0.2869603633880615
Partial simulation consumes time: 0.2833857536315918
Partial simulation consumes time: 0.28218984603881836
Partial simulation consumes time: 0.28536033630371094
Partial simulation consumes time: 0.27735185623168945
Partial simulation consumes time: 0.276583194732666
Partial simulation consumes time: 0.2767751216888428
Partial simulation consumes time: 0.2792551517486572
Partial simulation consumes time: 0.27594733238220215
Partial simulation consumes time: 0.2742197513580322
Partial simulation consumes time: 0.288494348526001
Partial simulation consumes time: 0.2807352542877197
Partial simulation consumes time: 0.272263765335083
Partial simulation consumes time: 0.2754654884338379
Partial simulation consumes time: 0.23896241188049316
Partial simulation consumes time: 0.24427247047424316
Partial simulation consumes time: 0.21657443046569824
Partial simulation consumes time: 0.21976661682128906
Partial simulation consumes time: 0.22058582305908203
Partial simulation consumes time: 0.22649383544921875
Partial simulation consumes time: 0.22283577919006348
Partial simulation consumes time: 0.24497485160827637
Partial simulation consumes time: 0.22460269927978516
Partial simulation consumes time: 0.22141599655151367
Partial simulation consumes time: 0.2502133846282959
Partial simulation consumes time: 0.24648690223693848
Partial simulation consumes time: 0.23076272010803223
Partial simulation consumes time: 0.22844505310058594
Partial simulation consumes time: 0.24355673789978027
Partial simulation consumes time: 0.24198055267333984
Partial simulation consumes time: 0.2324209213256836
Partial simulation consumes time: 0.22228193283081055
Partial simulation consumes time: 0.2278282642364502
Partial simulation consumes time: 0.22792887687683105
Partial simulation consumes time: 0.22740459442138672
Partial simulation consumes time: 0.22433996200561523
Partial simulation consumes time: 0.24567031860351562
Partial simulation consumes time: 0.23785758018493652
Partial simulation consumes time: 0.2383582592010498
Partial simulation consumes time: 0.22589325904846191
Partial simulation consumes time: 0.23565196990966797
Partial simulation consumes time: 0.21778631210327148
Partial simulation consumes time: 0.225999116897583
Partial simulation consumes time: 0.21984219551086426
Partial simulation consumes time: 0.22281360626220703
Partial simulation consumes time: 0.2256791591644287
Partial simulation consumes time: 0.221144437789917
Partial simulation consumes time: 0.21033453941345215
Partial simulation consumes time: 0.2172532081604004
Partial simulation consumes time: 0.2388923168182373
Partial simulation consumes time: 0.22658848762512207
Partial simulation consumes time: 0.22740888595581055
Partial simulation consumes time: 0.2319316864013672
Partial simulation consumes time: 0.2201366424560547
Partial simulation consumes time: 0.24085426330566406
Partial simulation consumes time: 0.24727439880371094
Partial simulation consumes time: 0.24167418479919434
Partial simulation consumes time: 0.24852752685546875
Partial simulation consumes time: 0.24173307418823242
Partial simulation consumes time: 0.22085285186767578
Partial simulation consumes time: 0.22945380210876465
Partial simulation consumes time: 0.22166037559509277
Partial simulation consumes time: 0.2157588005065918
Partial simulation consumes time: 0.23627281188964844
Partial simulation consumes time: 0.22552275657653809
Partial simulation consumes time: 0.24287962913513184
Partial simulation consumes time: 0.23276472091674805
Partial simulation consumes time: 0.24147391319274902
Partial simulation consumes time: 0.24530243873596191
Partial simulation consumes time: 0.22162365913391113
Partial simulation consumes time: 0.23200082778930664
Partial simulation consumes time: 0.23430943489074707
Partial simulation consumes time: 0.21831274032592773
Partial simulation consumes time: 0.2357621192932129
Partial simulation consumes time: 0.2161107063293457
Partial simulation consumes time: 0.21625566482543945
Partial simulation consumes time: 0.21699190139770508
Partial simulation consumes time: 0.21260643005371094
Partial simulation consumes time: 0.41944193840026855
Partial simulation consumes time: 0.38617753982543945
Partial simulation consumes time: 0.3898932933807373
Partial simulation consumes time: 0.4265439510345459
Partial simulation consumes time: 0.38413262367248535
Partial simulation consumes time: 0.3856627941131592
Partial simulation consumes time: 0.41881704330444336
Partial simulation consumes time: 0.3919386863708496
Partial simulation consumes time: 0.4035484790802002
Partial simulation consumes time: 0.39658522605895996
Partial simulation consumes time: 0.40467119216918945
Partial simulation consumes time: 0.40029335021972656
Partial simulation consumes time: 0.4280569553375244
Partial simulation consumes time: 0.42535948753356934
Partial simulation consumes time: 0.3986365795135498
Partial simulation consumes time: 0.40383148193359375
Partial simulation consumes time: 0.4055347442626953
Partial simulation consumes time: 0.3944425582885742
Partial simulation consumes time: 0.4186897277832031
Partial simulation consumes time: 0.3914203643798828
Partial simulation consumes time: 0.413818359375
Partial simulation consumes time: 0.3910973072052002
Partial simulation consumes time: 0.422558069229126
Partial simulation consumes time: 0.3994121551513672
Partial simulation consumes time: 0.4011838436126709
Partial simulation consumes time: 0.39037299156188965
Partial simulation consumes time: 0.39309024810791016
Partial simulation consumes time: 0.3908390998840332
Partial simulation consumes time: 0.3931090831756592
Partial simulation consumes time: 0.39154720306396484
Partial simulation consumes time: 0.3882896900177002
Partial simulation consumes time: 0.414992094039917
Partial simulation consumes time: 0.39424681663513184
Partial simulation consumes time: 0.40953540802001953
Partial simulation consumes time: 0.39137816429138184
Partial simulation consumes time: 0.4097020626068115
Partial simulation consumes time: 0.3851478099822998
Partial simulation consumes time: 0.39351749420166016
Partial simulation consumes time: 0.3989105224609375
Partial simulation consumes time: 0.3956425189971924
Partial simulation consumes time: 0.39260053634643555
Partial simulation consumes time: 0.3968026638031006
Partial simulation consumes time: 0.3841440677642822
Partial simulation consumes time: 0.37998199462890625
Partial simulation consumes time: 0.3933243751525879
Partial simulation consumes time: 0.40501999855041504
Partial simulation consumes time: 0.42375969886779785
Partial simulation consumes time: 0.4129173755645752
Partial simulation consumes time: 0.3957827091217041
Partial simulation consumes time: 0.3935997486114502
Partial simulation consumes time: 0.41806840896606445
Partial simulation consumes time: 0.4095895290374756
Partial simulation consumes time: 0.3900167942047119
Partial simulation consumes time: 0.4097909927368164
Partial simulation consumes time: 0.38790440559387207
Partial simulation consumes time: 0.39396047592163086
Partial simulation consumes time: 0.3911888599395752
Partial simulation consumes time: 0.4134504795074463
Partial simulation consumes time: 0.39676332473754883
Partial simulation consumes time: 0.39008402824401855
Partial simulation consumes time: 0.4221367835998535
Partial simulation consumes time: 0.41193723678588867
Partial simulation consumes time: 0.39939260482788086
Partial simulation consumes time: 0.3876791000366211
Partial simulation consumes time: 0.25594282150268555
Partial simulation consumes time: 0.2828502655029297
Partial simulation consumes time: 0.28196167945861816
Partial simulation consumes time: 0.19030213356018066
Partial simulation consumes time: 0.29729723930358887
Partial simulation consumes time: 0.19648289680480957
Partial simulation consumes time: 0.30345749855041504
Partial simulation consumes time: 0.19298386573791504
Partial simulation consumes time: 0.24148201942443848
Partial simulation consumes time: 0.2993443012237549
Partial simulation consumes time: 0.2502925395965576
Partial simulation consumes time: 0.28825998306274414
Partial simulation consumes time: 0.1943061351776123
Partial simulation consumes time: 0.1954500675201416
Partial simulation consumes time: 0.2034304141998291
Partial simulation consumes time: 0.19663739204406738
Partial simulation consumes time: 0.19531607627868652
Partial simulation consumes time: 0.2966043949127197
Partial simulation consumes time: 0.19190740585327148
Partial simulation consumes time: 0.20101118087768555
Partial simulation consumes time: 0.2293376922607422
Partial simulation consumes time: 0.20450854301452637
Partial simulation consumes time: 0.21659183502197266
Partial simulation consumes time: 0.22889232635498047
Partial simulation consumes time: 0.21671032905578613
Partial simulation consumes time: 0.2139277458190918
Partial simulation consumes time: 0.28432250022888184
Partial simulation consumes time: 0.20155572891235352
Partial simulation consumes time: 0.20363593101501465
Partial simulation consumes time: 0.2973337173461914
Partial simulation consumes time: 0.2224574089050293
Partial simulation consumes time: 0.1898488998413086
Partial simulation consumes time: 0.2009587287902832
Partial simulation consumes time: 0.2562370300292969
Partial simulation consumes time: 0.1913619041442871
Partial simulation consumes time: 0.21253037452697754
Partial simulation consumes time: 0.2981288433074951
Partial simulation consumes time: 0.2078087329864502
Partial simulation consumes time: 0.19362664222717285
Partial simulation consumes time: 0.19388556480407715
Partial simulation consumes time: 0.29464125633239746
Partial simulation consumes time: 0.20056748390197754
Partial simulation consumes time: 0.2124032974243164
Partial simulation consumes time: 0.20613670349121094
Partial simulation consumes time: 0.21457529067993164
Partial simulation consumes time: 0.33802294731140137
Partial simulation consumes time: 0.20024895668029785
Partial simulation consumes time: 0.2627131938934326
Partial simulation consumes time: 0.27252197265625
Partial simulation consumes time: 0.19710206985473633
Partial simulation consumes time: 0.20094060897827148
Partial simulation consumes time: 0.19516420364379883
Partial simulation consumes time: 0.21296453475952148
Partial simulation consumes time: 0.2557218074798584
Partial simulation consumes time: 0.20279788970947266
Partial simulation consumes time: 0.2093524932861328
Partial simulation consumes time: 0.22367119789123535
Partial simulation consumes time: 0.21584773063659668
Partial simulation consumes time: 0.3173069953918457
Partial simulation consumes time: 0.3055229187011719
Partial simulation consumes time: 0.22982525825500488
Partial simulation consumes time: 0.20235085487365723
Partial simulation consumes time: 0.20586919784545898
Partial simulation consumes time: 0.29932713508605957
Partial simulation consumes time: 0.09218406677246094
Partial simulation consumes time: 0.09549689292907715
Partial simulation consumes time: 0.09803318977355957
Partial simulation consumes time: 0.10061812400817871
Partial simulation consumes time: 0.09842967987060547
Partial simulation consumes time: 0.10529661178588867
Partial simulation consumes time: 0.09997916221618652
Partial simulation consumes time: 0.10111331939697266
Partial simulation consumes time: 0.1015326976776123
Partial simulation consumes time: 0.10218644142150879
Partial simulation consumes time: 0.10242724418640137
Partial simulation consumes time: 0.10268235206604004
Partial simulation consumes time: 0.10370063781738281
Partial simulation consumes time: 0.10035443305969238
Partial simulation consumes time: 0.10772895812988281
Partial simulation consumes time: 0.10014533996582031
Partial simulation consumes time: 0.10185027122497559
Partial simulation consumes time: 0.10080814361572266
Partial simulation consumes time: 0.11310672760009766
Partial simulation consumes time: 0.10083985328674316
Partial simulation consumes time: 0.10001158714294434
Partial simulation consumes time: 0.10349202156066895
Partial simulation consumes time: 0.10832762718200684
Partial simulation consumes time: 0.10021495819091797
Partial simulation consumes time: 0.12642860412597656
Partial simulation consumes time: 0.10230016708374023
Partial simulation consumes time: 0.10070157051086426
Partial simulation consumes time: 0.10387635231018066
Partial simulation consumes time: 0.10024809837341309
Partial simulation consumes time: 0.1016855239868164
Partial simulation consumes time: 0.10317850112915039
Partial simulation consumes time: 0.10094189643859863
Partial simulation consumes time: 0.10022449493408203
Partial simulation consumes time: 0.09933924674987793
Partial simulation consumes time: 0.10212469100952148
Partial simulation consumes time: 0.09984636306762695
Partial simulation consumes time: 0.10330319404602051
Partial simulation consumes time: 0.09919118881225586
Partial simulation consumes time: 0.09973907470703125
Partial simulation consumes time: 0.10333514213562012
Partial simulation consumes time: 0.1086125373840332
Partial simulation consumes time: 0.10899090766906738
Partial simulation consumes time: 0.10474610328674316
Partial simulation consumes time: 0.10156846046447754
Partial simulation consumes time: 0.10162734985351562
Partial simulation consumes time: 0.10185027122497559
Partial simulation consumes time: 0.1317737102508545
Partial simulation consumes time: 0.13101983070373535
Partial simulation consumes time: 0.10131144523620605
Partial simulation consumes time: 0.1036078929901123
Partial simulation consumes time: 0.10182809829711914
Partial simulation consumes time: 0.09947562217712402
Partial simulation consumes time: 0.10253643989562988
Partial simulation consumes time: 0.10128068923950195
Partial simulation consumes time: 0.10132288932800293
Partial simulation consumes time: 0.10722136497497559
Partial simulation consumes time: 0.10276484489440918
Partial simulation consumes time: 0.09051084518432617
Partial simulation consumes time: 0.10203337669372559
Partial simulation consumes time: 0.09662890434265137
Partial simulation consumes time: 0.10829997062683105
Partial simulation consumes time: 0.10560274124145508
Partial simulation consumes time: 0.1046760082244873
Partial simulation consumes time: 0.11326146125793457
Partial simulation consumes time: 0.12133288383483887
Partial simulation consumes time: 0.12096500396728516
Partial simulation consumes time: 0.12692499160766602
Partial simulation consumes time: 0.11553525924682617
Partial simulation consumes time: 0.11389303207397461
Partial simulation consumes time: 0.12082362174987793
Partial simulation consumes time: 0.1213979721069336
Partial simulation consumes time: 0.11939620971679688
Partial simulation consumes time: 0.11976385116577148
Partial simulation consumes time: 0.12175846099853516
Partial simulation consumes time: 0.12263107299804688
Partial simulation consumes time: 0.1214914321899414
Partial simulation consumes time: 0.12141776084899902
Partial simulation consumes time: 0.12186169624328613
Partial simulation consumes time: 0.1270754337310791
Partial simulation consumes time: 0.12539243698120117
Partial simulation consumes time: 0.11997151374816895
Partial simulation consumes time: 0.11994743347167969
Partial simulation consumes time: 0.1220693588256836
Partial simulation consumes time: 0.11880636215209961
Partial simulation consumes time: 0.11933660507202148
Partial simulation consumes time: 0.12355661392211914
Partial simulation consumes time: 0.12532448768615723
Partial simulation consumes time: 0.12351059913635254
Partial simulation consumes time: 0.1253507137298584
Partial simulation consumes time: 0.12486028671264648
Partial simulation consumes time: 0.12085199356079102
Partial simulation consumes time: 0.1208648681640625
Partial simulation consumes time: 0.11658072471618652
Partial simulation consumes time: 0.11827278137207031
Partial simulation consumes time: 0.12108802795410156
Partial simulation consumes time: 0.1204228401184082
Partial simulation consumes time: 0.11974716186523438
Partial simulation consumes time: 0.11937236785888672
Partial simulation consumes time: 0.1204841136932373
Partial simulation consumes time: 0.12189221382141113
Partial simulation consumes time: 0.12016582489013672
Partial simulation consumes time: 0.12097597122192383
Partial simulation consumes time: 0.12117671966552734
Partial simulation consumes time: 0.1236722469329834
Partial simulation consumes time: 0.1181635856628418
Partial simulation consumes time: 0.12183046340942383
Partial simulation consumes time: 0.11727261543273926
Partial simulation consumes time: 0.12359118461608887
Partial simulation consumes time: 0.12141132354736328
Partial simulation consumes time: 0.11721611022949219
Partial simulation consumes time: 0.11975812911987305
Partial simulation consumes time: 0.12080717086791992
Partial simulation consumes time: 0.12044477462768555
Partial simulation consumes time: 0.11929821968078613
Partial simulation consumes time: 0.12140941619873047
Partial simulation consumes time: 0.1194918155670166
Partial simulation consumes time: 0.12193751335144043
Partial simulation consumes time: 0.12010836601257324
Partial simulation consumes time: 0.12084388732910156
Partial simulation consumes time: 0.11928725242614746
Partial simulation consumes time: 0.12059617042541504
Partial simulation consumes time: 0.11881422996520996
Partial simulation consumes time: 0.12225461006164551
Partial simulation consumes time: 0.12143111228942871
Partial simulation consumes time: 0.11535215377807617
Partial simulation consumes time: 0.11628437042236328
Partial simulation consumes time: 0.11886453628540039
Partial simulation consumes time: 0.11429834365844727
Partial simulation consumes time: 0.25322723388671875
Partial simulation consumes time: 0.25547313690185547
Partial simulation consumes time: 0.24588322639465332
Partial simulation consumes time: 0.26779818534851074
Partial simulation consumes time: 0.24585914611816406
Partial simulation consumes time: 0.24898672103881836
Partial simulation consumes time: 0.24589085578918457
Partial simulation consumes time: 0.24477434158325195
Partial simulation consumes time: 0.23973798751831055
Partial simulation consumes time: 0.2569618225097656
Partial simulation consumes time: 0.2563180923461914
Partial simulation consumes time: 0.25711655616760254
Partial simulation consumes time: 0.2576878070831299
Partial simulation consumes time: 0.24051523208618164
Partial simulation consumes time: 0.24876689910888672
Partial simulation consumes time: 0.2429676055908203
Partial simulation consumes time: 0.2532918453216553
Partial simulation consumes time: 0.2624688148498535
Partial simulation consumes time: 0.24102330207824707
Partial simulation consumes time: 0.24241161346435547
Partial simulation consumes time: 0.2435774803161621
Partial simulation consumes time: 0.247816801071167
Partial simulation consumes time: 0.2593197822570801
Partial simulation consumes time: 0.25612545013427734
Partial simulation consumes time: 0.26897573471069336
Partial simulation consumes time: 0.251617431640625
Partial simulation consumes time: 0.2491295337677002
Partial simulation consumes time: 0.24949312210083008
Partial simulation consumes time: 0.25133633613586426
Partial simulation consumes time: 0.25972986221313477
Partial simulation consumes time: 0.2521779537200928
Partial simulation consumes time: 0.26988768577575684
Partial simulation consumes time: 0.2634880542755127
Partial simulation consumes time: 0.25058650970458984
Partial simulation consumes time: 0.25586414337158203
Partial simulation consumes time: 0.2692422866821289
Partial simulation consumes time: 0.25727105140686035
Partial simulation consumes time: 0.25731849670410156
Partial simulation consumes time: 0.2568984031677246
Partial simulation consumes time: 0.2669374942779541
Partial simulation consumes time: 0.25775671005249023
Partial simulation consumes time: 0.25452423095703125
Partial simulation consumes time: 0.2710566520690918
Partial simulation consumes time: 0.269899845123291
Partial simulation consumes time: 0.25534772872924805
Partial simulation consumes time: 0.2514960765838623
Partial simulation consumes time: 0.2681467533111572
Partial simulation consumes time: 0.25454282760620117
Partial simulation consumes time: 0.27157139778137207
Partial simulation consumes time: 0.25847530364990234
Partial simulation consumes time: 0.25617051124572754
Partial simulation consumes time: 0.26171350479125977
Partial simulation consumes time: 0.2573864459991455
Partial simulation consumes time: 0.264721155166626
Partial simulation consumes time: 0.2521822452545166
Partial simulation consumes time: 0.2661576271057129
Partial simulation consumes time: 0.25312209129333496
Partial simulation consumes time: 0.2550060749053955
Partial simulation consumes time: 0.27741289138793945
Partial simulation consumes time: 0.24327540397644043
Partial simulation consumes time: 0.2453773021697998
Partial simulation consumes time: 0.24237370491027832
Partial simulation consumes time: 0.24231767654418945
Partial simulation consumes time: 0.25499606132507324
Partial simulation consumes time: 0.10371041297912598
Partial simulation consumes time: 0.10408520698547363
Partial simulation consumes time: 0.11527204513549805
Partial simulation consumes time: 0.10760116577148438
Partial simulation consumes time: 0.11169052124023438
Partial simulation consumes time: 0.11721920967102051
Partial simulation consumes time: 0.11275434494018555
Partial simulation consumes time: 0.10425686836242676
Partial simulation consumes time: 0.1095283031463623
Partial simulation consumes time: 0.10968971252441406
Partial simulation consumes time: 0.10962915420532227
Partial simulation consumes time: 0.10828781127929688
Partial simulation consumes time: 0.11162424087524414
Partial simulation consumes time: 0.10838079452514648
Partial simulation consumes time: 0.11105155944824219
Partial simulation consumes time: 0.10518670082092285
Partial simulation consumes time: 0.10975122451782227
Partial simulation consumes time: 0.11041498184204102
Partial simulation consumes time: 0.11687350273132324
Partial simulation consumes time: 0.11575436592102051
Partial simulation consumes time: 0.11206650733947754
Partial simulation consumes time: 0.10833382606506348
Partial simulation consumes time: 0.11269927024841309
Partial simulation consumes time: 0.11602568626403809
Partial simulation consumes time: 0.1120913028717041
Partial simulation consumes time: 0.1038815975189209
Partial simulation consumes time: 0.10954856872558594
Partial simulation consumes time: 0.10894203186035156
Partial simulation consumes time: 0.1084749698638916
Partial simulation consumes time: 0.10962224006652832
Partial simulation consumes time: 0.10858774185180664
Partial simulation consumes time: 0.11103653907775879
Partial simulation consumes time: 0.10805487632751465
Partial simulation consumes time: 0.11399435997009277
Partial simulation consumes time: 0.10821938514709473
Partial simulation consumes time: 0.12430214881896973
Partial simulation consumes time: 0.11109757423400879
Partial simulation consumes time: 0.11282563209533691
Partial simulation consumes time: 0.10877180099487305
Partial simulation consumes time: 0.11081194877624512
Partial simulation consumes time: 0.10551071166992188
Partial simulation consumes time: 0.10652661323547363
Partial simulation consumes time: 0.10937047004699707
Partial simulation consumes time: 0.10824441909790039
Partial simulation consumes time: 0.10848617553710938
Partial simulation consumes time: 0.10514998435974121
Partial simulation consumes time: 0.10577869415283203
Partial simulation consumes time: 0.1118783950805664
Partial simulation consumes time: 0.11473727226257324
Partial simulation consumes time: 0.11000514030456543
Partial simulation consumes time: 0.10519528388977051
Partial simulation consumes time: 0.1301593780517578
Partial simulation consumes time: 0.10969734191894531
Partial simulation consumes time: 0.10945844650268555
Partial simulation consumes time: 0.10643911361694336
Partial simulation consumes time: 0.10301947593688965
Partial simulation consumes time: 0.10886526107788086
Partial simulation consumes time: 0.10892796516418457
Partial simulation consumes time: 0.10792922973632812
Partial simulation consumes time: 0.10614514350891113
Partial simulation consumes time: 0.11450839042663574
Partial simulation consumes time: 0.10636234283447266
Partial simulation consumes time: 0.10848426818847656
Partial simulation consumes time: 0.10981631278991699
Partial simulation consumes time: 0.20262432098388672
Partial simulation consumes time: 0.2034618854522705
Partial simulation consumes time: 0.196563720703125
Partial simulation consumes time: 0.18601703643798828
Partial simulation consumes time: 0.21370553970336914
Partial simulation consumes time: 0.20872259140014648
Partial simulation consumes time: 0.18857336044311523
Partial simulation consumes time: 0.21442031860351562
Partial simulation consumes time: 0.191786527633667
Partial simulation consumes time: 0.19662976264953613
Partial simulation consumes time: 0.19552278518676758
Partial simulation consumes time: 0.19061493873596191
Partial simulation consumes time: 0.1917264461517334
Partial simulation consumes time: 0.1947319507598877
Partial simulation consumes time: 0.2187209129333496
Partial simulation consumes time: 0.19013762474060059
Partial simulation consumes time: 0.1906299591064453
Partial simulation consumes time: 0.19473671913146973
Partial simulation consumes time: 0.21914243698120117
Partial simulation consumes time: 0.19375920295715332
Partial simulation consumes time: 0.21648621559143066
Partial simulation consumes time: 0.19638824462890625
Partial simulation consumes time: 0.1900334358215332
Partial simulation consumes time: 0.1992323398590088
Partial simulation consumes time: 0.20518016815185547
Partial simulation consumes time: 0.18964862823486328
Partial simulation consumes time: 0.19450759887695312
Partial simulation consumes time: 0.21816658973693848
Partial simulation consumes time: 0.19432735443115234
Partial simulation consumes time: 0.18392109870910645
Partial simulation consumes time: 0.18398809432983398
Partial simulation consumes time: 0.20376968383789062
Partial simulation consumes time: 0.17766404151916504
Partial simulation consumes time: 0.18611431121826172
Partial simulation consumes time: 0.18393278121948242
Partial simulation consumes time: 0.2132549285888672
Partial simulation consumes time: 0.21263837814331055
Partial simulation consumes time: 0.22257661819458008
Partial simulation consumes time: 0.19119858741760254
Partial simulation consumes time: 0.19286775588989258
Partial simulation consumes time: 0.1861729621887207
Partial simulation consumes time: 0.1849803924560547
Partial simulation consumes time: 0.2022855281829834
Partial simulation consumes time: 0.18584322929382324
Partial simulation consumes time: 0.20714783668518066
Partial simulation consumes time: 0.2160797119140625
Partial simulation consumes time: 0.18158960342407227
Partial simulation consumes time: 0.18296456336975098
Partial simulation consumes time: 0.20968008041381836
Partial simulation consumes time: 0.20274925231933594
Partial simulation consumes time: 0.2007441520690918
Partial simulation consumes time: 0.21400213241577148
Partial simulation consumes time: 0.22041726112365723
Partial simulation consumes time: 0.18030452728271484
Partial simulation consumes time: 0.18936419486999512
Partial simulation consumes time: 0.19869589805603027
Partial simulation consumes time: 0.19591879844665527
Partial simulation consumes time: 0.22289323806762695
Partial simulation consumes time: 0.19603991508483887
Partial simulation consumes time: 0.2210698127746582
Partial simulation consumes time: 0.21818232536315918
Partial simulation consumes time: 0.22255492210388184
Partial simulation consumes time: 0.2114720344543457
Partial simulation consumes time: 0.2217698097229004
Partial simulation consumes time: 0.2899785041809082
Partial simulation consumes time: 0.2618696689605713
Partial simulation consumes time: 0.2754549980163574
Partial simulation consumes time: 0.268782377243042
Partial simulation consumes time: 0.26634693145751953
Partial simulation consumes time: 0.2714650630950928
Partial simulation consumes time: 0.25973987579345703
Partial simulation consumes time: 0.2902872562408447
Partial simulation consumes time: 0.2510514259338379
Partial simulation consumes time: 0.25246715545654297
Partial simulation consumes time: 0.2611384391784668
Partial simulation consumes time: 0.25927066802978516
Partial simulation consumes time: 0.27539634704589844
Partial simulation consumes time: 0.24379253387451172
Partial simulation consumes time: 0.2615630626678467
Partial simulation consumes time: 0.24901151657104492
Partial simulation consumes time: 0.262235164642334
Partial simulation consumes time: 0.26537203788757324
Partial simulation consumes time: 0.2940082550048828
Partial simulation consumes time: 0.25630736351013184
Partial simulation consumes time: 0.250042200088501
Partial simulation consumes time: 0.261089563369751
Partial simulation consumes time: 0.25357604026794434
Partial simulation consumes time: 0.252608060836792
Partial simulation consumes time: 0.258772611618042
Partial simulation consumes time: 0.2716357707977295
Partial simulation consumes time: 0.2551140785217285
Partial simulation consumes time: 0.25218939781188965
Partial simulation consumes time: 0.25340938568115234
Partial simulation consumes time: 0.25092291831970215
Partial simulation consumes time: 0.28672289848327637
Partial simulation consumes time: 0.25344181060791016
Partial simulation consumes time: 0.28835463523864746
Partial simulation consumes time: 0.2553865909576416
Partial simulation consumes time: 0.25319910049438477
Partial simulation consumes time: 0.25528573989868164
Partial simulation consumes time: 0.25910234451293945
Partial simulation consumes time: 0.2524745464324951
Partial simulation consumes time: 0.25513553619384766
Partial simulation consumes time: 0.2524282932281494
Partial simulation consumes time: 0.2529573440551758
Partial simulation consumes time: 0.2768714427947998
Partial simulation consumes time: 0.2472233772277832
Partial simulation consumes time: 0.2504441738128662
Partial simulation consumes time: 0.257781982421875
Partial simulation consumes time: 0.2616312503814697
Partial simulation consumes time: 0.25710296630859375
Partial simulation consumes time: 0.2583334445953369
Partial simulation consumes time: 0.2555203437805176
Partial simulation consumes time: 0.2550981044769287
Partial simulation consumes time: 0.2529306411743164
Partial simulation consumes time: 0.25714635848999023
Partial simulation consumes time: 0.28655171394348145
Partial simulation consumes time: 0.27898097038269043
Partial simulation consumes time: 0.26259636878967285
Partial simulation consumes time: 0.2805163860321045
Partial simulation consumes time: 0.2809638977050781
Partial simulation consumes time: 0.2550990581512451
Partial simulation consumes time: 0.2932114601135254
Partial simulation consumes time: 0.24639177322387695
Partial simulation consumes time: 0.27805519104003906
Partial simulation consumes time: 0.24483633041381836
Partial simulation consumes time: 0.24821019172668457
Partial simulation consumes time: 0.255573034286499
Partial simulation consumes time: 0.1848299503326416
Partial simulation consumes time: 0.17857027053833008
Partial simulation consumes time: 0.17658138275146484
Partial simulation consumes time: 0.1782207489013672
Partial simulation consumes time: 0.1755533218383789
Partial simulation consumes time: 0.1765749454498291
Partial simulation consumes time: 0.17655515670776367
Partial simulation consumes time: 0.17525148391723633
Partial simulation consumes time: 0.176741361618042
Partial simulation consumes time: 0.17488908767700195
Partial simulation consumes time: 0.17664432525634766
Partial simulation consumes time: 0.18195819854736328
Partial simulation consumes time: 0.17454218864440918
Partial simulation consumes time: 0.17951560020446777
Partial simulation consumes time: 0.17882156372070312
Partial simulation consumes time: 0.17797327041625977
Partial simulation consumes time: 0.17530345916748047
Partial simulation consumes time: 0.17810416221618652
Partial simulation consumes time: 0.1777803897857666
Partial simulation consumes time: 0.18183660507202148
Partial simulation consumes time: 0.17919611930847168
Partial simulation consumes time: 0.17045950889587402
Partial simulation consumes time: 0.17656373977661133
Partial simulation consumes time: 0.18091773986816406
Partial simulation consumes time: 0.17917847633361816
Partial simulation consumes time: 0.18011832237243652
Partial simulation consumes time: 0.1756143569946289
Partial simulation consumes time: 0.16559791564941406
Partial simulation consumes time: 0.17566585540771484
Partial simulation consumes time: 0.1731865406036377
Partial simulation consumes time: 0.17877769470214844
Partial simulation consumes time: 0.17658615112304688
Partial simulation consumes time: 0.17656254768371582
Partial simulation consumes time: 0.17454886436462402
Partial simulation consumes time: 0.18007159233093262
Partial simulation consumes time: 0.18081021308898926
Partial simulation consumes time: 0.17862606048583984
Partial simulation consumes time: 0.19954133033752441
Partial simulation consumes time: 0.18924498558044434
Partial simulation consumes time: 0.19210171699523926
Partial simulation consumes time: 0.18782591819763184
Partial simulation consumes time: 0.19019508361816406
Partial simulation consumes time: 0.1951429843902588
Partial simulation consumes time: 0.19035553932189941
Partial simulation consumes time: 0.1894996166229248
Partial simulation consumes time: 0.18217253684997559
Partial simulation consumes time: 0.17670726776123047
Partial simulation consumes time: 0.17847466468811035
Partial simulation consumes time: 0.17805075645446777
Partial simulation consumes time: 0.1823129653930664
Partial simulation consumes time: 0.18578648567199707
Partial simulation consumes time: 0.18072080612182617
Partial simulation consumes time: 0.17688274383544922
Partial simulation consumes time: 0.1742842197418213
Partial simulation consumes time: 0.17535185813903809
Partial simulation consumes time: 0.17447853088378906
Partial simulation consumes time: 0.18874907493591309
Partial simulation consumes time: 0.18842267990112305
Partial simulation consumes time: 0.19165730476379395
Partial simulation consumes time: 0.19620776176452637
Partial simulation consumes time: 0.19200396537780762
Partial simulation consumes time: 0.18174242973327637
Partial simulation consumes time: 0.17452716827392578
Partial simulation consumes time: 0.17527008056640625
Partial simulation consumes time: 0.25185704231262207
Partial simulation consumes time: 0.2570509910583496
Partial simulation consumes time: 0.23717308044433594
Partial simulation consumes time: 0.2405414581298828
Partial simulation consumes time: 0.25933098793029785
Partial simulation consumes time: 0.24862337112426758
Partial simulation consumes time: 0.2307906150817871
Partial simulation consumes time: 0.24028420448303223
Partial simulation consumes time: 0.2335355281829834
Partial simulation consumes time: 0.2505829334259033
Partial simulation consumes time: 0.2643890380859375
Partial simulation consumes time: 0.25447773933410645
Partial simulation consumes time: 0.26815295219421387
Partial simulation consumes time: 0.25619959831237793
Partial simulation consumes time: 0.26071786880493164
Partial simulation consumes time: 0.257021427154541
Partial simulation consumes time: 0.26821088790893555
Partial simulation consumes time: 0.258028507232666
Partial simulation consumes time: 0.26366305351257324
Partial simulation consumes time: 0.2681601047515869
Partial simulation consumes time: 0.2789597511291504
Partial simulation consumes time: 0.2721092700958252
Partial simulation consumes time: 0.2588624954223633
Partial simulation consumes time: 0.25824975967407227
Partial simulation consumes time: 0.23768877983093262
Partial simulation consumes time: 0.24150800704956055
Partial simulation consumes time: 0.23682761192321777
Partial simulation consumes time: 0.24232172966003418
Partial simulation consumes time: 0.24219346046447754
Partial simulation consumes time: 0.25567030906677246
Partial simulation consumes time: 0.2403249740600586
Partial simulation consumes time: 0.23984503746032715
Partial simulation consumes time: 0.2391221523284912
Partial simulation consumes time: 0.24184966087341309
Partial simulation consumes time: 0.25298643112182617
Partial simulation consumes time: 0.2506294250488281
Partial simulation consumes time: 0.23436689376831055
Partial simulation consumes time: 0.23447060585021973
Partial simulation consumes time: 0.2375659942626953
Partial simulation consumes time: 0.23928451538085938
Partial simulation consumes time: 0.23859786987304688
Partial simulation consumes time: 0.24940752983093262
Partial simulation consumes time: 0.23343420028686523
Partial simulation consumes time: 0.24256134033203125
Partial simulation consumes time: 0.24356770515441895
Partial simulation consumes time: 0.2383711338043213
Partial simulation consumes time: 0.2468852996826172
Partial simulation consumes time: 0.269822359085083
Partial simulation consumes time: 0.24374151229858398
Partial simulation consumes time: 0.23478055000305176
Partial simulation consumes time: 0.23494815826416016
Partial simulation consumes time: 0.22612357139587402
Partial simulation consumes time: 0.22870349884033203
Partial simulation consumes time: 0.23241209983825684
Partial simulation consumes time: 0.24647212028503418
Partial simulation consumes time: 0.25287532806396484
Partial simulation consumes time: 0.23964357376098633
Partial simulation consumes time: 0.2416691780090332
Partial simulation consumes time: 0.23979878425598145
Partial simulation consumes time: 0.24487805366516113
Partial simulation consumes time: 0.2394239902496338
Partial simulation consumes time: 0.24174237251281738
Partial simulation consumes time: 0.2437293529510498
Partial simulation consumes time: 0.23412823677062988
Partial simulation consumes time: 0.22699332237243652
Partial simulation consumes time: 0.258028507232666
Partial simulation consumes time: 0.22552919387817383
Partial simulation consumes time: 0.23079943656921387
Partial simulation consumes time: 0.25766897201538086
Partial simulation consumes time: 0.26172685623168945
Partial simulation consumes time: 0.23549795150756836
Partial simulation consumes time: 0.2485511302947998
Partial simulation consumes time: 0.2413325309753418
Partial simulation consumes time: 0.23259782791137695
Partial simulation consumes time: 0.2242896556854248
Partial simulation consumes time: 0.24274277687072754
Partial simulation consumes time: 0.25569605827331543
Partial simulation consumes time: 0.25333452224731445
Partial simulation consumes time: 0.2272047996520996
Partial simulation consumes time: 0.22459888458251953
Partial simulation consumes time: 0.23306798934936523
Partial simulation consumes time: 0.26234006881713867
Partial simulation consumes time: 0.2510817050933838
Partial simulation consumes time: 0.2305917739868164
Partial simulation consumes time: 0.24358534812927246
Partial simulation consumes time: 0.22278785705566406
Partial simulation consumes time: 0.24471211433410645
Partial simulation consumes time: 0.2527287006378174
Partial simulation consumes time: 0.24305462837219238
Partial simulation consumes time: 0.22332334518432617
Partial simulation consumes time: 0.22377467155456543
Partial simulation consumes time: 0.24422383308410645
Partial simulation consumes time: 0.24972057342529297
Partial simulation consumes time: 0.24501442909240723
Partial simulation consumes time: 0.25412678718566895
Partial simulation consumes time: 0.25621891021728516
Partial simulation consumes time: 0.22279882431030273
Partial simulation consumes time: 0.24730396270751953
Partial simulation consumes time: 0.2518279552459717
Partial simulation consumes time: 0.23632478713989258
Partial simulation consumes time: 0.2323150634765625
Partial simulation consumes time: 0.2370610237121582
Partial simulation consumes time: 0.23612117767333984
Partial simulation consumes time: 0.2317967414855957
Partial simulation consumes time: 0.24116134643554688
Partial simulation consumes time: 0.2313385009765625
Partial simulation consumes time: 0.23173046112060547
Partial simulation consumes time: 0.22856354713439941
Partial simulation consumes time: 0.253307580947876
Partial simulation consumes time: 0.2283000946044922
Partial simulation consumes time: 0.2284071445465088
Partial simulation consumes time: 0.22867274284362793
Partial simulation consumes time: 0.24640178680419922
Partial simulation consumes time: 0.25621843338012695
Partial simulation consumes time: 0.2552530765533447
Partial simulation consumes time: 0.27899837493896484
Partial simulation consumes time: 0.23677706718444824
Partial simulation consumes time: 0.2614407539367676
Partial simulation consumes time: 0.252399206161499
Partial simulation consumes time: 0.24266624450683594
Partial simulation consumes time: 0.258439302444458
Partial simulation consumes time: 0.23529767990112305
Partial simulation consumes time: 0.2425072193145752
Partial simulation consumes time: 0.2378559112548828
Partial simulation consumes time: 0.25184011459350586
Partial simulation consumes time: 0.2350938320159912
Partial simulation consumes time: 0.26181626319885254
Partial simulation consumes time: 0.2440166473388672
Partial simulation consumes time: 0.2846410274505615
Partial simulation consumes time: 0.274721622467041
Partial simulation consumes time: 0.26217055320739746
Partial simulation consumes time: 0.25469493865966797
Partial simulation consumes time: 0.26549839973449707
Partial simulation consumes time: 0.26365184783935547
Partial simulation consumes time: 0.26512908935546875
Partial simulation consumes time: 0.25958728790283203
Partial simulation consumes time: 0.26020145416259766
Partial simulation consumes time: 0.2605702877044678
Partial simulation consumes time: 0.25746774673461914
Partial simulation consumes time: 0.26961493492126465
Partial simulation consumes time: 0.2694246768951416
Partial simulation consumes time: 0.25882577896118164
Partial simulation consumes time: 0.2716634273529053
Partial simulation consumes time: 0.2632253170013428
Partial simulation consumes time: 0.26264309883117676
Partial simulation consumes time: 0.26369500160217285
Partial simulation consumes time: 0.2662537097930908
Partial simulation consumes time: 0.25939154624938965
Partial simulation consumes time: 0.263261079788208
Partial simulation consumes time: 0.2637972831726074
Partial simulation consumes time: 0.26434326171875
Partial simulation consumes time: 0.2808382511138916
Partial simulation consumes time: 0.2844719886779785
Partial simulation consumes time: 0.2842702865600586
Partial simulation consumes time: 0.2798142433166504
Partial simulation consumes time: 0.27037525177001953
Partial simulation consumes time: 0.257493257522583
Partial simulation consumes time: 0.26108431816101074
Partial simulation consumes time: 0.2588846683502197
Partial simulation consumes time: 0.26279258728027344
Partial simulation consumes time: 0.25980186462402344
Partial simulation consumes time: 0.27205967903137207
Partial simulation consumes time: 0.28154635429382324
Partial simulation consumes time: 0.2856142520904541
Partial simulation consumes time: 0.2837531566619873
Partial simulation consumes time: 0.2841203212738037
Partial simulation consumes time: 0.2846333980560303
Partial simulation consumes time: 0.28360414505004883
Partial simulation consumes time: 0.2830643653869629
Partial simulation consumes time: 0.27421092987060547
Partial simulation consumes time: 0.2764456272125244
Partial simulation consumes time: 0.279390811920166
Partial simulation consumes time: 0.27487969398498535
Partial simulation consumes time: 0.2820165157318115
Partial simulation consumes time: 0.28456711769104004
Partial simulation consumes time: 0.27687835693359375
Partial simulation consumes time: 0.27651023864746094
Partial simulation consumes time: 0.2771294116973877
Partial simulation consumes time: 0.2865409851074219
Partial simulation consumes time: 0.2766909599304199
Partial simulation consumes time: 0.270183801651001
Partial simulation consumes time: 0.26263856887817383
Partial simulation consumes time: 0.26373791694641113
Partial simulation consumes time: 0.2681906223297119
Partial simulation consumes time: 0.3128194808959961
Partial simulation consumes time: 0.28433895111083984
Partial simulation consumes time: 0.28424763679504395
Partial simulation consumes time: 0.2847750186920166
Partial simulation consumes time: 0.2712864875793457
Partial simulation consumes time: 0.2846100330352783
Partial simulation consumes time: 0.30074262619018555
Partial simulation consumes time: 0.2953681945800781
Partial simulation consumes time: 0.051192522048950195
Partial simulation consumes time: 0.053259849548339844
Partial simulation consumes time: 0.05333852767944336
Partial simulation consumes time: 0.05206418037414551
Partial simulation consumes time: 0.06151223182678223
Partial simulation consumes time: 0.06699275970458984
Partial simulation consumes time: 0.05837249755859375
Partial simulation consumes time: 0.05635499954223633
Partial simulation consumes time: 0.06776618957519531
Partial simulation consumes time: 0.056500911712646484
Partial simulation consumes time: 0.06518721580505371
Partial simulation consumes time: 0.06451416015625
Partial simulation consumes time: 0.06087923049926758
Partial simulation consumes time: 0.06137442588806152
Partial simulation consumes time: 0.06991362571716309
Partial simulation consumes time: 0.049540042877197266
Partial simulation consumes time: 0.06155109405517578
Partial simulation consumes time: 0.05258512496948242
Partial simulation consumes time: 0.06040024757385254
Partial simulation consumes time: 0.05076265335083008
Partial simulation consumes time: 0.051752328872680664
Partial simulation consumes time: 0.05028939247131348
Partial simulation consumes time: 0.05215263366699219
Partial simulation consumes time: 0.0570986270904541
Partial simulation consumes time: 0.05121803283691406
Partial simulation consumes time: 0.05600881576538086
Partial simulation consumes time: 0.05615496635437012
Partial simulation consumes time: 0.06327366828918457
Partial simulation consumes time: 0.05367541313171387
Partial simulation consumes time: 0.05034518241882324
Partial simulation consumes time: 0.04930424690246582
Partial simulation consumes time: 0.05169200897216797
Partial simulation consumes time: 0.04890322685241699
Partial simulation consumes time: 0.05388045310974121
Partial simulation consumes time: 0.05163741111755371
Partial simulation consumes time: 0.05095386505126953
Partial simulation consumes time: 0.056276559829711914
Partial simulation consumes time: 0.044734954833984375
Partial simulation consumes time: 0.052588462829589844
Partial simulation consumes time: 0.043065786361694336
Partial simulation consumes time: 0.04942917823791504
Partial simulation consumes time: 0.04751110076904297
Partial simulation consumes time: 0.04612922668457031
Partial simulation consumes time: 0.05352640151977539
Partial simulation consumes time: 0.04732036590576172
Partial simulation consumes time: 0.048891544342041016
Partial simulation consumes time: 0.05363345146179199
Partial simulation consumes time: 0.05019855499267578
Partial simulation consumes time: 0.0533750057220459
Partial simulation consumes time: 0.0481104850769043
Partial simulation consumes time: 0.0505523681640625
Partial simulation consumes time: 0.05655026435852051
Partial simulation consumes time: 0.04902029037475586
Partial simulation consumes time: 0.04683399200439453
Partial simulation consumes time: 0.048612117767333984
Partial simulation consumes time: 0.05724477767944336
Partial simulation consumes time: 0.0506901741027832
Partial simulation consumes time: 0.05004453659057617
Partial simulation consumes time: 0.048632144927978516
Partial simulation consumes time: 0.051995277404785156
Partial simulation consumes time: 0.04897451400756836
Partial simulation consumes time: 0.06287240982055664
Partial simulation consumes time: 0.049044132232666016
Partial simulation consumes time: 0.05490231513977051
Partial simulation consumes time: 0.032179832458496094
Partial simulation consumes time: 0.031864166259765625
Partial simulation consumes time: 0.03660702705383301
Partial simulation consumes time: 0.035012006759643555
Partial simulation consumes time: 0.03302192687988281
Partial simulation consumes time: 0.040636539459228516
Partial simulation consumes time: 0.03139615058898926
Partial simulation consumes time: 0.04360628128051758
Partial simulation consumes time: 0.03400278091430664
Partial simulation consumes time: 0.04060626029968262
Partial simulation consumes time: 0.04452252388000488
Partial simulation consumes time: 0.0439298152923584
Partial simulation consumes time: 0.043192148208618164
Partial simulation consumes time: 0.04878640174865723
Partial simulation consumes time: 0.029052734375
Partial simulation consumes time: 0.03054523468017578
Partial simulation consumes time: 0.02747178077697754
Partial simulation consumes time: 0.030611515045166016
Partial simulation consumes time: 0.028481721878051758
Partial simulation consumes time: 0.031676292419433594
Partial simulation consumes time: 0.0323941707611084
Partial simulation consumes time: 0.03373098373413086
Partial simulation consumes time: 0.03311491012573242
Partial simulation consumes time: 0.03168749809265137
Partial simulation consumes time: 0.03205275535583496
Partial simulation consumes time: 0.03445935249328613
Partial simulation consumes time: 0.03270268440246582
Partial simulation consumes time: 0.03293299674987793
Partial simulation consumes time: 0.030640602111816406
Partial simulation consumes time: 0.028841018676757812
Partial simulation consumes time: 0.030521869659423828
Partial simulation consumes time: 0.027457237243652344
Partial simulation consumes time: 0.027532339096069336
Partial simulation consumes time: 0.031656503677368164
Partial simulation consumes time: 0.033414602279663086
Partial simulation consumes time: 0.03281044960021973
Partial simulation consumes time: 0.03303813934326172
Partial simulation consumes time: 0.0302121639251709
Partial simulation consumes time: 0.03272390365600586
Partial simulation consumes time: 0.03166079521179199
Partial simulation consumes time: 0.03254413604736328
Partial simulation consumes time: 0.03171539306640625
Partial simulation consumes time: 0.0319979190826416
Partial simulation consumes time: 0.030759572982788086
Partial simulation consumes time: 0.03054642677307129
Partial simulation consumes time: 0.027350425720214844
Partial simulation consumes time: 0.027457237243652344
Partial simulation consumes time: 0.030164003372192383
Partial simulation consumes time: 0.03112196922302246
Partial simulation consumes time: 0.033959388732910156
Partial simulation consumes time: 0.03219723701477051
Partial simulation consumes time: 0.02926945686340332
Partial simulation consumes time: 0.035051822662353516
Partial simulation consumes time: 0.0332334041595459
Partial simulation consumes time: 0.04300975799560547
Partial simulation consumes time: 0.032311201095581055
Partial simulation consumes time: 0.042500972747802734
Partial simulation consumes time: 0.04024052619934082
Partial simulation consumes time: 0.03200197219848633
Partial simulation consumes time: 0.04166746139526367
Partial simulation consumes time: 0.03966569900512695
Partial simulation consumes time: 0.034430742263793945
Partial simulation consumes time: 0.04436063766479492
Partial simulation consumes time: 0.035193681716918945
Qdao runs:	630.7593705654144
_initialize	23.037976503372192
_preprocess	33.89602756500244
_postprocess	276.7120678424835
_run	607.704169511795
load_sv	33.36296272277832
store_sv	276.6851191520691
Quafu runs:	96.81599569320679
.

================= 1 passed, 9 deselected in 729.25s (0:12:09) ==================
