============================= test session starts ==============================
platform linux -- Python 3.10.6, pytest-7.2.0, pluggy-1.0.0
rootdir: /root/projects/qcs
collected 10 items / 9 deselected / 1 selected

tst/qdao/engine.py 
::::::::::::::::::Config::::::::::::::::::

NQ::	29
NP::	23
NL::	15
D::	26

::::::::::::::::::Config::::::::::::::::::


:::Reusing existing bench:::::/root/projects/qcs/qdao/benchmarks/qasm/random_29_26_max_operands_2_gen.qasm::::::::

Partial simulation consumes time: 1.1469478607177734
Partial simulation consumes time: 1.2032437324523926
Partial simulation consumes time: 1.3619496822357178
Partial simulation consumes time: 1.2761988639831543
Partial simulation consumes time: 1.283581256866455
Partial simulation consumes time: 1.3499877452850342
Partial simulation consumes time: 1.178511619567871
Partial simulation consumes time: 1.0667672157287598
Partial simulation consumes time: 1.1413965225219727
Partial simulation consumes time: 1.1255669593811035
Partial simulation consumes time: 1.1250433921813965
Partial simulation consumes time: 1.1637556552886963
Partial simulation consumes time: 1.0615692138671875
Partial simulation consumes time: 1.2695002555847168
Partial simulation consumes time: 1.232457160949707
Partial simulation consumes time: 1.2700412273406982
Partial simulation consumes time: 1.2839510440826416
Partial simulation consumes time: 1.2791709899902344
Partial simulation consumes time: 1.2723159790039062
Partial simulation consumes time: 1.3248190879821777
Partial simulation consumes time: 1.2155592441558838
Partial simulation consumes time: 1.3239943981170654
Partial simulation consumes time: 1.2276992797851562
Partial simulation consumes time: 1.147507667541504
Partial simulation consumes time: 1.1004726886749268
Partial simulation consumes time: 1.0793745517730713
Partial simulation consumes time: 1.2019832134246826
Partial simulation consumes time: 1.2838609218597412
Partial simulation consumes time: 1.3078265190124512
Partial simulation consumes time: 1.3152430057525635
Partial simulation consumes time: 1.277510643005371
Partial simulation consumes time: 1.190763235092163
Partial simulation consumes time: 1.2684669494628906
Partial simulation consumes time: 1.2838876247406006
Partial simulation consumes time: 1.1518521308898926
Partial simulation consumes time: 1.165830373764038
Partial simulation consumes time: 1.2742712497711182
Partial simulation consumes time: 1.276449203491211
Partial simulation consumes time: 1.1900339126586914
Partial simulation consumes time: 1.3278977870941162
Partial simulation consumes time: 1.2569210529327393
Partial simulation consumes time: 1.2838785648345947
Partial simulation consumes time: 1.285400629043579
Partial simulation consumes time: 1.2914845943450928
Partial simulation consumes time: 1.2870616912841797
Partial simulation consumes time: 1.1486499309539795
Partial simulation consumes time: 1.2801594734191895
Partial simulation consumes time: 1.300210952758789
Partial simulation consumes time: 1.282639503479004
Partial simulation consumes time: 1.2946281433105469
Partial simulation consumes time: 1.2720158100128174
Partial simulation consumes time: 1.3273272514343262
Partial simulation consumes time: 1.3552520275115967
Partial simulation consumes time: 1.2888188362121582
Partial simulation consumes time: 1.2755272388458252
Partial simulation consumes time: 1.3029367923736572
Partial simulation consumes time: 1.2344114780426025
Partial simulation consumes time: 1.170823335647583
Partial simulation consumes time: 1.0750343799591064
Partial simulation consumes time: 1.0742108821868896
Partial simulation consumes time: 1.0748066902160645
Partial simulation consumes time: 1.0791819095611572
Partial simulation consumes time: 1.0795576572418213
Partial simulation consumes time: 1.069150447845459
Partial simulation consumes time: 0.6109781265258789
Partial simulation consumes time: 0.5540597438812256
Partial simulation consumes time: 0.6246488094329834
Partial simulation consumes time: 0.605968713760376
Partial simulation consumes time: 0.5707924365997314
Partial simulation consumes time: 0.5255475044250488
Partial simulation consumes time: 0.65810227394104
Partial simulation consumes time: 0.6911904811859131
Partial simulation consumes time: 0.6088247299194336
Partial simulation consumes time: 0.6063644886016846
Partial simulation consumes time: 0.6124541759490967
Partial simulation consumes time: 0.6834843158721924
Partial simulation consumes time: 0.6197648048400879
Partial simulation consumes time: 0.6971299648284912
Partial simulation consumes time: 0.6129710674285889
Partial simulation consumes time: 0.689263105392456
Partial simulation consumes time: 0.7104237079620361
Partial simulation consumes time: 0.6545655727386475
Partial simulation consumes time: 0.5935335159301758
Partial simulation consumes time: 0.6089434623718262
Partial simulation consumes time: 0.6722631454467773
Partial simulation consumes time: 0.6806833744049072
Partial simulation consumes time: 0.7136163711547852
Partial simulation consumes time: 0.6029484272003174
Partial simulation consumes time: 0.6158087253570557
Partial simulation consumes time: 0.6738224029541016
Partial simulation consumes time: 0.6508500576019287
Partial simulation consumes time: 0.619556188583374
Partial simulation consumes time: 0.6482992172241211
Partial simulation consumes time: 0.7092468738555908
Partial simulation consumes time: 0.5703365802764893
Partial simulation consumes time: 0.6761844158172607
Partial simulation consumes time: 0.7147817611694336
Partial simulation consumes time: 0.6766533851623535
Partial simulation consumes time: 0.6190962791442871
Partial simulation consumes time: 0.6915411949157715
Partial simulation consumes time: 0.6131727695465088
Partial simulation consumes time: 0.5921690464019775
Partial simulation consumes time: 0.5583598613739014
Partial simulation consumes time: 0.6852352619171143
Partial simulation consumes time: 0.6208503246307373
Partial simulation consumes time: 0.6176533699035645
Partial simulation consumes time: 0.578045129776001
Partial simulation consumes time: 0.5750212669372559
Partial simulation consumes time: 0.5246937274932861
Partial simulation consumes time: 0.5370097160339355
Partial simulation consumes time: 0.5669512748718262
Partial simulation consumes time: 0.5828306674957275
Partial simulation consumes time: 0.5679779052734375
Partial simulation consumes time: 0.5280394554138184
Partial simulation consumes time: 0.642977237701416
Partial simulation consumes time: 0.6437008380889893
Partial simulation consumes time: 0.6970374584197998
Partial simulation consumes time: 0.6131312847137451
Partial simulation consumes time: 0.6822469234466553
Partial simulation consumes time: 0.735541582107544
Partial simulation consumes time: 0.6940045356750488
Partial simulation consumes time: 0.6627206802368164
Partial simulation consumes time: 0.6897487640380859
Partial simulation consumes time: 0.6590161323547363
Partial simulation consumes time: 0.6333215236663818
Partial simulation consumes time: 0.6924443244934082
Partial simulation consumes time: 0.6062626838684082
Partial simulation consumes time: 0.729503870010376
Partial simulation consumes time: 0.830869197845459
Partial simulation consumes time: 0.816464900970459
Partial simulation consumes time: 0.8934659957885742
Partial simulation consumes time: 0.8093976974487305
Partial simulation consumes time: 0.8241360187530518
Partial simulation consumes time: 0.8855471611022949
Partial simulation consumes time: 0.7572693824768066
Partial simulation consumes time: 0.8203470706939697
Partial simulation consumes time: 0.795783281326294
Partial simulation consumes time: 0.6953952312469482
Partial simulation consumes time: 0.7840988636016846
Partial simulation consumes time: 0.7899093627929688
Partial simulation consumes time: 0.7683858871459961
Partial simulation consumes time: 0.8117156028747559
Partial simulation consumes time: 0.8207652568817139
Partial simulation consumes time: 0.8042311668395996
Partial simulation consumes time: 0.8264615535736084
Partial simulation consumes time: 0.8015003204345703
Partial simulation consumes time: 0.8038771152496338
Partial simulation consumes time: 0.8181030750274658
Partial simulation consumes time: 0.917914628982544
Partial simulation consumes time: 0.6977894306182861
Partial simulation consumes time: 0.6958451271057129
Partial simulation consumes time: 0.7589001655578613
Partial simulation consumes time: 0.9201681613922119
Partial simulation consumes time: 0.82065749168396
Partial simulation consumes time: 0.819990873336792
Partial simulation consumes time: 0.8172082901000977
Partial simulation consumes time: 0.8168416023254395
Partial simulation consumes time: 0.9341976642608643
Partial simulation consumes time: 0.8096532821655273
Partial simulation consumes time: 0.8249189853668213
Partial simulation consumes time: 0.8189408779144287
Partial simulation consumes time: 0.8239712715148926
Partial simulation consumes time: 0.8192212581634521
Partial simulation consumes time: 0.8231778144836426
Partial simulation consumes time: 0.8189318180084229
Partial simulation consumes time: 0.7732963562011719
Partial simulation consumes time: 0.700070858001709
Partial simulation consumes time: 0.6930780410766602
Partial simulation consumes time: 0.7812707424163818
Partial simulation consumes time: 0.8103070259094238
Partial simulation consumes time: 0.77610182762146
Partial simulation consumes time: 0.750154972076416
Partial simulation consumes time: 0.8203957080841064
Partial simulation consumes time: 0.821608304977417
Partial simulation consumes time: 0.9452142715454102
Partial simulation consumes time: 0.7805302143096924
Partial simulation consumes time: 0.8299171924591064
Partial simulation consumes time: 0.6961593627929688
Partial simulation consumes time: 0.6928989887237549
Partial simulation consumes time: 0.6936094760894775
Partial simulation consumes time: 0.7704646587371826
Partial simulation consumes time: 0.7803969383239746
Partial simulation consumes time: 0.7665040493011475
Partial simulation consumes time: 0.8327984809875488
Partial simulation consumes time: 0.6912078857421875
Partial simulation consumes time: 0.6879785060882568
Partial simulation consumes time: 0.6974267959594727
Partial simulation consumes time: 0.7456653118133545
Partial simulation consumes time: 0.8269922733306885
Partial simulation consumes time: 0.8173108100891113
Partial simulation consumes time: 0.8261566162109375
Partial simulation consumes time: 0.8053004741668701
Partial simulation consumes time: 0.9509282112121582
Partial simulation consumes time: 0.9586195945739746
Partial simulation consumes time: 0.9612619876861572
Partial simulation consumes time: 0.9559328556060791
Partial simulation consumes time: 0.9099864959716797
Partial simulation consumes time: 0.8069212436676025
Partial simulation consumes time: 0.8036420345306396
Partial simulation consumes time: 0.7985794544219971
Partial simulation consumes time: 0.8218257427215576
Partial simulation consumes time: 0.8059930801391602
Partial simulation consumes time: 0.8067669868469238
Partial simulation consumes time: 0.8435063362121582
Partial simulation consumes time: 0.8028793334960938
Partial simulation consumes time: 0.948065996170044
Partial simulation consumes time: 0.9559178352355957
Partial simulation consumes time: 0.9602017402648926
Partial simulation consumes time: 0.9764888286590576
Partial simulation consumes time: 0.8068339824676514
Partial simulation consumes time: 0.8058362007141113
Partial simulation consumes time: 0.8308138847351074
Partial simulation consumes time: 0.80409836769104
Partial simulation consumes time: 0.806544303894043
Partial simulation consumes time: 0.8055744171142578
Partial simulation consumes time: 0.7998127937316895
Partial simulation consumes time: 0.8841207027435303
Partial simulation consumes time: 0.9597330093383789
Partial simulation consumes time: 0.9567406177520752
Partial simulation consumes time: 0.9501092433929443
Partial simulation consumes time: 0.948326587677002
Partial simulation consumes time: 0.8016359806060791
Partial simulation consumes time: 0.7978701591491699
Partial simulation consumes time: 0.8099191188812256
Partial simulation consumes time: 0.8576838970184326
Partial simulation consumes time: 0.9324183464050293
Partial simulation consumes time: 0.9442164897918701
Partial simulation consumes time: 0.9467434883117676
Partial simulation consumes time: 0.949822187423706
Partial simulation consumes time: 0.9585151672363281
Partial simulation consumes time: 0.8895437717437744
Partial simulation consumes time: 0.8131852149963379
Partial simulation consumes time: 0.8032703399658203
Partial simulation consumes time: 0.910895824432373
Partial simulation consumes time: 0.8035905361175537
Partial simulation consumes time: 0.7993807792663574
Partial simulation consumes time: 0.811471700668335
Partial simulation consumes time: 0.811366081237793
Partial simulation consumes time: 0.8072621822357178
Partial simulation consumes time: 0.8053169250488281
Partial simulation consumes time: 0.8046410083770752
Partial simulation consumes time: 0.8101725578308105
Partial simulation consumes time: 0.8043568134307861
Partial simulation consumes time: 0.9324889183044434
Partial simulation consumes time: 0.9558687210083008
Partial simulation consumes time: 0.949122428894043
Partial simulation consumes time: 0.8993408679962158
Partial simulation consumes time: 0.8105087280273438
Partial simulation consumes time: 0.8092057704925537
Partial simulation consumes time: 0.8061833381652832
Partial simulation consumes time: 0.8109688758850098
Partial simulation consumes time: 0.8111650943756104
Partial simulation consumes time: 0.8141841888427734
Partial simulation consumes time: 0.8617751598358154
Partial simulation consumes time: 0.8064188957214355
Partial simulation consumes time: 0.8087782859802246
Partial simulation consumes time: 0.3435533046722412
Partial simulation consumes time: 0.44922590255737305
Partial simulation consumes time: 0.3388795852661133
Partial simulation consumes time: 0.3524017333984375
Partial simulation consumes time: 0.3392305374145508
Partial simulation consumes time: 0.3374905586242676
Partial simulation consumes time: 0.33886265754699707
Partial simulation consumes time: 0.42896270751953125
Partial simulation consumes time: 0.33376216888427734
Partial simulation consumes time: 0.3389458656311035
Partial simulation consumes time: 0.35225820541381836
Partial simulation consumes time: 0.34639620780944824
Partial simulation consumes time: 0.45680904388427734
Partial simulation consumes time: 0.33568811416625977
Partial simulation consumes time: 0.3501243591308594
Partial simulation consumes time: 0.3948831558227539
Partial simulation consumes time: 0.3941056728363037
Partial simulation consumes time: 0.3639342784881592
Partial simulation consumes time: 0.3676266670227051
Partial simulation consumes time: 0.38567042350769043
Partial simulation consumes time: 0.39398980140686035
Partial simulation consumes time: 0.4007682800292969
Partial simulation consumes time: 0.37203192710876465
Partial simulation consumes time: 0.37041163444519043
Partial simulation consumes time: 0.37996459007263184
Partial simulation consumes time: 0.37288832664489746
Partial simulation consumes time: 0.3686373233795166
Partial simulation consumes time: 0.3980720043182373
Partial simulation consumes time: 0.4038565158843994
Partial simulation consumes time: 0.3722853660583496
Partial simulation consumes time: 0.38054680824279785
Partial simulation consumes time: 0.3707726001739502
Partial simulation consumes time: 0.3675103187561035
Partial simulation consumes time: 0.37761425971984863
Partial simulation consumes time: 0.3676905632019043
Partial simulation consumes time: 0.3668944835662842
Partial simulation consumes time: 0.37250256538391113
Partial simulation consumes time: 0.3989682197570801
Partial simulation consumes time: 0.38593363761901855
Partial simulation consumes time: 0.3812737464904785
Partial simulation consumes time: 0.383267879486084
Partial simulation consumes time: 0.3798484802246094
Partial simulation consumes time: 0.3699002265930176
Partial simulation consumes time: 0.3897278308868408
Partial simulation consumes time: 0.37578678131103516
Partial simulation consumes time: 0.3721587657928467
Partial simulation consumes time: 0.40134334564208984
Partial simulation consumes time: 0.3958771228790283
Partial simulation consumes time: 0.38233304023742676
Partial simulation consumes time: 0.37261390686035156
Partial simulation consumes time: 0.37349438667297363
Partial simulation consumes time: 0.3737034797668457
Partial simulation consumes time: 0.36304783821105957
Partial simulation consumes time: 0.3730602264404297
Partial simulation consumes time: 0.3695559501647949
Partial simulation consumes time: 0.3821258544921875
Partial simulation consumes time: 0.3795480728149414
Partial simulation consumes time: 0.3866269588470459
Partial simulation consumes time: 0.3570420742034912
Partial simulation consumes time: 0.3383462429046631
Partial simulation consumes time: 0.42238593101501465
Partial simulation consumes time: 0.3295328617095947
Partial simulation consumes time: 0.32688093185424805
Partial simulation consumes time: 0.31323790550231934
Partial simulation consumes time: 0.28026318550109863
Partial simulation consumes time: 0.27035975456237793
Partial simulation consumes time: 0.2689704895019531
Partial simulation consumes time: 0.26561856269836426
Partial simulation consumes time: 0.2592606544494629
Partial simulation consumes time: 0.2816448211669922
Partial simulation consumes time: 0.27765321731567383
Partial simulation consumes time: 0.2759888172149658
Partial simulation consumes time: 0.2628657817840576
Partial simulation consumes time: 0.2665128707885742
Partial simulation consumes time: 0.2675952911376953
Partial simulation consumes time: 0.31618356704711914
Partial simulation consumes time: 0.32486414909362793
Partial simulation consumes time: 0.27579450607299805
Partial simulation consumes time: 0.26897192001342773
Partial simulation consumes time: 0.28227758407592773
Partial simulation consumes time: 0.2662787437438965
Partial simulation consumes time: 0.26485252380371094
Partial simulation consumes time: 0.28182411193847656
Partial simulation consumes time: 0.288740873336792
Partial simulation consumes time: 0.26308393478393555
Partial simulation consumes time: 0.30481767654418945
Partial simulation consumes time: 0.2665243148803711
Partial simulation consumes time: 0.2672243118286133
Partial simulation consumes time: 0.2745194435119629
Partial simulation consumes time: 0.2691209316253662
Partial simulation consumes time: 0.3459925651550293
Partial simulation consumes time: 0.2693941593170166
Partial simulation consumes time: 0.31438612937927246
Partial simulation consumes time: 0.31351757049560547
Partial simulation consumes time: 0.29814815521240234
Partial simulation consumes time: 0.2954418659210205
Partial simulation consumes time: 0.27382349967956543
Partial simulation consumes time: 0.26961731910705566
Partial simulation consumes time: 0.28931140899658203
Partial simulation consumes time: 0.31694579124450684
Partial simulation consumes time: 0.29282689094543457
Partial simulation consumes time: 0.2785966396331787
Partial simulation consumes time: 0.2733626365661621
Partial simulation consumes time: 0.2664453983306885
Partial simulation consumes time: 0.2930591106414795
Partial simulation consumes time: 0.35801219940185547
Partial simulation consumes time: 0.3109147548675537
Partial simulation consumes time: 0.311596155166626
Partial simulation consumes time: 0.3040952682495117
Partial simulation consumes time: 0.28850317001342773
Partial simulation consumes time: 0.29642415046691895
Partial simulation consumes time: 0.3194694519042969
Partial simulation consumes time: 0.2942209243774414
Partial simulation consumes time: 0.3006885051727295
Partial simulation consumes time: 0.305586576461792
Partial simulation consumes time: 0.2859456539154053
Partial simulation consumes time: 0.28774118423461914
Partial simulation consumes time: 0.27748584747314453
Partial simulation consumes time: 0.2999885082244873
Partial simulation consumes time: 0.2710709571838379
Partial simulation consumes time: 0.2740025520324707
Partial simulation consumes time: 0.2638826370239258
Partial simulation consumes time: 0.3391914367675781
Partial simulation consumes time: 0.31444358825683594
Partial simulation consumes time: 0.2706899642944336
Partial simulation consumes time: 0.3287384510040283
Partial simulation consumes time: 0.2630288600921631
Partial simulation consumes time: 0.3284118175506592
Partial simulation consumes time: 0.5570623874664307
Partial simulation consumes time: 0.5582990646362305
Partial simulation consumes time: 0.5607259273529053
Partial simulation consumes time: 0.553783655166626
Partial simulation consumes time: 0.5551505088806152
Partial simulation consumes time: 0.5538859367370605
Partial simulation consumes time: 0.5679898262023926
Partial simulation consumes time: 0.5494449138641357
Partial simulation consumes time: 0.5509476661682129
Partial simulation consumes time: 0.5532138347625732
Partial simulation consumes time: 0.5677249431610107
Partial simulation consumes time: 0.5727987289428711
Partial simulation consumes time: 0.7235498428344727
Partial simulation consumes time: 0.6065285205841064
Partial simulation consumes time: 0.5961248874664307
Partial simulation consumes time: 0.6251685619354248
Partial simulation consumes time: 0.5996513366699219
Partial simulation consumes time: 0.621490478515625
Partial simulation consumes time: 0.6055221557617188
Partial simulation consumes time: 0.612152099609375
Partial simulation consumes time: 0.588559627532959
Partial simulation consumes time: 0.5706508159637451
Partial simulation consumes time: 0.5902080535888672
Partial simulation consumes time: 0.6004679203033447
Partial simulation consumes time: 0.659400463104248
Partial simulation consumes time: 0.6301183700561523
Partial simulation consumes time: 0.584402322769165
Partial simulation consumes time: 0.5724809169769287
Partial simulation consumes time: 0.5736608505249023
Partial simulation consumes time: 0.5456173419952393
Partial simulation consumes time: 0.5657892227172852
Partial simulation consumes time: 0.5689094066619873
Partial simulation consumes time: 0.5745038986206055
Partial simulation consumes time: 0.5677905082702637
Partial simulation consumes time: 0.5927157402038574
Partial simulation consumes time: 0.5582919120788574
Partial simulation consumes time: 0.5713415145874023
Partial simulation consumes time: 0.5578558444976807
Partial simulation consumes time: 0.5862197875976562
Partial simulation consumes time: 0.5554442405700684
Partial simulation consumes time: 0.5599589347839355
Partial simulation consumes time: 0.5560781955718994
Partial simulation consumes time: 0.5827338695526123
Partial simulation consumes time: 0.569044828414917
Partial simulation consumes time: 0.5685510635375977
Partial simulation consumes time: 0.5637969970703125
Partial simulation consumes time: 0.5662705898284912
Partial simulation consumes time: 0.6009600162506104
Partial simulation consumes time: 0.6282401084899902
Partial simulation consumes time: 0.6160221099853516
Partial simulation consumes time: 0.6151423454284668
Partial simulation consumes time: 0.625687837600708
Partial simulation consumes time: 0.6363973617553711
Partial simulation consumes time: 0.5951786041259766
Partial simulation consumes time: 0.5765621662139893
Partial simulation consumes time: 0.5879800319671631
Partial simulation consumes time: 0.5859339237213135
Partial simulation consumes time: 0.5874824523925781
Partial simulation consumes time: 0.5879664421081543
Partial simulation consumes time: 0.5858173370361328
Partial simulation consumes time: 0.6147916316986084
Partial simulation consumes time: 0.6043007373809814
Partial simulation consumes time: 0.6017296314239502
Partial simulation consumes time: 0.602611780166626
Partial simulation consumes time: 1.0598797798156738
Partial simulation consumes time: 1.0936264991760254
Partial simulation consumes time: 1.07338547706604
Partial simulation consumes time: 1.0519917011260986
Partial simulation consumes time: 1.087512493133545
Partial simulation consumes time: 1.0829269886016846
Partial simulation consumes time: 0.9878644943237305
Partial simulation consumes time: 1.02066969871521
Partial simulation consumes time: 1.0428483486175537
Partial simulation consumes time: 1.0040483474731445
Partial simulation consumes time: 1.0531225204467773
Partial simulation consumes time: 1.0123264789581299
Partial simulation consumes time: 1.0263638496398926
Partial simulation consumes time: 1.0338597297668457
Partial simulation consumes time: 0.9517278671264648
Partial simulation consumes time: 1.008803129196167
Partial simulation consumes time: 1.0168437957763672
Partial simulation consumes time: 1.01051664352417
Partial simulation consumes time: 1.005425214767456
Partial simulation consumes time: 0.9599480628967285
Partial simulation consumes time: 0.9401702880859375
Partial simulation consumes time: 1.0100727081298828
Partial simulation consumes time: 0.9614005088806152
Partial simulation consumes time: 0.9487795829772949
Partial simulation consumes time: 0.9271788597106934
Partial simulation consumes time: 0.9246387481689453
Partial simulation consumes time: 1.0033583641052246
Partial simulation consumes time: 0.9694669246673584
Partial simulation consumes time: 1.0031945705413818
Partial simulation consumes time: 0.9807243347167969
Partial simulation consumes time: 1.0133373737335205
Partial simulation consumes time: 1.0468332767486572
Partial simulation consumes time: 0.9898152351379395
Partial simulation consumes time: 0.9911439418792725
Partial simulation consumes time: 0.9797623157501221
Partial simulation consumes time: 1.0538504123687744
Partial simulation consumes time: 0.9839465618133545
Partial simulation consumes time: 1.0259385108947754
Partial simulation consumes time: 1.0257816314697266
Partial simulation consumes time: 0.9779884815216064
Partial simulation consumes time: 1.0442161560058594
Partial simulation consumes time: 1.0090792179107666
Partial simulation consumes time: 0.9617547988891602
Partial simulation consumes time: 0.9553117752075195
Partial simulation consumes time: 0.9817547798156738
Partial simulation consumes time: 0.9905991554260254
Partial simulation consumes time: 0.9798924922943115
Partial simulation consumes time: 1.0115137100219727
Partial simulation consumes time: 1.0636603832244873
Partial simulation consumes time: 1.0381457805633545
Partial simulation consumes time: 1.0406951904296875
Partial simulation consumes time: 0.994917631149292
Partial simulation consumes time: 0.9847562313079834
Partial simulation consumes time: 1.0476834774017334
Partial simulation consumes time: 1.0156364440917969
Partial simulation consumes time: 1.0362308025360107
Partial simulation consumes time: 1.0256073474884033
Partial simulation consumes time: 1.0501697063446045
Partial simulation consumes time: 0.9927670955657959
Partial simulation consumes time: 0.9984760284423828
Partial simulation consumes time: 1.0296969413757324
Partial simulation consumes time: 0.9996688365936279
Partial simulation consumes time: 1.0041544437408447
Partial simulation consumes time: 1.0574069023132324
Partial simulation consumes time: 0.8741676807403564
Partial simulation consumes time: 0.8857455253601074
Partial simulation consumes time: 0.8634161949157715
Partial simulation consumes time: 0.8603370189666748
Partial simulation consumes time: 0.8634443283081055
Partial simulation consumes time: 0.8663928508758545
Partial simulation consumes time: 0.8758604526519775
Partial simulation consumes time: 0.8564963340759277
Partial simulation consumes time: 0.8516263961791992
Partial simulation consumes time: 0.8588738441467285
Partial simulation consumes time: 0.876739501953125
Partial simulation consumes time: 0.8679647445678711
Partial simulation consumes time: 0.9004857540130615
Partial simulation consumes time: 0.8793284893035889
Partial simulation consumes time: 0.8840537071228027
Partial simulation consumes time: 0.8698539733886719
Partial simulation consumes time: 0.8723475933074951
Partial simulation consumes time: 0.8869683742523193
Partial simulation consumes time: 0.8802006244659424
Partial simulation consumes time: 0.8685648441314697
Partial simulation consumes time: 0.8644425868988037
Partial simulation consumes time: 0.8605403900146484
Partial simulation consumes time: 0.8448657989501953
Partial simulation consumes time: 0.8606321811676025
Partial simulation consumes time: 0.8698546886444092
Partial simulation consumes time: 0.872671365737915
Partial simulation consumes time: 0.8617777824401855
Partial simulation consumes time: 0.9096977710723877
Partial simulation consumes time: 0.8517720699310303
Partial simulation consumes time: 0.863131046295166
Partial simulation consumes time: 0.85345458984375
Partial simulation consumes time: 0.8503501415252686
Partial simulation consumes time: 0.8658974170684814
Partial simulation consumes time: 0.8772201538085938
Partial simulation consumes time: 0.8627884387969971
Partial simulation consumes time: 0.8655951023101807
Partial simulation consumes time: 0.8464846611022949
Partial simulation consumes time: 0.8504455089569092
Partial simulation consumes time: 0.842707633972168
Partial simulation consumes time: 0.8743922710418701
Partial simulation consumes time: 0.8657021522521973
Partial simulation consumes time: 0.8767309188842773
Partial simulation consumes time: 0.8519225120544434
Partial simulation consumes time: 0.8634061813354492
Partial simulation consumes time: 0.8543128967285156
Partial simulation consumes time: 0.8242888450622559
Partial simulation consumes time: 0.853518009185791
Partial simulation consumes time: 0.8490865230560303
Partial simulation consumes time: 0.8474464416503906
Partial simulation consumes time: 0.8407952785491943
Partial simulation consumes time: 0.8521182537078857
Partial simulation consumes time: 0.8558988571166992
Partial simulation consumes time: 0.8447146415710449
Partial simulation consumes time: 0.8764352798461914
Partial simulation consumes time: 0.8395540714263916
Partial simulation consumes time: 0.8439922332763672
Partial simulation consumes time: 0.8304574489593506
Partial simulation consumes time: 0.8375973701477051
Partial simulation consumes time: 0.8388094902038574
Partial simulation consumes time: 0.8464715480804443
Partial simulation consumes time: 0.8295540809631348
Partial simulation consumes time: 0.8362727165222168
Partial simulation consumes time: 0.8383746147155762
Partial simulation consumes time: 0.8634719848632812
Partial simulation consumes time: 0.540966272354126
Partial simulation consumes time: 0.5551116466522217
Partial simulation consumes time: 0.5133962631225586
Partial simulation consumes time: 0.50042724609375
Partial simulation consumes time: 0.4969451427459717
Partial simulation consumes time: 0.49526476860046387
Partial simulation consumes time: 0.5004520416259766
Partial simulation consumes time: 0.4944436550140381
Partial simulation consumes time: 0.5104091167449951
Partial simulation consumes time: 0.4970278739929199
Partial simulation consumes time: 0.49953460693359375
Partial simulation consumes time: 0.4972975254058838
Partial simulation consumes time: 0.5000104904174805
Partial simulation consumes time: 0.5012054443359375
Partial simulation consumes time: 0.48845672607421875
Partial simulation consumes time: 0.4896550178527832
Partial simulation consumes time: 0.48549580574035645
Partial simulation consumes time: 0.48494648933410645
Partial simulation consumes time: 0.48941779136657715
Partial simulation consumes time: 0.4842813014984131
Partial simulation consumes time: 0.49140334129333496
Partial simulation consumes time: 0.48846912384033203
Partial simulation consumes time: 0.49709343910217285
Partial simulation consumes time: 0.5097446441650391
Partial simulation consumes time: 0.49531984329223633
Partial simulation consumes time: 0.48659825325012207
Partial simulation consumes time: 0.510655403137207
Partial simulation consumes time: 0.5004067420959473
Partial simulation consumes time: 0.4913766384124756
Partial simulation consumes time: 0.4943199157714844
Partial simulation consumes time: 0.49768877029418945
Partial simulation consumes time: 0.4977285861968994
Partial simulation consumes time: 0.4975547790527344
Partial simulation consumes time: 0.4993126392364502
Partial simulation consumes time: 0.4920003414154053
Partial simulation consumes time: 0.5049886703491211
Partial simulation consumes time: 0.4905283451080322
Partial simulation consumes time: 0.4950275421142578
Partial simulation consumes time: 0.49895548820495605
Partial simulation consumes time: 0.5062944889068604
Partial simulation consumes time: 0.5028700828552246
Partial simulation consumes time: 0.49109721183776855
Partial simulation consumes time: 0.49316859245300293
Partial simulation consumes time: 0.5025310516357422
Partial simulation consumes time: 0.5112581253051758
Partial simulation consumes time: 0.5017597675323486
Partial simulation consumes time: 0.49120640754699707
Partial simulation consumes time: 0.5003936290740967
Partial simulation consumes time: 0.49930381774902344
Partial simulation consumes time: 0.5111641883850098
Partial simulation consumes time: 0.5059788227081299
Partial simulation consumes time: 0.5248916149139404
Partial simulation consumes time: 0.5015876293182373
Partial simulation consumes time: 0.4956779479980469
Partial simulation consumes time: 0.5120489597320557
Partial simulation consumes time: 0.48920464515686035
Partial simulation consumes time: 0.49998903274536133
Partial simulation consumes time: 0.4983484745025635
Partial simulation consumes time: 0.5249752998352051
Partial simulation consumes time: 0.5019063949584961
Partial simulation consumes time: 0.49837398529052734
Partial simulation consumes time: 0.5043880939483643
Partial simulation consumes time: 0.5182292461395264
Partial simulation consumes time: 0.5178601741790771
Partial simulation consumes time: 0.4044923782348633
Partial simulation consumes time: 0.4531393051147461
Partial simulation consumes time: 0.45645809173583984
Partial simulation consumes time: 0.4295542240142822
Partial simulation consumes time: 0.4231266975402832
Partial simulation consumes time: 0.425264835357666
Partial simulation consumes time: 0.42908215522766113
Partial simulation consumes time: 0.4048752784729004
Partial simulation consumes time: 0.4312567710876465
Partial simulation consumes time: 0.4120359420776367
Partial simulation consumes time: 0.4264812469482422
Partial simulation consumes time: 0.42610812187194824
Partial simulation consumes time: 0.4111950397491455
Partial simulation consumes time: 0.4130430221557617
Partial simulation consumes time: 0.4255497455596924
Partial simulation consumes time: 0.44239068031311035
Partial simulation consumes time: 0.4104800224304199
Partial simulation consumes time: 0.40999507904052734
Partial simulation consumes time: 0.4369661808013916
Partial simulation consumes time: 0.41933274269104004
Partial simulation consumes time: 0.4248659610748291
Partial simulation consumes time: 0.4446258544921875
Partial simulation consumes time: 0.4379394054412842
Partial simulation consumes time: 0.4331395626068115
Partial simulation consumes time: 0.42630434036254883
Partial simulation consumes time: 0.4121220111846924
Partial simulation consumes time: 0.4362766742706299
Partial simulation consumes time: 0.4285917282104492
Partial simulation consumes time: 0.44383859634399414
Partial simulation consumes time: 0.4134039878845215
Partial simulation consumes time: 0.4088914394378662
Partial simulation consumes time: 0.4010913372039795
Partial simulation consumes time: 0.4111287593841553
Partial simulation consumes time: 0.4259064197540283
Partial simulation consumes time: 0.4295189380645752
Partial simulation consumes time: 0.42427968978881836
Partial simulation consumes time: 0.43488001823425293
Partial simulation consumes time: 0.4060835838317871
Partial simulation consumes time: 0.4399416446685791
Partial simulation consumes time: 0.4378480911254883
Partial simulation consumes time: 0.404468297958374
Partial simulation consumes time: 0.4239346981048584
Partial simulation consumes time: 0.419048547744751
Partial simulation consumes time: 0.4261624813079834
Partial simulation consumes time: 0.41874170303344727
Partial simulation consumes time: 0.4309878349304199
Partial simulation consumes time: 0.39798569679260254
Partial simulation consumes time: 0.40702342987060547
Partial simulation consumes time: 0.42598819732666016
Partial simulation consumes time: 0.40804195404052734
Partial simulation consumes time: 0.42295050621032715
Partial simulation consumes time: 0.4109029769897461
Partial simulation consumes time: 0.42270898818969727
Partial simulation consumes time: 0.4291956424713135
Partial simulation consumes time: 0.40965700149536133
Partial simulation consumes time: 0.4059751033782959
Partial simulation consumes time: 0.4322659969329834
Partial simulation consumes time: 0.43340373039245605
Partial simulation consumes time: 0.4074859619140625
Partial simulation consumes time: 0.4282033443450928
Partial simulation consumes time: 0.42240452766418457
Partial simulation consumes time: 0.4109523296356201
Partial simulation consumes time: 0.40984225273132324
Partial simulation consumes time: 0.41887426376342773
Partial simulation consumes time: 0.5415611267089844
Partial simulation consumes time: 0.54530930519104
Partial simulation consumes time: 0.5548434257507324
Partial simulation consumes time: 0.534104585647583
Partial simulation consumes time: 0.5315418243408203
Partial simulation consumes time: 0.5967473983764648
Partial simulation consumes time: 0.7771000862121582
Partial simulation consumes time: 0.574007511138916
Partial simulation consumes time: 0.767866849899292
Partial simulation consumes time: 0.5429670810699463
Partial simulation consumes time: 0.5469019412994385
Partial simulation consumes time: 0.5789761543273926
Partial simulation consumes time: 0.5529844760894775
Partial simulation consumes time: 0.5392067432403564
Partial simulation consumes time: 0.7354342937469482
Partial simulation consumes time: 0.5394885540008545
Partial simulation consumes time: 0.5469529628753662
Partial simulation consumes time: 0.5519499778747559
Partial simulation consumes time: 0.5407249927520752
Partial simulation consumes time: 0.5466666221618652
Partial simulation consumes time: 0.5778107643127441
Partial simulation consumes time: 0.5384762287139893
Partial simulation consumes time: 0.5656797885894775
Partial simulation consumes time: 0.5401506423950195
Partial simulation consumes time: 0.5373368263244629
Partial simulation consumes time: 0.5528993606567383
Partial simulation consumes time: 0.537010669708252
Partial simulation consumes time: 0.5511224269866943
Partial simulation consumes time: 0.5373630523681641
Partial simulation consumes time: 0.6920549869537354
Partial simulation consumes time: 0.5365173816680908
Partial simulation consumes time: 0.5368354320526123
Partial simulation consumes time: 0.5645620822906494
Partial simulation consumes time: 0.551140308380127
Partial simulation consumes time: 0.538823127746582
Partial simulation consumes time: 0.5518736839294434
Partial simulation consumes time: 0.5447573661804199
Partial simulation consumes time: 0.6885871887207031
Partial simulation consumes time: 0.5447404384613037
Partial simulation consumes time: 0.7372124195098877
Partial simulation consumes time: 0.551051139831543
Partial simulation consumes time: 0.6819314956665039
Partial simulation consumes time: 0.5508465766906738
Partial simulation consumes time: 0.5496840476989746
Partial simulation consumes time: 0.7154004573822021
Partial simulation consumes time: 0.5627009868621826
Partial simulation consumes time: 0.5456864833831787
Partial simulation consumes time: 0.7362511157989502
Partial simulation consumes time: 0.7398021221160889
Partial simulation consumes time: 0.5414731502532959
Partial simulation consumes time: 0.5504593849182129
Partial simulation consumes time: 0.5527818202972412
Partial simulation consumes time: 0.5593752861022949
Partial simulation consumes time: 0.5832338333129883
Partial simulation consumes time: 0.5453288555145264
Partial simulation consumes time: 0.5426089763641357
Partial simulation consumes time: 0.545839786529541
Partial simulation consumes time: 0.5432794094085693
Partial simulation consumes time: 0.7516295909881592
Partial simulation consumes time: 0.6917932033538818
Partial simulation consumes time: 0.5535056591033936
Partial simulation consumes time: 0.5531477928161621
Partial simulation consumes time: 0.5475151538848877
Partial simulation consumes time: 0.5505344867706299
Partial simulation consumes time: 0.14464688301086426
Partial simulation consumes time: 0.14738082885742188
Partial simulation consumes time: 0.15472984313964844
Partial simulation consumes time: 0.1505718231201172
Partial simulation consumes time: 0.15622329711914062
Partial simulation consumes time: 0.15932250022888184
Partial simulation consumes time: 0.16406726837158203
Partial simulation consumes time: 0.16597986221313477
Partial simulation consumes time: 0.1587212085723877
Partial simulation consumes time: 0.16753292083740234
Partial simulation consumes time: 0.16913604736328125
Partial simulation consumes time: 0.16761398315429688
Partial simulation consumes time: 0.16990089416503906
Partial simulation consumes time: 0.1607654094696045
Partial simulation consumes time: 0.16363954544067383
Partial simulation consumes time: 0.16609978675842285
Partial simulation consumes time: 0.1674633026123047
Partial simulation consumes time: 0.16734862327575684
Partial simulation consumes time: 0.15757346153259277
Partial simulation consumes time: 0.19049811363220215
Partial simulation consumes time: 0.16675281524658203
Partial simulation consumes time: 0.1673421859741211
Partial simulation consumes time: 0.15917634963989258
Partial simulation consumes time: 0.17414546012878418
Partial simulation consumes time: 0.1698465347290039
Partial simulation consumes time: 0.1647510528564453
Partial simulation consumes time: 0.16780352592468262
Partial simulation consumes time: 0.16804027557373047
Partial simulation consumes time: 0.163956880569458
Partial simulation consumes time: 0.16576099395751953
Partial simulation consumes time: 0.16944265365600586
Partial simulation consumes time: 0.16086697578430176
Partial simulation consumes time: 0.15551304817199707
Partial simulation consumes time: 0.15457701683044434
Partial simulation consumes time: 0.1646115779876709
Partial simulation consumes time: 0.1601545810699463
Partial simulation consumes time: 0.16736078262329102
Partial simulation consumes time: 0.16332387924194336
Partial simulation consumes time: 0.16455316543579102
Partial simulation consumes time: 0.16330695152282715
Partial simulation consumes time: 0.15395236015319824
Partial simulation consumes time: 0.15871238708496094
Partial simulation consumes time: 0.15956616401672363
Partial simulation consumes time: 0.15195131301879883
Partial simulation consumes time: 0.15502643585205078
Partial simulation consumes time: 0.16408371925354004
Partial simulation consumes time: 0.15766525268554688
Partial simulation consumes time: 0.1581580638885498
Partial simulation consumes time: 0.15467357635498047
Partial simulation consumes time: 0.1602306365966797
Partial simulation consumes time: 0.1621556282043457
Partial simulation consumes time: 0.16126060485839844
Partial simulation consumes time: 0.17114853858947754
Partial simulation consumes time: 0.1587686538696289
Partial simulation consumes time: 0.16243553161621094
Partial simulation consumes time: 0.16076326370239258
Partial simulation consumes time: 0.16942739486694336
Partial simulation consumes time: 0.16254830360412598
Partial simulation consumes time: 0.1685934066772461
Partial simulation consumes time: 0.15243744850158691
Partial simulation consumes time: 0.15879249572753906
Partial simulation consumes time: 0.15915608406066895
Partial simulation consumes time: 0.16396617889404297
Partial simulation consumes time: 0.15267205238342285
Partial simulation consumes time: 0.08907127380371094
Partial simulation consumes time: 0.0986783504486084
Partial simulation consumes time: 0.10830855369567871
Partial simulation consumes time: 0.09878373146057129
Partial simulation consumes time: 0.10508108139038086
Partial simulation consumes time: 0.10621881484985352
Partial simulation consumes time: 0.09743714332580566
Partial simulation consumes time: 0.1127314567565918
Partial simulation consumes time: 0.10058307647705078
Partial simulation consumes time: 0.10474061965942383
Partial simulation consumes time: 0.12561655044555664
Partial simulation consumes time: 0.10150742530822754
Partial simulation consumes time: 0.10281658172607422
Partial simulation consumes time: 0.0999603271484375
Partial simulation consumes time: 0.10557794570922852
Partial simulation consumes time: 0.1055138111114502
Partial simulation consumes time: 0.1067965030670166
Partial simulation consumes time: 0.09839773178100586
Partial simulation consumes time: 0.09315991401672363
Partial simulation consumes time: 0.1022341251373291
Partial simulation consumes time: 0.10497474670410156
Partial simulation consumes time: 0.0947880744934082
Partial simulation consumes time: 0.10113191604614258
Partial simulation consumes time: 0.09116435050964355
Partial simulation consumes time: 0.09782218933105469
Partial simulation consumes time: 0.09328675270080566
Partial simulation consumes time: 0.08853530883789062
Partial simulation consumes time: 0.10464739799499512
Partial simulation consumes time: 0.11263298988342285
Partial simulation consumes time: 0.10434889793395996
Partial simulation consumes time: 0.08508539199829102
Partial simulation consumes time: 0.09909820556640625
Partial simulation consumes time: 0.08857083320617676
Partial simulation consumes time: 0.08991479873657227
Partial simulation consumes time: 0.0962669849395752
Partial simulation consumes time: 0.10779237747192383
Partial simulation consumes time: 0.1012113094329834
Partial simulation consumes time: 0.09631156921386719
Partial simulation consumes time: 0.10666108131408691
Partial simulation consumes time: 0.10590004920959473
Partial simulation consumes time: 0.11116242408752441
Partial simulation consumes time: 0.11348390579223633
Partial simulation consumes time: 0.11390161514282227
Partial simulation consumes time: 0.10721635818481445
Partial simulation consumes time: 0.11241650581359863
Partial simulation consumes time: 0.1080327033996582
Partial simulation consumes time: 0.10299539566040039
Partial simulation consumes time: 0.09014701843261719
Partial simulation consumes time: 0.10352110862731934
Partial simulation consumes time: 0.0944666862487793
Partial simulation consumes time: 0.1069800853729248
Partial simulation consumes time: 0.10929131507873535
Partial simulation consumes time: 0.09871053695678711
Partial simulation consumes time: 0.09747505187988281
Partial simulation consumes time: 0.10013818740844727
Partial simulation consumes time: 0.09929585456848145
Partial simulation consumes time: 0.09890103340148926
Partial simulation consumes time: 0.10442924499511719
Partial simulation consumes time: 0.10721540451049805
Partial simulation consumes time: 0.10036969184875488
Partial simulation consumes time: 0.10626029968261719
Partial simulation consumes time: 0.10326170921325684
Partial simulation consumes time: 0.09843730926513672
Partial simulation consumes time: 0.09562087059020996
Qdao runs:	1144.703804731369
_initialize	70.66261839866638
_preprocess	103.91795659065247
_postprocess	432.07050371170044
_run	1074.0225942134857
load_sv	103.59260940551758
store_sv	432.0529098510742
Quafu runs:	497.9396822452545
.

================= 1 passed, 9 deselected in 1644.47s (0:27:24) =================
