============================= test session starts ==============================
platform linux -- Python 3.10.6, pytest-7.2.0, pluggy-1.0.0
rootdir: /root/projects/qcs
collected 12 items / 11 deselected / 1 selected

tst/qdao/engine.py 
::::::::::::::::::Config::::::::::::::::::

NQ::	25
NP::	19
NL::	11
D::	22

::::::::::::::::::Config::::::::::::::::::


:::Reusing existing bench:::::/root/projects/qcs/qdao/benchmarks/qasm/random_25_22_max_operands_2_gen.qasm::::::::

Partial simulation consumes time: 0.02316761016845703
Partial simulation consumes time: 0.024257421493530273
Partial simulation consumes time: 0.029527902603149414
Partial simulation consumes time: 0.06374025344848633
Partial simulation consumes time: 0.02934741973876953
Partial simulation consumes time: 0.024992704391479492
Partial simulation consumes time: 0.023265600204467773
Partial simulation consumes time: 0.02251911163330078
Partial simulation consumes time: 0.02376866340637207
Partial simulation consumes time: 0.024060487747192383
Partial simulation consumes time: 0.02523326873779297
Partial simulation consumes time: 0.023970842361450195
Partial simulation consumes time: 0.023672103881835938
Partial simulation consumes time: 0.024180173873901367
Partial simulation consumes time: 0.025120019912719727
Partial simulation consumes time: 0.0319361686706543
Partial simulation consumes time: 0.022310733795166016
Partial simulation consumes time: 0.03140449523925781
Partial simulation consumes time: 0.026023387908935547
Partial simulation consumes time: 0.027402639389038086
Partial simulation consumes time: 0.02433013916015625
Partial simulation consumes time: 0.024124860763549805
Partial simulation consumes time: 0.024059057235717773
Partial simulation consumes time: 0.024531126022338867
Partial simulation consumes time: 0.02407979965209961
Partial simulation consumes time: 0.025551795959472656
Partial simulation consumes time: 0.026888132095336914
Partial simulation consumes time: 0.024097442626953125
Partial simulation consumes time: 0.02462148666381836
Partial simulation consumes time: 0.024466514587402344
Partial simulation consumes time: 0.022118568420410156
Partial simulation consumes time: 0.02448892593383789
Partial simulation consumes time: 0.021915435791015625
Partial simulation consumes time: 0.024291515350341797
Partial simulation consumes time: 0.025450944900512695
Partial simulation consumes time: 0.025365352630615234
Partial simulation consumes time: 0.022530794143676758
Partial simulation consumes time: 0.02355480194091797
Partial simulation consumes time: 0.02721548080444336
Partial simulation consumes time: 0.024104833602905273
Partial simulation consumes time: 0.03153109550476074
Partial simulation consumes time: 0.024576425552368164
Partial simulation consumes time: 0.02409982681274414
Partial simulation consumes time: 0.02692890167236328
Partial simulation consumes time: 0.026444435119628906
Partial simulation consumes time: 0.02431201934814453
Partial simulation consumes time: 0.031568288803100586
Partial simulation consumes time: 0.026543855667114258
Partial simulation consumes time: 0.02474832534790039
Partial simulation consumes time: 0.024081945419311523
Partial simulation consumes time: 0.027374744415283203
Partial simulation consumes time: 0.02369070053100586
Partial simulation consumes time: 0.024606704711914062
Partial simulation consumes time: 0.028238773345947266
Partial simulation consumes time: 0.030957937240600586
Partial simulation consumes time: 0.022033214569091797
Partial simulation consumes time: 0.0214540958404541
Partial simulation consumes time: 0.024004697799682617
Partial simulation consumes time: 0.021918058395385742
Partial simulation consumes time: 0.02368450164794922
Partial simulation consumes time: 0.024662017822265625
Partial simulation consumes time: 0.024645566940307617
Partial simulation consumes time: 0.022001981735229492
Partial simulation consumes time: 0.024895906448364258
Partial simulation consumes time: 0.02592158317565918
Partial simulation consumes time: 0.026483774185180664
Partial simulation consumes time: 0.025810956954956055
Partial simulation consumes time: 0.027848482131958008
Partial simulation consumes time: 0.027285337448120117
Partial simulation consumes time: 0.02554798126220703
Partial simulation consumes time: 0.04795980453491211
Partial simulation consumes time: 0.02546977996826172
Partial simulation consumes time: 0.034674644470214844
Partial simulation consumes time: 0.02597665786743164
Partial simulation consumes time: 0.026295185089111328
Partial simulation consumes time: 0.03280997276306152
Partial simulation consumes time: 0.031111717224121094
Partial simulation consumes time: 0.03543496131896973
Partial simulation consumes time: 0.02681756019592285
Partial simulation consumes time: 0.026493549346923828
Partial simulation consumes time: 0.025657176971435547
Partial simulation consumes time: 0.025633573532104492
Partial simulation consumes time: 0.026906490325927734
Partial simulation consumes time: 0.026550769805908203
Partial simulation consumes time: 0.025745391845703125
Partial simulation consumes time: 0.033861398696899414
Partial simulation consumes time: 0.027645111083984375
Partial simulation consumes time: 0.027061939239501953
Partial simulation consumes time: 0.025429487228393555
Partial simulation consumes time: 0.026202678680419922
Partial simulation consumes time: 0.03647184371948242
Partial simulation consumes time: 0.02613663673400879
Partial simulation consumes time: 0.025665998458862305
Partial simulation consumes time: 0.025866031646728516
Partial simulation consumes time: 0.029015779495239258
Partial simulation consumes time: 0.02636122703552246
Partial simulation consumes time: 0.026117324829101562
Partial simulation consumes time: 0.02549004554748535
Partial simulation consumes time: 0.025496959686279297
Partial simulation consumes time: 0.027233600616455078
Partial simulation consumes time: 0.03976011276245117
Partial simulation consumes time: 0.02549147605895996
Partial simulation consumes time: 0.026792287826538086
Partial simulation consumes time: 0.02748394012451172
Partial simulation consumes time: 0.026514291763305664
Partial simulation consumes time: 0.025536060333251953
Partial simulation consumes time: 0.03106689453125
Partial simulation consumes time: 0.02785634994506836
Partial simulation consumes time: 0.02947545051574707
Partial simulation consumes time: 0.025840044021606445
Partial simulation consumes time: 0.027209758758544922
Partial simulation consumes time: 0.025774002075195312
Partial simulation consumes time: 0.025767087936401367
Partial simulation consumes time: 0.026110172271728516
Partial simulation consumes time: 0.026168346405029297
Partial simulation consumes time: 0.027315139770507812
Partial simulation consumes time: 0.025914430618286133
Partial simulation consumes time: 0.02556777000427246
Partial simulation consumes time: 0.026414155960083008
Partial simulation consumes time: 0.02561187744140625
Partial simulation consumes time: 0.025827646255493164
Partial simulation consumes time: 0.02700662612915039
Partial simulation consumes time: 0.027855873107910156
Partial simulation consumes time: 0.02962779998779297
Partial simulation consumes time: 0.041089773178100586
Partial simulation consumes time: 0.02537393569946289
Partial simulation consumes time: 0.026065587997436523
Partial simulation consumes time: 0.02540111541748047
Partial simulation consumes time: 0.023206472396850586
Partial simulation consumes time: 0.019260883331298828
Partial simulation consumes time: 0.01810169219970703
Partial simulation consumes time: 0.018469572067260742
Partial simulation consumes time: 0.018052101135253906
Partial simulation consumes time: 0.02336430549621582
Partial simulation consumes time: 0.02205204963684082
Partial simulation consumes time: 0.018191814422607422
Partial simulation consumes time: 0.018383502960205078
Partial simulation consumes time: 0.019930601119995117
Partial simulation consumes time: 0.021852970123291016
Partial simulation consumes time: 0.018597841262817383
Partial simulation consumes time: 0.01848578453063965
Partial simulation consumes time: 0.0185089111328125
Partial simulation consumes time: 0.01858234405517578
Partial simulation consumes time: 0.018915176391601562
Partial simulation consumes time: 0.01869654655456543
Partial simulation consumes time: 0.01841568946838379
Partial simulation consumes time: 0.018980979919433594
Partial simulation consumes time: 0.020888090133666992
Partial simulation consumes time: 0.020812273025512695
Partial simulation consumes time: 0.018515825271606445
Partial simulation consumes time: 0.01830601692199707
Partial simulation consumes time: 0.01858210563659668
Partial simulation consumes time: 0.02256155014038086
Partial simulation consumes time: 0.01835155487060547
Partial simulation consumes time: 0.019871950149536133
Partial simulation consumes time: 0.01849675178527832
Partial simulation consumes time: 0.01930546760559082
Partial simulation consumes time: 0.01898193359375
Partial simulation consumes time: 0.01861095428466797
Partial simulation consumes time: 0.023616313934326172
Partial simulation consumes time: 0.0590975284576416
Partial simulation consumes time: 0.2734689712524414
Partial simulation consumes time: 0.017992258071899414
Partial simulation consumes time: 0.019586801528930664
Partial simulation consumes time: 0.02108168601989746
Partial simulation consumes time: 0.018480300903320312
Partial simulation consumes time: 0.018544912338256836
Partial simulation consumes time: 0.021439552307128906
Partial simulation consumes time: 0.018178462982177734
Partial simulation consumes time: 0.01825737953186035
Partial simulation consumes time: 0.018527984619140625
Partial simulation consumes time: 0.018253803253173828
Partial simulation consumes time: 0.018441438674926758
Partial simulation consumes time: 0.018192529678344727
Partial simulation consumes time: 0.01809382438659668
Partial simulation consumes time: 0.018896102905273438
Partial simulation consumes time: 0.018455028533935547
Partial simulation consumes time: 0.01970386505126953
Partial simulation consumes time: 0.01897406578063965
Partial simulation consumes time: 0.018549442291259766
Partial simulation consumes time: 0.018227338790893555
Partial simulation consumes time: 0.01778697967529297
Partial simulation consumes time: 0.01879739761352539
Partial simulation consumes time: 0.019646883010864258
Partial simulation consumes time: 0.018407583236694336
Partial simulation consumes time: 0.018218517303466797
Partial simulation consumes time: 0.023095130920410156
Partial simulation consumes time: 0.018297195434570312
Partial simulation consumes time: 0.018368959426879883
Partial simulation consumes time: 0.023360013961791992
Partial simulation consumes time: 0.02082991600036621
Partial simulation consumes time: 0.02050924301147461
Partial simulation consumes time: 0.03664994239807129
Partial simulation consumes time: 0.03421592712402344
Partial simulation consumes time: 0.034348249435424805
Partial simulation consumes time: 0.0417180061340332
Partial simulation consumes time: 0.03802227973937988
Partial simulation consumes time: 0.03637218475341797
Partial simulation consumes time: 0.04601311683654785
Partial simulation consumes time: 0.03391623497009277
Partial simulation consumes time: 0.0360262393951416
Partial simulation consumes time: 0.03577756881713867
Partial simulation consumes time: 0.03664350509643555
Partial simulation consumes time: 0.03516888618469238
Partial simulation consumes time: 0.036266326904296875
Partial simulation consumes time: 0.04290413856506348
Partial simulation consumes time: 0.03801751136779785
Partial simulation consumes time: 0.04937410354614258
Partial simulation consumes time: 0.0364382266998291
Partial simulation consumes time: 0.04283285140991211
Partial simulation consumes time: 0.04546642303466797
Partial simulation consumes time: 0.03650832176208496
Partial simulation consumes time: 0.03365659713745117
Partial simulation consumes time: 0.03331780433654785
Partial simulation consumes time: 0.03770756721496582
Partial simulation consumes time: 0.03693747520446777
Partial simulation consumes time: 0.03772711753845215
Partial simulation consumes time: 0.04184365272521973
Partial simulation consumes time: 0.033963680267333984
Partial simulation consumes time: 0.03571271896362305
Partial simulation consumes time: 0.033690452575683594
Partial simulation consumes time: 0.033293724060058594
Partial simulation consumes time: 0.034075260162353516
Partial simulation consumes time: 0.03770756721496582
Partial simulation consumes time: 0.04305720329284668
Partial simulation consumes time: 0.03670191764831543
Partial simulation consumes time: 0.03819704055786133
Partial simulation consumes time: 0.03723406791687012
Partial simulation consumes time: 0.03493022918701172
Partial simulation consumes time: 0.03566575050354004
Partial simulation consumes time: 0.040799617767333984
Partial simulation consumes time: 0.038400888442993164
Partial simulation consumes time: 0.03434252738952637
Partial simulation consumes time: 0.034055233001708984
Partial simulation consumes time: 0.036637306213378906
Partial simulation consumes time: 0.03572344779968262
Partial simulation consumes time: 0.033486366271972656
Partial simulation consumes time: 0.03335428237915039
Partial simulation consumes time: 0.042957305908203125
Partial simulation consumes time: 0.03326892852783203
Partial simulation consumes time: 0.03419685363769531
Partial simulation consumes time: 0.03359866142272949
Partial simulation consumes time: 0.03409218788146973
Partial simulation consumes time: 0.03401970863342285
Partial simulation consumes time: 0.034731388092041016
Partial simulation consumes time: 0.03346538543701172
Partial simulation consumes time: 0.03343987464904785
Partial simulation consumes time: 0.03581404685974121
Partial simulation consumes time: 0.03466677665710449
Partial simulation consumes time: 0.04361701011657715
Partial simulation consumes time: 0.04593038558959961
Partial simulation consumes time: 0.033246755599975586
Partial simulation consumes time: 0.0408940315246582
Partial simulation consumes time: 0.035063982009887695
Partial simulation consumes time: 0.03813600540161133
Partial simulation consumes time: 0.03402400016784668
Partial simulation consumes time: 0.030096054077148438
Partial simulation consumes time: 0.026293277740478516
Partial simulation consumes time: 0.03056931495666504
Partial simulation consumes time: 0.029132843017578125
Partial simulation consumes time: 0.026979684829711914
Partial simulation consumes time: 0.026589393615722656
Partial simulation consumes time: 0.033005714416503906
Partial simulation consumes time: 0.02670121192932129
Partial simulation consumes time: 0.028795480728149414
Partial simulation consumes time: 0.028978824615478516
Partial simulation consumes time: 0.026793479919433594
Partial simulation consumes time: 0.02814006805419922
Partial simulation consumes time: 0.029468774795532227
Partial simulation consumes time: 0.030121803283691406
Partial simulation consumes time: 0.030997037887573242
Partial simulation consumes time: 0.029044628143310547
Partial simulation consumes time: 0.03535294532775879
Partial simulation consumes time: 0.026524066925048828
Partial simulation consumes time: 0.033647775650024414
Partial simulation consumes time: 0.0296783447265625
Partial simulation consumes time: 0.03653526306152344
Partial simulation consumes time: 0.030077695846557617
Partial simulation consumes time: 0.026986122131347656
Partial simulation consumes time: 0.029076814651489258
Partial simulation consumes time: 0.02743816375732422
Partial simulation consumes time: 0.028928756713867188
Partial simulation consumes time: 0.028989076614379883
Partial simulation consumes time: 0.031267642974853516
Partial simulation consumes time: 0.03453993797302246
Partial simulation consumes time: 0.02869725227355957
Partial simulation consumes time: 0.026468276977539062
Partial simulation consumes time: 0.029459714889526367
Partial simulation consumes time: 0.029967784881591797
Partial simulation consumes time: 0.027090072631835938
Partial simulation consumes time: 0.032085418701171875
Partial simulation consumes time: 0.026499509811401367
Partial simulation consumes time: 0.026568174362182617
Partial simulation consumes time: 0.029138565063476562
Partial simulation consumes time: 0.02671194076538086
Partial simulation consumes time: 0.02935028076171875
Partial simulation consumes time: 0.029288291931152344
Partial simulation consumes time: 0.03032231330871582
Partial simulation consumes time: 0.030252933502197266
Partial simulation consumes time: 0.02769780158996582
Partial simulation consumes time: 0.026650428771972656
Partial simulation consumes time: 0.02913808822631836
Partial simulation consumes time: 0.02793717384338379
Partial simulation consumes time: 0.028736352920532227
Partial simulation consumes time: 0.03479933738708496
Partial simulation consumes time: 0.02929067611694336
Partial simulation consumes time: 0.02683544158935547
Partial simulation consumes time: 0.03038620948791504
Partial simulation consumes time: 0.028676509857177734
Partial simulation consumes time: 0.029706478118896484
Partial simulation consumes time: 0.03547191619873047
Partial simulation consumes time: 0.0264894962310791
Partial simulation consumes time: 0.033678531646728516
Partial simulation consumes time: 0.028617143630981445
Partial simulation consumes time: 0.02944326400756836
Partial simulation consumes time: 0.028591632843017578
Partial simulation consumes time: 0.033766984939575195
Partial simulation consumes time: 0.029108285903930664
Partial simulation consumes time: 0.029345273971557617
Partial simulation consumes time: 0.02937483787536621
Partial simulation consumes time: 0.031485557556152344
Partial simulation consumes time: 0.031287431716918945
Partial simulation consumes time: 0.03673696517944336
Partial simulation consumes time: 0.04401755332946777
Partial simulation consumes time: 0.031328678131103516
Partial simulation consumes time: 0.03844809532165527
Partial simulation consumes time: 0.0382535457611084
Partial simulation consumes time: 0.040499210357666016
Partial simulation consumes time: 0.03635573387145996
Partial simulation consumes time: 0.04522585868835449
Partial simulation consumes time: 0.034154653549194336
Partial simulation consumes time: 0.037549495697021484
Partial simulation consumes time: 0.04065680503845215
Partial simulation consumes time: 0.037637948989868164
Partial simulation consumes time: 0.04133892059326172
Partial simulation consumes time: 0.03960156440734863
Partial simulation consumes time: 0.03515505790710449
Partial simulation consumes time: 0.03981518745422363
Partial simulation consumes time: 0.03223156929016113
Partial simulation consumes time: 0.031083345413208008
Partial simulation consumes time: 0.03809833526611328
Partial simulation consumes time: 0.03331565856933594
Partial simulation consumes time: 0.04403996467590332
Partial simulation consumes time: 0.03907060623168945
Partial simulation consumes time: 0.030791282653808594
Partial simulation consumes time: 0.038265228271484375
Partial simulation consumes time: 0.03987383842468262
Partial simulation consumes time: 0.03782820701599121
Partial simulation consumes time: 0.0386500358581543
Partial simulation consumes time: 0.03740191459655762
Partial simulation consumes time: 0.031253814697265625
Partial simulation consumes time: 0.03128457069396973
Partial simulation consumes time: 0.03891873359680176
Partial simulation consumes time: 0.036780357360839844
Partial simulation consumes time: 0.03103780746459961
Partial simulation consumes time: 0.04042649269104004
Partial simulation consumes time: 0.037903547286987305
Partial simulation consumes time: 0.03748321533203125
Partial simulation consumes time: 0.045607566833496094
Partial simulation consumes time: 0.03730511665344238
Partial simulation consumes time: 0.03925180435180664
Partial simulation consumes time: 0.0387880802154541
Partial simulation consumes time: 0.030670166015625
Partial simulation consumes time: 0.03142285346984863
Partial simulation consumes time: 0.03946423530578613
Partial simulation consumes time: 0.03989744186401367
Partial simulation consumes time: 0.031439781188964844
Partial simulation consumes time: 0.03722119331359863
Partial simulation consumes time: 0.03912687301635742
Partial simulation consumes time: 0.031688690185546875
Partial simulation consumes time: 0.03784346580505371
Partial simulation consumes time: 0.03587174415588379
Partial simulation consumes time: 0.038207054138183594
Partial simulation consumes time: 0.03104996681213379
Partial simulation consumes time: 0.036078691482543945
Partial simulation consumes time: 0.03728961944580078
Partial simulation consumes time: 0.03102254867553711
Partial simulation consumes time: 0.04187130928039551
Partial simulation consumes time: 0.03167295455932617
Partial simulation consumes time: 0.04096031188964844
Partial simulation consumes time: 0.0630502700805664
Partial simulation consumes time: 0.038439273834228516
Partial simulation consumes time: 0.03219199180603027
Partial simulation consumes time: 0.0309598445892334
Partial simulation consumes time: 0.029762744903564453
Partial simulation consumes time: 0.028877735137939453
Partial simulation consumes time: 0.03251481056213379
Partial simulation consumes time: 0.04777169227600098
Partial simulation consumes time: 0.032514095306396484
Partial simulation consumes time: 0.036606550216674805
Partial simulation consumes time: 0.03197908401489258
Partial simulation consumes time: 0.03188920021057129
Partial simulation consumes time: 0.041109323501586914
Partial simulation consumes time: 0.031039953231811523
Partial simulation consumes time: 0.04252028465270996
Partial simulation consumes time: 0.033019304275512695
Partial simulation consumes time: 0.038025617599487305
Partial simulation consumes time: 0.03644537925720215
Partial simulation consumes time: 0.030865907669067383
Partial simulation consumes time: 0.02980804443359375
Partial simulation consumes time: 0.029865741729736328
Partial simulation consumes time: 0.030086994171142578
Partial simulation consumes time: 0.030492305755615234
Partial simulation consumes time: 0.05048942565917969
Partial simulation consumes time: 0.03306412696838379
Partial simulation consumes time: 0.0329136848449707
Partial simulation consumes time: 0.029848575592041016
Partial simulation consumes time: 0.03251957893371582
Partial simulation consumes time: 0.031002521514892578
Partial simulation consumes time: 0.048449039459228516
Partial simulation consumes time: 0.03053593635559082
Partial simulation consumes time: 0.0301058292388916
Partial simulation consumes time: 0.0307314395904541
Partial simulation consumes time: 0.03002476692199707
Partial simulation consumes time: 0.032914161682128906
Partial simulation consumes time: 0.03028726577758789
Partial simulation consumes time: 0.04560661315917969
Partial simulation consumes time: 0.030375957489013672
Partial simulation consumes time: 0.032187461853027344
Partial simulation consumes time: 0.0325779914855957
Partial simulation consumes time: 0.03380155563354492
Partial simulation consumes time: 0.030571460723876953
Partial simulation consumes time: 0.029896020889282227
Partial simulation consumes time: 0.030092239379882812
Partial simulation consumes time: 0.030606508255004883
Partial simulation consumes time: 0.02981734275817871
Partial simulation consumes time: 0.030562162399291992
Partial simulation consumes time: 0.029497146606445312
Partial simulation consumes time: 0.035315513610839844
Partial simulation consumes time: 0.030716419219970703
Partial simulation consumes time: 0.031894683837890625
Partial simulation consumes time: 0.032395362854003906
Partial simulation consumes time: 0.029906034469604492
Partial simulation consumes time: 0.031783342361450195
Partial simulation consumes time: 0.029255151748657227
Partial simulation consumes time: 0.03337597846984863
Partial simulation consumes time: 0.03864908218383789
Partial simulation consumes time: 0.030996322631835938
Partial simulation consumes time: 0.030199527740478516
Partial simulation consumes time: 0.03441977500915527
Partial simulation consumes time: 0.02976083755493164
Partial simulation consumes time: 0.03288459777832031
Partial simulation consumes time: 0.04263782501220703
Partial simulation consumes time: 0.03231048583984375
Partial simulation consumes time: 0.03644871711730957
Partial simulation consumes time: 0.03172731399536133
Partial simulation consumes time: 0.03217339515686035
Partial simulation consumes time: 0.03466057777404785
Partial simulation consumes time: 0.02861642837524414
Partial simulation consumes time: 0.0304105281829834
Partial simulation consumes time: 0.040786027908325195
Partial simulation consumes time: 0.03301072120666504
Partial simulation consumes time: 0.028963088989257812
Partial simulation consumes time: 0.03422188758850098
Partial simulation consumes time: 0.030169963836669922
Partial simulation consumes time: 0.0322420597076416
Partial simulation consumes time: 0.029083728790283203
Partial simulation consumes time: 0.032323598861694336
Partial simulation consumes time: 0.028718948364257812
Partial simulation consumes time: 0.02839946746826172
Partial simulation consumes time: 0.03713178634643555
Partial simulation consumes time: 0.032263994216918945
Partial simulation consumes time: 0.0286557674407959
Partial simulation consumes time: 0.03136491775512695
Partial simulation consumes time: 0.0317995548248291
Partial simulation consumes time: 0.03179001808166504
Partial simulation consumes time: 0.027141809463500977
Partial simulation consumes time: 0.030783414840698242
Partial simulation consumes time: 0.029518604278564453
Partial simulation consumes time: 0.03624320030212402
Partial simulation consumes time: 0.028828859329223633
Partial simulation consumes time: 0.02786540985107422
Partial simulation consumes time: 0.03836417198181152
Partial simulation consumes time: 0.028616905212402344
Partial simulation consumes time: 0.029465675354003906
Partial simulation consumes time: 0.029711246490478516
Partial simulation consumes time: 0.03303098678588867
Partial simulation consumes time: 0.029050827026367188
Partial simulation consumes time: 0.028462886810302734
Partial simulation consumes time: 0.028537750244140625
Partial simulation consumes time: 0.02902674674987793
Partial simulation consumes time: 0.03235983848571777
Partial simulation consumes time: 0.02814340591430664
Partial simulation consumes time: 0.028763294219970703
Partial simulation consumes time: 0.03199124336242676
Partial simulation consumes time: 0.02980661392211914
Partial simulation consumes time: 0.0313570499420166
Partial simulation consumes time: 0.03774714469909668
Partial simulation consumes time: 0.033722877502441406
Partial simulation consumes time: 0.03056931495666504
Partial simulation consumes time: 0.03138399124145508
Partial simulation consumes time: 0.031109333038330078
Partial simulation consumes time: 0.03031778335571289
Partial simulation consumes time: 0.032373905181884766
Partial simulation consumes time: 0.037369489669799805
Partial simulation consumes time: 0.03499317169189453
Partial simulation consumes time: 0.027970552444458008
Partial simulation consumes time: 0.027996301651000977
Partial simulation consumes time: 0.030641794204711914
Partial simulation consumes time: 0.028885841369628906
Partial simulation consumes time: 0.028944730758666992
Partial simulation consumes time: 0.028555870056152344
Partial simulation consumes time: 0.03513312339782715
Partial simulation consumes time: 0.0289156436920166
Partial simulation consumes time: 0.03143572807312012
Partial simulation consumes time: 0.028126239776611328
Partial simulation consumes time: 0.03006601333618164
Partial simulation consumes time: 0.03551292419433594
Partial simulation consumes time: 0.02821660041809082
Partial simulation consumes time: 0.031166791915893555
Partial simulation consumes time: 0.03149747848510742
Partial simulation consumes time: 0.028800487518310547
Partial simulation consumes time: 0.024782419204711914
Partial simulation consumes time: 0.02295398712158203
Partial simulation consumes time: 0.020908117294311523
Partial simulation consumes time: 0.021239042282104492
Partial simulation consumes time: 0.02134871482849121
Partial simulation consumes time: 0.023377656936645508
Partial simulation consumes time: 0.03493380546569824
Partial simulation consumes time: 0.02103447914123535
Partial simulation consumes time: 0.023555755615234375
Partial simulation consumes time: 0.024775028228759766
Partial simulation consumes time: 0.022928953170776367
Partial simulation consumes time: 0.024116992950439453
Partial simulation consumes time: 0.02373528480529785
Partial simulation consumes time: 0.028696537017822266
Partial simulation consumes time: 0.02152562141418457
Partial simulation consumes time: 0.0257265567779541
Partial simulation consumes time: 0.02169179916381836
Partial simulation consumes time: 0.027882099151611328
Partial simulation consumes time: 0.02171945571899414
Partial simulation consumes time: 0.021886110305786133
Partial simulation consumes time: 0.022379159927368164
Partial simulation consumes time: 0.023919105529785156
Partial simulation consumes time: 0.024799585342407227
Partial simulation consumes time: 0.024198293685913086
Partial simulation consumes time: 0.022073030471801758
Partial simulation consumes time: 0.02443838119506836
Partial simulation consumes time: 0.02383565902709961
Partial simulation consumes time: 0.025644540786743164
Partial simulation consumes time: 0.02910923957824707
Partial simulation consumes time: 0.02177715301513672
Partial simulation consumes time: 0.038228750228881836
Partial simulation consumes time: 0.026272058486938477
Partial simulation consumes time: 0.027262449264526367
Partial simulation consumes time: 0.03134632110595703
Partial simulation consumes time: 0.025278091430664062
Partial simulation consumes time: 0.021301984786987305
Partial simulation consumes time: 0.023981571197509766
Partial simulation consumes time: 0.02387547492980957
Partial simulation consumes time: 0.02448725700378418
Partial simulation consumes time: 0.026699542999267578
Partial simulation consumes time: 0.02159571647644043
Partial simulation consumes time: 0.022586584091186523
Partial simulation consumes time: 0.02151036262512207
Partial simulation consumes time: 0.026163339614868164
Partial simulation consumes time: 0.024203777313232422
Partial simulation consumes time: 0.02196955680847168
Partial simulation consumes time: 0.021374225616455078
Partial simulation consumes time: 0.022591590881347656
Partial simulation consumes time: 0.021142244338989258
Partial simulation consumes time: 0.021776676177978516
Partial simulation consumes time: 0.021797657012939453
Partial simulation consumes time: 0.025915145874023438
Partial simulation consumes time: 0.0218353271484375
Partial simulation consumes time: 0.0289306640625
Partial simulation consumes time: 0.021715641021728516
Partial simulation consumes time: 0.024600744247436523
Partial simulation consumes time: 0.021881818771362305
Partial simulation consumes time: 0.02288675308227539
Partial simulation consumes time: 0.02179694175720215
Partial simulation consumes time: 0.0214080810546875
Partial simulation consumes time: 0.02171015739440918
Partial simulation consumes time: 0.021742582321166992
Partial simulation consumes time: 0.021818876266479492
Partial simulation consumes time: 0.021357297897338867
Partial simulation consumes time: 0.026001691818237305
Partial simulation consumes time: 0.026335716247558594
Partial simulation consumes time: 0.02648639678955078
Partial simulation consumes time: 0.026461362838745117
Partial simulation consumes time: 0.026340723037719727
Partial simulation consumes time: 0.02621626853942871
Partial simulation consumes time: 0.026276350021362305
Partial simulation consumes time: 0.02628922462463379
Partial simulation consumes time: 0.026021957397460938
Partial simulation consumes time: 0.03237581253051758
Partial simulation consumes time: 0.026267528533935547
Partial simulation consumes time: 0.02736663818359375
Partial simulation consumes time: 0.034774065017700195
Partial simulation consumes time: 0.02613067626953125
Partial simulation consumes time: 0.02694416046142578
Partial simulation consumes time: 0.03743767738342285
Partial simulation consumes time: 0.03129220008850098
Partial simulation consumes time: 0.03149819374084473
Partial simulation consumes time: 0.0268099308013916
Partial simulation consumes time: 0.0257110595703125
Partial simulation consumes time: 0.025945425033569336
Partial simulation consumes time: 0.02635335922241211
Partial simulation consumes time: 0.029256343841552734
Partial simulation consumes time: 0.027271032333374023
Partial simulation consumes time: 0.026800870895385742
Partial simulation consumes time: 0.02691364288330078
Partial simulation consumes time: 0.027419328689575195
Partial simulation consumes time: 0.02638721466064453
Partial simulation consumes time: 0.02588653564453125
Partial simulation consumes time: 0.03101944923400879
Partial simulation consumes time: 0.026518821716308594
Partial simulation consumes time: 0.025630950927734375
Partial simulation consumes time: 0.04712867736816406
Partial simulation consumes time: 0.028534650802612305
Partial simulation consumes time: 0.026362180709838867
Partial simulation consumes time: 0.026213645935058594
Partial simulation consumes time: 0.02638554573059082
Partial simulation consumes time: 0.0311126708984375
Partial simulation consumes time: 0.029819965362548828
Partial simulation consumes time: 0.033020734786987305
Partial simulation consumes time: 0.02699136734008789
Partial simulation consumes time: 0.033768653869628906
Partial simulation consumes time: 0.030022382736206055
Partial simulation consumes time: 0.026142120361328125
Partial simulation consumes time: 0.02672100067138672
Partial simulation consumes time: 0.028330564498901367
Partial simulation consumes time: 0.02615499496459961
Partial simulation consumes time: 0.02672100067138672
Partial simulation consumes time: 0.028233766555786133
Partial simulation consumes time: 0.03130745887756348
Partial simulation consumes time: 0.026627540588378906
Partial simulation consumes time: 0.02663254737854004
Partial simulation consumes time: 0.02735137939453125
Partial simulation consumes time: 0.026274919509887695
Partial simulation consumes time: 0.026622295379638672
Partial simulation consumes time: 0.02610468864440918
Partial simulation consumes time: 0.026601552963256836
Partial simulation consumes time: 0.02630329132080078
Partial simulation consumes time: 0.026105165481567383
Partial simulation consumes time: 0.03177762031555176
Partial simulation consumes time: 0.02835226058959961
Partial simulation consumes time: 0.03171896934509277
Partial simulation consumes time: 0.036923885345458984
Partial simulation consumes time: 0.025192975997924805
Partial simulation consumes time: 0.022633075714111328
Partial simulation consumes time: 0.02185964584350586
Partial simulation consumes time: 0.022376060485839844
Partial simulation consumes time: 0.022685766220092773
Partial simulation consumes time: 0.02531290054321289
Partial simulation consumes time: 0.024111509323120117
Partial simulation consumes time: 0.0312345027923584
Partial simulation consumes time: 0.026442527770996094
Partial simulation consumes time: 0.022106409072875977
Partial simulation consumes time: 0.02272510528564453
Partial simulation consumes time: 0.025398969650268555
Partial simulation consumes time: 0.022420167922973633
Partial simulation consumes time: 0.02788066864013672
Partial simulation consumes time: 0.03075861930847168
Partial simulation consumes time: 0.02273273468017578
Partial simulation consumes time: 0.023508787155151367
Partial simulation consumes time: 0.022478103637695312
Partial simulation consumes time: 0.022661209106445312
Partial simulation consumes time: 0.02358555793762207
Partial simulation consumes time: 0.02281045913696289
Partial simulation consumes time: 0.026387691497802734
Partial simulation consumes time: 0.022273778915405273
Partial simulation consumes time: 0.025440454483032227
Partial simulation consumes time: 0.022048234939575195
Partial simulation consumes time: 0.031346797943115234
Partial simulation consumes time: 0.03118729591369629
Partial simulation consumes time: 0.022281646728515625
Partial simulation consumes time: 0.022620677947998047
Partial simulation consumes time: 0.024483680725097656
Partial simulation consumes time: 0.02309894561767578
Partial simulation consumes time: 0.022655248641967773
Partial simulation consumes time: 0.031418800354003906
Partial simulation consumes time: 0.02420496940612793
Partial simulation consumes time: 0.023157835006713867
Partial simulation consumes time: 0.022237062454223633
Partial simulation consumes time: 0.028669357299804688
Partial simulation consumes time: 0.02244257926940918
Partial simulation consumes time: 0.03157448768615723
Partial simulation consumes time: 0.024747133255004883
Partial simulation consumes time: 0.02280569076538086
Partial simulation consumes time: 0.022353410720825195
Partial simulation consumes time: 0.022363901138305664
Partial simulation consumes time: 0.023238420486450195
Partial simulation consumes time: 0.0226438045501709
Partial simulation consumes time: 0.02172565460205078
Partial simulation consumes time: 0.030776500701904297
Partial simulation consumes time: 0.022562026977539062
Partial simulation consumes time: 0.03410172462463379
Partial simulation consumes time: 0.0222170352935791
Partial simulation consumes time: 0.0312349796295166
Partial simulation consumes time: 0.024348974227905273
Partial simulation consumes time: 0.02243971824645996
Partial simulation consumes time: 0.022159337997436523
Partial simulation consumes time: 0.02225518226623535
Partial simulation consumes time: 0.022429704666137695
Partial simulation consumes time: 0.022196531295776367
Partial simulation consumes time: 0.022233009338378906
Partial simulation consumes time: 0.027248859405517578
Partial simulation consumes time: 0.022749662399291992
Partial simulation consumes time: 0.023212432861328125
Partial simulation consumes time: 0.02254652976989746
Partial simulation consumes time: 0.02235126495361328
Partial simulation consumes time: 0.02234625816345215
Partial simulation consumes time: 0.022723674774169922
Partial simulation consumes time: 0.012708663940429688
Partial simulation consumes time: 0.013018131256103516
Partial simulation consumes time: 0.017679691314697266
Partial simulation consumes time: 0.013859272003173828
Partial simulation consumes time: 0.013434886932373047
Partial simulation consumes time: 0.012739896774291992
Partial simulation consumes time: 0.014842987060546875
Partial simulation consumes time: 0.012764930725097656
Partial simulation consumes time: 0.012772083282470703
Partial simulation consumes time: 0.012976646423339844
Partial simulation consumes time: 0.01296544075012207
Partial simulation consumes time: 0.012943744659423828
Partial simulation consumes time: 0.015511512756347656
Partial simulation consumes time: 0.012962102890014648
Partial simulation consumes time: 0.013013362884521484
Partial simulation consumes time: 0.012928485870361328
Partial simulation consumes time: 0.01322627067565918
Partial simulation consumes time: 0.013161897659301758
Partial simulation consumes time: 0.013193368911743164
Partial simulation consumes time: 0.012982606887817383
Partial simulation consumes time: 0.013020992279052734
Partial simulation consumes time: 0.013071537017822266
Partial simulation consumes time: 0.012919425964355469
Partial simulation consumes time: 0.013141155242919922
Partial simulation consumes time: 0.013797760009765625
Partial simulation consumes time: 0.014587163925170898
Partial simulation consumes time: 0.014941930770874023
Partial simulation consumes time: 0.015596389770507812
Partial simulation consumes time: 0.012923717498779297
Partial simulation consumes time: 0.012969017028808594
Partial simulation consumes time: 0.013100624084472656
Partial simulation consumes time: 0.015288352966308594
Partial simulation consumes time: 0.013401031494140625
Partial simulation consumes time: 0.016385316848754883
Partial simulation consumes time: 0.01620626449584961
Partial simulation consumes time: 0.017342090606689453
Partial simulation consumes time: 0.01315164566040039
Partial simulation consumes time: 0.013081073760986328
Partial simulation consumes time: 0.01296854019165039
Partial simulation consumes time: 0.012967348098754883
Partial simulation consumes time: 0.013222694396972656
Partial simulation consumes time: 0.012581348419189453
Partial simulation consumes time: 0.01300191879272461
Partial simulation consumes time: 0.013317584991455078
Partial simulation consumes time: 0.016618728637695312
Partial simulation consumes time: 0.013018131256103516
Partial simulation consumes time: 0.013068914413452148
Partial simulation consumes time: 0.01604318618774414
Partial simulation consumes time: 0.015211105346679688
Partial simulation consumes time: 0.014685630798339844
Partial simulation consumes time: 0.013123750686645508
Partial simulation consumes time: 0.0137176513671875
Partial simulation consumes time: 0.01379084587097168
Partial simulation consumes time: 0.02082681655883789
Partial simulation consumes time: 0.013039350509643555
Partial simulation consumes time: 0.013052701950073242
Partial simulation consumes time: 0.013026714324951172
Partial simulation consumes time: 0.012998104095458984
Partial simulation consumes time: 0.013669013977050781
Partial simulation consumes time: 0.013070106506347656
Partial simulation consumes time: 0.013635873794555664
Partial simulation consumes time: 0.012949705123901367
Partial simulation consumes time: 0.012881040573120117
Partial simulation consumes time: 0.018639564514160156
Qdao runs:	137.22058057785034
_initialize	4.651437759399414
_preprocess	61.76253819465637
_postprocess	49.22559332847595
_run	132.5459897518158
load_sv	61.44907593727112
store_sv	49.210121154785156
Quafu runs:	29.503278970718384
.

================= 1 passed, 11 deselected in 177.45s (0:02:57) =================
