============================= test session starts ==============================
platform linux -- Python 3.10.6, pytest-7.2.0, pluggy-1.0.0
rootdir: /root/projects/qcs
collected 12 items / 11 deselected / 1 selected

tst/qdao/engine.py 
::::::::::::::::::Config::::::::::::::::::

NQ::	28
NP::	22
NL::	18
D::	25

::::::::::::::::::Config::::::::::::::::::


:::Reusing existing bench:::::/root/projects/qcs/qdao/benchmarks/qasm/random_28_25_max_operands_2_gen.qasm::::::::

Partial simulation consumes time: 0.35190820693969727
Partial simulation consumes time: 0.7679729461669922
Partial simulation consumes time: 0.33707499504089355
Partial simulation consumes time: 0.3293952941894531
Partial simulation consumes time: 0.3236250877380371
Partial simulation consumes time: 0.34015488624572754
Partial simulation consumes time: 0.3381309509277344
Partial simulation consumes time: 0.3310978412628174
Partial simulation consumes time: 0.32568955421447754
Partial simulation consumes time: 0.2807314395904541
Partial simulation consumes time: 0.32207560539245605
Partial simulation consumes time: 0.32915782928466797
Partial simulation consumes time: 0.3086686134338379
Partial simulation consumes time: 0.34459567070007324
Partial simulation consumes time: 0.3244142532348633
Partial simulation consumes time: 0.33290624618530273
Partial simulation consumes time: 0.3719217777252197
Partial simulation consumes time: 0.3493835926055908
Partial simulation consumes time: 0.34290599822998047
Partial simulation consumes time: 0.3402285575866699
Partial simulation consumes time: 0.3269803524017334
Partial simulation consumes time: 0.3255131244659424
Partial simulation consumes time: 0.3405032157897949
Partial simulation consumes time: 0.3584260940551758
Partial simulation consumes time: 0.3231675624847412
Partial simulation consumes time: 0.3342902660369873
Partial simulation consumes time: 0.3017899990081787
Partial simulation consumes time: 0.3596358299255371
Partial simulation consumes time: 0.3313002586364746
Partial simulation consumes time: 0.32458019256591797
Partial simulation consumes time: 0.3323063850402832
Partial simulation consumes time: 0.3077247142791748
Partial simulation consumes time: 0.31833314895629883
Partial simulation consumes time: 0.33646655082702637
Partial simulation consumes time: 0.321380615234375
Partial simulation consumes time: 0.3558988571166992
Partial simulation consumes time: 0.32601022720336914
Partial simulation consumes time: 0.2920680046081543
Partial simulation consumes time: 0.33199095726013184
Partial simulation consumes time: 0.3263275623321533
Partial simulation consumes time: 0.3209958076477051
Partial simulation consumes time: 0.342639684677124
Partial simulation consumes time: 0.3485450744628906
Partial simulation consumes time: 0.3468961715698242
Partial simulation consumes time: 0.332700252532959
Partial simulation consumes time: 0.32177138328552246
Partial simulation consumes time: 0.36319518089294434
Partial simulation consumes time: 0.3885307312011719
Partial simulation consumes time: 0.29938721656799316
Partial simulation consumes time: 0.3187429904937744
Partial simulation consumes time: 0.292830228805542
Partial simulation consumes time: 0.33093690872192383
Partial simulation consumes time: 0.362743616104126
Partial simulation consumes time: 0.3229093551635742
Partial simulation consumes time: 0.3389911651611328
Partial simulation consumes time: 0.3211352825164795
Partial simulation consumes time: 0.29148054122924805
Partial simulation consumes time: 0.34757041931152344
Partial simulation consumes time: 0.33608412742614746
Partial simulation consumes time: 0.32825303077697754
Partial simulation consumes time: 0.28816771507263184
Partial simulation consumes time: 0.3154757022857666
Partial simulation consumes time: 0.326901912689209
Partial simulation consumes time: 0.3230576515197754
Partial simulation consumes time: 0.13045310974121094
Partial simulation consumes time: 0.13617873191833496
Partial simulation consumes time: 0.13170218467712402
Partial simulation consumes time: 0.12985634803771973
Partial simulation consumes time: 0.12755918502807617
Partial simulation consumes time: 0.13305377960205078
Partial simulation consumes time: 0.1323409080505371
Partial simulation consumes time: 0.1488935947418213
Partial simulation consumes time: 0.13229727745056152
Partial simulation consumes time: 0.14549756050109863
Partial simulation consumes time: 0.1306314468383789
Partial simulation consumes time: 0.12982797622680664
Partial simulation consumes time: 0.13389372825622559
Partial simulation consumes time: 0.14461803436279297
Partial simulation consumes time: 0.14180254936218262
Partial simulation consumes time: 0.1490001678466797
Partial simulation consumes time: 0.12994003295898438
Partial simulation consumes time: 0.12819123268127441
Partial simulation consumes time: 0.12981224060058594
Partial simulation consumes time: 0.1429455280303955
Partial simulation consumes time: 0.1268472671508789
Partial simulation consumes time: 0.12961387634277344
Partial simulation consumes time: 0.13139963150024414
Partial simulation consumes time: 0.1296548843383789
Partial simulation consumes time: 0.13324499130249023
Partial simulation consumes time: 0.13653135299682617
Partial simulation consumes time: 0.12760019302368164
Partial simulation consumes time: 0.13307523727416992
Partial simulation consumes time: 0.13687944412231445
Partial simulation consumes time: 0.13053297996520996
Partial simulation consumes time: 0.1293950080871582
Partial simulation consumes time: 0.13280868530273438
Partial simulation consumes time: 0.13554859161376953
Partial simulation consumes time: 0.13336968421936035
Partial simulation consumes time: 0.1345682144165039
Partial simulation consumes time: 0.13486742973327637
Partial simulation consumes time: 0.13748836517333984
Partial simulation consumes time: 0.13032937049865723
Partial simulation consumes time: 0.12740635871887207
Partial simulation consumes time: 0.13484930992126465
Partial simulation consumes time: 0.12873482704162598
Partial simulation consumes time: 0.13004612922668457
Partial simulation consumes time: 0.1282038688659668
Partial simulation consumes time: 0.12833309173583984
Partial simulation consumes time: 0.13613128662109375
Partial simulation consumes time: 0.12769341468811035
Partial simulation consumes time: 0.12813568115234375
Partial simulation consumes time: 0.1311345100402832
Partial simulation consumes time: 0.13143634796142578
Partial simulation consumes time: 0.12884831428527832
Partial simulation consumes time: 0.14364051818847656
Partial simulation consumes time: 0.12768101692199707
Partial simulation consumes time: 0.13001585006713867
Partial simulation consumes time: 0.1352522373199463
Partial simulation consumes time: 0.14107584953308105
Partial simulation consumes time: 0.1390237808227539
Partial simulation consumes time: 0.1903398036956787
Partial simulation consumes time: 0.14072608947753906
Partial simulation consumes time: 0.12923550605773926
Partial simulation consumes time: 0.13777494430541992
Partial simulation consumes time: 0.13043808937072754
Partial simulation consumes time: 0.13839221000671387
Partial simulation consumes time: 0.1425309181213379
Partial simulation consumes time: 0.1294553279876709
Partial simulation consumes time: 0.2709660530090332
Partial simulation consumes time: 0.19963979721069336
Partial simulation consumes time: 0.27818775177001953
Partial simulation consumes time: 0.21271991729736328
Partial simulation consumes time: 0.20207595825195312
Partial simulation consumes time: 0.20308303833007812
Partial simulation consumes time: 0.20427536964416504
Partial simulation consumes time: 0.2283334732055664
Partial simulation consumes time: 0.3114328384399414
Partial simulation consumes time: 0.22169232368469238
Partial simulation consumes time: 0.20279741287231445
Partial simulation consumes time: 0.2129068374633789
Partial simulation consumes time: 0.2013559341430664
Partial simulation consumes time: 0.2816047668457031
Partial simulation consumes time: 0.26418614387512207
Partial simulation consumes time: 0.20055651664733887
Partial simulation consumes time: 0.258868932723999
Partial simulation consumes time: 0.1987617015838623
Partial simulation consumes time: 0.28756093978881836
Partial simulation consumes time: 0.20917534828186035
Partial simulation consumes time: 0.23267412185668945
Partial simulation consumes time: 0.2718617916107178
Partial simulation consumes time: 0.22146940231323242
Partial simulation consumes time: 0.2324991226196289
Partial simulation consumes time: 0.26523494720458984
Partial simulation consumes time: 0.2576029300689697
Partial simulation consumes time: 0.2010796070098877
Partial simulation consumes time: 0.20841741561889648
Partial simulation consumes time: 0.27219510078430176
Partial simulation consumes time: 0.212510347366333
Partial simulation consumes time: 0.21243047714233398
Partial simulation consumes time: 0.20049428939819336
Partial simulation consumes time: 0.19513797760009766
Partial simulation consumes time: 0.26076364517211914
Partial simulation consumes time: 0.19568347930908203
Partial simulation consumes time: 0.30373263359069824
Partial simulation consumes time: 0.20857453346252441
Partial simulation consumes time: 0.19882988929748535
Partial simulation consumes time: 0.2727487087249756
Partial simulation consumes time: 0.19700360298156738
Partial simulation consumes time: 0.20805644989013672
Partial simulation consumes time: 0.20248198509216309
Partial simulation consumes time: 0.27072644233703613
Partial simulation consumes time: 0.19609427452087402
Partial simulation consumes time: 0.19548797607421875
Partial simulation consumes time: 0.20952844619750977
Partial simulation consumes time: 0.26390552520751953
Partial simulation consumes time: 0.265364408493042
Partial simulation consumes time: 0.27776598930358887
Partial simulation consumes time: 0.2820885181427002
Partial simulation consumes time: 0.19602084159851074
Partial simulation consumes time: 0.201948881149292
Partial simulation consumes time: 0.27739834785461426
Partial simulation consumes time: 0.2688453197479248
Partial simulation consumes time: 0.19874787330627441
Partial simulation consumes time: 0.20011639595031738
Partial simulation consumes time: 0.2691824436187744
Partial simulation consumes time: 0.2090134620666504
Partial simulation consumes time: 0.20612215995788574
Partial simulation consumes time: 0.26546430587768555
Partial simulation consumes time: 0.2722756862640381
Partial simulation consumes time: 0.25115180015563965
Partial simulation consumes time: 0.1959209442138672
Partial simulation consumes time: 0.272413969039917
Partial simulation consumes time: 0.18713903427124023
Partial simulation consumes time: 0.171295166015625
Partial simulation consumes time: 0.1547560691833496
Partial simulation consumes time: 0.16881155967712402
Partial simulation consumes time: 0.17006826400756836
Partial simulation consumes time: 0.16841936111450195
Partial simulation consumes time: 0.15110993385314941
Partial simulation consumes time: 0.15712714195251465
Partial simulation consumes time: 0.15738606452941895
Partial simulation consumes time: 0.15543818473815918
Partial simulation consumes time: 0.16398167610168457
Partial simulation consumes time: 0.1852428913116455
Partial simulation consumes time: 0.17179369926452637
Partial simulation consumes time: 0.17150640487670898
Partial simulation consumes time: 0.17495250701904297
Partial simulation consumes time: 0.17678475379943848
Partial simulation consumes time: 0.17587924003601074
Partial simulation consumes time: 0.16956663131713867
Partial simulation consumes time: 0.16421866416931152
Partial simulation consumes time: 0.17377376556396484
Partial simulation consumes time: 0.17172718048095703
Partial simulation consumes time: 0.18440890312194824
Partial simulation consumes time: 0.19698166847229004
Partial simulation consumes time: 0.21459364891052246
Partial simulation consumes time: 0.170881986618042
Partial simulation consumes time: 0.17891144752502441
Partial simulation consumes time: 0.19046521186828613
Partial simulation consumes time: 0.16827964782714844
Partial simulation consumes time: 0.17444062232971191
Partial simulation consumes time: 0.1498117446899414
Partial simulation consumes time: 0.17148780822753906
Partial simulation consumes time: 0.15177655220031738
Partial simulation consumes time: 0.17326951026916504
Partial simulation consumes time: 0.15105295181274414
Partial simulation consumes time: 0.1510484218597412
Partial simulation consumes time: 0.15557003021240234
Partial simulation consumes time: 0.1503894329071045
Partial simulation consumes time: 0.17914819717407227
Partial simulation consumes time: 0.17123627662658691
Partial simulation consumes time: 0.1910545825958252
Partial simulation consumes time: 0.1833183765411377
Partial simulation consumes time: 0.22257471084594727
Partial simulation consumes time: 0.17360520362854004
Partial simulation consumes time: 0.15718317031860352
Partial simulation consumes time: 0.16537809371948242
Partial simulation consumes time: 0.18863701820373535
Partial simulation consumes time: 0.18990278244018555
Partial simulation consumes time: 0.1811673641204834
Partial simulation consumes time: 0.15216302871704102
Partial simulation consumes time: 0.1517024040222168
Partial simulation consumes time: 0.15643095970153809
Partial simulation consumes time: 0.1812291145324707
Partial simulation consumes time: 0.16724562644958496
Partial simulation consumes time: 0.17791318893432617
Partial simulation consumes time: 0.16733145713806152
Partial simulation consumes time: 0.17532062530517578
Partial simulation consumes time: 0.18422579765319824
Partial simulation consumes time: 0.17107081413269043
Partial simulation consumes time: 0.186737060546875
Partial simulation consumes time: 0.21367764472961426
Partial simulation consumes time: 0.15861725807189941
Partial simulation consumes time: 0.17746949195861816
Partial simulation consumes time: 0.17649269104003906
Partial simulation consumes time: 0.17922592163085938
Partial simulation consumes time: 0.22043752670288086
Partial simulation consumes time: 0.2288987636566162
Partial simulation consumes time: 0.22038793563842773
Partial simulation consumes time: 0.20342516899108887
Partial simulation consumes time: 0.22501635551452637
Partial simulation consumes time: 0.2511329650878906
Partial simulation consumes time: 0.22499775886535645
Partial simulation consumes time: 0.23950839042663574
Partial simulation consumes time: 0.207291841506958
Partial simulation consumes time: 0.2505013942718506
Partial simulation consumes time: 0.20667386054992676
Partial simulation consumes time: 0.19366860389709473
Partial simulation consumes time: 0.24685049057006836
Partial simulation consumes time: 0.20714640617370605
Partial simulation consumes time: 0.22668099403381348
Partial simulation consumes time: 0.2129230499267578
Partial simulation consumes time: 0.1969919204711914
Partial simulation consumes time: 0.24087953567504883
Partial simulation consumes time: 0.2370460033416748
Partial simulation consumes time: 0.2286841869354248
Partial simulation consumes time: 0.23253655433654785
Partial simulation consumes time: 0.2224414348602295
Partial simulation consumes time: 0.19933867454528809
Partial simulation consumes time: 0.21044111251831055
Partial simulation consumes time: 0.21946096420288086
Partial simulation consumes time: 0.21738386154174805
Partial simulation consumes time: 0.22012066841125488
Partial simulation consumes time: 0.22296476364135742
Partial simulation consumes time: 0.19766879081726074
Partial simulation consumes time: 0.21573829650878906
Partial simulation consumes time: 0.24390387535095215
Partial simulation consumes time: 0.21985578536987305
Partial simulation consumes time: 0.2428574562072754
Partial simulation consumes time: 0.21415472030639648
Partial simulation consumes time: 0.2117629051208496
Partial simulation consumes time: 0.24411344528198242
Partial simulation consumes time: 0.20170092582702637
Partial simulation consumes time: 0.21188926696777344
Partial simulation consumes time: 0.20737266540527344
Partial simulation consumes time: 0.24907159805297852
Partial simulation consumes time: 0.2470407485961914
Partial simulation consumes time: 0.22293639183044434
Partial simulation consumes time: 0.21871304512023926
Partial simulation consumes time: 0.22025680541992188
Partial simulation consumes time: 0.22071504592895508
Partial simulation consumes time: 0.23859262466430664
Partial simulation consumes time: 0.19540882110595703
Partial simulation consumes time: 0.22576045989990234
Partial simulation consumes time: 0.2183845043182373
Partial simulation consumes time: 0.23758912086486816
Partial simulation consumes time: 0.2362205982208252
Partial simulation consumes time: 0.22658109664916992
Partial simulation consumes time: 0.23980450630187988
Partial simulation consumes time: 0.21065759658813477
Partial simulation consumes time: 0.25835299491882324
Partial simulation consumes time: 0.24817943572998047
Partial simulation consumes time: 0.19829201698303223
Partial simulation consumes time: 0.23731708526611328
Partial simulation consumes time: 0.2049560546875
Partial simulation consumes time: 0.19331669807434082
Partial simulation consumes time: 0.21683812141418457
Partial simulation consumes time: 0.2096118927001953
Partial simulation consumes time: 0.20714330673217773
Partial simulation consumes time: 0.24648642539978027
Partial simulation consumes time: 0.20539617538452148
Partial simulation consumes time: 0.25595927238464355
Partial simulation consumes time: 0.19554424285888672
Partial simulation consumes time: 0.21508359909057617
Partial simulation consumes time: 0.27263569831848145
Partial simulation consumes time: 0.2750842571258545
Partial simulation consumes time: 0.26772069931030273
Partial simulation consumes time: 0.22989130020141602
Partial simulation consumes time: 0.20240354537963867
Partial simulation consumes time: 0.2747023105621338
Partial simulation consumes time: 0.27748942375183105
Partial simulation consumes time: 0.20391154289245605
Partial simulation consumes time: 0.20427894592285156
Partial simulation consumes time: 0.22751998901367188
Partial simulation consumes time: 0.2521636486053467
Partial simulation consumes time: 0.23006105422973633
Partial simulation consumes time: 0.2326509952545166
Partial simulation consumes time: 0.20444583892822266
Partial simulation consumes time: 0.22014117240905762
Partial simulation consumes time: 0.24286460876464844
Partial simulation consumes time: 0.23030328750610352
Partial simulation consumes time: 0.25630903244018555
Partial simulation consumes time: 0.2683858871459961
Partial simulation consumes time: 0.20444560050964355
Partial simulation consumes time: 0.20489096641540527
Partial simulation consumes time: 0.24080634117126465
Partial simulation consumes time: 0.2134110927581787
Partial simulation consumes time: 0.2065739631652832
Partial simulation consumes time: 0.20951342582702637
Partial simulation consumes time: 0.21395444869995117
Partial simulation consumes time: 0.2547950744628906
Partial simulation consumes time: 0.20723342895507812
Partial simulation consumes time: 0.22262215614318848
Partial simulation consumes time: 0.21066784858703613
Partial simulation consumes time: 0.27740478515625
Partial simulation consumes time: 0.2615358829498291
Partial simulation consumes time: 0.2499370574951172
Partial simulation consumes time: 0.23850584030151367
Partial simulation consumes time: 0.22272419929504395
Partial simulation consumes time: 0.19785094261169434
Partial simulation consumes time: 0.2476787567138672
Partial simulation consumes time: 0.24930262565612793
Partial simulation consumes time: 0.22742676734924316
Partial simulation consumes time: 0.21757149696350098
Partial simulation consumes time: 0.5832445621490479
Partial simulation consumes time: 0.20618391036987305
Partial simulation consumes time: 0.19669103622436523
Partial simulation consumes time: 0.19684243202209473
Partial simulation consumes time: 0.20697999000549316
Partial simulation consumes time: 0.23663067817687988
Partial simulation consumes time: 0.22007369995117188
Partial simulation consumes time: 0.24668288230895996
Partial simulation consumes time: 0.2656979560852051
Partial simulation consumes time: 0.19992947578430176
Partial simulation consumes time: 0.2257375717163086
Partial simulation consumes time: 0.21340394020080566
Partial simulation consumes time: 0.23168325424194336
Partial simulation consumes time: 0.23124098777770996
Partial simulation consumes time: 0.20128703117370605
Partial simulation consumes time: 0.2581369876861572
Partial simulation consumes time: 0.19737982749938965
Partial simulation consumes time: 0.2051842212677002
Partial simulation consumes time: 0.2174530029296875
Partial simulation consumes time: 0.2453298568725586
Partial simulation consumes time: 0.08214545249938965
Partial simulation consumes time: 0.08295202255249023
Partial simulation consumes time: 0.08383893966674805
Partial simulation consumes time: 0.07850289344787598
Partial simulation consumes time: 0.07836079597473145
Partial simulation consumes time: 0.0806436538696289
Partial simulation consumes time: 0.07852315902709961
Partial simulation consumes time: 0.09416460990905762
Partial simulation consumes time: 0.07910704612731934
Partial simulation consumes time: 0.07818341255187988
Partial simulation consumes time: 0.08066773414611816
Partial simulation consumes time: 0.07796430587768555
Partial simulation consumes time: 0.07824110984802246
Partial simulation consumes time: 0.07947063446044922
Partial simulation consumes time: 0.0818338394165039
Partial simulation consumes time: 0.08013463020324707
Partial simulation consumes time: 0.0793919563293457
Partial simulation consumes time: 0.0791769027709961
Partial simulation consumes time: 0.07914018630981445
Partial simulation consumes time: 0.07956600189208984
Partial simulation consumes time: 0.07868075370788574
Partial simulation consumes time: 0.08179450035095215
Partial simulation consumes time: 0.08466839790344238
Partial simulation consumes time: 0.08872032165527344
Partial simulation consumes time: 0.08050680160522461
Partial simulation consumes time: 0.08458280563354492
Partial simulation consumes time: 0.08371901512145996
Partial simulation consumes time: 0.08228206634521484
Partial simulation consumes time: 0.08814549446105957
Partial simulation consumes time: 0.0825502872467041
Partial simulation consumes time: 0.09007787704467773
Partial simulation consumes time: 0.08005428314208984
Partial simulation consumes time: 0.07907223701477051
Partial simulation consumes time: 0.08513498306274414
Partial simulation consumes time: 0.0795896053314209
Partial simulation consumes time: 0.08105611801147461
Partial simulation consumes time: 0.0812690258026123
Partial simulation consumes time: 0.07982134819030762
Partial simulation consumes time: 0.0796501636505127
Partial simulation consumes time: 0.0806581974029541
Partial simulation consumes time: 0.08207035064697266
Partial simulation consumes time: 0.08038949966430664
Partial simulation consumes time: 0.07832551002502441
Partial simulation consumes time: 0.07877635955810547
Partial simulation consumes time: 0.0796060562133789
Partial simulation consumes time: 0.07792019844055176
Partial simulation consumes time: 0.07974934577941895
Partial simulation consumes time: 0.08208441734313965
Partial simulation consumes time: 0.08026456832885742
Partial simulation consumes time: 0.08391261100769043
Partial simulation consumes time: 0.0825655460357666
Partial simulation consumes time: 0.08961176872253418
Partial simulation consumes time: 0.0962824821472168
Partial simulation consumes time: 0.08971428871154785
Partial simulation consumes time: 0.08618855476379395
Partial simulation consumes time: 0.08590054512023926
Partial simulation consumes time: 0.08591175079345703
Partial simulation consumes time: 0.08571791648864746
Partial simulation consumes time: 0.08310341835021973
Partial simulation consumes time: 0.07863759994506836
Partial simulation consumes time: 0.07865071296691895
Partial simulation consumes time: 0.07980966567993164
Partial simulation consumes time: 0.07927560806274414
Partial simulation consumes time: 0.09845185279846191
Partial simulation consumes time: 0.2980806827545166
Partial simulation consumes time: 0.2967202663421631
Partial simulation consumes time: 0.26338768005371094
Partial simulation consumes time: 0.2669243812561035
Partial simulation consumes time: 0.2665560245513916
Partial simulation consumes time: 0.28023695945739746
Partial simulation consumes time: 0.2963135242462158
Partial simulation consumes time: 0.27309727668762207
Partial simulation consumes time: 0.26958274841308594
Partial simulation consumes time: 0.2648603916168213
Partial simulation consumes time: 0.26599979400634766
Partial simulation consumes time: 0.272275447845459
Partial simulation consumes time: 0.2722287178039551
Partial simulation consumes time: 0.30466771125793457
Partial simulation consumes time: 0.276857852935791
Partial simulation consumes time: 0.29431867599487305
Partial simulation consumes time: 0.294384241104126
Partial simulation consumes time: 0.28040099143981934
Partial simulation consumes time: 0.2933769226074219
Partial simulation consumes time: 0.2820591926574707
Partial simulation consumes time: 0.2699916362762451
Partial simulation consumes time: 0.2665860652923584
Partial simulation consumes time: 0.285839319229126
Partial simulation consumes time: 0.26668667793273926
Partial simulation consumes time: 0.2781975269317627
Partial simulation consumes time: 0.2814171314239502
Partial simulation consumes time: 0.2696208953857422
Partial simulation consumes time: 0.271259069442749
Partial simulation consumes time: 0.26267576217651367
Partial simulation consumes time: 0.27429747581481934
Partial simulation consumes time: 0.2734184265136719
Partial simulation consumes time: 0.2824840545654297
Partial simulation consumes time: 0.313126802444458
Partial simulation consumes time: 0.2636373043060303
Partial simulation consumes time: 0.26244425773620605
Partial simulation consumes time: 0.2798030376434326
Partial simulation consumes time: 0.2654762268066406
Partial simulation consumes time: 0.26524877548217773
Partial simulation consumes time: 0.26871562004089355
Partial simulation consumes time: 0.2732830047607422
Partial simulation consumes time: 0.26583075523376465
Partial simulation consumes time: 0.2678391933441162
Partial simulation consumes time: 0.27622008323669434
Partial simulation consumes time: 0.2725813388824463
Partial simulation consumes time: 0.29073143005371094
Partial simulation consumes time: 0.3091909885406494
Partial simulation consumes time: 0.2656071186065674
Partial simulation consumes time: 0.2778811454772949
Partial simulation consumes time: 0.2626824378967285
Partial simulation consumes time: 0.26232075691223145
Partial simulation consumes time: 0.26423192024230957
Partial simulation consumes time: 0.30750155448913574
Partial simulation consumes time: 0.2655940055847168
Partial simulation consumes time: 0.2698190212249756
Partial simulation consumes time: 0.264843225479126
Partial simulation consumes time: 0.29000425338745117
Partial simulation consumes time: 0.2706620693206787
Partial simulation consumes time: 0.28853368759155273
Partial simulation consumes time: 0.302600622177124
Partial simulation consumes time: 0.2775702476501465
Partial simulation consumes time: 0.27265381813049316
Partial simulation consumes time: 0.27239036560058594
Partial simulation consumes time: 0.2694668769836426
Partial simulation consumes time: 0.28263425827026367
Partial simulation consumes time: 0.22179079055786133
Partial simulation consumes time: 0.20439958572387695
Partial simulation consumes time: 0.19634079933166504
Partial simulation consumes time: 0.20719146728515625
Partial simulation consumes time: 0.21448421478271484
Partial simulation consumes time: 0.20710515975952148
Partial simulation consumes time: 0.19972634315490723
Partial simulation consumes time: 0.23319578170776367
Partial simulation consumes time: 0.27651333808898926
Partial simulation consumes time: 0.19567012786865234
Partial simulation consumes time: 0.20056772232055664
Partial simulation consumes time: 0.21850895881652832
Partial simulation consumes time: 0.2084813117980957
Partial simulation consumes time: 0.21549224853515625
Partial simulation consumes time: 0.2046210765838623
Partial simulation consumes time: 0.21329975128173828
Partial simulation consumes time: 0.19640350341796875
Partial simulation consumes time: 0.23485684394836426
Partial simulation consumes time: 0.21376371383666992
Partial simulation consumes time: 0.2177872657775879
Partial simulation consumes time: 0.20451140403747559
Partial simulation consumes time: 0.2256639003753662
Partial simulation consumes time: 0.21483230590820312
Partial simulation consumes time: 0.23607683181762695
Partial simulation consumes time: 0.2233281135559082
Partial simulation consumes time: 0.2166745662689209
Partial simulation consumes time: 0.23206639289855957
Partial simulation consumes time: 0.20438361167907715
Partial simulation consumes time: 0.19988322257995605
Partial simulation consumes time: 0.20310425758361816
Partial simulation consumes time: 0.2025902271270752
Partial simulation consumes time: 0.2199099063873291
Partial simulation consumes time: 0.2190103530883789
Partial simulation consumes time: 0.20560979843139648
Partial simulation consumes time: 0.20143771171569824
Partial simulation consumes time: 0.19755244255065918
Partial simulation consumes time: 0.19872283935546875
Partial simulation consumes time: 0.2055048942565918
Partial simulation consumes time: 0.20834660530090332
Partial simulation consumes time: 0.22202396392822266
Partial simulation consumes time: 0.23607492446899414
Partial simulation consumes time: 0.22453022003173828
Partial simulation consumes time: 0.22607207298278809
Partial simulation consumes time: 0.2176220417022705
Partial simulation consumes time: 0.2266244888305664
Partial simulation consumes time: 0.20659661293029785
Partial simulation consumes time: 0.23351311683654785
Partial simulation consumes time: 0.22844552993774414
Partial simulation consumes time: 0.2216482162475586
Partial simulation consumes time: 0.23232650756835938
Partial simulation consumes time: 0.22669482231140137
Partial simulation consumes time: 0.22865962982177734
Partial simulation consumes time: 0.2030332088470459
Partial simulation consumes time: 0.20069360733032227
Partial simulation consumes time: 0.22683238983154297
Partial simulation consumes time: 0.2144315242767334
Partial simulation consumes time: 0.23107028007507324
Partial simulation consumes time: 0.19906210899353027
Partial simulation consumes time: 0.20138239860534668
Partial simulation consumes time: 0.2327251434326172
Partial simulation consumes time: 0.20742416381835938
Partial simulation consumes time: 0.2241349220275879
Partial simulation consumes time: 0.22350239753723145
Partial simulation consumes time: 0.21763277053833008
Partial simulation consumes time: 0.3869633674621582
Partial simulation consumes time: 0.4190852642059326
Partial simulation consumes time: 0.39995527267456055
Partial simulation consumes time: 0.40568065643310547
Partial simulation consumes time: 0.4299623966217041
Partial simulation consumes time: 0.41921305656433105
Partial simulation consumes time: 0.3796379566192627
Partial simulation consumes time: 0.3916499614715576
Partial simulation consumes time: 0.3909790515899658
Partial simulation consumes time: 0.3818483352661133
Partial simulation consumes time: 0.38326573371887207
Partial simulation consumes time: 0.4219932556152344
Partial simulation consumes time: 0.3918917179107666
Partial simulation consumes time: 0.40535736083984375
Partial simulation consumes time: 0.4353623390197754
Partial simulation consumes time: 0.38817811012268066
Partial simulation consumes time: 0.379913330078125
Partial simulation consumes time: 0.4037511348724365
Partial simulation consumes time: 0.38043951988220215
Partial simulation consumes time: 0.3798491954803467
Partial simulation consumes time: 0.3721613883972168
Partial simulation consumes time: 0.3875398635864258
Partial simulation consumes time: 0.38524532318115234
Partial simulation consumes time: 0.40056633949279785
Partial simulation consumes time: 0.44449853897094727
Partial simulation consumes time: 0.40378499031066895
Partial simulation consumes time: 0.3734283447265625
Partial simulation consumes time: 0.41463422775268555
Partial simulation consumes time: 0.42278409004211426
Partial simulation consumes time: 0.4040670394897461
Partial simulation consumes time: 0.37772274017333984
Partial simulation consumes time: 0.39768552780151367
Partial simulation consumes time: 0.3813934326171875
Partial simulation consumes time: 0.38362741470336914
Partial simulation consumes time: 0.409940242767334
Partial simulation consumes time: 0.3761000633239746
Partial simulation consumes time: 0.37900257110595703
Partial simulation consumes time: 0.3911910057067871
Partial simulation consumes time: 0.3853940963745117
Partial simulation consumes time: 0.3785979747772217
Partial simulation consumes time: 0.40078043937683105
Partial simulation consumes time: 0.37749791145324707
Partial simulation consumes time: 0.37260007858276367
Partial simulation consumes time: 0.38033270835876465
Partial simulation consumes time: 0.4299898147583008
Partial simulation consumes time: 0.375424861907959
Partial simulation consumes time: 0.38448596000671387
Partial simulation consumes time: 0.4027564525604248
Partial simulation consumes time: 0.3780050277709961
Partial simulation consumes time: 0.39028334617614746
Partial simulation consumes time: 0.423168420791626
Partial simulation consumes time: 0.3875601291656494
Partial simulation consumes time: 0.4036703109741211
Partial simulation consumes time: 0.3744690418243408
Partial simulation consumes time: 0.4089627265930176
Partial simulation consumes time: 0.4198884963989258
Partial simulation consumes time: 0.40929746627807617
Partial simulation consumes time: 0.372178316116333
Partial simulation consumes time: 0.39994120597839355
Partial simulation consumes time: 0.38560009002685547
Partial simulation consumes time: 0.3865537643432617
Partial simulation consumes time: 0.3877887725830078
Partial simulation consumes time: 0.3890573978424072
Partial simulation consumes time: 0.39891743659973145
Partial simulation consumes time: 0.2534294128417969
Partial simulation consumes time: 0.21464920043945312
Partial simulation consumes time: 0.20618605613708496
Partial simulation consumes time: 0.20561003684997559
Partial simulation consumes time: 0.31479406356811523
Partial simulation consumes time: 0.20983672142028809
Partial simulation consumes time: 0.3165583610534668
Partial simulation consumes time: 0.21709918975830078
Partial simulation consumes time: 0.213134765625
Partial simulation consumes time: 0.3011331558227539
Partial simulation consumes time: 0.2643110752105713
Partial simulation consumes time: 0.20853471755981445
Partial simulation consumes time: 0.21550726890563965
Partial simulation consumes time: 0.2244400978088379
Partial simulation consumes time: 0.24938035011291504
Partial simulation consumes time: 0.34554100036621094
Partial simulation consumes time: 0.32363462448120117
Partial simulation consumes time: 0.23473310470581055
Partial simulation consumes time: 0.2155909538269043
Partial simulation consumes time: 0.22333836555480957
Partial simulation consumes time: 0.23438239097595215
Partial simulation consumes time: 0.22127389907836914
Partial simulation consumes time: 0.225816011428833
Partial simulation consumes time: 0.391080379486084
Partial simulation consumes time: 0.22481822967529297
Partial simulation consumes time: 0.32779955863952637
Partial simulation consumes time: 0.34119725227355957
Partial simulation consumes time: 0.3673818111419678
Partial simulation consumes time: 0.33948826789855957
Partial simulation consumes time: 0.3540353775024414
Partial simulation consumes time: 0.35935306549072266
Partial simulation consumes time: 0.21750092506408691
Partial simulation consumes time: 0.2410440444946289
Partial simulation consumes time: 0.21325016021728516
Partial simulation consumes time: 0.23831987380981445
Partial simulation consumes time: 0.22416257858276367
Partial simulation consumes time: 0.3504140377044678
Partial simulation consumes time: 0.35846710205078125
Partial simulation consumes time: 0.21834945678710938
Partial simulation consumes time: 0.3192934989929199
Partial simulation consumes time: 0.366119384765625
Partial simulation consumes time: 0.21879124641418457
Partial simulation consumes time: 0.20988988876342773
Partial simulation consumes time: 0.216386079788208
Partial simulation consumes time: 0.3343186378479004
Partial simulation consumes time: 0.21890902519226074
Partial simulation consumes time: 0.2159557342529297
Partial simulation consumes time: 0.2407526969909668
Partial simulation consumes time: 0.36011576652526855
Partial simulation consumes time: 0.265960693359375
Partial simulation consumes time: 0.31946516036987305
Partial simulation consumes time: 0.22869253158569336
Partial simulation consumes time: 0.21155405044555664
Partial simulation consumes time: 0.2698366641998291
Partial simulation consumes time: 0.24612069129943848
Partial simulation consumes time: 0.3221316337585449
Partial simulation consumes time: 0.2204265594482422
Partial simulation consumes time: 0.22260785102844238
Partial simulation consumes time: 0.20863032341003418
Partial simulation consumes time: 0.47040581703186035
Partial simulation consumes time: 0.3250448703765869
Partial simulation consumes time: 0.23980402946472168
Partial simulation consumes time: 0.3349301815032959
Partial simulation consumes time: 0.22268033027648926
Partial simulation consumes time: 0.10756325721740723
Partial simulation consumes time: 0.09953045845031738
Partial simulation consumes time: 0.09047818183898926
Partial simulation consumes time: 0.09344196319580078
Partial simulation consumes time: 0.08851957321166992
Partial simulation consumes time: 0.09961462020874023
Partial simulation consumes time: 0.11242222785949707
Partial simulation consumes time: 0.09511613845825195
Partial simulation consumes time: 0.09952569007873535
Partial simulation consumes time: 0.08903741836547852
Partial simulation consumes time: 0.09335613250732422
Partial simulation consumes time: 0.1118154525756836
Partial simulation consumes time: 0.08960890769958496
Partial simulation consumes time: 0.09500002861022949
Partial simulation consumes time: 0.10609817504882812
Partial simulation consumes time: 0.10590767860412598
Partial simulation consumes time: 0.0929265022277832
Partial simulation consumes time: 0.09518647193908691
Partial simulation consumes time: 0.1136014461517334
Partial simulation consumes time: 0.0894169807434082
Partial simulation consumes time: 0.10137510299682617
Partial simulation consumes time: 0.09029698371887207
Partial simulation consumes time: 0.0980689525604248
Partial simulation consumes time: 0.08970499038696289
Partial simulation consumes time: 0.08886337280273438
Partial simulation consumes time: 0.09417557716369629
Partial simulation consumes time: 0.08972311019897461
Partial simulation consumes time: 0.08989739418029785
Partial simulation consumes time: 0.08931231498718262
Partial simulation consumes time: 0.11129570007324219
Partial simulation consumes time: 0.09945917129516602
Partial simulation consumes time: 0.09799742698669434
Partial simulation consumes time: 0.10012483596801758
Partial simulation consumes time: 0.1190788745880127
Partial simulation consumes time: 0.11415529251098633
Partial simulation consumes time: 0.08981513977050781
Partial simulation consumes time: 0.11681246757507324
Partial simulation consumes time: 0.0924844741821289
Partial simulation consumes time: 0.10152173042297363
Partial simulation consumes time: 0.09749674797058105
Partial simulation consumes time: 0.09513616561889648
Partial simulation consumes time: 0.10892724990844727
Partial simulation consumes time: 0.09067344665527344
Partial simulation consumes time: 0.10812544822692871
Partial simulation consumes time: 0.09710240364074707
Partial simulation consumes time: 0.10756421089172363
Partial simulation consumes time: 0.09900784492492676
Partial simulation consumes time: 0.10776400566101074
Partial simulation consumes time: 0.09373354911804199
Partial simulation consumes time: 0.10700178146362305
Partial simulation consumes time: 0.0888833999633789
Partial simulation consumes time: 0.09707021713256836
Partial simulation consumes time: 0.10097146034240723
Partial simulation consumes time: 0.10418462753295898
Partial simulation consumes time: 0.10314607620239258
Partial simulation consumes time: 0.09155774116516113
Partial simulation consumes time: 0.09477686882019043
Partial simulation consumes time: 0.09712934494018555
Partial simulation consumes time: 0.09396910667419434
Partial simulation consumes time: 0.0908193588256836
Partial simulation consumes time: 0.08992195129394531
Partial simulation consumes time: 0.09208989143371582
Partial simulation consumes time: 0.09038972854614258
Partial simulation consumes time: 0.09161615371704102
Partial simulation consumes time: 0.10393881797790527
Partial simulation consumes time: 0.09601616859436035
Partial simulation consumes time: 0.09569764137268066
Partial simulation consumes time: 0.09560751914978027
Partial simulation consumes time: 0.09503650665283203
Partial simulation consumes time: 0.10803771018981934
Partial simulation consumes time: 0.10687756538391113
Partial simulation consumes time: 0.10596513748168945
Partial simulation consumes time: 0.10379338264465332
Partial simulation consumes time: 0.10354924201965332
Partial simulation consumes time: 0.10821413993835449
Partial simulation consumes time: 0.10125422477722168
Partial simulation consumes time: 0.1003866195678711
Partial simulation consumes time: 0.10455179214477539
Partial simulation consumes time: 0.09987640380859375
Partial simulation consumes time: 0.10703134536743164
Partial simulation consumes time: 0.10699653625488281
Partial simulation consumes time: 0.10397505760192871
Partial simulation consumes time: 0.11487746238708496
Partial simulation consumes time: 0.09478569030761719
Partial simulation consumes time: 0.09480595588684082
Partial simulation consumes time: 0.09532523155212402
Partial simulation consumes time: 0.10302376747131348
Partial simulation consumes time: 0.09607577323913574
Partial simulation consumes time: 0.09617471694946289
Partial simulation consumes time: 0.09896087646484375
Partial simulation consumes time: 0.0973672866821289
Partial simulation consumes time: 0.10547494888305664
Partial simulation consumes time: 0.0999152660369873
Partial simulation consumes time: 0.0960531234741211
Partial simulation consumes time: 0.10050010681152344
Partial simulation consumes time: 0.0962514877319336
Partial simulation consumes time: 0.11409854888916016
Partial simulation consumes time: 0.10193610191345215
Partial simulation consumes time: 0.10011744499206543
Partial simulation consumes time: 0.09998774528503418
Partial simulation consumes time: 0.1033778190612793
Partial simulation consumes time: 0.09616661071777344
Partial simulation consumes time: 0.10087370872497559
Partial simulation consumes time: 0.10905838012695312
Partial simulation consumes time: 0.09518742561340332
Partial simulation consumes time: 0.09749388694763184
Partial simulation consumes time: 0.09518575668334961
Partial simulation consumes time: 0.09786558151245117
Partial simulation consumes time: 0.09535431861877441
Partial simulation consumes time: 0.11301517486572266
Partial simulation consumes time: 0.0971219539642334
Partial simulation consumes time: 0.0956277847290039
Partial simulation consumes time: 0.09657502174377441
Partial simulation consumes time: 0.09757065773010254
Partial simulation consumes time: 0.10261106491088867
Partial simulation consumes time: 0.09492206573486328
Partial simulation consumes time: 0.0974574089050293
Partial simulation consumes time: 0.0948936939239502
Partial simulation consumes time: 0.0951073169708252
Partial simulation consumes time: 0.09983348846435547
Partial simulation consumes time: 0.10452508926391602
Partial simulation consumes time: 0.10080361366271973
Partial simulation consumes time: 0.09976434707641602
Partial simulation consumes time: 0.10106468200683594
Partial simulation consumes time: 0.10875058174133301
Partial simulation consumes time: 0.11396646499633789
Partial simulation consumes time: 0.09527254104614258
Partial simulation consumes time: 0.1001591682434082
Partial simulation consumes time: 0.2514629364013672
Partial simulation consumes time: 0.25539731979370117
Partial simulation consumes time: 0.2442781925201416
Partial simulation consumes time: 0.23827171325683594
Partial simulation consumes time: 0.24105143547058105
Partial simulation consumes time: 0.2391374111175537
Partial simulation consumes time: 0.24945831298828125
Partial simulation consumes time: 0.22849416732788086
Partial simulation consumes time: 0.22524333000183105
Partial simulation consumes time: 0.2588989734649658
Partial simulation consumes time: 0.2762331962585449
Partial simulation consumes time: 0.24374151229858398
Partial simulation consumes time: 0.2313683032989502
Partial simulation consumes time: 0.26131272315979004
Partial simulation consumes time: 0.26651597023010254
Partial simulation consumes time: 0.2376406192779541
Partial simulation consumes time: 0.236680269241333
Partial simulation consumes time: 0.22574639320373535
Partial simulation consumes time: 0.23929524421691895
Partial simulation consumes time: 0.22509407997131348
Partial simulation consumes time: 0.25379228591918945
Partial simulation consumes time: 0.25023579597473145
Partial simulation consumes time: 0.2520937919616699
Partial simulation consumes time: 0.2579021453857422
Partial simulation consumes time: 0.2704308032989502
Partial simulation consumes time: 0.2273564338684082
Partial simulation consumes time: 0.26807618141174316
Partial simulation consumes time: 0.23086333274841309
Partial simulation consumes time: 0.24724674224853516
Partial simulation consumes time: 0.22711610794067383
Partial simulation consumes time: 0.2425222396850586
Partial simulation consumes time: 0.2573661804199219
Partial simulation consumes time: 0.23989033699035645
Partial simulation consumes time: 0.24619340896606445
Partial simulation consumes time: 0.2541086673736572
Partial simulation consumes time: 0.22536325454711914
Partial simulation consumes time: 0.2411196231842041
Partial simulation consumes time: 0.252208948135376
Partial simulation consumes time: 0.28656744956970215
Partial simulation consumes time: 0.26965761184692383
Partial simulation consumes time: 0.23892569541931152
Partial simulation consumes time: 0.25641679763793945
Partial simulation consumes time: 0.22866034507751465
Partial simulation consumes time: 0.22603464126586914
Partial simulation consumes time: 0.2499387264251709
Partial simulation consumes time: 0.2409687042236328
Partial simulation consumes time: 0.24904918670654297
Partial simulation consumes time: 0.2522866725921631
Partial simulation consumes time: 0.25019359588623047
Partial simulation consumes time: 0.2480621337890625
Partial simulation consumes time: 0.23586392402648926
Partial simulation consumes time: 0.25418949127197266
Partial simulation consumes time: 0.2673301696777344
Partial simulation consumes time: 0.24226832389831543
Partial simulation consumes time: 0.2536163330078125
Partial simulation consumes time: 0.2457582950592041
Partial simulation consumes time: 0.27010464668273926
Partial simulation consumes time: 0.2414865493774414
Partial simulation consumes time: 0.24953532218933105
Partial simulation consumes time: 0.23036789894104004
Partial simulation consumes time: 0.23079705238342285
Partial simulation consumes time: 0.23971915245056152
Partial simulation consumes time: 0.24496102333068848
Partial simulation consumes time: 0.25141215324401855
Partial simulation consumes time: 0.11312246322631836
Partial simulation consumes time: 0.1156308650970459
Partial simulation consumes time: 0.1002054214477539
Partial simulation consumes time: 0.1027839183807373
Partial simulation consumes time: 0.11175656318664551
Partial simulation consumes time: 0.10521435737609863
Partial simulation consumes time: 0.0927879810333252
Partial simulation consumes time: 0.09333419799804688
Partial simulation consumes time: 0.09882760047912598
Partial simulation consumes time: 0.10156440734863281
Partial simulation consumes time: 0.09626293182373047
Partial simulation consumes time: 0.10099935531616211
Partial simulation consumes time: 0.09291529655456543
Partial simulation consumes time: 0.0954599380493164
Partial simulation consumes time: 0.09245467185974121
Partial simulation consumes time: 0.09929180145263672
Partial simulation consumes time: 0.09313297271728516
Partial simulation consumes time: 0.10892677307128906
Partial simulation consumes time: 0.09268856048583984
Partial simulation consumes time: 0.09737181663513184
Partial simulation consumes time: 0.09265422821044922
Partial simulation consumes time: 0.09314727783203125
Partial simulation consumes time: 0.09319710731506348
Partial simulation consumes time: 0.09291601181030273
Partial simulation consumes time: 0.09299349784851074
Partial simulation consumes time: 0.09207892417907715
Partial simulation consumes time: 0.10128974914550781
Partial simulation consumes time: 0.10369467735290527
Partial simulation consumes time: 0.10149049758911133
Partial simulation consumes time: 0.11208677291870117
Partial simulation consumes time: 0.09845566749572754
Partial simulation consumes time: 0.1000204086303711
Partial simulation consumes time: 0.09809136390686035
Partial simulation consumes time: 0.09723329544067383
Partial simulation consumes time: 0.10078287124633789
Partial simulation consumes time: 0.09994626045227051
Partial simulation consumes time: 0.10445713996887207
Partial simulation consumes time: 0.10126638412475586
Partial simulation consumes time: 0.10173416137695312
Partial simulation consumes time: 0.09510183334350586
Partial simulation consumes time: 0.09304475784301758
Partial simulation consumes time: 0.09425783157348633
Partial simulation consumes time: 0.0990440845489502
Partial simulation consumes time: 0.10832643508911133
Partial simulation consumes time: 0.09415841102600098
Partial simulation consumes time: 0.09960293769836426
Partial simulation consumes time: 0.09946894645690918
Partial simulation consumes time: 0.09353327751159668
Partial simulation consumes time: 0.10039091110229492
Partial simulation consumes time: 0.10685586929321289
Partial simulation consumes time: 0.10341191291809082
Partial simulation consumes time: 0.10190224647521973
Partial simulation consumes time: 0.11094331741333008
Partial simulation consumes time: 0.09524703025817871
Partial simulation consumes time: 0.09303784370422363
Partial simulation consumes time: 0.09358000755310059
Partial simulation consumes time: 0.0994565486907959
Partial simulation consumes time: 0.09426188468933105
Partial simulation consumes time: 0.09516692161560059
Partial simulation consumes time: 0.09249639511108398
Partial simulation consumes time: 0.09300732612609863
Partial simulation consumes time: 0.09504222869873047
Partial simulation consumes time: 0.10149145126342773
Partial simulation consumes time: 0.09306788444519043
Partial simulation consumes time: 0.16983342170715332
Partial simulation consumes time: 0.18627023696899414
Partial simulation consumes time: 0.18867707252502441
Partial simulation consumes time: 0.2036118507385254
Partial simulation consumes time: 0.1652698516845703
Partial simulation consumes time: 0.16469502449035645
Partial simulation consumes time: 0.1842665672302246
Partial simulation consumes time: 0.17819976806640625
Partial simulation consumes time: 0.18300557136535645
Partial simulation consumes time: 0.1868300437927246
Partial simulation consumes time: 0.17916178703308105
Partial simulation consumes time: 0.18043017387390137
Partial simulation consumes time: 0.18141746520996094
Partial simulation consumes time: 0.17704105377197266
Partial simulation consumes time: 0.1991281509399414
Partial simulation consumes time: 0.18827247619628906
Partial simulation consumes time: 0.1914353370666504
Partial simulation consumes time: 0.18257999420166016
Partial simulation consumes time: 0.19570684432983398
Partial simulation consumes time: 0.18139314651489258
Partial simulation consumes time: 0.16635608673095703
Partial simulation consumes time: 0.18265676498413086
Partial simulation consumes time: 0.17142605781555176
Partial simulation consumes time: 0.20221924781799316
Partial simulation consumes time: 0.18370532989501953
Partial simulation consumes time: 0.18541860580444336
Partial simulation consumes time: 0.1698305606842041
Partial simulation consumes time: 0.17332220077514648
Partial simulation consumes time: 0.16993451118469238
Partial simulation consumes time: 0.19329452514648438
Partial simulation consumes time: 0.19239521026611328
Partial simulation consumes time: 0.19732046127319336
Partial simulation consumes time: 0.19037199020385742
Partial simulation consumes time: 0.18193578720092773
Partial simulation consumes time: 0.16559433937072754
Partial simulation consumes time: 0.2084953784942627
Partial simulation consumes time: 0.20377373695373535
Partial simulation consumes time: 0.19469642639160156
Partial simulation consumes time: 0.1971421241760254
Partial simulation consumes time: 0.16752123832702637
Partial simulation consumes time: 0.17940306663513184
Partial simulation consumes time: 0.19820523262023926
Partial simulation consumes time: 0.2658567428588867
Partial simulation consumes time: 0.1856837272644043
Partial simulation consumes time: 0.19707727432250977
Partial simulation consumes time: 0.18703770637512207
Partial simulation consumes time: 0.1901686191558838
Partial simulation consumes time: 0.18849849700927734
Partial simulation consumes time: 0.19490838050842285
Partial simulation consumes time: 0.1827988624572754
Partial simulation consumes time: 0.16419267654418945
Partial simulation consumes time: 0.19797110557556152
Partial simulation consumes time: 0.18751788139343262
Partial simulation consumes time: 0.16920113563537598
Partial simulation consumes time: 0.16572332382202148
Partial simulation consumes time: 0.18324637413024902
Partial simulation consumes time: 0.16453146934509277
Partial simulation consumes time: 0.19619417190551758
Partial simulation consumes time: 0.1947009563446045
Partial simulation consumes time: 0.22742390632629395
Partial simulation consumes time: 0.19529271125793457
Partial simulation consumes time: 0.19138240814208984
Partial simulation consumes time: 0.19060397148132324
Partial simulation consumes time: 0.185164213180542
Partial simulation consumes time: 0.2542452812194824
Partial simulation consumes time: 0.25211238861083984
Partial simulation consumes time: 0.2573695182800293
Partial simulation consumes time: 0.26881980895996094
Partial simulation consumes time: 0.22788262367248535
Partial simulation consumes time: 0.25693488121032715
Partial simulation consumes time: 0.22768473625183105
Partial simulation consumes time: 0.24123930931091309
Partial simulation consumes time: 0.25148820877075195
Partial simulation consumes time: 0.3181312084197998
Partial simulation consumes time: 0.2454996109008789
Partial simulation consumes time: 0.25652527809143066
Partial simulation consumes time: 0.23950624465942383
Partial simulation consumes time: 0.2544896602630615
Partial simulation consumes time: 0.26746606826782227
Partial simulation consumes time: 0.2297835350036621
Partial simulation consumes time: 0.23881173133850098
Partial simulation consumes time: 0.2599332332611084
Partial simulation consumes time: 0.24988985061645508
Partial simulation consumes time: 0.22842931747436523
Partial simulation consumes time: 0.2627129554748535
Partial simulation consumes time: 0.2306349277496338
Partial simulation consumes time: 0.2715792655944824
Partial simulation consumes time: 0.29386162757873535
Partial simulation consumes time: 0.2313394546508789
Partial simulation consumes time: 0.26540374755859375
Partial simulation consumes time: 0.23741555213928223
Partial simulation consumes time: 0.28753018379211426
Partial simulation consumes time: 0.23193144798278809
Partial simulation consumes time: 0.2500646114349365
Partial simulation consumes time: 0.2644972801208496
Partial simulation consumes time: 0.2668612003326416
Partial simulation consumes time: 0.25540900230407715
Partial simulation consumes time: 0.2554607391357422
Partial simulation consumes time: 0.23722195625305176
Partial simulation consumes time: 0.2413010597229004
Partial simulation consumes time: 0.2584519386291504
Partial simulation consumes time: 0.297637939453125
Partial simulation consumes time: 0.2593402862548828
Partial simulation consumes time: 0.2523953914642334
Partial simulation consumes time: 0.24482417106628418
Partial simulation consumes time: 0.2477588653564453
Partial simulation consumes time: 0.26261448860168457
Partial simulation consumes time: 0.2661292552947998
Partial simulation consumes time: 0.3034334182739258
Partial simulation consumes time: 0.2352294921875
Partial simulation consumes time: 0.22626996040344238
Partial simulation consumes time: 0.2559380531311035
Partial simulation consumes time: 0.23023414611816406
Partial simulation consumes time: 0.22964024543762207
Partial simulation consumes time: 0.2778196334838867
Partial simulation consumes time: 0.2903726100921631
Partial simulation consumes time: 0.2307138442993164
Partial simulation consumes time: 0.25615358352661133
Partial simulation consumes time: 0.2331387996673584
Partial simulation consumes time: 0.2414083480834961
Partial simulation consumes time: 0.2515139579772949
Partial simulation consumes time: 0.22908687591552734
Partial simulation consumes time: 0.26714634895324707
Partial simulation consumes time: 0.23221492767333984
Partial simulation consumes time: 0.27277541160583496
Partial simulation consumes time: 0.228043794631958
Partial simulation consumes time: 0.22980308532714844
Partial simulation consumes time: 0.26538968086242676
Partial simulation consumes time: 0.16007590293884277
Partial simulation consumes time: 0.16153812408447266
Partial simulation consumes time: 0.16646051406860352
Partial simulation consumes time: 0.1538844108581543
Partial simulation consumes time: 0.156935453414917
Partial simulation consumes time: 0.15184855461120605
Partial simulation consumes time: 0.15174579620361328
Partial simulation consumes time: 0.15202856063842773
Partial simulation consumes time: 0.15191006660461426
Partial simulation consumes time: 0.15230846405029297
Partial simulation consumes time: 0.15652942657470703
Partial simulation consumes time: 0.16146588325500488
Partial simulation consumes time: 0.15241193771362305
Partial simulation consumes time: 0.15840721130371094
Partial simulation consumes time: 0.1524944305419922
Partial simulation consumes time: 0.17026638984680176
Partial simulation consumes time: 0.1539614200592041
Partial simulation consumes time: 0.15273380279541016
Partial simulation consumes time: 0.15587997436523438
Partial simulation consumes time: 0.16197752952575684
Partial simulation consumes time: 0.16760993003845215
Partial simulation consumes time: 0.17244315147399902
Partial simulation consumes time: 0.16143012046813965
Partial simulation consumes time: 0.15204477310180664
Partial simulation consumes time: 0.15512990951538086
Partial simulation consumes time: 0.1612558364868164
Partial simulation consumes time: 0.16279125213623047
Partial simulation consumes time: 0.15276718139648438
Partial simulation consumes time: 0.15189862251281738
Partial simulation consumes time: 0.15929198265075684
Partial simulation consumes time: 0.15375137329101562
Partial simulation consumes time: 0.15326237678527832
Partial simulation consumes time: 0.16011762619018555
Partial simulation consumes time: 0.15137624740600586
Partial simulation consumes time: 0.15186190605163574
Partial simulation consumes time: 0.15162324905395508
Partial simulation consumes time: 0.15665698051452637
Partial simulation consumes time: 0.1688556671142578
Partial simulation consumes time: 0.1599743366241455
Partial simulation consumes time: 0.1631011962890625
Partial simulation consumes time: 0.16265511512756348
Partial simulation consumes time: 0.16431164741516113
Partial simulation consumes time: 0.37515926361083984
Partial simulation consumes time: 0.1569814682006836
Partial simulation consumes time: 0.16261553764343262
Partial simulation consumes time: 0.1527092456817627
Partial simulation consumes time: 0.1514873504638672
Partial simulation consumes time: 0.16514348983764648
Partial simulation consumes time: 0.15165400505065918
Partial simulation consumes time: 0.15469098091125488
Partial simulation consumes time: 0.15270280838012695
Partial simulation consumes time: 0.15312695503234863
Partial simulation consumes time: 0.15294909477233887
Partial simulation consumes time: 0.1521892547607422
Partial simulation consumes time: 0.1521434783935547
Partial simulation consumes time: 0.1581566333770752
Partial simulation consumes time: 0.1605679988861084
Partial simulation consumes time: 0.16295099258422852
Partial simulation consumes time: 0.16066956520080566
Partial simulation consumes time: 0.16922831535339355
Partial simulation consumes time: 0.15934395790100098
Partial simulation consumes time: 0.15151500701904297
Partial simulation consumes time: 0.15247678756713867
Partial simulation consumes time: 0.15273237228393555
Partial simulation consumes time: 0.21497225761413574
Partial simulation consumes time: 0.2491917610168457
Partial simulation consumes time: 0.21993422508239746
Partial simulation consumes time: 0.2324504852294922
Partial simulation consumes time: 0.22016072273254395
Partial simulation consumes time: 0.23357796669006348
Partial simulation consumes time: 0.24314045906066895
Partial simulation consumes time: 0.21817946434020996
Partial simulation consumes time: 0.2333543300628662
Partial simulation consumes time: 0.23922443389892578
Partial simulation consumes time: 0.25079870223999023
Partial simulation consumes time: 0.21860432624816895
Partial simulation consumes time: 0.2428138256072998
Partial simulation consumes time: 0.2555227279663086
Partial simulation consumes time: 0.23507428169250488
Partial simulation consumes time: 0.23110246658325195
Partial simulation consumes time: 0.2226114273071289
Partial simulation consumes time: 0.22307586669921875
Partial simulation consumes time: 0.21931052207946777
Partial simulation consumes time: 0.22495174407958984
Partial simulation consumes time: 0.21767497062683105
Partial simulation consumes time: 0.22522735595703125
Partial simulation consumes time: 0.2546837329864502
Partial simulation consumes time: 0.25031208992004395
Partial simulation consumes time: 0.2683219909667969
Partial simulation consumes time: 0.22409462928771973
Partial simulation consumes time: 0.21894311904907227
Partial simulation consumes time: 0.23639249801635742
Partial simulation consumes time: 0.21994352340698242
Partial simulation consumes time: 0.24019670486450195
Partial simulation consumes time: 0.24603867530822754
Partial simulation consumes time: 0.25624966621398926
Partial simulation consumes time: 0.26605963706970215
Partial simulation consumes time: 0.22824692726135254
Partial simulation consumes time: 0.22322487831115723
Partial simulation consumes time: 0.24086737632751465
Partial simulation consumes time: 0.2384035587310791
Partial simulation consumes time: 0.24780631065368652
Partial simulation consumes time: 0.2507150173187256
Partial simulation consumes time: 0.25119829177856445
Partial simulation consumes time: 0.23869824409484863
Partial simulation consumes time: 0.24713397026062012
Partial simulation consumes time: 0.23077630996704102
Partial simulation consumes time: 0.2203526496887207
Partial simulation consumes time: 0.2247326374053955
Partial simulation consumes time: 0.22695374488830566
Partial simulation consumes time: 0.22696971893310547
Partial simulation consumes time: 0.22967147827148438
Partial simulation consumes time: 0.2311537265777588
Partial simulation consumes time: 0.21896052360534668
Partial simulation consumes time: 0.2233445644378662
Partial simulation consumes time: 0.2208242416381836
Partial simulation consumes time: 0.24130988121032715
Partial simulation consumes time: 0.2645292282104492
Partial simulation consumes time: 0.22263860702514648
Partial simulation consumes time: 0.23285913467407227
Partial simulation consumes time: 0.21735644340515137
Partial simulation consumes time: 0.223419189453125
Partial simulation consumes time: 0.23660731315612793
Partial simulation consumes time: 0.21814799308776855
Partial simulation consumes time: 0.22052240371704102
Partial simulation consumes time: 0.22165155410766602
Partial simulation consumes time: 0.22181272506713867
Partial simulation consumes time: 0.24190878868103027
Partial simulation consumes time: 0.23014402389526367
Partial simulation consumes time: 0.21588134765625
Partial simulation consumes time: 0.2326667308807373
Partial simulation consumes time: 0.24213767051696777
Partial simulation consumes time: 0.23558950424194336
Partial simulation consumes time: 0.22603273391723633
Partial simulation consumes time: 0.2296299934387207
Partial simulation consumes time: 0.22706127166748047
Partial simulation consumes time: 0.20534324645996094
Partial simulation consumes time: 0.22562670707702637
Partial simulation consumes time: 0.24741911888122559
Partial simulation consumes time: 0.22384023666381836
Partial simulation consumes time: 0.22023916244506836
Partial simulation consumes time: 0.24555206298828125
Partial simulation consumes time: 0.21059703826904297
Partial simulation consumes time: 0.20131516456604004
Partial simulation consumes time: 0.21176910400390625
Partial simulation consumes time: 0.21507024765014648
Partial simulation consumes time: 0.2246415615081787
Partial simulation consumes time: 0.23712968826293945
Partial simulation consumes time: 0.21474862098693848
Partial simulation consumes time: 0.23681187629699707
Partial simulation consumes time: 0.20629596710205078
Partial simulation consumes time: 0.205122709274292
Partial simulation consumes time: 0.22989916801452637
Partial simulation consumes time: 0.21039319038391113
Partial simulation consumes time: 0.23337960243225098
Partial simulation consumes time: 0.2057490348815918
Partial simulation consumes time: 0.22134995460510254
Partial simulation consumes time: 0.20348358154296875
Partial simulation consumes time: 0.2024531364440918
Partial simulation consumes time: 0.20224809646606445
Partial simulation consumes time: 0.22323012351989746
Partial simulation consumes time: 0.2196822166442871
Partial simulation consumes time: 0.22261476516723633
Partial simulation consumes time: 0.23102259635925293
Partial simulation consumes time: 0.2056257724761963
Partial simulation consumes time: 0.22742652893066406
Partial simulation consumes time: 0.20615267753601074
Partial simulation consumes time: 0.23335957527160645
Partial simulation consumes time: 0.2254939079284668
Partial simulation consumes time: 0.23117613792419434
Partial simulation consumes time: 0.20785045623779297
Partial simulation consumes time: 0.22633147239685059
Partial simulation consumes time: 0.22679448127746582
Partial simulation consumes time: 0.21073341369628906
Partial simulation consumes time: 0.2413644790649414
Partial simulation consumes time: 0.22345376014709473
Partial simulation consumes time: 0.24404501914978027
Partial simulation consumes time: 0.21978044509887695
Partial simulation consumes time: 0.2037351131439209
Partial simulation consumes time: 0.22954988479614258
Partial simulation consumes time: 0.20879721641540527
Partial simulation consumes time: 0.22569513320922852
Partial simulation consumes time: 0.20086264610290527
Partial simulation consumes time: 0.23831915855407715
Partial simulation consumes time: 0.20462536811828613
Partial simulation consumes time: 0.23188424110412598
Partial simulation consumes time: 0.20826292037963867
Partial simulation consumes time: 0.20377707481384277
Partial simulation consumes time: 0.22604131698608398
Partial simulation consumes time: 0.2279829978942871
Partial simulation consumes time: 0.20339179039001465
Partial simulation consumes time: 0.2345414161682129
Partial simulation consumes time: 0.2909097671508789
Partial simulation consumes time: 0.2738535404205322
Partial simulation consumes time: 0.27126502990722656
Partial simulation consumes time: 0.2508542537689209
Partial simulation consumes time: 0.25176525115966797
Partial simulation consumes time: 0.2580850124359131
Partial simulation consumes time: 0.2573108673095703
Partial simulation consumes time: 0.2525467872619629
Partial simulation consumes time: 0.26039767265319824
Partial simulation consumes time: 0.26363611221313477
Partial simulation consumes time: 0.25676512718200684
Partial simulation consumes time: 0.24989819526672363
Partial simulation consumes time: 0.29146337509155273
Partial simulation consumes time: 0.25547099113464355
Partial simulation consumes time: 0.2648022174835205
Partial simulation consumes time: 0.27536940574645996
Partial simulation consumes time: 0.2770373821258545
Partial simulation consumes time: 0.27738404273986816
Partial simulation consumes time: 0.2764604091644287
Partial simulation consumes time: 0.2871742248535156
Partial simulation consumes time: 0.2578763961791992
Partial simulation consumes time: 0.2635948657989502
Partial simulation consumes time: 0.25332093238830566
Partial simulation consumes time: 0.26479339599609375
Partial simulation consumes time: 0.2844851016998291
Partial simulation consumes time: 0.27417445182800293
Partial simulation consumes time: 0.2754397392272949
Partial simulation consumes time: 0.3006405830383301
Partial simulation consumes time: 0.29531407356262207
Partial simulation consumes time: 0.2645273208618164
Partial simulation consumes time: 0.25341367721557617
Partial simulation consumes time: 0.28118443489074707
Partial simulation consumes time: 0.26902341842651367
Partial simulation consumes time: 0.2658870220184326
Partial simulation consumes time: 0.2708122730255127
Partial simulation consumes time: 0.2652273178100586
Partial simulation consumes time: 0.25656843185424805
Partial simulation consumes time: 0.25809454917907715
Partial simulation consumes time: 0.25369691848754883
Partial simulation consumes time: 0.2799956798553467
Partial simulation consumes time: 0.2972862720489502
Partial simulation consumes time: 0.25592875480651855
Partial simulation consumes time: 0.2547481060028076
Partial simulation consumes time: 0.24937772750854492
Partial simulation consumes time: 0.26963162422180176
Partial simulation consumes time: 0.26922059059143066
Partial simulation consumes time: 0.2513117790222168
Partial simulation consumes time: 0.2544393539428711
Partial simulation consumes time: 0.27274227142333984
Partial simulation consumes time: 0.2514510154724121
Partial simulation consumes time: 0.25034141540527344
Partial simulation consumes time: 0.2570016384124756
Partial simulation consumes time: 0.25212740898132324
Partial simulation consumes time: 0.28237271308898926
Partial simulation consumes time: 0.29788661003112793
Partial simulation consumes time: 0.2594428062438965
Partial simulation consumes time: 0.2741835117340088
Partial simulation consumes time: 0.2571873664855957
Partial simulation consumes time: 0.25391483306884766
Partial simulation consumes time: 0.25513792037963867
Partial simulation consumes time: 0.2540004253387451
Partial simulation consumes time: 0.2559051513671875
Partial simulation consumes time: 0.2626476287841797
Partial simulation consumes time: 0.2661759853363037
Partial simulation consumes time: 0.038041114807128906
Partial simulation consumes time: 0.03791689872741699
Partial simulation consumes time: 0.03645515441894531
Partial simulation consumes time: 0.03743267059326172
Partial simulation consumes time: 0.03654122352600098
Partial simulation consumes time: 0.03789520263671875
Partial simulation consumes time: 0.03890728950500488
Partial simulation consumes time: 0.038071393966674805
Partial simulation consumes time: 0.03802180290222168
Partial simulation consumes time: 0.039511919021606445
Partial simulation consumes time: 0.04980897903442383
Partial simulation consumes time: 0.0377964973449707
Partial simulation consumes time: 0.036812543869018555
Partial simulation consumes time: 0.03707766532897949
Partial simulation consumes time: 0.037363290786743164
Partial simulation consumes time: 0.04331064224243164
Partial simulation consumes time: 0.036409616470336914
Partial simulation consumes time: 0.03861641883850098
Partial simulation consumes time: 0.03661203384399414
Partial simulation consumes time: 0.03878188133239746
Partial simulation consumes time: 0.040509700775146484
Partial simulation consumes time: 0.0410761833190918
Partial simulation consumes time: 0.04261589050292969
Partial simulation consumes time: 0.03993654251098633
Partial simulation consumes time: 0.04036760330200195
Partial simulation consumes time: 0.03660297393798828
Partial simulation consumes time: 0.03754878044128418
Partial simulation consumes time: 0.037232160568237305
Partial simulation consumes time: 0.03776741027832031
Partial simulation consumes time: 0.03625082969665527
Partial simulation consumes time: 0.03695511817932129
Partial simulation consumes time: 0.03803277015686035
Partial simulation consumes time: 0.04193568229675293
Partial simulation consumes time: 0.03923439979553223
Partial simulation consumes time: 0.04517507553100586
Partial simulation consumes time: 0.042798519134521484
Partial simulation consumes time: 0.045601606369018555
Partial simulation consumes time: 0.04768681526184082
Partial simulation consumes time: 0.043801307678222656
Partial simulation consumes time: 0.038475990295410156
Partial simulation consumes time: 0.03881430625915527
Partial simulation consumes time: 0.03881216049194336
Partial simulation consumes time: 0.038199424743652344
Partial simulation consumes time: 0.036792755126953125
Partial simulation consumes time: 0.03671383857727051
Partial simulation consumes time: 0.036397695541381836
Partial simulation consumes time: 0.03682351112365723
Partial simulation consumes time: 0.036712646484375
Partial simulation consumes time: 0.03768205642700195
Partial simulation consumes time: 0.03682541847229004
Partial simulation consumes time: 0.03627324104309082
Partial simulation consumes time: 0.037702083587646484
Partial simulation consumes time: 0.03698897361755371
Partial simulation consumes time: 0.036603689193725586
Partial simulation consumes time: 0.03642868995666504
Partial simulation consumes time: 0.03698563575744629
Partial simulation consumes time: 0.03628730773925781
Partial simulation consumes time: 0.03667163848876953
Partial simulation consumes time: 0.036710500717163086
Partial simulation consumes time: 0.03769850730895996
Partial simulation consumes time: 0.037157297134399414
Partial simulation consumes time: 0.03633308410644531
Partial simulation consumes time: 0.03945350646972656
Partial simulation consumes time: 0.0392003059387207
Partial simulation consumes time: 0.025299072265625
Partial simulation consumes time: 0.025332212448120117
Partial simulation consumes time: 0.02532815933227539
Partial simulation consumes time: 0.025228261947631836
Partial simulation consumes time: 0.025169849395751953
Partial simulation consumes time: 0.02812647819519043
Partial simulation consumes time: 0.024626493453979492
Partial simulation consumes time: 0.025010108947753906
Partial simulation consumes time: 0.024322032928466797
Partial simulation consumes time: 0.03263688087463379
Partial simulation consumes time: 0.0242464542388916
Partial simulation consumes time: 0.024239301681518555
Partial simulation consumes time: 0.024810314178466797
Partial simulation consumes time: 0.024415969848632812
Partial simulation consumes time: 0.02424907684326172
Partial simulation consumes time: 0.024282455444335938
Partial simulation consumes time: 0.024259090423583984
Partial simulation consumes time: 0.02402329444885254
Partial simulation consumes time: 0.024276018142700195
Partial simulation consumes time: 0.024143457412719727
Partial simulation consumes time: 0.02427816390991211
Partial simulation consumes time: 0.024298667907714844
Partial simulation consumes time: 0.024149179458618164
Partial simulation consumes time: 0.0242154598236084
Partial simulation consumes time: 0.024114131927490234
Partial simulation consumes time: 0.02416515350341797
Partial simulation consumes time: 0.025568246841430664
Partial simulation consumes time: 0.02933669090270996
Partial simulation consumes time: 0.027347326278686523
Partial simulation consumes time: 0.027193069458007812
Partial simulation consumes time: 0.02676081657409668
Partial simulation consumes time: 0.029134035110473633
Partial simulation consumes time: 0.027825117111206055
Partial simulation consumes time: 0.028426408767700195
Partial simulation consumes time: 0.027576208114624023
Partial simulation consumes time: 0.027466297149658203
Partial simulation consumes time: 0.026454448699951172
Partial simulation consumes time: 0.026288509368896484
Partial simulation consumes time: 0.025170564651489258
Partial simulation consumes time: 0.02528095245361328
Partial simulation consumes time: 0.026165008544921875
Partial simulation consumes time: 0.025793075561523438
Partial simulation consumes time: 0.02517247200012207
Partial simulation consumes time: 0.024860382080078125
Partial simulation consumes time: 0.027757644653320312
Partial simulation consumes time: 0.025183677673339844
Partial simulation consumes time: 0.02645134925842285
Partial simulation consumes time: 0.02436518669128418
Partial simulation consumes time: 0.02461099624633789
Partial simulation consumes time: 0.024553537368774414
Partial simulation consumes time: 0.02434706687927246
Partial simulation consumes time: 0.02429652214050293
Partial simulation consumes time: 0.024698734283447266
Partial simulation consumes time: 0.02449941635131836
Partial simulation consumes time: 0.024272918701171875
Partial simulation consumes time: 0.02454376220703125
Partial simulation consumes time: 0.0246734619140625
Partial simulation consumes time: 0.024271488189697266
Partial simulation consumes time: 0.025171518325805664
Partial simulation consumes time: 0.024619102478027344
Partial simulation consumes time: 0.02633357048034668
Partial simulation consumes time: 0.024151325225830078
Partial simulation consumes time: 0.02538466453552246
Partial simulation consumes time: 0.025421857833862305
Qdao runs:	464.71342301368713
_initialize	8.458181858062744
_preprocess	31.599064826965332
_postprocess	136.34848308563232
_run	456.2245407104492
load_sv	31.017674922943115
store_sv	136.32009530067444
Quafu runs:	332.70454120635986
.

================= 1 passed, 11 deselected in 800.17s (0:13:20) =================
