============================= test session starts ==============================
platform linux -- Python 3.10.6, pytest-7.2.0, pluggy-1.0.0
rootdir: /root/projects/qcs
collected 12 items / 11 deselected / 1 selected

tst/qdao/engine.py 
::::::::::::::::::Config::::::::::::::::::

NQ::	24
NP::	20
NL::	18
D::	21

::::::::::::::::::Config::::::::::::::::::


:::Reusing existing bench:::::/root/projects/qcs/qdao/benchmarks/qasm/random_24_21_max_operands_2_gen.qasm::::::::

Partial simulation consumes time: 0.0478670597076416
Partial simulation consumes time: 0.058064937591552734
Partial simulation consumes time: 0.04746246337890625
Partial simulation consumes time: 0.04905104637145996
Partial simulation consumes time: 0.04766249656677246
Partial simulation consumes time: 0.04896712303161621
Partial simulation consumes time: 0.04776167869567871
Partial simulation consumes time: 0.04947400093078613
Partial simulation consumes time: 0.04941868782043457
Partial simulation consumes time: 0.05109047889709473
Partial simulation consumes time: 0.04973459243774414
Partial simulation consumes time: 0.04754900932312012
Partial simulation consumes time: 0.04793524742126465
Partial simulation consumes time: 0.05258011817932129
Partial simulation consumes time: 0.05318450927734375
Partial simulation consumes time: 0.05385470390319824
Partial simulation consumes time: 0.03451681137084961
Partial simulation consumes time: 0.042032480239868164
Partial simulation consumes time: 0.03951430320739746
Partial simulation consumes time: 0.033690690994262695
Partial simulation consumes time: 0.03824782371520996
Partial simulation consumes time: 0.039305686950683594
Partial simulation consumes time: 0.040148258209228516
Partial simulation consumes time: 0.04006147384643555
Partial simulation consumes time: 0.0371856689453125
Partial simulation consumes time: 0.03516244888305664
Partial simulation consumes time: 0.039250850677490234
Partial simulation consumes time: 0.039154767990112305
Partial simulation consumes time: 0.03795766830444336
Partial simulation consumes time: 0.039464712142944336
Partial simulation consumes time: 0.039252281188964844
Partial simulation consumes time: 0.04065418243408203
Partial simulation consumes time: 0.02194666862487793
Partial simulation consumes time: 0.026328563690185547
Partial simulation consumes time: 0.021514892578125
Partial simulation consumes time: 0.025235652923583984
Partial simulation consumes time: 0.02625107765197754
Partial simulation consumes time: 0.02797389030456543
Partial simulation consumes time: 0.022585391998291016
Partial simulation consumes time: 0.02801656723022461
Partial simulation consumes time: 0.021997928619384766
Partial simulation consumes time: 0.02620697021484375
Partial simulation consumes time: 0.022671937942504883
Partial simulation consumes time: 0.023600101470947266
Partial simulation consumes time: 0.022192716598510742
Partial simulation consumes time: 0.021712064743041992
Partial simulation consumes time: 0.02331399917602539
Partial simulation consumes time: 0.022508859634399414
Partial simulation consumes time: 0.03126716613769531
Partial simulation consumes time: 0.029824018478393555
Partial simulation consumes time: 0.03722214698791504
Partial simulation consumes time: 0.030553102493286133
Partial simulation consumes time: 0.039437055587768555
Partial simulation consumes time: 0.03942728042602539
Partial simulation consumes time: 0.030759572982788086
Partial simulation consumes time: 0.03546643257141113
Partial simulation consumes time: 0.03747892379760742
Partial simulation consumes time: 0.03291916847229004
Partial simulation consumes time: 0.03694653511047363
Partial simulation consumes time: 0.044671058654785156
Partial simulation consumes time: 0.03127145767211914
Partial simulation consumes time: 0.03069162368774414
Partial simulation consumes time: 0.029031991958618164
Partial simulation consumes time: 0.03431200981140137
Partial simulation consumes time: 0.049043893814086914
Partial simulation consumes time: 0.04371333122253418
Partial simulation consumes time: 0.04299163818359375
Partial simulation consumes time: 0.048360586166381836
Partial simulation consumes time: 0.05146479606628418
Partial simulation consumes time: 0.0458829402923584
Partial simulation consumes time: 0.04100656509399414
Partial simulation consumes time: 0.04988408088684082
Partial simulation consumes time: 0.04563617706298828
Partial simulation consumes time: 0.03961682319641113
Partial simulation consumes time: 0.041689395904541016
Partial simulation consumes time: 0.04310107231140137
Partial simulation consumes time: 0.04117989540100098
Partial simulation consumes time: 0.04191994667053223
Partial simulation consumes time: 0.04488635063171387
Partial simulation consumes time: 0.04522347450256348
Partial simulation consumes time: 0.02837848663330078
Partial simulation consumes time: 0.027560949325561523
Partial simulation consumes time: 0.028498172760009766
Partial simulation consumes time: 0.027100801467895508
Partial simulation consumes time: 0.0289456844329834
Partial simulation consumes time: 0.030741214752197266
Partial simulation consumes time: 0.03343844413757324
Partial simulation consumes time: 0.03218197822570801
Partial simulation consumes time: 0.03560304641723633
Partial simulation consumes time: 0.03524136543273926
Partial simulation consumes time: 0.03479909896850586
Partial simulation consumes time: 0.03244137763977051
Partial simulation consumes time: 0.028403282165527344
Partial simulation consumes time: 0.0282132625579834
Partial simulation consumes time: 0.035120487213134766
Partial simulation consumes time: 0.029254436492919922
Partial simulation consumes time: 0.010232686996459961
Partial simulation consumes time: 0.010164499282836914
Partial simulation consumes time: 0.010801553726196289
Partial simulation consumes time: 0.011604785919189453
Partial simulation consumes time: 0.010332584381103516
Partial simulation consumes time: 0.010274410247802734
Partial simulation consumes time: 0.010319232940673828
Partial simulation consumes time: 0.010451793670654297
Partial simulation consumes time: 0.01007843017578125
Partial simulation consumes time: 0.010948657989501953
Partial simulation consumes time: 0.01055288314819336
Partial simulation consumes time: 0.010388851165771484
Partial simulation consumes time: 0.010440587997436523
Partial simulation consumes time: 0.010367870330810547
Partial simulation consumes time: 0.010274887084960938
Partial simulation consumes time: 0.011446952819824219
Partial simulation consumes time: 0.027342557907104492
Partial simulation consumes time: 0.028150320053100586
Partial simulation consumes time: 0.02721548080444336
Partial simulation consumes time: 0.029172897338867188
Partial simulation consumes time: 0.0334935188293457
Partial simulation consumes time: 0.03907418251037598
Partial simulation consumes time: 0.03381776809692383
Partial simulation consumes time: 0.02998185157775879
Partial simulation consumes time: 0.02748560905456543
Partial simulation consumes time: 0.0285186767578125
Partial simulation consumes time: 0.02925705909729004
Partial simulation consumes time: 0.03240394592285156
Partial simulation consumes time: 0.027669906616210938
Partial simulation consumes time: 0.02729940414428711
Partial simulation consumes time: 0.026984691619873047
Partial simulation consumes time: 0.02648019790649414
Partial simulation consumes time: 0.08675146102905273
Partial simulation consumes time: 0.08796024322509766
Partial simulation consumes time: 0.09442901611328125
Partial simulation consumes time: 0.10814905166625977
Partial simulation consumes time: 0.08594059944152832
Partial simulation consumes time: 0.08577394485473633
Partial simulation consumes time: 0.10203003883361816
Partial simulation consumes time: 0.10295701026916504
Partial simulation consumes time: 0.10698294639587402
Partial simulation consumes time: 0.10252666473388672
Partial simulation consumes time: 0.0986175537109375
Partial simulation consumes time: 0.11584806442260742
Partial simulation consumes time: 0.1306009292602539
Partial simulation consumes time: 0.08126997947692871
Partial simulation consumes time: 0.0838923454284668
Partial simulation consumes time: 0.08315205574035645
Partial simulation consumes time: 0.025740861892700195
Partial simulation consumes time: 0.025045394897460938
Partial simulation consumes time: 0.024919748306274414
Partial simulation consumes time: 0.027064800262451172
Partial simulation consumes time: 0.0279538631439209
Partial simulation consumes time: 0.025811433792114258
Partial simulation consumes time: 0.025874853134155273
Partial simulation consumes time: 0.03027033805847168
Partial simulation consumes time: 0.030278444290161133
Partial simulation consumes time: 0.026929855346679688
Partial simulation consumes time: 0.02528691291809082
Partial simulation consumes time: 0.025771141052246094
Partial simulation consumes time: 0.02904653549194336
Partial simulation consumes time: 0.026370525360107422
Partial simulation consumes time: 0.032352447509765625
Partial simulation consumes time: 0.025315046310424805
Partial simulation consumes time: 0.01960134506225586
Partial simulation consumes time: 0.019863605499267578
Partial simulation consumes time: 0.02192211151123047
Partial simulation consumes time: 0.019730329513549805
Partial simulation consumes time: 0.019769906997680664
Partial simulation consumes time: 0.02086663246154785
Partial simulation consumes time: 0.02248239517211914
Partial simulation consumes time: 0.021131515502929688
Partial simulation consumes time: 0.020495176315307617
Partial simulation consumes time: 0.018988370895385742
Partial simulation consumes time: 0.019511699676513672
Partial simulation consumes time: 0.019451379776000977
Partial simulation consumes time: 0.0200655460357666
Partial simulation consumes time: 0.01980423927307129
Partial simulation consumes time: 0.019657611846923828
Partial simulation consumes time: 0.019374847412109375
Partial simulation consumes time: 0.01919722557067871
Partial simulation consumes time: 0.019447803497314453
Partial simulation consumes time: 0.019451379776000977
Partial simulation consumes time: 0.019473552703857422
Partial simulation consumes time: 0.019499540328979492
Partial simulation consumes time: 0.019371986389160156
Partial simulation consumes time: 0.019422292709350586
Partial simulation consumes time: 0.02056884765625
Partial simulation consumes time: 0.019039154052734375
Partial simulation consumes time: 0.019295215606689453
Partial simulation consumes time: 0.022437572479248047
Partial simulation consumes time: 0.022498369216918945
Partial simulation consumes time: 0.019166231155395508
Partial simulation consumes time: 0.01960015296936035
Partial simulation consumes time: 0.022132158279418945
Partial simulation consumes time: 0.019387245178222656
Partial simulation consumes time: 0.019370079040527344
Partial simulation consumes time: 0.019405364990234375
Partial simulation consumes time: 0.02018284797668457
Partial simulation consumes time: 0.01978015899658203
Partial simulation consumes time: 0.019379854202270508
Partial simulation consumes time: 0.018941640853881836
Partial simulation consumes time: 0.020774364471435547
Partial simulation consumes time: 0.01880025863647461
Partial simulation consumes time: 0.020299911499023438
Partial simulation consumes time: 0.019200801849365234
Partial simulation consumes time: 0.01962590217590332
Partial simulation consumes time: 0.01935601234436035
Partial simulation consumes time: 0.020112276077270508
Partial simulation consumes time: 0.021547794342041016
Partial simulation consumes time: 0.02067089080810547
Partial simulation consumes time: 0.019312143325805664
Partial simulation consumes time: 0.07033109664916992
Partial simulation consumes time: 0.08323454856872559
Partial simulation consumes time: 0.08021044731140137
Partial simulation consumes time: 0.08335399627685547
Partial simulation consumes time: 0.08389544486999512
Partial simulation consumes time: 0.08953261375427246
Partial simulation consumes time: 0.08327198028564453
Partial simulation consumes time: 0.08784127235412598
Partial simulation consumes time: 0.10297155380249023
Partial simulation consumes time: 0.08327054977416992
Partial simulation consumes time: 0.08937501907348633
Partial simulation consumes time: 0.07220935821533203
Partial simulation consumes time: 0.07694816589355469
Partial simulation consumes time: 0.06836628913879395
Partial simulation consumes time: 0.06648039817810059
Partial simulation consumes time: 0.06843423843383789
Partial simulation consumes time: 0.06133842468261719
Partial simulation consumes time: 0.056284189224243164
Partial simulation consumes time: 0.06554269790649414
Partial simulation consumes time: 0.07150697708129883
Partial simulation consumes time: 0.06700253486633301
Partial simulation consumes time: 0.05666089057922363
Partial simulation consumes time: 0.06656718254089355
Partial simulation consumes time: 0.06299567222595215
Partial simulation consumes time: 0.05578756332397461
Partial simulation consumes time: 0.05564737319946289
Partial simulation consumes time: 0.05566215515136719
Partial simulation consumes time: 0.05719351768493652
Partial simulation consumes time: 0.06250834465026855
Partial simulation consumes time: 0.057047128677368164
Partial simulation consumes time: 0.06212115287780762
Partial simulation consumes time: 0.059368133544921875
Partial simulation consumes time: 0.026528120040893555
Partial simulation consumes time: 0.029105186462402344
Partial simulation consumes time: 0.02676105499267578
Partial simulation consumes time: 0.026831626892089844
Partial simulation consumes time: 0.034636497497558594
Partial simulation consumes time: 0.034772396087646484
Partial simulation consumes time: 0.0268704891204834
Partial simulation consumes time: 0.027057647705078125
Partial simulation consumes time: 0.02719879150390625
Partial simulation consumes time: 0.027910232543945312
Partial simulation consumes time: 0.026786327362060547
Partial simulation consumes time: 0.026959896087646484
Partial simulation consumes time: 0.028316259384155273
Partial simulation consumes time: 0.027844905853271484
Partial simulation consumes time: 0.027365446090698242
Partial simulation consumes time: 0.02668309211730957
Partial simulation consumes time: 0.008596658706665039
Partial simulation consumes time: 0.008460760116577148
Partial simulation consumes time: 0.008804559707641602
Partial simulation consumes time: 0.008709192276000977
Partial simulation consumes time: 0.008612871170043945
Partial simulation consumes time: 0.008820056915283203
Partial simulation consumes time: 0.008749961853027344
Partial simulation consumes time: 0.008632421493530273
Partial simulation consumes time: 0.008682012557983398
Partial simulation consumes time: 0.008600473403930664
Partial simulation consumes time: 0.008727550506591797
Partial simulation consumes time: 0.008516311645507812
Partial simulation consumes time: 0.008449554443359375
Partial simulation consumes time: 0.008677005767822266
Partial simulation consumes time: 0.010972023010253906
Partial simulation consumes time: 0.008611440658569336
Partial simulation consumes time: 0.010866880416870117
Partial simulation consumes time: 0.011619091033935547
Partial simulation consumes time: 0.01078939437866211
Partial simulation consumes time: 0.011011362075805664
Partial simulation consumes time: 0.010693073272705078
Partial simulation consumes time: 0.010940313339233398
Partial simulation consumes time: 0.01134943962097168
Partial simulation consumes time: 0.011696338653564453
Partial simulation consumes time: 0.011462211608886719
Partial simulation consumes time: 0.01137852668762207
Partial simulation consumes time: 0.01191258430480957
Partial simulation consumes time: 0.011705636978149414
Partial simulation consumes time: 0.012529134750366211
Partial simulation consumes time: 0.011647462844848633
Partial simulation consumes time: 0.01868605613708496
Partial simulation consumes time: 0.01242971420288086
Partial simulation consumes time: 0.014333009719848633
Partial simulation consumes time: 0.014216184616088867
Partial simulation consumes time: 0.014794111251831055
Partial simulation consumes time: 0.014483451843261719
Partial simulation consumes time: 0.01850724220275879
Partial simulation consumes time: 0.01587057113647461
Partial simulation consumes time: 0.014445066452026367
Partial simulation consumes time: 0.017727375030517578
Partial simulation consumes time: 0.013961553573608398
Partial simulation consumes time: 0.01586437225341797
Partial simulation consumes time: 0.013314008712768555
Partial simulation consumes time: 0.014265060424804688
Partial simulation consumes time: 0.015625953674316406
Partial simulation consumes time: 0.014597654342651367
Partial simulation consumes time: 0.02127838134765625
Partial simulation consumes time: 0.01410675048828125
Partial simulation consumes time: 0.01041269302368164
Partial simulation consumes time: 0.010590553283691406
Partial simulation consumes time: 0.010122299194335938
Partial simulation consumes time: 0.010480403900146484
Partial simulation consumes time: 0.011816978454589844
Partial simulation consumes time: 0.011936664581298828
Partial simulation consumes time: 0.011368036270141602
Partial simulation consumes time: 0.010309457778930664
Partial simulation consumes time: 0.010479450225830078
Partial simulation consumes time: 0.010359764099121094
Partial simulation consumes time: 0.010409116744995117
Partial simulation consumes time: 0.010446310043334961
Partial simulation consumes time: 0.012696981430053711
Partial simulation consumes time: 0.010556221008300781
Partial simulation consumes time: 0.010657548904418945
Partial simulation consumes time: 0.010458707809448242
Partial simulation consumes time: 0.07376456260681152
Partial simulation consumes time: 0.07676219940185547
Partial simulation consumes time: 0.07824826240539551
Partial simulation consumes time: 0.07905030250549316
Partial simulation consumes time: 0.07796049118041992
Partial simulation consumes time: 0.08177351951599121
Partial simulation consumes time: 0.07747411727905273
Partial simulation consumes time: 0.07298970222473145
Partial simulation consumes time: 0.0833890438079834
Partial simulation consumes time: 0.08083224296569824
Partial simulation consumes time: 0.10535407066345215
Partial simulation consumes time: 0.08743429183959961
Partial simulation consumes time: 0.0762324333190918
Partial simulation consumes time: 0.07979607582092285
Partial simulation consumes time: 0.08294272422790527
Partial simulation consumes time: 0.07988595962524414
Partial simulation consumes time: 0.021488428115844727
Partial simulation consumes time: 0.019852876663208008
Partial simulation consumes time: 0.02023792266845703
Partial simulation consumes time: 0.018573522567749023
Partial simulation consumes time: 0.018253803253173828
Partial simulation consumes time: 0.020662784576416016
Partial simulation consumes time: 0.02758193016052246
Partial simulation consumes time: 0.018856048583984375
Partial simulation consumes time: 0.019281625747680664
Partial simulation consumes time: 0.0184934139251709
Partial simulation consumes time: 0.03012824058532715
Partial simulation consumes time: 0.01911759376525879
Partial simulation consumes time: 0.01883387565612793
Partial simulation consumes time: 0.019078493118286133
Partial simulation consumes time: 0.019579648971557617
Partial simulation consumes time: 0.0191650390625
Partial simulation consumes time: 0.018865585327148438
Partial simulation consumes time: 0.021564483642578125
Partial simulation consumes time: 0.021970272064208984
Partial simulation consumes time: 0.023056507110595703
Partial simulation consumes time: 0.020961284637451172
Partial simulation consumes time: 0.042162179946899414
Partial simulation consumes time: 0.027427196502685547
Partial simulation consumes time: 0.05058407783508301
Partial simulation consumes time: 0.019256114959716797
Partial simulation consumes time: 0.018527984619140625
Partial simulation consumes time: 0.018548250198364258
Partial simulation consumes time: 0.01836872100830078
Partial simulation consumes time: 0.025691509246826172
Partial simulation consumes time: 0.01923537254333496
Partial simulation consumes time: 0.018819093704223633
Partial simulation consumes time: 0.018433570861816406
Partial simulation consumes time: 0.027621030807495117
Partial simulation consumes time: 0.029706716537475586
Partial simulation consumes time: 0.03012251853942871
Partial simulation consumes time: 0.02801966667175293
Partial simulation consumes time: 0.02618098258972168
Partial simulation consumes time: 0.02933812141418457
Partial simulation consumes time: 0.026452064514160156
Partial simulation consumes time: 0.02589106559753418
Partial simulation consumes time: 0.02721548080444336
Partial simulation consumes time: 0.026486873626708984
Partial simulation consumes time: 0.02642226219177246
Partial simulation consumes time: 0.026842355728149414
Partial simulation consumes time: 0.026059627532958984
Partial simulation consumes time: 0.028000354766845703
Partial simulation consumes time: 0.026433944702148438
Partial simulation consumes time: 0.025905609130859375
Partial simulation consumes time: 0.020201921463012695
Partial simulation consumes time: 0.019214868545532227
Partial simulation consumes time: 0.019713401794433594
Partial simulation consumes time: 0.018807411193847656
Partial simulation consumes time: 0.020407438278198242
Partial simulation consumes time: 0.017752885818481445
Partial simulation consumes time: 0.018436193466186523
Partial simulation consumes time: 0.016887903213500977
Partial simulation consumes time: 0.018337011337280273
Partial simulation consumes time: 0.017224550247192383
Partial simulation consumes time: 0.017682790756225586
Partial simulation consumes time: 0.022085905075073242
Partial simulation consumes time: 0.024169921875
Partial simulation consumes time: 0.01741647720336914
Partial simulation consumes time: 0.01606297492980957
Partial simulation consumes time: 0.01800680160522461
Qdao runs:	27.519967794418335
_initialize	0.35271525382995605
_preprocess	2.844508409500122
_postprocess	10.917418718338013
_run	27.14492416381836
load_sv	2.6713764667510986
store_sv	10.910158157348633
Quafu runs:	15.933843851089478
.

====================== 1 passed, 11 deselected in 47.36s =======================
