============================= test session starts ==============================
platform linux -- Python 3.10.6, pytest-7.2.0, pluggy-1.0.0
rootdir: /root/projects/qcs
collected 12 items / 11 deselected / 1 selected

tst/qdao/engine.py 
::::::::::::::::::Config::::::::::::::::::

NQ::	22
NP::	16
NL::	12
D::	19

::::::::::::::::::Config::::::::::::::::::


:::Reusing existing bench:::::/root/projects/qcs/qdao/benchmarks/qasm/random_22_19_max_operands_2_gen.qasm::::::::

Partial simulation consumes time: 0.016170740127563477
Partial simulation consumes time: 0.016834497451782227
Partial simulation consumes time: 0.01766371726989746
Partial simulation consumes time: 0.015472650527954102
Partial simulation consumes time: 0.015800952911376953
Partial simulation consumes time: 0.0167388916015625
Partial simulation consumes time: 0.016747474670410156
Partial simulation consumes time: 0.016463518142700195
Partial simulation consumes time: 0.016554832458496094
Partial simulation consumes time: 0.016836881637573242
Partial simulation consumes time: 0.01708197593688965
Partial simulation consumes time: 0.016835451126098633
Partial simulation consumes time: 0.017098665237426758
Partial simulation consumes time: 0.016069412231445312
Partial simulation consumes time: 0.017077922821044922
Partial simulation consumes time: 0.01735401153564453
Partial simulation consumes time: 0.015696048736572266
Partial simulation consumes time: 0.014698028564453125
Partial simulation consumes time: 0.015037059783935547
Partial simulation consumes time: 0.016521453857421875
Partial simulation consumes time: 0.014985322952270508
Partial simulation consumes time: 0.01432037353515625
Partial simulation consumes time: 0.014446020126342773
Partial simulation consumes time: 0.01442265510559082
Partial simulation consumes time: 0.016245365142822266
Partial simulation consumes time: 0.0166628360748291
Partial simulation consumes time: 0.01725316047668457
Partial simulation consumes time: 0.019055843353271484
Partial simulation consumes time: 0.018288850784301758
Partial simulation consumes time: 0.016197681427001953
Partial simulation consumes time: 0.01686549186706543
Partial simulation consumes time: 0.015279531478881836
Partial simulation consumes time: 0.01672506332397461
Partial simulation consumes time: 0.016829967498779297
Partial simulation consumes time: 0.017539262771606445
Partial simulation consumes time: 0.01785111427307129
Partial simulation consumes time: 0.0175473690032959
Partial simulation consumes time: 0.017495155334472656
Partial simulation consumes time: 0.017986059188842773
Partial simulation consumes time: 0.017319440841674805
Partial simulation consumes time: 0.016205310821533203
Partial simulation consumes time: 0.017319202423095703
Partial simulation consumes time: 0.01578235626220703
Partial simulation consumes time: 0.015486001968383789
Partial simulation consumes time: 0.017984628677368164
Partial simulation consumes time: 0.01626300811767578
Partial simulation consumes time: 0.016260147094726562
Partial simulation consumes time: 0.017330169677734375
Partial simulation consumes time: 0.01673603057861328
Partial simulation consumes time: 0.017015695571899414
Partial simulation consumes time: 0.016865015029907227
Partial simulation consumes time: 0.017711162567138672
Partial simulation consumes time: 0.0161285400390625
Partial simulation consumes time: 0.01635909080505371
Partial simulation consumes time: 0.016509294509887695
Partial simulation consumes time: 0.016216039657592773
Partial simulation consumes time: 0.015421390533447266
Partial simulation consumes time: 0.018228769302368164
Partial simulation consumes time: 0.018037796020507812
Partial simulation consumes time: 0.016007423400878906
Partial simulation consumes time: 0.0169827938079834
Partial simulation consumes time: 0.016446828842163086
Partial simulation consumes time: 0.016836881637573242
Partial simulation consumes time: 0.02204608917236328
Partial simulation consumes time: 0.009208202362060547
Partial simulation consumes time: 0.008949041366577148
Partial simulation consumes time: 0.007900714874267578
Partial simulation consumes time: 0.008415460586547852
Partial simulation consumes time: 0.008542776107788086
Partial simulation consumes time: 0.009034872055053711
Partial simulation consumes time: 0.008003473281860352
Partial simulation consumes time: 0.007492542266845703
Partial simulation consumes time: 0.007288455963134766
Partial simulation consumes time: 0.007769107818603516
Partial simulation consumes time: 0.007246255874633789
Partial simulation consumes time: 0.007164478302001953
Partial simulation consumes time: 0.00717616081237793
Partial simulation consumes time: 0.0076084136962890625
Partial simulation consumes time: 0.0076465606689453125
Partial simulation consumes time: 0.007079124450683594
Partial simulation consumes time: 0.0069653987884521484
Partial simulation consumes time: 0.007063388824462891
Partial simulation consumes time: 0.006857395172119141
Partial simulation consumes time: 0.006969451904296875
Partial simulation consumes time: 0.007184743881225586
Partial simulation consumes time: 0.007311344146728516
Partial simulation consumes time: 0.0074117183685302734
Partial simulation consumes time: 0.00811457633972168
Partial simulation consumes time: 0.007430076599121094
Partial simulation consumes time: 0.007535219192504883
Partial simulation consumes time: 0.007159709930419922
Partial simulation consumes time: 0.007011890411376953
Partial simulation consumes time: 0.00676417350769043
Partial simulation consumes time: 0.0070722103118896484
Partial simulation consumes time: 0.007540464401245117
Partial simulation consumes time: 0.007067680358886719
Partial simulation consumes time: 0.008251428604125977
Partial simulation consumes time: 0.008232831954956055
Partial simulation consumes time: 0.009036064147949219
Partial simulation consumes time: 0.009012222290039062
Partial simulation consumes time: 0.009336233139038086
Partial simulation consumes time: 0.008824348449707031
Partial simulation consumes time: 0.009630203247070312
Partial simulation consumes time: 0.006958484649658203
Partial simulation consumes time: 0.007172107696533203
Partial simulation consumes time: 0.007329463958740234
Partial simulation consumes time: 0.007076740264892578
Partial simulation consumes time: 0.008586883544921875
Partial simulation consumes time: 0.0075130462646484375
Partial simulation consumes time: 0.007895946502685547
Partial simulation consumes time: 0.0075528621673583984
Partial simulation consumes time: 0.007343292236328125
Partial simulation consumes time: 0.007178783416748047
Partial simulation consumes time: 0.007719755172729492
Partial simulation consumes time: 0.00796961784362793
Partial simulation consumes time: 0.0070912837982177734
Partial simulation consumes time: 0.0074274539947509766
Partial simulation consumes time: 0.006630659103393555
Partial simulation consumes time: 0.007210254669189453
Partial simulation consumes time: 0.007067680358886719
Partial simulation consumes time: 0.007955074310302734
Partial simulation consumes time: 0.008598566055297852
Partial simulation consumes time: 0.0072820186614990234
Partial simulation consumes time: 0.009207963943481445
Partial simulation consumes time: 0.008083343505859375
Partial simulation consumes time: 0.008047819137573242
Partial simulation consumes time: 0.00908803939819336
Partial simulation consumes time: 0.007663249969482422
Partial simulation consumes time: 0.011261463165283203
Partial simulation consumes time: 0.011253118515014648
Partial simulation consumes time: 0.010130167007446289
Partial simulation consumes time: 0.009671211242675781
Partial simulation consumes time: 0.010064840316772461
Partial simulation consumes time: 0.009284734725952148
Partial simulation consumes time: 0.009244680404663086
Partial simulation consumes time: 0.008825302124023438
Partial simulation consumes time: 0.009629249572753906
Partial simulation consumes time: 0.009119272232055664
Partial simulation consumes time: 0.009803295135498047
Partial simulation consumes time: 0.009256839752197266
Partial simulation consumes time: 0.010108470916748047
Partial simulation consumes time: 0.010905265808105469
Partial simulation consumes time: 0.011345148086547852
Partial simulation consumes time: 0.01232600212097168
Partial simulation consumes time: 0.010549068450927734
Partial simulation consumes time: 0.009245157241821289
Partial simulation consumes time: 0.009339332580566406
Partial simulation consumes time: 0.008810997009277344
Partial simulation consumes time: 0.009030818939208984
Partial simulation consumes time: 0.009244203567504883
Partial simulation consumes time: 0.009844064712524414
Partial simulation consumes time: 0.009352684020996094
Partial simulation consumes time: 0.009458303451538086
Partial simulation consumes time: 0.00908041000366211
Partial simulation consumes time: 0.01030278205871582
Partial simulation consumes time: 0.00922393798828125
Partial simulation consumes time: 0.00910639762878418
Partial simulation consumes time: 0.010377645492553711
Partial simulation consumes time: 0.008792638778686523
Partial simulation consumes time: 0.008753538131713867
Partial simulation consumes time: 0.008977413177490234
Partial simulation consumes time: 0.008985519409179688
Partial simulation consumes time: 0.008957386016845703
Partial simulation consumes time: 0.009035587310791016
Partial simulation consumes time: 0.009362936019897461
Partial simulation consumes time: 0.008840560913085938
Partial simulation consumes time: 0.008575439453125
Partial simulation consumes time: 0.00915384292602539
Partial simulation consumes time: 0.008829355239868164
Partial simulation consumes time: 0.011528491973876953
Partial simulation consumes time: 0.012567758560180664
Partial simulation consumes time: 0.012604475021362305
Partial simulation consumes time: 0.01061868667602539
Partial simulation consumes time: 0.008987903594970703
Partial simulation consumes time: 0.00903630256652832
Partial simulation consumes time: 0.009139060974121094
Partial simulation consumes time: 0.008723020553588867
Partial simulation consumes time: 0.00916433334350586
Partial simulation consumes time: 0.009428977966308594
Partial simulation consumes time: 0.009164571762084961
Partial simulation consumes time: 0.00909876823425293
Partial simulation consumes time: 0.010082006454467773
Partial simulation consumes time: 0.008973121643066406
Partial simulation consumes time: 0.010090112686157227
Partial simulation consumes time: 0.008963823318481445
Partial simulation consumes time: 0.01143789291381836
Partial simulation consumes time: 0.011004209518432617
Partial simulation consumes time: 0.01221609115600586
Partial simulation consumes time: 0.009979963302612305
Partial simulation consumes time: 0.008992910385131836
Partial simulation consumes time: 0.009329557418823242
Partial simulation consumes time: 0.009165763854980469
Partial simulation consumes time: 0.00824737548828125
Partial simulation consumes time: 0.00789499282836914
Partial simulation consumes time: 0.008244037628173828
Partial simulation consumes time: 0.010158777236938477
Partial simulation consumes time: 0.012753963470458984
Partial simulation consumes time: 0.011163711547851562
Partial simulation consumes time: 0.01020359992980957
Partial simulation consumes time: 0.010607004165649414
Partial simulation consumes time: 0.00956416130065918
Partial simulation consumes time: 0.011870861053466797
Partial simulation consumes time: 0.009168148040771484
Partial simulation consumes time: 0.009751081466674805
Partial simulation consumes time: 0.008669853210449219
Partial simulation consumes time: 0.010139226913452148
Partial simulation consumes time: 0.010057687759399414
Partial simulation consumes time: 0.00992894172668457
Partial simulation consumes time: 0.01091766357421875
Partial simulation consumes time: 0.01229095458984375
Partial simulation consumes time: 0.009540557861328125
Partial simulation consumes time: 0.010795354843139648
Partial simulation consumes time: 0.008330583572387695
Partial simulation consumes time: 0.007831096649169922
Partial simulation consumes time: 0.008654117584228516
Partial simulation consumes time: 0.008581876754760742
Partial simulation consumes time: 0.008504867553710938
Partial simulation consumes time: 0.007840156555175781
Partial simulation consumes time: 0.008021354675292969
Partial simulation consumes time: 0.00811004638671875
Partial simulation consumes time: 0.008661508560180664
Partial simulation consumes time: 0.00822901725769043
Partial simulation consumes time: 0.008611917495727539
Partial simulation consumes time: 0.008887767791748047
Partial simulation consumes time: 0.010112285614013672
Partial simulation consumes time: 0.010782480239868164
Partial simulation consumes time: 0.010955095291137695
Partial simulation consumes time: 0.010071277618408203
Partial simulation consumes time: 0.009314537048339844
Partial simulation consumes time: 0.008227348327636719
Partial simulation consumes time: 0.008414030075073242
Partial simulation consumes time: 0.008388042449951172
Partial simulation consumes time: 0.008908510208129883
Partial simulation consumes time: 0.008863210678100586
Partial simulation consumes time: 0.008172035217285156
Partial simulation consumes time: 0.00840616226196289
Partial simulation consumes time: 0.007784366607666016
Partial simulation consumes time: 0.00899195671081543
Partial simulation consumes time: 0.009056329727172852
Partial simulation consumes time: 0.009103536605834961
Partial simulation consumes time: 0.008877992630004883
Partial simulation consumes time: 0.009322166442871094
Partial simulation consumes time: 0.008472681045532227
Partial simulation consumes time: 0.008437156677246094
Partial simulation consumes time: 0.009853124618530273
Partial simulation consumes time: 0.008726835250854492
Partial simulation consumes time: 0.009080886840820312
Partial simulation consumes time: 0.008915901184082031
Partial simulation consumes time: 0.00821375846862793
Partial simulation consumes time: 0.00794529914855957
Partial simulation consumes time: 0.008270025253295898
Partial simulation consumes time: 0.010244131088256836
Partial simulation consumes time: 0.01096034049987793
Partial simulation consumes time: 0.00881505012512207
Partial simulation consumes time: 0.00809168815612793
Partial simulation consumes time: 0.00887608528137207
Partial simulation consumes time: 0.006246089935302734
Partial simulation consumes time: 0.0060596466064453125
Partial simulation consumes time: 0.005893707275390625
Partial simulation consumes time: 0.005682229995727539
Partial simulation consumes time: 0.006241559982299805
Partial simulation consumes time: 0.006269693374633789
Partial simulation consumes time: 0.0068225860595703125
Partial simulation consumes time: 0.006055116653442383
Partial simulation consumes time: 0.005972385406494141
Partial simulation consumes time: 0.006042003631591797
Partial simulation consumes time: 0.006473541259765625
Partial simulation consumes time: 0.00599980354309082
Partial simulation consumes time: 0.006278514862060547
Partial simulation consumes time: 0.005989789962768555
Partial simulation consumes time: 0.0056149959564208984
Partial simulation consumes time: 0.005892515182495117
Partial simulation consumes time: 0.005846500396728516
Partial simulation consumes time: 0.0060918331146240234
Partial simulation consumes time: 0.006277322769165039
Partial simulation consumes time: 0.0061070919036865234
Partial simulation consumes time: 0.00668644905090332
Partial simulation consumes time: 0.007283449172973633
Partial simulation consumes time: 0.006927490234375
Partial simulation consumes time: 0.0061681270599365234
Partial simulation consumes time: 0.006293058395385742
Partial simulation consumes time: 0.006021738052368164
Partial simulation consumes time: 0.006189584732055664
Partial simulation consumes time: 0.005716800689697266
Partial simulation consumes time: 0.006350517272949219
Partial simulation consumes time: 0.005949735641479492
Partial simulation consumes time: 0.0057294368743896484
Partial simulation consumes time: 0.006066083908081055
Partial simulation consumes time: 0.005790233612060547
Partial simulation consumes time: 0.005442619323730469
Partial simulation consumes time: 0.00555729866027832
Partial simulation consumes time: 0.005553722381591797
Partial simulation consumes time: 0.0062482357025146484
Partial simulation consumes time: 0.005805015563964844
Partial simulation consumes time: 0.005332469940185547
Partial simulation consumes time: 0.005849361419677734
Partial simulation consumes time: 0.0056476593017578125
Partial simulation consumes time: 0.0056726932525634766
Partial simulation consumes time: 0.005429506301879883
Partial simulation consumes time: 0.005723476409912109
Partial simulation consumes time: 0.006176948547363281
Partial simulation consumes time: 0.006162166595458984
Partial simulation consumes time: 0.006323337554931641
Partial simulation consumes time: 0.005702018737792969
Partial simulation consumes time: 0.005482912063598633
Partial simulation consumes time: 0.005818605422973633
Partial simulation consumes time: 0.005667448043823242
Partial simulation consumes time: 0.006891489028930664
Partial simulation consumes time: 0.005618572235107422
Partial simulation consumes time: 0.005659580230712891
Partial simulation consumes time: 0.011292219161987305
Partial simulation consumes time: 0.007390737533569336
Partial simulation consumes time: 0.005574226379394531
Partial simulation consumes time: 0.005722761154174805
Partial simulation consumes time: 0.005690574645996094
Partial simulation consumes time: 0.005127429962158203
Partial simulation consumes time: 0.0059566497802734375
Partial simulation consumes time: 0.005657672882080078
Partial simulation consumes time: 0.006102800369262695
Partial simulation consumes time: 0.005772113800048828
Partial simulation consumes time: 0.00876927375793457
Partial simulation consumes time: 0.008935213088989258
Partial simulation consumes time: 0.009560346603393555
Partial simulation consumes time: 0.008662939071655273
Partial simulation consumes time: 0.008725166320800781
Partial simulation consumes time: 0.012286663055419922
Partial simulation consumes time: 0.011234283447265625
Partial simulation consumes time: 0.011249780654907227
Partial simulation consumes time: 0.011205911636352539
Partial simulation consumes time: 0.009382247924804688
Partial simulation consumes time: 0.009304285049438477
Partial simulation consumes time: 0.008815765380859375
Partial simulation consumes time: 0.008877277374267578
Partial simulation consumes time: 0.008680582046508789
Partial simulation consumes time: 0.008583545684814453
Partial simulation consumes time: 0.008517742156982422
Partial simulation consumes time: 0.008586645126342773
Partial simulation consumes time: 0.009172916412353516
Partial simulation consumes time: 0.009009838104248047
Partial simulation consumes time: 0.009057283401489258
Partial simulation consumes time: 0.008874893188476562
Partial simulation consumes time: 0.01064300537109375
Partial simulation consumes time: 0.00893259048461914
Partial simulation consumes time: 0.008635282516479492
Partial simulation consumes time: 0.008703231811523438
Partial simulation consumes time: 0.008643388748168945
Partial simulation consumes time: 0.00901031494140625
Partial simulation consumes time: 0.008567094802856445
Partial simulation consumes time: 0.008668661117553711
Partial simulation consumes time: 0.008515596389770508
Partial simulation consumes time: 0.008709192276000977
Partial simulation consumes time: 0.008593320846557617
Partial simulation consumes time: 0.009335041046142578
Partial simulation consumes time: 0.009275674819946289
Partial simulation consumes time: 0.008749961853027344
Partial simulation consumes time: 0.010764598846435547
Partial simulation consumes time: 0.009086847305297852
Partial simulation consumes time: 0.009299755096435547
Partial simulation consumes time: 0.008804082870483398
Partial simulation consumes time: 0.009152650833129883
Partial simulation consumes time: 0.008766651153564453
Partial simulation consumes time: 0.009655475616455078
Partial simulation consumes time: 0.008725404739379883
Partial simulation consumes time: 0.008572101593017578
Partial simulation consumes time: 0.012402534484863281
Partial simulation consumes time: 0.010636568069458008
Partial simulation consumes time: 0.009932994842529297
Partial simulation consumes time: 0.010176420211791992
Partial simulation consumes time: 0.010603189468383789
Partial simulation consumes time: 0.010615110397338867
Partial simulation consumes time: 0.011285066604614258
Partial simulation consumes time: 0.010899066925048828
Partial simulation consumes time: 0.010774374008178711
Partial simulation consumes time: 0.008730888366699219
Partial simulation consumes time: 0.008718252182006836
Partial simulation consumes time: 0.009382963180541992
Partial simulation consumes time: 0.009002208709716797
Partial simulation consumes time: 0.009429216384887695
Partial simulation consumes time: 0.009011983871459961
Partial simulation consumes time: 0.009040594100952148
Partial simulation consumes time: 0.01000833511352539
Partial simulation consumes time: 0.009179830551147461
Partial simulation consumes time: 0.008824825286865234
Partial simulation consumes time: 0.008657455444335938
Partial simulation consumes time: 0.007619619369506836
Partial simulation consumes time: 0.006657123565673828
Partial simulation consumes time: 0.006687641143798828
Partial simulation consumes time: 0.006947517395019531
Partial simulation consumes time: 0.0067327022552490234
Partial simulation consumes time: 0.0069751739501953125
Partial simulation consumes time: 0.007036924362182617
Partial simulation consumes time: 0.006878852844238281
Partial simulation consumes time: 0.0068280696868896484
Partial simulation consumes time: 0.006499052047729492
Partial simulation consumes time: 0.006799936294555664
Partial simulation consumes time: 0.007110118865966797
Partial simulation consumes time: 0.006574392318725586
Partial simulation consumes time: 0.00719141960144043
Partial simulation consumes time: 0.006292104721069336
Partial simulation consumes time: 0.006315469741821289
Partial simulation consumes time: 0.006594181060791016
Partial simulation consumes time: 0.006232500076293945
Partial simulation consumes time: 0.006670236587524414
Partial simulation consumes time: 0.006381034851074219
Partial simulation consumes time: 0.006466865539550781
Partial simulation consumes time: 0.006356239318847656
Partial simulation consumes time: 0.006888628005981445
Partial simulation consumes time: 0.006917238235473633
Partial simulation consumes time: 0.006830930709838867
Partial simulation consumes time: 0.0074040889739990234
Partial simulation consumes time: 0.006371021270751953
Partial simulation consumes time: 0.0070743560791015625
Partial simulation consumes time: 0.006730079650878906
Partial simulation consumes time: 0.006478309631347656
Partial simulation consumes time: 0.007027864456176758
Partial simulation consumes time: 0.006927013397216797
Partial simulation consumes time: 0.006229877471923828
Partial simulation consumes time: 0.009173154830932617
Partial simulation consumes time: 0.006499767303466797
Partial simulation consumes time: 0.00853586196899414
Partial simulation consumes time: 0.007082939147949219
Partial simulation consumes time: 0.00737452507019043
Partial simulation consumes time: 0.006950855255126953
Partial simulation consumes time: 0.007277488708496094
Partial simulation consumes time: 0.00694584846496582
Partial simulation consumes time: 0.006369352340698242
Partial simulation consumes time: 0.006824493408203125
Partial simulation consumes time: 0.0065822601318359375
Partial simulation consumes time: 0.0065174102783203125
Partial simulation consumes time: 0.00651860237121582
Partial simulation consumes time: 0.007211208343505859
Partial simulation consumes time: 0.006562709808349609
Partial simulation consumes time: 0.008211135864257812
Partial simulation consumes time: 0.008530855178833008
Partial simulation consumes time: 0.008281469345092773
Partial simulation consumes time: 0.00806427001953125
Partial simulation consumes time: 0.00763392448425293
Partial simulation consumes time: 0.008703231811523438
Partial simulation consumes time: 0.0067958831787109375
Partial simulation consumes time: 0.006749391555786133
Partial simulation consumes time: 0.00846409797668457
Partial simulation consumes time: 0.007205486297607422
Partial simulation consumes time: 0.006715536117553711
Partial simulation consumes time: 0.0064945220947265625
Partial simulation consumes time: 0.00652313232421875
Partial simulation consumes time: 0.006609916687011719
Partial simulation consumes time: 0.007276058197021484
Partial simulation consumes time: 0.007173299789428711
Partial simulation consumes time: 0.0051081180572509766
Partial simulation consumes time: 0.005399227142333984
Partial simulation consumes time: 0.004923105239868164
Partial simulation consumes time: 0.004797697067260742
Partial simulation consumes time: 0.005821943283081055
Partial simulation consumes time: 0.006844043731689453
Partial simulation consumes time: 0.005278587341308594
Partial simulation consumes time: 0.005265951156616211
Partial simulation consumes time: 0.006307840347290039
Partial simulation consumes time: 0.004966020584106445
Partial simulation consumes time: 0.004678964614868164
Partial simulation consumes time: 0.007439136505126953
Partial simulation consumes time: 0.007436990737915039
Partial simulation consumes time: 0.00497746467590332
Partial simulation consumes time: 0.0047261714935302734
Partial simulation consumes time: 0.0049190521240234375
Partial simulation consumes time: 0.005769968032836914
Partial simulation consumes time: 0.007810115814208984
Partial simulation consumes time: 0.0048580169677734375
Partial simulation consumes time: 0.0057830810546875
Partial simulation consumes time: 0.004745960235595703
Partial simulation consumes time: 0.005301237106323242
Partial simulation consumes time: 0.0048067569732666016
Partial simulation consumes time: 0.004578828811645508
Partial simulation consumes time: 0.004530191421508789
Partial simulation consumes time: 0.00513911247253418
Partial simulation consumes time: 0.004530668258666992
Partial simulation consumes time: 0.004460811614990234
Partial simulation consumes time: 0.0045833587646484375
Partial simulation consumes time: 0.004477262496948242
Partial simulation consumes time: 0.0052356719970703125
Partial simulation consumes time: 0.004517316818237305
Partial simulation consumes time: 0.005397319793701172
Partial simulation consumes time: 0.0045166015625
Partial simulation consumes time: 0.004719734191894531
Partial simulation consumes time: 0.004400014877319336
Partial simulation consumes time: 0.004769802093505859
Partial simulation consumes time: 0.004614830017089844
Partial simulation consumes time: 0.004479169845581055
Partial simulation consumes time: 0.004512786865234375
Partial simulation consumes time: 0.004622220993041992
Partial simulation consumes time: 0.005277395248413086
Partial simulation consumes time: 0.0044786930084228516
Partial simulation consumes time: 0.004511356353759766
Partial simulation consumes time: 0.004559516906738281
Partial simulation consumes time: 0.004568815231323242
Partial simulation consumes time: 0.0050013065338134766
Partial simulation consumes time: 0.004381418228149414
Partial simulation consumes time: 0.004485368728637695
Partial simulation consumes time: 0.004709959030151367
Partial simulation consumes time: 0.004536867141723633
Partial simulation consumes time: 0.004532575607299805
Partial simulation consumes time: 0.0044476985931396484
Partial simulation consumes time: 0.004812955856323242
Partial simulation consumes time: 0.004690647125244141
Partial simulation consumes time: 0.009154081344604492
Partial simulation consumes time: 0.004527568817138672
Partial simulation consumes time: 0.005249738693237305
Partial simulation consumes time: 0.004921436309814453
Partial simulation consumes time: 0.0045986175537109375
Partial simulation consumes time: 0.004601001739501953
Partial simulation consumes time: 0.004797458648681641
Partial simulation consumes time: 0.004910469055175781
Partial simulation consumes time: 0.004461050033569336
Partial simulation consumes time: 0.010304450988769531
Partial simulation consumes time: 0.01370549201965332
Partial simulation consumes time: 0.010390758514404297
Partial simulation consumes time: 0.011240243911743164
Partial simulation consumes time: 0.013799667358398438
Partial simulation consumes time: 0.01284646987915039
Partial simulation consumes time: 0.013784170150756836
Partial simulation consumes time: 0.01884317398071289
Partial simulation consumes time: 0.011498689651489258
Partial simulation consumes time: 0.011521577835083008
Partial simulation consumes time: 0.012655973434448242
Partial simulation consumes time: 0.010763168334960938
Partial simulation consumes time: 0.01085805892944336
Partial simulation consumes time: 0.011083364486694336
Partial simulation consumes time: 0.011124610900878906
Partial simulation consumes time: 0.011205911636352539
Partial simulation consumes time: 0.010950326919555664
Partial simulation consumes time: 0.010728836059570312
Partial simulation consumes time: 0.010988473892211914
Partial simulation consumes time: 0.010465383529663086
Partial simulation consumes time: 0.010971307754516602
Partial simulation consumes time: 0.012988090515136719
Partial simulation consumes time: 0.013607263565063477
Partial simulation consumes time: 0.013400554656982422
Partial simulation consumes time: 0.01098012924194336
Partial simulation consumes time: 0.010598421096801758
Partial simulation consumes time: 0.01213216781616211
Partial simulation consumes time: 0.011278629302978516
Partial simulation consumes time: 0.010866165161132812
Partial simulation consumes time: 0.011002302169799805
Partial simulation consumes time: 0.012243509292602539
Partial simulation consumes time: 0.011376380920410156
Partial simulation consumes time: 0.010961532592773438
Partial simulation consumes time: 0.01182246208190918
Partial simulation consumes time: 0.01094508171081543
Partial simulation consumes time: 0.011175155639648438
Partial simulation consumes time: 0.0106353759765625
Partial simulation consumes time: 0.011179924011230469
Partial simulation consumes time: 0.010514974594116211
Partial simulation consumes time: 0.01031804084777832
Partial simulation consumes time: 0.013374805450439453
Partial simulation consumes time: 0.011728525161743164
Partial simulation consumes time: 0.010888814926147461
Partial simulation consumes time: 0.01140284538269043
Partial simulation consumes time: 0.01282191276550293
Partial simulation consumes time: 0.011914968490600586
Partial simulation consumes time: 0.012187004089355469
Partial simulation consumes time: 0.011367321014404297
Partial simulation consumes time: 0.01269388198852539
Partial simulation consumes time: 0.011694192886352539
Partial simulation consumes time: 0.01134634017944336
Partial simulation consumes time: 0.014675140380859375
Partial simulation consumes time: 0.011284112930297852
Partial simulation consumes time: 0.010831832885742188
Partial simulation consumes time: 0.011521100997924805
Partial simulation consumes time: 0.011091232299804688
Partial simulation consumes time: 0.011204242706298828
Partial simulation consumes time: 0.01109457015991211
Partial simulation consumes time: 0.011324882507324219
Partial simulation consumes time: 0.011301994323730469
Partial simulation consumes time: 0.011488199234008789
Partial simulation consumes time: 0.01052093505859375
Partial simulation consumes time: 0.012227058410644531
Partial simulation consumes time: 0.011028766632080078
Partial simulation consumes time: 0.007756710052490234
Partial simulation consumes time: 0.008640050888061523
Partial simulation consumes time: 0.008327007293701172
Partial simulation consumes time: 0.00763392448425293
Partial simulation consumes time: 0.007718086242675781
Partial simulation consumes time: 0.008715629577636719
Partial simulation consumes time: 0.009016990661621094
Partial simulation consumes time: 0.007254362106323242
Partial simulation consumes time: 0.00878763198852539
Partial simulation consumes time: 0.007818222045898438
Partial simulation consumes time: 0.0075457096099853516
Partial simulation consumes time: 0.008181333541870117
Partial simulation consumes time: 0.007272481918334961
Partial simulation consumes time: 0.007849454879760742
Partial simulation consumes time: 0.007982015609741211
Partial simulation consumes time: 0.006998538970947266
Partial simulation consumes time: 0.007040500640869141
Partial simulation consumes time: 0.008253097534179688
Partial simulation consumes time: 0.0074727535247802734
Partial simulation consumes time: 0.010210752487182617
Partial simulation consumes time: 0.008818626403808594
Partial simulation consumes time: 0.010320425033569336
Partial simulation consumes time: 0.010429859161376953
Partial simulation consumes time: 0.009202718734741211
Partial simulation consumes time: 0.009513378143310547
Partial simulation consumes time: 0.00709223747253418
Partial simulation consumes time: 0.007275581359863281
Partial simulation consumes time: 0.0076215267181396484
Partial simulation consumes time: 0.007998228073120117
Partial simulation consumes time: 0.009291410446166992
Partial simulation consumes time: 0.008030176162719727
Partial simulation consumes time: 0.007859230041503906
Partial simulation consumes time: 0.006989002227783203
Partial simulation consumes time: 0.007054805755615234
Partial simulation consumes time: 0.008258342742919922
Partial simulation consumes time: 0.007404804229736328
Partial simulation consumes time: 0.00828695297241211
Partial simulation consumes time: 0.008379459381103516
Partial simulation consumes time: 0.007375478744506836
Partial simulation consumes time: 0.008313894271850586
Partial simulation consumes time: 0.006921052932739258
Partial simulation consumes time: 0.0077855587005615234
Partial simulation consumes time: 0.008365869522094727
Partial simulation consumes time: 0.007275819778442383
Partial simulation consumes time: 0.0070378780364990234
Partial simulation consumes time: 0.010258913040161133
Partial simulation consumes time: 0.008926630020141602
Partial simulation consumes time: 0.00973200798034668
Partial simulation consumes time: 0.00824594497680664
Partial simulation consumes time: 0.008557558059692383
Partial simulation consumes time: 0.008879423141479492
Partial simulation consumes time: 0.00827789306640625
Partial simulation consumes time: 0.0084228515625
Partial simulation consumes time: 0.008701086044311523
Partial simulation consumes time: 0.008920907974243164
Partial simulation consumes time: 0.008861780166625977
Partial simulation consumes time: 0.008943319320678711
Partial simulation consumes time: 0.008990287780761719
Partial simulation consumes time: 0.008497238159179688
Partial simulation consumes time: 0.007929325103759766
Partial simulation consumes time: 0.00716853141784668
Partial simulation consumes time: 0.007989645004272461
Partial simulation consumes time: 0.007568836212158203
Partial simulation consumes time: 0.0071315765380859375
Partial simulation consumes time: 0.01118612289428711
Partial simulation consumes time: 0.011878728866577148
Partial simulation consumes time: 0.015026092529296875
Partial simulation consumes time: 0.01502370834350586
Partial simulation consumes time: 0.014426231384277344
Partial simulation consumes time: 0.013200998306274414
Partial simulation consumes time: 0.013154983520507812
Partial simulation consumes time: 0.014861583709716797
Partial simulation consumes time: 0.014054059982299805
Partial simulation consumes time: 0.014243364334106445
Partial simulation consumes time: 0.012685060501098633
Partial simulation consumes time: 0.011291742324829102
Partial simulation consumes time: 0.01309061050415039
Partial simulation consumes time: 0.01368260383605957
Partial simulation consumes time: 0.013690948486328125
Partial simulation consumes time: 0.012152433395385742
Partial simulation consumes time: 0.014339447021484375
Partial simulation consumes time: 0.013705968856811523
Partial simulation consumes time: 0.014385700225830078
Partial simulation consumes time: 0.015032052993774414
Partial simulation consumes time: 0.01314401626586914
Partial simulation consumes time: 0.01449275016784668
Partial simulation consumes time: 0.013763666152954102
Partial simulation consumes time: 0.015624523162841797
Partial simulation consumes time: 0.013335704803466797
Partial simulation consumes time: 0.012345075607299805
Partial simulation consumes time: 0.014585256576538086
Partial simulation consumes time: 0.013734817504882812
Partial simulation consumes time: 0.014616727828979492
Partial simulation consumes time: 0.013753414154052734
Partial simulation consumes time: 0.015042781829833984
Partial simulation consumes time: 0.015286445617675781
Partial simulation consumes time: 0.012265443801879883
Partial simulation consumes time: 0.012690067291259766
Partial simulation consumes time: 0.011273860931396484
Partial simulation consumes time: 0.012012243270874023
Partial simulation consumes time: 0.012178897857666016
Partial simulation consumes time: 0.013734102249145508
Partial simulation consumes time: 0.01353144645690918
Partial simulation consumes time: 0.01415109634399414
Partial simulation consumes time: 0.01439356803894043
Partial simulation consumes time: 0.011705398559570312
Partial simulation consumes time: 0.012109994888305664
Partial simulation consumes time: 0.011745452880859375
Partial simulation consumes time: 0.012386798858642578
Partial simulation consumes time: 0.013373136520385742
Partial simulation consumes time: 0.015316247940063477
Partial simulation consumes time: 0.01451563835144043
Partial simulation consumes time: 0.014896869659423828
Partial simulation consumes time: 0.016478538513183594
Partial simulation consumes time: 0.014754056930541992
Partial simulation consumes time: 0.015481233596801758
Partial simulation consumes time: 0.01385354995727539
Partial simulation consumes time: 0.015775680541992188
Partial simulation consumes time: 0.013791561126708984
Partial simulation consumes time: 0.014996051788330078
Partial simulation consumes time: 0.01683330535888672
Partial simulation consumes time: 0.014537572860717773
Partial simulation consumes time: 0.01924753189086914
Partial simulation consumes time: 0.013245820999145508
Partial simulation consumes time: 0.012044429779052734
Partial simulation consumes time: 0.012948751449584961
Partial simulation consumes time: 0.012744903564453125
Partial simulation consumes time: 0.011287689208984375
Partial simulation consumes time: 0.013033866882324219
Partial simulation consumes time: 0.013415336608886719
Partial simulation consumes time: 0.013762712478637695
Partial simulation consumes time: 0.012672185897827148
Partial simulation consumes time: 0.013788461685180664
Partial simulation consumes time: 0.013318300247192383
Partial simulation consumes time: 0.011996269226074219
Partial simulation consumes time: 0.01261448860168457
Partial simulation consumes time: 0.014896631240844727
Partial simulation consumes time: 0.01524806022644043
Partial simulation consumes time: 0.012004375457763672
Partial simulation consumes time: 0.014885425567626953
Partial simulation consumes time: 0.013331174850463867
Partial simulation consumes time: 0.011860370635986328
Partial simulation consumes time: 0.01360177993774414
Partial simulation consumes time: 0.015321731567382812
Partial simulation consumes time: 0.012875556945800781
Partial simulation consumes time: 0.01322627067565918
Partial simulation consumes time: 0.012380599975585938
Partial simulation consumes time: 0.012310028076171875
Partial simulation consumes time: 0.013239383697509766
Partial simulation consumes time: 0.012455940246582031
Partial simulation consumes time: 0.012358427047729492
Partial simulation consumes time: 0.013740062713623047
Partial simulation consumes time: 0.013168096542358398
Partial simulation consumes time: 0.014042139053344727
Partial simulation consumes time: 0.012916088104248047
Partial simulation consumes time: 0.012452125549316406
Partial simulation consumes time: 0.01307225227355957
Partial simulation consumes time: 0.017541170120239258
Partial simulation consumes time: 0.01238107681274414
Partial simulation consumes time: 0.012685537338256836
Partial simulation consumes time: 0.012576818466186523
Partial simulation consumes time: 0.011968612670898438
Partial simulation consumes time: 0.012495279312133789
Partial simulation consumes time: 0.013135910034179688
Partial simulation consumes time: 0.012884378433227539
Partial simulation consumes time: 0.012628793716430664
Partial simulation consumes time: 0.012907028198242188
Partial simulation consumes time: 0.013661384582519531
Partial simulation consumes time: 0.01313471794128418
Partial simulation consumes time: 0.012269973754882812
Partial simulation consumes time: 0.012526512145996094
Partial simulation consumes time: 0.011708736419677734
Partial simulation consumes time: 0.012526750564575195
Partial simulation consumes time: 0.013917684555053711
Partial simulation consumes time: 0.013919591903686523
Partial simulation consumes time: 0.014485597610473633
Partial simulation consumes time: 0.015179872512817383
Partial simulation consumes time: 0.01667499542236328
Partial simulation consumes time: 0.013936758041381836
Partial simulation consumes time: 0.013855218887329102
Partial simulation consumes time: 0.013543128967285156
Partial simulation consumes time: 0.011556625366210938
Partial simulation consumes time: 0.012855768203735352
Partial simulation consumes time: 0.012909650802612305
Partial simulation consumes time: 0.01268768310546875
Partial simulation consumes time: 0.013306379318237305
Partial simulation consumes time: 0.013037443161010742
Partial simulation consumes time: 0.013849020004272461
Partial simulation consumes time: 0.013714075088500977
Partial simulation consumes time: 0.013918638229370117
Partial simulation consumes time: 0.011717081069946289
Partial simulation consumes time: 0.014148712158203125
Partial simulation consumes time: 0.008423089981079102
Partial simulation consumes time: 0.010483503341674805
Partial simulation consumes time: 0.009848356246948242
Partial simulation consumes time: 0.009285449981689453
Partial simulation consumes time: 0.007958173751831055
Partial simulation consumes time: 0.008272886276245117
Partial simulation consumes time: 0.00860285758972168
Partial simulation consumes time: 0.01469731330871582
Partial simulation consumes time: 0.0093994140625
Partial simulation consumes time: 0.008343696594238281
Partial simulation consumes time: 0.007999897003173828
Partial simulation consumes time: 0.008282899856567383
Partial simulation consumes time: 0.00825810432434082
Partial simulation consumes time: 0.008161544799804688
Partial simulation consumes time: 0.008597135543823242
Partial simulation consumes time: 0.008317947387695312
Partial simulation consumes time: 0.008918523788452148
Partial simulation consumes time: 0.008443593978881836
Partial simulation consumes time: 0.008211374282836914
Partial simulation consumes time: 0.008261442184448242
Partial simulation consumes time: 0.008361577987670898
Partial simulation consumes time: 0.008618593215942383
Partial simulation consumes time: 0.00972127914428711
Partial simulation consumes time: 0.010278463363647461
Partial simulation consumes time: 0.010099411010742188
Partial simulation consumes time: 0.010719537734985352
Partial simulation consumes time: 0.008516788482666016
Partial simulation consumes time: 0.008777141571044922
Partial simulation consumes time: 0.00933980941772461
Partial simulation consumes time: 0.008514642715454102
Partial simulation consumes time: 0.008301258087158203
Partial simulation consumes time: 0.008239269256591797
Partial simulation consumes time: 0.008132696151733398
Partial simulation consumes time: 0.008559703826904297
Partial simulation consumes time: 0.008477449417114258
Partial simulation consumes time: 0.00882267951965332
Partial simulation consumes time: 0.008334159851074219
Partial simulation consumes time: 0.008194208145141602
Partial simulation consumes time: 0.008236885070800781
Partial simulation consumes time: 0.00860285758972168
Partial simulation consumes time: 0.008708715438842773
Partial simulation consumes time: 0.008397340774536133
Partial simulation consumes time: 0.00845479965209961
Partial simulation consumes time: 0.007982492446899414
Partial simulation consumes time: 0.008837699890136719
Partial simulation consumes time: 0.008727550506591797
Partial simulation consumes time: 0.008920907974243164
Partial simulation consumes time: 0.008299112319946289
Partial simulation consumes time: 0.009464025497436523
Partial simulation consumes time: 0.008872270584106445
Partial simulation consumes time: 0.00875997543334961
Partial simulation consumes time: 0.00846099853515625
Partial simulation consumes time: 0.008005857467651367
Partial simulation consumes time: 0.008376598358154297
Partial simulation consumes time: 0.008899688720703125
Partial simulation consumes time: 0.008747100830078125
Partial simulation consumes time: 0.009467601776123047
Partial simulation consumes time: 0.008165359497070312
Partial simulation consumes time: 0.008037090301513672
Partial simulation consumes time: 0.0086212158203125
Partial simulation consumes time: 0.008494138717651367
Partial simulation consumes time: 0.008690357208251953
Partial simulation consumes time: 0.00823664665222168
Partial simulation consumes time: 0.009994268417358398
Partial simulation consumes time: 0.009946584701538086
Partial simulation consumes time: 0.009383916854858398
Partial simulation consumes time: 0.009609460830688477
Partial simulation consumes time: 0.012466192245483398
Partial simulation consumes time: 0.011595726013183594
Partial simulation consumes time: 0.011972188949584961
Partial simulation consumes time: 0.01114034652709961
Partial simulation consumes time: 0.009832620620727539
Partial simulation consumes time: 0.009170055389404297
Partial simulation consumes time: 0.00946354866027832
Partial simulation consumes time: 0.010693788528442383
Partial simulation consumes time: 0.008891105651855469
Partial simulation consumes time: 0.009216785430908203
Partial simulation consumes time: 0.010793209075927734
Partial simulation consumes time: 0.009441375732421875
Partial simulation consumes time: 0.009788751602172852
Partial simulation consumes time: 0.010313034057617188
Partial simulation consumes time: 0.010516643524169922
Partial simulation consumes time: 0.009401321411132812
Partial simulation consumes time: 0.01023721694946289
Partial simulation consumes time: 0.010030031204223633
Partial simulation consumes time: 0.009063720703125
Partial simulation consumes time: 0.010065555572509766
Partial simulation consumes time: 0.01018071174621582
Partial simulation consumes time: 0.009576082229614258
Partial simulation consumes time: 0.00894618034362793
Partial simulation consumes time: 0.010657787322998047
Partial simulation consumes time: 0.01048135757446289
Partial simulation consumes time: 0.009840965270996094
Partial simulation consumes time: 0.010443449020385742
Partial simulation consumes time: 0.009376049041748047
Partial simulation consumes time: 0.011021614074707031
Partial simulation consumes time: 0.012045621871948242
Partial simulation consumes time: 0.013700485229492188
Partial simulation consumes time: 0.011984109878540039
Partial simulation consumes time: 0.010887622833251953
Partial simulation consumes time: 0.010208606719970703
Partial simulation consumes time: 0.010118246078491211
Partial simulation consumes time: 0.010191202163696289
Partial simulation consumes time: 0.013076543807983398
Partial simulation consumes time: 0.009031295776367188
Partial simulation consumes time: 0.00925588607788086
Partial simulation consumes time: 0.008816957473754883
Partial simulation consumes time: 0.009220600128173828
Partial simulation consumes time: 0.009366273880004883
Partial simulation consumes time: 0.011786937713623047
Partial simulation consumes time: 0.012323141098022461
Partial simulation consumes time: 0.011872529983520508
Partial simulation consumes time: 0.009084224700927734
Partial simulation consumes time: 0.010778188705444336
Partial simulation consumes time: 0.008861064910888672
Partial simulation consumes time: 0.00924825668334961
Partial simulation consumes time: 0.009392023086547852
Partial simulation consumes time: 0.009073734283447266
Partial simulation consumes time: 0.010814189910888672
Partial simulation consumes time: 0.009700298309326172
Partial simulation consumes time: 0.00908207893371582
Partial simulation consumes time: 0.011464595794677734
Partial simulation consumes time: 0.011829853057861328
Partial simulation consumes time: 0.00919651985168457
Partial simulation consumes time: 0.010555744171142578
Partial simulation consumes time: 0.011756658554077148
Partial simulation consumes time: 0.009741544723510742
Partial simulation consumes time: 0.012140750885009766
Partial simulation consumes time: 0.010964632034301758
Partial simulation consumes time: 0.009865522384643555
Partial simulation consumes time: 0.01218104362487793
Partial simulation consumes time: 0.010432720184326172
Partial simulation consumes time: 0.01000666618347168
Partial simulation consumes time: 0.010424137115478516
Partial simulation consumes time: 0.00960230827331543
Partial simulation consumes time: 0.009660005569458008
Partial simulation consumes time: 0.013796567916870117
Partial simulation consumes time: 0.011503934860229492
Partial simulation consumes time: 0.012952804565429688
Partial simulation consumes time: 0.014174222946166992
Partial simulation consumes time: 0.015501260757446289
Partial simulation consumes time: 0.014487266540527344
Partial simulation consumes time: 0.013576984405517578
Partial simulation consumes time: 0.01296687126159668
Partial simulation consumes time: 0.012084722518920898
Partial simulation consumes time: 0.013387441635131836
Partial simulation consumes time: 0.014008283615112305
Partial simulation consumes time: 0.013741493225097656
Partial simulation consumes time: 0.013159513473510742
Partial simulation consumes time: 0.02370905876159668
Partial simulation consumes time: 0.01061391830444336
Partial simulation consumes time: 0.012810468673706055
Partial simulation consumes time: 0.012317180633544922
Partial simulation consumes time: 0.011305570602416992
Partial simulation consumes time: 0.009877204895019531
Partial simulation consumes time: 0.01077413558959961
Partial simulation consumes time: 0.010483980178833008
Partial simulation consumes time: 0.01190328598022461
Partial simulation consumes time: 0.010219097137451172
Partial simulation consumes time: 0.009658575057983398
Partial simulation consumes time: 0.011094331741333008
Partial simulation consumes time: 0.011855840682983398
Partial simulation consumes time: 0.010061025619506836
Partial simulation consumes time: 0.010015249252319336
Partial simulation consumes time: 0.011089324951171875
Partial simulation consumes time: 0.012079715728759766
Partial simulation consumes time: 0.010545969009399414
Partial simulation consumes time: 0.011648416519165039
Partial simulation consumes time: 0.010361433029174805
Partial simulation consumes time: 0.011044025421142578
Partial simulation consumes time: 0.010388612747192383
Partial simulation consumes time: 0.01066279411315918
Partial simulation consumes time: 0.009497642517089844
Partial simulation consumes time: 0.009800195693969727
Partial simulation consumes time: 0.012749910354614258
Partial simulation consumes time: 0.010728120803833008
Partial simulation consumes time: 0.010911703109741211
Partial simulation consumes time: 0.010155439376831055
Partial simulation consumes time: 0.011208295822143555
Partial simulation consumes time: 0.010582685470581055
Partial simulation consumes time: 0.010256528854370117
Partial simulation consumes time: 0.011317968368530273
Partial simulation consumes time: 0.012146711349487305
Partial simulation consumes time: 0.011756181716918945
Partial simulation consumes time: 0.011983394622802734
Partial simulation consumes time: 0.011197328567504883
Partial simulation consumes time: 0.012780427932739258
Partial simulation consumes time: 0.00984644889831543
Partial simulation consumes time: 0.01562047004699707
Partial simulation consumes time: 0.013319730758666992
Partial simulation consumes time: 0.01361536979675293
Partial simulation consumes time: 0.012242794036865234
Partial simulation consumes time: 0.008886575698852539
Partial simulation consumes time: 0.009020328521728516
Partial simulation consumes time: 0.00917673110961914
Partial simulation consumes time: 0.008965492248535156
Partial simulation consumes time: 0.008461236953735352
Partial simulation consumes time: 0.00785517692565918
Partial simulation consumes time: 0.007738351821899414
Partial simulation consumes time: 0.0076601505279541016
Partial simulation consumes time: 0.008564472198486328
Partial simulation consumes time: 0.008545637130737305
Partial simulation consumes time: 0.008238792419433594
Partial simulation consumes time: 0.008465051651000977
Partial simulation consumes time: 0.008664846420288086
Partial simulation consumes time: 0.009585857391357422
Partial simulation consumes time: 0.008459091186523438
Partial simulation consumes time: 0.009417057037353516
Partial simulation consumes time: 0.008049249649047852
Partial simulation consumes time: 0.008445024490356445
Partial simulation consumes time: 0.008154153823852539
Partial simulation consumes time: 0.00790858268737793
Partial simulation consumes time: 0.008340120315551758
Partial simulation consumes time: 0.008321046829223633
Partial simulation consumes time: 0.007705211639404297
Partial simulation consumes time: 0.007799625396728516
Partial simulation consumes time: 0.007999420166015625
Partial simulation consumes time: 0.008811235427856445
Partial simulation consumes time: 0.007605314254760742
Partial simulation consumes time: 0.00795292854309082
Partial simulation consumes time: 0.008277654647827148
Partial simulation consumes time: 0.007761478424072266
Partial simulation consumes time: 0.008304595947265625
Partial simulation consumes time: 0.008367538452148438
Partial simulation consumes time: 0.007787942886352539
Partial simulation consumes time: 0.008126258850097656
Partial simulation consumes time: 0.007816553115844727
Partial simulation consumes time: 0.007962703704833984
Partial simulation consumes time: 0.008037090301513672
Partial simulation consumes time: 0.007776737213134766
Partial simulation consumes time: 0.008305788040161133
Partial simulation consumes time: 0.00803375244140625
Partial simulation consumes time: 0.00838470458984375
Partial simulation consumes time: 0.008499383926391602
Partial simulation consumes time: 0.009102582931518555
Partial simulation consumes time: 0.00915384292602539
Partial simulation consumes time: 0.009757757186889648
Partial simulation consumes time: 0.009027719497680664
Partial simulation consumes time: 0.015877723693847656
Partial simulation consumes time: 0.008708000183105469
Partial simulation consumes time: 0.00798487663269043
Partial simulation consumes time: 0.007831335067749023
Partial simulation consumes time: 0.007573127746582031
Partial simulation consumes time: 0.007677316665649414
Partial simulation consumes time: 0.008133411407470703
Partial simulation consumes time: 0.007894277572631836
Partial simulation consumes time: 0.007725954055786133
Partial simulation consumes time: 0.008498907089233398
Partial simulation consumes time: 0.007730960845947266
Partial simulation consumes time: 0.007756471633911133
Partial simulation consumes time: 0.007322072982788086
Partial simulation consumes time: 0.007741451263427734
Partial simulation consumes time: 0.007632255554199219
Partial simulation consumes time: 0.007699728012084961
Partial simulation consumes time: 0.0077974796295166016
Partial simulation consumes time: 0.00807809829711914
Partial simulation consumes time: 0.00451207160949707
Partial simulation consumes time: 0.00470280647277832
Partial simulation consumes time: 0.004526853561401367
Partial simulation consumes time: 0.004808664321899414
Partial simulation consumes time: 0.00502777099609375
Partial simulation consumes time: 0.007324695587158203
Partial simulation consumes time: 0.0050623416900634766
Partial simulation consumes time: 0.005226612091064453
Partial simulation consumes time: 0.0043544769287109375
Partial simulation consumes time: 0.004967927932739258
Partial simulation consumes time: 0.005763053894042969
Partial simulation consumes time: 0.005094766616821289
Partial simulation consumes time: 0.0050694942474365234
Partial simulation consumes time: 0.005785703659057617
Partial simulation consumes time: 0.0051898956298828125
Partial simulation consumes time: 0.005180835723876953
Partial simulation consumes time: 0.006196260452270508
Partial simulation consumes time: 0.004853725433349609
Partial simulation consumes time: 0.005800962448120117
Partial simulation consumes time: 0.004884243011474609
Partial simulation consumes time: 0.004640340805053711
Partial simulation consumes time: 0.005556821823120117
Partial simulation consumes time: 0.005013704299926758
Partial simulation consumes time: 0.008269309997558594
Partial simulation consumes time: 0.005873918533325195
Partial simulation consumes time: 0.00461268424987793
Partial simulation consumes time: 0.004937410354614258
Partial simulation consumes time: 0.007229804992675781
Partial simulation consumes time: 0.005040884017944336
Partial simulation consumes time: 0.005417823791503906
Partial simulation consumes time: 0.005006074905395508
Partial simulation consumes time: 0.005064725875854492
Partial simulation consumes time: 0.006363868713378906
Partial simulation consumes time: 0.006653308868408203
Partial simulation consumes time: 0.00546717643737793
Partial simulation consumes time: 0.005622386932373047
Partial simulation consumes time: 0.005496501922607422
Partial simulation consumes time: 0.0063321590423583984
Partial simulation consumes time: 0.0057392120361328125
Partial simulation consumes time: 0.004897594451904297
Partial simulation consumes time: 0.004618167877197266
Partial simulation consumes time: 0.004882097244262695
Partial simulation consumes time: 0.004692554473876953
Partial simulation consumes time: 0.005286455154418945
Partial simulation consumes time: 0.006362438201904297
Partial simulation consumes time: 0.0071833133697509766
Partial simulation consumes time: 0.00551915168762207
Partial simulation consumes time: 0.005304098129272461
Partial simulation consumes time: 0.006662130355834961
Partial simulation consumes time: 0.010721445083618164
Partial simulation consumes time: 0.006162405014038086
Partial simulation consumes time: 0.005070209503173828
Partial simulation consumes time: 0.007139682769775391
Partial simulation consumes time: 0.005599021911621094
Partial simulation consumes time: 0.00548100471496582
Partial simulation consumes time: 0.005399942398071289
Partial simulation consumes time: 0.005298137664794922
Partial simulation consumes time: 0.00509190559387207
Partial simulation consumes time: 0.005987405776977539
Partial simulation consumes time: 0.0057027339935302734
Partial simulation consumes time: 0.007608175277709961
Partial simulation consumes time: 0.0061168670654296875
Partial simulation consumes time: 0.00487828254699707
Partial simulation consumes time: 0.00503849983215332
Qdao runs:	23.619977712631226
_initialize	0.27785611152648926
_preprocess	7.153218507766724
_postprocess	5.725077867507935
_run	23.32473611831665
load_sv	6.698651075363159
store_sv	5.711828708648682
Quafu runs:	3.178584098815918
.

====================== 1 passed, 11 deselected in 29.38s =======================
