============================= test session starts ==============================
platform linux -- Python 3.10.6, pytest-7.2.0, pluggy-1.0.0
rootdir: /root/projects/qcs
collected 12 items / 11 deselected / 1 selected

tst/qdao/engine.py 
::::::::::::::::::Config::::::::::::::::::

NQ::	22
NP::	16
NL::	8
D::	19

::::::::::::::::::Config::::::::::::::::::


:::Reusing existing bench:::::/root/projects/qcs/qdao/benchmarks/qasm/random_22_19_max_operands_2_gen.qasm::::::::

Partial simulation consumes time: 0.015031099319458008
Partial simulation consumes time: 0.014702796936035156
Partial simulation consumes time: 0.014142274856567383
Partial simulation consumes time: 0.014807701110839844
Partial simulation consumes time: 0.013808250427246094
Partial simulation consumes time: 0.014251708984375
Partial simulation consumes time: 0.013338088989257812
Partial simulation consumes time: 0.014699220657348633
Partial simulation consumes time: 0.01335000991821289
Partial simulation consumes time: 0.013658761978149414
Partial simulation consumes time: 0.014021635055541992
Partial simulation consumes time: 0.014511823654174805
Partial simulation consumes time: 0.014673233032226562
Partial simulation consumes time: 0.013865232467651367
Partial simulation consumes time: 0.013704299926757812
Partial simulation consumes time: 0.014344930648803711
Partial simulation consumes time: 0.013914346694946289
Partial simulation consumes time: 0.015246391296386719
Partial simulation consumes time: 0.013592004776000977
Partial simulation consumes time: 0.01616358757019043
Partial simulation consumes time: 0.015238285064697266
Partial simulation consumes time: 0.013673543930053711
Partial simulation consumes time: 0.01331782341003418
Partial simulation consumes time: 0.01486063003540039
Partial simulation consumes time: 0.013799905776977539
Partial simulation consumes time: 0.014744043350219727
Partial simulation consumes time: 0.01407170295715332
Partial simulation consumes time: 0.014389991760253906
Partial simulation consumes time: 0.014460086822509766
Partial simulation consumes time: 0.013898611068725586
Partial simulation consumes time: 0.013706684112548828
Partial simulation consumes time: 0.014834880828857422
Partial simulation consumes time: 0.014511823654174805
Partial simulation consumes time: 0.014715433120727539
Partial simulation consumes time: 0.013586759567260742
Partial simulation consumes time: 0.014167547225952148
Partial simulation consumes time: 0.013986825942993164
Partial simulation consumes time: 0.014283180236816406
Partial simulation consumes time: 0.016260147094726562
Partial simulation consumes time: 0.014419794082641602
Partial simulation consumes time: 0.014548540115356445
Partial simulation consumes time: 0.013770341873168945
Partial simulation consumes time: 0.013914346694946289
Partial simulation consumes time: 0.015772342681884766
Partial simulation consumes time: 0.013733625411987305
Partial simulation consumes time: 0.01630568504333496
Partial simulation consumes time: 0.013916015625
Partial simulation consumes time: 0.013631582260131836
Partial simulation consumes time: 0.014058589935302734
Partial simulation consumes time: 0.014624357223510742
Partial simulation consumes time: 0.014676809310913086
Partial simulation consumes time: 0.015321493148803711
Partial simulation consumes time: 0.014289379119873047
Partial simulation consumes time: 0.014838457107543945
Partial simulation consumes time: 0.014883756637573242
Partial simulation consumes time: 0.014080047607421875
Partial simulation consumes time: 0.014160871505737305
Partial simulation consumes time: 0.013770580291748047
Partial simulation consumes time: 0.013665437698364258
Partial simulation consumes time: 0.013753414154052734
Partial simulation consumes time: 0.014267683029174805
Partial simulation consumes time: 0.01432943344116211
Partial simulation consumes time: 0.014191150665283203
Partial simulation consumes time: 0.01344609260559082
Partial simulation consumes time: 0.015923738479614258
Partial simulation consumes time: 0.013583898544311523
Partial simulation consumes time: 0.014032363891601562
Partial simulation consumes time: 0.015998125076293945
Partial simulation consumes time: 0.013943910598754883
Partial simulation consumes time: 0.014225244522094727
Partial simulation consumes time: 0.016492366790771484
Partial simulation consumes time: 0.014164924621582031
Partial simulation consumes time: 0.016994476318359375
Partial simulation consumes time: 0.013571977615356445
Partial simulation consumes time: 0.01500391960144043
Partial simulation consumes time: 0.01347208023071289
Partial simulation consumes time: 0.014564037322998047
Partial simulation consumes time: 0.014225959777832031
Partial simulation consumes time: 0.014222383499145508
Partial simulation consumes time: 0.013736248016357422
Partial simulation consumes time: 0.013646125793457031
Partial simulation consumes time: 0.01545095443725586
Partial simulation consumes time: 0.01342630386352539
Partial simulation consumes time: 0.014688491821289062
Partial simulation consumes time: 0.013446331024169922
Partial simulation consumes time: 0.013618707656860352
Partial simulation consumes time: 0.013662576675415039
Partial simulation consumes time: 0.014404773712158203
Partial simulation consumes time: 0.01384115219116211
Partial simulation consumes time: 0.014558792114257812
Partial simulation consumes time: 0.01586174964904785
Partial simulation consumes time: 0.016997337341308594
Partial simulation consumes time: 0.014514684677124023
Partial simulation consumes time: 0.013543844223022461
Partial simulation consumes time: 0.0684363842010498
Partial simulation consumes time: 0.013495683670043945
Partial simulation consumes time: 0.013695955276489258
Partial simulation consumes time: 0.015022993087768555
Partial simulation consumes time: 0.013955831527709961
Partial simulation consumes time: 0.014236211776733398
Partial simulation consumes time: 0.013643741607666016
Partial simulation consumes time: 0.015850305557250977
Partial simulation consumes time: 0.01357269287109375
Partial simulation consumes time: 0.014065027236938477
Partial simulation consumes time: 0.013420820236206055
Partial simulation consumes time: 0.015631675720214844
Partial simulation consumes time: 0.015363216400146484
Partial simulation consumes time: 0.01432657241821289
Partial simulation consumes time: 0.014138460159301758
Partial simulation consumes time: 0.021998882293701172
Partial simulation consumes time: 0.014416694641113281
Partial simulation consumes time: 0.013780355453491211
Partial simulation consumes time: 0.013495922088623047
Partial simulation consumes time: 0.015061378479003906
Partial simulation consumes time: 0.01417231559753418
Partial simulation consumes time: 0.014043092727661133
Partial simulation consumes time: 0.013691186904907227
Partial simulation consumes time: 0.013979434967041016
Partial simulation consumes time: 0.014069795608520508
Partial simulation consumes time: 0.014569282531738281
Partial simulation consumes time: 0.015816926956176758
Partial simulation consumes time: 0.015088319778442383
Partial simulation consumes time: 0.013852596282958984
Partial simulation consumes time: 0.06045699119567871
Partial simulation consumes time: 0.014567852020263672
Partial simulation consumes time: 0.014447927474975586
Partial simulation consumes time: 0.016019105911254883
Partial simulation consumes time: 0.013504981994628906
Partial simulation consumes time: 0.009167671203613281
Partial simulation consumes time: 0.009302616119384766
Partial simulation consumes time: 0.009166955947875977
Partial simulation consumes time: 0.009136199951171875
Partial simulation consumes time: 0.009070634841918945
Partial simulation consumes time: 0.009320974349975586
Partial simulation consumes time: 0.009108543395996094
Partial simulation consumes time: 0.009641885757446289
Partial simulation consumes time: 0.009113550186157227
Partial simulation consumes time: 0.009144067764282227
Partial simulation consumes time: 0.01033329963684082
Partial simulation consumes time: 0.011270284652709961
Partial simulation consumes time: 0.009031534194946289
Partial simulation consumes time: 0.009330272674560547
Partial simulation consumes time: 0.009104490280151367
Partial simulation consumes time: 0.010763168334960938
Partial simulation consumes time: 0.00997161865234375
Partial simulation consumes time: 0.009247064590454102
Partial simulation consumes time: 0.009233713150024414
Partial simulation consumes time: 0.00924992561340332
Partial simulation consumes time: 0.00902247428894043
Partial simulation consumes time: 0.009253978729248047
Partial simulation consumes time: 0.010115385055541992
Partial simulation consumes time: 0.009075403213500977
Partial simulation consumes time: 0.00935053825378418
Partial simulation consumes time: 0.009077310562133789
Partial simulation consumes time: 0.009785175323486328
Partial simulation consumes time: 0.009227275848388672
Partial simulation consumes time: 0.009124755859375
Partial simulation consumes time: 0.009328603744506836
Partial simulation consumes time: 0.009748697280883789
Partial simulation consumes time: 0.009614944458007812
Partial simulation consumes time: 0.009261131286621094
Partial simulation consumes time: 0.009145498275756836
Partial simulation consumes time: 0.009353160858154297
Partial simulation consumes time: 0.00923609733581543
Partial simulation consumes time: 0.009124279022216797
Partial simulation consumes time: 0.00974726676940918
Partial simulation consumes time: 0.009037494659423828
Partial simulation consumes time: 0.009098052978515625
Partial simulation consumes time: 0.010081768035888672
Partial simulation consumes time: 0.011024236679077148
Partial simulation consumes time: 0.00908350944519043
Partial simulation consumes time: 0.009067773818969727
Partial simulation consumes time: 0.010572671890258789
Partial simulation consumes time: 0.01009058952331543
Partial simulation consumes time: 0.009539127349853516
Partial simulation consumes time: 0.009526968002319336
Partial simulation consumes time: 0.00914907455444336
Partial simulation consumes time: 0.014209747314453125
Partial simulation consumes time: 0.009412527084350586
Partial simulation consumes time: 0.00960397720336914
Partial simulation consumes time: 0.009623050689697266
Partial simulation consumes time: 0.009508609771728516
Partial simulation consumes time: 0.009769439697265625
Partial simulation consumes time: 0.009420633316040039
Partial simulation consumes time: 0.009783267974853516
Partial simulation consumes time: 0.009685993194580078
Partial simulation consumes time: 0.011228322982788086
Partial simulation consumes time: 0.009552717208862305
Partial simulation consumes time: 0.009090423583984375
Partial simulation consumes time: 0.00908970832824707
Partial simulation consumes time: 0.009568929672241211
Partial simulation consumes time: 0.009981155395507812
Partial simulation consumes time: 0.014524698257446289
Partial simulation consumes time: 0.015286445617675781
Partial simulation consumes time: 0.012574434280395508
Partial simulation consumes time: 0.012768268585205078
Partial simulation consumes time: 0.012585163116455078
Partial simulation consumes time: 0.012966156005859375
Partial simulation consumes time: 0.012729406356811523
Partial simulation consumes time: 0.011826753616333008
Partial simulation consumes time: 0.011676311492919922
Partial simulation consumes time: 0.012209415435791016
Partial simulation consumes time: 0.011940240859985352
Partial simulation consumes time: 0.011558055877685547
Partial simulation consumes time: 0.01166677474975586
Partial simulation consumes time: 0.011619806289672852
Partial simulation consumes time: 0.011706352233886719
Partial simulation consumes time: 0.012101411819458008
Partial simulation consumes time: 0.011540651321411133
Partial simulation consumes time: 0.01219630241394043
Partial simulation consumes time: 0.011904478073120117
Partial simulation consumes time: 0.011812925338745117
Partial simulation consumes time: 0.012396574020385742
Partial simulation consumes time: 0.011681795120239258
Partial simulation consumes time: 0.011757850646972656
Partial simulation consumes time: 0.014028310775756836
Partial simulation consumes time: 0.012093544006347656
Partial simulation consumes time: 0.01253199577331543
Partial simulation consumes time: 0.011855363845825195
Partial simulation consumes time: 0.01165628433227539
Partial simulation consumes time: 0.01177525520324707
Partial simulation consumes time: 0.011676311492919922
Partial simulation consumes time: 0.01184225082397461
Partial simulation consumes time: 0.012296438217163086
Partial simulation consumes time: 0.011754512786865234
Partial simulation consumes time: 0.011818408966064453
Partial simulation consumes time: 0.012689590454101562
Partial simulation consumes time: 0.01163625717163086
Partial simulation consumes time: 0.011847496032714844
Partial simulation consumes time: 0.011702775955200195
Partial simulation consumes time: 0.011540889739990234
Partial simulation consumes time: 0.012138843536376953
Partial simulation consumes time: 0.011551856994628906
Partial simulation consumes time: 0.013493061065673828
Partial simulation consumes time: 0.011640787124633789
Partial simulation consumes time: 0.01210331916809082
Partial simulation consumes time: 0.01186370849609375
Partial simulation consumes time: 0.011581182479858398
Partial simulation consumes time: 0.012566089630126953
Partial simulation consumes time: 0.011765241622924805
Partial simulation consumes time: 0.011785507202148438
Partial simulation consumes time: 0.012358903884887695
Partial simulation consumes time: 0.01195073127746582
Partial simulation consumes time: 0.01197361946105957
Partial simulation consumes time: 0.011904239654541016
Partial simulation consumes time: 0.011847257614135742
Partial simulation consumes time: 0.012359380722045898
Partial simulation consumes time: 0.011603593826293945
Partial simulation consumes time: 0.011677980422973633
Partial simulation consumes time: 0.011795997619628906
Partial simulation consumes time: 0.011601686477661133
Partial simulation consumes time: 0.012189865112304688
Partial simulation consumes time: 0.012602090835571289
Partial simulation consumes time: 0.01183319091796875
Partial simulation consumes time: 0.011826515197753906
Partial simulation consumes time: 0.011887311935424805
Partial simulation consumes time: 0.010396718978881836
Partial simulation consumes time: 0.01091623306274414
Partial simulation consumes time: 0.011292219161987305
Partial simulation consumes time: 0.010418176651000977
Partial simulation consumes time: 0.010565519332885742
Partial simulation consumes time: 0.010866403579711914
Partial simulation consumes time: 0.010569572448730469
Partial simulation consumes time: 0.010504484176635742
Partial simulation consumes time: 0.011228561401367188
Partial simulation consumes time: 0.010425090789794922
Partial simulation consumes time: 0.010519742965698242
Partial simulation consumes time: 0.010371685028076172
Partial simulation consumes time: 0.010904788970947266
Partial simulation consumes time: 0.01168966293334961
Partial simulation consumes time: 0.010392427444458008
Partial simulation consumes time: 0.010447263717651367
Partial simulation consumes time: 0.01075887680053711
Partial simulation consumes time: 0.010417461395263672
Partial simulation consumes time: 0.010676860809326172
Partial simulation consumes time: 0.010418891906738281
Partial simulation consumes time: 0.01131582260131836
Partial simulation consumes time: 0.010598182678222656
Partial simulation consumes time: 0.010321617126464844
Partial simulation consumes time: 0.01094508171081543
Partial simulation consumes time: 0.010352134704589844
Partial simulation consumes time: 0.010214567184448242
Partial simulation consumes time: 0.012318134307861328
Partial simulation consumes time: 0.011684894561767578
Partial simulation consumes time: 0.01130819320678711
Partial simulation consumes time: 0.01140594482421875
Partial simulation consumes time: 0.012678146362304688
Partial simulation consumes time: 0.011225223541259766
Partial simulation consumes time: 0.011774301528930664
Partial simulation consumes time: 0.011449098587036133
Partial simulation consumes time: 0.010974884033203125
Partial simulation consumes time: 0.011368751525878906
Partial simulation consumes time: 0.011362075805664062
Partial simulation consumes time: 0.01133418083190918
Partial simulation consumes time: 0.011192798614501953
Partial simulation consumes time: 0.01181173324584961
Partial simulation consumes time: 0.011129379272460938
Partial simulation consumes time: 0.011054754257202148
Partial simulation consumes time: 0.011922121047973633
Partial simulation consumes time: 0.011038064956665039
Partial simulation consumes time: 0.010883808135986328
Partial simulation consumes time: 0.01118612289428711
Partial simulation consumes time: 0.010902166366577148
Partial simulation consumes time: 0.011211156845092773
Partial simulation consumes time: 0.011169672012329102
Partial simulation consumes time: 0.011028766632080078
Partial simulation consumes time: 0.010695695877075195
Partial simulation consumes time: 0.011441230773925781
Partial simulation consumes time: 0.011647462844848633
Partial simulation consumes time: 0.010550737380981445
Partial simulation consumes time: 0.010848522186279297
Partial simulation consumes time: 0.011071443557739258
Partial simulation consumes time: 0.011189460754394531
Partial simulation consumes time: 0.011258363723754883
Partial simulation consumes time: 0.0113677978515625
Partial simulation consumes time: 0.011581897735595703
Partial simulation consumes time: 0.010317802429199219
Partial simulation consumes time: 0.010814428329467773
Partial simulation consumes time: 0.011222600936889648
Partial simulation consumes time: 0.011052608489990234
Partial simulation consumes time: 0.010123014450073242
Partial simulation consumes time: 0.010349750518798828
Partial simulation consumes time: 0.010675430297851562
Partial simulation consumes time: 0.011695623397827148
Partial simulation consumes time: 0.010575532913208008
Partial simulation consumes time: 0.009974479675292969
Partial simulation consumes time: 0.010956525802612305
Partial simulation consumes time: 0.01076650619506836
Partial simulation consumes time: 0.010765552520751953
Partial simulation consumes time: 0.011012077331542969
Partial simulation consumes time: 0.01077127456665039
Partial simulation consumes time: 0.010464906692504883
Partial simulation consumes time: 0.011669397354125977
Partial simulation consumes time: 0.010046243667602539
Partial simulation consumes time: 0.010397911071777344
Partial simulation consumes time: 0.01082301139831543
Partial simulation consumes time: 0.01078343391418457
Partial simulation consumes time: 0.010791540145874023
Partial simulation consumes time: 0.010831594467163086
Partial simulation consumes time: 0.011007308959960938
Partial simulation consumes time: 0.011105060577392578
Partial simulation consumes time: 0.013353347778320312
Partial simulation consumes time: 0.010793924331665039
Partial simulation consumes time: 0.011203527450561523
Partial simulation consumes time: 0.011432409286499023
Partial simulation consumes time: 0.010973691940307617
Partial simulation consumes time: 0.009032726287841797
Partial simulation consumes time: 0.009898185729980469
Partial simulation consumes time: 0.009798765182495117
Partial simulation consumes time: 0.05272483825683594
Partial simulation consumes time: 0.011064291000366211
Partial simulation consumes time: 0.01010751724243164
Partial simulation consumes time: 0.009777545928955078
Partial simulation consumes time: 0.010349273681640625
Partial simulation consumes time: 0.01060628890991211
Partial simulation consumes time: 0.00980377197265625
Partial simulation consumes time: 0.009964227676391602
Partial simulation consumes time: 0.009141921997070312
Partial simulation consumes time: 0.009314775466918945
Partial simulation consumes time: 0.009676218032836914
Partial simulation consumes time: 0.009142875671386719
Partial simulation consumes time: 0.009055614471435547
Partial simulation consumes time: 0.009740352630615234
Partial simulation consumes time: 0.009543657302856445
Partial simulation consumes time: 0.01034235954284668
Partial simulation consumes time: 0.00947260856628418
Partial simulation consumes time: 0.009302854537963867
Partial simulation consumes time: 0.00924992561340332
Partial simulation consumes time: 0.009645462036132812
Partial simulation consumes time: 0.010895013809204102
Partial simulation consumes time: 0.009951591491699219
Partial simulation consumes time: 0.009034156799316406
Partial simulation consumes time: 0.010584354400634766
Partial simulation consumes time: 0.009408235549926758
Partial simulation consumes time: 0.009724617004394531
Partial simulation consumes time: 0.010772705078125
Partial simulation consumes time: 0.009600400924682617
Partial simulation consumes time: 0.009954452514648438
Partial simulation consumes time: 0.009901762008666992
Partial simulation consumes time: 0.010370254516601562
Partial simulation consumes time: 0.009181499481201172
Partial simulation consumes time: 0.010614395141601562
Partial simulation consumes time: 0.008920669555664062
Partial simulation consumes time: 0.00912165641784668
Partial simulation consumes time: 0.019032716751098633
Partial simulation consumes time: 0.017823219299316406
Partial simulation consumes time: 0.0180208683013916
Partial simulation consumes time: 0.016052961349487305
Partial simulation consumes time: 0.014462947845458984
Partial simulation consumes time: 0.014406442642211914
Partial simulation consumes time: 0.014176607131958008
Partial simulation consumes time: 0.016626358032226562
Partial simulation consumes time: 0.014341115951538086
Partial simulation consumes time: 0.014496326446533203
Partial simulation consumes time: 0.01407766342163086
Partial simulation consumes time: 0.014180898666381836
Partial simulation consumes time: 0.01547551155090332
Partial simulation consumes time: 0.014072895050048828
Partial simulation consumes time: 0.015687227249145508
Partial simulation consumes time: 0.014639139175415039
Partial simulation consumes time: 0.016170501708984375
Partial simulation consumes time: 0.014406681060791016
Partial simulation consumes time: 0.014474630355834961
Partial simulation consumes time: 0.014165878295898438
Partial simulation consumes time: 0.016352415084838867
Partial simulation consumes time: 0.014228105545043945
Partial simulation consumes time: 0.016791582107543945
Partial simulation consumes time: 0.017971515655517578
Partial simulation consumes time: 0.014159679412841797
Partial simulation consumes time: 0.014921903610229492
Partial simulation consumes time: 0.01503610610961914
Partial simulation consumes time: 0.014210224151611328
Partial simulation consumes time: 0.017764568328857422
Partial simulation consumes time: 0.01559138298034668
Partial simulation consumes time: 0.015587806701660156
Partial simulation consumes time: 0.014078378677368164
Partial simulation consumes time: 0.015448808670043945
Partial simulation consumes time: 0.016213655471801758
Partial simulation consumes time: 0.017241954803466797
Partial simulation consumes time: 0.015412330627441406
Partial simulation consumes time: 0.014215230941772461
Partial simulation consumes time: 0.01588892936706543
Partial simulation consumes time: 0.01593470573425293
Partial simulation consumes time: 0.015545368194580078
Partial simulation consumes time: 0.015406131744384766
Partial simulation consumes time: 0.014285087585449219
Partial simulation consumes time: 0.014346122741699219
Partial simulation consumes time: 0.016266345977783203
Partial simulation consumes time: 0.015413045883178711
Partial simulation consumes time: 0.016507625579833984
Partial simulation consumes time: 0.014676094055175781
Partial simulation consumes time: 0.015231847763061523
Partial simulation consumes time: 0.015778303146362305
Partial simulation consumes time: 0.015659332275390625
Partial simulation consumes time: 0.014967203140258789
Partial simulation consumes time: 0.014059066772460938
Partial simulation consumes time: 0.017657995223999023
Partial simulation consumes time: 0.014659881591796875
Partial simulation consumes time: 0.014606475830078125
Partial simulation consumes time: 0.014375686645507812
Partial simulation consumes time: 0.015008211135864258
Partial simulation consumes time: 0.01546931266784668
Partial simulation consumes time: 0.017844676971435547
Partial simulation consumes time: 0.014189004898071289
Partial simulation consumes time: 0.014143705368041992
Partial simulation consumes time: 0.015393495559692383
Partial simulation consumes time: 0.014336109161376953
Partial simulation consumes time: 0.014373064041137695
Partial simulation consumes time: 0.010863065719604492
Partial simulation consumes time: 0.00926971435546875
Partial simulation consumes time: 0.010631322860717773
Partial simulation consumes time: 0.010352849960327148
Partial simulation consumes time: 0.009438037872314453
Partial simulation consumes time: 0.009089231491088867
Partial simulation consumes time: 0.01067042350769043
Partial simulation consumes time: 0.009320735931396484
Partial simulation consumes time: 0.009129762649536133
Partial simulation consumes time: 0.009320974349975586
Partial simulation consumes time: 0.010181903839111328
Partial simulation consumes time: 0.011236906051635742
Partial simulation consumes time: 0.009850740432739258
Partial simulation consumes time: 0.009961843490600586
Partial simulation consumes time: 0.00945734977722168
Partial simulation consumes time: 0.009250164031982422
Partial simulation consumes time: 0.009121179580688477
Partial simulation consumes time: 0.056192636489868164
Partial simulation consumes time: 0.009263753890991211
Partial simulation consumes time: 0.009712934494018555
Partial simulation consumes time: 0.009281158447265625
Partial simulation consumes time: 0.009130239486694336
Partial simulation consumes time: 0.011403799057006836
Partial simulation consumes time: 0.010515928268432617
Partial simulation consumes time: 0.01004934310913086
Partial simulation consumes time: 0.009194135665893555
Partial simulation consumes time: 0.009219169616699219
Partial simulation consumes time: 0.009160518646240234
Partial simulation consumes time: 0.009387493133544922
Partial simulation consumes time: 0.009738445281982422
Partial simulation consumes time: 0.009126663208007812
Partial simulation consumes time: 0.010163307189941406
Partial simulation consumes time: 0.009128093719482422
Partial simulation consumes time: 0.010179519653320312
Partial simulation consumes time: 0.009178876876831055
Partial simulation consumes time: 0.009591817855834961
Partial simulation consumes time: 0.009594917297363281
Partial simulation consumes time: 0.009130716323852539
Partial simulation consumes time: 0.009765863418579102
Partial simulation consumes time: 0.009148836135864258
Partial simulation consumes time: 0.009782552719116211
Partial simulation consumes time: 0.00924825668334961
Partial simulation consumes time: 0.010357141494750977
Partial simulation consumes time: 0.010186910629272461
Partial simulation consumes time: 0.010390996932983398
Partial simulation consumes time: 0.010484695434570312
Partial simulation consumes time: 0.010197639465332031
Partial simulation consumes time: 0.010377645492553711
Partial simulation consumes time: 0.012432336807250977
Partial simulation consumes time: 0.010189056396484375
Partial simulation consumes time: 0.012147665023803711
Partial simulation consumes time: 0.011498451232910156
Partial simulation consumes time: 0.010817527770996094
Partial simulation consumes time: 0.010883808135986328
Partial simulation consumes time: 0.010971784591674805
Partial simulation consumes time: 0.01027059555053711
Partial simulation consumes time: 0.009166479110717773
Partial simulation consumes time: 0.010544538497924805
Partial simulation consumes time: 0.009710550308227539
Partial simulation consumes time: 0.009282827377319336
Partial simulation consumes time: 0.009368658065795898
Partial simulation consumes time: 0.009732961654663086
Partial simulation consumes time: 0.009718179702758789
Partial simulation consumes time: 0.009489774703979492
Partial simulation consumes time: 0.014505624771118164
Partial simulation consumes time: 0.014599323272705078
Partial simulation consumes time: 0.06288266181945801
Partial simulation consumes time: 0.01305246353149414
Partial simulation consumes time: 0.013673782348632812
Partial simulation consumes time: 0.01519322395324707
Partial simulation consumes time: 0.013275146484375
Partial simulation consumes time: 0.01363229751586914
Partial simulation consumes time: 0.015012264251708984
Partial simulation consumes time: 0.013796329498291016
Partial simulation consumes time: 0.013903141021728516
Partial simulation consumes time: 0.013144254684448242
Partial simulation consumes time: 0.013752222061157227
Partial simulation consumes time: 0.013680219650268555
Partial simulation consumes time: 0.014391660690307617
Partial simulation consumes time: 0.01357889175415039
Partial simulation consumes time: 0.013771772384643555
Partial simulation consumes time: 0.015382528305053711
Partial simulation consumes time: 0.013597726821899414
Partial simulation consumes time: 0.013336896896362305
Partial simulation consumes time: 0.013911724090576172
Partial simulation consumes time: 0.014222860336303711
Partial simulation consumes time: 0.013334274291992188
Partial simulation consumes time: 0.01576972007751465
Partial simulation consumes time: 0.013958930969238281
Partial simulation consumes time: 0.014624595642089844
Partial simulation consumes time: 0.013677597045898438
Partial simulation consumes time: 0.01362752914428711
Partial simulation consumes time: 0.01388406753540039
Partial simulation consumes time: 0.015807151794433594
Partial simulation consumes time: 0.013497591018676758
Partial simulation consumes time: 0.013046741485595703
Partial simulation consumes time: 0.015480756759643555
Partial simulation consumes time: 0.013437032699584961
Partial simulation consumes time: 0.014715433120727539
Partial simulation consumes time: 0.015235424041748047
Partial simulation consumes time: 0.01389002799987793
Partial simulation consumes time: 0.014246463775634766
Partial simulation consumes time: 0.013790369033813477
Partial simulation consumes time: 0.013837099075317383
Partial simulation consumes time: 0.015015840530395508
Partial simulation consumes time: 0.014922142028808594
Partial simulation consumes time: 0.013240814208984375
Partial simulation consumes time: 0.014894962310791016
Partial simulation consumes time: 0.015441417694091797
Partial simulation consumes time: 0.01407623291015625
Partial simulation consumes time: 0.013707876205444336
Partial simulation consumes time: 0.01610875129699707
Partial simulation consumes time: 0.01586151123046875
Partial simulation consumes time: 0.013846158981323242
Partial simulation consumes time: 0.014100313186645508
Partial simulation consumes time: 0.013236284255981445
Partial simulation consumes time: 0.014883995056152344
Partial simulation consumes time: 0.01370549201965332
Partial simulation consumes time: 0.013521671295166016
Partial simulation consumes time: 0.013067960739135742
Partial simulation consumes time: 0.015088796615600586
Partial simulation consumes time: 0.013766765594482422
Partial simulation consumes time: 0.013586282730102539
Partial simulation consumes time: 0.01345968246459961
Partial simulation consumes time: 0.014050006866455078
Partial simulation consumes time: 0.014319896697998047
Partial simulation consumes time: 0.014643430709838867
Partial simulation consumes time: 0.013622283935546875
Partial simulation consumes time: 0.014413833618164062
Partial simulation consumes time: 0.01447606086730957
Partial simulation consumes time: 0.015362977981567383
Partial simulation consumes time: 0.015073299407958984
Partial simulation consumes time: 0.015024185180664062
Partial simulation consumes time: 0.014239072799682617
Partial simulation consumes time: 0.014055013656616211
Partial simulation consumes time: 0.014710664749145508
Partial simulation consumes time: 0.016563892364501953
Partial simulation consumes time: 0.015105247497558594
Partial simulation consumes time: 0.014952421188354492
Partial simulation consumes time: 0.01471567153930664
Partial simulation consumes time: 0.014234304428100586
Partial simulation consumes time: 0.014821529388427734
Partial simulation consumes time: 0.016244888305664062
Partial simulation consumes time: 0.014348506927490234
Partial simulation consumes time: 0.014560222625732422
Partial simulation consumes time: 0.015976905822753906
Partial simulation consumes time: 0.015022993087768555
Partial simulation consumes time: 0.01591944694519043
Partial simulation consumes time: 0.016077518463134766
Partial simulation consumes time: 0.10919880867004395
Partial simulation consumes time: 0.015259027481079102
Partial simulation consumes time: 0.016295433044433594
Partial simulation consumes time: 0.018539905548095703
Partial simulation consumes time: 0.017244815826416016
Partial simulation consumes time: 0.014966726303100586
Partial simulation consumes time: 0.014510631561279297
Partial simulation consumes time: 0.014507770538330078
Partial simulation consumes time: 0.01801013946533203
Partial simulation consumes time: 0.01544809341430664
Partial simulation consumes time: 0.014716386795043945
Partial simulation consumes time: 0.015333414077758789
Partial simulation consumes time: 0.014273881912231445
Partial simulation consumes time: 0.01467275619506836
Partial simulation consumes time: 0.014901876449584961
Partial simulation consumes time: 0.016206979751586914
Partial simulation consumes time: 0.014988183975219727
Partial simulation consumes time: 0.014636754989624023
Partial simulation consumes time: 0.015137672424316406
Partial simulation consumes time: 0.014805078506469727
Partial simulation consumes time: 0.014523506164550781
Partial simulation consumes time: 0.01499176025390625
Partial simulation consumes time: 0.014630556106567383
Partial simulation consumes time: 0.013892650604248047
Partial simulation consumes time: 0.014016866683959961
Partial simulation consumes time: 0.014021635055541992
Partial simulation consumes time: 0.015331745147705078
Partial simulation consumes time: 0.015552759170532227
Partial simulation consumes time: 0.01470041275024414
Partial simulation consumes time: 0.014637231826782227
Partial simulation consumes time: 0.014703989028930664
Partial simulation consumes time: 0.014048576354980469
Partial simulation consumes time: 0.014672994613647461
Partial simulation consumes time: 0.015274763107299805
Partial simulation consumes time: 0.01425790786743164
Partial simulation consumes time: 0.015071392059326172
Partial simulation consumes time: 0.015168905258178711
Partial simulation consumes time: 0.014833927154541016
Partial simulation consumes time: 0.015139579772949219
Partial simulation consumes time: 0.014792919158935547
Partial simulation consumes time: 0.015169858932495117
Partial simulation consumes time: 0.015722274780273438
Partial simulation consumes time: 0.015332460403442383
Partial simulation consumes time: 0.004940986633300781
Partial simulation consumes time: 0.004643440246582031
Partial simulation consumes time: 0.005030155181884766
Partial simulation consumes time: 0.004896402359008789
Partial simulation consumes time: 0.004655361175537109
Partial simulation consumes time: 0.004703044891357422
Partial simulation consumes time: 0.00494384765625
Partial simulation consumes time: 0.004803895950317383
Partial simulation consumes time: 0.0049152374267578125
Partial simulation consumes time: 0.0048258304595947266
Partial simulation consumes time: 0.004743099212646484
Partial simulation consumes time: 0.004663228988647461
Partial simulation consumes time: 0.004827976226806641
Partial simulation consumes time: 0.004691123962402344
Partial simulation consumes time: 0.004615306854248047
Partial simulation consumes time: 0.004785060882568359
Partial simulation consumes time: 0.004750251770019531
Partial simulation consumes time: 0.004672527313232422
Partial simulation consumes time: 0.004713535308837891
Partial simulation consumes time: 0.004691362380981445
Partial simulation consumes time: 0.00488734245300293
Partial simulation consumes time: 0.004801750183105469
Partial simulation consumes time: 0.004744052886962891
Partial simulation consumes time: 0.004610300064086914
Partial simulation consumes time: 0.00468897819519043
Partial simulation consumes time: 0.004817485809326172
Partial simulation consumes time: 0.0048487186431884766
Partial simulation consumes time: 0.004760265350341797
Partial simulation consumes time: 0.004987239837646484
Partial simulation consumes time: 0.00486445426940918
Partial simulation consumes time: 0.004681110382080078
Partial simulation consumes time: 0.004951000213623047
Partial simulation consumes time: 0.004703521728515625
Partial simulation consumes time: 0.004755258560180664
Partial simulation consumes time: 0.004567623138427734
Partial simulation consumes time: 0.0047473907470703125
Partial simulation consumes time: 0.004745006561279297
Partial simulation consumes time: 0.004828929901123047
Partial simulation consumes time: 0.004688262939453125
Partial simulation consumes time: 0.004861354827880859
Partial simulation consumes time: 0.0046176910400390625
Partial simulation consumes time: 0.004795551300048828
Partial simulation consumes time: 0.14960360527038574
Partial simulation consumes time: 0.019435882568359375
Partial simulation consumes time: 0.004942893981933594
Partial simulation consumes time: 0.004996299743652344
Partial simulation consumes time: 0.00459599494934082
Partial simulation consumes time: 0.004665374755859375
Partial simulation consumes time: 0.004678487777709961
Partial simulation consumes time: 0.00464320182800293
Partial simulation consumes time: 0.004657268524169922
Partial simulation consumes time: 0.0047760009765625
Partial simulation consumes time: 0.0047419071197509766
Partial simulation consumes time: 0.005087852478027344
Partial simulation consumes time: 0.004698038101196289
Partial simulation consumes time: 0.004906415939331055
Partial simulation consumes time: 0.0045659542083740234
Partial simulation consumes time: 0.00466156005859375
Partial simulation consumes time: 0.0047149658203125
Partial simulation consumes time: 0.004683256149291992
Partial simulation consumes time: 0.00473785400390625
Partial simulation consumes time: 0.004663944244384766
Partial simulation consumes time: 0.0046749114990234375
Partial simulation consumes time: 0.004666328430175781
Qdao runs:	110.00428485870361
_initialize	2.9125940799713135
_preprocess	54.79414415359497
_postprocess	43.370718479156494
_run	107.0728747844696
load_sv	54.51839351654053
store_sv	43.34930062294006
Quafu runs:	3.4011287689208984
.

================= 1 passed, 11 deselected in 120.60s (0:02:00) =================
