============================= test session starts ==============================
platform linux -- Python 3.10.6, pytest-7.2.0, pluggy-1.0.0
rootdir: /root/projects/qcs
collected 12 items / 11 deselected / 1 selected

tst/qdao/engine.py 
::::::::::::::::::Config::::::::::::::::::

NQ::	25
NP::	19
NL::	9
D::	22

::::::::::::::::::Config::::::::::::::::::


:::Reusing existing bench:::::/root/projects/qcs/qdao/benchmarks/qasm/random_25_22_max_operands_2_gen.qasm::::::::

Partial simulation consumes time: 0.023932456970214844
Partial simulation consumes time: 0.025737524032592773
Partial simulation consumes time: 0.02447509765625
Partial simulation consumes time: 0.022047996520996094
Partial simulation consumes time: 0.023958444595336914
Partial simulation consumes time: 0.025180578231811523
Partial simulation consumes time: 0.024738788604736328
Partial simulation consumes time: 0.029912710189819336
Partial simulation consumes time: 0.024517536163330078
Partial simulation consumes time: 0.02647852897644043
Partial simulation consumes time: 0.02603292465209961
Partial simulation consumes time: 0.02435016632080078
Partial simulation consumes time: 0.024912357330322266
Partial simulation consumes time: 0.022885560989379883
Partial simulation consumes time: 0.030983924865722656
Partial simulation consumes time: 0.02175736427307129
Partial simulation consumes time: 0.026012659072875977
Partial simulation consumes time: 0.026941299438476562
Partial simulation consumes time: 0.024972200393676758
Partial simulation consumes time: 0.029462814331054688
Partial simulation consumes time: 0.02511119842529297
Partial simulation consumes time: 0.02402973175048828
Partial simulation consumes time: 0.02519536018371582
Partial simulation consumes time: 0.023740768432617188
Partial simulation consumes time: 0.02594137191772461
Partial simulation consumes time: 0.023116588592529297
Partial simulation consumes time: 0.030330657958984375
Partial simulation consumes time: 0.025664329528808594
Partial simulation consumes time: 0.02541518211364746
Partial simulation consumes time: 0.03163433074951172
Partial simulation consumes time: 0.022313594818115234
Partial simulation consumes time: 0.023073196411132812
Partial simulation consumes time: 0.02734827995300293
Partial simulation consumes time: 0.0255429744720459
Partial simulation consumes time: 0.03137469291687012
Partial simulation consumes time: 0.02528071403503418
Partial simulation consumes time: 0.024518489837646484
Partial simulation consumes time: 0.02507638931274414
Partial simulation consumes time: 0.024187803268432617
Partial simulation consumes time: 0.025242090225219727
Partial simulation consumes time: 0.025081634521484375
Partial simulation consumes time: 0.024098873138427734
Partial simulation consumes time: 0.024292945861816406
Partial simulation consumes time: 0.02173471450805664
Partial simulation consumes time: 0.025649070739746094
Partial simulation consumes time: 0.03224611282348633
Partial simulation consumes time: 0.025292158126831055
Partial simulation consumes time: 0.022191524505615234
Partial simulation consumes time: 0.02551746368408203
Partial simulation consumes time: 0.024015188217163086
Partial simulation consumes time: 0.024318218231201172
Partial simulation consumes time: 0.025363445281982422
Partial simulation consumes time: 0.026942729949951172
Partial simulation consumes time: 0.022997379302978516
Partial simulation consumes time: 0.025192737579345703
Partial simulation consumes time: 0.02457451820373535
Partial simulation consumes time: 0.02213263511657715
Partial simulation consumes time: 0.027868986129760742
Partial simulation consumes time: 0.029877424240112305
Partial simulation consumes time: 0.02417755126953125
Partial simulation consumes time: 0.025547266006469727
Partial simulation consumes time: 0.022333383560180664
Partial simulation consumes time: 0.02901434898376465
Partial simulation consumes time: 0.024868488311767578
Partial simulation consumes time: 0.03855419158935547
Partial simulation consumes time: 0.03746747970581055
Partial simulation consumes time: 0.0367889404296875
Partial simulation consumes time: 0.037123680114746094
Partial simulation consumes time: 0.04375767707824707
Partial simulation consumes time: 0.03811001777648926
Partial simulation consumes time: 0.04082226753234863
Partial simulation consumes time: 0.038877010345458984
Partial simulation consumes time: 0.04159069061279297
Partial simulation consumes time: 0.041701316833496094
Partial simulation consumes time: 0.036544084548950195
Partial simulation consumes time: 0.048639535903930664
Partial simulation consumes time: 0.037240028381347656
Partial simulation consumes time: 0.037924766540527344
Partial simulation consumes time: 0.03695535659790039
Partial simulation consumes time: 0.044707536697387695
Partial simulation consumes time: 0.04210829734802246
Partial simulation consumes time: 0.03925752639770508
Partial simulation consumes time: 0.0384678840637207
Partial simulation consumes time: 0.03754305839538574
Partial simulation consumes time: 0.037776947021484375
Partial simulation consumes time: 0.03742861747741699
Partial simulation consumes time: 0.04514431953430176
Partial simulation consumes time: 0.03911709785461426
Partial simulation consumes time: 0.037604570388793945
Partial simulation consumes time: 0.03745102882385254
Partial simulation consumes time: 0.03796744346618652
Partial simulation consumes time: 0.03941750526428223
Partial simulation consumes time: 0.03731393814086914
Partial simulation consumes time: 0.038042306900024414
Partial simulation consumes time: 0.039496421813964844
Partial simulation consumes time: 0.047928810119628906
Partial simulation consumes time: 0.04041123390197754
Partial simulation consumes time: 0.037362098693847656
Partial simulation consumes time: 0.05186915397644043
Partial simulation consumes time: 0.05338859558105469
Partial simulation consumes time: 0.05024242401123047
Partial simulation consumes time: 0.03757286071777344
Partial simulation consumes time: 0.03713536262512207
Partial simulation consumes time: 0.03833317756652832
Partial simulation consumes time: 0.03780627250671387
Partial simulation consumes time: 0.03696298599243164
Partial simulation consumes time: 0.03737020492553711
Partial simulation consumes time: 0.0473935604095459
Partial simulation consumes time: 0.037470340728759766
Partial simulation consumes time: 0.03834962844848633
Partial simulation consumes time: 0.03835439682006836
Partial simulation consumes time: 0.03721165657043457
Partial simulation consumes time: 0.03811478614807129
Partial simulation consumes time: 0.04011845588684082
Partial simulation consumes time: 0.0385746955871582
Partial simulation consumes time: 0.03832077980041504
Partial simulation consumes time: 0.043161869049072266
Partial simulation consumes time: 0.04358673095703125
Partial simulation consumes time: 0.0381772518157959
Partial simulation consumes time: 0.037699222564697266
Partial simulation consumes time: 0.03814530372619629
Partial simulation consumes time: 0.03724193572998047
Partial simulation consumes time: 0.03762459754943848
Partial simulation consumes time: 0.047031402587890625
Partial simulation consumes time: 0.03727912902832031
Partial simulation consumes time: 0.037210702896118164
Partial simulation consumes time: 0.04047560691833496
Partial simulation consumes time: 0.03710460662841797
Partial simulation consumes time: 0.04047679901123047
Partial simulation consumes time: 0.0361940860748291
Partial simulation consumes time: 0.03629493713378906
Partial simulation consumes time: 0.04255056381225586
Partial simulation consumes time: 0.04053902626037598
Partial simulation consumes time: 0.049379587173461914
Partial simulation consumes time: 0.06050562858581543
Partial simulation consumes time: 0.05016326904296875
Partial simulation consumes time: 0.03592729568481445
Partial simulation consumes time: 0.054959774017333984
Partial simulation consumes time: 0.03699922561645508
Partial simulation consumes time: 0.04082083702087402
Partial simulation consumes time: 0.0355679988861084
Partial simulation consumes time: 0.03901386260986328
Partial simulation consumes time: 0.05989384651184082
Partial simulation consumes time: 0.036710262298583984
Partial simulation consumes time: 0.044585466384887695
Partial simulation consumes time: 0.045896053314208984
Partial simulation consumes time: 0.19347524642944336
Partial simulation consumes time: 0.042270660400390625
Partial simulation consumes time: 0.05001974105834961
Partial simulation consumes time: 0.04735851287841797
Partial simulation consumes time: 0.03965163230895996
Partial simulation consumes time: 0.04240679740905762
Partial simulation consumes time: 0.037068843841552734
Partial simulation consumes time: 0.04107022285461426
Partial simulation consumes time: 0.03632783889770508
Partial simulation consumes time: 0.05020642280578613
Partial simulation consumes time: 0.03736734390258789
Partial simulation consumes time: 0.04462409019470215
Partial simulation consumes time: 0.036591291427612305
Partial simulation consumes time: 0.03950047492980957
Partial simulation consumes time: 0.036212921142578125
Partial simulation consumes time: 0.040178537368774414
Partial simulation consumes time: 0.049716949462890625
Partial simulation consumes time: 0.04004359245300293
Partial simulation consumes time: 0.04951047897338867
Partial simulation consumes time: 0.04257011413574219
Partial simulation consumes time: 0.03846168518066406
Partial simulation consumes time: 0.03726911544799805
Partial simulation consumes time: 0.03611016273498535
Partial simulation consumes time: 0.04112505912780762
Partial simulation consumes time: 0.03629159927368164
Partial simulation consumes time: 0.03636050224304199
Partial simulation consumes time: 0.03578066825866699
Partial simulation consumes time: 0.03950929641723633
Partial simulation consumes time: 0.03674817085266113
Partial simulation consumes time: 0.035958051681518555
Partial simulation consumes time: 0.04113030433654785
Partial simulation consumes time: 0.03658556938171387
Partial simulation consumes time: 0.039586544036865234
Partial simulation consumes time: 0.037165164947509766
Partial simulation consumes time: 0.04319024085998535
Partial simulation consumes time: 0.03601861000061035
Partial simulation consumes time: 0.03960585594177246
Partial simulation consumes time: 0.04134345054626465
Partial simulation consumes time: 0.05016732215881348
Partial simulation consumes time: 0.037520647048950195
Partial simulation consumes time: 0.03749823570251465
Partial simulation consumes time: 0.04052090644836426
Partial simulation consumes time: 0.03630423545837402
Partial simulation consumes time: 0.03830289840698242
Partial simulation consumes time: 0.03663134574890137
Partial simulation consumes time: 0.03590035438537598
Partial simulation consumes time: 0.038114070892333984
Partial simulation consumes time: 0.030506610870361328
Partial simulation consumes time: 0.03823232650756836
Partial simulation consumes time: 0.03973984718322754
Partial simulation consumes time: 0.031038761138916016
Partial simulation consumes time: 0.029866456985473633
Partial simulation consumes time: 0.029056549072265625
Partial simulation consumes time: 0.027745723724365234
Partial simulation consumes time: 0.036948442459106445
Partial simulation consumes time: 0.028834819793701172
Partial simulation consumes time: 0.029889583587646484
Partial simulation consumes time: 0.029521703720092773
Partial simulation consumes time: 0.026726245880126953
Partial simulation consumes time: 0.02930593490600586
Partial simulation consumes time: 0.02902078628540039
Partial simulation consumes time: 0.02812051773071289
Partial simulation consumes time: 0.026833534240722656
Partial simulation consumes time: 0.031196117401123047
Partial simulation consumes time: 0.026946067810058594
Partial simulation consumes time: 0.0375063419342041
Partial simulation consumes time: 0.03009653091430664
Partial simulation consumes time: 0.029985904693603516
Partial simulation consumes time: 0.02925562858581543
Partial simulation consumes time: 0.029279708862304688
Partial simulation consumes time: 0.02773880958557129
Partial simulation consumes time: 0.029324054718017578
Partial simulation consumes time: 0.029694795608520508
Partial simulation consumes time: 0.028641462326049805
Partial simulation consumes time: 0.03290557861328125
Partial simulation consumes time: 0.029999494552612305
Partial simulation consumes time: 0.029747486114501953
Partial simulation consumes time: 0.028177738189697266
Partial simulation consumes time: 0.02679133415222168
Partial simulation consumes time: 0.029346227645874023
Partial simulation consumes time: 0.02942943572998047
Partial simulation consumes time: 0.04284930229187012
Partial simulation consumes time: 0.029734134674072266
Partial simulation consumes time: 0.030191898345947266
Partial simulation consumes time: 0.03470253944396973
Partial simulation consumes time: 0.02893853187561035
Partial simulation consumes time: 0.03018665313720703
Partial simulation consumes time: 0.029764175415039062
Partial simulation consumes time: 0.028818130493164062
Partial simulation consumes time: 0.04817628860473633
Partial simulation consumes time: 0.029109477996826172
Partial simulation consumes time: 0.030323505401611328
Partial simulation consumes time: 0.030259370803833008
Partial simulation consumes time: 0.0271146297454834
Partial simulation consumes time: 0.03499555587768555
Partial simulation consumes time: 0.0287017822265625
Partial simulation consumes time: 0.029490232467651367
Partial simulation consumes time: 0.028386592864990234
Partial simulation consumes time: 0.02873086929321289
Partial simulation consumes time: 0.02994823455810547
Partial simulation consumes time: 0.029596805572509766
Partial simulation consumes time: 0.02950739860534668
Partial simulation consumes time: 0.02662825584411621
Partial simulation consumes time: 0.02886056900024414
Partial simulation consumes time: 0.029837369918823242
Partial simulation consumes time: 0.02979111671447754
Partial simulation consumes time: 0.02950453758239746
Partial simulation consumes time: 0.02915024757385254
Partial simulation consumes time: 0.02735137939453125
Partial simulation consumes time: 0.02971363067626953
Partial simulation consumes time: 0.04959917068481445
Partial simulation consumes time: 0.04333329200744629
Partial simulation consumes time: 0.037337541580200195
Partial simulation consumes time: 0.040875911712646484
Partial simulation consumes time: 0.0428624153137207
Partial simulation consumes time: 0.035001277923583984
Partial simulation consumes time: 0.04185676574707031
Partial simulation consumes time: 0.04269123077392578
Partial simulation consumes time: 0.04210209846496582
Partial simulation consumes time: 0.04582667350769043
Partial simulation consumes time: 0.04236173629760742
Partial simulation consumes time: 0.035326242446899414
Partial simulation consumes time: 0.04087495803833008
Partial simulation consumes time: 0.04099297523498535
Partial simulation consumes time: 0.03567361831665039
Partial simulation consumes time: 0.04360389709472656
Partial simulation consumes time: 0.04214000701904297
Partial simulation consumes time: 0.04927229881286621
Partial simulation consumes time: 0.04236960411071777
Partial simulation consumes time: 0.03531384468078613
Partial simulation consumes time: 0.036232709884643555
Partial simulation consumes time: 0.04239821434020996
Partial simulation consumes time: 0.042304277420043945
Partial simulation consumes time: 0.03501415252685547
Partial simulation consumes time: 0.03695106506347656
Partial simulation consumes time: 0.03537583351135254
Partial simulation consumes time: 0.042305707931518555
Partial simulation consumes time: 0.0352015495300293
Partial simulation consumes time: 0.04109525680541992
Partial simulation consumes time: 0.03501772880554199
Partial simulation consumes time: 0.04146146774291992
Partial simulation consumes time: 0.034895896911621094
Partial simulation consumes time: 0.04097867012023926
Partial simulation consumes time: 0.0350186824798584
Partial simulation consumes time: 0.0403742790222168
Partial simulation consumes time: 0.03562283515930176
Partial simulation consumes time: 0.03643941879272461
Partial simulation consumes time: 0.03728151321411133
Partial simulation consumes time: 0.04040241241455078
Partial simulation consumes time: 0.04213905334472656
Partial simulation consumes time: 0.04367351531982422
Partial simulation consumes time: 0.040381669998168945
Partial simulation consumes time: 0.03922533988952637
Partial simulation consumes time: 0.04383206367492676
Partial simulation consumes time: 0.04755043983459473
Partial simulation consumes time: 0.03499412536621094
Partial simulation consumes time: 0.04114103317260742
Partial simulation consumes time: 0.041504621505737305
Partial simulation consumes time: 0.050943851470947266
Partial simulation consumes time: 0.04056191444396973
Partial simulation consumes time: 0.04718947410583496
Partial simulation consumes time: 0.048330068588256836
Partial simulation consumes time: 0.04270625114440918
Partial simulation consumes time: 0.0396270751953125
Partial simulation consumes time: 0.04068756103515625
Partial simulation consumes time: 0.06384110450744629
Partial simulation consumes time: 0.04134988784790039
Partial simulation consumes time: 0.03494977951049805
Partial simulation consumes time: 0.041881561279296875
Partial simulation consumes time: 0.04247093200683594
Partial simulation consumes time: 0.03560638427734375
Partial simulation consumes time: 0.034912109375
Partial simulation consumes time: 0.04839205741882324
Partial simulation consumes time: 0.036263465881347656
Partial simulation consumes time: 0.02877330780029297
Partial simulation consumes time: 0.029161453247070312
Partial simulation consumes time: 0.02874469757080078
Partial simulation consumes time: 0.028203964233398438
Partial simulation consumes time: 0.03627467155456543
Partial simulation consumes time: 0.03034830093383789
Partial simulation consumes time: 0.02911376953125
Partial simulation consumes time: 0.028829097747802734
Partial simulation consumes time: 0.029205322265625
Partial simulation consumes time: 0.028908491134643555
Partial simulation consumes time: 0.03513693809509277
Partial simulation consumes time: 0.02864217758178711
Partial simulation consumes time: 0.028801918029785156
Partial simulation consumes time: 0.028594493865966797
Partial simulation consumes time: 0.028090238571166992
Partial simulation consumes time: 0.03458976745605469
Partial simulation consumes time: 0.029276132583618164
Partial simulation consumes time: 0.028963327407836914
Partial simulation consumes time: 0.031391143798828125
Partial simulation consumes time: 0.029870986938476562
Partial simulation consumes time: 0.03675723075866699
Partial simulation consumes time: 0.02928757667541504
Partial simulation consumes time: 0.0294797420501709
Partial simulation consumes time: 0.029185771942138672
Partial simulation consumes time: 0.028859615325927734
Partial simulation consumes time: 0.037697792053222656
Partial simulation consumes time: 0.02904677391052246
Partial simulation consumes time: 0.0334775447845459
Partial simulation consumes time: 0.028911113739013672
Partial simulation consumes time: 0.028276681900024414
Partial simulation consumes time: 0.031195640563964844
Partial simulation consumes time: 0.029123783111572266
Partial simulation consumes time: 0.029714345932006836
Partial simulation consumes time: 0.0329742431640625
Partial simulation consumes time: 0.0294039249420166
Partial simulation consumes time: 0.040674448013305664
Partial simulation consumes time: 0.038751840591430664
Partial simulation consumes time: 0.029341936111450195
Partial simulation consumes time: 0.0345921516418457
Partial simulation consumes time: 0.02873373031616211
Partial simulation consumes time: 0.03778433799743652
Partial simulation consumes time: 0.029628753662109375
Partial simulation consumes time: 0.034783363342285156
Partial simulation consumes time: 0.03644418716430664
Partial simulation consumes time: 0.028696537017822266
Partial simulation consumes time: 0.029300689697265625
Partial simulation consumes time: 0.028814315795898438
Partial simulation consumes time: 0.03372693061828613
Partial simulation consumes time: 0.029501914978027344
Partial simulation consumes time: 0.03838467597961426
Partial simulation consumes time: 0.23638415336608887
Partial simulation consumes time: 0.03825712203979492
Partial simulation consumes time: 0.029342174530029297
Partial simulation consumes time: 0.02874588966369629
Partial simulation consumes time: 0.029440879821777344
Partial simulation consumes time: 0.02886366844177246
Partial simulation consumes time: 0.046634674072265625
Partial simulation consumes time: 0.03205728530883789
Partial simulation consumes time: 0.028564929962158203
Partial simulation consumes time: 0.0350799560546875
Partial simulation consumes time: 0.02862262725830078
Partial simulation consumes time: 0.028319120407104492
Partial simulation consumes time: 0.028928518295288086
Partial simulation consumes time: 0.02873706817626953
Partial simulation consumes time: 0.027596712112426758
Partial simulation consumes time: 0.027132272720336914
Partial simulation consumes time: 0.027886629104614258
Partial simulation consumes time: 0.0350344181060791
Partial simulation consumes time: 0.027446269989013672
Partial simulation consumes time: 0.030343055725097656
Partial simulation consumes time: 0.030195951461791992
Partial simulation consumes time: 0.029435157775878906
Partial simulation consumes time: 0.029912471771240234
Partial simulation consumes time: 0.03055405616760254
Partial simulation consumes time: 0.02735447883605957
Partial simulation consumes time: 0.03483009338378906
Partial simulation consumes time: 0.028356313705444336
Partial simulation consumes time: 0.027121782302856445
Partial simulation consumes time: 0.027332067489624023
Partial simulation consumes time: 0.029697179794311523
Partial simulation consumes time: 0.02878856658935547
Partial simulation consumes time: 0.028332948684692383
Partial simulation consumes time: 0.028210163116455078
Partial simulation consumes time: 0.027913808822631836
Partial simulation consumes time: 0.030582904815673828
Partial simulation consumes time: 0.031138896942138672
Partial simulation consumes time: 0.028190135955810547
Partial simulation consumes time: 0.027753591537475586
Partial simulation consumes time: 0.030985355377197266
Partial simulation consumes time: 0.031213998794555664
Partial simulation consumes time: 0.03114461898803711
Partial simulation consumes time: 0.02987527847290039
Partial simulation consumes time: 0.029875516891479492
Partial simulation consumes time: 0.029601335525512695
Partial simulation consumes time: 0.027951478958129883
Partial simulation consumes time: 0.03000783920288086
Partial simulation consumes time: 0.03524589538574219
Partial simulation consumes time: 0.041013479232788086
Partial simulation consumes time: 0.030254125595092773
Partial simulation consumes time: 0.031061649322509766
Partial simulation consumes time: 0.0362091064453125
Partial simulation consumes time: 0.03488922119140625
Partial simulation consumes time: 0.029398441314697266
Partial simulation consumes time: 0.036002159118652344
Partial simulation consumes time: 0.030332565307617188
Partial simulation consumes time: 0.027607202529907227
Partial simulation consumes time: 0.02752399444580078
Partial simulation consumes time: 0.0299680233001709
Partial simulation consumes time: 0.036608219146728516
Partial simulation consumes time: 0.0296781063079834
Partial simulation consumes time: 0.027827024459838867
Partial simulation consumes time: 0.027817964553833008
Partial simulation consumes time: 0.027004003524780273
Partial simulation consumes time: 0.027082443237304688
Partial simulation consumes time: 0.028257369995117188
Partial simulation consumes time: 0.028656482696533203
Partial simulation consumes time: 0.03469514846801758
Partial simulation consumes time: 0.027448654174804688
Partial simulation consumes time: 0.029904842376708984
Partial simulation consumes time: 0.027858734130859375
Partial simulation consumes time: 0.03286600112915039
Partial simulation consumes time: 0.03401994705200195
Partial simulation consumes time: 0.027927875518798828
Partial simulation consumes time: 0.02713942527770996
Partial simulation consumes time: 0.02798914909362793
Partial simulation consumes time: 0.028317928314208984
Partial simulation consumes time: 0.027220964431762695
Partial simulation consumes time: 0.030223369598388672
Partial simulation consumes time: 0.027036428451538086
Partial simulation consumes time: 0.024258136749267578
Partial simulation consumes time: 0.02420639991760254
Partial simulation consumes time: 0.024973630905151367
Partial simulation consumes time: 0.024517059326171875
Partial simulation consumes time: 0.026005029678344727
Partial simulation consumes time: 0.02411365509033203
Partial simulation consumes time: 0.024370908737182617
Partial simulation consumes time: 0.02437138557434082
Partial simulation consumes time: 0.028898239135742188
Partial simulation consumes time: 0.0223541259765625
Partial simulation consumes time: 0.022376060485839844
Partial simulation consumes time: 0.027202367782592773
Partial simulation consumes time: 0.02584981918334961
Partial simulation consumes time: 0.025067567825317383
Partial simulation consumes time: 0.022586822509765625
Partial simulation consumes time: 0.024387359619140625
Partial simulation consumes time: 0.02260756492614746
Partial simulation consumes time: 0.02415633201599121
Partial simulation consumes time: 0.023303747177124023
Partial simulation consumes time: 0.02462148666381836
Partial simulation consumes time: 0.024924516677856445
Partial simulation consumes time: 0.025894641876220703
Partial simulation consumes time: 0.023856401443481445
Partial simulation consumes time: 0.02251911163330078
Partial simulation consumes time: 0.022222280502319336
Partial simulation consumes time: 0.02321791648864746
Partial simulation consumes time: 0.025698184967041016
Partial simulation consumes time: 0.02281355857849121
Partial simulation consumes time: 0.023111820220947266
Partial simulation consumes time: 0.02715325355529785
Partial simulation consumes time: 0.02602243423461914
Partial simulation consumes time: 0.02458357810974121
Partial simulation consumes time: 0.022171735763549805
Partial simulation consumes time: 0.022754192352294922
Partial simulation consumes time: 0.025284767150878906
Partial simulation consumes time: 0.02406167984008789
Partial simulation consumes time: 0.024515628814697266
Partial simulation consumes time: 0.028636932373046875
Partial simulation consumes time: 0.025511741638183594
Partial simulation consumes time: 0.021658658981323242
Partial simulation consumes time: 0.02384018898010254
Partial simulation consumes time: 0.022330760955810547
Partial simulation consumes time: 0.031246423721313477
Partial simulation consumes time: 0.02345752716064453
Partial simulation consumes time: 0.024265289306640625
Partial simulation consumes time: 0.02746415138244629
Partial simulation consumes time: 0.02393317222595215
Partial simulation consumes time: 0.025676488876342773
Partial simulation consumes time: 0.025281906127929688
Partial simulation consumes time: 0.022381067276000977
Partial simulation consumes time: 0.02257513999938965
Partial simulation consumes time: 0.025667190551757812
Partial simulation consumes time: 0.021465539932250977
Partial simulation consumes time: 0.02997136116027832
Partial simulation consumes time: 0.022255897521972656
Partial simulation consumes time: 0.02454233169555664
Partial simulation consumes time: 0.0231626033782959
Partial simulation consumes time: 0.026320695877075195
Partial simulation consumes time: 0.02249908447265625
Partial simulation consumes time: 0.024139404296875
Partial simulation consumes time: 0.027826786041259766
Partial simulation consumes time: 0.029385805130004883
Partial simulation consumes time: 0.02513265609741211
Partial simulation consumes time: 0.03487563133239746
Partial simulation consumes time: 0.03831195831298828
Partial simulation consumes time: 0.03132200241088867
Partial simulation consumes time: 0.03229951858520508
Partial simulation consumes time: 0.032410383224487305
Partial simulation consumes time: 0.05359649658203125
Partial simulation consumes time: 0.034967660903930664
Partial simulation consumes time: 0.034749507904052734
Partial simulation consumes time: 0.038538217544555664
Partial simulation consumes time: 0.03446531295776367
Partial simulation consumes time: 0.03574180603027344
Partial simulation consumes time: 0.034795522689819336
Partial simulation consumes time: 0.034517765045166016
Partial simulation consumes time: 0.03680157661437988
Partial simulation consumes time: 0.04575967788696289
Partial simulation consumes time: 0.034667253494262695
Partial simulation consumes time: 0.035195112228393555
Partial simulation consumes time: 0.03441119194030762
Partial simulation consumes time: 0.032090187072753906
Partial simulation consumes time: 0.03426623344421387
Partial simulation consumes time: 0.03528428077697754
Partial simulation consumes time: 0.03431534767150879
Partial simulation consumes time: 0.03178739547729492
Partial simulation consumes time: 0.03940844535827637
Partial simulation consumes time: 0.031682729721069336
Partial simulation consumes time: 0.03378152847290039
Partial simulation consumes time: 0.041680335998535156
Partial simulation consumes time: 0.031549692153930664
Partial simulation consumes time: 0.03383636474609375
Partial simulation consumes time: 0.03302311897277832
Partial simulation consumes time: 0.03111577033996582
Partial simulation consumes time: 0.032270193099975586
Partial simulation consumes time: 0.03790402412414551
Partial simulation consumes time: 0.037516117095947266
Partial simulation consumes time: 0.0309598445892334
Partial simulation consumes time: 0.03258109092712402
Partial simulation consumes time: 0.03357672691345215
Partial simulation consumes time: 0.031161785125732422
Partial simulation consumes time: 0.03694629669189453
Partial simulation consumes time: 0.03283572196960449
Partial simulation consumes time: 0.03405451774597168
Partial simulation consumes time: 0.03344249725341797
Partial simulation consumes time: 0.04048514366149902
Partial simulation consumes time: 0.032517194747924805
Partial simulation consumes time: 0.03969693183898926
Partial simulation consumes time: 0.03321671485900879
Partial simulation consumes time: 0.033516883850097656
Partial simulation consumes time: 0.03978753089904785
Partial simulation consumes time: 0.03313326835632324
Partial simulation consumes time: 0.030974149703979492
Partial simulation consumes time: 0.03305935859680176
Partial simulation consumes time: 0.032547950744628906
Partial simulation consumes time: 0.03315162658691406
Partial simulation consumes time: 0.03632688522338867
Partial simulation consumes time: 0.031667232513427734
Partial simulation consumes time: 0.04043436050415039
Partial simulation consumes time: 0.030821800231933594
Partial simulation consumes time: 0.0320124626159668
Partial simulation consumes time: 0.03409147262573242
Partial simulation consumes time: 0.03191828727722168
Partial simulation consumes time: 0.04203534126281738
Partial simulation consumes time: 0.038356781005859375
Partial simulation consumes time: 0.030392169952392578
Partial simulation consumes time: 0.03173065185546875
Partial simulation consumes time: 0.020525217056274414
Partial simulation consumes time: 0.020229339599609375
Partial simulation consumes time: 0.020757436752319336
Partial simulation consumes time: 0.020328283309936523
Partial simulation consumes time: 0.020526409149169922
Partial simulation consumes time: 0.028366565704345703
Partial simulation consumes time: 0.022340059280395508
Partial simulation consumes time: 0.021218061447143555
Partial simulation consumes time: 0.028320789337158203
Partial simulation consumes time: 0.027871370315551758
Partial simulation consumes time: 0.021314382553100586
Partial simulation consumes time: 0.02620100975036621
Partial simulation consumes time: 0.027814149856567383
Partial simulation consumes time: 0.028124570846557617
Partial simulation consumes time: 0.021182537078857422
Partial simulation consumes time: 0.024458646774291992
Partial simulation consumes time: 0.028783321380615234
Partial simulation consumes time: 0.02024531364440918
Partial simulation consumes time: 0.020376205444335938
Partial simulation consumes time: 0.0937507152557373
Partial simulation consumes time: 0.027927160263061523
Partial simulation consumes time: 0.027194976806640625
Partial simulation consumes time: 0.0206301212310791
Partial simulation consumes time: 0.029866456985473633
Partial simulation consumes time: 0.020643234252929688
Partial simulation consumes time: 0.02585625648498535
Partial simulation consumes time: 0.02582716941833496
Partial simulation consumes time: 0.021430015563964844
Partial simulation consumes time: 0.025777339935302734
Partial simulation consumes time: 0.0203554630279541
Partial simulation consumes time: 0.028249263763427734
Partial simulation consumes time: 0.026128292083740234
Partial simulation consumes time: 0.0210568904876709
Partial simulation consumes time: 0.020423173904418945
Partial simulation consumes time: 0.024686336517333984
Partial simulation consumes time: 0.026710987091064453
Partial simulation consumes time: 0.026853322982788086
Partial simulation consumes time: 0.02650141716003418
Partial simulation consumes time: 0.03133559226989746
Partial simulation consumes time: 0.02037644386291504
Partial simulation consumes time: 0.02921891212463379
Partial simulation consumes time: 0.0260617733001709
Partial simulation consumes time: 0.02046489715576172
Partial simulation consumes time: 0.020420312881469727
Partial simulation consumes time: 0.022489309310913086
Partial simulation consumes time: 0.025531530380249023
Partial simulation consumes time: 0.03188824653625488
Partial simulation consumes time: 0.027611732482910156
Partial simulation consumes time: 0.02559041976928711
Partial simulation consumes time: 0.020748376846313477
Partial simulation consumes time: 0.02051258087158203
Partial simulation consumes time: 0.03565478324890137
Partial simulation consumes time: 0.020582914352416992
Partial simulation consumes time: 0.038229942321777344
Partial simulation consumes time: 0.025745630264282227
Partial simulation consumes time: 0.027807950973510742
Partial simulation consumes time: 0.02047419548034668
Partial simulation consumes time: 0.02133464813232422
Partial simulation consumes time: 0.030475616455078125
Partial simulation consumes time: 0.028661489486694336
Partial simulation consumes time: 0.02111959457397461
Partial simulation consumes time: 0.02181839942932129
Partial simulation consumes time: 0.020404815673828125
Partial simulation consumes time: 0.02020263671875
Partial simulation consumes time: 0.008033037185668945
Partial simulation consumes time: 0.00867152214050293
Partial simulation consumes time: 0.00799870491027832
Partial simulation consumes time: 0.008078575134277344
Partial simulation consumes time: 0.00818324089050293
Partial simulation consumes time: 0.00818181037902832
Partial simulation consumes time: 0.008044958114624023
Partial simulation consumes time: 0.008035659790039062
Partial simulation consumes time: 0.00798797607421875
Partial simulation consumes time: 0.009480714797973633
Partial simulation consumes time: 0.008056163787841797
Partial simulation consumes time: 0.008070707321166992
Partial simulation consumes time: 0.008121013641357422
Partial simulation consumes time: 0.008800745010375977
Partial simulation consumes time: 0.008064985275268555
Partial simulation consumes time: 0.008034706115722656
Partial simulation consumes time: 0.01692962646484375
Partial simulation consumes time: 0.008022546768188477
Partial simulation consumes time: 0.008127927780151367
Partial simulation consumes time: 0.008208274841308594
Partial simulation consumes time: 0.008049964904785156
Partial simulation consumes time: 0.008063316345214844
Partial simulation consumes time: 0.007961511611938477
Partial simulation consumes time: 0.008172988891601562
Partial simulation consumes time: 0.00841379165649414
Partial simulation consumes time: 0.008036136627197266
Partial simulation consumes time: 0.008040189743041992
Partial simulation consumes time: 0.00816965103149414
Partial simulation consumes time: 0.008002758026123047
Partial simulation consumes time: 0.008749246597290039
Partial simulation consumes time: 0.008222341537475586
Partial simulation consumes time: 0.008135080337524414
Partial simulation consumes time: 0.007891654968261719
Partial simulation consumes time: 0.009055376052856445
Partial simulation consumes time: 0.008069753646850586
Partial simulation consumes time: 0.00801849365234375
Partial simulation consumes time: 0.008000850677490234
Partial simulation consumes time: 0.008162736892700195
Partial simulation consumes time: 0.008554935455322266
Partial simulation consumes time: 0.008101940155029297
Partial simulation consumes time: 0.008702516555786133
Partial simulation consumes time: 0.007927894592285156
Partial simulation consumes time: 0.00808858871459961
Partial simulation consumes time: 0.008625984191894531
Partial simulation consumes time: 0.00813913345336914
Partial simulation consumes time: 0.008402585983276367
Partial simulation consumes time: 0.007998943328857422
Partial simulation consumes time: 0.008878469467163086
Partial simulation consumes time: 0.008140802383422852
Partial simulation consumes time: 0.008776187896728516
Partial simulation consumes time: 0.008137226104736328
Partial simulation consumes time: 0.008160591125488281
Partial simulation consumes time: 0.010378599166870117
Partial simulation consumes time: 0.008135318756103516
Partial simulation consumes time: 0.008083105087280273
Partial simulation consumes time: 0.008405208587646484
Partial simulation consumes time: 0.008582830429077148
Partial simulation consumes time: 0.05366158485412598
Partial simulation consumes time: 0.008122682571411133
Partial simulation consumes time: 0.008891105651855469
Partial simulation consumes time: 0.008339881896972656
Partial simulation consumes time: 0.008373022079467773
Partial simulation consumes time: 0.008375883102416992
Partial simulation consumes time: 0.008051633834838867
Qdao runs:	392.17496395111084
_initialize	15.780972003936768
_preprocess	217.27214455604553
_postprocess	137.36155366897583
_run	376.37043714523315
load_sv	216.97871375083923
store_sv	137.3500862121582
Quafu runs:	29.39270830154419
.

================= 1 passed, 11 deselected in 446.95s (0:07:26) =================
