============================= test session starts ==============================
platform linux -- Python 3.10.6, pytest-7.2.0, pluggy-1.0.0
rootdir: /root/projects/qcs
collected 12 items / 11 deselected / 1 selected

tst/qdao/engine.py 
::::::::::::::::::Config::::::::::::::::::

NQ::	26
NP::	20
NL::	12
D::	23

::::::::::::::::::Config::::::::::::::::::


:::Reusing existing bench:::::/root/projects/qcs/qdao/benchmarks/qasm/random_26_23_max_operands_2_gen.qasm::::::::

Partial simulation consumes time: 0.07692074775695801
Partial simulation consumes time: 0.06543755531311035
Partial simulation consumes time: 0.06814718246459961
Partial simulation consumes time: 0.07990360260009766
Partial simulation consumes time: 0.06959700584411621
Partial simulation consumes time: 0.06001687049865723
Partial simulation consumes time: 0.07721590995788574
Partial simulation consumes time: 0.07865023612976074
Partial simulation consumes time: 0.07607913017272949
Partial simulation consumes time: 0.07069802284240723
Partial simulation consumes time: 0.06979846954345703
Partial simulation consumes time: 0.062401771545410156
Partial simulation consumes time: 0.06595516204833984
Partial simulation consumes time: 0.06679749488830566
Partial simulation consumes time: 0.06613874435424805
Partial simulation consumes time: 0.06196904182434082
Partial simulation consumes time: 0.07616972923278809
Partial simulation consumes time: 0.06412339210510254
Partial simulation consumes time: 0.07507681846618652
Partial simulation consumes time: 0.06936097145080566
Partial simulation consumes time: 0.06625509262084961
Partial simulation consumes time: 0.08039975166320801
Partial simulation consumes time: 0.07207608222961426
Partial simulation consumes time: 0.0697016716003418
Partial simulation consumes time: 0.06616806983947754
Partial simulation consumes time: 0.0709218978881836
Partial simulation consumes time: 0.07436299324035645
Partial simulation consumes time: 0.06833958625793457
Partial simulation consumes time: 0.07402420043945312
Partial simulation consumes time: 0.07964658737182617
Partial simulation consumes time: 0.07025146484375
Partial simulation consumes time: 0.06653475761413574
Partial simulation consumes time: 0.06697607040405273
Partial simulation consumes time: 0.07218766212463379
Partial simulation consumes time: 0.06934809684753418
Partial simulation consumes time: 0.08895206451416016
Partial simulation consumes time: 0.07446455955505371
Partial simulation consumes time: 0.06305670738220215
Partial simulation consumes time: 0.07728385925292969
Partial simulation consumes time: 0.06383395195007324
Partial simulation consumes time: 0.07402396202087402
Partial simulation consumes time: 0.07344675064086914
Partial simulation consumes time: 0.06714940071105957
Partial simulation consumes time: 0.07073688507080078
Partial simulation consumes time: 0.06668448448181152
Partial simulation consumes time: 0.0703887939453125
Partial simulation consumes time: 0.07190680503845215
Partial simulation consumes time: 0.08664107322692871
Partial simulation consumes time: 0.06706833839416504
Partial simulation consumes time: 0.061293601989746094
Partial simulation consumes time: 0.0619349479675293
Partial simulation consumes time: 0.07186126708984375
Partial simulation consumes time: 0.06982922554016113
Partial simulation consumes time: 0.07728052139282227
Partial simulation consumes time: 0.06906533241271973
Partial simulation consumes time: 0.06626081466674805
Partial simulation consumes time: 0.07753944396972656
Partial simulation consumes time: 0.07159042358398438
Partial simulation consumes time: 0.07492756843566895
Partial simulation consumes time: 0.0697946548461914
Partial simulation consumes time: 0.07235097885131836
Partial simulation consumes time: 0.06784677505493164
Partial simulation consumes time: 0.05940961837768555
Partial simulation consumes time: 0.06860136985778809
Partial simulation consumes time: 0.07465648651123047
Partial simulation consumes time: 0.08654475212097168
Partial simulation consumes time: 0.08014202117919922
Partial simulation consumes time: 0.10567116737365723
Partial simulation consumes time: 0.08981060981750488
Partial simulation consumes time: 0.07868218421936035
Partial simulation consumes time: 0.08684158325195312
Partial simulation consumes time: 0.08381032943725586
Partial simulation consumes time: 0.08754849433898926
Partial simulation consumes time: 0.08008670806884766
Partial simulation consumes time: 0.0774226188659668
Partial simulation consumes time: 0.07851195335388184
Partial simulation consumes time: 0.08197140693664551
Partial simulation consumes time: 0.08303642272949219
Partial simulation consumes time: 0.09874534606933594
Partial simulation consumes time: 0.0838315486907959
Partial simulation consumes time: 0.08502936363220215
Partial simulation consumes time: 0.07905364036560059
Partial simulation consumes time: 0.10055303573608398
Partial simulation consumes time: 0.08389949798583984
Partial simulation consumes time: 0.08414959907531738
Partial simulation consumes time: 0.07873249053955078
Partial simulation consumes time: 0.08011603355407715
Partial simulation consumes time: 0.07991719245910645
Partial simulation consumes time: 0.09142613410949707
Partial simulation consumes time: 0.09472107887268066
Partial simulation consumes time: 0.09330463409423828
Partial simulation consumes time: 0.0878140926361084
Partial simulation consumes time: 0.08922719955444336
Partial simulation consumes time: 0.09317803382873535
Partial simulation consumes time: 0.10677051544189453
Partial simulation consumes time: 0.08287858963012695
Partial simulation consumes time: 0.07903790473937988
Partial simulation consumes time: 0.08155941963195801
Partial simulation consumes time: 0.08526349067687988
Partial simulation consumes time: 0.07909989356994629
Partial simulation consumes time: 0.08788466453552246
Partial simulation consumes time: 0.07965326309204102
Partial simulation consumes time: 0.08783268928527832
Partial simulation consumes time: 0.08481359481811523
Partial simulation consumes time: 0.08934330940246582
Partial simulation consumes time: 0.08851218223571777
Partial simulation consumes time: 0.1044304370880127
Partial simulation consumes time: 0.08802604675292969
Partial simulation consumes time: 0.0954124927520752
Partial simulation consumes time: 0.0773465633392334
Partial simulation consumes time: 0.08479666709899902
Partial simulation consumes time: 0.07958245277404785
Partial simulation consumes time: 0.08504152297973633
Partial simulation consumes time: 0.08367800712585449
Partial simulation consumes time: 0.08316779136657715
Partial simulation consumes time: 0.09162235260009766
Partial simulation consumes time: 0.08773517608642578
Partial simulation consumes time: 0.08861851692199707
Partial simulation consumes time: 0.08559656143188477
Partial simulation consumes time: 0.08944010734558105
Partial simulation consumes time: 0.08041763305664062
Partial simulation consumes time: 0.07723236083984375
Partial simulation consumes time: 0.07906579971313477
Partial simulation consumes time: 0.08884811401367188
Partial simulation consumes time: 0.08245134353637695
Partial simulation consumes time: 0.0877382755279541
Partial simulation consumes time: 0.08568477630615234
Partial simulation consumes time: 0.08496642112731934
Partial simulation consumes time: 0.12866640090942383
Partial simulation consumes time: 0.10132670402526855
Partial simulation consumes time: 0.11446022987365723
Partial simulation consumes time: 0.12717413902282715
Partial simulation consumes time: 0.529083251953125
Partial simulation consumes time: 0.1018068790435791
Partial simulation consumes time: 0.09483718872070312
Partial simulation consumes time: 0.10449433326721191
Partial simulation consumes time: 0.10940074920654297
Partial simulation consumes time: 0.11297798156738281
Partial simulation consumes time: 0.10164999961853027
Partial simulation consumes time: 0.12441396713256836
Partial simulation consumes time: 0.12025332450866699
Partial simulation consumes time: 0.10301709175109863
Partial simulation consumes time: 0.10370421409606934
Partial simulation consumes time: 0.11857128143310547
Partial simulation consumes time: 0.13104844093322754
Partial simulation consumes time: 0.10984659194946289
Partial simulation consumes time: 0.11514735221862793
Partial simulation consumes time: 0.10010242462158203
Partial simulation consumes time: 0.11675000190734863
Partial simulation consumes time: 0.12397122383117676
Partial simulation consumes time: 0.11322307586669922
Partial simulation consumes time: 0.11551547050476074
Partial simulation consumes time: 0.0909116268157959
Partial simulation consumes time: 0.10409355163574219
Partial simulation consumes time: 0.12296891212463379
Partial simulation consumes time: 0.1193091869354248
Partial simulation consumes time: 0.09596776962280273
Partial simulation consumes time: 0.1259479522705078
Partial simulation consumes time: 0.1123495101928711
Partial simulation consumes time: 0.1105341911315918
Partial simulation consumes time: 0.09779715538024902
Partial simulation consumes time: 0.1131436824798584
Partial simulation consumes time: 0.1252596378326416
Partial simulation consumes time: 0.10487604141235352
Partial simulation consumes time: 0.09157466888427734
Partial simulation consumes time: 0.10471510887145996
Partial simulation consumes time: 0.10947704315185547
Partial simulation consumes time: 0.12608814239501953
Partial simulation consumes time: 0.12309956550598145
Partial simulation consumes time: 0.1053774356842041
Partial simulation consumes time: 0.09365367889404297
Partial simulation consumes time: 0.12974929809570312
Partial simulation consumes time: 0.11439895629882812
Partial simulation consumes time: 0.09318828582763672
Partial simulation consumes time: 0.09738898277282715
Partial simulation consumes time: 0.10814476013183594
Partial simulation consumes time: 0.0885469913482666
Partial simulation consumes time: 0.10692477226257324
Partial simulation consumes time: 0.10775566101074219
Partial simulation consumes time: 0.1183168888092041
Partial simulation consumes time: 0.14028263092041016
Partial simulation consumes time: 0.10865545272827148
Partial simulation consumes time: 0.12064361572265625
Partial simulation consumes time: 0.10163474082946777
Partial simulation consumes time: 0.11875319480895996
Partial simulation consumes time: 0.10555624961853027
Partial simulation consumes time: 0.11056160926818848
Partial simulation consumes time: 0.10227751731872559
Partial simulation consumes time: 0.10210967063903809
Partial simulation consumes time: 0.1038668155670166
Partial simulation consumes time: 0.12505483627319336
Partial simulation consumes time: 0.13326191902160645
Partial simulation consumes time: 0.08346700668334961
Partial simulation consumes time: 0.08367514610290527
Partial simulation consumes time: 0.09584879875183105
Partial simulation consumes time: 0.07595014572143555
Partial simulation consumes time: 0.06825757026672363
Partial simulation consumes time: 0.0726003646850586
Partial simulation consumes time: 0.07140016555786133
Partial simulation consumes time: 0.07059264183044434
Partial simulation consumes time: 0.09642505645751953
Partial simulation consumes time: 0.08277130126953125
Partial simulation consumes time: 0.09326171875
Partial simulation consumes time: 0.09328651428222656
Partial simulation consumes time: 0.0829930305480957
Partial simulation consumes time: 0.09495186805725098
Partial simulation consumes time: 0.08266639709472656
Partial simulation consumes time: 0.0855708122253418
Partial simulation consumes time: 0.07858490943908691
Partial simulation consumes time: 0.08386898040771484
Partial simulation consumes time: 0.08376932144165039
Partial simulation consumes time: 0.07924485206604004
Partial simulation consumes time: 0.08113646507263184
Partial simulation consumes time: 0.08409762382507324
Partial simulation consumes time: 0.09472393989562988
Partial simulation consumes time: 0.08336162567138672
Partial simulation consumes time: 0.07342243194580078
Partial simulation consumes time: 0.07850432395935059
Partial simulation consumes time: 0.09240579605102539
Partial simulation consumes time: 0.1097416877746582
Partial simulation consumes time: 0.0723872184753418
Partial simulation consumes time: 0.06729674339294434
Partial simulation consumes time: 0.07238221168518066
Partial simulation consumes time: 0.08249449729919434
Partial simulation consumes time: 0.0842428207397461
Partial simulation consumes time: 0.08627843856811523
Partial simulation consumes time: 0.07118892669677734
Partial simulation consumes time: 0.09046649932861328
Partial simulation consumes time: 0.08583426475524902
Partial simulation consumes time: 0.07236933708190918
Partial simulation consumes time: 0.07366013526916504
Partial simulation consumes time: 0.08679962158203125
Partial simulation consumes time: 0.07277822494506836
Partial simulation consumes time: 0.08583998680114746
Partial simulation consumes time: 0.07417464256286621
Partial simulation consumes time: 0.08333897590637207
Partial simulation consumes time: 0.0898580551147461
Partial simulation consumes time: 0.08238935470581055
Partial simulation consumes time: 0.07904505729675293
Partial simulation consumes time: 0.09690189361572266
Partial simulation consumes time: 0.08916211128234863
Partial simulation consumes time: 0.06634235382080078
Partial simulation consumes time: 0.08399176597595215
Partial simulation consumes time: 0.07301950454711914
Partial simulation consumes time: 0.08231472969055176
Partial simulation consumes time: 0.07505989074707031
Partial simulation consumes time: 0.07267522811889648
Partial simulation consumes time: 0.08852171897888184
Partial simulation consumes time: 0.08398318290710449
Partial simulation consumes time: 0.07215619087219238
Partial simulation consumes time: 0.07082533836364746
Partial simulation consumes time: 0.0835108757019043
Partial simulation consumes time: 0.08420395851135254
Partial simulation consumes time: 0.08793759346008301
Partial simulation consumes time: 0.08566665649414062
Partial simulation consumes time: 0.07141995429992676
Partial simulation consumes time: 0.06097412109375
Partial simulation consumes time: 0.06345295906066895
Partial simulation consumes time: 0.07848310470581055
Partial simulation consumes time: 0.07392692565917969
Partial simulation consumes time: 0.07508492469787598
Partial simulation consumes time: 0.06354141235351562
Partial simulation consumes time: 0.06535530090332031
Partial simulation consumes time: 0.0605778694152832
Partial simulation consumes time: 0.06891989707946777
Partial simulation consumes time: 0.0673820972442627
Partial simulation consumes time: 0.05695009231567383
Partial simulation consumes time: 0.05717945098876953
Partial simulation consumes time: 0.05811333656311035
Partial simulation consumes time: 0.06649184226989746
Partial simulation consumes time: 0.05849146842956543
Partial simulation consumes time: 0.05367231369018555
Partial simulation consumes time: 0.05246543884277344
Partial simulation consumes time: 0.06046342849731445
Partial simulation consumes time: 0.0694589614868164
Partial simulation consumes time: 0.05955982208251953
Partial simulation consumes time: 0.06529068946838379
Partial simulation consumes time: 0.05789971351623535
Partial simulation consumes time: 0.06519722938537598
Partial simulation consumes time: 0.08480691909790039
Partial simulation consumes time: 0.07315993309020996
Partial simulation consumes time: 0.05850505828857422
Partial simulation consumes time: 0.06517267227172852
Partial simulation consumes time: 0.0633389949798584
Partial simulation consumes time: 0.05947160720825195
Partial simulation consumes time: 0.06715178489685059
Partial simulation consumes time: 0.06525564193725586
Partial simulation consumes time: 0.06920504570007324
Partial simulation consumes time: 0.0534825325012207
Partial simulation consumes time: 0.0642247200012207
Partial simulation consumes time: 0.06716251373291016
Partial simulation consumes time: 0.07579708099365234
Partial simulation consumes time: 0.0535435676574707
Partial simulation consumes time: 0.06656265258789062
Partial simulation consumes time: 0.05334329605102539
Partial simulation consumes time: 0.060793161392211914
Partial simulation consumes time: 0.06395983695983887
Partial simulation consumes time: 0.06585907936096191
Partial simulation consumes time: 0.053700923919677734
Partial simulation consumes time: 0.06775879859924316
Partial simulation consumes time: 0.08174562454223633
Partial simulation consumes time: 0.06126713752746582
Partial simulation consumes time: 0.07705521583557129
Partial simulation consumes time: 0.05915427207946777
Partial simulation consumes time: 0.05879974365234375
Partial simulation consumes time: 0.06977558135986328
Partial simulation consumes time: 0.05963730812072754
Partial simulation consumes time: 0.06583690643310547
Partial simulation consumes time: 0.058634042739868164
Partial simulation consumes time: 0.0572047233581543
Partial simulation consumes time: 0.06251311302185059
Partial simulation consumes time: 0.05389809608459473
Partial simulation consumes time: 0.06726980209350586
Partial simulation consumes time: 0.0518953800201416
Partial simulation consumes time: 0.06647539138793945
Partial simulation consumes time: 0.07233262062072754
Partial simulation consumes time: 0.06104421615600586
Partial simulation consumes time: 0.06441164016723633
Partial simulation consumes time: 0.06224226951599121
Partial simulation consumes time: 0.07619357109069824
Partial simulation consumes time: 0.07111096382141113
Partial simulation consumes time: 0.06734299659729004
Partial simulation consumes time: 0.0647439956665039
Partial simulation consumes time: 0.0632777214050293
Partial simulation consumes time: 0.08867812156677246
Partial simulation consumes time: 0.0730597972869873
Partial simulation consumes time: 0.07671022415161133
Partial simulation consumes time: 0.07757043838500977
Partial simulation consumes time: 0.07180261611938477
Partial simulation consumes time: 0.08864569664001465
Partial simulation consumes time: 0.07378506660461426
Partial simulation consumes time: 0.0726470947265625
Partial simulation consumes time: 0.0660097599029541
Partial simulation consumes time: 0.07553648948669434
Partial simulation consumes time: 0.07198691368103027
Partial simulation consumes time: 0.06656765937805176
Partial simulation consumes time: 0.08020281791687012
Partial simulation consumes time: 0.07741045951843262
Partial simulation consumes time: 0.08631253242492676
Partial simulation consumes time: 0.07150149345397949
Partial simulation consumes time: 0.07520103454589844
Partial simulation consumes time: 0.07415294647216797
Partial simulation consumes time: 0.07227158546447754
Partial simulation consumes time: 0.07166647911071777
Partial simulation consumes time: 0.08287262916564941
Partial simulation consumes time: 0.06586647033691406
Partial simulation consumes time: 0.06452727317810059
Partial simulation consumes time: 0.07498931884765625
Partial simulation consumes time: 0.0744011402130127
Partial simulation consumes time: 0.06534790992736816
Partial simulation consumes time: 0.06403231620788574
Partial simulation consumes time: 0.06892561912536621
Partial simulation consumes time: 0.07420015335083008
Partial simulation consumes time: 0.07811403274536133
Partial simulation consumes time: 0.07638001441955566
Partial simulation consumes time: 0.07326555252075195
Partial simulation consumes time: 0.06926321983337402
Partial simulation consumes time: 0.0661313533782959
Partial simulation consumes time: 0.07609701156616211
Partial simulation consumes time: 0.06670451164245605
Partial simulation consumes time: 0.07275795936584473
Partial simulation consumes time: 0.07338571548461914
Partial simulation consumes time: 0.08227372169494629
Partial simulation consumes time: 0.0891273021697998
Partial simulation consumes time: 0.0837550163269043
Partial simulation consumes time: 0.09809708595275879
Partial simulation consumes time: 0.07048344612121582
Partial simulation consumes time: 0.07357645034790039
Partial simulation consumes time: 0.06456279754638672
Partial simulation consumes time: 0.06710028648376465
Partial simulation consumes time: 0.07237386703491211
Partial simulation consumes time: 0.06661748886108398
Partial simulation consumes time: 0.0712730884552002
Partial simulation consumes time: 0.07409095764160156
Partial simulation consumes time: 0.07648229598999023
Partial simulation consumes time: 0.07036948204040527
Partial simulation consumes time: 0.0712282657623291
Partial simulation consumes time: 0.074737548828125
Partial simulation consumes time: 0.0892493724822998
Partial simulation consumes time: 0.07057356834411621
Partial simulation consumes time: 0.06638979911804199
Partial simulation consumes time: 0.06482124328613281
Partial simulation consumes time: 0.06705212593078613
Partial simulation consumes time: 0.07597661018371582
Partial simulation consumes time: 0.07750630378723145
Partial simulation consumes time: 0.10477828979492188
Partial simulation consumes time: 0.07873845100402832
Partial simulation consumes time: 0.07355594635009766
Partial simulation consumes time: 0.09892010688781738
Partial simulation consumes time: 0.09380960464477539
Partial simulation consumes time: 0.08616185188293457
Partial simulation consumes time: 0.09365177154541016
Partial simulation consumes time: 0.09958863258361816
Partial simulation consumes time: 0.10418391227722168
Partial simulation consumes time: 0.07139849662780762
Partial simulation consumes time: 0.09421467781066895
Partial simulation consumes time: 0.07232904434204102
Partial simulation consumes time: 0.07466411590576172
Partial simulation consumes time: 0.09228253364562988
Partial simulation consumes time: 0.08009481430053711
Partial simulation consumes time: 0.09473872184753418
Partial simulation consumes time: 0.10224533081054688
Partial simulation consumes time: 0.10175728797912598
Partial simulation consumes time: 0.09379315376281738
Partial simulation consumes time: 0.11216402053833008
Partial simulation consumes time: 0.06803464889526367
Partial simulation consumes time: 0.09329986572265625
Partial simulation consumes time: 0.0954749584197998
Partial simulation consumes time: 0.0718693733215332
Partial simulation consumes time: 0.07103252410888672
Partial simulation consumes time: 0.08080840110778809
Partial simulation consumes time: 0.10263800621032715
Partial simulation consumes time: 0.11184382438659668
Partial simulation consumes time: 0.1059727668762207
Partial simulation consumes time: 0.09818482398986816
Partial simulation consumes time: 0.07857251167297363
Partial simulation consumes time: 0.06932187080383301
Partial simulation consumes time: 0.09081673622131348
Partial simulation consumes time: 0.08673381805419922
Partial simulation consumes time: 0.1052093505859375
Partial simulation consumes time: 0.09196138381958008
Partial simulation consumes time: 0.07602834701538086
Partial simulation consumes time: 0.07191586494445801
Partial simulation consumes time: 0.11003875732421875
Partial simulation consumes time: 0.11970162391662598
Partial simulation consumes time: 0.1060945987701416
Partial simulation consumes time: 0.0774984359741211
Partial simulation consumes time: 0.09586453437805176
Partial simulation consumes time: 0.0662682056427002
Partial simulation consumes time: 0.09165716171264648
Partial simulation consumes time: 0.07950782775878906
Partial simulation consumes time: 0.09490013122558594
Partial simulation consumes time: 0.08495354652404785
Partial simulation consumes time: 0.10317373275756836
Partial simulation consumes time: 0.09878873825073242
Partial simulation consumes time: 0.10749149322509766
Partial simulation consumes time: 0.08463168144226074
Partial simulation consumes time: 0.0925760269165039
Partial simulation consumes time: 0.06997132301330566
Partial simulation consumes time: 0.07955455780029297
Partial simulation consumes time: 0.09768080711364746
Partial simulation consumes time: 0.06761693954467773
Partial simulation consumes time: 0.08835148811340332
Partial simulation consumes time: 0.0722811222076416
Partial simulation consumes time: 0.11451268196105957
Partial simulation consumes time: 0.09218740463256836
Partial simulation consumes time: 0.09768342971801758
Partial simulation consumes time: 0.10442471504211426
Partial simulation consumes time: 0.09427833557128906
Partial simulation consumes time: 0.07693362236022949
Partial simulation consumes time: 0.08361506462097168
Partial simulation consumes time: 0.07318615913391113
Partial simulation consumes time: 0.09040474891662598
Partial simulation consumes time: 0.07973098754882812
Partial simulation consumes time: 0.086883544921875
Partial simulation consumes time: 0.09353780746459961
Partial simulation consumes time: 0.10342788696289062
Partial simulation consumes time: 0.08334898948669434
Partial simulation consumes time: 0.0857703685760498
Partial simulation consumes time: 0.09411501884460449
Partial simulation consumes time: 0.10034561157226562
Partial simulation consumes time: 0.08330368995666504
Partial simulation consumes time: 0.0843193531036377
Partial simulation consumes time: 0.08781909942626953
Partial simulation consumes time: 0.0848541259765625
Partial simulation consumes time: 0.07786822319030762
Partial simulation consumes time: 0.0842278003692627
Partial simulation consumes time: 0.08404254913330078
Partial simulation consumes time: 0.09361457824707031
Partial simulation consumes time: 0.09137487411499023
Partial simulation consumes time: 0.09361672401428223
Partial simulation consumes time: 0.08017706871032715
Partial simulation consumes time: 0.08725571632385254
Partial simulation consumes time: 0.0742349624633789
Partial simulation consumes time: 0.07003378868103027
Partial simulation consumes time: 0.07431149482727051
Partial simulation consumes time: 0.07964777946472168
Partial simulation consumes time: 0.08319544792175293
Partial simulation consumes time: 0.08767056465148926
Partial simulation consumes time: 0.0919339656829834
Partial simulation consumes time: 0.08583521842956543
Partial simulation consumes time: 0.0835568904876709
Partial simulation consumes time: 0.09800243377685547
Partial simulation consumes time: 0.1064305305480957
Partial simulation consumes time: 0.08776378631591797
Partial simulation consumes time: 0.06837940216064453
Partial simulation consumes time: 0.09035205841064453
Partial simulation consumes time: 0.08360910415649414
Partial simulation consumes time: 0.08775138854980469
Partial simulation consumes time: 0.08914422988891602
Partial simulation consumes time: 0.07715654373168945
Partial simulation consumes time: 0.08850836753845215
Partial simulation consumes time: 0.08635187149047852
Partial simulation consumes time: 0.08263301849365234
Partial simulation consumes time: 0.1065523624420166
Partial simulation consumes time: 0.08602619171142578
Partial simulation consumes time: 0.09248089790344238
Partial simulation consumes time: 0.07520818710327148
Partial simulation consumes time: 0.0841827392578125
Partial simulation consumes time: 0.06683349609375
Partial simulation consumes time: 0.0740659236907959
Partial simulation consumes time: 0.08011054992675781
Partial simulation consumes time: 0.10434579849243164
Partial simulation consumes time: 0.09505438804626465
Partial simulation consumes time: 0.10552525520324707
Partial simulation consumes time: 0.09708309173583984
Partial simulation consumes time: 0.08436846733093262
Partial simulation consumes time: 0.09887146949768066
Partial simulation consumes time: 0.10916352272033691
Partial simulation consumes time: 0.0769965648651123
Partial simulation consumes time: 0.0858297348022461
Partial simulation consumes time: 0.08484268188476562
Partial simulation consumes time: 0.10311222076416016
Partial simulation consumes time: 0.0953516960144043
Partial simulation consumes time: 0.09805798530578613
Partial simulation consumes time: 0.10326433181762695
Partial simulation consumes time: 0.090240478515625
Partial simulation consumes time: 0.08843159675598145
Partial simulation consumes time: 0.0834653377532959
Partial simulation consumes time: 0.08907151222229004
Partial simulation consumes time: 0.07683253288269043
Partial simulation consumes time: 0.10574030876159668
Partial simulation consumes time: 0.07657742500305176
Partial simulation consumes time: 0.07747483253479004
Partial simulation consumes time: 0.08919525146484375
Partial simulation consumes time: 0.09602689743041992
Partial simulation consumes time: 0.09843897819519043
Partial simulation consumes time: 0.09807682037353516
Partial simulation consumes time: 0.0957331657409668
Partial simulation consumes time: 0.1007547378540039
Partial simulation consumes time: 0.09658098220825195
Partial simulation consumes time: 0.07961797714233398
Partial simulation consumes time: 0.0764002799987793
Partial simulation consumes time: 0.0723106861114502
Partial simulation consumes time: 0.08499026298522949
Partial simulation consumes time: 0.07326912879943848
Partial simulation consumes time: 0.08044958114624023
Partial simulation consumes time: 0.09873056411743164
Partial simulation consumes time: 0.10848069190979004
Partial simulation consumes time: 0.09760761260986328
Partial simulation consumes time: 0.07750868797302246
Partial simulation consumes time: 0.12343168258666992
Partial simulation consumes time: 0.10645580291748047
Partial simulation consumes time: 0.07976365089416504
Partial simulation consumes time: 0.08564352989196777
Partial simulation consumes time: 0.09993839263916016
Partial simulation consumes time: 0.09585452079772949
Partial simulation consumes time: 0.07025647163391113
Partial simulation consumes time: 0.09394240379333496
Partial simulation consumes time: 0.08371424674987793
Partial simulation consumes time: 0.07909941673278809
Partial simulation consumes time: 0.08051729202270508
Partial simulation consumes time: 0.0919187068939209
Partial simulation consumes time: 0.08893322944641113
Partial simulation consumes time: 0.11313533782958984
Partial simulation consumes time: 0.09255266189575195
Partial simulation consumes time: 0.0700221061706543
Partial simulation consumes time: 0.07856130599975586
Partial simulation consumes time: 0.10684847831726074
Partial simulation consumes time: 0.07795238494873047
Partial simulation consumes time: 0.07691240310668945
Partial simulation consumes time: 0.10108089447021484
Partial simulation consumes time: 0.09678936004638672
Partial simulation consumes time: 0.08026885986328125
Partial simulation consumes time: 0.0881814956665039
Partial simulation consumes time: 0.08574819564819336
Partial simulation consumes time: 0.10476469993591309
Partial simulation consumes time: 0.0818483829498291
Partial simulation consumes time: 0.09136962890625
Partial simulation consumes time: 0.09149885177612305
Partial simulation consumes time: 0.09586620330810547
Partial simulation consumes time: 0.10035943984985352
Partial simulation consumes time: 0.0840299129486084
Partial simulation consumes time: 0.0760955810546875
Partial simulation consumes time: 0.10701966285705566
Partial simulation consumes time: 0.0747673511505127
Partial simulation consumes time: 0.04987788200378418
Partial simulation consumes time: 0.051740169525146484
Partial simulation consumes time: 0.07382440567016602
Partial simulation consumes time: 0.057649850845336914
Partial simulation consumes time: 0.0502777099609375
Partial simulation consumes time: 0.06418728828430176
Partial simulation consumes time: 0.05475926399230957
Partial simulation consumes time: 0.06620287895202637
Partial simulation consumes time: 0.056105852127075195
Partial simulation consumes time: 0.06164240837097168
Partial simulation consumes time: 0.049933671951293945
Partial simulation consumes time: 0.06437921524047852
Partial simulation consumes time: 0.05446124076843262
Partial simulation consumes time: 0.05291128158569336
Partial simulation consumes time: 0.06429862976074219
Partial simulation consumes time: 0.05682706832885742
Partial simulation consumes time: 0.0621800422668457
Partial simulation consumes time: 0.05283999443054199
Partial simulation consumes time: 0.0543367862701416
Partial simulation consumes time: 0.061005353927612305
Partial simulation consumes time: 0.05216264724731445
Partial simulation consumes time: 0.05359363555908203
Partial simulation consumes time: 0.06014680862426758
Partial simulation consumes time: 0.05861663818359375
Partial simulation consumes time: 0.06067347526550293
Partial simulation consumes time: 0.06448531150817871
Partial simulation consumes time: 0.05364799499511719
Partial simulation consumes time: 0.06584596633911133
Partial simulation consumes time: 0.06308555603027344
Partial simulation consumes time: 0.0608978271484375
Partial simulation consumes time: 0.053359270095825195
Partial simulation consumes time: 0.060318708419799805
Partial simulation consumes time: 0.05131363868713379
Partial simulation consumes time: 0.5443613529205322
Partial simulation consumes time: 0.06278014183044434
Partial simulation consumes time: 0.04866337776184082
Partial simulation consumes time: 0.05674004554748535
Partial simulation consumes time: 0.0599668025970459
Partial simulation consumes time: 0.054686784744262695
Partial simulation consumes time: 0.0569605827331543
Partial simulation consumes time: 0.050858259201049805
Partial simulation consumes time: 0.055242061614990234
Partial simulation consumes time: 0.044957876205444336
Partial simulation consumes time: 0.04698801040649414
Partial simulation consumes time: 0.056012868881225586
Partial simulation consumes time: 0.05671954154968262
Partial simulation consumes time: 0.0545654296875
Partial simulation consumes time: 0.06904721260070801
Partial simulation consumes time: 0.05595207214355469
Partial simulation consumes time: 0.06284165382385254
Partial simulation consumes time: 0.04797530174255371
Partial simulation consumes time: 0.06491446495056152
Partial simulation consumes time: 0.05369734764099121
Partial simulation consumes time: 0.05742621421813965
Partial simulation consumes time: 0.05901980400085449
Partial simulation consumes time: 0.05010199546813965
Partial simulation consumes time: 0.050089359283447266
Partial simulation consumes time: 0.05005359649658203
Partial simulation consumes time: 0.0547490119934082
Partial simulation consumes time: 0.05843496322631836
Partial simulation consumes time: 0.05387115478515625
Partial simulation consumes time: 0.048256635665893555
Partial simulation consumes time: 0.05537772178649902
Partial simulation consumes time: 0.05419015884399414
Partial simulation consumes time: 0.11927080154418945
Partial simulation consumes time: 0.1306440830230713
Partial simulation consumes time: 0.11880636215209961
Partial simulation consumes time: 0.10941767692565918
Partial simulation consumes time: 0.12210321426391602
Partial simulation consumes time: 0.11612510681152344
Partial simulation consumes time: 0.12398338317871094
Partial simulation consumes time: 0.11115312576293945
Partial simulation consumes time: 0.1226663589477539
Partial simulation consumes time: 0.12213277816772461
Partial simulation consumes time: 0.11917662620544434
Partial simulation consumes time: 0.1188955307006836
Partial simulation consumes time: 0.10957813262939453
Partial simulation consumes time: 0.10851407051086426
Partial simulation consumes time: 0.1109931468963623
Partial simulation consumes time: 0.13610124588012695
Partial simulation consumes time: 0.10424566268920898
Partial simulation consumes time: 0.09657001495361328
Partial simulation consumes time: 0.10683345794677734
Partial simulation consumes time: 0.11643171310424805
Partial simulation consumes time: 0.10710263252258301
Partial simulation consumes time: 0.12453317642211914
Partial simulation consumes time: 0.13265776634216309
Partial simulation consumes time: 0.11677312850952148
Partial simulation consumes time: 0.1116793155670166
Partial simulation consumes time: 0.09894347190856934
Partial simulation consumes time: 0.0942375659942627
Partial simulation consumes time: 0.09719324111938477
Partial simulation consumes time: 0.11205005645751953
Partial simulation consumes time: 0.13344669342041016
Partial simulation consumes time: 0.11173653602600098
Partial simulation consumes time: 0.10007524490356445
Partial simulation consumes time: 0.1163489818572998
Partial simulation consumes time: 0.1456446647644043
Partial simulation consumes time: 0.1201941967010498
Partial simulation consumes time: 0.08796525001525879
Partial simulation consumes time: 0.11093735694885254
Partial simulation consumes time: 0.13966012001037598
Partial simulation consumes time: 0.11855483055114746
Partial simulation consumes time: 0.12047243118286133
Partial simulation consumes time: 0.12108111381530762
Partial simulation consumes time: 0.1102895736694336
Partial simulation consumes time: 0.10970592498779297
Partial simulation consumes time: 0.09435415267944336
Partial simulation consumes time: 0.11763191223144531
Partial simulation consumes time: 0.1102287769317627
Partial simulation consumes time: 0.1132669448852539
Partial simulation consumes time: 0.0915975570678711
Partial simulation consumes time: 0.10704183578491211
Partial simulation consumes time: 0.11136817932128906
Partial simulation consumes time: 0.10831642150878906
Partial simulation consumes time: 0.13187360763549805
Partial simulation consumes time: 0.1029670238494873
Partial simulation consumes time: 0.09961795806884766
Partial simulation consumes time: 0.11761331558227539
Partial simulation consumes time: 0.14265179634094238
Partial simulation consumes time: 0.11358928680419922
Partial simulation consumes time: 0.09592175483703613
Partial simulation consumes time: 0.12896203994750977
Partial simulation consumes time: 0.09898066520690918
Partial simulation consumes time: 0.1115870475769043
Partial simulation consumes time: 0.11828112602233887
Partial simulation consumes time: 0.0974283218383789
Partial simulation consumes time: 0.10603475570678711
Partial simulation consumes time: 0.08852815628051758
Partial simulation consumes time: 0.07184672355651855
Partial simulation consumes time: 0.09531497955322266
Partial simulation consumes time: 0.07307839393615723
Partial simulation consumes time: 0.0898592472076416
Partial simulation consumes time: 0.09519481658935547
Partial simulation consumes time: 0.08191990852355957
Partial simulation consumes time: 0.08617353439331055
Partial simulation consumes time: 0.07581472396850586
Partial simulation consumes time: 0.09702110290527344
Partial simulation consumes time: 0.09848356246948242
Partial simulation consumes time: 0.0881798267364502
Partial simulation consumes time: 0.09479236602783203
Partial simulation consumes time: 0.0761117935180664
Partial simulation consumes time: 0.07850289344787598
Partial simulation consumes time: 0.08255648612976074
Partial simulation consumes time: 0.07242035865783691
Partial simulation consumes time: 0.07793021202087402
Partial simulation consumes time: 0.08546257019042969
Partial simulation consumes time: 0.0750722885131836
Partial simulation consumes time: 0.09172534942626953
Partial simulation consumes time: 0.08982157707214355
Partial simulation consumes time: 0.0932462215423584
Partial simulation consumes time: 0.0815742015838623
Partial simulation consumes time: 0.07568860054016113
Partial simulation consumes time: 0.07405591011047363
Partial simulation consumes time: 0.08744692802429199
Partial simulation consumes time: 0.09587717056274414
Partial simulation consumes time: 0.07135462760925293
Partial simulation consumes time: 0.07059550285339355
Partial simulation consumes time: 0.09264636039733887
Partial simulation consumes time: 0.07737445831298828
Partial simulation consumes time: 0.09083342552185059
Partial simulation consumes time: 0.10084342956542969
Partial simulation consumes time: 0.08965325355529785
Partial simulation consumes time: 0.08037853240966797
Partial simulation consumes time: 0.09211230278015137
Partial simulation consumes time: 0.11029696464538574
Partial simulation consumes time: 0.08325862884521484
Partial simulation consumes time: 0.07457470893859863
Partial simulation consumes time: 0.08708596229553223
Partial simulation consumes time: 0.07538270950317383
Partial simulation consumes time: 0.08354616165161133
Partial simulation consumes time: 0.08433294296264648
Partial simulation consumes time: 0.07899260520935059
Partial simulation consumes time: 0.07215499877929688
Partial simulation consumes time: 0.0948641300201416
Partial simulation consumes time: 0.08143997192382812
Partial simulation consumes time: 0.10058116912841797
Partial simulation consumes time: 0.07798600196838379
Partial simulation consumes time: 0.0943453311920166
Partial simulation consumes time: 0.10261034965515137
Partial simulation consumes time: 0.07143664360046387
Partial simulation consumes time: 0.08266711235046387
Partial simulation consumes time: 0.08206558227539062
Partial simulation consumes time: 0.07446646690368652
Partial simulation consumes time: 0.08395719528198242
Partial simulation consumes time: 0.07964134216308594
Partial simulation consumes time: 0.08682107925415039
Partial simulation consumes time: 0.08792376518249512
Partial simulation consumes time: 0.08628201484680176
Partial simulation consumes time: 0.08206534385681152
Partial simulation consumes time: 0.07039022445678711
Partial simulation consumes time: 0.07574629783630371
Partial simulation consumes time: 0.04119062423706055
Partial simulation consumes time: 0.03356313705444336
Partial simulation consumes time: 0.04226422309875488
Partial simulation consumes time: 0.039104461669921875
Partial simulation consumes time: 0.04098320007324219
Partial simulation consumes time: 0.03804945945739746
Partial simulation consumes time: 0.03915548324584961
Partial simulation consumes time: 0.04144167900085449
Partial simulation consumes time: 0.03979635238647461
Partial simulation consumes time: 0.04869508743286133
Partial simulation consumes time: 0.03897571563720703
Partial simulation consumes time: 0.0390470027923584
Partial simulation consumes time: 0.04865264892578125
Partial simulation consumes time: 0.04416179656982422
Partial simulation consumes time: 0.04799532890319824
Partial simulation consumes time: 0.04063606262207031
Partial simulation consumes time: 0.043943166732788086
Partial simulation consumes time: 0.04519248008728027
Partial simulation consumes time: 0.04321146011352539
Partial simulation consumes time: 0.04106330871582031
Partial simulation consumes time: 0.04535174369812012
Partial simulation consumes time: 0.0422515869140625
Partial simulation consumes time: 0.044469594955444336
Partial simulation consumes time: 0.043090105056762695
Partial simulation consumes time: 0.04617929458618164
Partial simulation consumes time: 0.04103374481201172
Partial simulation consumes time: 0.03844428062438965
Partial simulation consumes time: 0.044785261154174805
Partial simulation consumes time: 0.034874677658081055
Partial simulation consumes time: 0.03720712661743164
Partial simulation consumes time: 0.04134631156921387
Partial simulation consumes time: 0.045033931732177734
Partial simulation consumes time: 0.040292978286743164
Partial simulation consumes time: 0.046808719635009766
Partial simulation consumes time: 0.04471755027770996
Partial simulation consumes time: 0.04020547866821289
Partial simulation consumes time: 0.047484397888183594
Partial simulation consumes time: 0.044450998306274414
Partial simulation consumes time: 0.03666806221008301
Partial simulation consumes time: 0.03460574150085449
Partial simulation consumes time: 0.03939986228942871
Partial simulation consumes time: 0.0451507568359375
Partial simulation consumes time: 0.03797197341918945
Partial simulation consumes time: 0.04539918899536133
Partial simulation consumes time: 0.040993452072143555
Partial simulation consumes time: 0.0471646785736084
Partial simulation consumes time: 0.041272878646850586
Partial simulation consumes time: 0.04340529441833496
Partial simulation consumes time: 0.03632760047912598
Partial simulation consumes time: 0.04051327705383301
Partial simulation consumes time: 0.04142594337463379
Partial simulation consumes time: 0.04201769828796387
Partial simulation consumes time: 0.04587841033935547
Partial simulation consumes time: 0.040494441986083984
Partial simulation consumes time: 0.04106879234313965
Partial simulation consumes time: 0.039821624755859375
Partial simulation consumes time: 0.04499244689941406
Partial simulation consumes time: 0.044989824295043945
Partial simulation consumes time: 0.03711986541748047
Partial simulation consumes time: 0.0429234504699707
Partial simulation consumes time: 0.042120933532714844
Partial simulation consumes time: 0.03925752639770508
Partial simulation consumes time: 0.04938673973083496
Partial simulation consumes time: 0.04354286193847656
Partial simulation consumes time: 0.07072138786315918
Partial simulation consumes time: 0.06743431091308594
Partial simulation consumes time: 0.06047177314758301
Partial simulation consumes time: 0.06528735160827637
Partial simulation consumes time: 0.05623579025268555
Partial simulation consumes time: 0.056644439697265625
Partial simulation consumes time: 0.05718398094177246
Partial simulation consumes time: 0.06211709976196289
Partial simulation consumes time: 0.06210017204284668
Partial simulation consumes time: 0.06055140495300293
Partial simulation consumes time: 0.07517051696777344
Partial simulation consumes time: 0.06803250312805176
Partial simulation consumes time: 0.0789029598236084
Partial simulation consumes time: 0.05953240394592285
Partial simulation consumes time: 0.0798349380493164
Partial simulation consumes time: 0.06133103370666504
Partial simulation consumes time: 0.06806755065917969
Partial simulation consumes time: 0.05468940734863281
Partial simulation consumes time: 0.0599825382232666
Partial simulation consumes time: 0.06145024299621582
Partial simulation consumes time: 0.05934333801269531
Partial simulation consumes time: 0.07169198989868164
Partial simulation consumes time: 0.06430244445800781
Partial simulation consumes time: 0.06239771842956543
Partial simulation consumes time: 0.07108330726623535
Partial simulation consumes time: 0.06830549240112305
Partial simulation consumes time: 0.06215190887451172
Partial simulation consumes time: 0.05793190002441406
Partial simulation consumes time: 0.058554649353027344
Partial simulation consumes time: 0.0650777816772461
Partial simulation consumes time: 0.05537819862365723
Partial simulation consumes time: 0.06279635429382324
Partial simulation consumes time: 0.06421637535095215
Partial simulation consumes time: 0.06336092948913574
Partial simulation consumes time: 0.058508872985839844
Partial simulation consumes time: 0.07164955139160156
Partial simulation consumes time: 0.05717277526855469
Partial simulation consumes time: 0.06784319877624512
Partial simulation consumes time: 0.06406235694885254
Partial simulation consumes time: 0.06510400772094727
Partial simulation consumes time: 0.06478023529052734
Partial simulation consumes time: 0.05947732925415039
Partial simulation consumes time: 0.055840253829956055
Partial simulation consumes time: 0.057372331619262695
Partial simulation consumes time: 0.05487871170043945
Partial simulation consumes time: 0.062165021896362305
Partial simulation consumes time: 0.07504391670227051
Partial simulation consumes time: 0.060724735260009766
Partial simulation consumes time: 0.07344436645507812
Partial simulation consumes time: 0.06094861030578613
Partial simulation consumes time: 0.060613393783569336
Partial simulation consumes time: 0.05817127227783203
Partial simulation consumes time: 0.06377339363098145
Partial simulation consumes time: 0.0673973560333252
Partial simulation consumes time: 0.06046772003173828
Partial simulation consumes time: 0.06607222557067871
Partial simulation consumes time: 0.05902361869812012
Partial simulation consumes time: 0.06671905517578125
Partial simulation consumes time: 0.0667121410369873
Partial simulation consumes time: 0.0648195743560791
Partial simulation consumes time: 0.054405927658081055
Partial simulation consumes time: 0.06281352043151855
Partial simulation consumes time: 0.06204557418823242
Partial simulation consumes time: 0.0712273120880127
Qdao runs:	230.08863162994385
_initialize	5.551413297653198
_preprocess	76.7326591014862
_postprocess	75.4911835193634
_run	224.51080703735352
load_sv	76.35419535636902
store_sv	75.47579073905945
Quafu runs:	76.81660342216492
.

================= 1 passed, 11 deselected in 309.10s (0:05:09) =================
