============================= test session starts ==============================
platform linux -- Python 3.10.6, pytest-7.2.0, pluggy-1.0.0
rootdir: /root/projects/qcs
collected 12 items / 11 deselected / 1 selected

tst/qdao/engine.py 
::::::::::::::::::Config::::::::::::::::::

NQ::	28
NP::	22
NL::	12
D::	25

::::::::::::::::::Config::::::::::::::::::


:::Reusing existing bench:::::/root/projects/qcs/qdao/benchmarks/qasm/random_28_25_max_operands_2_gen.qasm::::::::

Partial simulation consumes time: 0.35874485969543457
Partial simulation consumes time: 0.3382441997528076
Partial simulation consumes time: 0.36249351501464844
Partial simulation consumes time: 0.36119866371154785
Partial simulation consumes time: 0.3680300712585449
Partial simulation consumes time: 0.36012816429138184
Partial simulation consumes time: 0.32723307609558105
Partial simulation consumes time: 0.37125587463378906
Partial simulation consumes time: 0.32707929611206055
Partial simulation consumes time: 0.33425307273864746
Partial simulation consumes time: 0.3677852153778076
Partial simulation consumes time: 0.3759627342224121
Partial simulation consumes time: 0.3720436096191406
Partial simulation consumes time: 0.39806175231933594
Partial simulation consumes time: 0.3344399929046631
Partial simulation consumes time: 0.37555432319641113
Partial simulation consumes time: 0.37987780570983887
Partial simulation consumes time: 0.374875545501709
Partial simulation consumes time: 0.3965950012207031
Partial simulation consumes time: 0.3788013458251953
Partial simulation consumes time: 0.3627164363861084
Partial simulation consumes time: 0.35250353813171387
Partial simulation consumes time: 0.3565497398376465
Partial simulation consumes time: 0.3725016117095947
Partial simulation consumes time: 0.331981897354126
Partial simulation consumes time: 0.3708610534667969
Partial simulation consumes time: 0.3254246711730957
Partial simulation consumes time: 0.35923266410827637
Partial simulation consumes time: 0.3801243305206299
Partial simulation consumes time: 0.33066225051879883
Partial simulation consumes time: 0.38657283782958984
Partial simulation consumes time: 0.37862539291381836
Partial simulation consumes time: 0.35185861587524414
Partial simulation consumes time: 0.3777883052825928
Partial simulation consumes time: 0.36867547035217285
Partial simulation consumes time: 0.3867626190185547
Partial simulation consumes time: 0.399625301361084
Partial simulation consumes time: 0.3779425621032715
Partial simulation consumes time: 0.3443760871887207
Partial simulation consumes time: 0.3395414352416992
Partial simulation consumes time: 0.36889100074768066
Partial simulation consumes time: 0.36793088912963867
Partial simulation consumes time: 0.3660085201263428
Partial simulation consumes time: 0.36473965644836426
Partial simulation consumes time: 0.36035966873168945
Partial simulation consumes time: 0.35599708557128906
Partial simulation consumes time: 0.39549803733825684
Partial simulation consumes time: 0.3540377616882324
Partial simulation consumes time: 0.3638303279876709
Partial simulation consumes time: 0.3582942485809326
Partial simulation consumes time: 0.38605761528015137
Partial simulation consumes time: 0.3232247829437256
Partial simulation consumes time: 0.3290426731109619
Partial simulation consumes time: 0.3779139518737793
Partial simulation consumes time: 0.3702409267425537
Partial simulation consumes time: 0.37007570266723633
Partial simulation consumes time: 0.33493876457214355
Partial simulation consumes time: 0.3702366352081299
Partial simulation consumes time: 0.3738064765930176
Partial simulation consumes time: 0.38155341148376465
Partial simulation consumes time: 0.3681209087371826
Partial simulation consumes time: 0.3598635196685791
Partial simulation consumes time: 0.37993788719177246
Partial simulation consumes time: 0.3551042079925537
Partial simulation consumes time: 0.4644017219543457
Partial simulation consumes time: 0.43176937103271484
Partial simulation consumes time: 0.37714433670043945
Partial simulation consumes time: 0.397019624710083
Partial simulation consumes time: 0.46730923652648926
Partial simulation consumes time: 0.3842442035675049
Partial simulation consumes time: 0.5063135623931885
Partial simulation consumes time: 0.48871731758117676
Partial simulation consumes time: 0.44578123092651367
Partial simulation consumes time: 0.4140923023223877
Partial simulation consumes time: 0.42171597480773926
Partial simulation consumes time: 0.48506999015808105
Partial simulation consumes time: 0.47883152961730957
Partial simulation consumes time: 0.4080023765563965
Partial simulation consumes time: 0.4140808582305908
Partial simulation consumes time: 0.4859297275543213
Partial simulation consumes time: 0.39930105209350586
Partial simulation consumes time: 0.3876926898956299
Partial simulation consumes time: 0.39484620094299316
Partial simulation consumes time: 0.46198391914367676
Partial simulation consumes time: 0.47232604026794434
Partial simulation consumes time: 0.41072773933410645
Partial simulation consumes time: 0.520989179611206
Partial simulation consumes time: 0.3993356227874756
Partial simulation consumes time: 0.5230474472045898
Partial simulation consumes time: 0.46700286865234375
Partial simulation consumes time: 0.47454071044921875
Partial simulation consumes time: 0.458484411239624
Partial simulation consumes time: 0.4380040168762207
Partial simulation consumes time: 0.5039699077606201
Partial simulation consumes time: 0.4175093173980713
Partial simulation consumes time: 0.49324893951416016
Partial simulation consumes time: 0.4382667541503906
Partial simulation consumes time: 0.47942090034484863
Partial simulation consumes time: 0.4244496822357178
Partial simulation consumes time: 0.46343445777893066
Partial simulation consumes time: 0.4403195381164551
Partial simulation consumes time: 0.5071742534637451
Partial simulation consumes time: 0.491168737411499
Partial simulation consumes time: 0.5381062030792236
Partial simulation consumes time: 0.5121092796325684
Partial simulation consumes time: 0.49686717987060547
Partial simulation consumes time: 0.4926478862762451
Partial simulation consumes time: 0.4294755458831787
Partial simulation consumes time: 0.5129251480102539
Partial simulation consumes time: 0.4374580383300781
Partial simulation consumes time: 0.44767141342163086
Partial simulation consumes time: 0.48645496368408203
Partial simulation consumes time: 0.5020546913146973
Partial simulation consumes time: 0.41769957542419434
Partial simulation consumes time: 0.4478445053100586
Partial simulation consumes time: 0.42456984519958496
Partial simulation consumes time: 0.4201991558074951
Partial simulation consumes time: 0.44278645515441895
Partial simulation consumes time: 0.49201488494873047
Partial simulation consumes time: 0.4837169647216797
Partial simulation consumes time: 0.4015085697174072
Partial simulation consumes time: 0.5084354877471924
Partial simulation consumes time: 0.4871342182159424
Partial simulation consumes time: 0.433943510055542
Partial simulation consumes time: 0.3896522521972656
Partial simulation consumes time: 0.3916654586791992
Partial simulation consumes time: 0.39077138900756836
Partial simulation consumes time: 0.4843287467956543
Partial simulation consumes time: 0.3007228374481201
Partial simulation consumes time: 0.2704811096191406
Partial simulation consumes time: 0.28121447563171387
Partial simulation consumes time: 0.2709372043609619
Partial simulation consumes time: 0.27048420906066895
Partial simulation consumes time: 0.2739710807800293
Partial simulation consumes time: 0.2692990303039551
Partial simulation consumes time: 0.3031437397003174
Partial simulation consumes time: 0.2808053493499756
Partial simulation consumes time: 0.272899866104126
Partial simulation consumes time: 0.3258204460144043
Partial simulation consumes time: 0.2800118923187256
Partial simulation consumes time: 0.2686312198638916
Partial simulation consumes time: 0.26551127433776855
Partial simulation consumes time: 0.275846004486084
Partial simulation consumes time: 0.2710433006286621
Partial simulation consumes time: 0.2705361843109131
Partial simulation consumes time: 0.27003931999206543
Partial simulation consumes time: 0.2822561264038086
Partial simulation consumes time: 0.2682008743286133
Partial simulation consumes time: 0.27049779891967773
Partial simulation consumes time: 0.29145026206970215
Partial simulation consumes time: 0.2747669219970703
Partial simulation consumes time: 0.26745009422302246
Partial simulation consumes time: 0.2685060501098633
Partial simulation consumes time: 0.27530813217163086
Partial simulation consumes time: 0.2739293575286865
Partial simulation consumes time: 0.26873135566711426
Partial simulation consumes time: 0.27370429039001465
Partial simulation consumes time: 0.2748410701751709
Partial simulation consumes time: 0.27155494689941406
Partial simulation consumes time: 0.2696239948272705
Partial simulation consumes time: 0.2812917232513428
Partial simulation consumes time: 0.3104097843170166
Partial simulation consumes time: 0.2833077907562256
Partial simulation consumes time: 0.29859066009521484
Partial simulation consumes time: 0.2791268825531006
Partial simulation consumes time: 0.5725715160369873
Partial simulation consumes time: 0.29766368865966797
Partial simulation consumes time: 0.2671346664428711
Partial simulation consumes time: 0.2716696262359619
Partial simulation consumes time: 0.3159201145172119
Partial simulation consumes time: 0.29472851753234863
Partial simulation consumes time: 0.2764244079589844
Partial simulation consumes time: 0.2705986499786377
Partial simulation consumes time: 0.2722148895263672
Partial simulation consumes time: 0.2775719165802002
Partial simulation consumes time: 0.2668025493621826
Partial simulation consumes time: 0.2796914577484131
Partial simulation consumes time: 0.293781042098999
Partial simulation consumes time: 0.26772332191467285
Partial simulation consumes time: 0.27257466316223145
Partial simulation consumes time: 0.2746694087982178
Partial simulation consumes time: 0.3000779151916504
Partial simulation consumes time: 0.266495943069458
Partial simulation consumes time: 0.27176332473754883
Partial simulation consumes time: 0.2902493476867676
Partial simulation consumes time: 0.27639055252075195
Partial simulation consumes time: 0.2793760299682617
Partial simulation consumes time: 0.283689022064209
Partial simulation consumes time: 0.3005523681640625
Partial simulation consumes time: 0.2762577533721924
Partial simulation consumes time: 0.2754678726196289
Partial simulation consumes time: 0.28092503547668457
Partial simulation consumes time: 0.32637524604797363
Partial simulation consumes time: 0.33527588844299316
Partial simulation consumes time: 0.3014054298400879
Partial simulation consumes time: 0.30828404426574707
Partial simulation consumes time: 0.3470892906188965
Partial simulation consumes time: 0.3128643035888672
Partial simulation consumes time: 0.3282320499420166
Partial simulation consumes time: 0.3419325351715088
Partial simulation consumes time: 0.3623843193054199
Partial simulation consumes time: 0.31366610527038574
Partial simulation consumes time: 0.30182838439941406
Partial simulation consumes time: 0.3032989501953125
Partial simulation consumes time: 0.33992886543273926
Partial simulation consumes time: 0.34277868270874023
Partial simulation consumes time: 0.2988321781158447
Partial simulation consumes time: 0.299058198928833
Partial simulation consumes time: 0.3392527103424072
Partial simulation consumes time: 0.31411314010620117
Partial simulation consumes time: 0.3216245174407959
Partial simulation consumes time: 0.30639171600341797
Partial simulation consumes time: 0.32939696311950684
Partial simulation consumes time: 0.32232141494750977
Partial simulation consumes time: 0.30036044120788574
Partial simulation consumes time: 0.29543137550354004
Partial simulation consumes time: 0.3045783042907715
Partial simulation consumes time: 0.35513973236083984
Partial simulation consumes time: 0.3160529136657715
Partial simulation consumes time: 0.32177066802978516
Partial simulation consumes time: 0.33951473236083984
Partial simulation consumes time: 0.336381196975708
Partial simulation consumes time: 0.31925511360168457
Partial simulation consumes time: 0.29799532890319824
Partial simulation consumes time: 0.2984757423400879
Partial simulation consumes time: 0.3172614574432373
Partial simulation consumes time: 0.31771278381347656
Partial simulation consumes time: 0.325594425201416
Partial simulation consumes time: 0.35095977783203125
Partial simulation consumes time: 0.333909273147583
Partial simulation consumes time: 0.307964563369751
Partial simulation consumes time: 0.3270442485809326
Partial simulation consumes time: 0.3465592861175537
Partial simulation consumes time: 0.3085141181945801
Partial simulation consumes time: 0.3680384159088135
Partial simulation consumes time: 0.35425496101379395
Partial simulation consumes time: 0.3129920959472656
Partial simulation consumes time: 0.30414485931396484
Partial simulation consumes time: 0.3641963005065918
Partial simulation consumes time: 0.34236693382263184
Partial simulation consumes time: 0.30288195610046387
Partial simulation consumes time: 0.29366254806518555
Partial simulation consumes time: 0.31493449211120605
Partial simulation consumes time: 0.43132829666137695
Partial simulation consumes time: 0.30564284324645996
Partial simulation consumes time: 0.29234981536865234
Partial simulation consumes time: 0.30011677742004395
Partial simulation consumes time: 0.2936744689941406
Partial simulation consumes time: 0.3092799186706543
Partial simulation consumes time: 0.33805251121520996
Partial simulation consumes time: 0.3328676223754883
Partial simulation consumes time: 0.2967681884765625
Partial simulation consumes time: 0.3247396945953369
Partial simulation consumes time: 0.29631686210632324
Partial simulation consumes time: 0.30521631240844727
Partial simulation consumes time: 0.3362746238708496
Partial simulation consumes time: 0.49947190284729004
Partial simulation consumes time: 0.45262908935546875
Partial simulation consumes time: 0.5098421573638916
Partial simulation consumes time: 0.44049072265625
Partial simulation consumes time: 0.4894716739654541
Partial simulation consumes time: 0.45548534393310547
Partial simulation consumes time: 0.5048637390136719
Partial simulation consumes time: 0.5002467632293701
Partial simulation consumes time: 0.47412109375
Partial simulation consumes time: 0.5155115127563477
Partial simulation consumes time: 0.4688429832458496
Partial simulation consumes time: 0.49588584899902344
Partial simulation consumes time: 0.4791693687438965
Partial simulation consumes time: 0.514958381652832
Partial simulation consumes time: 0.49533700942993164
Partial simulation consumes time: 0.45978665351867676
Partial simulation consumes time: 0.48091673851013184
Partial simulation consumes time: 0.4806647300720215
Partial simulation consumes time: 0.4895312786102295
Partial simulation consumes time: 0.48908495903015137
Partial simulation consumes time: 0.4783303737640381
Partial simulation consumes time: 0.4942657947540283
Partial simulation consumes time: 0.4863452911376953
Partial simulation consumes time: 0.49131011962890625
Partial simulation consumes time: 0.48520445823669434
Partial simulation consumes time: 0.5026779174804688
Partial simulation consumes time: 0.5320377349853516
Partial simulation consumes time: 0.49895405769348145
Partial simulation consumes time: 0.8258087635040283
Partial simulation consumes time: 0.4828159809112549
Partial simulation consumes time: 0.4463992118835449
Partial simulation consumes time: 0.49848031997680664
Partial simulation consumes time: 0.4768657684326172
Partial simulation consumes time: 0.4573793411254883
Partial simulation consumes time: 0.5305907726287842
Partial simulation consumes time: 0.450641393661499
Partial simulation consumes time: 0.4840705394744873
Partial simulation consumes time: 0.5013875961303711
Partial simulation consumes time: 0.49537062644958496
Partial simulation consumes time: 0.5017564296722412
Partial simulation consumes time: 0.499401330947876
Partial simulation consumes time: 0.4892890453338623
Partial simulation consumes time: 0.49991893768310547
Partial simulation consumes time: 0.46679258346557617
Partial simulation consumes time: 0.4954257011413574
Partial simulation consumes time: 0.4541301727294922
Partial simulation consumes time: 0.48551487922668457
Partial simulation consumes time: 0.5088992118835449
Partial simulation consumes time: 0.4808011054992676
Partial simulation consumes time: 0.4497830867767334
Partial simulation consumes time: 0.49828672409057617
Partial simulation consumes time: 0.4982178211212158
Partial simulation consumes time: 0.4852752685546875
Partial simulation consumes time: 0.4961729049682617
Partial simulation consumes time: 0.5047628879547119
Partial simulation consumes time: 0.44444966316223145
Partial simulation consumes time: 0.5155720710754395
Partial simulation consumes time: 0.497241735458374
Partial simulation consumes time: 0.4880828857421875
Partial simulation consumes time: 0.5067298412322998
Partial simulation consumes time: 0.49207329750061035
Partial simulation consumes time: 0.48491930961608887
Partial simulation consumes time: 0.5081276893615723
Partial simulation consumes time: 0.5106329917907715
Partial simulation consumes time: 0.3917500972747803
Partial simulation consumes time: 0.4081714153289795
Partial simulation consumes time: 0.3941066265106201
Partial simulation consumes time: 0.421785831451416
Partial simulation consumes time: 0.3972952365875244
Partial simulation consumes time: 0.4187791347503662
Partial simulation consumes time: 0.4069852828979492
Partial simulation consumes time: 0.44362974166870117
Partial simulation consumes time: 0.435589075088501
Partial simulation consumes time: 0.43068432807922363
Partial simulation consumes time: 0.4254617691040039
Partial simulation consumes time: 0.39490389823913574
Partial simulation consumes time: 0.449540376663208
Partial simulation consumes time: 0.42419004440307617
Partial simulation consumes time: 0.4311096668243408
Partial simulation consumes time: 0.4574861526489258
Partial simulation consumes time: 0.45807361602783203
Partial simulation consumes time: 0.4044830799102783
Partial simulation consumes time: 0.4293689727783203
Partial simulation consumes time: 0.43233680725097656
Partial simulation consumes time: 0.47624707221984863
Partial simulation consumes time: 0.3982415199279785
Partial simulation consumes time: 0.4114983081817627
Partial simulation consumes time: 0.40502238273620605
Partial simulation consumes time: 0.3936140537261963
Partial simulation consumes time: 0.4031410217285156
Partial simulation consumes time: 0.43125104904174805
Partial simulation consumes time: 0.40276360511779785
Partial simulation consumes time: 0.3929779529571533
Partial simulation consumes time: 0.4592149257659912
Partial simulation consumes time: 0.39952659606933594
Partial simulation consumes time: 0.4050736427307129
Partial simulation consumes time: 0.46085357666015625
Partial simulation consumes time: 0.39723801612854004
Partial simulation consumes time: 0.4877948760986328
Partial simulation consumes time: 0.4074993133544922
Partial simulation consumes time: 0.3901858329772949
Partial simulation consumes time: 0.40783023834228516
Partial simulation consumes time: 0.4033010005950928
Partial simulation consumes time: 0.4352304935455322
Partial simulation consumes time: 0.42633962631225586
Partial simulation consumes time: 0.39798641204833984
Partial simulation consumes time: 0.4261960983276367
Partial simulation consumes time: 0.40900111198425293
Partial simulation consumes time: 0.4426257610321045
Partial simulation consumes time: 0.42728424072265625
Partial simulation consumes time: 0.44912171363830566
Partial simulation consumes time: 0.39814138412475586
Partial simulation consumes time: 0.4080979824066162
Partial simulation consumes time: 0.4365203380584717
Partial simulation consumes time: 0.42322564125061035
Partial simulation consumes time: 0.4097440242767334
Partial simulation consumes time: 0.4164116382598877
Partial simulation consumes time: 0.4216485023498535
Partial simulation consumes time: 0.4049232006072998
Partial simulation consumes time: 0.395205020904541
Partial simulation consumes time: 0.39896130561828613
Partial simulation consumes time: 0.39179253578186035
Partial simulation consumes time: 0.4597759246826172
Partial simulation consumes time: 0.3986368179321289
Partial simulation consumes time: 0.4019594192504883
Partial simulation consumes time: 0.4030160903930664
Partial simulation consumes time: 0.4170103073120117
Partial simulation consumes time: 0.45282793045043945
Partial simulation consumes time: 0.3341045379638672
Partial simulation consumes time: 0.3571510314941406
Partial simulation consumes time: 0.3318765163421631
Partial simulation consumes time: 0.3404507637023926
Partial simulation consumes time: 0.3326423168182373
Partial simulation consumes time: 0.344463586807251
Partial simulation consumes time: 0.35949087142944336
Partial simulation consumes time: 0.4330298900604248
Partial simulation consumes time: 0.3423643112182617
Partial simulation consumes time: 0.34806203842163086
Partial simulation consumes time: 0.32804346084594727
Partial simulation consumes time: 0.3370082378387451
Partial simulation consumes time: 0.3420090675354004
Partial simulation consumes time: 0.3449361324310303
Partial simulation consumes time: 0.33489084243774414
Partial simulation consumes time: 0.33073997497558594
Partial simulation consumes time: 0.3330516815185547
Partial simulation consumes time: 0.3335764408111572
Partial simulation consumes time: 0.3287496566772461
Partial simulation consumes time: 0.44130802154541016
Partial simulation consumes time: 0.385770320892334
Partial simulation consumes time: 0.3303513526916504
Partial simulation consumes time: 0.4696838855743408
Partial simulation consumes time: 0.44194936752319336
Partial simulation consumes time: 0.38877177238464355
Partial simulation consumes time: 0.3707091808319092
Partial simulation consumes time: 0.3354916572570801
Partial simulation consumes time: 0.34098315238952637
Partial simulation consumes time: 0.39247798919677734
Partial simulation consumes time: 0.40375304222106934
Partial simulation consumes time: 0.3891010284423828
Partial simulation consumes time: 0.3563985824584961
Partial simulation consumes time: 0.3304157257080078
Partial simulation consumes time: 0.42539310455322266
Partial simulation consumes time: 0.4145071506500244
Partial simulation consumes time: 0.3560957908630371
Partial simulation consumes time: 0.344698429107666
Partial simulation consumes time: 0.3981058597564697
Partial simulation consumes time: 0.3408191204071045
Partial simulation consumes time: 0.33287668228149414
Partial simulation consumes time: 0.40630531311035156
Partial simulation consumes time: 0.331418514251709
Partial simulation consumes time: 0.3297560214996338
Partial simulation consumes time: 0.4016082286834717
Partial simulation consumes time: 0.41520237922668457
Partial simulation consumes time: 0.3864939212799072
Partial simulation consumes time: 0.3972136974334717
Partial simulation consumes time: 0.42718958854675293
Partial simulation consumes time: 0.4051082134246826
Partial simulation consumes time: 0.32248544692993164
Partial simulation consumes time: 0.38364338874816895
Partial simulation consumes time: 0.42447972297668457
Partial simulation consumes time: 0.3456099033355713
Partial simulation consumes time: 0.35411667823791504
Partial simulation consumes time: 0.4125676155090332
Partial simulation consumes time: 0.34467363357543945
Partial simulation consumes time: 0.40517282485961914
Partial simulation consumes time: 0.3670074939727783
Partial simulation consumes time: 0.36044931411743164
Partial simulation consumes time: 0.3646366596221924
Partial simulation consumes time: 0.34789252281188965
Partial simulation consumes time: 0.3459775447845459
Partial simulation consumes time: 0.3985435962677002
Partial simulation consumes time: 0.4041290283203125
Partial simulation consumes time: 0.26468873023986816
Partial simulation consumes time: 0.2551310062408447
Partial simulation consumes time: 0.29859113693237305
Partial simulation consumes time: 0.26659584045410156
Partial simulation consumes time: 0.2678670883178711
Partial simulation consumes time: 0.2900114059448242
Partial simulation consumes time: 0.25549769401550293
Partial simulation consumes time: 0.2542712688446045
Partial simulation consumes time: 0.26759958267211914
Partial simulation consumes time: 0.2540285587310791
Partial simulation consumes time: 0.25940823554992676
Partial simulation consumes time: 0.26493334770202637
Partial simulation consumes time: 0.2521984577178955
Partial simulation consumes time: 0.27526068687438965
Partial simulation consumes time: 0.2562439441680908
Partial simulation consumes time: 0.2565436363220215
Partial simulation consumes time: 0.27716732025146484
Partial simulation consumes time: 0.254960298538208
Partial simulation consumes time: 0.266676664352417
Partial simulation consumes time: 0.2654991149902344
Partial simulation consumes time: 0.2561190128326416
Partial simulation consumes time: 0.25917887687683105
Partial simulation consumes time: 0.25339198112487793
Partial simulation consumes time: 0.2552516460418701
Partial simulation consumes time: 0.2522084712982178
Partial simulation consumes time: 0.2783472537994385
Partial simulation consumes time: 0.250216007232666
Partial simulation consumes time: 0.25255656242370605
Partial simulation consumes time: 0.26496124267578125
Partial simulation consumes time: 0.26127099990844727
Partial simulation consumes time: 0.2520263195037842
Partial simulation consumes time: 0.25606393814086914
Partial simulation consumes time: 0.2516040802001953
Partial simulation consumes time: 0.2761049270629883
Partial simulation consumes time: 0.2522773742675781
Partial simulation consumes time: 0.26578187942504883
Partial simulation consumes time: 0.2640097141265869
Partial simulation consumes time: 0.25348448753356934
Partial simulation consumes time: 0.2589075565338135
Partial simulation consumes time: 0.25243258476257324
Partial simulation consumes time: 0.24997735023498535
Partial simulation consumes time: 0.24985766410827637
Partial simulation consumes time: 0.2633206844329834
Partial simulation consumes time: 0.2600901126861572
Partial simulation consumes time: 0.28124165534973145
Partial simulation consumes time: 0.26380085945129395
Partial simulation consumes time: 0.25397157669067383
Partial simulation consumes time: 0.25661492347717285
Partial simulation consumes time: 0.2557187080383301
Partial simulation consumes time: 0.251068115234375
Partial simulation consumes time: 0.3076052665710449
Partial simulation consumes time: 0.25527501106262207
Partial simulation consumes time: 0.26126670837402344
Partial simulation consumes time: 0.2656543254852295
Partial simulation consumes time: 0.27160048484802246
Partial simulation consumes time: 0.25090479850769043
Partial simulation consumes time: 0.2506248950958252
Partial simulation consumes time: 0.25241732597351074
Partial simulation consumes time: 0.2592892646789551
Partial simulation consumes time: 0.2530834674835205
Partial simulation consumes time: 0.2619602680206299
Partial simulation consumes time: 0.2543022632598877
Partial simulation consumes time: 0.25379323959350586
Partial simulation consumes time: 0.25131750106811523
Partial simulation consumes time: 0.21056175231933594
Partial simulation consumes time: 0.22138667106628418
Partial simulation consumes time: 0.21065425872802734
Partial simulation consumes time: 0.21322107315063477
Partial simulation consumes time: 0.19383788108825684
Partial simulation consumes time: 0.24072265625
Partial simulation consumes time: 0.20444893836975098
Partial simulation consumes time: 0.214552640914917
Partial simulation consumes time: 0.23855233192443848
Partial simulation consumes time: 0.1999671459197998
Partial simulation consumes time: 0.6169710159301758
Partial simulation consumes time: 0.18587255477905273
Partial simulation consumes time: 0.21634268760681152
Partial simulation consumes time: 0.23256731033325195
Partial simulation consumes time: 0.22571659088134766
Partial simulation consumes time: 0.21209502220153809
Partial simulation consumes time: 0.22655582427978516
Partial simulation consumes time: 0.22722840309143066
Partial simulation consumes time: 0.21018648147583008
Partial simulation consumes time: 0.21783971786499023
Partial simulation consumes time: 0.20925521850585938
Partial simulation consumes time: 0.23451972007751465
Partial simulation consumes time: 0.18130207061767578
Partial simulation consumes time: 0.21146726608276367
Partial simulation consumes time: 0.21115446090698242
Partial simulation consumes time: 0.22235417366027832
Partial simulation consumes time: 0.20900702476501465
Partial simulation consumes time: 0.1811051368713379
Partial simulation consumes time: 0.20232629776000977
Partial simulation consumes time: 0.18939566612243652
Partial simulation consumes time: 0.20247340202331543
Partial simulation consumes time: 0.1839613914489746
Partial simulation consumes time: 0.20884990692138672
Partial simulation consumes time: 0.21394848823547363
Partial simulation consumes time: 0.17796063423156738
Partial simulation consumes time: 0.18690729141235352
Partial simulation consumes time: 0.1846475601196289
Partial simulation consumes time: 0.1819307804107666
Partial simulation consumes time: 0.22531795501708984
Partial simulation consumes time: 0.19010424613952637
Partial simulation consumes time: 0.19585442543029785
Partial simulation consumes time: 0.2144167423248291
Partial simulation consumes time: 0.18283605575561523
Partial simulation consumes time: 0.22249436378479004
Partial simulation consumes time: 0.21432709693908691
Partial simulation consumes time: 0.21276187896728516
Partial simulation consumes time: 0.18353891372680664
Partial simulation consumes time: 0.21134519577026367
Partial simulation consumes time: 0.21796679496765137
Partial simulation consumes time: 0.1830906867980957
Partial simulation consumes time: 0.21587467193603516
Partial simulation consumes time: 0.17743444442749023
Partial simulation consumes time: 0.18247485160827637
Partial simulation consumes time: 0.18247365951538086
Partial simulation consumes time: 0.18292951583862305
Partial simulation consumes time: 0.17586994171142578
Partial simulation consumes time: 0.2042851448059082
Partial simulation consumes time: 0.19017601013183594
Partial simulation consumes time: 0.19319534301757812
Partial simulation consumes time: 0.22290802001953125
Partial simulation consumes time: 0.21729063987731934
Partial simulation consumes time: 0.18813252449035645
Partial simulation consumes time: 0.20152854919433594
Partial simulation consumes time: 0.23583507537841797
Partial simulation consumes time: 0.40402817726135254
Partial simulation consumes time: 0.4089517593383789
Partial simulation consumes time: 0.3679537773132324
Partial simulation consumes time: 0.3643362522125244
Partial simulation consumes time: 0.362351655960083
Partial simulation consumes time: 0.3691229820251465
Partial simulation consumes time: 0.3676605224609375
Partial simulation consumes time: 0.40559959411621094
Partial simulation consumes time: 0.39833879470825195
Partial simulation consumes time: 0.368436336517334
Partial simulation consumes time: 0.4312431812286377
Partial simulation consumes time: 0.40007686614990234
Partial simulation consumes time: 0.36687135696411133
Partial simulation consumes time: 0.4082176685333252
Partial simulation consumes time: 0.3610379695892334
Partial simulation consumes time: 0.38307738304138184
Partial simulation consumes time: 0.36673498153686523
Partial simulation consumes time: 0.37554478645324707
Partial simulation consumes time: 0.40997910499572754
Partial simulation consumes time: 0.36223530769348145
Partial simulation consumes time: 0.36849260330200195
Partial simulation consumes time: 0.3746216297149658
Partial simulation consumes time: 0.36434030532836914
Partial simulation consumes time: 0.41622352600097656
Partial simulation consumes time: 0.36414003372192383
Partial simulation consumes time: 0.3930060863494873
Partial simulation consumes time: 0.390045166015625
Partial simulation consumes time: 0.3600780963897705
Partial simulation consumes time: 0.3727388381958008
Partial simulation consumes time: 0.3775978088378906
Partial simulation consumes time: 0.37958645820617676
Partial simulation consumes time: 0.3713338375091553
Partial simulation consumes time: 0.4009413719177246
Partial simulation consumes time: 0.38288259506225586
Partial simulation consumes time: 0.3919856548309326
Partial simulation consumes time: 0.3968372344970703
Partial simulation consumes time: 0.3920159339904785
Partial simulation consumes time: 0.4242279529571533
Partial simulation consumes time: 0.3745291233062744
Partial simulation consumes time: 0.3896443843841553
Partial simulation consumes time: 0.36925768852233887
Partial simulation consumes time: 0.36254143714904785
Partial simulation consumes time: 0.39331889152526855
Partial simulation consumes time: 0.380582332611084
Partial simulation consumes time: 0.38269805908203125
Partial simulation consumes time: 0.401256799697876
Partial simulation consumes time: 0.4227924346923828
Partial simulation consumes time: 0.40892553329467773
Partial simulation consumes time: 0.3811516761779785
Partial simulation consumes time: 0.39144420623779297
Partial simulation consumes time: 0.3845038414001465
Partial simulation consumes time: 0.3836207389831543
Partial simulation consumes time: 0.3736579418182373
Partial simulation consumes time: 0.38448071479797363
Partial simulation consumes time: 0.3896975517272949
Partial simulation consumes time: 0.36660003662109375
Partial simulation consumes time: 0.36199212074279785
Partial simulation consumes time: 0.38991236686706543
Partial simulation consumes time: 0.38939428329467773
Partial simulation consumes time: 0.38071465492248535
Partial simulation consumes time: 0.4038677215576172
Partial simulation consumes time: 0.41175317764282227
Partial simulation consumes time: 0.37608933448791504
Partial simulation consumes time: 0.3975081443786621
Partial simulation consumes time: 0.34369969367980957
Partial simulation consumes time: 0.3460240364074707
Partial simulation consumes time: 0.36046767234802246
Partial simulation consumes time: 0.32257699966430664
Partial simulation consumes time: 0.3500511646270752
Partial simulation consumes time: 0.33549022674560547
Partial simulation consumes time: 0.7403767108917236
Partial simulation consumes time: 0.3409690856933594
Partial simulation consumes time: 0.34188318252563477
Partial simulation consumes time: 0.32828521728515625
Partial simulation consumes time: 0.35523033142089844
Partial simulation consumes time: 0.3328826427459717
Partial simulation consumes time: 0.31807708740234375
Partial simulation consumes time: 0.3485589027404785
Partial simulation consumes time: 0.34114503860473633
Partial simulation consumes time: 0.3331484794616699
Partial simulation consumes time: 0.3324248790740967
Partial simulation consumes time: 0.32410264015197754
Partial simulation consumes time: 0.34786534309387207
Partial simulation consumes time: 0.3507044315338135
Partial simulation consumes time: 0.34111618995666504
Partial simulation consumes time: 0.31975555419921875
Partial simulation consumes time: 0.34656286239624023
Partial simulation consumes time: 0.345231294631958
Partial simulation consumes time: 0.3409736156463623
Partial simulation consumes time: 0.33583903312683105
Partial simulation consumes time: 0.3441615104675293
Partial simulation consumes time: 0.3234066963195801
Partial simulation consumes time: 0.33670806884765625
Partial simulation consumes time: 0.33155131340026855
Partial simulation consumes time: 0.321563720703125
Partial simulation consumes time: 0.35332465171813965
Partial simulation consumes time: 0.319199800491333
Partial simulation consumes time: 0.3375539779663086
Partial simulation consumes time: 0.35843324661254883
Partial simulation consumes time: 0.3368844985961914
Partial simulation consumes time: 0.32902073860168457
Partial simulation consumes time: 0.33788323402404785
Partial simulation consumes time: 0.3601689338684082
Partial simulation consumes time: 0.34683918952941895
Partial simulation consumes time: 0.34112048149108887
Partial simulation consumes time: 0.3343207836151123
Partial simulation consumes time: 0.3417212963104248
Partial simulation consumes time: 0.3346989154815674
Partial simulation consumes time: 0.33201074600219727
Partial simulation consumes time: 0.324904203414917
Partial simulation consumes time: 0.35149288177490234
Partial simulation consumes time: 0.34880685806274414
Partial simulation consumes time: 0.35272812843322754
Partial simulation consumes time: 0.348116397857666
Partial simulation consumes time: 0.35582852363586426
Partial simulation consumes time: 0.34674715995788574
Partial simulation consumes time: 0.34754419326782227
Partial simulation consumes time: 0.32347846031188965
Partial simulation consumes time: 0.32439661026000977
Partial simulation consumes time: 0.34592604637145996
Partial simulation consumes time: 0.3370211124420166
Partial simulation consumes time: 0.33855152130126953
Partial simulation consumes time: 0.35013890266418457
Partial simulation consumes time: 0.36688923835754395
Partial simulation consumes time: 0.3538477420806885
Partial simulation consumes time: 0.3824598789215088
Partial simulation consumes time: 0.33892011642456055
Partial simulation consumes time: 0.3582189083099365
Partial simulation consumes time: 0.39705514907836914
Partial simulation consumes time: 0.4169883728027344
Partial simulation consumes time: 0.42094945907592773
Partial simulation consumes time: 0.3874068260192871
Partial simulation consumes time: 0.3982870578765869
Partial simulation consumes time: 0.4155144691467285
Partial simulation consumes time: 0.4244956970214844
Partial simulation consumes time: 0.39153528213500977
Partial simulation consumes time: 0.42322611808776855
Partial simulation consumes time: 0.394045352935791
Partial simulation consumes time: 0.3909904956817627
Partial simulation consumes time: 0.3968217372894287
Partial simulation consumes time: 0.4358055591583252
Partial simulation consumes time: 0.42125606536865234
Partial simulation consumes time: 0.395965576171875
Partial simulation consumes time: 0.39281654357910156
Partial simulation consumes time: 0.41388416290283203
Partial simulation consumes time: 0.42786288261413574
Partial simulation consumes time: 0.41500234603881836
Partial simulation consumes time: 0.39624691009521484
Partial simulation consumes time: 0.3901693820953369
Partial simulation consumes time: 0.40198373794555664
Partial simulation consumes time: 0.39574551582336426
Partial simulation consumes time: 0.40035152435302734
Partial simulation consumes time: 0.4103989601135254
Partial simulation consumes time: 0.4184086322784424
Partial simulation consumes time: 0.40877389907836914
Partial simulation consumes time: 0.43969202041625977
Partial simulation consumes time: 0.40061187744140625
Partial simulation consumes time: 0.3960912227630615
Partial simulation consumes time: 0.41201210021972656
Partial simulation consumes time: 0.4066050052642822
Partial simulation consumes time: 0.4193706512451172
Partial simulation consumes time: 0.42328357696533203
Partial simulation consumes time: 0.43529343605041504
Partial simulation consumes time: 0.4650266170501709
Partial simulation consumes time: 0.39176011085510254
Partial simulation consumes time: 0.43630266189575195
Partial simulation consumes time: 0.40050244331359863
Partial simulation consumes time: 0.46268582344055176
Partial simulation consumes time: 0.4278295040130615
Partial simulation consumes time: 0.40825605392456055
Partial simulation consumes time: 0.4013357162475586
Partial simulation consumes time: 0.39319634437561035
Partial simulation consumes time: 0.39592576026916504
Partial simulation consumes time: 0.4473705291748047
Partial simulation consumes time: 0.38777685165405273
Partial simulation consumes time: 0.391754150390625
Partial simulation consumes time: 0.4173564910888672
Partial simulation consumes time: 0.39752912521362305
Partial simulation consumes time: 0.4266502857208252
Partial simulation consumes time: 0.3953893184661865
Partial simulation consumes time: 0.43830227851867676
Partial simulation consumes time: 0.40235090255737305
Partial simulation consumes time: 0.43696022033691406
Partial simulation consumes time: 0.4021575450897217
Partial simulation consumes time: 0.4292304515838623
Partial simulation consumes time: 0.39659619331359863
Partial simulation consumes time: 0.8042433261871338
Partial simulation consumes time: 0.4319489002227783
Partial simulation consumes time: 0.4170355796813965
Partial simulation consumes time: 0.4157435894012451
Partial simulation consumes time: 0.4042050838470459
Partial simulation consumes time: 0.4173140525817871
Partial simulation consumes time: 0.10968637466430664
Partial simulation consumes time: 0.10251426696777344
Partial simulation consumes time: 0.09999394416809082
Partial simulation consumes time: 0.10109663009643555
Partial simulation consumes time: 0.10755515098571777
Partial simulation consumes time: 0.10490179061889648
Partial simulation consumes time: 0.10827302932739258
Partial simulation consumes time: 0.10537052154541016
Partial simulation consumes time: 0.11935639381408691
Partial simulation consumes time: 0.10151553153991699
Partial simulation consumes time: 0.09911561012268066
Partial simulation consumes time: 0.10060286521911621
Partial simulation consumes time: 0.10090160369873047
Partial simulation consumes time: 0.1005849838256836
Partial simulation consumes time: 0.11026763916015625
Partial simulation consumes time: 0.09964346885681152
Partial simulation consumes time: 0.09931015968322754
Partial simulation consumes time: 0.09876775741577148
Partial simulation consumes time: 0.10146641731262207
Partial simulation consumes time: 0.1021127700805664
Partial simulation consumes time: 0.1009373664855957
Partial simulation consumes time: 0.10930109024047852
Partial simulation consumes time: 0.10662460327148438
Partial simulation consumes time: 0.09882521629333496
Partial simulation consumes time: 0.10079240798950195
Partial simulation consumes time: 0.1009829044342041
Partial simulation consumes time: 0.10055685043334961
Partial simulation consumes time: 0.1086118221282959
Partial simulation consumes time: 0.10005545616149902
Partial simulation consumes time: 0.10065603256225586
Partial simulation consumes time: 0.10076498985290527
Partial simulation consumes time: 0.09994792938232422
Partial simulation consumes time: 0.09972906112670898
Partial simulation consumes time: 0.1013340950012207
Partial simulation consumes time: 0.11096620559692383
Partial simulation consumes time: 0.10132670402526855
Partial simulation consumes time: 0.10990047454833984
Partial simulation consumes time: 0.10439682006835938
Partial simulation consumes time: 0.10055255889892578
Partial simulation consumes time: 0.0991511344909668
Partial simulation consumes time: 0.11438632011413574
Partial simulation consumes time: 0.10063719749450684
Partial simulation consumes time: 0.10336971282958984
Partial simulation consumes time: 0.10234618186950684
Partial simulation consumes time: 0.10215640068054199
Partial simulation consumes time: 0.11321616172790527
Partial simulation consumes time: 0.10212421417236328
Partial simulation consumes time: 0.10632920265197754
Partial simulation consumes time: 0.10398101806640625
Partial simulation consumes time: 0.10530781745910645
Partial simulation consumes time: 0.09894967079162598
Partial simulation consumes time: 0.09944343566894531
Partial simulation consumes time: 0.09978222846984863
Partial simulation consumes time: 0.10056829452514648
Partial simulation consumes time: 0.10288453102111816
Partial simulation consumes time: 0.1009669303894043
Partial simulation consumes time: 0.12574267387390137
Partial simulation consumes time: 0.0995030403137207
Partial simulation consumes time: 0.10112404823303223
Partial simulation consumes time: 0.1101837158203125
Partial simulation consumes time: 0.0999295711517334
Partial simulation consumes time: 0.10257411003112793
Partial simulation consumes time: 0.1002342700958252
Partial simulation consumes time: 0.1125190258026123
Qdao runs:	850.1006603240967
_initialize	24.185037851333618
_preprocess	274.614376783371
_postprocess	267.6111011505127
_run	825.885603427887
load_sv	274.3219151496887
store_sv	267.59614968299866
Quafu runs:	314.5643422603607
.

================ 1 passed, 11 deselected in 1167.48s (0:19:27) =================
