============================= test session starts ==============================
platform linux -- Python 3.10.6, pytest-7.2.0, pluggy-1.0.0
rootdir: /root/projects/qcs
collected 12 items / 11 deselected / 1 selected

tst/qdao/engine.py 
::::::::::::::::::Config::::::::::::::::::

NQ::	27
NP::	21
NL::	13
D::	24

::::::::::::::::::Config::::::::::::::::::


:::Reusing existing bench:::::/root/projects/qcs/qdao/benchmarks/qasm/random_27_24_max_operands_2_gen.qasm::::::::

Partial simulation consumes time: 0.21944952011108398
Partial simulation consumes time: 0.24184703826904297
Partial simulation consumes time: 0.24932599067687988
Partial simulation consumes time: 0.22535991668701172
Partial simulation consumes time: 0.24731945991516113
Partial simulation consumes time: 0.2561829090118408
Partial simulation consumes time: 0.24616265296936035
Partial simulation consumes time: 0.2472684383392334
Partial simulation consumes time: 0.24427318572998047
Partial simulation consumes time: 0.25463390350341797
Partial simulation consumes time: 0.22945785522460938
Partial simulation consumes time: 0.22971224784851074
Partial simulation consumes time: 0.2348170280456543
Partial simulation consumes time: 0.2214646339416504
Partial simulation consumes time: 0.23401784896850586
Partial simulation consumes time: 0.23275041580200195
Partial simulation consumes time: 0.26219797134399414
Partial simulation consumes time: 0.23639488220214844
Partial simulation consumes time: 0.2711038589477539
Partial simulation consumes time: 0.24721050262451172
Partial simulation consumes time: 0.21956467628479004
Partial simulation consumes time: 0.23763632774353027
Partial simulation consumes time: 0.23801922798156738
Partial simulation consumes time: 0.24605083465576172
Partial simulation consumes time: 0.24830412864685059
Partial simulation consumes time: 0.22144746780395508
Partial simulation consumes time: 0.2494802474975586
Partial simulation consumes time: 0.24848532676696777
Partial simulation consumes time: 0.25582408905029297
Partial simulation consumes time: 0.2340865135192871
Partial simulation consumes time: 0.2333388328552246
Partial simulation consumes time: 0.21354174613952637
Partial simulation consumes time: 0.23828983306884766
Partial simulation consumes time: 0.2261819839477539
Partial simulation consumes time: 0.25919342041015625
Partial simulation consumes time: 0.22525835037231445
Partial simulation consumes time: 0.2256011962890625
Partial simulation consumes time: 0.23621225357055664
Partial simulation consumes time: 0.23017525672912598
Partial simulation consumes time: 0.24390029907226562
Partial simulation consumes time: 0.2557082176208496
Partial simulation consumes time: 0.2269885540008545
Partial simulation consumes time: 0.24682354927062988
Partial simulation consumes time: 0.24602293968200684
Partial simulation consumes time: 0.2486271858215332
Partial simulation consumes time: 0.24973845481872559
Partial simulation consumes time: 0.24407196044921875
Partial simulation consumes time: 0.23316454887390137
Partial simulation consumes time: 0.2263355255126953
Partial simulation consumes time: 0.24115371704101562
Partial simulation consumes time: 0.23507475852966309
Partial simulation consumes time: 0.22917509078979492
Partial simulation consumes time: 0.2402660846710205
Partial simulation consumes time: 0.23631906509399414
Partial simulation consumes time: 0.24467849731445312
Partial simulation consumes time: 0.23464059829711914
Partial simulation consumes time: 0.21185851097106934
Partial simulation consumes time: 0.23424005508422852
Partial simulation consumes time: 0.2605726718902588
Partial simulation consumes time: 0.24384355545043945
Partial simulation consumes time: 0.24965214729309082
Partial simulation consumes time: 0.2229161262512207
Partial simulation consumes time: 0.24601364135742188
Partial simulation consumes time: 0.23306035995483398
Partial simulation consumes time: 0.18881940841674805
Partial simulation consumes time: 0.1897280216217041
Partial simulation consumes time: 0.1960594654083252
Partial simulation consumes time: 0.18059945106506348
Partial simulation consumes time: 0.17775273323059082
Partial simulation consumes time: 0.15746784210205078
Partial simulation consumes time: 0.17112517356872559
Partial simulation consumes time: 0.19138216972351074
Partial simulation consumes time: 0.17698431015014648
Partial simulation consumes time: 0.15807747840881348
Partial simulation consumes time: 0.16339874267578125
Partial simulation consumes time: 0.14765644073486328
Partial simulation consumes time: 0.1524198055267334
Partial simulation consumes time: 0.1818394660949707
Partial simulation consumes time: 0.177476167678833
Partial simulation consumes time: 0.17102432250976562
Partial simulation consumes time: 0.18088340759277344
Partial simulation consumes time: 0.1454000473022461
Partial simulation consumes time: 0.21160268783569336
Partial simulation consumes time: 0.17998552322387695
Partial simulation consumes time: 0.2145092487335205
Partial simulation consumes time: 0.18259000778198242
Partial simulation consumes time: 0.19256091117858887
Partial simulation consumes time: 0.1525576114654541
Partial simulation consumes time: 0.1829378604888916
Partial simulation consumes time: 0.16865873336791992
Partial simulation consumes time: 0.1867234706878662
Partial simulation consumes time: 0.14595293998718262
Partial simulation consumes time: 0.17559266090393066
Partial simulation consumes time: 0.1588757038116455
Partial simulation consumes time: 0.16162657737731934
Partial simulation consumes time: 0.1496732234954834
Partial simulation consumes time: 0.1575016975402832
Partial simulation consumes time: 0.159376859664917
Partial simulation consumes time: 0.15238571166992188
Partial simulation consumes time: 0.17151594161987305
Partial simulation consumes time: 0.15841412544250488
Partial simulation consumes time: 0.15647315979003906
Partial simulation consumes time: 0.19139552116394043
Partial simulation consumes time: 0.1802816390991211
Partial simulation consumes time: 0.1785576343536377
Partial simulation consumes time: 0.17518353462219238
Partial simulation consumes time: 0.17682290077209473
Partial simulation consumes time: 0.15458345413208008
Partial simulation consumes time: 0.16938209533691406
Partial simulation consumes time: 0.15766382217407227
Partial simulation consumes time: 0.17581653594970703
Partial simulation consumes time: 0.1988232135772705
Partial simulation consumes time: 0.17564988136291504
Partial simulation consumes time: 0.19350004196166992
Partial simulation consumes time: 0.17313599586486816
Partial simulation consumes time: 0.15642237663269043
Partial simulation consumes time: 0.19405794143676758
Partial simulation consumes time: 0.16665911674499512
Partial simulation consumes time: 0.1984555721282959
Partial simulation consumes time: 0.17349004745483398
Partial simulation consumes time: 0.2080080509185791
Partial simulation consumes time: 0.1677863597869873
Partial simulation consumes time: 0.18972134590148926
Partial simulation consumes time: 0.19868254661560059
Partial simulation consumes time: 0.2021172046661377
Partial simulation consumes time: 0.18370747566223145
Partial simulation consumes time: 0.16630220413208008
Partial simulation consumes time: 0.14666438102722168
Partial simulation consumes time: 0.15177583694458008
Partial simulation consumes time: 0.2089235782623291
Partial simulation consumes time: 0.16303277015686035
Partial simulation consumes time: 0.16005706787109375
Partial simulation consumes time: 0.14841508865356445
Partial simulation consumes time: 0.18436360359191895
Partial simulation consumes time: 0.1638021469116211
Partial simulation consumes time: 0.20494937896728516
Partial simulation consumes time: 0.150984525680542
Partial simulation consumes time: 0.21032404899597168
Partial simulation consumes time: 0.20780158042907715
Partial simulation consumes time: 0.1708977222442627
Partial simulation consumes time: 0.20705366134643555
Partial simulation consumes time: 0.16421031951904297
Partial simulation consumes time: 0.20511484146118164
Partial simulation consumes time: 0.14860939979553223
Partial simulation consumes time: 0.2067270278930664
Partial simulation consumes time: 0.1543896198272705
Partial simulation consumes time: 0.1548173427581787
Partial simulation consumes time: 0.19388961791992188
Partial simulation consumes time: 0.158247709274292
Partial simulation consumes time: 0.19227099418640137
Partial simulation consumes time: 0.19681811332702637
Partial simulation consumes time: 0.19261384010314941
Partial simulation consumes time: 0.15040946006774902
Partial simulation consumes time: 0.21970105171203613
Partial simulation consumes time: 0.14525175094604492
Partial simulation consumes time: 0.14574623107910156
Partial simulation consumes time: 0.1533050537109375
Partial simulation consumes time: 0.20014405250549316
Partial simulation consumes time: 0.156080961227417
Partial simulation consumes time: 0.19838285446166992
Partial simulation consumes time: 0.17949914932250977
Partial simulation consumes time: 0.21048426628112793
Partial simulation consumes time: 0.1549534797668457
Partial simulation consumes time: 0.19056987762451172
Partial simulation consumes time: 0.19329047203063965
Partial simulation consumes time: 0.16394376754760742
Partial simulation consumes time: 0.2142958641052246
Partial simulation consumes time: 0.19079971313476562
Partial simulation consumes time: 0.18500185012817383
Partial simulation consumes time: 0.18886613845825195
Partial simulation consumes time: 0.16632437705993652
Partial simulation consumes time: 0.18360519409179688
Partial simulation consumes time: 0.1539151668548584
Partial simulation consumes time: 0.18915128707885742
Partial simulation consumes time: 0.1552715301513672
Partial simulation consumes time: 0.1531205177307129
Partial simulation consumes time: 0.2108016014099121
Partial simulation consumes time: 0.19240927696228027
Partial simulation consumes time: 0.19041872024536133
Partial simulation consumes time: 0.14588594436645508
Partial simulation consumes time: 0.20505475997924805
Partial simulation consumes time: 0.19161415100097656
Partial simulation consumes time: 0.18989253044128418
Partial simulation consumes time: 0.1920311450958252
Partial simulation consumes time: 0.1947031021118164
Partial simulation consumes time: 0.19760704040527344
Partial simulation consumes time: 0.2027912139892578
Partial simulation consumes time: 0.20093917846679688
Partial simulation consumes time: 0.15226316452026367
Partial simulation consumes time: 0.16587543487548828
Partial simulation consumes time: 0.1857290267944336
Partial simulation consumes time: 0.15758013725280762
Partial simulation consumes time: 0.11239266395568848
Partial simulation consumes time: 0.12432265281677246
Partial simulation consumes time: 0.10255026817321777
Partial simulation consumes time: 0.1150050163269043
Partial simulation consumes time: 0.11634564399719238
Partial simulation consumes time: 0.1126708984375
Partial simulation consumes time: 0.11054730415344238
Partial simulation consumes time: 0.11564993858337402
Partial simulation consumes time: 0.11295390129089355
Partial simulation consumes time: 0.12076449394226074
Partial simulation consumes time: 0.10766196250915527
Partial simulation consumes time: 0.11757969856262207
Partial simulation consumes time: 0.10544347763061523
Partial simulation consumes time: 0.1123051643371582
Partial simulation consumes time: 0.11722564697265625
Partial simulation consumes time: 0.12312698364257812
Partial simulation consumes time: 0.10615682601928711
Partial simulation consumes time: 0.11077618598937988
Partial simulation consumes time: 0.09939169883728027
Partial simulation consumes time: 0.11531424522399902
Partial simulation consumes time: 0.10477733612060547
Partial simulation consumes time: 0.12503647804260254
Partial simulation consumes time: 0.1095583438873291
Partial simulation consumes time: 0.1237647533416748
Partial simulation consumes time: 0.12121796607971191
Partial simulation consumes time: 0.11837339401245117
Partial simulation consumes time: 0.10071229934692383
Partial simulation consumes time: 0.11496353149414062
Partial simulation consumes time: 0.10464763641357422
Partial simulation consumes time: 0.11571884155273438
Partial simulation consumes time: 0.10472488403320312
Partial simulation consumes time: 0.12160277366638184
Partial simulation consumes time: 0.11057353019714355
Partial simulation consumes time: 0.11833906173706055
Partial simulation consumes time: 0.10958719253540039
Partial simulation consumes time: 0.12579894065856934
Partial simulation consumes time: 0.1032404899597168
Partial simulation consumes time: 0.11571621894836426
Partial simulation consumes time: 0.1137237548828125
Partial simulation consumes time: 0.12987208366394043
Partial simulation consumes time: 0.10957908630371094
Partial simulation consumes time: 0.12047815322875977
Partial simulation consumes time: 0.10942769050598145
Partial simulation consumes time: 0.11286735534667969
Partial simulation consumes time: 0.11079883575439453
Partial simulation consumes time: 0.11705493927001953
Partial simulation consumes time: 0.10007882118225098
Partial simulation consumes time: 0.11639070510864258
Partial simulation consumes time: 0.10842657089233398
Partial simulation consumes time: 0.11952352523803711
Partial simulation consumes time: 0.10292434692382812
Partial simulation consumes time: 0.12215280532836914
Partial simulation consumes time: 0.10853433609008789
Partial simulation consumes time: 0.1221151351928711
Partial simulation consumes time: 0.1009821891784668
Partial simulation consumes time: 0.11821651458740234
Partial simulation consumes time: 0.10715293884277344
Partial simulation consumes time: 0.11605024337768555
Partial simulation consumes time: 0.11043500900268555
Partial simulation consumes time: 0.11647629737854004
Partial simulation consumes time: 0.10981440544128418
Partial simulation consumes time: 0.1320347785949707
Partial simulation consumes time: 0.106689453125
Partial simulation consumes time: 0.12556838989257812
Partial simulation consumes time: 0.16991019248962402
Partial simulation consumes time: 0.17125844955444336
Partial simulation consumes time: 0.1738293170928955
Partial simulation consumes time: 0.1764390468597412
Partial simulation consumes time: 0.16785192489624023
Partial simulation consumes time: 0.1586446762084961
Partial simulation consumes time: 0.1687636375427246
Partial simulation consumes time: 0.1521143913269043
Partial simulation consumes time: 0.16417574882507324
Partial simulation consumes time: 0.16115832328796387
Partial simulation consumes time: 0.1641063690185547
Partial simulation consumes time: 0.16018271446228027
Partial simulation consumes time: 0.17900800704956055
Partial simulation consumes time: 0.16832685470581055
Partial simulation consumes time: 0.17648100852966309
Partial simulation consumes time: 0.15602731704711914
Partial simulation consumes time: 0.15679025650024414
Partial simulation consumes time: 0.16512179374694824
Partial simulation consumes time: 0.1640462875366211
Partial simulation consumes time: 0.17640233039855957
Partial simulation consumes time: 0.16430997848510742
Partial simulation consumes time: 0.16988039016723633
Partial simulation consumes time: 0.1919867992401123
Partial simulation consumes time: 0.17128515243530273
Partial simulation consumes time: 0.17294859886169434
Partial simulation consumes time: 0.16208386421203613
Partial simulation consumes time: 0.18283891677856445
Partial simulation consumes time: 0.17273688316345215
Partial simulation consumes time: 0.1670083999633789
Partial simulation consumes time: 0.17041540145874023
Partial simulation consumes time: 0.18350481986999512
Partial simulation consumes time: 0.15894603729248047
Partial simulation consumes time: 0.1543138027191162
Partial simulation consumes time: 0.17127156257629395
Partial simulation consumes time: 0.16446757316589355
Partial simulation consumes time: 0.18510031700134277
Partial simulation consumes time: 0.1765909194946289
Partial simulation consumes time: 0.18180561065673828
Partial simulation consumes time: 0.1679224967956543
Partial simulation consumes time: 0.1811673641204834
Partial simulation consumes time: 0.17327547073364258
Partial simulation consumes time: 0.5969192981719971
Partial simulation consumes time: 0.17246508598327637
Partial simulation consumes time: 0.16613149642944336
Partial simulation consumes time: 0.17481040954589844
Partial simulation consumes time: 0.1751258373260498
Partial simulation consumes time: 0.16941213607788086
Partial simulation consumes time: 0.15534210205078125
Partial simulation consumes time: 0.17577695846557617
Partial simulation consumes time: 0.1630690097808838
Partial simulation consumes time: 0.17215371131896973
Partial simulation consumes time: 0.1591200828552246
Partial simulation consumes time: 0.16742205619812012
Partial simulation consumes time: 0.17310404777526855
Partial simulation consumes time: 0.19040679931640625
Partial simulation consumes time: 0.1624438762664795
Partial simulation consumes time: 0.1824636459350586
Partial simulation consumes time: 0.1711564064025879
Partial simulation consumes time: 0.18481683731079102
Partial simulation consumes time: 0.16234087944030762
Partial simulation consumes time: 0.16783428192138672
Partial simulation consumes time: 0.17357492446899414
Partial simulation consumes time: 0.17419719696044922
Partial simulation consumes time: 0.18608999252319336
Partial simulation consumes time: 0.140244722366333
Partial simulation consumes time: 0.14044642448425293
Partial simulation consumes time: 0.1579887866973877
Partial simulation consumes time: 0.15894174575805664
Partial simulation consumes time: 0.14392375946044922
Partial simulation consumes time: 0.17347288131713867
Partial simulation consumes time: 0.1599421501159668
Partial simulation consumes time: 0.17299532890319824
Partial simulation consumes time: 0.16744160652160645
Partial simulation consumes time: 0.1497640609741211
Partial simulation consumes time: 0.15326309204101562
Partial simulation consumes time: 0.15543293952941895
Partial simulation consumes time: 0.16176199913024902
Partial simulation consumes time: 0.18119168281555176
Partial simulation consumes time: 0.1670997142791748
Partial simulation consumes time: 0.1624889373779297
Partial simulation consumes time: 0.15383076667785645
Partial simulation consumes time: 0.15790653228759766
Partial simulation consumes time: 0.15446090698242188
Partial simulation consumes time: 0.15053033828735352
Partial simulation consumes time: 0.14156293869018555
Partial simulation consumes time: 0.1453242301940918
Partial simulation consumes time: 0.15450334548950195
Partial simulation consumes time: 0.15456223487854004
Partial simulation consumes time: 0.1791400909423828
Partial simulation consumes time: 0.15299654006958008
Partial simulation consumes time: 0.1593003273010254
Partial simulation consumes time: 0.15191030502319336
Partial simulation consumes time: 0.16169047355651855
Partial simulation consumes time: 0.14508295059204102
Partial simulation consumes time: 0.14397358894348145
Partial simulation consumes time: 0.16295266151428223
Partial simulation consumes time: 0.15956950187683105
Partial simulation consumes time: 0.1538856029510498
Partial simulation consumes time: 0.15554475784301758
Partial simulation consumes time: 0.14339900016784668
Partial simulation consumes time: 0.15333938598632812
Partial simulation consumes time: 0.14565277099609375
Partial simulation consumes time: 0.14601397514343262
Partial simulation consumes time: 0.1487431526184082
Partial simulation consumes time: 0.14956951141357422
Partial simulation consumes time: 0.1475210189819336
Partial simulation consumes time: 0.15315842628479004
Partial simulation consumes time: 0.15149807929992676
Partial simulation consumes time: 0.14924359321594238
Partial simulation consumes time: 0.1469285488128662
Partial simulation consumes time: 0.15033507347106934
Partial simulation consumes time: 0.155686616897583
Partial simulation consumes time: 0.15067291259765625
Partial simulation consumes time: 0.14324188232421875
Partial simulation consumes time: 0.14551043510437012
Partial simulation consumes time: 0.14817404747009277
Partial simulation consumes time: 0.14908075332641602
Partial simulation consumes time: 0.15398454666137695
Partial simulation consumes time: 0.14302396774291992
Partial simulation consumes time: 0.15878725051879883
Partial simulation consumes time: 0.14125275611877441
Partial simulation consumes time: 0.1538383960723877
Partial simulation consumes time: 0.17569589614868164
Partial simulation consumes time: 0.16857647895812988
Partial simulation consumes time: 0.16548752784729004
Partial simulation consumes time: 0.16877031326293945
Partial simulation consumes time: 0.16118264198303223
Partial simulation consumes time: 0.14373135566711426
Partial simulation consumes time: 0.13973736763000488
Partial simulation consumes time: 0.1587977409362793
Partial simulation consumes time: 0.1625227928161621
Partial simulation consumes time: 0.15737152099609375
Partial simulation consumes time: 0.15610814094543457
Partial simulation consumes time: 0.15210437774658203
Partial simulation consumes time: 0.15127301216125488
Partial simulation consumes time: 0.14982390403747559
Partial simulation consumes time: 0.145707368850708
Partial simulation consumes time: 0.14734172821044922
Partial simulation consumes time: 0.16867351531982422
Partial simulation consumes time: 0.1582498550415039
Partial simulation consumes time: 0.15269708633422852
Partial simulation consumes time: 0.14290213584899902
Partial simulation consumes time: 0.1574714183807373
Partial simulation consumes time: 0.1488511562347412
Partial simulation consumes time: 0.16223406791687012
Partial simulation consumes time: 0.15616106986999512
Partial simulation consumes time: 0.1678605079650879
Partial simulation consumes time: 0.18516135215759277
Partial simulation consumes time: 0.1547694206237793
Partial simulation consumes time: 0.14621996879577637
Partial simulation consumes time: 0.15369915962219238
Partial simulation consumes time: 0.15038657188415527
Partial simulation consumes time: 0.14972853660583496
Partial simulation consumes time: 0.16630053520202637
Partial simulation consumes time: 0.15712904930114746
Partial simulation consumes time: 0.16839194297790527
Partial simulation consumes time: 0.15125250816345215
Partial simulation consumes time: 0.1430051326751709
Partial simulation consumes time: 0.15364360809326172
Partial simulation consumes time: 0.15349531173706055
Partial simulation consumes time: 0.1467885971069336
Partial simulation consumes time: 0.15218472480773926
Partial simulation consumes time: 0.1526176929473877
Partial simulation consumes time: 0.1532304286956787
Partial simulation consumes time: 0.16045427322387695
Partial simulation consumes time: 0.1619570255279541
Partial simulation consumes time: 0.16765832901000977
Partial simulation consumes time: 0.15279030799865723
Partial simulation consumes time: 0.14735078811645508
Partial simulation consumes time: 0.15364384651184082
Partial simulation consumes time: 0.15210819244384766
Partial simulation consumes time: 0.1575913429260254
Partial simulation consumes time: 0.15083765983581543
Partial simulation consumes time: 0.1605067253112793
Partial simulation consumes time: 0.15570735931396484
Partial simulation consumes time: 0.15244674682617188
Partial simulation consumes time: 0.15235304832458496
Partial simulation consumes time: 0.15010523796081543
Partial simulation consumes time: 0.14496421813964844
Partial simulation consumes time: 0.14843320846557617
Partial simulation consumes time: 0.15701985359191895
Partial simulation consumes time: 0.14224958419799805
Partial simulation consumes time: 0.15196752548217773
Partial simulation consumes time: 0.1570751667022705
Partial simulation consumes time: 0.15652203559875488
Partial simulation consumes time: 0.1504218578338623
Partial simulation consumes time: 0.14771795272827148
Partial simulation consumes time: 0.15067100524902344
Partial simulation consumes time: 0.15315723419189453
Partial simulation consumes time: 0.14361166954040527
Partial simulation consumes time: 0.1504979133605957
Partial simulation consumes time: 0.14216065406799316
Partial simulation consumes time: 0.2805323600769043
Partial simulation consumes time: 0.3031449317932129
Partial simulation consumes time: 0.314791202545166
Partial simulation consumes time: 0.2862701416015625
Partial simulation consumes time: 0.2819557189941406
Partial simulation consumes time: 0.2745513916015625
Partial simulation consumes time: 0.2760303020477295
Partial simulation consumes time: 0.2932009696960449
Partial simulation consumes time: 0.2792699337005615
Partial simulation consumes time: 0.27414798736572266
Partial simulation consumes time: 0.27117347717285156
Partial simulation consumes time: 0.30362510681152344
Partial simulation consumes time: 0.28408360481262207
Partial simulation consumes time: 0.29500341415405273
Partial simulation consumes time: 0.27168941497802734
Partial simulation consumes time: 0.2814667224884033
Partial simulation consumes time: 0.2969188690185547
Partial simulation consumes time: 0.2815864086151123
Partial simulation consumes time: 0.27724480628967285
Partial simulation consumes time: 0.2928500175476074
Partial simulation consumes time: 0.28861379623413086
Partial simulation consumes time: 0.28188228607177734
Partial simulation consumes time: 0.29659605026245117
Partial simulation consumes time: 0.2807016372680664
Partial simulation consumes time: 0.3036017417907715
Partial simulation consumes time: 0.30765724182128906
Partial simulation consumes time: 0.3009803295135498
Partial simulation consumes time: 0.2724783420562744
Partial simulation consumes time: 0.2875559329986572
Partial simulation consumes time: 0.33338427543640137
Partial simulation consumes time: 0.29787588119506836
Partial simulation consumes time: 0.2843811511993408
Partial simulation consumes time: 0.27468347549438477
Partial simulation consumes time: 0.2933058738708496
Partial simulation consumes time: 0.2814464569091797
Partial simulation consumes time: 0.2933626174926758
Partial simulation consumes time: 0.28832292556762695
Partial simulation consumes time: 0.29392576217651367
Partial simulation consumes time: 0.2822105884552002
Partial simulation consumes time: 0.2752993106842041
Partial simulation consumes time: 0.30635881423950195
Partial simulation consumes time: 0.3025364875793457
Partial simulation consumes time: 0.28443264961242676
Partial simulation consumes time: 0.2782320976257324
Partial simulation consumes time: 0.2736814022064209
Partial simulation consumes time: 0.2835514545440674
Partial simulation consumes time: 0.2710905075073242
Partial simulation consumes time: 0.27593469619750977
Partial simulation consumes time: 0.2838404178619385
Partial simulation consumes time: 0.31421780586242676
Partial simulation consumes time: 0.3034489154815674
Partial simulation consumes time: 0.26186227798461914
Partial simulation consumes time: 0.2598721981048584
Partial simulation consumes time: 0.30089330673217773
Partial simulation consumes time: 0.31154608726501465
Partial simulation consumes time: 0.2981255054473877
Partial simulation consumes time: 0.2767171859741211
Partial simulation consumes time: 0.26842784881591797
Partial simulation consumes time: 0.2800309658050537
Partial simulation consumes time: 0.2804069519042969
Partial simulation consumes time: 0.28453588485717773
Partial simulation consumes time: 0.2832489013671875
Partial simulation consumes time: 0.3078579902648926
Partial simulation consumes time: 0.2660653591156006
Partial simulation consumes time: 0.24138784408569336
Partial simulation consumes time: 0.27233266830444336
Partial simulation consumes time: 0.2852349281311035
Partial simulation consumes time: 0.29546213150024414
Partial simulation consumes time: 0.29188036918640137
Partial simulation consumes time: 0.26473259925842285
Partial simulation consumes time: 0.23719072341918945
Partial simulation consumes time: 0.3027353286743164
Partial simulation consumes time: 0.289919376373291
Partial simulation consumes time: 0.30687689781188965
Partial simulation consumes time: 0.25002598762512207
Partial simulation consumes time: 0.24828171730041504
Partial simulation consumes time: 0.32088303565979004
Partial simulation consumes time: 0.2961716651916504
Partial simulation consumes time: 0.30159997940063477
Partial simulation consumes time: 0.2931363582611084
Partial simulation consumes time: 0.27103376388549805
Partial simulation consumes time: 0.2959561347961426
Partial simulation consumes time: 0.2899339199066162
Partial simulation consumes time: 0.24618744850158691
Partial simulation consumes time: 0.23892784118652344
Partial simulation consumes time: 0.3128983974456787
Partial simulation consumes time: 0.31369948387145996
Partial simulation consumes time: 0.27116966247558594
Partial simulation consumes time: 0.25106191635131836
Partial simulation consumes time: 0.29303622245788574
Partial simulation consumes time: 0.3038458824157715
Partial simulation consumes time: 0.31238722801208496
Partial simulation consumes time: 0.32143354415893555
Partial simulation consumes time: 0.30513715744018555
Partial simulation consumes time: 0.3153219223022461
Partial simulation consumes time: 0.31032752990722656
Partial simulation consumes time: 0.3023819923400879
Partial simulation consumes time: 0.30188751220703125
Partial simulation consumes time: 0.302091121673584
Partial simulation consumes time: 0.30054521560668945
Partial simulation consumes time: 0.2660524845123291
Partial simulation consumes time: 0.2527592182159424
Partial simulation consumes time: 0.2994959354400635
Partial simulation consumes time: 0.3174471855163574
Partial simulation consumes time: 0.27376532554626465
Partial simulation consumes time: 0.30864500999450684
Partial simulation consumes time: 0.26211047172546387
Partial simulation consumes time: 0.3218681812286377
Partial simulation consumes time: 0.2424602508544922
Partial simulation consumes time: 0.2473435401916504
Partial simulation consumes time: 0.31839442253112793
Partial simulation consumes time: 0.3053553104400635
Partial simulation consumes time: 0.2606348991394043
Partial simulation consumes time: 0.2968404293060303
Partial simulation consumes time: 0.2751944065093994
Partial simulation consumes time: 0.2451798915863037
Partial simulation consumes time: 0.25203776359558105
Partial simulation consumes time: 0.3036377429962158
Partial simulation consumes time: 0.3146505355834961
Partial simulation consumes time: 0.29778432846069336
Partial simulation consumes time: 0.28280043601989746
Partial simulation consumes time: 0.28907275199890137
Partial simulation consumes time: 0.274616003036499
Partial simulation consumes time: 0.2522869110107422
Partial simulation consumes time: 0.290834903717041
Partial simulation consumes time: 0.2994096279144287
Partial simulation consumes time: 0.29196786880493164
Partial simulation consumes time: 0.2771730422973633
Partial simulation consumes time: 0.17160367965698242
Partial simulation consumes time: 0.18204522132873535
Partial simulation consumes time: 0.1479175090789795
Partial simulation consumes time: 0.15428829193115234
Partial simulation consumes time: 0.1501924991607666
Partial simulation consumes time: 0.16551566123962402
Partial simulation consumes time: 0.1411275863647461
Partial simulation consumes time: 0.1553497314453125
Partial simulation consumes time: 0.14041638374328613
Partial simulation consumes time: 0.15664291381835938
Partial simulation consumes time: 0.14748120307922363
Partial simulation consumes time: 0.16076421737670898
Partial simulation consumes time: 0.14843392372131348
Partial simulation consumes time: 0.16454482078552246
Partial simulation consumes time: 0.1679670810699463
Partial simulation consumes time: 0.513336181640625
Partial simulation consumes time: 0.17436742782592773
Partial simulation consumes time: 0.16249966621398926
Partial simulation consumes time: 0.17159676551818848
Partial simulation consumes time: 0.1548759937286377
Partial simulation consumes time: 0.16489744186401367
Partial simulation consumes time: 0.16283607482910156
Partial simulation consumes time: 0.16353893280029297
Partial simulation consumes time: 0.14954638481140137
Partial simulation consumes time: 0.16028690338134766
Partial simulation consumes time: 0.1651439666748047
Partial simulation consumes time: 0.1525583267211914
Partial simulation consumes time: 0.15283942222595215
Partial simulation consumes time: 0.1716921329498291
Partial simulation consumes time: 0.14838099479675293
Partial simulation consumes time: 0.15058660507202148
Partial simulation consumes time: 0.14441680908203125
Partial simulation consumes time: 0.16310977935791016
Partial simulation consumes time: 0.1666409969329834
Partial simulation consumes time: 0.15343976020812988
Partial simulation consumes time: 0.1524043083190918
Partial simulation consumes time: 0.16618752479553223
Partial simulation consumes time: 0.14510393142700195
Partial simulation consumes time: 0.14771699905395508
Partial simulation consumes time: 0.14683103561401367
Partial simulation consumes time: 0.14466595649719238
Partial simulation consumes time: 0.15231871604919434
Partial simulation consumes time: 0.16359186172485352
Partial simulation consumes time: 0.17383670806884766
Partial simulation consumes time: 0.16422176361083984
Partial simulation consumes time: 0.17962265014648438
Partial simulation consumes time: 0.15939807891845703
Partial simulation consumes time: 0.15215063095092773
Partial simulation consumes time: 0.14957022666931152
Partial simulation consumes time: 0.14943790435791016
Partial simulation consumes time: 0.1702115535736084
Partial simulation consumes time: 0.15384316444396973
Partial simulation consumes time: 0.1633896827697754
Partial simulation consumes time: 0.17319941520690918
Partial simulation consumes time: 0.17587757110595703
Partial simulation consumes time: 0.14595460891723633
Partial simulation consumes time: 0.14716744422912598
Partial simulation consumes time: 0.17244982719421387
Partial simulation consumes time: 0.15363717079162598
Partial simulation consumes time: 0.15293097496032715
Partial simulation consumes time: 0.16041111946105957
Partial simulation consumes time: 0.15174579620361328
Partial simulation consumes time: 0.15798377990722656
Partial simulation consumes time: 0.16554927825927734
Partial simulation consumes time: 0.24547314643859863
Partial simulation consumes time: 0.2315199375152588
Partial simulation consumes time: 0.23330116271972656
Partial simulation consumes time: 0.24331355094909668
Partial simulation consumes time: 0.2627897262573242
Partial simulation consumes time: 0.2428607940673828
Partial simulation consumes time: 0.27114367485046387
Partial simulation consumes time: 0.27111029624938965
Partial simulation consumes time: 0.25029921531677246
Partial simulation consumes time: 0.2496051788330078
Partial simulation consumes time: 0.2515742778778076
Partial simulation consumes time: 0.24218440055847168
Partial simulation consumes time: 0.2662785053253174
Partial simulation consumes time: 0.2833075523376465
Partial simulation consumes time: 0.23245787620544434
Partial simulation consumes time: 0.26195812225341797
Partial simulation consumes time: 0.27124714851379395
Partial simulation consumes time: 0.28185558319091797
Partial simulation consumes time: 0.24913549423217773
Partial simulation consumes time: 0.280226469039917
Partial simulation consumes time: 0.24659991264343262
Partial simulation consumes time: 0.2320556640625
Partial simulation consumes time: 0.269350528717041
Partial simulation consumes time: 0.2607753276824951
Partial simulation consumes time: 0.28234291076660156
Partial simulation consumes time: 0.2696805000305176
Partial simulation consumes time: 0.24368786811828613
Partial simulation consumes time: 0.2593672275543213
Partial simulation consumes time: 0.26193666458129883
Partial simulation consumes time: 0.2683854103088379
Partial simulation consumes time: 0.2802114486694336
Partial simulation consumes time: 0.2428138256072998
Partial simulation consumes time: 0.24755072593688965
Partial simulation consumes time: 0.2684307098388672
Partial simulation consumes time: 0.2447807788848877
Partial simulation consumes time: 0.2647104263305664
Partial simulation consumes time: 0.24237537384033203
Partial simulation consumes time: 0.2416839599609375
Partial simulation consumes time: 0.26551055908203125
Partial simulation consumes time: 0.2778470516204834
Partial simulation consumes time: 0.24347376823425293
Partial simulation consumes time: 0.2301943302154541
Partial simulation consumes time: 0.22822213172912598
Partial simulation consumes time: 0.23902297019958496
Partial simulation consumes time: 0.2899916172027588
Partial simulation consumes time: 0.25039005279541016
Partial simulation consumes time: 0.24612641334533691
Partial simulation consumes time: 0.24644231796264648
Partial simulation consumes time: 0.23496723175048828
Partial simulation consumes time: 0.23517894744873047
Partial simulation consumes time: 0.24548029899597168
Partial simulation consumes time: 0.2605929374694824
Partial simulation consumes time: 0.23795628547668457
Partial simulation consumes time: 0.2409803867340088
Partial simulation consumes time: 0.2333207130432129
Partial simulation consumes time: 0.24468493461608887
Partial simulation consumes time: 0.24843215942382812
Partial simulation consumes time: 0.2524433135986328
Partial simulation consumes time: 0.27281951904296875
Partial simulation consumes time: 0.2607405185699463
Partial simulation consumes time: 0.24856281280517578
Partial simulation consumes time: 0.22997498512268066
Partial simulation consumes time: 0.25449204444885254
Partial simulation consumes time: 0.2918522357940674
Partial simulation consumes time: 0.19560718536376953
Partial simulation consumes time: 0.2048625946044922
Partial simulation consumes time: 0.2019498348236084
Partial simulation consumes time: 0.20357513427734375
Partial simulation consumes time: 0.20767474174499512
Partial simulation consumes time: 0.19227147102355957
Partial simulation consumes time: 0.18510770797729492
Partial simulation consumes time: 0.19454050064086914
Partial simulation consumes time: 0.1839749813079834
Partial simulation consumes time: 0.2069699764251709
Partial simulation consumes time: 0.19941473007202148
Partial simulation consumes time: 0.18462324142456055
Partial simulation consumes time: 0.2033367156982422
Partial simulation consumes time: 0.19344234466552734
Partial simulation consumes time: 0.1728813648223877
Partial simulation consumes time: 0.1886601448059082
Partial simulation consumes time: 0.19166851043701172
Partial simulation consumes time: 0.19449853897094727
Partial simulation consumes time: 0.18274450302124023
Partial simulation consumes time: 0.216871976852417
Partial simulation consumes time: 0.17431116104125977
Partial simulation consumes time: 0.17997479438781738
Partial simulation consumes time: 0.18304657936096191
Partial simulation consumes time: 0.18530058860778809
Partial simulation consumes time: 0.1964578628540039
Partial simulation consumes time: 0.2248668670654297
Partial simulation consumes time: 0.18318510055541992
Partial simulation consumes time: 0.17680144309997559
Partial simulation consumes time: 0.1854114532470703
Partial simulation consumes time: 0.19518303871154785
Partial simulation consumes time: 0.1780097484588623
Partial simulation consumes time: 0.1878187656402588
Partial simulation consumes time: 0.20919466018676758
Partial simulation consumes time: 0.17640972137451172
Partial simulation consumes time: 0.19481325149536133
Partial simulation consumes time: 0.20195293426513672
Partial simulation consumes time: 0.16988754272460938
Partial simulation consumes time: 0.19000458717346191
Partial simulation consumes time: 0.2028048038482666
Partial simulation consumes time: 0.2203223705291748
Partial simulation consumes time: 0.18314313888549805
Partial simulation consumes time: 0.18871212005615234
Partial simulation consumes time: 0.20475125312805176
Partial simulation consumes time: 0.1936323642730713
Partial simulation consumes time: 0.19563746452331543
Partial simulation consumes time: 0.1930067539215088
Partial simulation consumes time: 0.1856708526611328
Partial simulation consumes time: 0.19629955291748047
Partial simulation consumes time: 0.19210267066955566
Partial simulation consumes time: 0.2204601764678955
Partial simulation consumes time: 0.18714284896850586
Partial simulation consumes time: 0.19854092597961426
Partial simulation consumes time: 0.19796371459960938
Partial simulation consumes time: 0.1812431812286377
Partial simulation consumes time: 0.18046188354492188
Partial simulation consumes time: 0.208174467086792
Partial simulation consumes time: 0.19124054908752441
Partial simulation consumes time: 0.22304177284240723
Partial simulation consumes time: 0.2065432071685791
Partial simulation consumes time: 0.17483305931091309
Partial simulation consumes time: 0.21830248832702637
Partial simulation consumes time: 0.2038414478302002
Partial simulation consumes time: 0.19072818756103516
Partial simulation consumes time: 0.18865370750427246
Qdao runs:	310.0672039985657
_initialize	6.914420127868652
_preprocess	69.47371649742126
_postprocess	81.4296350479126
_run	303.1228275299072
load_sv	69.17727732658386
store_sv	81.41525888442993
Quafu runs:	151.11962628364563
.

================= 1 passed, 11 deselected in 463.54s (0:07:43) =================
