============================= test session starts ==============================
platform linux -- Python 3.10.6, pytest-7.2.0, pluggy-1.0.0
rootdir: /root/projects/qcs
collected 12 items / 11 deselected / 1 selected

tst/qdao/engine.py 
::::::::::::::::::Config::::::::::::::::::

NQ::	24
NP::	18
NL::	14
D::	21

::::::::::::::::::Config::::::::::::::::::


:::Reusing existing bench:::::/root/projects/qcs/qdao/benchmarks/qasm/random_24_21_max_operands_2_gen.qasm::::::::

Partial simulation consumes time: 0.02013540267944336
Partial simulation consumes time: 0.01804041862487793
Partial simulation consumes time: 0.019094228744506836
Partial simulation consumes time: 0.018021583557128906
Partial simulation consumes time: 0.025398731231689453
Partial simulation consumes time: 0.01780843734741211
Partial simulation consumes time: 0.01791691780090332
Partial simulation consumes time: 0.018292903900146484
Partial simulation consumes time: 0.016706228256225586
Partial simulation consumes time: 0.018286943435668945
Partial simulation consumes time: 0.01868128776550293
Partial simulation consumes time: 0.01862502098083496
Partial simulation consumes time: 0.018212318420410156
Partial simulation consumes time: 0.018364429473876953
Partial simulation consumes time: 0.019362926483154297
Partial simulation consumes time: 0.019161224365234375
Partial simulation consumes time: 0.02041459083557129
Partial simulation consumes time: 0.01921820640563965
Partial simulation consumes time: 0.017493486404418945
Partial simulation consumes time: 0.01806020736694336
Partial simulation consumes time: 0.018414735794067383
Partial simulation consumes time: 0.017231464385986328
Partial simulation consumes time: 0.018372774124145508
Partial simulation consumes time: 0.018073081970214844
Partial simulation consumes time: 0.01822805404663086
Partial simulation consumes time: 0.018108367919921875
Partial simulation consumes time: 0.01900196075439453
Partial simulation consumes time: 0.018209457397460938
Partial simulation consumes time: 0.017822742462158203
Partial simulation consumes time: 0.018040180206298828
Partial simulation consumes time: 0.02058553695678711
Partial simulation consumes time: 0.01900339126586914
Partial simulation consumes time: 0.01874518394470215
Partial simulation consumes time: 0.021831512451171875
Partial simulation consumes time: 0.015827417373657227
Partial simulation consumes time: 0.017531156539916992
Partial simulation consumes time: 0.01791977882385254
Partial simulation consumes time: 0.01794576644897461
Partial simulation consumes time: 0.017652034759521484
Partial simulation consumes time: 0.017691612243652344
Partial simulation consumes time: 0.018692970275878906
Partial simulation consumes time: 0.019170045852661133
Partial simulation consumes time: 0.0182037353515625
Partial simulation consumes time: 0.015796184539794922
Partial simulation consumes time: 0.01964735984802246
Partial simulation consumes time: 0.017062902450561523
Partial simulation consumes time: 0.01831197738647461
Partial simulation consumes time: 0.01789236068725586
Partial simulation consumes time: 0.018248319625854492
Partial simulation consumes time: 0.018306255340576172
Partial simulation consumes time: 0.018695592880249023
Partial simulation consumes time: 0.017498493194580078
Partial simulation consumes time: 0.019238948822021484
Partial simulation consumes time: 0.017814159393310547
Partial simulation consumes time: 0.019962310791015625
Partial simulation consumes time: 0.01769113540649414
Partial simulation consumes time: 0.018390893936157227
Partial simulation consumes time: 0.019013166427612305
Partial simulation consumes time: 0.01827859878540039
Partial simulation consumes time: 0.018619775772094727
Partial simulation consumes time: 0.017782211303710938
Partial simulation consumes time: 0.02073526382446289
Partial simulation consumes time: 0.025249958038330078
Partial simulation consumes time: 0.02063775062561035
Partial simulation consumes time: 0.007798194885253906
Partial simulation consumes time: 0.007860660552978516
Partial simulation consumes time: 0.008884191513061523
Partial simulation consumes time: 0.008243799209594727
Partial simulation consumes time: 0.007908821105957031
Partial simulation consumes time: 0.008811712265014648
Partial simulation consumes time: 0.007616996765136719
Partial simulation consumes time: 0.008318901062011719
Partial simulation consumes time: 0.007745504379272461
Partial simulation consumes time: 0.008529901504516602
Partial simulation consumes time: 0.00799107551574707
Partial simulation consumes time: 0.007993936538696289
Partial simulation consumes time: 0.008006095886230469
Partial simulation consumes time: 0.008773565292358398
Partial simulation consumes time: 0.007767200469970703
Partial simulation consumes time: 0.008261919021606445
Partial simulation consumes time: 0.008146047592163086
Partial simulation consumes time: 0.008383750915527344
Partial simulation consumes time: 0.008505582809448242
Partial simulation consumes time: 0.007730245590209961
Partial simulation consumes time: 0.007820367813110352
Partial simulation consumes time: 0.007799863815307617
Partial simulation consumes time: 0.008132457733154297
Partial simulation consumes time: 0.007798910140991211
Partial simulation consumes time: 0.008084535598754883
Partial simulation consumes time: 0.007902860641479492
Partial simulation consumes time: 0.008479118347167969
Partial simulation consumes time: 0.007889747619628906
Partial simulation consumes time: 0.007741212844848633
Partial simulation consumes time: 0.007889032363891602
Partial simulation consumes time: 0.008724451065063477
Partial simulation consumes time: 0.007781028747558594
Partial simulation consumes time: 0.007977724075317383
Partial simulation consumes time: 0.00797891616821289
Partial simulation consumes time: 0.008277177810668945
Partial simulation consumes time: 0.008487224578857422
Partial simulation consumes time: 0.00797414779663086
Partial simulation consumes time: 0.008595466613769531
Partial simulation consumes time: 0.007966279983520508
Partial simulation consumes time: 0.008340120315551758
Partial simulation consumes time: 0.008694887161254883
Partial simulation consumes time: 0.00824284553527832
Partial simulation consumes time: 0.008033514022827148
Partial simulation consumes time: 0.007720470428466797
Partial simulation consumes time: 0.008190155029296875
Partial simulation consumes time: 0.007435798645019531
Partial simulation consumes time: 0.008323431015014648
Partial simulation consumes time: 0.010344982147216797
Partial simulation consumes time: 0.007803678512573242
Partial simulation consumes time: 0.010305166244506836
Partial simulation consumes time: 0.008423566818237305
Partial simulation consumes time: 0.008104801177978516
Partial simulation consumes time: 0.008365154266357422
Partial simulation consumes time: 0.008757352828979492
Partial simulation consumes time: 0.008207082748413086
Partial simulation consumes time: 0.00827789306640625
Partial simulation consumes time: 0.008435726165771484
Partial simulation consumes time: 0.008109569549560547
Partial simulation consumes time: 0.007784605026245117
Partial simulation consumes time: 0.009140253067016602
Partial simulation consumes time: 0.008808135986328125
Partial simulation consumes time: 0.009081363677978516
Partial simulation consumes time: 0.010045289993286133
Partial simulation consumes time: 0.008053779602050781
Partial simulation consumes time: 0.02240777015686035
Partial simulation consumes time: 0.020327329635620117
Partial simulation consumes time: 0.02097630500793457
Partial simulation consumes time: 0.023061513900756836
Partial simulation consumes time: 0.02101731300354004
Partial simulation consumes time: 0.021447181701660156
Partial simulation consumes time: 0.020931482315063477
Partial simulation consumes time: 0.024576663970947266
Partial simulation consumes time: 0.022922039031982422
Partial simulation consumes time: 0.022064685821533203
Partial simulation consumes time: 0.023252487182617188
Partial simulation consumes time: 0.022938251495361328
Partial simulation consumes time: 0.019072532653808594
Partial simulation consumes time: 0.019442319869995117
Partial simulation consumes time: 0.017476797103881836
Partial simulation consumes time: 0.022626876831054688
Partial simulation consumes time: 0.019077539443969727
Partial simulation consumes time: 0.019463300704956055
Partial simulation consumes time: 0.01711440086364746
Partial simulation consumes time: 0.019828319549560547
Partial simulation consumes time: 0.022193193435668945
Partial simulation consumes time: 0.032913923263549805
Partial simulation consumes time: 0.02101874351501465
Partial simulation consumes time: 0.018882036209106445
Partial simulation consumes time: 0.01920294761657715
Partial simulation consumes time: 0.019721269607543945
Partial simulation consumes time: 0.018935203552246094
Partial simulation consumes time: 0.02188420295715332
Partial simulation consumes time: 0.017120838165283203
Partial simulation consumes time: 0.02055644989013672
Partial simulation consumes time: 0.01914668083190918
Partial simulation consumes time: 0.017067909240722656
Partial simulation consumes time: 0.01936030387878418
Partial simulation consumes time: 0.01998162269592285
Partial simulation consumes time: 0.01998162269592285
Partial simulation consumes time: 0.01668381690979004
Partial simulation consumes time: 0.019797086715698242
Partial simulation consumes time: 0.018707275390625
Partial simulation consumes time: 0.01676201820373535
Partial simulation consumes time: 0.01896500587463379
Partial simulation consumes time: 0.019056081771850586
Partial simulation consumes time: 0.01883721351623535
Partial simulation consumes time: 0.020082950592041016
Partial simulation consumes time: 0.020593643188476562
Partial simulation consumes time: 0.022243499755859375
Partial simulation consumes time: 0.020756006240844727
Partial simulation consumes time: 0.016544342041015625
Partial simulation consumes time: 0.018874406814575195
Partial simulation consumes time: 0.017754554748535156
Partial simulation consumes time: 0.02561211585998535
Partial simulation consumes time: 0.021558046340942383
Partial simulation consumes time: 0.020568370819091797
Partial simulation consumes time: 0.01998305320739746
Partial simulation consumes time: 0.016669273376464844
Partial simulation consumes time: 0.01952195167541504
Partial simulation consumes time: 0.018759727478027344
Partial simulation consumes time: 0.020360708236694336
Partial simulation consumes time: 0.016959428787231445
Partial simulation consumes time: 0.01901531219482422
Partial simulation consumes time: 0.022253036499023438
Partial simulation consumes time: 0.019968509674072266
Partial simulation consumes time: 0.01999521255493164
Partial simulation consumes time: 0.019228458404541016
Partial simulation consumes time: 0.019974946975708008
Partial simulation consumes time: 0.011798620223999023
Partial simulation consumes time: 0.011950969696044922
Partial simulation consumes time: 0.012599945068359375
Partial simulation consumes time: 0.014420747756958008
Partial simulation consumes time: 0.014286994934082031
Partial simulation consumes time: 0.013322591781616211
Partial simulation consumes time: 0.012259483337402344
Partial simulation consumes time: 0.012860536575317383
Partial simulation consumes time: 0.013208866119384766
Partial simulation consumes time: 0.012505769729614258
Partial simulation consumes time: 0.014772891998291016
Partial simulation consumes time: 0.012399435043334961
Partial simulation consumes time: 0.011708974838256836
Partial simulation consumes time: 0.012120246887207031
Partial simulation consumes time: 0.0142974853515625
Partial simulation consumes time: 0.013751745223999023
Partial simulation consumes time: 0.011817455291748047
Partial simulation consumes time: 0.012105464935302734
Partial simulation consumes time: 0.013596773147583008
Partial simulation consumes time: 0.01419687271118164
Partial simulation consumes time: 0.011869430541992188
Partial simulation consumes time: 0.013653039932250977
Partial simulation consumes time: 0.01403498649597168
Partial simulation consumes time: 0.015124320983886719
Partial simulation consumes time: 0.013826847076416016
Partial simulation consumes time: 0.015633821487426758
Partial simulation consumes time: 0.01486063003540039
Partial simulation consumes time: 0.01453089714050293
Partial simulation consumes time: 0.015402078628540039
Partial simulation consumes time: 0.012322187423706055
Partial simulation consumes time: 0.01174473762512207
Partial simulation consumes time: 0.012416839599609375
Partial simulation consumes time: 0.0131988525390625
Partial simulation consumes time: 0.013594388961791992
Partial simulation consumes time: 0.011980056762695312
Partial simulation consumes time: 0.011664628982543945
Partial simulation consumes time: 0.016912221908569336
Partial simulation consumes time: 0.012154340744018555
Partial simulation consumes time: 0.01207590103149414
Partial simulation consumes time: 0.011662006378173828
Partial simulation consumes time: 0.014020681381225586
Partial simulation consumes time: 0.011707305908203125
Partial simulation consumes time: 0.011656045913696289
Partial simulation consumes time: 0.014167547225952148
Partial simulation consumes time: 0.011779069900512695
Partial simulation consumes time: 0.01178741455078125
Partial simulation consumes time: 0.011926412582397461
Partial simulation consumes time: 0.012258529663085938
Partial simulation consumes time: 0.012303590774536133
Partial simulation consumes time: 0.01371908187866211
Partial simulation consumes time: 0.011902093887329102
Partial simulation consumes time: 0.01158285140991211
Partial simulation consumes time: 0.011906623840332031
Partial simulation consumes time: 0.011525392532348633
Partial simulation consumes time: 0.013437509536743164
Partial simulation consumes time: 0.012070655822753906
Partial simulation consumes time: 0.013043642044067383
Partial simulation consumes time: 0.012235879898071289
Partial simulation consumes time: 0.014431953430175781
Partial simulation consumes time: 0.011818170547485352
Partial simulation consumes time: 0.011925935745239258
Partial simulation consumes time: 0.013347864151000977
Partial simulation consumes time: 0.014606237411499023
Partial simulation consumes time: 0.011785745620727539
Partial simulation consumes time: 0.012308120727539062
Partial simulation consumes time: 0.012052774429321289
Partial simulation consumes time: 0.012480497360229492
Partial simulation consumes time: 0.01235651969909668
Partial simulation consumes time: 0.012282609939575195
Partial simulation consumes time: 0.012073278427124023
Partial simulation consumes time: 0.0119476318359375
Partial simulation consumes time: 0.011890172958374023
Partial simulation consumes time: 0.014446020126342773
Partial simulation consumes time: 0.012478351593017578
Partial simulation consumes time: 0.012388944625854492
Partial simulation consumes time: 0.012349843978881836
Partial simulation consumes time: 0.011965513229370117
Partial simulation consumes time: 0.013681650161743164
Partial simulation consumes time: 0.012392759323120117
Partial simulation consumes time: 0.01296377182006836
Partial simulation consumes time: 0.012364387512207031
Partial simulation consumes time: 0.011870384216308594
Partial simulation consumes time: 0.013518333435058594
Partial simulation consumes time: 0.014002561569213867
Partial simulation consumes time: 0.013876199722290039
Partial simulation consumes time: 0.013986825942993164
Partial simulation consumes time: 0.015131711959838867
Partial simulation consumes time: 0.015476226806640625
Partial simulation consumes time: 0.014689207077026367
Partial simulation consumes time: 0.01355600357055664
Partial simulation consumes time: 0.01440286636352539
Partial simulation consumes time: 0.01356816291809082
Partial simulation consumes time: 0.014161109924316406
Partial simulation consumes time: 0.014390945434570312
Partial simulation consumes time: 0.014097452163696289
Partial simulation consumes time: 0.015108346939086914
Partial simulation consumes time: 0.016144752502441406
Partial simulation consumes time: 0.016849279403686523
Partial simulation consumes time: 0.014131784439086914
Partial simulation consumes time: 0.014275789260864258
Partial simulation consumes time: 0.013547658920288086
Partial simulation consumes time: 0.011865615844726562
Partial simulation consumes time: 0.011867761611938477
Partial simulation consumes time: 0.011787652969360352
Partial simulation consumes time: 0.011921405792236328
Partial simulation consumes time: 0.011833667755126953
Partial simulation consumes time: 0.011760950088500977
Partial simulation consumes time: 0.01168203353881836
Partial simulation consumes time: 0.012070894241333008
Partial simulation consumes time: 0.014212608337402344
Partial simulation consumes time: 0.01953125
Partial simulation consumes time: 0.011842727661132812
Partial simulation consumes time: 0.013631343841552734
Partial simulation consumes time: 0.011987924575805664
Partial simulation consumes time: 0.011842966079711914
Partial simulation consumes time: 0.012696504592895508
Partial simulation consumes time: 0.011882305145263672
Partial simulation consumes time: 0.01297760009765625
Partial simulation consumes time: 0.013405323028564453
Partial simulation consumes time: 0.01308441162109375
Partial simulation consumes time: 0.012021780014038086
Partial simulation consumes time: 0.011973381042480469
Partial simulation consumes time: 0.01196432113647461
Partial simulation consumes time: 0.011721372604370117
Partial simulation consumes time: 0.013888835906982422
Partial simulation consumes time: 0.011675596237182617
Partial simulation consumes time: 0.012434244155883789
Partial simulation consumes time: 0.01193547248840332
Partial simulation consumes time: 0.011051416397094727
Partial simulation consumes time: 0.012598991394042969
Partial simulation consumes time: 0.010638236999511719
Partial simulation consumes time: 0.01281428337097168
Partial simulation consumes time: 0.01045680046081543
Partial simulation consumes time: 0.010921001434326172
Partial simulation consumes time: 0.011896848678588867
Partial simulation consumes time: 0.010816574096679688
Partial simulation consumes time: 0.012692928314208984
Partial simulation consumes time: 0.011533021926879883
Partial simulation consumes time: 0.012333154678344727
Partial simulation consumes time: 0.010403156280517578
Partial simulation consumes time: 0.010560989379882812
Partial simulation consumes time: 0.011894941329956055
Partial simulation consumes time: 0.012141227722167969
Partial simulation consumes time: 0.012677192687988281
Partial simulation consumes time: 0.010413646697998047
Partial simulation consumes time: 0.01871490478515625
Partial simulation consumes time: 0.01203155517578125
Partial simulation consumes time: 0.010835886001586914
Partial simulation consumes time: 0.01120448112487793
Partial simulation consumes time: 0.01067352294921875
Partial simulation consumes time: 0.01165151596069336
Partial simulation consumes time: 0.010809183120727539
Partial simulation consumes time: 0.01146245002746582
Partial simulation consumes time: 0.012789487838745117
Partial simulation consumes time: 0.010702848434448242
Partial simulation consumes time: 0.010378599166870117
Partial simulation consumes time: 0.010434389114379883
Partial simulation consumes time: 0.010739564895629883
Partial simulation consumes time: 0.010565519332885742
Partial simulation consumes time: 0.010557174682617188
Partial simulation consumes time: 0.010649919509887695
Partial simulation consumes time: 0.010780096054077148
Partial simulation consumes time: 0.010633468627929688
Partial simulation consumes time: 0.011296510696411133
Partial simulation consumes time: 0.010558605194091797
Partial simulation consumes time: 0.011126041412353516
Partial simulation consumes time: 0.010722875595092773
Partial simulation consumes time: 0.012285470962524414
Partial simulation consumes time: 0.010514259338378906
Partial simulation consumes time: 0.011612653732299805
Partial simulation consumes time: 0.010579824447631836
Partial simulation consumes time: 0.010433197021484375
Partial simulation consumes time: 0.010691165924072266
Partial simulation consumes time: 0.012152433395385742
Partial simulation consumes time: 0.012384653091430664
Partial simulation consumes time: 0.011267423629760742
Partial simulation consumes time: 0.011584281921386719
Partial simulation consumes time: 0.010538578033447266
Partial simulation consumes time: 0.010703563690185547
Partial simulation consumes time: 0.010553836822509766
Partial simulation consumes time: 0.010491132736206055
Partial simulation consumes time: 0.012544631958007812
Partial simulation consumes time: 0.011267662048339844
Partial simulation consumes time: 0.01221013069152832
Partial simulation consumes time: 0.011208772659301758
Partial simulation consumes time: 0.010588645935058594
Partial simulation consumes time: 0.010636091232299805
Partial simulation consumes time: 0.010596752166748047
Partial simulation consumes time: 0.011964797973632812
Partial simulation consumes time: 0.010427713394165039
Partial simulation consumes time: 0.011544466018676758
Partial simulation consumes time: 0.01050877571105957
Partial simulation consumes time: 0.01185297966003418
Partial simulation consumes time: 0.011421680450439453
Partial simulation consumes time: 0.011921405792236328
Partial simulation consumes time: 0.011759281158447266
Partial simulation consumes time: 0.011647939682006836
Partial simulation consumes time: 0.012687921524047852
Partial simulation consumes time: 0.010834455490112305
Partial simulation consumes time: 0.010191917419433594
Partial simulation consumes time: 0.010340452194213867
Partial simulation consumes time: 0.011183738708496094
Partial simulation consumes time: 0.01123952865600586
Partial simulation consumes time: 0.010569095611572266
Partial simulation consumes time: 0.01362156867980957
Partial simulation consumes time: 0.010326623916625977
Partial simulation consumes time: 0.011758565902709961
Partial simulation consumes time: 0.011321783065795898
Partial simulation consumes time: 0.013669967651367188
Partial simulation consumes time: 0.010154008865356445
Partial simulation consumes time: 0.01051640510559082
Partial simulation consumes time: 0.011712789535522461
Partial simulation consumes time: 0.010097026824951172
Partial simulation consumes time: 0.012071847915649414
Partial simulation consumes time: 0.010640382766723633
Partial simulation consumes time: 0.012655496597290039
Partial simulation consumes time: 0.010356426239013672
Partial simulation consumes time: 0.010681867599487305
Partial simulation consumes time: 0.011300802230834961
Partial simulation consumes time: 0.010563373565673828
Partial simulation consumes time: 0.013374805450439453
Partial simulation consumes time: 0.010549068450927734
Partial simulation consumes time: 0.011320829391479492
Partial simulation consumes time: 0.010396480560302734
Partial simulation consumes time: 0.01043558120727539
Partial simulation consumes time: 0.011438131332397461
Partial simulation consumes time: 0.010783910751342773
Partial simulation consumes time: 0.010239362716674805
Partial simulation consumes time: 0.011825084686279297
Partial simulation consumes time: 0.010202646255493164
Partial simulation consumes time: 0.010863780975341797
Partial simulation consumes time: 0.01009678840637207
Partial simulation consumes time: 0.01154017448425293
Partial simulation consumes time: 0.010554075241088867
Partial simulation consumes time: 0.01096653938293457
Partial simulation consumes time: 0.010612726211547852
Partial simulation consumes time: 0.010048866271972656
Partial simulation consumes time: 0.011522293090820312
Partial simulation consumes time: 0.010308265686035156
Partial simulation consumes time: 0.01020050048828125
Partial simulation consumes time: 0.010565519332885742
Partial simulation consumes time: 0.009968757629394531
Partial simulation consumes time: 0.012400388717651367
Partial simulation consumes time: 0.010201692581176758
Partial simulation consumes time: 0.010912418365478516
Partial simulation consumes time: 0.010361433029174805
Partial simulation consumes time: 0.010404109954833984
Partial simulation consumes time: 0.010981082916259766
Partial simulation consumes time: 0.011367321014404297
Partial simulation consumes time: 0.010614633560180664
Partial simulation consumes time: 0.010127067565917969
Partial simulation consumes time: 0.010582685470581055
Partial simulation consumes time: 0.014316797256469727
Partial simulation consumes time: 0.011484861373901367
Partial simulation consumes time: 0.012628555297851562
Partial simulation consumes time: 0.011978864669799805
Partial simulation consumes time: 0.01618814468383789
Partial simulation consumes time: 0.01614212989807129
Partial simulation consumes time: 0.016091585159301758
Partial simulation consumes time: 0.015190839767456055
Partial simulation consumes time: 0.014276504516601562
Partial simulation consumes time: 0.013721704483032227
Partial simulation consumes time: 0.015482664108276367
Partial simulation consumes time: 0.014917135238647461
Partial simulation consumes time: 0.01501154899597168
Partial simulation consumes time: 0.014574289321899414
Partial simulation consumes time: 0.014309167861938477
Partial simulation consumes time: 0.014974117279052734
Partial simulation consumes time: 0.014825820922851562
Partial simulation consumes time: 0.01619696617126465
Partial simulation consumes time: 0.012508392333984375
Partial simulation consumes time: 0.012371540069580078
Partial simulation consumes time: 0.014900922775268555
Partial simulation consumes time: 0.012280702590942383
Partial simulation consumes time: 0.012527227401733398
Partial simulation consumes time: 0.013216495513916016
Partial simulation consumes time: 0.012500286102294922
Partial simulation consumes time: 0.014338254928588867
Partial simulation consumes time: 0.01293182373046875
Partial simulation consumes time: 0.017813682556152344
Partial simulation consumes time: 0.01454782485961914
Partial simulation consumes time: 0.012212038040161133
Partial simulation consumes time: 0.012434720993041992
Partial simulation consumes time: 0.012466669082641602
Partial simulation consumes time: 0.012652158737182617
Partial simulation consumes time: 0.01237797737121582
Partial simulation consumes time: 0.012674570083618164
Partial simulation consumes time: 0.01253509521484375
Partial simulation consumes time: 0.013446807861328125
Partial simulation consumes time: 0.012699365615844727
Partial simulation consumes time: 0.012515068054199219
Partial simulation consumes time: 0.012366533279418945
Partial simulation consumes time: 0.012346744537353516
Partial simulation consumes time: 0.012709617614746094
Partial simulation consumes time: 0.012619733810424805
Partial simulation consumes time: 0.012572288513183594
Partial simulation consumes time: 0.012483835220336914
Partial simulation consumes time: 0.014005422592163086
Partial simulation consumes time: 0.01262807846069336
Partial simulation consumes time: 0.01221919059753418
Partial simulation consumes time: 0.012936115264892578
Partial simulation consumes time: 0.012612342834472656
Partial simulation consumes time: 0.01248311996459961
Partial simulation consumes time: 0.012488365173339844
Partial simulation consumes time: 0.012198686599731445
Partial simulation consumes time: 0.0125885009765625
Partial simulation consumes time: 0.012288093566894531
Partial simulation consumes time: 0.012641191482543945
Partial simulation consumes time: 0.012535333633422852
Partial simulation consumes time: 0.012337923049926758
Partial simulation consumes time: 0.012368440628051758
Partial simulation consumes time: 0.012456655502319336
Partial simulation consumes time: 0.012369155883789062
Partial simulation consumes time: 0.012546062469482422
Partial simulation consumes time: 0.016656160354614258
Partial simulation consumes time: 0.01244974136352539
Partial simulation consumes time: 0.014441967010498047
Partial simulation consumes time: 0.012371540069580078
Partial simulation consumes time: 0.012421131134033203
Partial simulation consumes time: 0.012880563735961914
Partial simulation consumes time: 0.020352602005004883
Partial simulation consumes time: 0.019431352615356445
Partial simulation consumes time: 0.018795251846313477
Partial simulation consumes time: 0.020505905151367188
Partial simulation consumes time: 0.02163219451904297
Partial simulation consumes time: 0.01925969123840332
Partial simulation consumes time: 0.021751880645751953
Partial simulation consumes time: 0.019963502883911133
Partial simulation consumes time: 0.019227027893066406
Partial simulation consumes time: 0.020148038864135742
Partial simulation consumes time: 0.019314289093017578
Partial simulation consumes time: 0.0195767879486084
Partial simulation consumes time: 0.02007293701171875
Partial simulation consumes time: 0.020601987838745117
Partial simulation consumes time: 0.02078557014465332
Partial simulation consumes time: 0.020349502563476562
Partial simulation consumes time: 0.01913738250732422
Partial simulation consumes time: 0.021721363067626953
Partial simulation consumes time: 0.019088268280029297
Partial simulation consumes time: 0.018649816513061523
Partial simulation consumes time: 0.02030634880065918
Partial simulation consumes time: 0.019354820251464844
Partial simulation consumes time: 0.01870584487915039
Partial simulation consumes time: 0.020666837692260742
Partial simulation consumes time: 0.019527673721313477
Partial simulation consumes time: 0.020068645477294922
Partial simulation consumes time: 0.019472360610961914
Partial simulation consumes time: 0.02704310417175293
Partial simulation consumes time: 0.025095462799072266
Partial simulation consumes time: 0.023751258850097656
Partial simulation consumes time: 0.0243377685546875
Partial simulation consumes time: 0.02487945556640625
Partial simulation consumes time: 0.019472837448120117
Partial simulation consumes time: 0.018605709075927734
Partial simulation consumes time: 0.019308805465698242
Partial simulation consumes time: 0.018921852111816406
Partial simulation consumes time: 0.02000260353088379
Partial simulation consumes time: 0.01882028579711914
Partial simulation consumes time: 0.019544601440429688
Partial simulation consumes time: 0.020186424255371094
Partial simulation consumes time: 0.020059823989868164
Partial simulation consumes time: 0.020816802978515625
Partial simulation consumes time: 0.018843889236450195
Partial simulation consumes time: 0.01959514617919922
Partial simulation consumes time: 0.02073049545288086
Partial simulation consumes time: 0.01960015296936035
Partial simulation consumes time: 0.019726991653442383
Partial simulation consumes time: 0.018986940383911133
Partial simulation consumes time: 0.018544435501098633
Partial simulation consumes time: 0.019902944564819336
Partial simulation consumes time: 0.01973748207092285
Partial simulation consumes time: 0.020341873168945312
Partial simulation consumes time: 0.019478797912597656
Partial simulation consumes time: 0.020290136337280273
Partial simulation consumes time: 0.01909804344177246
Partial simulation consumes time: 0.02003169059753418
Partial simulation consumes time: 0.02100062370300293
Partial simulation consumes time: 0.023066043853759766
Partial simulation consumes time: 0.021846771240234375
Partial simulation consumes time: 0.020052194595336914
Partial simulation consumes time: 0.018867015838623047
Partial simulation consumes time: 0.020815610885620117
Partial simulation consumes time: 0.018987178802490234
Partial simulation consumes time: 0.02022838592529297
Partial simulation consumes time: 0.011997222900390625
Partial simulation consumes time: 0.01121973991394043
Partial simulation consumes time: 0.010208845138549805
Partial simulation consumes time: 0.01102757453918457
Partial simulation consumes time: 0.01067805290222168
Partial simulation consumes time: 0.010925054550170898
Partial simulation consumes time: 0.010905265808105469
Partial simulation consumes time: 0.010399580001831055
Partial simulation consumes time: 0.010147809982299805
Partial simulation consumes time: 0.012054443359375
Partial simulation consumes time: 0.009876489639282227
Partial simulation consumes time: 0.009953022003173828
Partial simulation consumes time: 0.010259151458740234
Partial simulation consumes time: 0.01092839241027832
Partial simulation consumes time: 0.011617183685302734
Partial simulation consumes time: 0.01079249382019043
Partial simulation consumes time: 0.011613845825195312
Partial simulation consumes time: 0.011304616928100586
Partial simulation consumes time: 0.011823415756225586
Partial simulation consumes time: 0.012283086776733398
Partial simulation consumes time: 0.01281118392944336
Partial simulation consumes time: 0.011672735214233398
Partial simulation consumes time: 0.012144327163696289
Partial simulation consumes time: 0.012068748474121094
Partial simulation consumes time: 0.013232231140136719
Partial simulation consumes time: 0.012120485305786133
Partial simulation consumes time: 0.012544870376586914
Partial simulation consumes time: 0.012218236923217773
Partial simulation consumes time: 0.012201070785522461
Partial simulation consumes time: 0.013209342956542969
Partial simulation consumes time: 0.011784076690673828
Partial simulation consumes time: 0.012427330017089844
Partial simulation consumes time: 0.011765480041503906
Partial simulation consumes time: 0.015547990798950195
Partial simulation consumes time: 0.012440204620361328
Partial simulation consumes time: 0.011656761169433594
Partial simulation consumes time: 0.010833501815795898
Partial simulation consumes time: 0.010447502136230469
Partial simulation consumes time: 0.010375261306762695
Partial simulation consumes time: 0.010550260543823242
Partial simulation consumes time: 0.011873006820678711
Partial simulation consumes time: 0.010407686233520508
Partial simulation consumes time: 0.010647296905517578
Partial simulation consumes time: 0.0103302001953125
Partial simulation consumes time: 0.010323762893676758
Partial simulation consumes time: 0.010077714920043945
Partial simulation consumes time: 0.010545730590820312
Partial simulation consumes time: 0.01195216178894043
Partial simulation consumes time: 0.010066747665405273
Partial simulation consumes time: 0.010088205337524414
Partial simulation consumes time: 0.010293245315551758
Partial simulation consumes time: 0.010097026824951172
Partial simulation consumes time: 0.010302305221557617
Partial simulation consumes time: 0.010362863540649414
Partial simulation consumes time: 0.011413097381591797
Partial simulation consumes time: 0.012581110000610352
Partial simulation consumes time: 0.015413284301757812
Partial simulation consumes time: 0.01266169548034668
Partial simulation consumes time: 0.012499570846557617
Partial simulation consumes time: 0.013193845748901367
Partial simulation consumes time: 0.010060548782348633
Partial simulation consumes time: 0.011135101318359375
Partial simulation consumes time: 0.012324094772338867
Partial simulation consumes time: 0.01029515266418457
Partial simulation consumes time: 0.015702009201049805
Partial simulation consumes time: 0.01645374298095703
Partial simulation consumes time: 0.016149520874023438
Partial simulation consumes time: 0.015166521072387695
Partial simulation consumes time: 0.01736164093017578
Partial simulation consumes time: 0.01726078987121582
Partial simulation consumes time: 0.015165090560913086
Partial simulation consumes time: 0.01801896095275879
Partial simulation consumes time: 0.017316579818725586
Partial simulation consumes time: 0.015505313873291016
Partial simulation consumes time: 0.01593780517578125
Partial simulation consumes time: 0.015181779861450195
Partial simulation consumes time: 0.015398502349853516
Partial simulation consumes time: 0.01695418357849121
Partial simulation consumes time: 0.017455577850341797
Partial simulation consumes time: 0.018550634384155273
Partial simulation consumes time: 0.02513265609741211
Partial simulation consumes time: 0.018573999404907227
Partial simulation consumes time: 0.019256114959716797
Partial simulation consumes time: 0.01681351661682129
Partial simulation consumes time: 0.01814126968383789
Partial simulation consumes time: 0.017636775970458984
Partial simulation consumes time: 0.01853656768798828
Partial simulation consumes time: 0.01777362823486328
Partial simulation consumes time: 0.017601966857910156
Partial simulation consumes time: 0.01788163185119629
Partial simulation consumes time: 0.01735520362854004
Partial simulation consumes time: 0.01734447479248047
Partial simulation consumes time: 0.018245697021484375
Partial simulation consumes time: 0.01730203628540039
Partial simulation consumes time: 0.015480995178222656
Partial simulation consumes time: 0.018730640411376953
Partial simulation consumes time: 0.01640796661376953
Partial simulation consumes time: 0.01584768295288086
Partial simulation consumes time: 0.01797175407409668
Partial simulation consumes time: 0.01792430877685547
Partial simulation consumes time: 0.017876386642456055
Partial simulation consumes time: 0.018160104751586914
Partial simulation consumes time: 0.015568733215332031
Partial simulation consumes time: 0.015895605087280273
Partial simulation consumes time: 0.016420364379882812
Partial simulation consumes time: 0.015575408935546875
Partial simulation consumes time: 0.016841650009155273
Partial simulation consumes time: 0.015782833099365234
Partial simulation consumes time: 0.01775360107421875
Partial simulation consumes time: 0.015772104263305664
Partial simulation consumes time: 0.024058818817138672
Partial simulation consumes time: 0.01775836944580078
Partial simulation consumes time: 0.018697261810302734
Partial simulation consumes time: 0.015587568283081055
Partial simulation consumes time: 0.017671823501586914
Partial simulation consumes time: 0.01921868324279785
Partial simulation consumes time: 0.017917156219482422
Partial simulation consumes time: 0.018807411193847656
Partial simulation consumes time: 0.0178525447845459
Partial simulation consumes time: 0.017777681350708008
Partial simulation consumes time: 0.01790022850036621
Partial simulation consumes time: 0.016884565353393555
Partial simulation consumes time: 0.018541812896728516
Partial simulation consumes time: 0.02052140235900879
Partial simulation consumes time: 0.017546415328979492
Partial simulation consumes time: 0.01636052131652832
Partial simulation consumes time: 0.015715360641479492
Partial simulation consumes time: 0.015114784240722656
Partial simulation consumes time: 0.023408174514770508
Partial simulation consumes time: 0.023159265518188477
Partial simulation consumes time: 0.0215604305267334
Partial simulation consumes time: 0.02234625816345215
Partial simulation consumes time: 0.021671056747436523
Partial simulation consumes time: 0.024014949798583984
Partial simulation consumes time: 0.02262139320373535
Partial simulation consumes time: 0.02376270294189453
Partial simulation consumes time: 0.024498701095581055
Partial simulation consumes time: 0.023113250732421875
Partial simulation consumes time: 0.02332448959350586
Partial simulation consumes time: 0.021995067596435547
Partial simulation consumes time: 0.02628922462463379
Partial simulation consumes time: 0.025573253631591797
Partial simulation consumes time: 0.02169513702392578
Partial simulation consumes time: 0.02675008773803711
Partial simulation consumes time: 0.021793127059936523
Partial simulation consumes time: 0.025183439254760742
Partial simulation consumes time: 0.022983789443969727
Partial simulation consumes time: 0.02257847785949707
Partial simulation consumes time: 0.02205944061279297
Partial simulation consumes time: 0.023492097854614258
Partial simulation consumes time: 0.022966861724853516
Partial simulation consumes time: 0.021842241287231445
Partial simulation consumes time: 0.024189233779907227
Partial simulation consumes time: 0.02460956573486328
Partial simulation consumes time: 0.025417566299438477
Partial simulation consumes time: 0.025154829025268555
Partial simulation consumes time: 0.026056528091430664
Partial simulation consumes time: 0.023214101791381836
Partial simulation consumes time: 0.028647661209106445
Partial simulation consumes time: 0.021967172622680664
Partial simulation consumes time: 0.02365255355834961
Partial simulation consumes time: 0.027629375457763672
Partial simulation consumes time: 0.028179407119750977
Partial simulation consumes time: 0.029039859771728516
Partial simulation consumes time: 0.028344392776489258
Partial simulation consumes time: 0.029294729232788086
Partial simulation consumes time: 0.02869415283203125
Partial simulation consumes time: 0.027394533157348633
Partial simulation consumes time: 0.027815818786621094
Partial simulation consumes time: 0.028034687042236328
Partial simulation consumes time: 0.028263092041015625
Partial simulation consumes time: 0.042693138122558594
Partial simulation consumes time: 0.022490262985229492
Partial simulation consumes time: 0.02481675148010254
Partial simulation consumes time: 0.0228269100189209
Partial simulation consumes time: 0.021869659423828125
Partial simulation consumes time: 0.025196552276611328
Partial simulation consumes time: 0.021502256393432617
Partial simulation consumes time: 0.022747516632080078
Partial simulation consumes time: 0.023520231246948242
Partial simulation consumes time: 0.025270462036132812
Partial simulation consumes time: 0.026515722274780273
Partial simulation consumes time: 0.03336191177368164
Partial simulation consumes time: 0.021518945693969727
Partial simulation consumes time: 0.02512955665588379
Partial simulation consumes time: 0.02846670150756836
Partial simulation consumes time: 0.025821447372436523
Partial simulation consumes time: 0.03131580352783203
Partial simulation consumes time: 0.02463531494140625
Partial simulation consumes time: 0.027151107788085938
Partial simulation consumes time: 0.027690887451171875
Partial simulation consumes time: 0.021610260009765625
Partial simulation consumes time: 0.024072647094726562
Partial simulation consumes time: 0.019006013870239258
Partial simulation consumes time: 0.024546146392822266
Partial simulation consumes time: 0.020867109298706055
Partial simulation consumes time: 0.020571470260620117
Partial simulation consumes time: 0.020425081253051758
Partial simulation consumes time: 0.019731521606445312
Partial simulation consumes time: 0.018772363662719727
Partial simulation consumes time: 0.021993637084960938
Partial simulation consumes time: 0.018863677978515625
Partial simulation consumes time: 0.018867015838623047
Partial simulation consumes time: 0.018712759017944336
Partial simulation consumes time: 0.020003795623779297
Partial simulation consumes time: 0.018783092498779297
Partial simulation consumes time: 0.0187680721282959
Partial simulation consumes time: 0.018674373626708984
Partial simulation consumes time: 0.021062850952148438
Partial simulation consumes time: 0.018622636795043945
Partial simulation consumes time: 0.02025127410888672
Partial simulation consumes time: 0.01936626434326172
Partial simulation consumes time: 0.019991636276245117
Partial simulation consumes time: 0.020687580108642578
Partial simulation consumes time: 0.026693105697631836
Partial simulation consumes time: 0.020522117614746094
Partial simulation consumes time: 0.018872976303100586
Partial simulation consumes time: 0.02016305923461914
Partial simulation consumes time: 0.019385576248168945
Partial simulation consumes time: 0.02465987205505371
Partial simulation consumes time: 0.019825220108032227
Partial simulation consumes time: 0.02447795867919922
Partial simulation consumes time: 0.01998114585876465
Partial simulation consumes time: 0.02001953125
Partial simulation consumes time: 0.02028036117553711
Partial simulation consumes time: 0.01871037483215332
Partial simulation consumes time: 0.01859879493713379
Partial simulation consumes time: 0.021413803100585938
Partial simulation consumes time: 0.020035505294799805
Partial simulation consumes time: 0.019609689712524414
Partial simulation consumes time: 0.019112110137939453
Partial simulation consumes time: 0.01878499984741211
Partial simulation consumes time: 0.018764495849609375
Partial simulation consumes time: 0.018159866333007812
Partial simulation consumes time: 0.020899534225463867
Partial simulation consumes time: 0.018431663513183594
Partial simulation consumes time: 0.018626928329467773
Partial simulation consumes time: 0.019297122955322266
Partial simulation consumes time: 0.019568920135498047
Partial simulation consumes time: 0.024494647979736328
Partial simulation consumes time: 0.026224851608276367
Partial simulation consumes time: 0.024206161499023438
Partial simulation consumes time: 0.023860931396484375
Partial simulation consumes time: 0.025269746780395508
Partial simulation consumes time: 0.018881559371948242
Partial simulation consumes time: 0.02049875259399414
Partial simulation consumes time: 0.020954608917236328
Partial simulation consumes time: 0.019865751266479492
Partial simulation consumes time: 0.018920421600341797
Partial simulation consumes time: 0.018596410751342773
Partial simulation consumes time: 0.01865077018737793
Partial simulation consumes time: 0.019702434539794922
Partial simulation consumes time: 0.019937515258789062
Partial simulation consumes time: 0.019069671630859375
Partial simulation consumes time: 0.022137880325317383
Partial simulation consumes time: 0.01940441131591797
Partial simulation consumes time: 0.010383844375610352
Partial simulation consumes time: 0.01040196418762207
Partial simulation consumes time: 0.010521173477172852
Partial simulation consumes time: 0.010368585586547852
Partial simulation consumes time: 0.014401674270629883
Partial simulation consumes time: 0.010264158248901367
Partial simulation consumes time: 0.010480165481567383
Partial simulation consumes time: 0.010985851287841797
Partial simulation consumes time: 0.010825157165527344
Partial simulation consumes time: 0.010477542877197266
Partial simulation consumes time: 0.01056051254272461
Partial simulation consumes time: 0.010683536529541016
Partial simulation consumes time: 0.010541200637817383
Partial simulation consumes time: 0.010613679885864258
Partial simulation consumes time: 0.010919809341430664
Partial simulation consumes time: 0.010567188262939453
Partial simulation consumes time: 0.010905742645263672
Partial simulation consumes time: 0.010324954986572266
Partial simulation consumes time: 0.010727643966674805
Partial simulation consumes time: 0.010611772537231445
Partial simulation consumes time: 0.010167598724365234
Partial simulation consumes time: 0.010968208312988281
Partial simulation consumes time: 0.01089930534362793
Partial simulation consumes time: 0.010153055191040039
Partial simulation consumes time: 0.010617494583129883
Partial simulation consumes time: 0.010593652725219727
Partial simulation consumes time: 0.010283470153808594
Partial simulation consumes time: 0.010348320007324219
Partial simulation consumes time: 0.01031804084777832
Partial simulation consumes time: 0.010682106018066406
Partial simulation consumes time: 0.010309219360351562
Partial simulation consumes time: 0.010608673095703125
Partial simulation consumes time: 0.010219573974609375
Partial simulation consumes time: 0.010402679443359375
Partial simulation consumes time: 0.010766267776489258
Partial simulation consumes time: 0.010426521301269531
Partial simulation consumes time: 0.013800859451293945
Partial simulation consumes time: 0.012425422668457031
Partial simulation consumes time: 0.011500120162963867
Partial simulation consumes time: 0.011570215225219727
Partial simulation consumes time: 0.01038217544555664
Partial simulation consumes time: 0.010496377944946289
Partial simulation consumes time: 0.010394573211669922
Partial simulation consumes time: 0.010431528091430664
Partial simulation consumes time: 0.013175249099731445
Partial simulation consumes time: 0.012132406234741211
Partial simulation consumes time: 0.012014150619506836
Partial simulation consumes time: 0.01202535629272461
Partial simulation consumes time: 0.013004779815673828
Partial simulation consumes time: 0.01230764389038086
Partial simulation consumes time: 0.013554811477661133
Partial simulation consumes time: 0.01376795768737793
Partial simulation consumes time: 0.013030529022216797
Partial simulation consumes time: 0.012951850891113281
Partial simulation consumes time: 0.013057947158813477
Partial simulation consumes time: 0.014744043350219727
Partial simulation consumes time: 0.012192249298095703
Partial simulation consumes time: 0.013193130493164062
Partial simulation consumes time: 0.013354778289794922
Partial simulation consumes time: 0.012819051742553711
Partial simulation consumes time: 0.012154579162597656
Partial simulation consumes time: 0.014377117156982422
Partial simulation consumes time: 0.01221013069152832
Partial simulation consumes time: 0.010301589965820312
Partial simulation consumes time: 0.01107168197631836
Partial simulation consumes time: 0.010675191879272461
Partial simulation consumes time: 0.010759115219116211
Partial simulation consumes time: 0.010653018951416016
Partial simulation consumes time: 0.010905265808105469
Partial simulation consumes time: 0.010643243789672852
Partial simulation consumes time: 0.011363744735717773
Partial simulation consumes time: 0.010649919509887695
Partial simulation consumes time: 0.010824441909790039
Partial simulation consumes time: 0.010481595993041992
Partial simulation consumes time: 0.010754585266113281
Partial simulation consumes time: 0.013895988464355469
Partial simulation consumes time: 0.010478734970092773
Partial simulation consumes time: 0.010596513748168945
Partial simulation consumes time: 0.010832548141479492
Partial simulation consumes time: 0.010836601257324219
Partial simulation consumes time: 0.010521411895751953
Partial simulation consumes time: 0.010462284088134766
Partial simulation consumes time: 0.010682106018066406
Partial simulation consumes time: 0.011080265045166016
Partial simulation consumes time: 0.010636329650878906
Partial simulation consumes time: 0.010780572891235352
Partial simulation consumes time: 0.010555744171142578
Partial simulation consumes time: 0.010858535766601562
Partial simulation consumes time: 0.010736703872680664
Partial simulation consumes time: 0.010695219039916992
Partial simulation consumes time: 0.01070404052734375
Partial simulation consumes time: 0.010701417922973633
Partial simulation consumes time: 0.013370513916015625
Partial simulation consumes time: 0.0106353759765625
Partial simulation consumes time: 0.011102437973022461
Partial simulation consumes time: 0.010892391204833984
Partial simulation consumes time: 0.010950326919555664
Partial simulation consumes time: 0.010694742202758789
Partial simulation consumes time: 0.010595560073852539
Partial simulation consumes time: 0.010839223861694336
Partial simulation consumes time: 0.010856866836547852
Partial simulation consumes time: 0.010723352432250977
Partial simulation consumes time: 0.01069021224975586
Partial simulation consumes time: 0.011316061019897461
Partial simulation consumes time: 0.010662555694580078
Partial simulation consumes time: 0.010683774948120117
Partial simulation consumes time: 0.010624170303344727
Partial simulation consumes time: 0.010458707809448242
Partial simulation consumes time: 0.01072382926940918
Partial simulation consumes time: 0.010752439498901367
Partial simulation consumes time: 0.012039899826049805
Partial simulation consumes time: 0.010361909866333008
Partial simulation consumes time: 0.016681432723999023
Partial simulation consumes time: 0.011845588684082031
Partial simulation consumes time: 0.012902259826660156
Partial simulation consumes time: 0.011997222900390625
Partial simulation consumes time: 0.0106048583984375
Partial simulation consumes time: 0.010836601257324219
Partial simulation consumes time: 0.010790348052978516
Partial simulation consumes time: 0.010673046112060547
Partial simulation consumes time: 0.012432098388671875
Partial simulation consumes time: 0.010710477828979492
Partial simulation consumes time: 0.010869026184082031
Partial simulation consumes time: 0.010739326477050781
Partial simulation consumes time: 0.010446786880493164
Partial simulation consumes time: 0.01055002212524414
Partial simulation consumes time: 0.01070261001586914
Partial simulation consumes time: 0.010507583618164062
Partial simulation consumes time: 0.016947031021118164
Partial simulation consumes time: 0.01816582679748535
Partial simulation consumes time: 0.017452478408813477
Partial simulation consumes time: 0.01587080955505371
Partial simulation consumes time: 0.016168832778930664
Partial simulation consumes time: 0.01608896255493164
Partial simulation consumes time: 0.01625967025756836
Partial simulation consumes time: 0.017923593521118164
Partial simulation consumes time: 0.017490625381469727
Partial simulation consumes time: 0.016779184341430664
Partial simulation consumes time: 0.017668962478637695
Partial simulation consumes time: 0.01783609390258789
Partial simulation consumes time: 0.0161435604095459
Partial simulation consumes time: 0.01850128173828125
Partial simulation consumes time: 0.01626896858215332
Partial simulation consumes time: 0.01731252670288086
Partial simulation consumes time: 0.016808032989501953
Partial simulation consumes time: 0.0201416015625
Partial simulation consumes time: 0.018153905868530273
Partial simulation consumes time: 0.015976428985595703
Partial simulation consumes time: 0.017745018005371094
Partial simulation consumes time: 0.018771648406982422
Partial simulation consumes time: 0.016858577728271484
Partial simulation consumes time: 0.017941713333129883
Partial simulation consumes time: 0.018584728240966797
Partial simulation consumes time: 0.016846895217895508
Partial simulation consumes time: 0.015962600708007812
Partial simulation consumes time: 0.017972230911254883
Partial simulation consumes time: 0.017119884490966797
Partial simulation consumes time: 0.015784025192260742
Partial simulation consumes time: 0.017952442169189453
Partial simulation consumes time: 0.017728090286254883
Partial simulation consumes time: 0.017315149307250977
Partial simulation consumes time: 0.016056060791015625
Partial simulation consumes time: 0.016160249710083008
Partial simulation consumes time: 0.015977859497070312
Partial simulation consumes time: 0.017575502395629883
Partial simulation consumes time: 0.016279935836791992
Partial simulation consumes time: 0.01795339584350586
Partial simulation consumes time: 0.017255783081054688
Partial simulation consumes time: 0.017669200897216797
Partial simulation consumes time: 0.018131494522094727
Partial simulation consumes time: 0.01770472526550293
Partial simulation consumes time: 0.01643657684326172
Partial simulation consumes time: 0.015596389770507812
Partial simulation consumes time: 0.01678156852722168
Partial simulation consumes time: 0.017300844192504883
Partial simulation consumes time: 0.015766620635986328
Partial simulation consumes time: 0.017369985580444336
Partial simulation consumes time: 0.018320560455322266
Partial simulation consumes time: 0.01767563819885254
Partial simulation consumes time: 0.01792120933532715
Partial simulation consumes time: 0.016074180603027344
Partial simulation consumes time: 0.016034841537475586
Partial simulation consumes time: 0.017185688018798828
Partial simulation consumes time: 0.01583719253540039
Partial simulation consumes time: 0.017162322998046875
Partial simulation consumes time: 0.0158233642578125
Partial simulation consumes time: 0.01551198959350586
Partial simulation consumes time: 0.01747298240661621
Partial simulation consumes time: 0.016369342803955078
Partial simulation consumes time: 0.01744556427001953
Partial simulation consumes time: 0.017513751983642578
Partial simulation consumes time: 0.018973827362060547
Partial simulation consumes time: 0.022392749786376953
Partial simulation consumes time: 0.016678571701049805
Partial simulation consumes time: 0.016487836837768555
Partial simulation consumes time: 0.01615428924560547
Partial simulation consumes time: 0.01671290397644043
Partial simulation consumes time: 0.01564311981201172
Partial simulation consumes time: 0.0163116455078125
Partial simulation consumes time: 0.015439748764038086
Partial simulation consumes time: 0.01254129409790039
Partial simulation consumes time: 0.014001846313476562
Partial simulation consumes time: 0.01269078254699707
Partial simulation consumes time: 0.012733221054077148
Partial simulation consumes time: 0.018046855926513672
Partial simulation consumes time: 0.01278829574584961
Partial simulation consumes time: 0.013497352600097656
Partial simulation consumes time: 0.01609969139099121
Partial simulation consumes time: 0.012642860412597656
Partial simulation consumes time: 0.012591838836669922
Partial simulation consumes time: 0.012794971466064453
Partial simulation consumes time: 0.012847900390625
Partial simulation consumes time: 0.012715816497802734
Partial simulation consumes time: 0.012797832489013672
Partial simulation consumes time: 0.012573719024658203
Partial simulation consumes time: 0.013110876083374023
Partial simulation consumes time: 0.012480497360229492
Partial simulation consumes time: 0.0147247314453125
Partial simulation consumes time: 0.012613058090209961
Partial simulation consumes time: 0.012906312942504883
Partial simulation consumes time: 0.012624263763427734
Partial simulation consumes time: 0.012655496597290039
Partial simulation consumes time: 0.012562036514282227
Partial simulation consumes time: 0.012743711471557617
Partial simulation consumes time: 0.01288151741027832
Partial simulation consumes time: 0.014215946197509766
Partial simulation consumes time: 0.013388872146606445
Partial simulation consumes time: 0.012659788131713867
Partial simulation consumes time: 0.012592077255249023
Partial simulation consumes time: 0.012811660766601562
Partial simulation consumes time: 0.013065576553344727
Partial simulation consumes time: 0.012645244598388672
Partial simulation consumes time: 0.012621879577636719
Partial simulation consumes time: 0.012717962265014648
Partial simulation consumes time: 0.014545679092407227
Partial simulation consumes time: 0.01950216293334961
Partial simulation consumes time: 0.012549877166748047
Partial simulation consumes time: 0.012638330459594727
Partial simulation consumes time: 0.012476444244384766
Partial simulation consumes time: 0.013340234756469727
Partial simulation consumes time: 0.012938976287841797
Partial simulation consumes time: 0.012929201126098633
Partial simulation consumes time: 0.01317143440246582
Partial simulation consumes time: 0.012664556503295898
Partial simulation consumes time: 0.014942646026611328
Partial simulation consumes time: 0.012622594833374023
Partial simulation consumes time: 0.01283407211303711
Partial simulation consumes time: 0.012570381164550781
Partial simulation consumes time: 0.012928962707519531
Partial simulation consumes time: 0.012645483016967773
Partial simulation consumes time: 0.012664079666137695
Partial simulation consumes time: 0.012902259826660156
Partial simulation consumes time: 0.013688325881958008
Partial simulation consumes time: 0.012542009353637695
Partial simulation consumes time: 0.012675285339355469
Partial simulation consumes time: 0.012533187866210938
Partial simulation consumes time: 0.012374162673950195
Partial simulation consumes time: 0.013308286666870117
Partial simulation consumes time: 0.012072563171386719
Partial simulation consumes time: 0.012534618377685547
Partial simulation consumes time: 0.01298213005065918
Partial simulation consumes time: 0.012109756469726562
Partial simulation consumes time: 0.013585567474365234
Partial simulation consumes time: 0.011875629425048828
Partial simulation consumes time: 0.013916492462158203
Partial simulation consumes time: 0.01183938980102539
Partial simulation consumes time: 0.012029170989990234
Partial simulation consumes time: 0.014405965805053711
Partial simulation consumes time: 0.016263484954833984
Partial simulation consumes time: 0.02342844009399414
Partial simulation consumes time: 0.015205860137939453
Partial simulation consumes time: 0.015693187713623047
Partial simulation consumes time: 0.014907598495483398
Partial simulation consumes time: 0.016297340393066406
Partial simulation consumes time: 0.015805721282958984
Partial simulation consumes time: 0.013581514358520508
Partial simulation consumes time: 0.013062000274658203
Partial simulation consumes time: 0.014797687530517578
Partial simulation consumes time: 0.013686895370483398
Partial simulation consumes time: 0.013457536697387695
Partial simulation consumes time: 0.014666080474853516
Partial simulation consumes time: 0.013776302337646484
Partial simulation consumes time: 0.011914253234863281
Partial simulation consumes time: 0.012223482131958008
Partial simulation consumes time: 0.01204824447631836
Partial simulation consumes time: 0.011837244033813477
Partial simulation consumes time: 0.012157440185546875
Partial simulation consumes time: 0.01332998275756836
Partial simulation consumes time: 0.013169527053833008
Partial simulation consumes time: 0.013945579528808594
Partial simulation consumes time: 0.012397289276123047
Partial simulation consumes time: 0.01358485221862793
Partial simulation consumes time: 0.011866092681884766
Partial simulation consumes time: 0.01192617416381836
Partial simulation consumes time: 0.013089895248413086
Partial simulation consumes time: 0.01219034194946289
Partial simulation consumes time: 0.013562917709350586
Partial simulation consumes time: 0.012476444244384766
Partial simulation consumes time: 0.011835098266601562
Partial simulation consumes time: 0.012262821197509766
Partial simulation consumes time: 0.012072086334228516
Partial simulation consumes time: 0.01222991943359375
Partial simulation consumes time: 0.012048959732055664
Partial simulation consumes time: 0.012088537216186523
Partial simulation consumes time: 0.01260828971862793
Partial simulation consumes time: 0.013271808624267578
Partial simulation consumes time: 0.012153863906860352
Partial simulation consumes time: 0.013313531875610352
Partial simulation consumes time: 0.015118122100830078
Partial simulation consumes time: 0.014021873474121094
Partial simulation consumes time: 0.014804363250732422
Partial simulation consumes time: 0.015677213668823242
Partial simulation consumes time: 0.014858722686767578
Partial simulation consumes time: 0.01589369773864746
Partial simulation consumes time: 0.01396036148071289
Partial simulation consumes time: 0.013715744018554688
Partial simulation consumes time: 0.013452529907226562
Partial simulation consumes time: 0.012670040130615234
Partial simulation consumes time: 0.013518095016479492
Partial simulation consumes time: 0.011966466903686523
Partial simulation consumes time: 0.009573936462402344
Partial simulation consumes time: 0.009257316589355469
Partial simulation consumes time: 0.00948786735534668
Partial simulation consumes time: 0.009371519088745117
Partial simulation consumes time: 0.00922846794128418
Partial simulation consumes time: 0.009478330612182617
Partial simulation consumes time: 0.0107574462890625
Partial simulation consumes time: 0.00933837890625
Partial simulation consumes time: 0.009493827819824219
Partial simulation consumes time: 0.010470390319824219
Partial simulation consumes time: 0.009753704071044922
Partial simulation consumes time: 0.009254217147827148
Partial simulation consumes time: 0.009308815002441406
Partial simulation consumes time: 0.009502410888671875
Partial simulation consumes time: 0.009421825408935547
Partial simulation consumes time: 0.010001182556152344
Partial simulation consumes time: 0.009806394577026367
Partial simulation consumes time: 0.009865999221801758
Partial simulation consumes time: 0.009350061416625977
Partial simulation consumes time: 0.011649370193481445
Partial simulation consumes time: 0.009502410888671875
Partial simulation consumes time: 0.009970426559448242
Partial simulation consumes time: 0.009357452392578125
Partial simulation consumes time: 0.011229515075683594
Partial simulation consumes time: 0.009436607360839844
Partial simulation consumes time: 0.009982585906982422
Partial simulation consumes time: 0.009324789047241211
Partial simulation consumes time: 0.009478092193603516
Partial simulation consumes time: 0.00957942008972168
Partial simulation consumes time: 0.009627103805541992
Partial simulation consumes time: 0.009376049041748047
Partial simulation consumes time: 0.009456396102905273
Partial simulation consumes time: 0.009617090225219727
Partial simulation consumes time: 0.00932168960571289
Partial simulation consumes time: 0.009505033493041992
Partial simulation consumes time: 0.009297370910644531
Partial simulation consumes time: 0.011829137802124023
Partial simulation consumes time: 0.012190103530883789
Partial simulation consumes time: 0.011713504791259766
Partial simulation consumes time: 0.011938095092773438
Partial simulation consumes time: 0.06944417953491211
Partial simulation consumes time: 0.011988401412963867
Partial simulation consumes time: 0.011779069900512695
Partial simulation consumes time: 0.02764582633972168
Partial simulation consumes time: 0.04843902587890625
Partial simulation consumes time: 0.012765169143676758
Partial simulation consumes time: 0.013251066207885742
Partial simulation consumes time: 0.01135563850402832
Partial simulation consumes time: 0.01118159294128418
Partial simulation consumes time: 0.01192021369934082
Partial simulation consumes time: 0.011265754699707031
Partial simulation consumes time: 0.011409521102905273
Partial simulation consumes time: 0.011843204498291016
Partial simulation consumes time: 0.011302709579467773
Partial simulation consumes time: 0.011293172836303711
Partial simulation consumes time: 0.011753320693969727
Partial simulation consumes time: 0.01177835464477539
Partial simulation consumes time: 0.011868953704833984
Partial simulation consumes time: 0.012160062789916992
Partial simulation consumes time: 0.011452913284301758
Partial simulation consumes time: 0.012702703475952148
Partial simulation consumes time: 0.011333227157592773
Partial simulation consumes time: 0.011584043502807617
Partial simulation consumes time: 0.009500980377197266
Partial simulation consumes time: 0.008296012878417969
Partial simulation consumes time: 0.007886886596679688
Partial simulation consumes time: 0.008128881454467773
Partial simulation consumes time: 0.00814676284790039
Partial simulation consumes time: 0.00801706314086914
Partial simulation consumes time: 0.00817728042602539
Partial simulation consumes time: 0.008087396621704102
Partial simulation consumes time: 0.010131120681762695
Partial simulation consumes time: 0.008823394775390625
Partial simulation consumes time: 0.007880687713623047
Partial simulation consumes time: 0.009642601013183594
Partial simulation consumes time: 0.008011579513549805
Partial simulation consumes time: 0.009459257125854492
Partial simulation consumes time: 0.007835626602172852
Partial simulation consumes time: 0.008817672729492188
Partial simulation consumes time: 0.008002042770385742
Partial simulation consumes time: 0.008127450942993164
Partial simulation consumes time: 0.007848024368286133
Partial simulation consumes time: 0.008051633834838867
Partial simulation consumes time: 0.00804758071899414
Partial simulation consumes time: 0.008894205093383789
Partial simulation consumes time: 0.008180856704711914
Partial simulation consumes time: 0.008317947387695312
Partial simulation consumes time: 0.008083343505859375
Partial simulation consumes time: 0.008012533187866211
Partial simulation consumes time: 0.008610010147094727
Partial simulation consumes time: 0.008056879043579102
Partial simulation consumes time: 0.008094549179077148
Partial simulation consumes time: 0.008389472961425781
Partial simulation consumes time: 0.007991552352905273
Partial simulation consumes time: 0.008817434310913086
Partial simulation consumes time: 0.00790548324584961
Partial simulation consumes time: 0.00788259506225586
Partial simulation consumes time: 0.008152008056640625
Partial simulation consumes time: 0.008301734924316406
Partial simulation consumes time: 0.008052587509155273
Partial simulation consumes time: 0.008583784103393555
Partial simulation consumes time: 0.008051633834838867
Partial simulation consumes time: 0.007961511611938477
Partial simulation consumes time: 0.008168458938598633
Partial simulation consumes time: 0.008880615234375
Partial simulation consumes time: 0.012884140014648438
Partial simulation consumes time: 0.009400606155395508
Partial simulation consumes time: 0.009859323501586914
Partial simulation consumes time: 0.009351968765258789
Partial simulation consumes time: 0.00930023193359375
Partial simulation consumes time: 0.016056537628173828
Partial simulation consumes time: 0.010222911834716797
Partial simulation consumes time: 0.009638071060180664
Partial simulation consumes time: 0.009775638580322266
Partial simulation consumes time: 0.009728431701660156
Partial simulation consumes time: 0.008093595504760742
Partial simulation consumes time: 0.007954835891723633
Partial simulation consumes time: 0.009548425674438477
Partial simulation consumes time: 0.00991368293762207
Partial simulation consumes time: 0.008395195007324219
Partial simulation consumes time: 0.008100271224975586
Partial simulation consumes time: 0.00853109359741211
Partial simulation consumes time: 0.008168458938598633
Partial simulation consumes time: 0.009929656982421875
Partial simulation consumes time: 0.008729934692382812
Partial simulation consumes time: 0.008146047592163086
Partial simulation consumes time: 0.01014089584350586
Partial simulation consumes time: 0.009674310684204102
Qdao runs:	42.29853367805481
_initialize	0.5731711387634277
_preprocess	10.025525569915771
_postprocess	12.975114583969116
_run	41.70016622543335
load_sv	9.50189471244812
store_sv	12.955468654632568
Quafu runs:	14.038722515106201
.

================= 1 passed, 11 deselected in 60.20s (0:01:00) ==================
