============================= test session starts ==============================
platform linux -- Python 3.10.6, pytest-7.2.0, pluggy-1.0.0
rootdir: /root/projects/qcs
collected 10 items / 9 deselected / 1 selected

tst/qdao/engine.py 
::::::::::::::::::Config::::::::::::::::::

NQ::	29
NP::	27
NL::	19
bench::	

::::::::::::::::::Config::::::::::::::::::

Partial simulation consumes time: 5.640077829360962
Partial simulation consumes time: 5.100186109542847
Partial simulation consumes time: 3.5806822776794434
Partial simulation consumes time: 4.190788507461548
Partial simulation consumes time: 0.40460753440856934
Partial simulation consumes time: 0.4568302631378174
Partial simulation consumes time: 0.6618297100067139
Partial simulation consumes time: 0.6745913028717041
Qdao runs:	161.74011778831482
_initialize	44.144718647003174
_preprocess	8.193110466003418
_postprocess	88.6900782585144
_run	117.5935652256012
load_sv	8.187307357788086
store_sv	88.68956446647644
Quafu runs:	22.078521966934204
.

================= 1 passed, 9 deselected in 185.61s (0:03:05) ==================
