============================= test session starts ==============================
platform linux -- Python 3.10.6, pytest-7.2.0, pluggy-1.0.0
rootdir: /root/projects/qcs
collected 13 items / 12 deselected / 1 selected

tst/qdao/engine.py 
::::::::::::::::::Config::::::::::::::::::

NQ::	30
NP::	28
NL::	22

::::::::::::::::::Config::::::::::::::::::

Partial simulation consumes time: 27.1233389377594
Partial simulation consumes time: 26.61257028579712
Partial simulation consumes time: 24.665610313415527
Partial simulation consumes time: 26.19468593597412
Partial simulation consumes time: 1.6254229545593262
Partial simulation consumes time: 1.7311928272247314
Partial simulation consumes time: 1.7784907817840576
Partial simulation consumes time: 1.6773970127105713
Partial simulation consumes time: 2.1500954627990723
Partial simulation consumes time: 2.078826427459717
Partial simulation consumes time: 2.772582769393921
Partial simulation consumes time: 2.287067413330078
Partial simulation consumes time: 1.3567261695861816
Partial simulation consumes time: 1.5166704654693604
Partial simulation consumes time: 1.333841323852539
Partial simulation consumes time: 1.335662603378296
Partial simulation consumes time: 0.6165642738342285
Partial simulation consumes time: 0.6177747249603271
Partial simulation consumes time: 0.6193375587463379
Partial simulation consumes time: 0.6208038330078125
Qdao runs:	268.31905126571655
_initialize	16.32890224456787
_preprocess	50.471303939819336
_postprocess	82.57792782783508
_run	267.8675231933594
load_sv	50.43452048301697
store_sv	82.57722210884094
Qiskit runs: 110.2368426322937
.

================= 1 passed, 12 deselected in 397.85s (0:06:37) =================
