============================= test session starts ==============================
platform linux -- Python 3.10.6, pytest-7.2.0, pluggy-1.0.0
rootdir: /root/projects/qcs
collected 13 items / 12 deselected / 1 selected

tst/qdao/engine.py 
::::::::::::::::::Config::::::::::::::::::

NQ::	28
NP::	26
NL::	22

::::::::::::::::::Config::::::::::::::::::

Partial simulation consumes time: 18.455753326416016
Partial simulation consumes time: 18.116213083267212
Partial simulation consumes time: 16.239992141723633
Partial simulation consumes time: 16.31970715522766
Partial simulation consumes time: 4.8553996086120605
Partial simulation consumes time: 5.02608847618103
Partial simulation consumes time: 4.931805372238159
Partial simulation consumes time: 5.014777183532715
Partial simulation consumes time: 2.452766180038452
Partial simulation consumes time: 2.678497076034546
Partial simulation consumes time: 2.3940234184265137
Partial simulation consumes time: 2.38885498046875
Partial simulation consumes time: 2.4593653678894043
Partial simulation consumes time: 2.552124261856079
Partial simulation consumes time: 2.424560070037842
Partial simulation consumes time: 2.499042510986328
Partial simulation consumes time: 14.01053237915039
Partial simulation consumes time: 15.55103611946106
Partial simulation consumes time: 15.991012811660767
Partial simulation consumes time: 13.840908288955688
Partial simulation consumes time: 6.625963926315308
Partial simulation consumes time: 6.418856859207153
Partial simulation consumes time: 7.17360520362854
Partial simulation consumes time: 6.548608303070068
Partial simulation consumes time: 10.709503889083862
Partial simulation consumes time: 9.519837856292725
Partial simulation consumes time: 10.607815265655518
Partial simulation consumes time: 10.45775032043457
Partial simulation consumes time: 10.463398456573486
Partial simulation consumes time: 9.635626792907715
Partial simulation consumes time: 10.583252191543579
Partial simulation consumes time: 10.957996368408203
Partial simulation consumes time: 7.664945602416992
Partial simulation consumes time: 8.82918930053711
Partial simulation consumes time: 8.003013134002686
Partial simulation consumes time: 6.5593931674957275
Qdao runs:	347.8057265281677
_initialize	7.531105995178223
_preprocess	13.919880867004395
_postprocess	17.361396074295044
_run	340.24353408813477
initialize	7.531071662902832
load_sv	13.9005765914917
store_sv	17.3607439994812
Quafu runs:	344.473037481308
.

================= 1 passed, 12 deselected in 696.21s (0:11:36) =================
