============================= test session starts ==============================
platform linux -- Python 3.10.6, pytest-7.2.0, pluggy-1.0.0
rootdir: /root/projects/qvm
plugins: anyio-3.6.2
collected 55 items / 54 deselected / 1 selected

tst/qvm/integration/bench_test.py 
------------------- Testing --------------

QVM::selection::costs::	random	1.5735626220703125e-05
compute_unit_list	[{2}, {3}, {1, 12}, {5}]
QVM::selection::costs::	naive	0.000118255615234375
compute_unit_list	[{2}, {3}, {1, 12}, {5}]
QVM::selection::costs::	naive_reverse	0.00021791458129882812
compute_unit_list	[{5}, {0}, {3, 6}, {2}]
QVM::selection::costs::	brute_force	0.03639817237854004
compute_unit_list	[{2}, {3}, {1, 12}, {5}]
random	1.5735626220703125e-05	0.07837963375049178	0.9265038967132568
small_first	0.000118255615234375	0.07851388440491047	0.9263970851898193
large_first	0.00021791458129882812	0.07783026483285846	0.9280085563659668
brute_force	0.03639817237854004	0.07831693399617888	0.9265761375427246
.

=============================== warnings summary ===============================
qcs/tst/qvm/integration/bench_test.py::TestBenchDiffBackendQvmFrpV2::test_bench_multi_methods_multi_metrics[/root/projects/QASMBench/small//deutsch_n2/deutsch_n2.qasm,/root/projects/QASMBench/small//grover_n2/grover_n2.qasm,/root/projects/QASMBench/small//shor_n5/shor_n5.qasm,/root/projects/QASMBench/small//toffoli_n3/toffoli_n3.qasm-FakeBrooklyn-4-random,small_first,large_first,brute_force]
qcs/tst/qvm/integration/bench_test.py::TestBenchDiffBackendQvmFrpV2::test_bench_multi_methods_multi_metrics[/root/projects/QASMBench/small//deutsch_n2/deutsch_n2.qasm,/root/projects/QASMBench/small//grover_n2/grover_n2.qasm,/root/projects/QASMBench/small//shor_n5/shor_n5.qasm,/root/projects/QASMBench/small//toffoli_n3/toffoli_n3.qasm-FakeBrooklyn-4-random,small_first,large_first,brute_force]
qcs/tst/qvm/integration/bench_test.py::TestBenchDiffBackendQvmFrpV2::test_bench_multi_methods_multi_metrics[/root/projects/QASMBench/small//deutsch_n2/deutsch_n2.qasm,/root/projects/QASMBench/small//grover_n2/grover_n2.qasm,/root/projects/QASMBench/small//shor_n5/shor_n5.qasm,/root/projects/QASMBench/small//toffoli_n3/toffoli_n3.qasm-FakeBrooklyn-4-random,small_first,large_first,brute_force]
qcs/tst/qvm/integration/bench_test.py::TestBenchDiffBackendQvmFrpV2::test_bench_multi_methods_multi_metrics[/root/projects/QASMBench/small//deutsch_n2/deutsch_n2.qasm,/root/projects/QASMBench/small//grover_n2/grover_n2.qasm,/root/projects/QASMBench/small//shor_n5/shor_n5.qasm,/root/projects/QASMBench/small//toffoli_n3/toffoli_n3.qasm-FakeBrooklyn-4-random,small_first,large_first,brute_force]
qcs/tst/qvm/integration/bench_test.py::TestBenchDiffBackendQvmFrpV2::test_bench_multi_methods_multi_metrics[/root/projects/QASMBench/small//deutsch_n2/deutsch_n2.qasm,/root/projects/QASMBench/small//grover_n2/grover_n2.qasm,/root/projects/QASMBench/small//shor_n5/shor_n5.qasm,/root/projects/QASMBench/small//toffoli_n3/toffoli_n3.qasm-FakeBrooklyn-4-random,small_first,large_first,brute_force]
qcs/tst/qvm/integration/bench_test.py::TestBenchDiffBackendQvmFrpV2::test_bench_multi_methods_multi_metrics[/root/projects/QASMBench/small//deutsch_n2/deutsch_n2.qasm,/root/projects/QASMBench/small//grover_n2/grover_n2.qasm,/root/projects/QASMBench/small//shor_n5/shor_n5.qasm,/root/projects/QASMBench/small//toffoli_n3/toffoli_n3.qasm-FakeBrooklyn-4-random,small_first,large_first,brute_force]
qcs/tst/qvm/integration/bench_test.py::TestBenchDiffBackendQvmFrpV2::test_bench_multi_methods_multi_metrics[/root/projects/QASMBench/small//deutsch_n2/deutsch_n2.qasm,/root/projects/QASMBench/small//grover_n2/grover_n2.qasm,/root/projects/QASMBench/small//shor_n5/shor_n5.qasm,/root/projects/QASMBench/small//toffoli_n3/toffoli_n3.qasm-FakeBrooklyn-4-random,small_first,large_first,brute_force]
qcs/tst/qvm/integration/bench_test.py::TestBenchDiffBackendQvmFrpV2::test_bench_multi_methods_multi_metrics[/root/projects/QASMBench/small//deutsch_n2/deutsch_n2.qasm,/root/projects/QASMBench/small//grover_n2/grover_n2.qasm,/root/projects/QASMBench/small//shor_n5/shor_n5.qasm,/root/projects/QASMBench/small//toffoli_n3/toffoli_n3.qasm-FakeBrooklyn-4-random,small_first,large_first,brute_force]
  /root/anaconda3/envs/qcs-noise/lib/python3.10/site-packages/qiskit/providers/fake_provider/fake_backend.py:462: PendingDeprecationWarning: "warnings" argument will be deprecated as part of the qiskit-aer 0.12.0 and subsequently removed
    noise_model = NoiseModel.from_backend(self, warnings=False)

qcs/tst/qvm/integration/bench_test.py: 12 warnings
  /root/anaconda3/envs/qcs-noise/lib/python3.10/site-packages/qiskit_aer/noise/device/models.py:365: UserWarning: Device model returned an invalid T_2 relaxation time greater than the theoretical maximum value 2 * T_1 (96966.20180926041 > 2 * 40591.82230473617). Truncating to maximum value.
    warn("Device model returned an invalid T_2 relaxation time greater than"

qcs/tst/qvm/integration/bench_test.py::TestBenchDiffBackendQvmFrpV2::test_bench_multi_methods_multi_metrics[/root/projects/QASMBench/small//deutsch_n2/deutsch_n2.qasm,/root/projects/QASMBench/small//grover_n2/grover_n2.qasm,/root/projects/QASMBench/small//shor_n5/shor_n5.qasm,/root/projects/QASMBench/small//toffoli_n3/toffoli_n3.qasm-FakeBrooklyn-4-random,small_first,large_first,brute_force]
qcs/tst/qvm/integration/bench_test.py::TestBenchDiffBackendQvmFrpV2::test_bench_multi_methods_multi_metrics[/root/projects/QASMBench/small//deutsch_n2/deutsch_n2.qasm,/root/projects/QASMBench/small//grover_n2/grover_n2.qasm,/root/projects/QASMBench/small//shor_n5/shor_n5.qasm,/root/projects/QASMBench/small//toffoli_n3/toffoli_n3.qasm-FakeBrooklyn-4-random,small_first,large_first,brute_force]
  /root/anaconda3/envs/qcs-noise/lib/python3.10/site-packages/qiskit_aer/noise/device/models.py:365: UserWarning: Device model returned an invalid T_2 relaxation time greater than the theoretical maximum value 2 * T_1 (9.696620180926042e-05 > 2 * 4.059182230473617e-05). Truncating to maximum value.
    warn("Device model returned an invalid T_2 relaxation time greater than"

-- Docs: https://docs.pytest.org/en/stable/how-to/capture-warnings.html
========== 1 passed, 54 deselected, 22 warnings in 313.81s (0:05:13) ===========
