============================= test session starts ==============================
platform linux -- Python 3.10.6, pytest-7.2.0, pluggy-1.0.0
rootdir: /root/projects/qvm
plugins: anyio-3.6.2
collected 55 items / 54 deselected / 1 selected

tst/qvm/integration/bench_test.py 
------------------- Testing --------------

QVM::selection::costs::	random	1.4066696166992188e-05
compute_unit_list	[{2}, {0, 10, 4}, {3}, {5}]
QVM::selection::costs::	naive	8.153915405273438e-05
compute_unit_list	[{2}, {0, 10, 4}, {3}, {5}]
QVM::selection::costs::	naive_reverse	0.00019931793212890625
compute_unit_list	[{3}, {0, 10, 4}, {5}, {2}]
QVM::selection::costs::	brute_force	0.011997699737548828
compute_unit_list	[{2}, {0, 10, 4}, {3}, {5}]
random	1.4066696166992188e-05	0.12754753157837453	0.95658278465271
small_first	8.153915405273438e-05	0.12719897519762516	0.9566617012023926
large_first	0.00019931793212890625	0.13619763356414977	0.9525175094604492
brute_force	0.011997699737548828	0.12681465934705866	0.9568452835083008
.

=============================== warnings summary ===============================
qcs/tst/qvm/integration/bench_test.py::TestBenchDiffBackendQvmFrpV2::test_bench_multi_methods_multi_metrics[/root/projects/QASMBench/small//dnn_n2/dnn_n2.qasm,/root/projects/QASMBench/small//qpe_n9/qpe_n9.qasm,/root/projects/QASMBench/small//quantumwalks_n2/quantumwalks_n2.qasm,/root/projects/QASMBench/small//variational_n4/variational_n4.qasm-FakeBrooklyn-4-random,small_first,large_first,brute_force]
qcs/tst/qvm/integration/bench_test.py::TestBenchDiffBackendQvmFrpV2::test_bench_multi_methods_multi_metrics[/root/projects/QASMBench/small//dnn_n2/dnn_n2.qasm,/root/projects/QASMBench/small//qpe_n9/qpe_n9.qasm,/root/projects/QASMBench/small//quantumwalks_n2/quantumwalks_n2.qasm,/root/projects/QASMBench/small//variational_n4/variational_n4.qasm-FakeBrooklyn-4-random,small_first,large_first,brute_force]
qcs/tst/qvm/integration/bench_test.py::TestBenchDiffBackendQvmFrpV2::test_bench_multi_methods_multi_metrics[/root/projects/QASMBench/small//dnn_n2/dnn_n2.qasm,/root/projects/QASMBench/small//qpe_n9/qpe_n9.qasm,/root/projects/QASMBench/small//quantumwalks_n2/quantumwalks_n2.qasm,/root/projects/QASMBench/small//variational_n4/variational_n4.qasm-FakeBrooklyn-4-random,small_first,large_first,brute_force]
qcs/tst/qvm/integration/bench_test.py::TestBenchDiffBackendQvmFrpV2::test_bench_multi_methods_multi_metrics[/root/projects/QASMBench/small//dnn_n2/dnn_n2.qasm,/root/projects/QASMBench/small//qpe_n9/qpe_n9.qasm,/root/projects/QASMBench/small//quantumwalks_n2/quantumwalks_n2.qasm,/root/projects/QASMBench/small//variational_n4/variational_n4.qasm-FakeBrooklyn-4-random,small_first,large_first,brute_force]
qcs/tst/qvm/integration/bench_test.py::TestBenchDiffBackendQvmFrpV2::test_bench_multi_methods_multi_metrics[/root/projects/QASMBench/small//dnn_n2/dnn_n2.qasm,/root/projects/QASMBench/small//qpe_n9/qpe_n9.qasm,/root/projects/QASMBench/small//quantumwalks_n2/quantumwalks_n2.qasm,/root/projects/QASMBench/small//variational_n4/variational_n4.qasm-FakeBrooklyn-4-random,small_first,large_first,brute_force]
qcs/tst/qvm/integration/bench_test.py::TestBenchDiffBackendQvmFrpV2::test_bench_multi_methods_multi_metrics[/root/projects/QASMBench/small//dnn_n2/dnn_n2.qasm,/root/projects/QASMBench/small//qpe_n9/qpe_n9.qasm,/root/projects/QASMBench/small//quantumwalks_n2/quantumwalks_n2.qasm,/root/projects/QASMBench/small//variational_n4/variational_n4.qasm-FakeBrooklyn-4-random,small_first,large_first,brute_force]
qcs/tst/qvm/integration/bench_test.py::TestBenchDiffBackendQvmFrpV2::test_bench_multi_methods_multi_metrics[/root/projects/QASMBench/small//dnn_n2/dnn_n2.qasm,/root/projects/QASMBench/small//qpe_n9/qpe_n9.qasm,/root/projects/QASMBench/small//quantumwalks_n2/quantumwalks_n2.qasm,/root/projects/QASMBench/small//variational_n4/variational_n4.qasm-FakeBrooklyn-4-random,small_first,large_first,brute_force]
  /root/anaconda3/envs/qcs-noise/lib/python3.10/site-packages/qiskit/providers/fake_provider/fake_backend.py:462: PendingDeprecationWarning: "warnings" argument will be deprecated as part of the qiskit-aer 0.12.0 and subsequently removed
    noise_model = NoiseModel.from_backend(self, warnings=False)

qcs/tst/qvm/integration/bench_test.py: 12 warnings
  /root/anaconda3/envs/qcs-noise/lib/python3.10/site-packages/qiskit_aer/noise/device/models.py:365: UserWarning: Device model returned an invalid T_2 relaxation time greater than the theoretical maximum value 2 * T_1 (96966.20180926041 > 2 * 40591.82230473617). Truncating to maximum value.
    warn("Device model returned an invalid T_2 relaxation time greater than"

qcs/tst/qvm/integration/bench_test.py::TestBenchDiffBackendQvmFrpV2::test_bench_multi_methods_multi_metrics[/root/projects/QASMBench/small//dnn_n2/dnn_n2.qasm,/root/projects/QASMBench/small//qpe_n9/qpe_n9.qasm,/root/projects/QASMBench/small//quantumwalks_n2/quantumwalks_n2.qasm,/root/projects/QASMBench/small//variational_n4/variational_n4.qasm-FakeBrooklyn-4-random,small_first,large_first,brute_force]
qcs/tst/qvm/integration/bench_test.py::TestBenchDiffBackendQvmFrpV2::test_bench_multi_methods_multi_metrics[/root/projects/QASMBench/small//dnn_n2/dnn_n2.qasm,/root/projects/QASMBench/small//qpe_n9/qpe_n9.qasm,/root/projects/QASMBench/small//quantumwalks_n2/quantumwalks_n2.qasm,/root/projects/QASMBench/small//variational_n4/variational_n4.qasm-FakeBrooklyn-4-random,small_first,large_first,brute_force]
  /root/anaconda3/envs/qcs-noise/lib/python3.10/site-packages/qiskit_aer/noise/device/models.py:365: UserWarning: Device model returned an invalid T_2 relaxation time greater than the theoretical maximum value 2 * T_1 (9.696620180926042e-05 > 2 * 4.059182230473617e-05). Truncating to maximum value.
    warn("Device model returned an invalid T_2 relaxation time greater than"

-- Docs: https://docs.pytest.org/en/stable/how-to/capture-warnings.html
========== 1 passed, 54 deselected, 21 warnings in 151.70s (0:02:31) ===========
