============================= test session starts ==============================
platform linux -- Python 3.10.6, pytest-7.2.0, pluggy-1.0.0
rootdir: /root/projects/qcs
collected 13 items / 12 deselected / 1 selected

tst/qdao/engine.py 
::::::::::::::::::Config::::::::::::::::::

NQ::	28
NP::	26
NL::	22

::::::::::::::::::Config::::::::::::::::::

Partial simulation consumes time: 4.24093222618103
Partial simulation consumes time: 3.796189785003662
Partial simulation consumes time: 3.2408370971679688
Partial simulation consumes time: 3.389636993408203
Partial simulation consumes time: 0.3322334289550781
Partial simulation consumes time: 0.32778024673461914
Partial simulation consumes time: 0.32407164573669434
Partial simulation consumes time: 0.3327765464782715
Qdao runs:	45.5377414226532
_initialize	5.958625078201294
_preprocess	9.291100263595581
_postprocess	13.022241353988647
_run	39.53378438949585
initialize	5.958606004714966
load_sv	9.257908821105957
store_sv	13.022085666656494
Qiskit runs: 14.385904788970947
.

================= 1 passed, 12 deselected in 64.61s (0:01:04) ==================
