============================= test session starts ==============================
platform linux -- Python 3.10.6, pytest-7.2.0, pluggy-1.0.0
rootdir: /root/projects/qvm
plugins: anyio-3.6.2
collected 55 items / 54 deselected / 1 selected

tst/qvm/integration/bench_test.py QVM::selection::costs::	random	4.506111145019531e-05
compute_unit_list	[{1}, {0}]
FRP::online_compilation::costs::	1.5352096557617188
Fid of qvm & frp	0.4178556991400457	0.50111565502873
.

=============================== warnings summary ===============================
qcs/tst/qvm/integration/bench_test.py::TestBenchDiffBackendQvmFrpV2::test_kl_independent_two_bench_frp[qasm-/root/projects/QASMBench/small//ising_n10/ising_n10.qasm,/root/projects/QASMBench/small//pea_n5/pea_n5.qasm-FakeCairo-12-10]
qcs/tst/qvm/integration/bench_test.py::TestBenchDiffBackendQvmFrpV2::test_kl_independent_two_bench_frp[qasm-/root/projects/QASMBench/small//ising_n10/ising_n10.qasm,/root/projects/QASMBench/small//pea_n5/pea_n5.qasm-FakeCairo-12-10]
qcs/tst/qvm/integration/bench_test.py::TestBenchDiffBackendQvmFrpV2::test_kl_independent_two_bench_frp[qasm-/root/projects/QASMBench/small//ising_n10/ising_n10.qasm,/root/projects/QASMBench/small//pea_n5/pea_n5.qasm-FakeCairo-12-10]
qcs/tst/qvm/integration/bench_test.py::TestBenchDiffBackendQvmFrpV2::test_kl_independent_two_bench_frp[qasm-/root/projects/QASMBench/small//ising_n10/ising_n10.qasm,/root/projects/QASMBench/small//pea_n5/pea_n5.qasm-FakeCairo-12-10]
  /root/anaconda3/envs/qcs-noise/lib/python3.10/site-packages/qiskit/providers/fake_provider/fake_backend.py:462: PendingDeprecationWarning: "warnings" argument will be deprecated as part of the qiskit-aer 0.12.0 and subsequently removed
    noise_model = NoiseModel.from_backend(self, warnings=False)

qcs/tst/qvm/integration/bench_test.py: 12 warnings
  /root/anaconda3/envs/qcs-noise/lib/python3.10/site-packages/qiskit_aer/noise/device/models.py:365: UserWarning: Device model returned an invalid T_2 relaxation time greater than the theoretical maximum value 2 * T_1 (196328.6961892367 > 2 * 96478.49546055387). Truncating to maximum value.
    warn("Device model returned an invalid T_2 relaxation time greater than"

qcs/tst/qvm/integration/bench_test.py: 10 warnings
  /root/anaconda3/envs/qcs-noise/lib/python3.10/site-packages/qiskit_aer/noise/device/models.py:365: UserWarning: Device model returned an invalid T_2 relaxation time greater than the theoretical maximum value 2 * T_1 (210788.50669687917 > 2 * 104325.12715207216). Truncating to maximum value.
    warn("Device model returned an invalid T_2 relaxation time greater than"

qcs/tst/qvm/integration/bench_test.py::TestBenchDiffBackendQvmFrpV2::test_kl_independent_two_bench_frp[qasm-/root/projects/QASMBench/small//ising_n10/ising_n10.qasm,/root/projects/QASMBench/small//pea_n5/pea_n5.qasm-FakeCairo-12-10]
  /root/anaconda3/envs/qcs-noise/lib/python3.10/site-packages/qiskit_aer/noise/device/models.py:365: UserWarning: Device model returned an invalid T_2 relaxation time greater than the theoretical maximum value 2 * T_1 (0.00021078850669687914 > 2 * 0.00010432512715207217). Truncating to maximum value.
    warn("Device model returned an invalid T_2 relaxation time greater than"

qcs/tst/qvm/integration/bench_test.py::TestBenchDiffBackendQvmFrpV2::test_kl_independent_two_bench_frp[qasm-/root/projects/QASMBench/small//ising_n10/ising_n10.qasm,/root/projects/QASMBench/small//pea_n5/pea_n5.qasm-FakeCairo-12-10]
qcs/tst/qvm/integration/bench_test.py::TestBenchDiffBackendQvmFrpV2::test_kl_independent_two_bench_frp[qasm-/root/projects/QASMBench/small//ising_n10/ising_n10.qasm,/root/projects/QASMBench/small//pea_n5/pea_n5.qasm-FakeCairo-12-10]
  /root/anaconda3/envs/qcs-noise/lib/python3.10/site-packages/qiskit_aer/noise/device/models.py:365: UserWarning: Device model returned an invalid T_2 relaxation time greater than the theoretical maximum value 2 * T_1 (0.00019632869618923672 > 2 * 9.647849546055387e-05). Truncating to maximum value.
    warn("Device model returned an invalid T_2 relaxation time greater than"

-- Docs: https://docs.pytest.org/en/stable/how-to/capture-warnings.html
================ 1 passed, 54 deselected, 29 warnings in 33.77s ================
