============================= test session starts ==============================
platform linux -- Python 3.10.6, pytest-7.2.0, pluggy-1.0.0
rootdir: /root/projects/qcs
collected 13 items / 12 deselected / 1 selected

tst/qdao/engine.py 
::::::::::::::::::Config::::::::::::::::::

NQ::	31
NP::	29
NL::	22

::::::::::::::::::Config::::::::::::::::::

Warning: Operations gate may be not supported by QuantumCircuit class currently.
Partial simulation consumes time: 97.59392142295837
Partial simulation consumes time: 120.5923182964325
Partial simulation consumes time: 109.2862012386322
Partial simulation consumes time: 123.15495729446411
Partial simulation consumes time: 4.992225408554077
Partial simulation consumes time: 5.013911962509155
Partial simulation consumes time: 3.5219693183898926
Partial simulation consumes time: 3.3526031970977783
Qdao runs:	617.3858995437622
_initialize	57.146390438079834
_preprocess	48.831866979599
_postprocess	101.02706694602966
_run	617.3678646087646
load_sv	48.82556509971619
store_sv	101.02637910842896
Quafu runs:	542.5499401092529
.

================ 1 passed, 12 deselected in 1221.66s (0:20:21) =================
