============================= test session starts ==============================
platform linux -- Python 3.10.6, pytest-7.2.0, pluggy-1.0.0
rootdir: /root/projects/qcs
collected 13 items / 12 deselected / 1 selected

tst/qdao/engine.py 
::::::::::::::::::Config::::::::::::::::::

NQ::	29
NP::	27
NL::	22

::::::::::::::::::Config::::::::::::::::::

Warning: Operations gate may be not supported by QuantumCircuit class currently.
Partial simulation consumes time: 20.394203662872314
Partial simulation consumes time: 18.125995635986328
Partial simulation consumes time: 19.13600468635559
Partial simulation consumes time: 27.155673503875732
Partial simulation consumes time: 1.1888599395751953
Partial simulation consumes time: 1.2110004425048828
Partial simulation consumes time: 0.8113093376159668
Partial simulation consumes time: 1.7040984630584717
Qdao runs:	120.56774806976318
_initialize	8.049610614776611
_preprocess	11.255753517150879
_postprocess	19.5770263671875
_run	120.56063771247864
load_sv	11.25029969215393
store_sv	19.57648205757141
Quafu runs:	78.94086122512817
.

================= 1 passed, 12 deselected in 209.84s (0:03:29) =================
