============================= test session starts ==============================
platform linux -- Python 3.10.6, pytest-7.2.0, pluggy-1.0.0
rootdir: /root/projects/qvm
plugins: anyio-3.6.2
collected 55 items / 54 deselected / 1 selected

tst/qvm/integration/bench_test.py 
------------------- Testing --------------

F

=================================== FAILURES ===================================
_ TestBenchDiffBackendQvmFrpV2.test_bench_multi_methods_multi_metrics[/root/projects/QASMBench/small//adder_n4/adder_n4.qasm,/root/projects/QASMBench/small//iswap_n2/iswap_n2.qasm-FakeCairo-4-baseline] _

self = <bench_test.TestBenchDiffBackendQvmFrpV2 object at 0x7fec329339d0>
qasm = '/root/projects/QASMBench/small//adder_n4/adder_n4.qasm,/root/projects/QASMBench/small//iswap_n2/iswap_n2.qasm'
backend = 'FakeCairo', cu_size = 4, qvm_version = 'baseline'

    def test_bench_multi_methods_multi_metrics(
        self, qasm, backend, cu_size, qvm_version
    ):
        """Test a bench group using different qvm ochestration methods"""
    
        print("\n------------------- Testing --------------\n")
    
        self.prepare_for_test(backend, cu_size, vs=qvm_version)
        self.init_proc_cache(qasm, backend, cu_size)
    
        # Prepare circuits
        qasm_path_list = qasm.split(",")
        circ_list = [self.get_qiskit_circ("qasm", qasm_path=q) for q in qasm_path_list]
    
        # Parse versions
        versions = qvm_version.split(",")
>       methods = [V2M[v] for v in versions]

tst/qvm/integration/bench_test.py:648: 
_ _ _ _ _ _ _ _ _ _ _ _ _ _ _ _ _ _ _ _ _ _ _ _ _ _ _ _ _ _ _ _ _ _ _ _ _ _ _ _ 

.0 = <list_iterator object at 0x7fec327552a0>

>   methods = [V2M[v] for v in versions]
E   KeyError: 'baseline'

tst/qvm/integration/bench_test.py:648: KeyError
------------------------------ Captured log call -------------------------------
WARNING  root:graph.py:571 Failed to grow a subgraph from root: 9, current visited status: {2, 3, 5, 8, 9, 11, 14, 16, 19}, error message is 'Cannot grow a graph that satisfy the subgraph size from current root: 9'
WARNING  root:graph.py:571 Failed to grow a subgraph from root: 20, current visited status: {2, 3, 5, 8, 9, 11, 14, 16, 18, 19, 20, 21, 23, 24}, error message is 'Cannot grow a graph that satisfy the subgraph size from current root: 20'
WARNING  root:graph.py:571 Failed to grow a subgraph from root: 17, current visited status: {2, 3, 5, 8, 9, 10, 11, 12, 13, 14, 15, 16, 17, 18, 19, 20, 21, 23, 24}, error message is 'Cannot grow a graph that satisfy the subgraph size from current root: 17'
WARNING  root:graph.py:571 Failed to grow a subgraph from root: 6, current visited status: {0, 1, 2, 3, 4, 5, 6, 7, 8, 9, 10, 11, 12, 13, 14, 15, 16, 17, 18, 19, 20, 21, 23, 24}, error message is 'Cannot grow a graph that satisfy the subgraph size from current root: 6'
WARNING  root:graph.py:571 Failed to grow a subgraph from root: 22, current visited status: {0, 1, 2, 3, 4, 5, 6, 7, 8, 9, 10, 11, 12, 13, 14, 15, 16, 17, 18, 19, 20, 21, 22, 23, 24, 25, 26}, error message is 'Cannot grow a graph that satisfy the subgraph size from current root: 22'
WARNING  root:graph.py:571 Failed to grow a subgraph from root: 25, current visited status: {0, 1, 2, 3, 4, 5, 6, 7, 8, 9, 10, 11, 12, 13, 14, 15, 16, 17, 18, 19, 20, 21, 22, 23, 24, 25, 26}, error message is 'Cannot grow a graph that satisfy the subgraph size from current root: 25'
WARNING  root:graph.py:571 Failed to grow a subgraph from root: 26, current visited status: {0, 1, 2, 3, 4, 5, 6, 7, 8, 9, 10, 11, 12, 13, 14, 15, 16, 17, 18, 19, 20, 21, 22, 23, 24, 25, 26}, error message is 'Cannot grow a graph that satisfy the subgraph size from current root: 26'
=========================== short test summary info ============================
FAILED tst/qvm/integration/bench_test.py::TestBenchDiffBackendQvmFrpV2::test_bench_multi_methods_multi_metrics[/root/projects/QASMBench/small/adder_n4/adder_n4.qasm,/root/projects/QASMBench/small/iswap_n2/iswap_n2.qasm-FakeCairo-4-baseline]
======================= 1 failed, 54 deselected in 2.06s =======================
