Randomly selected files:
/root/projects/QASMBench/small//cat_state_n4/cat_state_n4.qasm,/root/projects/QASMBench/small//fredkin_n3/fredkin_n3.qasm
============================= test session starts ==============================
platform linux -- Python 3.10.6, pytest-7.2.0, pluggy-1.0.0
rootdir: /root/projects/qcs
plugins: anyio-3.6.2
collected 20 items / 19 deselected / 1 selected

tst/qvm/integration/bench_test.py [3.79371643e-03 1.09672546e-04 4.29153442e-05 2.38418579e-05
 2.57492065e-05 4.76837158e-06 3.81469727e-06 1.11579895e-04
 4.00543213e-05 2.86102295e-06 1.04904175e-05 1.19209290e-04
 1.81198120e-05 8.58306885e-05 1.35421753e-04 3.59821320e-03
 2.73017883e-02 7.87734985e-04 2.36511230e-04 2.17437744e-04
 1.76429749e-04 2.19345093e-05 3.05175781e-05 7.96318054e-04
 3.60488892e-04 3.05175781e-05 3.62396240e-05 8.04901123e-04
 9.34600830e-05 5.42640686e-04 8.81195068e-04 2.46782303e-02
 2.35843658e-03 6.19888306e-05 2.19345093e-05 1.90734863e-05
 1.33514404e-05 9.53674316e-07 3.81469727e-06 7.72476196e-05
 3.05175781e-05 4.76837158e-06 1.90734863e-06 8.10623169e-05
 1.23977661e-05 5.81741333e-05 8.86917114e-05 2.14004517e-03
 1.26104355e-02 3.70979309e-04 1.12533569e-04 1.07765198e-04
 8.67843628e-05 1.62124634e-05 1.90734863e-05 3.62396240e-04
 1.46865845e-04 1.52587891e-05 2.09808350e-05 3.27110291e-04
 4.10079956e-05 2.86102295e-04 4.50134277e-04 1.11894608e-02
 1.27763748e-02 3.96728516e-04 1.03950500e-04 9.34600830e-05
 9.34600830e-05 1.62124634e-05 1.43051147e-05 3.39508057e-04
 1.51634216e-04 1.43051147e-05 2.09808350e-05 3.83377075e-04
 4.76837158e-05 2.94685364e-04 3.65257263e-04 1.16500854e-02
 3.93211365e-01 1.19075775e-02 3.54099274e-03 3.10420990e-03
 2.76279449e-03 3.37600708e-04 4.41551208e-04 1.17778778e-02
 4.84085083e-03 3.99589539e-04 4.35829163e-04 1.18465424e-02
 1.30653381e-03 8.38088989e-03 1.31578445e-02 3.61310005e-01
 3.09276581e-03 9.82284546e-05 2.57492065e-05 2.38418579e-05
 1.62124634e-05 4.76837158e-06 2.86102295e-06 9.25064087e-05
 4.29153442e-05 3.81469727e-06 3.81469727e-06 1.00135803e-04
 1.52587891e-05 5.62667847e-05 9.91821289e-05 2.91061401e-03
 1.98965073e-02 5.94139099e-04 1.61170959e-04 1.61170959e-04
 1.16348267e-04 1.90734863e-05 2.67028809e-05 5.86509705e-04
 2.27928162e-04 1.81198120e-05 3.05175781e-05 5.73158264e-04
 7.34329224e-05 4.35829163e-04 6.59942627e-04 1.80463791e-02]
[0.         0.         0.         0.         0.         0.
 0.         0.         0.         0.         0.         0.
 0.         0.         0.         0.         0.         0.
 0.         0.         0.         0.         0.         0.
 0.         0.         0.         0.         0.         0.
 0.         0.         0.         0.         0.         0.
 0.         0.         0.         0.         0.         0.
 0.         0.         0.         0.         0.         0.
 0.         0.         0.         0.         0.         0.
 0.         0.         0.         0.         0.         0.
 0.         0.         0.         0.         0.         0.
 0.         0.         0.         0.         0.         0.
 0.         0.         0.         0.         0.         0.
 0.         0.         0.49933624 0.         0.         0.
 0.         0.         0.         0.         0.         0.
 0.         0.         0.         0.         0.         0.50066376
 0.         0.         0.         0.         0.         0.
 0.         0.         0.         0.         0.         0.
 0.         0.         0.         0.         0.         0.
 0.         0.         0.         0.         0.         0.
 0.         0.         0.         0.         0.         0.
 0.         0.        ]
[3.63826752e-03 8.10623169e-05 2.57492065e-05 2.09808350e-05
 3.62396240e-05 5.72204590e-06 9.53674316e-07 5.72204590e-05
 3.52859497e-05 1.90734863e-06 2.86102295e-06 1.13487244e-04
 6.67572021e-06 9.53674316e-05 1.14440918e-04 3.37409973e-03
 2.15940475e-02 4.36782837e-04 1.84059143e-04 1.16348267e-04
 2.26020813e-04 1.43051147e-05 1.62124634e-05 3.32832336e-04
 2.64167786e-04 2.67028809e-05 2.47955322e-05 6.06536865e-04
 3.81469727e-05 5.28335571e-04 7.53402710e-04 1.99947357e-02
 2.88105011e-03 4.76837158e-05 2.76565552e-05 1.52587891e-05
 2.38418579e-05 2.86102295e-06 2.86102295e-06 4.48226929e-05
 3.71932983e-05 1.90734863e-06 2.86102295e-06 7.43865967e-05
 4.76837158e-06 7.91549683e-05 1.02043152e-04 2.61878967e-03
 1.65958405e-02 3.74794006e-04 1.20162964e-04 7.72476196e-05
 1.63078308e-04 5.72204590e-06 8.58306885e-06 2.92778015e-04
 1.93595886e-04 1.43051147e-05 2.28881836e-05 4.95910645e-04
 2.38418579e-05 4.12940979e-04 5.99861145e-04 1.55382156e-02
 1.25427246e-02 2.43186951e-04 9.53674316e-05 7.43865967e-05
 1.07765198e-04 1.14440918e-05 1.52587891e-05 2.22206116e-04
 1.44004822e-04 8.58306885e-06 1.14440918e-05 3.39508057e-04
 3.71932983e-05 3.30924988e-04 4.57763672e-04 1.17073059e-02
 4.02068138e-01 7.96699524e-03 3.12232971e-03 1.98173523e-03
 3.75556946e-03 2.59399414e-04 3.26156616e-04 6.89125061e-03
 4.62532043e-03 3.74794006e-04 4.56809998e-04 1.11980438e-02
 8.58306885e-04 1.00393295e-02 1.43852234e-02 3.71425629e-01
 2.83241272e-03 5.05447388e-05 2.19345093e-05 2.19345093e-05
 3.91006470e-05 2.86102295e-06 4.76837158e-06 4.00543213e-05
 4.95910645e-05 2.86102295e-06 4.76837158e-06 8.67843628e-05
 4.76837158e-06 8.29696655e-05 1.01089478e-04 2.68650055e-03
 1.65529251e-02 3.25202942e-04 1.16348267e-04 8.67843628e-05
 1.52587891e-04 8.58306885e-06 1.43051147e-05 2.91824341e-04
 1.61170959e-04 1.90734863e-05 2.09808350e-05 4.41551208e-04
 3.43322754e-05 3.98635864e-04 5.70297241e-04 1.50136948e-02]
[0.         0.         0.         0.         0.         0.
 0.         0.         0.         0.         0.         0.
 0.         0.         0.         0.         0.         0.
 0.         0.         0.         0.         0.         0.
 0.         0.         0.         0.         0.         0.
 0.         0.         0.         0.         0.         0.
 0.         0.         0.         0.         0.         0.
 0.         0.         0.         0.         0.         0.
 0.         0.         0.         0.         0.         0.
 0.         0.         0.         0.         0.         0.
 0.         0.         0.         0.         0.         0.
 0.         0.         0.         0.         0.         0.
 0.         0.         0.         0.         0.         0.
 0.         0.         0.49995518 0.         0.         0.
 0.         0.         0.         0.         0.         0.
 0.         0.         0.         0.         0.         0.50004482
 0.         0.         0.         0.         0.         0.
 0.         0.         0.         0.         0.         0.
 0.         0.         0.         0.         0.         0.
 0.         0.         0.         0.         0.         0.
 0.         0.         0.         0.         0.         0.
 0.         0.        ]
Fid of qvm & frp	0.2826233301977951	0.2576265435844393
.

=============================== warnings summary ===============================
tst/qvm/integration/bench_test.py::TestBenchDiffBackendQvmFrpV2::test_two_bench_frp[qasm-/root/projects/QASMBench/small//cat_state_n4/cat_state_n4.qasm,/root/projects/QASMBench/small//fredkin_n3/fredkin_n3.qasm-FakeBrooklyn-6-10]
tst/qvm/integration/bench_test.py::TestBenchDiffBackendQvmFrpV2::test_two_bench_frp[qasm-/root/projects/QASMBench/small//cat_state_n4/cat_state_n4.qasm,/root/projects/QASMBench/small//fredkin_n3/fredkin_n3.qasm-FakeBrooklyn-6-10]
  /root/anaconda3/envs/qcs-noise/lib/python3.10/site-packages/qiskit/providers/fake_provider/fake_backend.py:462: PendingDeprecationWarning: "warnings" argument will be deprecated as part of the qiskit-aer 0.12.0 and subsequently removed
    noise_model = NoiseModel.from_backend(self, warnings=False)

-- Docs: https://docs.pytest.org/en/stable/how-to/capture-warnings.html
=========== 1 passed, 19 deselected, 2 warnings in 63.12s (0:01:03) ============
