Randomly selected files:
/root/projects/QASMBench/small//toffoli_n3/toffoli_n3.qasm,/root/projects/QASMBench/small//qft_n4/qft_n4.qasm
============================= test session starts ==============================
platform linux -- Python 3.10.6, pytest-7.2.0, pluggy-1.0.0
rootdir: /root/projects/qcs
plugins: anyio-3.6.2
collected 20 items / 19 deselected / 1 selected

tst/qvm/integration/bench_test.py [1.46865845e-04 1.89971924e-03 4.22477722e-04 2.67219543e-03
 5.56945801e-04 3.53717804e-03 2.72941589e-03 6.56557083e-02
 1.28746033e-04 1.62982941e-03 4.04357910e-04 2.34413147e-03
 5.45501709e-04 3.29589844e-03 2.48241425e-03 5.95273972e-02
 8.86917114e-05 1.48677826e-03 3.52859497e-04 2.00843811e-03
 4.07218933e-04 2.69985199e-03 2.07805634e-03 5.00164032e-02
 8.48770142e-05 1.30271912e-03 2.74658203e-04 1.79481506e-03
 4.26292419e-04 2.54344940e-03 1.93691254e-03 4.70819473e-02
 1.21116638e-04 1.68800354e-03 3.90052795e-04 2.46429443e-03
 5.67436218e-04 3.34835052e-03 2.64549255e-03 6.21862411e-02
 1.18255615e-04 1.54972076e-03 4.06265259e-04 2.29930878e-03
 4.95910645e-04 2.99263000e-03 2.34794617e-03 5.62515259e-02
 8.20159912e-05 1.35421753e-03 3.15666199e-04 1.94072723e-03
 4.08172607e-04 2.57301331e-03 1.91783905e-03 4.76808548e-02
 7.82012939e-05 1.24645233e-03 2.63214111e-04 1.78241730e-03
 3.94821167e-04 2.36988068e-03 1.88732147e-03 4.42476273e-02
 1.14440918e-04 1.72996521e-03 3.87191772e-04 2.55298615e-03
 5.64575195e-04 3.35121155e-03 2.64549255e-03 6.22167587e-02
 1.19209290e-04 1.55735016e-03 3.85284424e-04 2.32887268e-03
 5.01632690e-04 3.04603577e-03 2.40325928e-03 5.68227768e-02
 7.62939453e-05 1.33132935e-03 3.10897827e-04 1.92260742e-03
 4.08172607e-04 2.52437592e-03 1.96838379e-03 4.78343964e-02
 7.62939453e-05 1.28746033e-03 2.70843506e-04 1.81007385e-03
 4.08172607e-04 2.40707397e-03 1.86157227e-03 4.47034836e-02
 1.03950500e-04 1.74522400e-03 3.76701355e-04 2.37464905e-03
 5.49316406e-04 3.21483612e-03 2.51579285e-03 5.96580505e-02
 9.82284546e-05 1.52015686e-03 3.59535217e-04 2.16197968e-03
 5.14030457e-04 2.95543671e-03 2.27737427e-03 5.42888641e-02
 8.77380371e-05 1.29032135e-03 2.87055969e-04 1.79481506e-03
 3.98635864e-04 2.40516663e-03 1.88636780e-03 4.56542969e-02
 8.10623169e-05 1.21021271e-03 2.67982483e-04 1.78813934e-03
 3.60488892e-04 2.34794617e-03 1.82533264e-03 4.26940918e-02]
[0.         0.         0.         0.         0.         0.
 0.         0.06234455 0.         0.         0.         0.
 0.         0.         0.         0.06249142 0.         0.
 0.         0.         0.         0.         0.         0.06254768
 0.         0.         0.         0.         0.         0.
 0.         0.06232738 0.         0.         0.         0.
 0.         0.         0.         0.0625782  0.         0.
 0.         0.         0.         0.         0.         0.06272125
 0.         0.         0.         0.         0.         0.
 0.         0.0625248  0.         0.         0.         0.
 0.         0.         0.         0.06199932 0.         0.
 0.         0.         0.         0.         0.         0.06228447
 0.         0.         0.         0.         0.         0.
 0.         0.06249905 0.         0.         0.         0.
 0.         0.         0.         0.06268978 0.         0.
 0.         0.         0.         0.         0.         0.06305408
 0.         0.         0.         0.         0.         0.
 0.         0.06269169 0.         0.         0.         0.
 0.         0.         0.         0.06241417 0.         0.
 0.         0.         0.         0.         0.         0.06274796
 0.         0.         0.         0.         0.         0.
 0.         0.0620842 ]
[1.10626221e-04 7.56263733e-04 1.24168396e-03 5.68866730e-03
 4.94956970e-04 2.17628479e-03 3.07750702e-03 6.10399246e-02
 1.06811523e-04 6.81877136e-04 1.05285645e-03 4.77504730e-03
 4.28199768e-04 1.90448761e-03 2.44045258e-03 5.13000488e-02
 1.11579895e-04 6.93321228e-04 1.18541718e-03 5.31768799e-03
 4.34875488e-04 2.02083588e-03 2.77805328e-03 5.51500320e-02
 9.34600830e-05 5.86509705e-04 9.05036926e-04 4.42314148e-03
 3.91960144e-04 1.75571442e-03 2.27165222e-03 4.69722748e-02
 1.00135803e-04 6.67572021e-04 1.14345551e-03 5.13935089e-03
 4.69207764e-04 1.97792053e-03 2.73513794e-03 5.46102524e-02
 8.10623169e-05 6.00814819e-04 1.00135803e-03 4.71496582e-03
 4.67300415e-04 1.89018250e-03 2.42424011e-03 4.99830246e-02
 9.15527344e-05 6.07490540e-04 1.04427338e-03 4.56237793e-03
 4.25338745e-04 1.78146362e-03 2.53486633e-03 4.98428345e-02
 8.01086426e-05 5.67436218e-04 9.89913940e-04 4.34589386e-03
 3.98635864e-04 1.68704987e-03 2.20012665e-03 4.57382202e-02
 1.19209290e-04 6.91413879e-04 1.27124786e-03 5.63907623e-03
 5.07354736e-04 2.14385986e-03 2.83718109e-03 5.88283539e-02
 8.96453857e-05 6.25610352e-04 1.00040436e-03 4.70829010e-03
 4.20570374e-04 1.77764893e-03 2.51483917e-03 4.98981476e-02
 8.29696655e-05 6.29425049e-04 1.09291077e-03 5.05733490e-03
 4.68254089e-04 1.98078156e-03 2.70175934e-03 5.39712906e-02
 9.15527344e-05 5.88417053e-04 9.49859619e-04 4.42123413e-03
 3.68118286e-04 1.63936615e-03 2.28214264e-03 4.56523895e-02
 9.91821289e-05 6.26564026e-04 1.02615356e-03 5.08022308e-03
 4.30107117e-04 1.90162659e-03 2.60448456e-03 5.26618958e-02
 8.86917114e-05 5.69343567e-04 1.05762482e-03 4.56619263e-03
 4.00543213e-04 1.80625916e-03 2.38704681e-03 4.86268997e-02
 8.20159912e-05 5.96046448e-04 1.02233887e-03 4.63199615e-03
 4.39643860e-04 1.73377991e-03 2.37083435e-03 4.83570099e-02
 9.53674316e-05 5.68389893e-04 9.19342041e-04 4.12940979e-03
 3.57627869e-04 1.59645081e-03 2.26879120e-03 4.45766449e-02]
[0.         0.         0.         0.         0.         0.
 0.         0.06270218 0.         0.         0.         0.
 0.         0.         0.         0.06243038 0.         0.
 0.         0.         0.         0.         0.         0.06255817
 0.         0.         0.         0.         0.         0.
 0.         0.0623188  0.         0.         0.         0.
 0.         0.         0.         0.06238556 0.         0.
 0.         0.         0.         0.         0.         0.06236076
 0.         0.         0.         0.         0.         0.
 0.         0.06250572 0.         0.         0.         0.
 0.         0.         0.         0.06254673 0.         0.
 0.         0.         0.         0.         0.         0.0625658
 0.         0.         0.         0.         0.         0.
 0.         0.0626812  0.         0.         0.         0.
 0.         0.         0.         0.06236649 0.         0.
 0.         0.         0.         0.         0.         0.06257534
 0.         0.         0.         0.         0.         0.
 0.         0.06279087 0.         0.         0.         0.
 0.         0.         0.         0.0623703  0.         0.
 0.         0.         0.         0.         0.         0.06261349
 0.         0.         0.         0.         0.         0.
 0.         0.0622282 ]
Fid of qvm & frp	0.17603630055752456	0.20567905718882895
.

=============================== warnings summary ===============================
tst/qvm/integration/bench_test.py::TestBenchDiffBackendQvmFrpV2::test_two_bench_frp[qasm-/root/projects/QASMBench/small//toffoli_n3/toffoli_n3.qasm,/root/projects/QASMBench/small//qft_n4/qft_n4.qasm-FakeBrooklyn-6-10]
tst/qvm/integration/bench_test.py::TestBenchDiffBackendQvmFrpV2::test_two_bench_frp[qasm-/root/projects/QASMBench/small//toffoli_n3/toffoli_n3.qasm,/root/projects/QASMBench/small//qft_n4/qft_n4.qasm-FakeBrooklyn-6-10]
  /root/anaconda3/envs/qcs-noise/lib/python3.10/site-packages/qiskit/providers/fake_provider/fake_backend.py:462: PendingDeprecationWarning: "warnings" argument will be deprecated as part of the qiskit-aer 0.12.0 and subsequently removed
    noise_model = NoiseModel.from_backend(self, warnings=False)

-- Docs: https://docs.pytest.org/en/stable/how-to/capture-warnings.html
=========== 1 passed, 19 deselected, 2 warnings in 62.96s (0:01:02) ============
