Randomly selected files:
/root/projects/QASMBench/small//basis_change_n3/basis_change_n3.qasm,/root/projects/QASMBench/small//hhl_n10/hhl_n10.qasm
============================= test session starts ==============================
platform linux -- Python 3.10.6, pytest-7.2.0, pluggy-1.0.0
rootdir: /root/projects/qcs
plugins: anyio-3.6.2
collected 20 items / 19 deselected / 1 selected

tst/qvm/integration/bench_test.py [0.893507   0.03032017 0.02726173 ... 0.         0.         0.        ]
[1. 0. 0. ... 0. 0. 0.]
[0.89665127 0.02475071 0.02623653 ... 0.         0.         0.        ]
[1. 0. 0. ... 0. 0. 0.]
Fid of qvm & frp	0.11260110581888273	0.10908826843003427
.

=============================== warnings summary ===============================
tst/qvm/integration/bench_test.py::TestBenchDiffBackendQvmFrpV2::test_two_bench_frp[qasm-/root/projects/QASMBench/small//basis_change_n3/basis_change_n3.qasm,/root/projects/QASMBench/small//hhl_n10/hhl_n10.qasm-FakeBrooklyn-6-10]
tst/qvm/integration/bench_test.py::TestBenchDiffBackendQvmFrpV2::test_two_bench_frp[qasm-/root/projects/QASMBench/small//basis_change_n3/basis_change_n3.qasm,/root/projects/QASMBench/small//hhl_n10/hhl_n10.qasm-FakeBrooklyn-6-10]
  /root/anaconda3/envs/qcs-noise/lib/python3.10/site-packages/qiskit/providers/fake_provider/fake_backend.py:462: PendingDeprecationWarning: "warnings" argument will be deprecated as part of the qiskit-aer 0.12.0 and subsequently removed
    noise_model = NoiseModel.from_backend(self, warnings=False)

-- Docs: https://docs.pytest.org/en/stable/how-to/capture-warnings.html
========== 1 passed, 19 deselected, 2 warnings in 1102.17s (0:18:22) ===========
