Randomly selected files:
/root/projects/QASMBench/small//simon_n6/simon_n6.qasm,/root/projects/QASMBench/small//basis_change_n3/basis_change_n3.qasm
============================= test session starts ==============================
platform linux -- Python 3.10.6, pytest-7.2.0, pluggy-1.0.0
rootdir: /root/projects/qcs
plugins: anyio-3.6.2
collected 20 items / 19 deselected / 1 selected

tst/qvm/integration/bench_test.py [5.49430847e-02 7.25650787e-03 6.58607483e-03 4.91476059e-02
 5.28450012e-02 7.01236725e-03 6.36386871e-03 4.72459793e-02
 5.09080887e-02 6.61563873e-03 6.84261322e-03 4.69961166e-02
 4.93125916e-02 6.40678406e-03 6.53076172e-03 4.51555252e-02
 5.29003143e-02 7.06386566e-03 7.41386414e-03 4.87842560e-02
 5.10530472e-02 6.67476654e-03 6.97326660e-03 4.71096039e-02
 5.01909256e-02 6.61087036e-03 5.81073761e-03 4.47845459e-02
 4.83045578e-02 6.27803802e-03 5.62667847e-03 4.36105728e-02
 3.59535217e-04 6.19888306e-05 3.91006470e-05 3.19480896e-04
 3.57627869e-04 4.19616699e-05 5.14984131e-05 2.86102295e-04
 3.19480896e-04 4.67300415e-05 5.24520874e-05 2.96592712e-04
 2.85148621e-04 4.29153442e-05 4.29153442e-05 2.88963318e-04
 3.46183777e-04 5.05447388e-05 5.14984131e-05 3.21388245e-04
 3.61442566e-04 4.29153442e-05 5.24520874e-05 3.26156616e-04
 3.13758850e-04 4.29153442e-05 4.67300415e-05 2.82287598e-04
 3.16619873e-04 4.19616699e-05 3.52859497e-05 2.72750854e-04
 1.56784058e-03 2.08854675e-04 1.85012817e-04 1.43337250e-03
 1.57165527e-03 1.98364258e-04 1.76429749e-04 1.35803223e-03
 1.46293640e-03 1.91688538e-04 2.17437744e-04 1.37424469e-03
 1.40857697e-03 1.98364258e-04 2.21252441e-04 1.29318237e-03
 1.56784058e-03 1.99317932e-04 1.85012817e-04 1.44004822e-03
 1.52492523e-03 1.94549561e-04 2.11715698e-04 1.35803223e-03
 1.42669678e-03 2.05993652e-04 1.85012817e-04 1.28746033e-03
 1.43718719e-03 1.81198120e-04 1.82151794e-04 1.26075745e-03
 8.58306885e-06 3.81469727e-06 2.86102295e-06 5.72204590e-06
 1.23977661e-05 1.90734863e-06 0.00000000e+00 3.81469727e-06
 9.53674316e-06 9.53674316e-07 0.00000000e+00 1.33514404e-05
 9.53674316e-06 4.76837158e-06 9.53674316e-07 1.23977661e-05
 1.04904175e-05 1.90734863e-06 9.53674316e-07 1.23977661e-05
 4.76837158e-06 0.00000000e+00 2.86102295e-06 9.53674316e-06
 8.58306885e-06 0.00000000e+00 9.53674316e-07 4.76837158e-06
 7.62939453e-06 1.90734863e-06 9.53674316e-07 1.14440918e-05
 1.85394287e-03 2.39372253e-04 2.47955322e-04 1.63650513e-03
 1.73759460e-03 2.51770020e-04 2.20298767e-04 1.56688690e-03
 1.72996521e-03 2.19345093e-04 2.48908997e-04 1.57165527e-03
 1.77288055e-03 2.10762024e-04 1.86920166e-04 1.56688690e-03
 1.79576874e-03 2.57492065e-04 2.52723694e-04 1.66320801e-03
 1.71566010e-03 2.53677368e-04 2.29835510e-04 1.56116486e-03
 1.78146362e-03 2.54631042e-04 1.98364258e-04 1.51920319e-03
 1.73282623e-03 2.16484070e-04 1.84059143e-04 1.49822235e-03
 1.23977661e-05 1.90734863e-06 9.53674316e-07 1.43051147e-05
 1.14440918e-05 9.53674316e-07 9.53674316e-07 1.62124634e-05
 1.23977661e-05 1.90734863e-06 3.81469727e-06 8.58306885e-06
 1.71661377e-05 2.86102295e-06 1.90734863e-06 9.53674316e-06
 1.23977661e-05 0.00000000e+00 0.00000000e+00 7.62939453e-06
 1.43051147e-05 1.90734863e-06 1.90734863e-06 9.53674316e-06
 7.62939453e-06 2.86102295e-06 1.90734863e-06 8.58306885e-06
 1.04904175e-05 0.00000000e+00 9.53674316e-07 7.62939453e-06
 5.22613525e-04 6.96182251e-05 6.96182251e-05 5.04493713e-04
 5.35011292e-04 6.96182251e-05 7.15255737e-05 4.95910645e-04
 5.23567200e-04 7.82012939e-05 7.15255737e-05 4.70161438e-04
 5.20706177e-04 6.96182251e-05 7.34329224e-05 4.56809998e-04
 5.26428223e-04 6.10351562e-05 7.43865967e-05 4.95910645e-04
 4.89234924e-04 7.15255737e-05 6.96182251e-05 4.61578369e-04
 5.43594360e-04 7.34329224e-05 4.95910645e-05 4.55856323e-04
 4.55856323e-04 5.24520874e-05 6.77108765e-05 4.34875488e-04
 2.86102295e-06 9.53674316e-07 9.53674316e-07 3.81469727e-06
 2.86102295e-06 0.00000000e+00 9.53674316e-07 1.90734863e-06
 5.72204590e-06 9.53674316e-07 0.00000000e+00 5.72204590e-06
 3.81469727e-06 0.00000000e+00 9.53674316e-07 1.90734863e-06
 2.86102295e-06 0.00000000e+00 9.53674316e-07 1.90734863e-06
 2.86102295e-06 1.90734863e-06 9.53674316e-07 2.86102295e-06
 3.81469727e-06 0.00000000e+00 0.00000000e+00 3.81469727e-06
 3.81469727e-06 0.00000000e+00 0.00000000e+00 2.86102295e-06
 1.63555145e-03 2.08854675e-04 1.84059143e-04 1.47533417e-03
 1.59072876e-03 1.98364258e-04 2.09808350e-04 1.35517120e-03
 1.48200989e-03 1.79290771e-04 1.97410583e-04 1.42097473e-03
 1.46865845e-03 1.91688538e-04 1.97410583e-04 1.39808655e-03
 1.60694122e-03 2.13623047e-04 1.85966492e-04 1.41048431e-03
 1.52969360e-03 1.97410583e-04 1.98364258e-04 1.43146515e-03
 1.48010254e-03 1.90734863e-04 1.66893005e-04 1.41906738e-03
 1.38187408e-03 1.86920166e-04 1.56402588e-04 1.30462646e-03
 1.04904175e-05 9.53674316e-07 9.53674316e-07 1.14440918e-05
 1.04904175e-05 0.00000000e+00 9.53674316e-07 1.04904175e-05
 8.58306885e-06 1.90734863e-06 0.00000000e+00 5.72204590e-06
 1.33514404e-05 2.86102295e-06 0.00000000e+00 4.76837158e-06
 1.04904175e-05 3.81469727e-06 9.53674316e-07 1.14440918e-05
 8.58306885e-06 0.00000000e+00 2.86102295e-06 3.81469727e-06
 8.58306885e-06 9.53674316e-07 0.00000000e+00 2.86102295e-06
 1.14440918e-05 1.90734863e-06 1.90734863e-06 9.53674316e-06
 3.39508057e-04 5.24520874e-05 4.00543213e-05 2.67982483e-04
 3.09944153e-04 4.48226929e-05 3.81469727e-05 2.71797180e-04
 2.95639038e-04 4.38690186e-05 5.05447388e-05 2.68936157e-04
 2.78472900e-04 3.33786011e-05 3.24249268e-05 2.73704529e-04
 3.28063965e-04 3.71932983e-05 4.48226929e-05 2.75611877e-04
 3.09944153e-04 3.05175781e-05 4.19616699e-05 2.69889832e-04
 3.14712524e-04 3.81469727e-05 3.33786011e-05 2.85148621e-04
 2.84194946e-04 4.00543213e-05 3.43322754e-05 2.43186951e-04
 1.90734863e-06 9.53674316e-07 0.00000000e+00 1.90734863e-06
 9.53674316e-07 9.53674316e-07 0.00000000e+00 9.53674316e-07
 0.00000000e+00 0.00000000e+00 0.00000000e+00 1.90734863e-06
 0.00000000e+00 9.53674316e-07 0.00000000e+00 2.86102295e-06
 9.53674316e-07 0.00000000e+00 0.00000000e+00 3.81469727e-06
 1.90734863e-06 0.00000000e+00 1.90734863e-06 3.81469727e-06
 0.00000000e+00 0.00000000e+00 0.00000000e+00 9.53674316e-07
 0.00000000e+00 0.00000000e+00 0.00000000e+00 0.00000000e+00
 4.07218933e-04 5.14984131e-05 6.10351562e-05 3.76701355e-04
 3.70979309e-04 4.95910645e-05 4.38690186e-05 3.23295593e-04
 3.77655029e-04 5.05447388e-05 4.29153442e-05 3.63349915e-04
 3.84330750e-04 3.91006470e-05 4.76837158e-05 3.05175781e-04
 3.77655029e-04 4.76837158e-05 5.53131104e-05 3.80516052e-04
 3.80516052e-04 5.34057617e-05 4.48226929e-05 3.70979309e-04
 3.99589539e-04 4.19616699e-05 5.91278076e-05 3.50952148e-04
 3.43322754e-04 4.67300415e-05 3.43322754e-05 3.13758850e-04
 3.81469727e-06 0.00000000e+00 0.00000000e+00 5.72204590e-06
 9.53674316e-07 9.53674316e-07 0.00000000e+00 9.53674316e-07
 2.86102295e-06 0.00000000e+00 0.00000000e+00 4.76837158e-06
 3.81469727e-06 0.00000000e+00 0.00000000e+00 1.90734863e-06
 2.86102295e-06 0.00000000e+00 0.00000000e+00 1.90734863e-06
 9.53674316e-07 0.00000000e+00 9.53674316e-07 9.53674316e-07
 9.53674316e-07 0.00000000e+00 0.00000000e+00 2.86102295e-06
 2.86102295e-06 0.00000000e+00 9.53674316e-07 0.00000000e+00
 4.10079956e-05 2.86102295e-06 4.76837158e-06 3.91006470e-05
 3.81469727e-05 3.81469727e-06 9.53674316e-07 3.33786011e-05
 3.14712524e-05 9.53674316e-06 1.90734863e-06 3.52859497e-05
 2.95639038e-05 2.86102295e-06 7.62939453e-06 2.38418579e-05
 4.00543213e-05 1.04904175e-05 5.72204590e-06 2.76565552e-05
 3.24249268e-05 2.86102295e-06 1.90734863e-06 2.95639038e-05
 2.95639038e-05 6.67572021e-06 4.76837158e-06 2.00271606e-05
 3.71932983e-05 5.72204590e-06 2.86102295e-06 3.05175781e-05
 1.90734863e-06 0.00000000e+00 0.00000000e+00 0.00000000e+00
 0.00000000e+00 0.00000000e+00 0.00000000e+00 0.00000000e+00
 0.00000000e+00 0.00000000e+00 0.00000000e+00 0.00000000e+00
 9.53674316e-07 0.00000000e+00 0.00000000e+00 0.00000000e+00
 0.00000000e+00 0.00000000e+00 0.00000000e+00 0.00000000e+00
 0.00000000e+00 0.00000000e+00 0.00000000e+00 0.00000000e+00
 0.00000000e+00 0.00000000e+00 0.00000000e+00 9.53674316e-07
 0.00000000e+00 0.00000000e+00 0.00000000e+00 0.00000000e+00]
[0.0623579  0.         0.         0.06202888 0.06265831 0.
 0.         0.06230927 0.06257629 0.         0.         0.06256676
 0.06230545 0.         0.         0.06237888 0.06219292 0.
 0.         0.06278706 0.06243706 0.         0.         0.0627079
 0.0622282  0.         0.         0.06302261 0.06266212 0.
 0.         0.06278038 0.         0.         0.         0.
 0.         0.         0.         0.         0.         0.
 0.         0.         0.         0.         0.         0.
 0.         0.         0.         0.         0.         0.
 0.         0.         0.         0.         0.         0.
 0.         0.         0.         0.         0.         0.
 0.         0.         0.         0.         0.         0.
 0.         0.         0.         0.         0.         0.
 0.         0.         0.         0.         0.         0.
 0.         0.         0.         0.         0.         0.
 0.         0.         0.         0.         0.         0.
 0.         0.         0.         0.         0.         0.
 0.         0.         0.         0.         0.         0.
 0.         0.         0.         0.         0.         0.
 0.         0.         0.         0.         0.         0.
 0.         0.         0.         0.         0.         0.
 0.         0.         0.         0.         0.         0.
 0.         0.         0.         0.         0.         0.
 0.         0.         0.         0.         0.         0.
 0.         0.         0.         0.         0.         0.
 0.         0.         0.         0.         0.         0.
 0.         0.         0.         0.         0.         0.
 0.         0.         0.         0.         0.         0.
 0.         0.         0.         0.         0.         0.
 0.         0.         0.         0.         0.         0.
 0.         0.         0.         0.         0.         0.
 0.         0.         0.         0.         0.         0.
 0.         0.         0.         0.         0.         0.
 0.         0.         0.         0.         0.         0.
 0.         0.         0.         0.         0.         0.
 0.         0.         0.         0.         0.         0.
 0.         0.         0.         0.         0.         0.
 0.         0.         0.         0.         0.         0.
 0.         0.         0.         0.         0.         0.
 0.         0.         0.         0.         0.         0.
 0.         0.         0.         0.         0.         0.
 0.         0.         0.         0.         0.         0.
 0.         0.         0.         0.         0.         0.
 0.         0.         0.         0.         0.         0.
 0.         0.         0.         0.         0.         0.
 0.         0.         0.         0.         0.         0.
 0.         0.         0.         0.         0.         0.
 0.         0.         0.         0.         0.         0.
 0.         0.         0.         0.         0.         0.
 0.         0.         0.         0.         0.         0.
 0.         0.         0.         0.         0.         0.
 0.         0.         0.         0.         0.         0.
 0.         0.         0.         0.         0.         0.
 0.         0.         0.         0.         0.         0.
 0.         0.         0.         0.         0.         0.
 0.         0.         0.         0.         0.         0.
 0.         0.         0.         0.         0.         0.
 0.         0.         0.         0.         0.         0.
 0.         0.         0.         0.         0.         0.
 0.         0.         0.         0.         0.         0.
 0.         0.         0.         0.         0.         0.
 0.         0.         0.         0.         0.         0.
 0.         0.         0.         0.         0.         0.
 0.         0.         0.         0.         0.         0.
 0.         0.         0.         0.         0.         0.
 0.         0.         0.         0.         0.         0.
 0.         0.         0.         0.         0.         0.
 0.         0.         0.         0.         0.         0.
 0.         0.         0.         0.         0.         0.
 0.         0.         0.         0.         0.         0.
 0.         0.         0.         0.         0.         0.
 0.         0.         0.         0.         0.         0.
 0.         0.         0.         0.         0.         0.
 0.         0.         0.         0.         0.         0.
 0.         0.         0.         0.         0.         0.
 0.         0.         0.         0.         0.         0.
 0.         0.         0.         0.         0.         0.
 0.         0.         0.         0.         0.         0.
 0.         0.         0.         0.         0.         0.
 0.         0.         0.         0.         0.         0.
 0.         0.         0.         0.         0.         0.
 0.         0.         0.         0.         0.         0.
 0.         0.         0.         0.         0.         0.
 0.         0.         0.         0.         0.         0.
 0.         0.         0.         0.         0.         0.
 0.         0.        ]
[5.11245728e-02 1.10683441e-02 9.18483734e-03 4.67119217e-02
 4.90541458e-02 1.03073120e-02 8.91304016e-03 4.57820892e-02
 4.83827591e-02 1.02128983e-02 9.35363770e-03 4.52260971e-02
 4.70056534e-02 9.86766815e-03 9.02271271e-03 4.38213348e-02
 4.84676361e-02 1.04103088e-02 9.46521759e-03 4.57420349e-02
 4.72335815e-02 9.95826721e-03 9.00077820e-03 4.41207886e-02
 4.60109711e-02 9.82379913e-03 8.25881958e-03 4.29878235e-02
 4.48799133e-02 9.55390930e-03 7.92980194e-03 4.10623550e-02
 4.62532043e-04 9.63211060e-05 6.00814819e-05 3.88145447e-04
 3.50952148e-04 7.43865967e-05 7.72476196e-05 3.53813171e-04
 3.79562378e-04 8.67843628e-05 6.77108765e-05 3.82423401e-04
 3.84330750e-04 7.82012939e-05 8.48770142e-05 3.28063965e-04
 3.88145447e-04 8.67843628e-05 6.38961792e-05 3.74794006e-04
 3.64303589e-04 7.43865967e-05 5.81741333e-05 3.26156616e-04
 3.48091125e-04 7.24792480e-05 5.43594360e-05 3.49044800e-04
 3.44276428e-04 8.67843628e-05 6.86645508e-05 3.51905823e-04
 1.23882294e-03 2.59399414e-04 2.02178955e-04 1.12915039e-03
 1.21116638e-03 2.64167786e-04 2.39372253e-04 1.18541718e-03
 1.18637085e-03 2.84194946e-04 2.36511230e-04 1.05094910e-03
 1.13582611e-03 2.46047974e-04 2.20298767e-04 1.03187561e-03
 1.18923187e-03 2.63214111e-04 2.08854675e-04 1.08146667e-03
 1.10435486e-03 2.55584717e-04 2.22206116e-04 1.08814240e-03
 1.09386444e-03 2.66075134e-04 1.75476074e-04 1.03187561e-03
 1.12533569e-03 2.43186951e-04 2.02178955e-04 1.04522705e-03
 1.43051147e-05 0.00000000e+00 9.53674316e-07 1.04904175e-05
 1.23977661e-05 9.53674316e-07 2.86102295e-06 1.04904175e-05
 1.23977661e-05 2.86102295e-06 9.53674316e-07 1.04904175e-05
 1.14440918e-05 1.90734863e-06 1.90734863e-06 7.62939453e-06
 6.67572021e-06 1.90734863e-06 1.90734863e-06 8.58306885e-06
 7.62939453e-06 2.86102295e-06 2.86102295e-06 1.14440918e-05
 7.62939453e-06 1.90734863e-06 1.90734863e-06 6.67572021e-06
 8.58306885e-06 9.53674316e-07 0.00000000e+00 7.62939453e-06
 1.59645081e-03 3.39508057e-04 2.91824341e-04 1.56116486e-03
 1.53636932e-03 2.87055969e-04 2.92778015e-04 1.49822235e-03
 1.54781342e-03 3.29017639e-04 2.94685364e-04 1.48868561e-03
 1.47151947e-03 2.88963318e-04 2.71797180e-04 1.45435333e-03
 1.59263611e-03 3.22341919e-04 3.19480896e-04 1.43718719e-03
 1.49059296e-03 3.04222107e-04 2.73704529e-04 1.35421753e-03
 1.48010254e-03 3.15666199e-04 2.70843506e-04 1.37805939e-03
 1.40953064e-03 2.82287598e-04 2.36511230e-04 1.36756897e-03
 8.58306885e-06 3.81469727e-06 9.53674316e-07 1.23977661e-05
 1.14440918e-05 1.90734863e-06 2.86102295e-06 1.43051147e-05
 1.14440918e-05 1.90734863e-06 3.81469727e-06 9.53674316e-06
 1.52587891e-05 1.90734863e-06 4.76837158e-06 7.62939453e-06
 1.71661377e-05 9.53674316e-07 9.53674316e-07 1.23977661e-05
 1.33514404e-05 5.72204590e-06 1.90734863e-06 1.23977661e-05
 7.62939453e-06 4.76837158e-06 1.90734863e-06 5.72204590e-06
 8.58306885e-06 1.90734863e-06 2.86102295e-06 9.53674316e-06
 4.19616699e-04 9.15527344e-05 8.10623169e-05 3.56674194e-04
 4.22477722e-04 9.44137573e-05 7.05718994e-05 3.96728516e-04
 4.08172607e-04 1.02043152e-04 7.91549683e-05 3.86238098e-04
 4.10079956e-04 1.00135803e-04 6.48498535e-05 3.71932983e-04
 4.05311584e-04 8.29696655e-05 7.91549683e-05 3.84330750e-04
 3.74794006e-04 8.48770142e-05 8.67843628e-05 3.61442566e-04
 3.44276428e-04 7.62939453e-05 7.72476196e-05 3.43322754e-04
 4.02450562e-04 7.43865967e-05 5.72204590e-05 3.57627869e-04
 2.86102295e-06 9.53674316e-07 9.53674316e-07 5.72204590e-06
 2.86102295e-06 1.90734863e-06 9.53674316e-07 9.53674316e-07
 1.90734863e-06 0.00000000e+00 0.00000000e+00 0.00000000e+00
 2.86102295e-06 9.53674316e-07 0.00000000e+00 1.90734863e-06
 0.00000000e+00 0.00000000e+00 9.53674316e-07 2.86102295e-06
 2.86102295e-06 0.00000000e+00 0.00000000e+00 1.90734863e-06
 2.86102295e-06 9.53674316e-07 0.00000000e+00 1.90734863e-06
 1.90734863e-06 0.00000000e+00 0.00000000e+00 4.76837158e-06
 1.72233582e-03 3.87191772e-04 3.37600708e-04 1.59358978e-03
 1.69086456e-03 3.62396240e-04 3.16619873e-04 1.57928467e-03
 1.64985657e-03 3.25202942e-04 3.10897827e-04 1.58500671e-03
 1.61743164e-03 3.23295593e-04 3.19480896e-04 1.50775909e-03
 1.65939331e-03 3.52859497e-04 3.07083130e-04 1.53827667e-03
 1.59072876e-03 3.37600708e-04 3.08036804e-04 1.54113770e-03
 1.63459778e-03 3.26156616e-04 2.48908997e-04 1.43146515e-03
 1.58786774e-03 3.05175781e-04 2.81333923e-04 1.42574310e-03
 1.23977661e-05 4.76837158e-06 3.81469727e-06 7.62939453e-06
 9.53674316e-06 5.72204590e-06 1.90734863e-06 1.23977661e-05
 1.33514404e-05 9.53674316e-07 4.76837158e-06 8.58306885e-06
 9.53674316e-06 1.90734863e-06 2.86102295e-06 1.33514404e-05
 1.04904175e-05 2.86102295e-06 1.90734863e-06 1.04904175e-05
 8.58306885e-06 9.53674316e-07 9.53674316e-07 1.14440918e-05
 1.52587891e-05 3.81469727e-06 3.81469727e-06 8.58306885e-06
 1.14440918e-05 9.53674316e-07 4.76837158e-06 1.33514404e-05
 3.45230103e-04 6.29425049e-05 5.72204590e-05 3.23295593e-04
 3.12805176e-04 6.77108765e-05 6.38961792e-05 3.17573547e-04
 3.32832336e-04 6.19888306e-05 6.10351562e-05 3.11851501e-04
 3.55720520e-04 6.96182251e-05 6.19888306e-05 2.78472900e-04
 2.97546387e-04 7.72476196e-05 5.72204590e-05 3.17573547e-04
 3.17573547e-04 5.43594360e-05 6.86645508e-05 2.92778015e-04
 2.88963318e-04 8.01086426e-05 5.53131104e-05 2.63214111e-04
 2.92778015e-04 5.24520874e-05 4.76837158e-05 2.82287598e-04
 2.86102295e-06 0.00000000e+00 9.53674316e-07 1.90734863e-06
 2.86102295e-06 0.00000000e+00 9.53674316e-07 1.90734863e-06
 9.53674316e-07 0.00000000e+00 9.53674316e-07 9.53674316e-07
 3.81469727e-06 0.00000000e+00 0.00000000e+00 2.86102295e-06
 9.53674316e-07 9.53674316e-07 1.90734863e-06 4.76837158e-06
 4.76837158e-06 0.00000000e+00 0.00000000e+00 3.81469727e-06
 9.53674316e-07 0.00000000e+00 9.53674316e-07 9.53674316e-07
 2.86102295e-06 0.00000000e+00 9.53674316e-07 3.81469727e-06
 4.35829163e-04 8.39233398e-05 7.43865967e-05 4.11987305e-04
 4.46319580e-04 9.91821289e-05 8.77380371e-05 3.86238098e-04
 3.96728516e-04 9.05990601e-05 7.72476196e-05 3.73840332e-04
 4.28199768e-04 8.20159912e-05 7.34329224e-05 3.92913818e-04
 3.91006470e-04 8.86917114e-05 8.58306885e-05 4.26292419e-04
 4.27246094e-04 8.67843628e-05 6.86645508e-05 3.52859497e-04
 3.81469727e-04 6.86645508e-05 7.43865967e-05 3.70979309e-04
 3.86238098e-04 8.77380371e-05 5.62667847e-05 3.56674194e-04
 9.53674316e-07 0.00000000e+00 1.90734863e-06 9.53674316e-07
 5.72204590e-06 9.53674316e-07 1.90734863e-06 4.76837158e-06
 1.90734863e-06 1.90734863e-06 0.00000000e+00 1.90734863e-06
 4.76837158e-06 0.00000000e+00 0.00000000e+00 0.00000000e+00
 3.81469727e-06 1.90734863e-06 0.00000000e+00 5.72204590e-06
 1.90734863e-06 0.00000000e+00 9.53674316e-07 2.86102295e-06
 5.72204590e-06 9.53674316e-07 9.53674316e-07 1.90734863e-06
 3.81469727e-06 9.53674316e-07 0.00000000e+00 9.53674316e-07
 3.24249268e-05 1.14440918e-05 5.72204590e-06 3.71932983e-05
 3.71932983e-05 1.04904175e-05 5.72204590e-06 2.95639038e-05
 2.28881836e-05 9.53674316e-06 4.76837158e-06 2.38418579e-05
 2.76565552e-05 1.04904175e-05 7.62939453e-06 3.05175781e-05
 2.38418579e-05 9.53674316e-06 8.58306885e-06 2.09808350e-05
 3.14712524e-05 2.86102295e-06 5.72204590e-06 2.76565552e-05
 2.67028809e-05 8.58306885e-06 3.81469727e-06 2.95639038e-05
 3.43322754e-05 5.72204590e-06 9.53674316e-07 2.09808350e-05
 0.00000000e+00 0.00000000e+00 0.00000000e+00 0.00000000e+00
 0.00000000e+00 0.00000000e+00 0.00000000e+00 9.53674316e-07
 0.00000000e+00 0.00000000e+00 0.00000000e+00 0.00000000e+00
 0.00000000e+00 0.00000000e+00 0.00000000e+00 0.00000000e+00
 9.53674316e-07 0.00000000e+00 0.00000000e+00 0.00000000e+00
 0.00000000e+00 0.00000000e+00 0.00000000e+00 9.53674316e-07
 0.00000000e+00 0.00000000e+00 0.00000000e+00 0.00000000e+00
 0.00000000e+00 0.00000000e+00 0.00000000e+00 0.00000000e+00]
[0.0627079  0.         0.         0.06260204 0.0623045  0.
 0.         0.06211472 0.06235027 0.         0.         0.06250954
 0.06256962 0.         0.         0.06256485 0.06245708 0.
 0.         0.06249428 0.06259823 0.         0.         0.06248093
 0.06236362 0.         0.         0.06331348 0.06226254 0.
 0.         0.0623064  0.         0.         0.         0.
 0.         0.         0.         0.         0.         0.
 0.         0.         0.         0.         0.         0.
 0.         0.         0.         0.         0.         0.
 0.         0.         0.         0.         0.         0.
 0.         0.         0.         0.         0.         0.
 0.         0.         0.         0.         0.         0.
 0.         0.         0.         0.         0.         0.
 0.         0.         0.         0.         0.         0.
 0.         0.         0.         0.         0.         0.
 0.         0.         0.         0.         0.         0.
 0.         0.         0.         0.         0.         0.
 0.         0.         0.         0.         0.         0.
 0.         0.         0.         0.         0.         0.
 0.         0.         0.         0.         0.         0.
 0.         0.         0.         0.         0.         0.
 0.         0.         0.         0.         0.         0.
 0.         0.         0.         0.         0.         0.
 0.         0.         0.         0.         0.         0.
 0.         0.         0.         0.         0.         0.
 0.         0.         0.         0.         0.         0.
 0.         0.         0.         0.         0.         0.
 0.         0.         0.         0.         0.         0.
 0.         0.         0.         0.         0.         0.
 0.         0.         0.         0.         0.         0.
 0.         0.         0.         0.         0.         0.
 0.         0.         0.         0.         0.         0.
 0.         0.         0.         0.         0.         0.
 0.         0.         0.         0.         0.         0.
 0.         0.         0.         0.         0.         0.
 0.         0.         0.         0.         0.         0.
 0.         0.         0.         0.         0.         0.
 0.         0.         0.         0.         0.         0.
 0.         0.         0.         0.         0.         0.
 0.         0.         0.         0.         0.         0.
 0.         0.         0.         0.         0.         0.
 0.         0.         0.         0.         0.         0.
 0.         0.         0.         0.         0.         0.
 0.         0.         0.         0.         0.         0.
 0.         0.         0.         0.         0.         0.
 0.         0.         0.         0.         0.         0.
 0.         0.         0.         0.         0.         0.
 0.         0.         0.         0.         0.         0.
 0.         0.         0.         0.         0.         0.
 0.         0.         0.         0.         0.         0.
 0.         0.         0.         0.         0.         0.
 0.         0.         0.         0.         0.         0.
 0.         0.         0.         0.         0.         0.
 0.         0.         0.         0.         0.         0.
 0.         0.         0.         0.         0.         0.
 0.         0.         0.         0.         0.         0.
 0.         0.         0.         0.         0.         0.
 0.         0.         0.         0.         0.         0.
 0.         0.         0.         0.         0.         0.
 0.         0.         0.         0.         0.         0.
 0.         0.         0.         0.         0.         0.
 0.         0.         0.         0.         0.         0.
 0.         0.         0.         0.         0.         0.
 0.         0.         0.         0.         0.         0.
 0.         0.         0.         0.         0.         0.
 0.         0.         0.         0.         0.         0.
 0.         0.         0.         0.         0.         0.
 0.         0.         0.         0.         0.         0.
 0.         0.         0.         0.         0.         0.
 0.         0.         0.         0.         0.         0.
 0.         0.         0.         0.         0.         0.
 0.         0.         0.         0.         0.         0.
 0.         0.         0.         0.         0.         0.
 0.         0.         0.         0.         0.         0.
 0.         0.         0.         0.         0.         0.
 0.         0.         0.         0.         0.         0.
 0.         0.         0.         0.         0.         0.
 0.         0.         0.         0.         0.         0.
 0.         0.         0.         0.         0.         0.
 0.         0.         0.         0.         0.         0.
 0.         0.         0.         0.         0.         0.
 0.         0.         0.         0.         0.         0.
 0.         0.         0.         0.         0.         0.
 0.         0.         0.         0.         0.         0.
 0.         0.         0.         0.         0.         0.
 0.         0.        ]
Fid of qvm & frp	0.246294112206085	0.30575281701224866
.

=============================== warnings summary ===============================
tst/qvm/integration/bench_test.py::TestBenchDiffBackendQvmFrpV2::test_two_bench_frp[qasm-/root/projects/QASMBench/small//simon_n6/simon_n6.qasm,/root/projects/QASMBench/small//basis_change_n3/basis_change_n3.qasm-FakeBrooklyn-6-10]
tst/qvm/integration/bench_test.py::TestBenchDiffBackendQvmFrpV2::test_two_bench_frp[qasm-/root/projects/QASMBench/small//simon_n6/simon_n6.qasm,/root/projects/QASMBench/small//basis_change_n3/basis_change_n3.qasm-FakeBrooklyn-6-10]
  /root/anaconda3/envs/qcs-noise/lib/python3.10/site-packages/qiskit/providers/fake_provider/fake_backend.py:462: PendingDeprecationWarning: "warnings" argument will be deprecated as part of the qiskit-aer 0.12.0 and subsequently removed
    noise_model = NoiseModel.from_backend(self, warnings=False)

-- Docs: https://docs.pytest.org/en/stable/how-to/capture-warnings.html
================ 1 passed, 19 deselected, 2 warnings in 59.42s =================
