Randomly selected files:
/root/projects/QASMBench/small//basis_trotter_n4/basis_trotter_n4.qasm,/root/projects/QASMBench/small//quantumwalks_n2/quantumwalks_n2.qasm
============================= test session starts ==============================
platform linux -- Python 3.10.6, pytest-7.2.0, pluggy-1.0.0
rootdir: /root/projects/qcs
plugins: anyio-3.6.2
collected 20 items / 19 deselected / 1 selected

tst/qvm/integration/bench_test.py [0.16637039 0.08217239 0.07686043 0.04586411 0.07600212 0.05315495
 0.0492878  0.03582573 0.07823277 0.0487318  0.05225086 0.03478336
 0.04400921 0.03442764 0.03497314 0.02922821 0.00402641 0.00201797
 0.00183678 0.00119019 0.00195026 0.00126266 0.00116158 0.00086975
 0.00194836 0.00119877 0.0012207  0.00082302 0.00102711 0.00079918
 0.0008173  0.0007267  0.00396824 0.0019865  0.00183392 0.00108051
 0.0018568  0.00126457 0.00118542 0.00085163 0.00191402 0.00119781
 0.00123787 0.00084782 0.00109577 0.00078964 0.00081444 0.00068855
 0.0021162  0.00113106 0.00100231 0.0005827  0.00103569 0.00072765
 0.00063896 0.00049114 0.00101376 0.00065708 0.00066471 0.00045013
 0.00052452 0.00045681 0.00046349 0.00037861]
[0.99234962 0.         0.         0.         0.         0.
 0.         0.         0.         0.         0.         0.
 0.         0.         0.         0.         0.00260258 0.
 0.         0.         0.         0.         0.         0.
 0.         0.         0.         0.         0.         0.
 0.         0.         0.0025034  0.         0.         0.
 0.         0.         0.         0.         0.         0.
 0.         0.         0.         0.         0.         0.
 0.0025444  0.         0.         0.         0.         0.
 0.         0.         0.         0.         0.         0.
 0.         0.         0.         0.        ]
[0.17231464 0.08150864 0.07633877 0.04445457 0.08141518 0.05611038
 0.04965973 0.0356884  0.07812309 0.04692268 0.05141449 0.03337288
 0.0458622  0.03467083 0.03572845 0.02918148 0.00399971 0.00177002
 0.00175571 0.00095177 0.00188446 0.00126839 0.00117111 0.0007906
 0.00174522 0.00109005 0.00113773 0.00074291 0.00105    0.0008049
 0.0008173  0.00070286 0.00315285 0.00143528 0.00137806 0.00074768
 0.00141048 0.00090885 0.00084305 0.00062275 0.00135231 0.00088406
 0.0009203  0.00059319 0.00076485 0.0006237  0.00059128 0.0005064
 0.00157356 0.00076008 0.00065804 0.00036335 0.0007906  0.00054264
 0.00045681 0.00036335 0.0007019  0.00043011 0.00054455 0.00033951
 0.00040722 0.00030041 0.00029945 0.00028419]
[0.99248981 0.         0.         0.         0.         0.
 0.         0.         0.         0.         0.         0.
 0.         0.         0.         0.         0.00249958 0.
 0.         0.         0.         0.         0.         0.
 0.         0.         0.         0.         0.         0.
 0.         0.         0.0024929  0.         0.         0.
 0.         0.         0.         0.         0.         0.
 0.         0.         0.         0.         0.         0.
 0.0025177  0.         0.         0.         0.         0.
 0.         0.         0.         0.         0.         0.
 0.         0.         0.         0.        ]
Fid of qvm & frp	1.7703763362737275	1.7371678778649569
.

=============================== warnings summary ===============================
tst/qvm/integration/bench_test.py::TestBenchDiffBackendQvmFrpV2::test_two_bench_frp[qasm-/root/projects/QASMBench/small//basis_trotter_n4/basis_trotter_n4.qasm,/root/projects/QASMBench/small//quantumwalks_n2/quantumwalks_n2.qasm-FakeBrooklyn-6-10]
tst/qvm/integration/bench_test.py::TestBenchDiffBackendQvmFrpV2::test_two_bench_frp[qasm-/root/projects/QASMBench/small//basis_trotter_n4/basis_trotter_n4.qasm,/root/projects/QASMBench/small//quantumwalks_n2/quantumwalks_n2.qasm-FakeBrooklyn-6-10]
  /root/anaconda3/envs/qcs-noise/lib/python3.10/site-packages/qiskit/providers/fake_provider/fake_backend.py:462: PendingDeprecationWarning: "warnings" argument will be deprecated as part of the qiskit-aer 0.12.0 and subsequently removed
    noise_model = NoiseModel.from_backend(self, warnings=False)

-- Docs: https://docs.pytest.org/en/stable/how-to/capture-warnings.html
=========== 1 passed, 19 deselected, 2 warnings in 72.39s (0:01:12) ============
