Randomly selected files:
/root/projects/QASMBench/small//bell_n4/bell_n4.qasm,/root/projects/QASMBench/small//pea_n5/pea_n5.qasm
============================= test session starts ==============================
platform linux -- Python 3.10.6, pytest-7.2.0, pluggy-1.0.0
rootdir: /root/projects/qcs
plugins: anyio-3.6.2
collected 20 items / 19 deselected / 1 selected

tst/qvm/integration/bench_test.py [0.00171661 0.00047016 0.0016346  0.00047016 0.0003891  0.00145531
 0.00042439 0.00143623 0.00154972 0.00050545 0.00052834 0.00152016
 0.00039196 0.00139332 0.00143528 0.00035381 0.00772095 0.00216103
 0.00722122 0.00228691 0.00168514 0.00680637 0.00192165 0.00643921
 0.00757027 0.00218964 0.0024271  0.00704193 0.00185013 0.00662136
 0.00652122 0.00163555 0.00883675 0.00231457 0.00809479 0.00252628
 0.00187683 0.00751495 0.00207424 0.00723553 0.0081625  0.00235081
 0.00271034 0.00771809 0.00201607 0.00731182 0.00725555 0.00190449
 0.06342602 0.01725292 0.05937576 0.01825333 0.01391888 0.0561409
 0.01480198 0.05289555 0.0614624  0.0181036  0.01995182 0.05725002
 0.01484108 0.05435848 0.05375099 0.0134182  0.00393295 0.00106335
 0.00379848 0.00117588 0.00086021 0.00343418 0.00090599 0.00335121
 0.00384235 0.00118256 0.00128365 0.00356007 0.00092506 0.0033989
 0.00335598 0.00083447 0.00404739 0.00121117 0.00390148 0.0011673
 0.00096226 0.00360489 0.00105381 0.00353813 0.00410461 0.00118065
 0.00131321 0.003685   0.00100136 0.00365257 0.00354195 0.00088024
 0.00152493 0.0004034  0.00140762 0.00042248 0.00035286 0.00129986
 0.00033283 0.0012598  0.00142574 0.00043201 0.00043583 0.0013485
 0.00036049 0.00129318 0.00135517 0.00030708 0.00224304 0.00060081
 0.00211239 0.00063324 0.00047588 0.0019989  0.00053692 0.00181103
 0.00215149 0.00058365 0.00069427 0.00210476 0.00053501 0.00198174
 0.00189304 0.00046444 0.00069332 0.00017548 0.00062943 0.00018787
 0.00015736 0.00057602 0.00017834 0.0005579  0.00061893 0.00020695
 0.00019932 0.00063324 0.00017357 0.00053215 0.00059986 0.00013733
 0.00155544 0.00042725 0.00141048 0.00040722 0.00037575 0.00138187
 0.00037098 0.00131226 0.00146866 0.00040722 0.00051212 0.00136566
 0.00038433 0.00132465 0.00128078 0.00034332 0.00209427 0.00056362
 0.00196075 0.00057125 0.00049591 0.00187874 0.0005064  0.00179768
 0.00204849 0.00061989 0.00068188 0.00193691 0.00048351 0.00188446
 0.00178146 0.00045776 0.00549126 0.00158501 0.00504494 0.00155258
 0.0012579  0.00495052 0.00131321 0.00451088 0.00537395 0.00152206
 0.00170898 0.00482273 0.00127602 0.00472927 0.00463104 0.00114727
 0.00063896 0.0001812  0.00065041 0.00018024 0.00014114 0.00059223
 0.00014782 0.00053501 0.00063419 0.00018978 0.00022125 0.0005722
 0.0001812  0.00063038 0.00057411 0.00013924 0.00143147 0.00039005
 0.00134945 0.00040531 0.0003109  0.00125885 0.00033951 0.00112534
 0.00131893 0.00036144 0.00048351 0.00127983 0.00031662 0.00115395
 0.00125027 0.00030613 0.00078869 0.00021458 0.0007267  0.00021076
 0.00017357 0.00067234 0.00018883 0.00065804 0.00074863 0.00019741
 0.00025845 0.00067616 0.00017643 0.0006609  0.00064278 0.00017357
 0.00163364 0.00044632 0.00154972 0.00046635 0.00031948 0.00135899
 0.00038242 0.00134945 0.00153732 0.00044918 0.00048256 0.00142097
 0.0003643  0.00140572 0.00134277 0.00035286 0.         0.
 0.         0.         0.         0.         0.         0.
 0.         0.         0.         0.         0.         0.
 0.         0.         0.         0.         0.         0.
 0.         0.         0.         0.         0.         0.
 0.         0.         0.         0.         0.         0.
 0.         0.         0.         0.         0.         0.
 0.         0.         0.         0.         0.         0.
 0.         0.         0.         0.         0.         0.
 0.         0.         0.         0.         0.         0.
 0.         0.         0.         0.         0.         0.
 0.         0.         0.         0.         0.         0.
 0.         0.         0.         0.         0.         0.
 0.         0.         0.         0.         0.         0.
 0.         0.         0.         0.         0.         0.
 0.         0.         0.         0.         0.         0.
 0.         0.         0.         0.         0.         0.
 0.         0.         0.         0.         0.         0.
 0.         0.         0.         0.         0.         0.
 0.         0.         0.         0.         0.         0.
 0.         0.         0.         0.         0.         0.
 0.         0.         0.         0.         0.         0.
 0.         0.         0.         0.         0.         0.
 0.         0.         0.         0.         0.         0.
 0.         0.         0.         0.         0.         0.
 0.         0.         0.         0.         0.         0.
 0.         0.         0.         0.         0.         0.
 0.         0.         0.         0.         0.         0.
 0.         0.         0.         0.         0.         0.
 0.         0.         0.         0.         0.         0.
 0.         0.         0.         0.         0.         0.
 0.         0.         0.         0.         0.         0.
 0.         0.         0.         0.         0.         0.
 0.         0.         0.         0.         0.         0.
 0.         0.         0.         0.         0.         0.
 0.         0.         0.         0.         0.         0.
 0.         0.         0.         0.         0.         0.
 0.         0.         0.         0.         0.         0.
 0.         0.         0.         0.         0.         0.
 0.         0.         0.         0.         0.         0.
 0.         0.         0.         0.         0.         0.
 0.         0.         0.         0.         0.         0.
 0.         0.         0.         0.         0.         0.
 0.         0.        ]
[0.         0.         0.         0.         0.         0.
 0.         0.         0.         0.         0.         0.
 0.         0.         0.         0.         0.         0.
 0.         0.         0.         0.         0.         0.
 0.         0.         0.         0.         0.         0.
 0.         0.         0.         0.         0.         0.
 0.         0.         0.         0.         0.         0.
 0.         0.         0.         0.         0.         0.
 0.10676003 0.0184164  0.10705662 0.0184269  0.01821136 0.10685253
 0.01845837 0.10664368 0.10641956 0.01845741 0.01809502 0.10682487
 0.01808071 0.10660553 0.10634518 0.01834583 0.         0.
 0.         0.         0.         0.         0.         0.
 0.         0.         0.         0.         0.         0.
 0.         0.         0.         0.         0.         0.
 0.         0.         0.         0.         0.         0.
 0.         0.         0.         0.         0.         0.
 0.         0.         0.         0.         0.         0.
 0.         0.         0.         0.         0.         0.
 0.         0.         0.         0.         0.         0.
 0.         0.         0.         0.         0.         0.
 0.         0.         0.         0.         0.         0.
 0.         0.         0.         0.         0.         0.
 0.         0.         0.         0.         0.         0.
 0.         0.         0.         0.         0.         0.
 0.         0.         0.         0.         0.         0.
 0.         0.         0.         0.         0.         0.
 0.         0.         0.         0.         0.         0.
 0.         0.         0.         0.         0.         0.
 0.         0.         0.         0.         0.         0.
 0.         0.         0.         0.         0.         0.
 0.         0.         0.         0.         0.         0.
 0.         0.         0.         0.         0.         0.
 0.         0.         0.         0.         0.         0.
 0.         0.         0.         0.         0.         0.
 0.         0.         0.         0.         0.         0.
 0.         0.         0.         0.         0.         0.
 0.         0.         0.         0.         0.         0.
 0.         0.         0.         0.         0.         0.
 0.         0.         0.         0.         0.         0.
 0.         0.         0.         0.         0.         0.
 0.         0.         0.         0.         0.         0.
 0.         0.         0.         0.         0.         0.
 0.         0.         0.         0.         0.         0.
 0.         0.         0.         0.         0.         0.
 0.         0.         0.         0.         0.         0.
 0.         0.         0.         0.         0.         0.
 0.         0.         0.         0.         0.         0.
 0.         0.         0.         0.         0.         0.
 0.         0.         0.         0.         0.         0.
 0.         0.         0.         0.         0.         0.
 0.         0.         0.         0.         0.         0.
 0.         0.         0.         0.         0.         0.
 0.         0.         0.         0.         0.         0.
 0.         0.         0.         0.         0.         0.
 0.         0.         0.         0.         0.         0.
 0.         0.         0.         0.         0.         0.
 0.         0.         0.         0.         0.         0.
 0.         0.         0.         0.         0.         0.
 0.         0.         0.         0.         0.         0.
 0.         0.         0.         0.         0.         0.
 0.         0.         0.         0.         0.         0.
 0.         0.         0.         0.         0.         0.
 0.         0.         0.         0.         0.         0.
 0.         0.         0.         0.         0.         0.
 0.         0.         0.         0.         0.         0.
 0.         0.         0.         0.         0.         0.
 0.         0.         0.         0.         0.         0.
 0.         0.         0.         0.         0.         0.
 0.         0.         0.         0.         0.         0.
 0.         0.         0.         0.         0.         0.
 0.         0.         0.         0.         0.         0.
 0.         0.         0.         0.         0.         0.
 0.         0.         0.         0.         0.         0.
 0.         0.         0.         0.         0.         0.
 0.         0.         0.         0.         0.         0.
 0.         0.         0.         0.         0.         0.
 0.         0.         0.         0.         0.         0.
 0.         0.         0.         0.         0.         0.
 0.         0.         0.         0.         0.         0.
 0.         0.         0.         0.         0.         0.
 0.         0.         0.         0.         0.         0.
 0.         0.         0.         0.         0.         0.
 0.         0.         0.         0.         0.         0.
 0.         0.         0.         0.         0.         0.
 0.         0.         0.         0.         0.         0.
 0.         0.        ]
[0.00141525 0.00040817 0.00143814 0.0004034  0.00033665 0.00128651
 0.00037956 0.001194   0.00145149 0.00045681 0.00049019 0.00129318
 0.00035477 0.00130463 0.00126362 0.00029755 0.00607586 0.00154877
 0.00551319 0.00168705 0.00131512 0.00536919 0.0014019  0.00507736
 0.00586796 0.00168228 0.0018568  0.00535965 0.00136089 0.00500679
 0.00502586 0.00122833 0.00933361 0.00253487 0.00895119 0.00271034
 0.0020895  0.00856018 0.00223827 0.00787354 0.00924397 0.00278568
 0.00301075 0.00837517 0.00213528 0.00832176 0.00800323 0.00203323
 0.06480885 0.01782608 0.06115818 0.01866531 0.01436329 0.05728912
 0.01498699 0.05476093 0.06329632 0.01871681 0.02058792 0.05862522
 0.01546764 0.05605602 0.0553503  0.01378632 0.00407696 0.00111008
 0.00377369 0.0011301  0.00091743 0.00350571 0.00089645 0.00333786
 0.00396061 0.00121593 0.00131321 0.00367451 0.00095654 0.00339985
 0.00339794 0.00085735 0.00409985 0.00104237 0.00376511 0.00111771
 0.00088024 0.00360489 0.00092697 0.00340366 0.00382423 0.00110626
 0.00125504 0.00362968 0.00096512 0.00343132 0.00348186 0.000844
 0.00154686 0.00045204 0.00144863 0.0004425  0.00034332 0.00144196
 0.0003643  0.00123787 0.0015707  0.00043297 0.00046062 0.00140858
 0.00037956 0.00136566 0.00137329 0.00032806 0.00222683 0.00061893
 0.00210857 0.00059605 0.00050068 0.00192261 0.00049496 0.00181198
 0.00212193 0.00061226 0.00070572 0.00198841 0.00051022 0.00187778
 0.00189209 0.00047779 0.00058746 0.00017262 0.00057602 0.00016594
 0.0001297  0.00051785 0.00013065 0.00052929 0.00059509 0.00017643
 0.00017071 0.00054836 0.00013828 0.00049973 0.0004921  0.00012112
 0.00127411 0.00035477 0.00124168 0.00035286 0.00026131 0.00113773
 0.00032425 0.0010376  0.00127888 0.00031471 0.00044346 0.00113964
 0.00029945 0.00111008 0.00110531 0.00028992 0.00234795 0.00061035
 0.00218105 0.0006485  0.00052357 0.00202847 0.00052261 0.00184155
 0.00217819 0.00064087 0.00073242 0.00206947 0.00052071 0.00192738
 0.00196552 0.00050545 0.00513077 0.00141907 0.00490952 0.00147533
 0.00113964 0.00469303 0.001194   0.00432301 0.00503159 0.00143242
 0.00166321 0.00465393 0.00121498 0.00454807 0.00451279 0.00109386
 0.00067997 0.00017929 0.00067902 0.00018978 0.00014591 0.00059414
 0.00016689 0.00058365 0.00067902 0.00021648 0.00020504 0.00064278
 0.00016785 0.00055504 0.00058651 0.00014114 0.00129986 0.00038052
 0.00129318 0.0003891  0.00031376 0.00115776 0.0003252  0.00109005
 0.00132179 0.00038528 0.00044537 0.00124931 0.00028992 0.00115967
 0.00112534 0.00028133 0.00086117 0.00022697 0.00075531 0.00024319
 0.00016499 0.00073147 0.00019646 0.00067329 0.00076866 0.00023937
 0.00025558 0.00078487 0.00020409 0.00072861 0.0006485  0.00017834
 0.00140572 0.00039673 0.00138569 0.0004406  0.00033283 0.00136566
 0.00031948 0.00121498 0.0013504  0.0003624  0.00044727 0.00123882
 0.00031471 0.00115776 0.0011301  0.00029659 0.         0.
 0.         0.         0.         0.         0.         0.
 0.         0.         0.         0.         0.         0.
 0.         0.         0.         0.         0.         0.
 0.         0.         0.         0.         0.         0.
 0.         0.         0.         0.         0.         0.
 0.         0.         0.         0.         0.         0.
 0.         0.         0.         0.         0.         0.
 0.         0.         0.         0.         0.         0.
 0.         0.         0.         0.         0.         0.
 0.         0.         0.         0.         0.         0.
 0.         0.         0.         0.         0.         0.
 0.         0.         0.         0.         0.         0.
 0.         0.         0.         0.         0.         0.
 0.         0.         0.         0.         0.         0.
 0.         0.         0.         0.         0.         0.
 0.         0.         0.         0.         0.         0.
 0.         0.         0.         0.         0.         0.
 0.         0.         0.         0.         0.         0.
 0.         0.         0.         0.         0.         0.
 0.         0.         0.         0.         0.         0.
 0.         0.         0.         0.         0.         0.
 0.         0.         0.         0.         0.         0.
 0.         0.         0.         0.         0.         0.
 0.         0.         0.         0.         0.         0.
 0.         0.         0.         0.         0.         0.
 0.         0.         0.         0.         0.         0.
 0.         0.         0.         0.         0.         0.
 0.         0.         0.         0.         0.         0.
 0.         0.         0.         0.         0.         0.
 0.         0.         0.         0.         0.         0.
 0.         0.         0.         0.         0.         0.
 0.         0.         0.         0.         0.         0.
 0.         0.         0.         0.         0.         0.
 0.         0.         0.         0.         0.         0.
 0.         0.         0.         0.         0.         0.
 0.         0.         0.         0.         0.         0.
 0.         0.         0.         0.         0.         0.
 0.         0.         0.         0.         0.         0.
 0.         0.         0.         0.         0.         0.
 0.         0.         0.         0.         0.         0.
 0.         0.         0.         0.         0.         0.
 0.         0.         0.         0.         0.         0.
 0.         0.        ]
[0.         0.         0.         0.         0.         0.
 0.         0.         0.         0.         0.         0.
 0.         0.         0.         0.         0.         0.
 0.         0.         0.         0.         0.         0.
 0.         0.         0.         0.         0.         0.
 0.         0.         0.         0.         0.         0.
 0.         0.         0.         0.         0.         0.
 0.         0.         0.         0.         0.         0.
 0.10654163 0.01835537 0.10697365 0.01836205 0.01839828 0.10659981
 0.01822281 0.1063509  0.10655212 0.01825428 0.0184412  0.10706043
 0.01826668 0.10639191 0.10678196 0.01844692 0.         0.
 0.         0.         0.         0.         0.         0.
 0.         0.         0.         0.         0.         0.
 0.         0.         0.         0.         0.         0.
 0.         0.         0.         0.         0.         0.
 0.         0.         0.         0.         0.         0.
 0.         0.         0.         0.         0.         0.
 0.         0.         0.         0.         0.         0.
 0.         0.         0.         0.         0.         0.
 0.         0.         0.         0.         0.         0.
 0.         0.         0.         0.         0.         0.
 0.         0.         0.         0.         0.         0.
 0.         0.         0.         0.         0.         0.
 0.         0.         0.         0.         0.         0.
 0.         0.         0.         0.         0.         0.
 0.         0.         0.         0.         0.         0.
 0.         0.         0.         0.         0.         0.
 0.         0.         0.         0.         0.         0.
 0.         0.         0.         0.         0.         0.
 0.         0.         0.         0.         0.         0.
 0.         0.         0.         0.         0.         0.
 0.         0.         0.         0.         0.         0.
 0.         0.         0.         0.         0.         0.
 0.         0.         0.         0.         0.         0.
 0.         0.         0.         0.         0.         0.
 0.         0.         0.         0.         0.         0.
 0.         0.         0.         0.         0.         0.
 0.         0.         0.         0.         0.         0.
 0.         0.         0.         0.         0.         0.
 0.         0.         0.         0.         0.         0.
 0.         0.         0.         0.         0.         0.
 0.         0.         0.         0.         0.         0.
 0.         0.         0.         0.         0.         0.
 0.         0.         0.         0.         0.         0.
 0.         0.         0.         0.         0.         0.
 0.         0.         0.         0.         0.         0.
 0.         0.         0.         0.         0.         0.
 0.         0.         0.         0.         0.         0.
 0.         0.         0.         0.         0.         0.
 0.         0.         0.         0.         0.         0.
 0.         0.         0.         0.         0.         0.
 0.         0.         0.         0.         0.         0.
 0.         0.         0.         0.         0.         0.
 0.         0.         0.         0.         0.         0.
 0.         0.         0.         0.         0.         0.
 0.         0.         0.         0.         0.         0.
 0.         0.         0.         0.         0.         0.
 0.         0.         0.         0.         0.         0.
 0.         0.         0.         0.         0.         0.
 0.         0.         0.         0.         0.         0.
 0.         0.         0.         0.         0.         0.
 0.         0.         0.         0.         0.         0.
 0.         0.         0.         0.         0.         0.
 0.         0.         0.         0.         0.         0.
 0.         0.         0.         0.         0.         0.
 0.         0.         0.         0.         0.         0.
 0.         0.         0.         0.         0.         0.
 0.         0.         0.         0.         0.         0.
 0.         0.         0.         0.         0.         0.
 0.         0.         0.         0.         0.         0.
 0.         0.         0.         0.         0.         0.
 0.         0.         0.         0.         0.         0.
 0.         0.         0.         0.         0.         0.
 0.         0.         0.         0.         0.         0.
 0.         0.         0.         0.         0.         0.
 0.         0.         0.         0.         0.         0.
 0.         0.         0.         0.         0.         0.
 0.         0.         0.         0.         0.         0.
 0.         0.         0.         0.         0.         0.
 0.         0.         0.         0.         0.         0.
 0.         0.         0.         0.         0.         0.
 0.         0.         0.         0.         0.         0.
 0.         0.         0.         0.         0.         0.
 0.         0.         0.         0.         0.         0.
 0.         0.         0.         0.         0.         0.
 0.         0.        ]
Fid of qvm & frp	0.5499052717544661	0.5221451422696335
.

=============================== warnings summary ===============================
tst/qvm/integration/bench_test.py::TestBenchDiffBackendQvmFrpV2::test_two_bench_frp[qasm-/root/projects/QASMBench/small//bell_n4/bell_n4.qasm,/root/projects/QASMBench/small//pea_n5/pea_n5.qasm-FakeBrooklyn-4-10]
tst/qvm/integration/bench_test.py::TestBenchDiffBackendQvmFrpV2::test_two_bench_frp[qasm-/root/projects/QASMBench/small//bell_n4/bell_n4.qasm,/root/projects/QASMBench/small//pea_n5/pea_n5.qasm-FakeBrooklyn-4-10]
  /root/anaconda3/envs/qcs-noise/lib/python3.10/site-packages/qiskit/providers/fake_provider/fake_backend.py:462: PendingDeprecationWarning: "warnings" argument will be deprecated as part of the qiskit-aer 0.12.0 and subsequently removed
    noise_model = NoiseModel.from_backend(self, warnings=False)

-- Docs: https://docs.pytest.org/en/stable/how-to/capture-warnings.html
================ 1 passed, 19 deselected, 2 warnings in 57.50s =================
