Randomly selected files:
/root/projects/QASMBench/small//teleportation_n3/teleportation_n3.qasm,/root/projects/QASMBench/small//error_correctiond3_n5/error_correctiond3_n5.qasm
============================= test session starts ==============================
platform linux -- Python 3.10.6, pytest-7.2.0, pluggy-1.0.0
rootdir: /root/projects/qcs
plugins: anyio-3.6.2
collected 20 items / 19 deselected / 1 selected

tst/qvm/integration/bench_test.py [0.01328087 0.01316071 0.00270748 0.00261497 0.00290203 0.00290012
 0.01237679 0.01223755 0.00692844 0.00669384 0.00142479 0.00133896
 0.00151443 0.00147057 0.00655651 0.00625801 0.00548744 0.00545406
 0.00111389 0.00111961 0.00116444 0.00112534 0.00508785 0.00502396
 0.00767708 0.00739861 0.00153732 0.00151348 0.00168228 0.00169182
 0.00714016 0.00710201 0.00588608 0.00572014 0.00121689 0.00121307
 0.00131607 0.00122547 0.005476   0.00539684 0.00875378 0.0085907
 0.00174713 0.00179768 0.00189209 0.00183582 0.00816727 0.00800419
 0.00780487 0.0077219  0.00165272 0.00151062 0.00169468 0.00174332
 0.00722218 0.00718498 0.00448895 0.00436687 0.00090504 0.00090694
 0.00096321 0.00093174 0.00415611 0.00421238 0.0072546  0.00705147
 0.00145435 0.0014534  0.00158024 0.00147724 0.00666046 0.0066328
 0.00894642 0.00873756 0.00184917 0.00185204 0.00195408 0.00195217
 0.00849628 0.00821114 0.00840855 0.00833225 0.00171661 0.00172806
 0.00183201 0.00171947 0.00812626 0.0078392  0.00428963 0.00426483
 0.0008316  0.00083923 0.00087261 0.00094223 0.00399876 0.00394344
 0.00829697 0.00809097 0.00170422 0.00164986 0.00175285 0.00170517
 0.00744724 0.00725651 0.00417233 0.00406647 0.0008297  0.00082397
 0.00092125 0.0008688  0.00383949 0.00373936 0.00432777 0.00429249
 0.00086594 0.00087547 0.00092697 0.00095367 0.00423717 0.00402355
 0.00741673 0.0074358  0.00148106 0.00146008 0.00163555 0.00156784
 0.0068903  0.00683498 0.00790501 0.00769234 0.00157928 0.0016346
 0.00175762 0.0016861  0.00732231 0.00716496 0.00904083 0.00891972
 0.00187969 0.00182343 0.00196934 0.00187206 0.00840378 0.00854778
 0.00750065 0.00737572 0.00157642 0.00149059 0.00161552 0.0016346
 0.00715256 0.0069952  0.00432968 0.00417614 0.00084686 0.00086212
 0.00091267 0.00086021 0.00407219 0.00388908 0.00833225 0.00836086
 0.00178814 0.00169277 0.00187683 0.00187492 0.00799084 0.00769901
 0.00480652 0.00479507 0.00093651 0.000947   0.00100136 0.00101566
 0.00452137 0.00439739 0.00473309 0.00477982 0.0009613  0.00094032
 0.00105095 0.00100136 0.0044651  0.00435257 0.00682735 0.00665379
 0.00136852 0.00136948 0.00149822 0.00144958 0.0063715  0.0061779
 0.00917339 0.00908279 0.00188923 0.00187969 0.00205803 0.00190639
 0.00851631 0.00847054 0.00524902 0.00524998 0.0010643  0.00098228
 0.00111103 0.00115585 0.00496101 0.00477028 0.00438309 0.00437832
 0.00091553 0.0008831  0.00091648 0.00097179 0.00414562 0.00394058
 0.00656891 0.00643826 0.00137901 0.00138474 0.00141144 0.00141525
 0.00624371 0.0060215  0.00463009 0.0044632  0.00102901 0.00093746
 0.00100613 0.00099945 0.00440407 0.00432396 0.00645924 0.0063343
 0.00134754 0.0013237  0.0014143  0.00137329 0.00618935 0.00605965
 0.0067234  0.00650787 0.00136375 0.00130081 0.00139236 0.0013895
 0.00623989 0.00605488 0.00387383 0.00385094 0.0008297  0.00078011
 0.00085545 0.00083828 0.00369072 0.00354004]
[0.01332855 0.0133152  0.0022831  0.00231838 0.00229931 0.00232029
 0.01346779 0.013484   0.         0.         0.         0.
 0.         0.         0.         0.         0.         0.
 0.         0.         0.         0.         0.         0.
 0.01341152 0.01336098 0.00226974 0.00235367 0.00222778 0.00225544
 0.01333141 0.01345825 0.         0.         0.         0.
 0.         0.         0.         0.         0.01360512 0.01337051
 0.00227737 0.00231361 0.00221157 0.00227165 0.01326561 0.01325607
 0.01331711 0.01339722 0.00235081 0.00226116 0.00223637 0.00229549
 0.01340675 0.01323414 0.         0.         0.         0.
 0.         0.         0.         0.         0.         0.
 0.         0.         0.         0.         0.         0.
 0.01312733 0.01330185 0.00231934 0.00236511 0.00231457 0.00217247
 0.0134964  0.01345062 0.01323318 0.01344585 0.00225544 0.00234795
 0.00230026 0.0022831  0.01329899 0.0134449  0.         0.
 0.         0.         0.         0.         0.         0.
 0.01316738 0.01342106 0.00229454 0.00232124 0.00224781 0.00228691
 0.01337337 0.01325798 0.         0.         0.         0.
 0.         0.         0.         0.         0.         0.
 0.         0.         0.         0.         0.         0.
 0.01359558 0.01336288 0.00222969 0.00221348 0.00235939 0.0022707
 0.01325607 0.01335716 0.         0.         0.         0.
 0.         0.         0.         0.         0.01343441 0.0131712
 0.00227261 0.00234509 0.00228024 0.00225449 0.01322937 0.01336956
 0.01338387 0.01353168 0.00228405 0.00232792 0.00221062 0.00221634
 0.01336956 0.0133276  0.         0.         0.         0.
 0.         0.         0.         0.         0.01338863 0.01342773
 0.00226116 0.00231361 0.00223446 0.00226879 0.0132513  0.01333904
 0.         0.         0.         0.         0.         0.
 0.         0.         0.         0.         0.         0.
 0.         0.         0.         0.         0.0131712  0.01312351
 0.00221348 0.00224209 0.00232601 0.00225925 0.01313019 0.01325035
 0.01339722 0.01344967 0.00236225 0.00226021 0.00231647 0.00227356
 0.01328754 0.01341915 0.         0.         0.         0.
 0.         0.         0.         0.         0.         0.
 0.         0.         0.         0.         0.         0.
 0.01321697 0.0135622  0.00223732 0.00224113 0.00231457 0.0023489
 0.01331329 0.01315784 0.         0.         0.         0.
 0.         0.         0.         0.         0.01348591 0.01331425
 0.002285   0.00228405 0.00233269 0.00229549 0.01320457 0.01335049
 0.0135231  0.0132885  0.00228691 0.00229454 0.00230408 0.00231743
 0.01334286 0.01299381 0.         0.         0.         0.
 0.         0.         0.         0.        ]
[0.01386166 0.01251221 0.00293255 0.0025425  0.00293827 0.00257015
 0.0133934  0.01177597 0.00574207 0.00515938 0.00118923 0.00103951
 0.00124454 0.00108337 0.00553513 0.00497723 0.00594616 0.00524807
 0.00120068 0.00108147 0.00125599 0.00109863 0.00536442 0.00492191
 0.00878143 0.00786209 0.00182056 0.0015974  0.00187683 0.00161648
 0.00824261 0.0075531  0.00562    0.00505352 0.00109673 0.00101376
 0.00121307 0.00094891 0.00524712 0.00473881 0.00879383 0.00794792
 0.00186062 0.00165653 0.00194645 0.00172901 0.00835037 0.00744247
 0.00978374 0.00877762 0.0019989  0.00183296 0.00211525 0.00188828
 0.00963593 0.00847244 0.0040884  0.00372601 0.0008297  0.00072002
 0.00086403 0.00077152 0.0039444  0.00343895 0.00667477 0.00595188
 0.00133324 0.00122929 0.00136566 0.00129986 0.00639725 0.00575352
 0.0089922  0.00797749 0.00180626 0.0016861  0.00187397 0.00167942
 0.00854492 0.00783443 0.00957584 0.00856781 0.00196362 0.00172901
 0.00194931 0.00179386 0.00913239 0.00794888 0.00452232 0.00403786
 0.00090981 0.00084305 0.00088692 0.00081158 0.00413418 0.0037117
 0.00869846 0.00778389 0.0017128  0.00162697 0.00176811 0.00162315
 0.00823021 0.00729275 0.00371265 0.00322437 0.00073433 0.00069809
 0.00076294 0.000741   0.00353241 0.00309467 0.00483131 0.00424099
 0.00092888 0.00086594 0.00099277 0.00091267 0.00460911 0.00414085
 0.00807667 0.00719452 0.00159931 0.00152016 0.00161362 0.0015192
 0.00765991 0.0067873  0.00739002 0.00640297 0.00156498 0.00137901
 0.00147247 0.00133133 0.00687408 0.00617504 0.00892544 0.00770569
 0.00178623 0.00163269 0.00184536 0.00171185 0.0083828  0.00740814
 0.00893688 0.00811005 0.0018158  0.00164318 0.0018425  0.00166607
 0.008564   0.00778484 0.0041914  0.0038662  0.00088787 0.00077724
 0.00088215 0.00080109 0.00402641 0.00358105 0.00948906 0.00835609
 0.00194263 0.00169659 0.00191593 0.00171375 0.00882626 0.00769424
 0.00415039 0.00380611 0.00084877 0.00078392 0.00087452 0.00082302
 0.00414085 0.00358963 0.00537205 0.00482941 0.0011158  0.00101089
 0.00113201 0.00099087 0.00514889 0.0046072  0.00757408 0.00667858
 0.00146484 0.00139618 0.00158024 0.00139713 0.00717926 0.00641441
 0.00988007 0.00861359 0.00206089 0.00183773 0.00208378 0.00182438
 0.00925159 0.00828934 0.00462341 0.00396347 0.00092697 0.00087738
 0.00098515 0.00084496 0.00426292 0.00389576 0.00459862 0.0039835
 0.00095463 0.00083542 0.00092316 0.00082779 0.00435638 0.0038023
 0.00743675 0.00669765 0.00149822 0.00137997 0.00163841 0.0013895
 0.00698566 0.00639629 0.00440407 0.0039072  0.00082302 0.0007925
 0.00091362 0.00083828 0.00419903 0.00379467 0.00705624 0.00638771
 0.00143147 0.00130463 0.00150108 0.00136471 0.00670052 0.00607395
 0.00815487 0.00738335 0.00170612 0.00148582 0.00168514 0.00156021
 0.00764656 0.00694275 0.00382614 0.00334263 0.00079155 0.00071716
 0.0007925  0.00072384 0.00355148 0.00320244]
[0.01335716 0.01317406 0.00233459 0.00234413 0.00226879 0.00227737
 0.01335239 0.01335239 0.         0.         0.         0.
 0.         0.         0.         0.         0.         0.
 0.         0.         0.         0.         0.         0.
 0.01343727 0.01339817 0.0022974  0.0022583  0.00229073 0.00229359
 0.01332283 0.01326561 0.         0.         0.         0.
 0.         0.         0.         0.         0.01342583 0.01342583
 0.00231075 0.00226212 0.00225353 0.00224113 0.01320839 0.01319122
 0.01338196 0.01315594 0.00229454 0.00233841 0.00222778 0.00225639
 0.01350594 0.01336479 0.         0.         0.         0.
 0.         0.         0.         0.         0.         0.
 0.         0.         0.         0.         0.         0.
 0.01312542 0.01334763 0.00231457 0.0023098  0.00237274 0.00235081
 0.01329231 0.01344681 0.01339054 0.01342297 0.00224495 0.00240135
 0.00236416 0.00235462 0.01344395 0.01329994 0.         0.
 0.         0.         0.         0.         0.         0.
 0.01334    0.01345062 0.0023632  0.00229836 0.00219727 0.00233173
 0.0133152  0.01337528 0.         0.         0.         0.
 0.         0.         0.         0.         0.         0.
 0.         0.         0.         0.         0.         0.
 0.01333618 0.01325798 0.00227833 0.00227737 0.00231838 0.00224972
 0.01323986 0.01345158 0.         0.         0.         0.
 0.         0.         0.         0.         0.01349258 0.01327038
 0.00228596 0.00231743 0.00235748 0.00220299 0.0133791  0.01336384
 0.01318455 0.01341152 0.00234699 0.00224686 0.00222206 0.00228882
 0.0133934  0.01322269 0.         0.         0.         0.
 0.         0.         0.         0.         0.01314735 0.01336861
 0.00224018 0.00222206 0.00229454 0.00229168 0.013237   0.01322365
 0.         0.         0.         0.         0.         0.
 0.         0.         0.         0.         0.         0.
 0.         0.         0.         0.         0.01350975 0.0131712
 0.00235176 0.002285   0.00234699 0.00231361 0.01328278 0.01336384
 0.01338673 0.0133009  0.00225067 0.00236416 0.00229168 0.00240231
 0.01325703 0.01318741 0.         0.         0.         0.
 0.         0.         0.         0.         0.         0.
 0.         0.         0.         0.         0.         0.
 0.01320553 0.01338673 0.00230885 0.00233269 0.00223637 0.00234604
 0.01360035 0.01317596 0.         0.         0.         0.
 0.         0.         0.         0.         0.01349068 0.01327705
 0.00216103 0.00232124 0.00222778 0.00229645 0.01326084 0.01335621
 0.01344013 0.01338959 0.00238228 0.0022831  0.00226212 0.00222492
 0.0131712  0.01335239 0.         0.         0.         0.
 0.         0.         0.         0.        ]
Fid of qvm & frp	0.507798028356867	0.4561331057035669
.

=============================== warnings summary ===============================
tst/qvm/integration/bench_test.py::TestBenchDiffBackendQvmFrpV2::test_two_bench_frp[qasm-/root/projects/QASMBench/small//teleportation_n3/teleportation_n3.qasm,/root/projects/QASMBench/small//error_correctiond3_n5/error_correctiond3_n5.qasm-FakeBrooklyn-4-10]
tst/qvm/integration/bench_test.py::TestBenchDiffBackendQvmFrpV2::test_two_bench_frp[qasm-/root/projects/QASMBench/small//teleportation_n3/teleportation_n3.qasm,/root/projects/QASMBench/small//error_correctiond3_n5/error_correctiond3_n5.qasm-FakeBrooklyn-4-10]
  /root/anaconda3/envs/qcs-noise/lib/python3.10/site-packages/qiskit/providers/fake_provider/fake_backend.py:462: PendingDeprecationWarning: "warnings" argument will be deprecated as part of the qiskit-aer 0.12.0 and subsequently removed
    noise_model = NoiseModel.from_backend(self, warnings=False)

-- Docs: https://docs.pytest.org/en/stable/how-to/capture-warnings.html
================ 1 passed, 19 deselected, 2 warnings in 57.74s =================
