Randomly selected files:
/root/projects/QASMBench/small//error_correctiond3_n5/error_correctiond3_n5.qasm,/root/projects/QASMBench/small//ipea_n2/ipea_n2.qasm
============================= test session starts ==============================
platform linux -- Python 3.10.6, pytest-7.2.0, pluggy-1.0.0
rootdir: /root/projects/qcs
plugins: anyio-3.6.2
collected 20 items / 19 deselected / 1 selected

tst/qvm/integration/bench_test.py F

=================================== FAILURES ===================================
_ TestBenchDiffBackendQvmFrpV2.test_two_bench_frp[qasm-/root/projects/QASMBench/small//error_correctiond3_n5/error_correctiond3_n5.qasm,/root/projects/QASMBench/small//ipea_n2/ipea_n2.qasm-FakeBrooklyn-4-10] _

self = <bench_test.TestBenchDiffBackendQvmFrpV2 object at 0x7f9f8955bd60>
bench = 'qasm', nq = 10
qasm = '/root/projects/QASMBench/small//error_correctiond3_n5/error_correctiond3_n5.qasm,/root/projects/QASMBench/small//ipea_n2/ipea_n2.qasm'
backend = 'FakeBrooklyn', cu_size = '4'

    def test_two_bench_frp(self, bench, nq, qasm, backend, cu_size):
        self.prepare_for_test(backend, cu_size)
>       super().test_two_bench_frp(bench, nq, qasm)

tst/qvm/integration/bench_test.py:344: 
_ _ _ _ _ _ _ _ _ _ _ _ _ _ _ _ _ _ _ _ _ _ _ _ _ _ _ _ _ _ _ _ _ _ _ _ _ _ _ _ 
tst/qvm/integration/bench_test.py:319: in test_two_bench_frp
    fid_qvm = self._fid_calculator.calc_fidelity(
../qvm/qvm/util/circuit.py:216: in calc_fidelity
    pv_noise, _ = counts_to_vector(counts, num_qubits)
_ _ _ _ _ _ _ _ _ _ _ _ _ _ _ _ _ _ _ _ _ _ _ _ _ _ _ _ _ _ _ _ _ _ _ _ _ _ _ _ 

counts = {'100011010': 39, '100010011': 36, '101001011': 28, '101000100': 53, '101001101': 39, '101010000': 66, '101000111': 42...000': 103, '110111000': 5504, '110011101': 460, '101011110': 96, '111011001': 136, '111111000': 5385, '000000011': 229}
num_qubits = 7

    def counts_to_vector(counts: Counts, num_qubits: int) -> Tuple[np.ndarray, int]:
        """Transforms Counts to a probability vector"""
        vec = np.zeros(2**num_qubits, dtype=float)
        shots = 0
        for key, val in counts.items():
            shots += val
>           vec[int(key, 2)] = val
E           IndexError: index 282 is out of bounds for axis 0 with size 128

/root/anaconda3/envs/qcs-noise/lib/python3.10/site-packages/qiskit/result/mitigation/utils.py:93: IndexError
------------------------------ Captured log call -------------------------------
WARNING  root:graph.py:449 Failed to grow a subgraph from root: 26, current visited status: {0, 1, 3, 4, 5, 6, 8, 10, 12, 13, 18, 19, 20, 21, 22, 23, 25, 26, 34, 35, 36, 37, 42, 43, 44, 45, 49, 50, 51, 54}, error message is 'Cannot grow a graph that satisfy the subgraph size from current root: 26'
WARNING  root:graph.py:449 Failed to grow a subgraph from root: 40, current visited status: {0, 1, 3, 4, 5, 6, 8, 10, 12, 13, 18, 19, 20, 21, 22, 25, 26, 34, 35, 36, 37, 40, 42, 43, 44, 45, 49, 50, 51, 54}, error message is 'Cannot grow a graph that satisfy the subgraph size from current root: 40'
WARNING  root:graph.py:449 Failed to grow a subgraph from root: 9, current visited status: {0, 1, 3, 4, 5, 6, 8, 9, 10, 12, 13, 18, 19, 20, 21, 22, 25, 26, 27, 28, 30, 31, 32, 34, 35, 36, 37, 38, 39, 40, 41, 42, 43, 44, 45, 49, 50, 51, 52, 54, 55, 56, 57}, error message is 'Cannot grow a graph that satisfy the subgraph size from current root: 9'
WARNING  root:graph.py:449 Failed to grow a subgraph from root: 7, current visited status: {0, 1, 3, 4, 5, 6, 7, 8, 9, 10, 12, 13, 14, 15, 18, 19, 20, 21, 22, 24, 25, 26, 27, 28, 29, 30, 31, 32, 34, 35, 36, 37, 38, 39, 40, 41, 42, 43, 44, 45, 46, 47, 48, 49, 50, 51, 52, 53, 54, 55, 56, 57, 58, 59, 60, 61}, error message is 'Cannot grow a graph that satisfy the subgraph size from current root: 7'
WARNING  root:graph.py:449 Failed to grow a subgraph from root: 62, current visited status: {0, 1, 3, 4, 5, 6, 7, 8, 9, 10, 12, 13, 14, 15, 18, 19, 20, 21, 22, 24, 25, 26, 27, 28, 29, 30, 31, 32, 34, 35, 36, 37, 38, 39, 40, 41, 42, 43, 44, 45, 46, 47, 48, 49, 50, 51, 52, 53, 54, 55, 56, 57, 58, 59, 60, 61, 62, 63, 64}, error message is 'Cannot grow a graph that satisfy the subgraph size from current root: 62'
WARNING  root:graph.py:449 Failed to grow a subgraph from root: 16, current visited status: {0, 1, 3, 4, 5, 6, 7, 8, 9, 10, 11, 12, 13, 14, 15, 16, 17, 18, 19, 20, 21, 22, 24, 25, 26, 27, 28, 29, 30, 31, 32, 34, 35, 36, 37, 38, 39, 40, 41, 42, 43, 44, 45, 46, 47, 48, 49, 50, 51, 52, 53, 54, 55, 56, 57, 58, 59, 60, 61, 62}, error message is 'Cannot grow a graph that satisfy the subgraph size from current root: 16'
WARNING  root:graph.py:449 Failed to grow a subgraph from root: 23, current visited status: {0, 1, 3, 4, 5, 6, 7, 8, 9, 10, 12, 13, 14, 15, 16, 18, 19, 20, 21, 22, 23, 24, 25, 26, 27, 28, 29, 30, 31, 32, 34, 35, 36, 37, 38, 39, 40, 41, 42, 43, 44, 45, 46, 47, 48, 49, 50, 51, 52, 53, 54, 55, 56, 57, 58, 59, 60, 61, 62}, error message is 'Cannot grow a graph that satisfy the subgraph size from current root: 23'
WARNING  root:graph.py:449 Failed to grow a subgraph from root: 17, current visited status: {0, 1, 3, 4, 5, 6, 7, 8, 9, 10, 11, 12, 13, 14, 15, 16, 17, 18, 19, 20, 21, 22, 23, 24, 25, 26, 27, 28, 29, 30, 31, 32, 34, 35, 36, 37, 38, 39, 40, 41, 42, 43, 44, 45, 46, 47, 48, 49, 50, 51, 52, 53, 54, 55, 56, 57, 58, 59, 60, 61, 62}, error message is 'Cannot grow a graph that satisfy the subgraph size from current root: 17'
WARNING  root:graph.py:449 Failed to grow a subgraph from root: 63, current visited status: {0, 1, 3, 4, 5, 6, 7, 8, 9, 10, 12, 13, 14, 15, 16, 17, 18, 19, 20, 21, 22, 23, 24, 25, 26, 27, 28, 29, 30, 31, 32, 34, 35, 36, 37, 38, 39, 40, 41, 42, 43, 44, 45, 46, 47, 48, 49, 50, 51, 52, 53, 54, 55, 56, 57, 58, 59, 60, 61, 62, 63, 64}, error message is 'Cannot grow a graph that satisfy the subgraph size from current root: 63'
WARNING  root:graph.py:449 Failed to grow a subgraph from root: 64, current visited status: {0, 1, 3, 4, 5, 6, 7, 8, 9, 10, 12, 13, 14, 15, 16, 17, 18, 19, 20, 21, 22, 23, 24, 25, 26, 27, 28, 29, 30, 31, 32, 34, 35, 36, 37, 38, 39, 40, 41, 42, 43, 44, 45, 46, 47, 48, 49, 50, 51, 52, 53, 54, 55, 56, 57, 58, 59, 60, 61, 62, 63, 64}, error message is 'Cannot grow a graph that satisfy the subgraph size from current root: 64'
WARNING  root:graph.py:449 Failed to grow a subgraph from root: 11, current visited status: {0, 1, 3, 4, 5, 6, 7, 8, 9, 10, 11, 12, 13, 14, 15, 16, 17, 18, 19, 20, 21, 22, 23, 24, 25, 26, 27, 28, 29, 30, 31, 32, 34, 35, 36, 37, 38, 39, 40, 41, 42, 43, 44, 45, 46, 47, 48, 49, 50, 51, 52, 53, 54, 55, 56, 57, 58, 59, 60, 61, 62, 63, 64}, error message is 'Cannot grow a graph that satisfy the subgraph size from current root: 11'
WARNING  root:graph.py:449 Failed to grow a subgraph from root: 33, current visited status: {0, 1, 3, 4, 5, 6, 7, 8, 9, 10, 11, 12, 13, 14, 15, 16, 17, 18, 19, 20, 21, 22, 23, 24, 25, 26, 27, 28, 29, 30, 31, 32, 33, 34, 35, 36, 37, 38, 39, 40, 41, 42, 43, 44, 45, 46, 47, 48, 49, 50, 51, 52, 53, 54, 55, 56, 57, 58, 59, 60, 61, 62, 63, 64}, error message is 'Cannot grow a graph that satisfy the subgraph size from current root: 33'
WARNING  root:graph.py:449 Failed to grow a subgraph from root: 2, current visited status: {0, 1, 2, 3, 4, 5, 6, 7, 8, 9, 10, 11, 12, 13, 14, 15, 16, 17, 18, 19, 20, 21, 22, 23, 24, 25, 26, 27, 28, 29, 30, 31, 32, 33, 34, 35, 36, 37, 38, 39, 40, 41, 42, 43, 44, 45, 46, 47, 48, 49, 50, 51, 52, 53, 54, 55, 56, 57, 58, 59, 60, 61, 62, 63, 64}, error message is 'Cannot grow a graph that satisfy the subgraph size from current root: 2'
WARNING  root:backend_manager.py:395 Current circuit:      ┌───┐                                                                   »
q_0: ┤ H ├───────────────────────────────────────────────────────────────────»
     ├───┤     ┌───┐     ┌───┐                 ┌───┐     ┌───┐               »
q_1: ┤ H ├──■──┤ H ├──■──┤ H ├──■──────────■───┤ H ├──■──┤ H ├──■────────────»
     ├───┤┌─┴─┐├───┤┌─┴─┐├───┤┌─┴─┐┌───┐ ┌─┴─┐ ├───┤┌─┴─┐├───┤┌─┴─┐┌───┐┌───┐»
q_2: ┤ I ├┤ X ├┤ H ├┤ X ├┤ H ├┤ X ├┤ X ├─┤ X ├─┤ H ├┤ X ├┤ H ├┤ X ├┤ X ├┤ H ├»
     ├───┤└───┘└───┘└───┘└───┘└───┘└─┬─┘ └───┘ └───┘└───┘└───┘└───┘└─┬─┘└───┘»
q_3: ┤ H ├───────────────────────────┼───────────────────────────────┼───────»
     ├───┤                           │  ┌─────┐                      │       »
q_4: ┤ H ├───────────────────────────■──┤ Sdg ├──────────────────────■───────»
     └───┘                              └─────┘                              »
c_0: ════════════════════════════════════════════════════════════════════════»
                                                                             »
c_1: ════════════════════════════════════════════════════════════════════════»
                                                                             »
c_2: ════════════════════════════════════════════════════════════════════════»
                                                                             »
c_3: ════════════════════════════════════════════════════════════════════════»
                                                                             »
c_4: ════════════════════════════════════════════════════════════════════════»
                                                                             »
«                    ┌───┐     ┌───┐               ┌───┐     ┌───┐          »
«q_0: ────────────■──┤ H ├──■──┤ H ├──■─────────■──┤ H ├──■──┤ H ├──■───────»
«                 │  └───┘  │  └───┘  │         │  └───┘  │  └───┘  │       »
«q_1: ────────────┼─────────┼─────────┼─────────┼─────────┼─────────┼────■──»
«     ┌───┐┌───┐┌─┴─┐┌───┐┌─┴─┐┌───┐┌─┴─┐┌───┐┌─┴─┐┌───┐┌─┴─┐┌───┐┌─┴─┐┌─┴─┐»
«q_2: ┤ X ├┤ H ├┤ X ├┤ H ├┤ X ├┤ H ├┤ X ├┤ X ├┤ X ├┤ H ├┤ X ├┤ H ├┤ X ├┤ X ├»
«     └─┬─┘└───┘└───┘└───┘└───┘└───┘└───┘└─┬─┘└───┘└───┘└───┘└───┘└───┘└───┘»
«q_3: ──┼──────────────────────────────────■────────────────────────────────»
«       │  ┌───┐                                                            »
«q_4: ──■──┤ H ├────────────────────────────────────────────────────────────»
«          └───┘                                                            »
«c_0: ══════════════════════════════════════════════════════════════════════»
«                                                                           »
«c_1: ══════════════════════════════════════════════════════════════════════»
«                                                                           »
«c_2: ══════════════════════════════════════════════════════════════════════»
«                                                                           »
«c_3: ══════════════════════════════════════════════════════════════════════»
«                                                                           »
«c_4: ══════════════════════════════════════════════════════════════════════»
«                                                                           »
«                                                                           »
«q_0: ─────────────────────────────────────────────────────────■────────────»
«     ┌───┐     ┌───┐               ┌───┐     ┌───┐            │            »
«q_1: ┤ H ├──■──┤ H ├──■─────────■──┤ H ├──■──┤ H ├──■─────────┼────────────»
«     ├───┤┌─┴─┐├───┤┌─┴─┐┌───┐┌─┴─┐├───┤┌─┴─┐├───┤┌─┴─┐┌───┐┌─┴─┐┌───┐┌───┐»
«q_2: ┤ H ├┤ X ├┤ H ├┤ X ├┤ X ├┤ X ├┤ H ├┤ X ├┤ H ├┤ X ├┤ X ├┤ X ├┤ X ├┤ H ├»
«     └───┘└───┘└───┘└───┘└─┬─┘└───┘└───┘└───┘└───┘└───┘└─┬─┘├───┤└─┬─┘├───┤»
«q_3: ──────────────────────■─────────────────────────────■──┤ H ├──■──┤ H ├»
«                                                            └───┘     └───┘»
«q_4: ──────────────────────────────────────────────────────────────────────»
«                                                                           »
«c_0: ══════════════════════════════════════════════════════════════════════»
«                                                                           »
«c_1: ══════════════════════════════════════════════════════════════════════»
«                                                                           »
«c_2: ══════════════════════════════════════════════════════════════════════»
«                                                                           »
«c_3: ══════════════════════════════════════════════════════════════════════»
«                                                                           »
«c_4: ══════════════════════════════════════════════════════════════════════»
«                                                                           »
«                                                                              »
«q_0: ─────────────────■───────────────────────────────────────────────────────»
«                      │                                                       »
«q_1: ─────────────────┼───────────────────────────────────────────────────────»
«     ┌───┐┌───┐┌───┐┌─┴─┐┌───┐┌───┐┌───┐┌───┐┌───┐     ┌───┐┌───┐   ┌───┐┌───┐»
«q_2: ┤ X ├┤ H ├┤ X ├┤ X ├┤ X ├┤ H ├┤ X ├┤ H ├┤ X ├─────┤ X ├┤ H ├───┤ X ├┤ H ├»
«     └─┬─┘├───┤└─┬─┘└───┘└─┬─┘├───┤└─┬─┘├───┤└─┬─┘┌───┐└─┬─┘└───┘┌─┐└─┬─┘└───┘»
«q_3: ──■──┤ H ├──■─────────■──┤ H ├──■──┤ H ├──■──┤ H ├──┼───────┤M├──┼───────»
«          └───┘               └───┘     └───┘     └───┘  │  ┌───┐└╥┘  │  ┌───┐»
«q_4: ────────────────────────────────────────────────────■──┤ H ├─╫───■──┤ H ├»
«                                                            └───┘ ║      └───┘»
«c_0: ═════════════════════════════════════════════════════════════╬═══════════»
«                                                                  ║           »
«c_1: ═════════════════════════════════════════════════════════════╬═══════════»
«                                                                  ║           »
«c_2: ═════════════════════════════════════════════════════════════╬═══════════»
«                                                                  ║           »
«c_3: ═════════════════════════════════════════════════════════════╩═══════════»
«                                                                              »
«c_4: ═════════════════════════════════════════════════════════════════════════»
«                                                                              »
«                                                                      ┌─┐     »
«q_0: ───────■─────────────────────────────────────────────────■───────┤M├─────»
«            │                                          ┌───┐┌─┴─┐┌───┐└╥┘     »
«q_1: ───────┼─────────────────────────────■─────────■──┤ H ├┤ X ├┤ H ├─╫──────»
«     ┌───┐┌─┴─┐┌───┐┌───┐┌───┐┌───┐┌───┐┌─┴─┐┌───┐┌─┴─┐├───┤├───┤├───┤ ║ ┌───┐»
«q_2: ┤ X ├┤ X ├┤ X ├┤ H ├┤ X ├┤ H ├┤ X ├┤ X ├┤ H ├┤ X ├┤ X ├┤ H ├┤ X ├─╫─┤ H ├»
«     └─┬─┘└───┘└─┬─┘└───┘└─┬─┘└───┘└─┬─┘└───┘└───┘└───┘└─┬─┘└───┘└─┬─┘ ║ └───┘»
«q_3: ──┼─────────┼─────────┼─────────┼───────────────────┼─────────┼───╫──────»
«       │         │  ┌───┐  │  ┌───┐  │                   │  ┌───┐  │   ║ ┌───┐»
«q_4: ──■─────────■──┤ H ├──■──┤ H ├──■───────────────────■──┤ H ├──■───╫─┤ H ├»
«                    └───┘     └───┘                         └───┘      ║ └───┘»
«c_0: ══════════════════════════════════════════════════════════════════╩══════»
«                                                                              »
«c_1: ═════════════════════════════════════════════════════════════════════════»
«                                                                              »
«c_2: ═════════════════════════════════════════════════════════════════════════»
«                                                                              »
«c_3: ═════════════════════════════════════════════════════════════════════════»
«                                                                              »
«c_4: ═════════════════════════════════════════════════════════════════════════»
«                                                                              »
«                                                        
«q_0: ───────────────────────────────────────────────────
«               ┌─────┐     ┌─┐                          
«q_1: ───────■──┤ Sdg ├─────┤M├──────────────────────────
«     ┌───┐┌─┴─┐└┬───┬┘┌───┐└╥┘┌───┐┌───┐┌───┐┌───┐┌─┐   
«q_2: ┤ X ├┤ X ├─┤ X ├─┤ H ├─╫─┤ X ├┤ H ├┤ X ├┤ H ├┤M├───
«     └─┬─┘└───┘ └─┬─┘ └───┘ ║ └─┬─┘└───┘└─┬─┘└───┘└╥┘   
«q_3: ──┼──────────┼─────────╫───┼─────────┼────────╫────
«       │          │   ┌───┐ ║   │  ┌───┐  │  ┌───┐ ║ ┌─┐
«q_4: ──■──────────■───┤ H ├─╫───■──┤ H ├──■──┤ H ├─╫─┤M├
«                      └───┘ ║      └───┘     └───┘ ║ └╥┘
«c_0: ═══════════════════════╬══════════════════════╬══╬═
«                            ║                      ║  ║ 
«c_1: ═══════════════════════╩══════════════════════╬══╬═
«                                                   ║  ║ 
«c_2: ══════════════════════════════════════════════╩══╬═
«                                                      ║ 
«c_3: ═════════════════════════════════════════════════╬═
«                                                      ║ 
«c_4: ═════════════════════════════════════════════════╩═
«                                                         
cannot compile on compute unit {cu}
=============================== warnings summary ===============================
tst/qvm/integration/bench_test.py::TestBenchDiffBackendQvmFrpV2::test_two_bench_frp[qasm-/root/projects/QASMBench/small//error_correctiond3_n5/error_correctiond3_n5.qasm,/root/projects/QASMBench/small//ipea_n2/ipea_n2.qasm-FakeBrooklyn-4-10]
tst/qvm/integration/bench_test.py::TestBenchDiffBackendQvmFrpV2::test_two_bench_frp[qasm-/root/projects/QASMBench/small//error_correctiond3_n5/error_correctiond3_n5.qasm,/root/projects/QASMBench/small//ipea_n2/ipea_n2.qasm-FakeBrooklyn-4-10]
  /root/anaconda3/envs/qcs-noise/lib/python3.10/site-packages/qiskit/providers/fake_provider/fake_backend.py:462: PendingDeprecationWarning: "warnings" argument will be deprecated as part of the qiskit-aer 0.12.0 and subsequently removed
    noise_model = NoiseModel.from_backend(self, warnings=False)

-- Docs: https://docs.pytest.org/en/stable/how-to/capture-warnings.html
=========================== short test summary info ============================
FAILED tst/qvm/integration/bench_test.py::TestBenchDiffBackendQvmFrpV2::test_two_bench_frp[qasm-/root/projects/QASMBench/small//error_correctiond3_n5/error_correctiond3_n5.qasm,/root/projects/QASMBench/small//ipea_n2/ipea_n2.qasm-FakeBrooklyn-4-10]
=========== 1 failed, 19 deselected, 2 warnings in 313.01s (0:05:13) ===========
