Randomly selected files:
/root/projects/QASMBench/small//qec_sm_n5/qec_sm_n5.qasm,/root/projects/QASMBench/small//bb84_n8/bb84_n8.qasm
============================= test session starts ==============================
platform linux -- Python 3.10.6, pytest-7.2.0, pluggy-1.0.0
rootdir: /root/projects/qcs
plugins: anyio-3.6.2
collected 20 items / 19 deselected / 1 selected

tst/qvm/integration/bench_test.py [9.15527344e-05 1.09386444e-03 9.53674316e-07 ... 0.00000000e+00
 0.00000000e+00 0.00000000e+00]
[0. 0. 0. ... 0. 0. 0.]
[1.87873840e-04 2.40707397e-03 9.53674316e-07 ... 0.00000000e+00
 0.00000000e+00 0.00000000e+00]
[0. 0. 0. ... 0. 0. 0.]
Fid of qvm & frp	0.13850427304147891	0.20146875869762737
.

=============================== warnings summary ===============================
tst/qvm/integration/bench_test.py::TestBenchDiffBackendQvmFrpV2::test_two_bench_frp[qasm-/root/projects/QASMBench/small//qec_sm_n5/qec_sm_n5.qasm,/root/projects/QASMBench/small//bb84_n8/bb84_n8.qasm-FakeBrooklyn-4-10]
tst/qvm/integration/bench_test.py::TestBenchDiffBackendQvmFrpV2::test_two_bench_frp[qasm-/root/projects/QASMBench/small//qec_sm_n5/qec_sm_n5.qasm,/root/projects/QASMBench/small//bb84_n8/bb84_n8.qasm-FakeBrooklyn-4-10]
  /root/anaconda3/envs/qcs-noise/lib/python3.10/site-packages/qiskit/providers/fake_provider/fake_backend.py:462: PendingDeprecationWarning: "warnings" argument will be deprecated as part of the qiskit-aer 0.12.0 and subsequently removed
    noise_model = NoiseModel.from_backend(self, warnings=False)

-- Docs: https://docs.pytest.org/en/stable/how-to/capture-warnings.html
========== 1 passed, 19 deselected, 2 warnings in 1254.20s (0:20:54) ===========
