Randomly selected files:
/root/projects/QASMBench/small//qaoa_n6/qaoa_n6.qasm,/root/projects/QASMBench/small//qrng_n4/qrng_n4.qasm
============================= test session starts ==============================
platform linux -- Python 3.10.6, pytest-7.2.0, pluggy-1.0.0
rootdir: /root/projects/qcs
plugins: anyio-3.6.2
collected 20 items / 19 deselected / 1 selected

tst/qvm/integration/bench_test.py [0.00052261 0.00075531 0.00080013 ... 0.00060177 0.00063133 0.00039196]
[0.00042629 0.00063896 0.00061226 ... 0.00064278 0.00069237 0.00044727]
[0.00061417 0.00089836 0.00090504 ... 0.00060844 0.00051975 0.00035763]
[0.00040245 0.00060463 0.00062656 ... 0.00067139 0.00063229 0.00040627]
Fid of qvm & frp	0.03550239783882121	0.04233870764228187
.

=============================== warnings summary ===============================
tst/qvm/integration/bench_test.py::TestBenchDiffBackendQvmFrpV2::test_two_bench_frp[qasm-/root/projects/QASMBench/small//qaoa_n6/qaoa_n6.qasm,/root/projects/QASMBench/small//qrng_n4/qrng_n4.qasm-FakeBrooklyn-4-10]
tst/qvm/integration/bench_test.py::TestBenchDiffBackendQvmFrpV2::test_two_bench_frp[qasm-/root/projects/QASMBench/small//qaoa_n6/qaoa_n6.qasm,/root/projects/QASMBench/small//qrng_n4/qrng_n4.qasm-FakeBrooklyn-4-10]
  /root/anaconda3/envs/qcs-noise/lib/python3.10/site-packages/qiskit/providers/fake_provider/fake_backend.py:462: PendingDeprecationWarning: "warnings" argument will be deprecated as part of the qiskit-aer 0.12.0 and subsequently removed
    noise_model = NoiseModel.from_backend(self, warnings=False)

-- Docs: https://docs.pytest.org/en/stable/how-to/capture-warnings.html
=========== 1 passed, 19 deselected, 2 warnings in 64.70s (0:01:04) ============
