Randomly selected files:
/root/projects/QASMBench/small//qrng_n4/qrng_n4.qasm,/root/projects/QASMBench/small//deutsch_n2/deutsch_n2.qasm
============================= test session starts ==============================
platform linux -- Python 3.10.6, pytest-7.2.0, pluggy-1.0.0
rootdir: /root/projects/qcs
plugins: anyio-3.6.2
collected 20 items / 19 deselected / 1 selected

tst/qvm/integration/bench_test.py [0.00101662 0.00105    0.0010376  0.0010004  0.00100231 0.00099373
 0.00098801 0.00094128 0.0009861  0.00097561 0.00103664 0.00098324
 0.00101566 0.00095749 0.00097275 0.00090504 0.03244877 0.03129005
 0.03177738 0.03072071 0.03168011 0.02998543 0.03100777 0.02944565
 0.03213978 0.03046703 0.03151131 0.03016663 0.03081608 0.03012753
 0.03065968 0.02908993 0.00098705 0.00096226 0.0010519  0.00091648
 0.00100422 0.00094509 0.00096512 0.00093746 0.00101376 0.00098324
 0.00096321 0.00094509 0.00095367 0.00097847 0.00091362 0.00091362
 0.03148651 0.02988529 0.03095055 0.02942562 0.03028393 0.02931881
 0.02987289 0.02816963 0.03095245 0.02988529 0.03018284 0.02902985
 0.02976131 0.02868366 0.02957916 0.02790165]
[0.         0.         0.         0.         0.         0.
 0.         0.         0.         0.         0.         0.
 0.         0.         0.         0.         0.03117847 0.03103352
 0.03121471 0.03142357 0.03110313 0.03132915 0.0312624  0.03150177
 0.03128433 0.03143501 0.03132439 0.03142166 0.03109169 0.03089046
 0.03142452 0.03102112 0.         0.         0.         0.
 0.         0.         0.         0.         0.         0.
 0.         0.         0.         0.         0.         0.
 0.03111553 0.03113174 0.03120613 0.0314064  0.03092957 0.03084183
 0.03131294 0.03121758 0.03101158 0.03127766 0.03124714 0.03163052
 0.03150749 0.03149605 0.03133297 0.03139496]
[0.00120735 0.00117779 0.00125027 0.00112247 0.00119877 0.00118065
 0.00115681 0.00118446 0.00121498 0.00116539 0.00117397 0.00114155
 0.00116158 0.001091   0.00115585 0.00113201 0.03339672 0.03170013
 0.03183842 0.03073311 0.03168297 0.0304966  0.03072548 0.029459
 0.0320282  0.03071785 0.03070354 0.03007412 0.03081989 0.0297327
 0.029356   0.02864647 0.00122547 0.00112343 0.00122166 0.00112629
 0.00113678 0.00111866 0.00114441 0.00106144 0.00117207 0.00112534
 0.00114822 0.00104141 0.00113487 0.00105095 0.00113869 0.00102997
 0.03126049 0.03081608 0.03038406 0.02950573 0.03016472 0.02917004
 0.02946186 0.0285759  0.03026485 0.02930927 0.02929878 0.02867603
 0.02928734 0.02851772 0.02885818 0.02762318]
[0.         0.         0.         0.         0.         0.
 0.         0.         0.         0.         0.         0.
 0.         0.         0.         0.         0.03110218 0.03145695
 0.03108215 0.03126526 0.03120995 0.03132153 0.03107071 0.03124714
 0.03145409 0.03118706 0.03113842 0.03117847 0.03093243 0.03155327
 0.03140068 0.03125191 0.         0.         0.         0.
 0.         0.         0.         0.         0.         0.
 0.         0.         0.         0.         0.         0.
 0.03126431 0.03117085 0.03118515 0.03118038 0.03142452 0.03120899
 0.03133011 0.03099346 0.03153419 0.03119755 0.03113842 0.03116035
 0.03145599 0.03123856 0.0315733  0.03109169]
Fid of qvm & frp	0.032520016621945036	0.03824751387086313
.

=============================== warnings summary ===============================
tst/qvm/integration/bench_test.py::TestBenchDiffBackendQvmFrpV2::test_two_bench_frp[qasm-/root/projects/QASMBench/small//qrng_n4/qrng_n4.qasm,/root/projects/QASMBench/small//deutsch_n2/deutsch_n2.qasm-FakeBrooklyn-4-10]
tst/qvm/integration/bench_test.py::TestBenchDiffBackendQvmFrpV2::test_two_bench_frp[qasm-/root/projects/QASMBench/small//qrng_n4/qrng_n4.qasm,/root/projects/QASMBench/small//deutsch_n2/deutsch_n2.qasm-FakeBrooklyn-4-10]
  /root/anaconda3/envs/qcs-noise/lib/python3.10/site-packages/qiskit/providers/fake_provider/fake_backend.py:462: PendingDeprecationWarning: "warnings" argument will be deprecated as part of the qiskit-aer 0.12.0 and subsequently removed
    noise_model = NoiseModel.from_backend(self, warnings=False)

-- Docs: https://docs.pytest.org/en/stable/how-to/capture-warnings.html
=========== 1 passed, 19 deselected, 2 warnings in 61.82s (0:01:01) ============
