Randomly selected files:
/root/projects/QASMBench/small//hs4_n4/hs4_n4.qasm,/root/projects/QASMBench/small//basis_trotter_n4/basis_trotter_n4.qasm
============================= test session starts ==============================
platform linux -- Python 3.10.6, pytest-7.2.0, pluggy-1.0.0
rootdir: /root/projects/qcs
plugins: anyio-3.6.2
collected 20 items / 19 deselected / 1 selected

tst/qvm/integration/bench_test.py [2.23159790e-04 7.29274750e-03 5.43594360e-05 2.18391418e-04
 5.58280945e-03 1.85397148e-01 1.15585327e-03 5.98239899e-03
 3.33786011e-05 1.38759613e-03 6.67572021e-06 4.48226929e-05
 2.09808350e-04 6.31332397e-03 3.81469727e-05 2.26020813e-04
 8.96453857e-05 2.85053253e-03 5.72204590e-06 9.05990601e-05
 2.19440460e-03 7.55529404e-02 4.63485718e-04 2.41374969e-03
 1.90734863e-05 5.62667847e-04 5.72204590e-06 2.19345093e-05
 8.01086426e-05 2.46334076e-03 1.90734863e-05 7.53402710e-05
 7.72476196e-05 2.78949738e-03 1.71661377e-05 8.29696655e-05
 2.09236145e-03 6.99806213e-02 4.67300415e-04 2.20394135e-03
 1.62124634e-05 5.63621521e-04 0.00000000e+00 2.19345093e-05
 6.96182251e-05 2.31933594e-03 1.43051147e-05 8.39233398e-05
 4.57763672e-05 1.38282776e-03 1.04904175e-05 4.48226929e-05
 1.12438202e-03 3.74956131e-02 2.24113464e-04 1.17206573e-03
 1.90734863e-06 2.63214111e-04 1.90734863e-06 1.43051147e-05
 4.38690186e-05 1.22356415e-03 8.58306885e-06 3.43322754e-05
 6.29425049e-05 3.02314758e-03 1.62124634e-05 8.67843628e-05
 2.14099884e-03 7.38554001e-02 4.53948975e-04 2.42042542e-03
 1.52587891e-05 5.23567200e-04 9.53674316e-07 2.28881836e-05
 8.01086426e-05 2.37751007e-03 1.33514404e-05 7.91549683e-05
 4.29153442e-05 1.78337097e-03 1.62124634e-05 6.38961792e-05
 1.38664246e-03 4.63695526e-02 2.56538391e-04 1.55162811e-03
 7.62939453e-06 3.70979309e-04 9.53674316e-07 6.67572021e-06
 4.86373901e-05 1.51443481e-03 4.76837158e-06 4.29153442e-05
 4.29153442e-05 1.74617767e-03 1.23977661e-05 5.34057617e-05
 1.31034851e-03 4.43859100e-02 2.87055969e-04 1.43146515e-03
 9.53674316e-06 3.18527222e-04 3.81469727e-06 7.62939453e-06
 4.95910645e-05 1.51062012e-03 8.58306885e-06 4.10079956e-05
 2.67028809e-05 1.12438202e-03 6.67572021e-06 3.62396240e-05
 9.05990601e-04 2.89049149e-02 1.85966492e-04 9.47952271e-04
 4.76837158e-06 2.11715698e-04 0.00000000e+00 1.14440918e-05
 2.28881836e-05 9.71794128e-04 7.62939453e-06 2.86102295e-05
 8.58306885e-05 2.91538239e-03 2.09808350e-05 9.05990601e-05
 2.12478638e-03 7.20062256e-02 4.00543213e-04 2.33840942e-03
 2.00271606e-05 5.66482544e-04 2.86102295e-06 7.62939453e-06
 7.34329224e-05 2.43091583e-03 2.19345093e-05 8.48770142e-05
 4.38690186e-05 1.60980225e-03 1.52587891e-05 6.38961792e-05
 1.15585327e-03 4.10146713e-02 2.69889832e-04 1.37901306e-03
 6.67572021e-06 2.92778015e-04 0.00000000e+00 1.04904175e-05
 3.71932983e-05 1.38759613e-03 1.43051147e-05 4.00543213e-05
 6.58035278e-05 1.72519684e-03 4.76837158e-06 5.72204590e-05
 1.34658813e-03 4.48780060e-02 2.72750854e-04 1.47056580e-03
 1.43051147e-05 3.67164612e-04 1.90734863e-06 1.14440918e-05
 3.43322754e-05 1.51252747e-03 7.62939453e-06 3.43322754e-05
 3.05175781e-05 1.05190277e-03 7.62939453e-06 2.95639038e-05
 7.85827637e-04 2.70681381e-02 1.90734863e-04 8.77380371e-04
 9.53674316e-06 1.84059143e-04 9.53674316e-07 4.76837158e-06
 2.86102295e-05 8.94546509e-04 6.67572021e-06 3.43322754e-05
 6.48498535e-05 1.51348114e-03 6.67572021e-06 4.48226929e-05
 1.15394592e-03 3.90672684e-02 2.54631042e-04 1.26171112e-03
 7.62939453e-06 2.73704529e-04 0.00000000e+00 1.04904175e-05
 4.38690186e-05 1.33705139e-03 9.53674316e-06 4.29153442e-05
 3.43322754e-05 1.09291077e-03 1.04904175e-05 3.14712524e-05
 8.80241394e-04 2.76660919e-02 1.64031982e-04 9.35554504e-04
 7.62939453e-06 2.24113464e-04 0.00000000e+00 2.86102295e-06
 2.95639038e-05 9.33647156e-04 5.72204590e-06 1.62124634e-05
 3.81469727e-05 1.13391876e-03 1.04904175e-05 4.19616699e-05
 8.46862793e-04 2.96430588e-02 1.80244446e-04 9.57489014e-04
 6.67572021e-06 2.07901001e-04 0.00000000e+00 1.04904175e-05
 2.38418579e-05 1.00898743e-03 9.53674316e-06 4.29153442e-05
 2.76565552e-05 9.48905945e-04 8.58306885e-06 2.67028809e-05
 7.41958618e-04 2.32439041e-02 1.50680542e-04 7.53402710e-04
 4.76837158e-06 1.67846680e-04 9.53674316e-07 3.81469727e-06
 2.67028809e-05 8.08715820e-04 4.76837158e-06 2.47955322e-05]
[0. 0. 0. 0. 0. 1. 0. 0. 0. 0. 0. 0. 0. 0. 0. 0. 0. 0. 0. 0. 0. 0. 0. 0.
 0. 0. 0. 0. 0. 0. 0. 0. 0. 0. 0. 0. 0. 0. 0. 0. 0. 0. 0. 0. 0. 0. 0. 0.
 0. 0. 0. 0. 0. 0. 0. 0. 0. 0. 0. 0. 0. 0. 0. 0. 0. 0. 0. 0. 0. 0. 0. 0.
 0. 0. 0. 0. 0. 0. 0. 0. 0. 0. 0. 0. 0. 0. 0. 0. 0. 0. 0. 0. 0. 0. 0. 0.
 0. 0. 0. 0. 0. 0. 0. 0. 0. 0. 0. 0. 0. 0. 0. 0. 0. 0. 0. 0. 0. 0. 0. 0.
 0. 0. 0. 0. 0. 0. 0. 0. 0. 0. 0. 0. 0. 0. 0. 0. 0. 0. 0. 0. 0. 0. 0. 0.
 0. 0. 0. 0. 0. 0. 0. 0. 0. 0. 0. 0. 0. 0. 0. 0. 0. 0. 0. 0. 0. 0. 0. 0.
 0. 0. 0. 0. 0. 0. 0. 0. 0. 0. 0. 0. 0. 0. 0. 0. 0. 0. 0. 0. 0. 0. 0. 0.
 0. 0. 0. 0. 0. 0. 0. 0. 0. 0. 0. 0. 0. 0. 0. 0. 0. 0. 0. 0. 0. 0. 0. 0.
 0. 0. 0. 0. 0. 0. 0. 0. 0. 0. 0. 0. 0. 0. 0. 0. 0. 0. 0. 0. 0. 0. 0. 0.
 0. 0. 0. 0. 0. 0. 0. 0. 0. 0. 0. 0. 0. 0. 0. 0.]
[5.40733337e-04 1.46656036e-02 7.91549683e-05 1.84059143e-04
 6.38961792e-03 1.81905746e-01 1.05953217e-03 2.14004517e-03
 4.00543213e-05 9.16481018e-04 6.67572021e-06 7.62939453e-06
 1.25885010e-04 4.01210785e-03 1.71661377e-05 4.19616699e-05
 2.38418579e-04 6.07013702e-03 4.38690186e-05 7.24792480e-05
 2.46334076e-03 7.47671127e-02 4.20570374e-04 8.81195068e-04
 1.14440918e-05 4.28199768e-04 1.90734863e-06 6.67572021e-06
 4.95910645e-05 1.66320801e-03 4.76837158e-06 2.38418579e-05
 2.02178955e-04 5.70392609e-03 3.33786011e-05 6.19888306e-05
 2.35557556e-03 6.89811707e-02 4.20570374e-04 8.49723816e-04
 1.33514404e-05 3.38554382e-04 0.00000000e+00 5.72204590e-06
 4.76837158e-05 1.50203705e-03 1.04904175e-05 1.14440918e-05
 1.01089478e-04 2.94780731e-03 1.14440918e-05 2.67028809e-05
 1.25026703e-03 3.70187759e-02 2.20298767e-04 4.46319580e-04
 3.81469727e-06 2.00271606e-04 9.53674316e-07 2.86102295e-06
 2.00271606e-05 8.40187073e-04 7.62939453e-06 1.04904175e-05
 2.26020813e-04 5.98239899e-03 3.62396240e-05 6.48498535e-05
 2.46238708e-03 7.29513168e-02 4.33921814e-04 8.44001770e-04
 1.23977661e-05 3.63349915e-04 1.90734863e-06 3.81469727e-06
 5.43594360e-05 1.59645081e-03 1.33514404e-05 2.28881836e-05
 1.17301941e-04 4.01973724e-03 1.81198120e-05 4.00543213e-05
 1.60789490e-03 4.91294861e-02 2.75611877e-04 5.76972961e-04
 1.04904175e-05 2.73704529e-04 0.00000000e+00 1.90734863e-06
 4.29153442e-05 1.07192993e-03 7.62939453e-06 1.33514404e-05
 1.00135803e-04 3.37791443e-03 1.23977661e-05 4.19616699e-05
 1.39522552e-03 4.13427353e-02 2.41279602e-04 4.85420227e-04
 1.14440918e-05 2.36511230e-04 1.90734863e-06 3.81469727e-06
 2.95639038e-05 9.21249390e-04 3.81469727e-06 1.23977661e-05
 7.53402710e-05 2.30121613e-03 9.53674316e-06 2.00271606e-05
 1.05857849e-03 2.87408829e-02 1.67846680e-04 3.57627869e-04
 6.67572021e-06 1.42097473e-04 9.53674316e-07 2.86102295e-06
 1.71661377e-05 5.96046448e-04 2.86102295e-06 7.62939453e-06
 2.21252441e-04 5.85269928e-03 3.33786011e-05 6.86645508e-05
 2.48527527e-03 7.07950592e-02 4.24385071e-04 8.17298889e-04
 1.43051147e-05 3.95774841e-04 1.90734863e-06 2.86102295e-06
 5.62667847e-05 1.62601471e-03 9.53674316e-06 1.14440918e-05
 1.13487244e-04 3.21388245e-03 2.57492065e-05 3.52859497e-05
 1.38378143e-03 3.88727188e-02 2.43186951e-04 4.66346741e-04
 5.72204590e-06 2.28881836e-04 9.53674316e-07 1.90734863e-06
 2.47955322e-05 8.20159912e-04 7.62939453e-06 1.04904175e-05
 1.34468079e-04 3.76510620e-03 2.76565552e-05 4.76837158e-05
 1.56116486e-03 4.69093323e-02 2.81333923e-04 5.28335571e-04
 2.86102295e-06 2.34603882e-04 0.00000000e+00 5.72204590e-06
 2.86102295e-05 1.03187561e-03 6.67572021e-06 8.58306885e-06
 6.58035278e-05 2.25925446e-03 8.58306885e-06 2.57492065e-05
 9.18388367e-04 2.69622803e-02 1.38282776e-04 3.02314758e-04
 4.76837158e-06 1.34468079e-04 0.00000000e+00 9.53674316e-07
 1.52587891e-05 5.73158264e-04 0.00000000e+00 7.62939453e-06
 1.00135803e-04 3.18527222e-03 2.00271606e-05 2.76565552e-05
 1.32656097e-03 3.85351181e-02 2.45094299e-04 4.61578369e-04
 1.14440918e-05 1.98364258e-04 1.90734863e-06 2.86102295e-06
 2.67028809e-05 8.48770142e-04 4.76837158e-06 9.53674316e-06
 7.62939453e-05 2.33459473e-03 1.23977661e-05 3.05175781e-05
 9.46998596e-04 2.77271271e-02 1.53541565e-04 3.21388245e-04
 5.72204590e-06 1.43051147e-04 1.90734863e-06 0.00000000e+00
 2.00271606e-05 6.02722168e-04 1.90734863e-06 6.67572021e-06
 8.48770142e-05 2.46143341e-03 1.43051147e-05 2.67028809e-05
 9.79423523e-04 2.94523239e-02 1.85012817e-04 3.49998474e-04
 4.76837158e-06 1.48773193e-04 0.00000000e+00 0.00000000e+00
 1.71661377e-05 6.63757324e-04 3.81469727e-06 7.62939453e-06
 5.72204590e-05 1.81770325e-03 1.33514404e-05 2.00271606e-05
 7.99179077e-04 2.32410431e-02 1.25885010e-04 2.73704529e-04
 3.81469727e-06 1.14440918e-04 0.00000000e+00 0.00000000e+00
 1.90734863e-05 5.22613525e-04 7.62939453e-06 3.81469727e-06]
[0. 0. 0. 0. 0. 1. 0. 0. 0. 0. 0. 0. 0. 0. 0. 0. 0. 0. 0. 0. 0. 0. 0. 0.
 0. 0. 0. 0. 0. 0. 0. 0. 0. 0. 0. 0. 0. 0. 0. 0. 0. 0. 0. 0. 0. 0. 0. 0.
 0. 0. 0. 0. 0. 0. 0. 0. 0. 0. 0. 0. 0. 0. 0. 0. 0. 0. 0. 0. 0. 0. 0. 0.
 0. 0. 0. 0. 0. 0. 0. 0. 0. 0. 0. 0. 0. 0. 0. 0. 0. 0. 0. 0. 0. 0. 0. 0.
 0. 0. 0. 0. 0. 0. 0. 0. 0. 0. 0. 0. 0. 0. 0. 0. 0. 0. 0. 0. 0. 0. 0. 0.
 0. 0. 0. 0. 0. 0. 0. 0. 0. 0. 0. 0. 0. 0. 0. 0. 0. 0. 0. 0. 0. 0. 0. 0.
 0. 0. 0. 0. 0. 0. 0. 0. 0. 0. 0. 0. 0. 0. 0. 0. 0. 0. 0. 0. 0. 0. 0. 0.
 0. 0. 0. 0. 0. 0. 0. 0. 0. 0. 0. 0. 0. 0. 0. 0. 0. 0. 0. 0. 0. 0. 0. 0.
 0. 0. 0. 0. 0. 0. 0. 0. 0. 0. 0. 0. 0. 0. 0. 0. 0. 0. 0. 0. 0. 0. 0. 0.
 0. 0. 0. 0. 0. 0. 0. 0. 0. 0. 0. 0. 0. 0. 0. 0. 0. 0. 0. 0. 0. 0. 0. 0.
 0. 0. 0. 0. 0. 0. 0. 0. 0. 0. 0. 0. 0. 0. 0. 0.]
Fid of qvm & frp	1.6852550082107385	1.7042666026433615
.

=============================== warnings summary ===============================
tst/qvm/integration/bench_test.py::TestBenchDiffBackendQvmFrpV2::test_two_bench_frp[qasm-/root/projects/QASMBench/small//hs4_n4/hs4_n4.qasm,/root/projects/QASMBench/small//basis_trotter_n4/basis_trotter_n4.qasm-FakeBrooklyn-4-10]
tst/qvm/integration/bench_test.py::TestBenchDiffBackendQvmFrpV2::test_two_bench_frp[qasm-/root/projects/QASMBench/small//hs4_n4/hs4_n4.qasm,/root/projects/QASMBench/small//basis_trotter_n4/basis_trotter_n4.qasm-FakeBrooklyn-4-10]
  /root/anaconda3/envs/qcs-noise/lib/python3.10/site-packages/qiskit/providers/fake_provider/fake_backend.py:462: PendingDeprecationWarning: "warnings" argument will be deprecated as part of the qiskit-aer 0.12.0 and subsequently removed
    noise_model = NoiseModel.from_backend(self, warnings=False)

-- Docs: https://docs.pytest.org/en/stable/how-to/capture-warnings.html
=========== 1 passed, 19 deselected, 2 warnings in 100.92s (0:01:40) ===========
