Randomly selected files:
/root/projects/QASMBench/small//qrng_n4/qrng_n4.qasm,/root/projects/QASMBench/small//iswap_n2/iswap_n2.qasm
============================= test session starts ==============================
platform linux -- Python 3.10.6, pytest-7.2.0, pluggy-1.0.0
rootdir: /root/projects/qcs
plugins: anyio-3.6.2
collected 20 items / 19 deselected / 1 selected

tst/qvm/integration/bench_test.py [0.0019722  0.00189972 0.0019474  0.00183487 0.00185776 0.00174236
 0.00181007 0.00174713 0.00187302 0.00183868 0.00187302 0.00185013
 0.00186443 0.00180912 0.00178337 0.00170708 0.00024033 0.00021076
 0.00019169 0.00019836 0.00024414 0.00020313 0.00021267 0.00020885
 0.00021172 0.00022411 0.00022507 0.0001936  0.00023365 0.00022984
 0.00022984 0.00022507 0.06336117 0.0603466  0.061656   0.05914879
 0.06058788 0.05826473 0.05933857 0.05695152 0.06223583 0.0594101
 0.06104565 0.05838585 0.0600481  0.05708313 0.05871391 0.05627537
 0.00092983 0.00091457 0.00090313 0.00093365 0.00091743 0.00086308
 0.00089169 0.00086212 0.00092506 0.000844   0.00092983 0.00083256
 0.00090122 0.0008812  0.00083351 0.00089073]
[0.         0.         0.         0.         0.         0.
 0.         0.         0.         0.         0.         0.
 0.         0.         0.         0.         0.         0.
 0.         0.         0.         0.         0.         0.
 0.         0.         0.         0.         0.         0.
 0.         0.         0.06233025 0.06236839 0.06247044 0.06257057
 0.06268883 0.06249332 0.06263351 0.06266308 0.06245708 0.06248856
 0.06209564 0.06242085 0.06233597 0.06268501 0.06283092 0.06246758
 0.         0.         0.         0.         0.         0.
 0.         0.         0.         0.         0.         0.
 0.         0.         0.         0.        ]
[0.00191498 0.00190258 0.00186348 0.00178814 0.00186729 0.001791
 0.0017128  0.0017643  0.00183582 0.00183296 0.00182056 0.00170326
 0.00180435 0.00179958 0.00171375 0.00170803 0.0002985  0.00026321
 0.00027657 0.000247   0.00024414 0.00026989 0.00024605 0.00024414
 0.0002594  0.00027466 0.00024796 0.00025749 0.00026894 0.00025177
 0.00026798 0.0002594  0.06316566 0.06132889 0.06215954 0.05931473
 0.0607872  0.05911922 0.05950928 0.05719852 0.06159973 0.05989647
 0.05949974 0.05742264 0.05901146 0.05731773 0.05787182 0.05523872
 0.00111008 0.00104141 0.00108242 0.00101471 0.00107956 0.00107193
 0.00111389 0.00096703 0.00103855 0.00103474 0.00101757 0.00104427
 0.00103569 0.00098133 0.00097275 0.00095272]
[0.         0.         0.         0.         0.         0.
 0.         0.         0.         0.         0.         0.
 0.         0.         0.         0.         0.         0.
 0.         0.         0.         0.         0.         0.
 0.         0.         0.         0.         0.         0.
 0.         0.         0.06256771 0.0627718  0.06248379 0.06228828
 0.06245422 0.06230927 0.06282616 0.06240082 0.06229115 0.06236362
 0.06259155 0.06254387 0.06264973 0.0625248  0.06219959 0.06273365
 0.         0.         0.         0.         0.         0.
 0.         0.         0.         0.         0.         0.
 0.         0.         0.         0.        ]
Fid of qvm & frp	0.04884754557676432	0.05141943942274607
.

=============================== warnings summary ===============================
tst/qvm/integration/bench_test.py::TestBenchDiffBackendQvmFrpV2::test_two_bench_frp[qasm-/root/projects/QASMBench/small//qrng_n4/qrng_n4.qasm,/root/projects/QASMBench/small//iswap_n2/iswap_n2.qasm-FakeBrooklyn-4-10]
tst/qvm/integration/bench_test.py::TestBenchDiffBackendQvmFrpV2::test_two_bench_frp[qasm-/root/projects/QASMBench/small//qrng_n4/qrng_n4.qasm,/root/projects/QASMBench/small//iswap_n2/iswap_n2.qasm-FakeBrooklyn-4-10]
  /root/anaconda3/envs/qcs-noise/lib/python3.10/site-packages/qiskit/providers/fake_provider/fake_backend.py:462: PendingDeprecationWarning: "warnings" argument will be deprecated as part of the qiskit-aer 0.12.0 and subsequently removed
    noise_model = NoiseModel.from_backend(self, warnings=False)

-- Docs: https://docs.pytest.org/en/stable/how-to/capture-warnings.html
=========== 1 passed, 19 deselected, 2 warnings in 61.64s (0:01:01) ============
