Randomly selected files:
/root/projects/QASMBench/small//cat_state_n4/cat_state_n4.qasm,/root/projects/QASMBench/small//qft_n4/qft_n4.qasm
============================= test session starts ==============================
platform linux -- Python 3.10.6, pytest-7.2.0, pluggy-1.0.0
rootdir: /root/projects/qcs
plugins: anyio-3.6.2
collected 20 items / 19 deselected / 1 selected

tst/qvm/integration/bench_test.py [3.34329605e-02 5.97953796e-04 2.25067139e-04 2.73704529e-04
 3.35693359e-04 4.48226929e-05 3.52859497e-05 9.85145569e-04
 6.99996948e-04 3.43322754e-05 3.24249268e-05 7.82012939e-04
 1.44004822e-04 1.01566315e-03 1.13964081e-03 3.11746597e-02
 3.10945511e-02 5.91278076e-04 1.96456909e-04 2.48908997e-04
 2.94685364e-04 2.95639038e-05 3.52859497e-05 9.77516174e-04
 6.38961792e-04 4.10079956e-05 2.67028809e-05 7.38143921e-04
 1.29699707e-04 9.49859619e-04 9.60350037e-04 2.85396576e-02
 3.14121246e-02 5.36918640e-04 2.17437744e-04 2.76565552e-04
 3.05175781e-04 4.29153442e-05 3.62396240e-05 9.75608826e-04
 6.25610352e-04 3.62396240e-05 2.67028809e-05 7.42912292e-04
 1.25885010e-04 9.37461853e-04 1.05857849e-03 2.89859772e-02
 2.91862488e-02 5.35964966e-04 1.70707703e-04 2.22206116e-04
 2.98500061e-04 2.95639038e-05 2.76565552e-05 8.91685486e-04
 5.78880310e-04 2.67028809e-05 2.57492065e-05 6.93321228e-04
 1.18255615e-04 8.63075256e-04 9.51766968e-04 2.66313553e-02
 3.11975479e-02 5.95092773e-04 1.99317932e-04 2.24113464e-04
 2.96592712e-04 3.81469727e-05 3.62396240e-05 9.53674316e-04
 6.90460205e-04 4.86373901e-05 3.14712524e-05 7.34329224e-04
 1.18255615e-04 9.28878784e-04 9.85145569e-04 2.88038254e-02
 2.86245346e-02 5.12123108e-04 1.98364258e-04 2.17437744e-04
 2.86102295e-04 3.24249268e-05 4.00543213e-05 8.84056091e-04
 6.02722168e-04 2.67028809e-05 2.28881836e-05 6.94274902e-04
 1.13487244e-04 8.90731812e-04 9.16481018e-04 2.65283585e-02
 2.90908813e-02 5.49316406e-04 1.73568726e-04 2.31742859e-04
 2.99453735e-04 4.67300415e-05 3.71932983e-05 9.07897949e-04
 6.14166260e-04 3.62396240e-05 3.62396240e-05 6.66618347e-04
 1.17301941e-04 8.53538513e-04 9.45091248e-04 2.70099640e-02
 2.69718170e-02 5.14030457e-04 1.89781189e-04 2.03132629e-04
 2.44140625e-04 3.62396240e-05 2.86102295e-05 8.08715820e-04
 5.65528870e-04 3.33786011e-05 3.14712524e-05 5.79833984e-04
 1.12533569e-04 8.02993774e-04 8.85009766e-04 2.46982574e-02
 3.25756073e-02 5.90324402e-04 2.02178955e-04 2.69889832e-04
 3.11851501e-04 3.14712524e-05 3.05175781e-05 9.95635986e-04
 7.04765320e-04 4.19616699e-05 3.24249268e-05 7.61032104e-04
 1.07765198e-04 1.03664398e-03 1.06239319e-03 2.97508240e-02
 3.02238464e-02 5.33103943e-04 1.86920166e-04 2.21252441e-04
 2.98500061e-04 3.14712524e-05 3.43322754e-05 9.37461853e-04
 6.60896301e-04 2.86102295e-05 1.90734863e-05 7.00950623e-04
 1.25885010e-04 9.50813293e-04 9.32693481e-04 2.74772644e-02
 3.01227570e-02 5.50270081e-04 2.08854675e-04 2.40325928e-04
 3.09944153e-04 4.57763672e-05 4.00543213e-05 9.59396362e-04
 6.63757324e-04 4.95910645e-05 2.47955322e-05 7.27653503e-04
 1.08718872e-04 8.80241394e-04 1.02424622e-03 2.79808044e-02
 2.80694962e-02 5.18798828e-04 1.81198120e-04 2.26020813e-04
 2.65121460e-04 3.33786011e-05 3.33786011e-05 8.73565674e-04
 5.76019287e-04 3.71932983e-05 3.52859497e-05 6.33239746e-04
 1.05857849e-04 8.54492188e-04 9.01222229e-04 2.60448456e-02
 3.01065445e-02 5.89370728e-04 1.89781189e-04 2.14576721e-04
 3.10897827e-04 3.33786011e-05 3.52859497e-05 9.45091248e-04
 6.37054443e-04 3.52859497e-05 3.43322754e-05 6.99043274e-04
 1.29699707e-04 9.25064087e-04 9.56535339e-04 2.77538300e-02
 2.75259018e-02 5.08308411e-04 1.68800354e-04 2.16484070e-04
 2.64167786e-04 3.71932983e-05 3.43322754e-05 8.30650330e-04
 6.23703003e-04 3.91006470e-05 2.95639038e-05 6.38961792e-04
 1.13487244e-04 8.44001770e-04 8.34465027e-04 2.53782272e-02
 2.82220840e-02 5.01632690e-04 1.59263611e-04 2.32696533e-04
 2.69889832e-04 3.52859497e-05 3.52859497e-05 8.41140747e-04
 6.32286072e-04 4.38690186e-05 2.09808350e-05 6.83784485e-04
 1.09672546e-04 8.67843628e-04 9.71794128e-04 2.59284973e-02
 2.56986618e-02 4.62532043e-04 1.65939331e-04 2.01225281e-04
 2.40325928e-04 2.28881836e-05 3.43322754e-05 8.26835632e-04
 5.70297241e-04 2.95639038e-05 2.67028809e-05 6.07490540e-04
 1.02996826e-04 7.65800476e-04 8.47816467e-04 2.41289139e-02]
[0.03081703 0.         0.         0.         0.         0.
 0.         0.         0.         0.         0.         0.
 0.         0.         0.         0.0315733  0.03137875 0.
 0.         0.         0.         0.         0.         0.
 0.         0.         0.         0.         0.         0.
 0.         0.03102112 0.0316     0.         0.         0.
 0.         0.         0.         0.         0.         0.
 0.         0.         0.         0.         0.         0.03127003
 0.03117085 0.         0.         0.         0.         0.
 0.         0.         0.         0.         0.         0.
 0.         0.         0.         0.03137589 0.03128719 0.
 0.         0.         0.         0.         0.         0.
 0.         0.         0.         0.         0.         0.
 0.         0.03116417 0.03121948 0.         0.         0.
 0.         0.         0.         0.         0.         0.
 0.         0.         0.         0.         0.         0.03138542
 0.03138542 0.         0.         0.         0.         0.
 0.         0.         0.         0.         0.         0.
 0.         0.         0.         0.03097153 0.03129196 0.
 0.         0.         0.         0.         0.         0.
 0.         0.         0.         0.         0.         0.
 0.         0.03120708 0.03118992 0.         0.         0.
 0.         0.         0.         0.         0.         0.
 0.         0.         0.         0.         0.         0.0311842
 0.03120518 0.         0.         0.         0.         0.
 0.         0.         0.         0.         0.         0.
 0.         0.         0.         0.0311718  0.0312252  0.
 0.         0.         0.         0.         0.         0.
 0.         0.         0.         0.         0.         0.
 0.         0.03159809 0.03136921 0.         0.         0.
 0.         0.         0.         0.         0.         0.
 0.         0.         0.         0.         0.         0.03138351
 0.03112984 0.         0.         0.         0.         0.
 0.         0.         0.         0.         0.         0.
 0.         0.         0.         0.03126431 0.03080368 0.
 0.         0.         0.         0.         0.         0.
 0.         0.         0.         0.         0.         0.
 0.         0.03119278 0.03114223 0.         0.         0.
 0.         0.         0.         0.         0.         0.
 0.         0.         0.         0.         0.         0.03129482
 0.03118038 0.         0.         0.         0.         0.
 0.         0.         0.         0.         0.         0.
 0.         0.         0.         0.03154564]
[3.40766907e-02 5.98907471e-04 4.80651855e-04 2.25067139e-04
 3.92913818e-04 7.82012939e-05 2.76565552e-05 8.46862793e-04
 2.98500061e-04 8.96453857e-05 2.47955322e-05 9.90867615e-04
 1.18255615e-04 2.46429443e-03 6.70433044e-04 3.02858353e-02
 3.08103561e-02 6.14166260e-04 4.24385071e-04 2.00271606e-04
 3.49998474e-04 7.24792480e-05 2.00271606e-05 7.50541687e-04
 2.91824341e-04 7.43865967e-05 2.38418579e-05 8.89778137e-04
 1.43051147e-04 2.22015381e-03 5.76972961e-04 2.71730423e-02
 3.16705704e-02 5.88417053e-04 4.56809998e-04 2.08854675e-04
 3.70979309e-04 6.58035278e-05 2.86102295e-05 7.58171082e-04
 2.59399414e-04 8.86917114e-05 1.90734863e-05 9.46998596e-04
 1.33514404e-04 2.34985352e-03 5.92231750e-04 2.84757614e-02
 2.84690857e-02 5.95092773e-04 4.31060791e-04 1.90734863e-04
 3.38554382e-04 4.95910645e-05 2.67028809e-05 6.88552856e-04
 2.40325928e-04 4.67300415e-05 2.09808350e-05 7.86781311e-04
 1.13487244e-04 2.08187103e-03 5.54084778e-04 2.51169205e-02
 3.18918228e-02 6.52313232e-04 4.36782837e-04 2.15530396e-04
 3.09944153e-04 6.19888306e-05 1.62124634e-05 7.93457031e-04
 2.88009644e-04 1.00135803e-04 2.57492065e-05 8.89778137e-04
 1.46865845e-04 2.25639343e-03 6.30378723e-04 2.84843445e-02
 2.85568237e-02 5.93185425e-04 4.19616699e-04 1.70707703e-04
 2.81333923e-04 5.24520874e-05 2.19345093e-05 6.87599182e-04
 2.34603882e-04 6.86645508e-05 2.19345093e-05 8.34465027e-04
 1.34468079e-04 2.10571289e-03 5.67436218e-04 2.53620148e-02
 2.97927856e-02 5.80787659e-04 4.30107117e-04 1.95503235e-04
 3.13758850e-04 5.53131104e-05 1.62124634e-05 6.91413879e-04
 2.45094299e-04 7.24792480e-05 2.95639038e-05 8.41140747e-04
 1.25885010e-04 2.19345093e-03 5.54084778e-04 2.61468887e-02
 2.66256332e-02 5.02586365e-04 3.60488892e-04 1.70707703e-04
 2.90870667e-04 4.48226929e-05 2.00271606e-05 6.62803650e-04
 2.20298767e-04 6.67572021e-05 2.47955322e-05 7.61985779e-04
 1.10626221e-04 1.93023682e-03 4.73976135e-04 2.34937668e-02
 3.27520370e-02 5.66482544e-04 4.57763672e-04 2.25067139e-04
 3.66210938e-04 7.82012939e-05 2.00271606e-05 7.64846802e-04
 2.76565552e-04 8.10623169e-05 1.90734863e-05 9.20295715e-04
 1.43051147e-04 2.37560272e-03 6.35147095e-04 2.91509628e-02
 2.97145844e-02 5.37872314e-04 4.47273254e-04 2.05993652e-04
 3.49998474e-04 5.34057617e-05 1.81198120e-05 7.35282898e-04
 2.67028809e-04 7.91549683e-05 1.71661377e-05 7.81059265e-04
 1.30653381e-04 2.11143494e-03 5.69343567e-04 2.62165070e-02
 3.09209824e-02 5.87463379e-04 4.52995300e-04 1.90734863e-04
 3.33786011e-04 7.82012939e-05 1.71661377e-05 7.70568848e-04
 2.66075134e-04 7.62939453e-05 2.47955322e-05 8.77380371e-04
 1.26838684e-04 2.23541260e-03 5.74111938e-04 2.74200439e-02
 2.78081894e-02 5.23567200e-04 4.04357910e-04 1.92642212e-04
 3.35693359e-04 6.48498535e-05 2.00271606e-05 6.63757324e-04
 2.27928162e-04 7.34329224e-05 2.09808350e-05 7.59124756e-04
 1.05857849e-04 1.94072723e-03 5.50270081e-04 2.45084763e-02
 3.07350159e-02 5.67436218e-04 4.42504883e-04 2.09808350e-04
 3.68118286e-04 5.62667847e-05 2.19345093e-05 7.55310059e-04
 2.57492065e-04 8.10623169e-05 2.28881836e-05 8.44955444e-04
 1.16348267e-04 2.24399567e-03 5.74111938e-04 2.70767212e-02
 2.76575089e-02 5.10215759e-04 3.92913818e-04 2.10762024e-04
 3.04222107e-04 5.53131104e-05 2.28881836e-05 6.68525696e-04
 2.43186951e-04 7.05718994e-05 2.00271606e-05 7.53402710e-04
 1.19209290e-04 1.93691254e-03 5.35011292e-04 2.44235992e-02
 2.89344788e-02 6.01768494e-04 4.33921814e-04 2.02178955e-04
 2.73704529e-04 6.86645508e-05 1.62124634e-05 7.13348389e-04
 2.42233276e-04 6.38961792e-05 1.62124634e-05 8.26835632e-04
 1.42097473e-04 2.07710266e-03 5.53131104e-04 2.55393982e-02
 2.58970261e-02 4.84466553e-04 3.90052795e-04 1.59263611e-04
 3.07083130e-04 5.24520874e-05 1.71661377e-05 6.18934631e-04
 2.17437744e-04 7.05718994e-05 2.09808350e-05 7.57217407e-04
 1.05857849e-04 1.91688538e-03 4.85420227e-04 2.28490829e-02]
[0.03129005 0.         0.         0.         0.         0.
 0.         0.         0.         0.         0.         0.
 0.         0.         0.         0.03138065 0.03122997 0.
 0.         0.         0.         0.         0.         0.
 0.         0.         0.         0.         0.         0.
 0.         0.03162098 0.03124619 0.         0.         0.
 0.         0.         0.         0.         0.         0.
 0.         0.         0.         0.         0.         0.03135681
 0.03115368 0.         0.         0.         0.         0.
 0.         0.         0.         0.         0.         0.
 0.         0.         0.         0.03090191 0.03102303 0.
 0.         0.         0.         0.         0.         0.
 0.         0.         0.         0.         0.         0.
 0.         0.03145885 0.03125477 0.         0.         0.
 0.         0.         0.         0.         0.         0.
 0.         0.         0.         0.         0.         0.03121185
 0.03094387 0.         0.         0.         0.         0.
 0.         0.         0.         0.         0.         0.
 0.         0.         0.         0.03114033 0.03135967 0.
 0.         0.         0.         0.         0.         0.
 0.         0.         0.         0.         0.         0.
 0.         0.03121948 0.03138542 0.         0.         0.
 0.         0.         0.         0.         0.         0.
 0.         0.         0.         0.         0.         0.03138161
 0.03137112 0.         0.         0.         0.         0.
 0.         0.         0.         0.         0.         0.
 0.         0.         0.         0.03143215 0.03120136 0.
 0.         0.         0.         0.         0.         0.
 0.         0.         0.         0.         0.         0.
 0.         0.0315237  0.03129768 0.         0.         0.
 0.         0.         0.         0.         0.         0.
 0.         0.         0.         0.         0.         0.03139687
 0.03098202 0.         0.         0.         0.         0.
 0.         0.         0.         0.         0.         0.
 0.         0.         0.         0.03130341 0.03144836 0.
 0.         0.         0.         0.         0.         0.
 0.         0.         0.         0.         0.         0.
 0.         0.03102684 0.0312767  0.         0.         0.
 0.         0.         0.         0.         0.         0.
 0.         0.         0.         0.         0.         0.03099155
 0.03105068 0.         0.         0.         0.         0.
 0.         0.         0.         0.         0.         0.
 0.         0.         0.         0.03113842]
Fid of qvm & frp	0.09706271987926926	0.11215856505650615
.

=============================== warnings summary ===============================
tst/qvm/integration/bench_test.py::TestBenchDiffBackendQvmFrpV2::test_two_bench_frp[qasm-/root/projects/QASMBench/small//cat_state_n4/cat_state_n4.qasm,/root/projects/QASMBench/small//qft_n4/qft_n4.qasm-FakeBrooklyn-4-10]
tst/qvm/integration/bench_test.py::TestBenchDiffBackendQvmFrpV2::test_two_bench_frp[qasm-/root/projects/QASMBench/small//cat_state_n4/cat_state_n4.qasm,/root/projects/QASMBench/small//qft_n4/qft_n4.qasm-FakeBrooklyn-4-10]
  /root/anaconda3/envs/qcs-noise/lib/python3.10/site-packages/qiskit/providers/fake_provider/fake_backend.py:462: PendingDeprecationWarning: "warnings" argument will be deprecated as part of the qiskit-aer 0.12.0 and subsequently removed
    noise_model = NoiseModel.from_backend(self, warnings=False)

-- Docs: https://docs.pytest.org/en/stable/how-to/capture-warnings.html
=========== 1 passed, 19 deselected, 2 warnings in 65.51s (0:01:05) ============
