Randomly selected files:
/root/projects/QASMBench/small//teleportation_n3/teleportation_n3.qasm,/root/projects/QASMBench/small//linearsolver_n3/linearsolver_n3.qasm
============================= test session starts ==============================
platform linux -- Python 3.10.6, pytest-7.2.0, pluggy-1.0.0
rootdir: /root/projects/qcs
plugins: anyio-3.6.2
collected 20 items / 19 deselected / 1 selected

tst/qvm/integration/bench_test.py [2.02140808e-02 1.98564529e-02 4.08840179e-03 3.99780273e-03
 4.36401367e-03 4.29630280e-03 1.92556381e-02 1.87387466e-02
 1.54733658e-02 1.53360367e-02 3.13091278e-03 3.20053101e-03
 3.47423553e-03 3.34644318e-03 1.47008896e-02 1.42879486e-02
 1.12056732e-03 1.07192993e-03 1.90734863e-04 1.85012817e-04
 2.26974487e-04 2.24113464e-04 1.06430054e-03 1.02710724e-03
 8.17298889e-04 7.67707825e-04 1.68800354e-04 1.64031982e-04
 1.84059143e-04 1.64031982e-04 7.14302063e-04 7.26699829e-04
 1.67005539e-01 1.63655281e-01 3.42760086e-02 3.33700180e-02
 3.62119675e-02 3.55901718e-02 1.57353401e-01 1.53656960e-01
 5.36251068e-03 5.13362885e-03 1.04618073e-03 1.06525421e-03
 1.15776062e-03 1.10721588e-03 4.91142273e-03 4.92286682e-03
 2.61974335e-03 2.55393982e-03 5.75065613e-04 5.13076782e-04
 5.95092773e-04 5.75065613e-04 2.58350372e-03 2.48432159e-03
 1.07288361e-03 1.06811523e-03 2.12669373e-04 2.30789185e-04
 2.06947327e-04 2.26020813e-04 1.04999542e-03 1.02710724e-03]
[0.01595497 0.01589775 0.00283146 0.00279427 0.00284481 0.00279236
 0.01600361 0.01631546 0.01584053 0.01589584 0.00279617 0.0028162
 0.00269318 0.00274849 0.01618099 0.01582527 0.         0.
 0.         0.         0.         0.         0.         0.
 0.         0.         0.         0.         0.         0.
 0.         0.         0.18057156 0.17944145 0.03082657 0.03093624
 0.03080845 0.03113747 0.17942905 0.1797781  0.00149345 0.00138474
 0.00024414 0.00025272 0.00025845 0.00026703 0.00146389 0.00147533
 0.         0.         0.         0.         0.         0.
 0.         0.         0.         0.         0.         0.
 0.         0.         0.         0.        ]
[2.03332901e-02 1.96027756e-02 3.97491455e-03 3.90434265e-03
 4.31823730e-03 4.27627563e-03 1.96657181e-02 1.90601349e-02
 1.54199600e-02 1.50566101e-02 3.03363800e-03 2.90489197e-03
 3.33881378e-03 3.31974030e-03 1.49526596e-02 1.43079758e-02
 9.85145569e-04 9.02175903e-04 1.81198120e-04 1.76429749e-04
 1.95503235e-04 1.65939331e-04 8.55445862e-04 8.44001770e-04
 6.48498535e-04 5.99861145e-04 1.19209290e-04 1.10626221e-04
 1.57356262e-04 1.36375427e-04 6.20841980e-04 5.98907471e-04
 1.67580605e-01 1.62705421e-01 3.25670242e-02 3.18651199e-02
 3.61557007e-02 3.48205566e-02 1.61697388e-01 1.57146454e-01
 5.29670715e-03 5.29193878e-03 1.02996826e-03 9.96589661e-04
 1.19686127e-03 1.07383728e-03 5.15174866e-03 4.90951538e-03
 2.43568420e-03 2.37846375e-03 4.90188599e-04 4.40597534e-04
 5.35011292e-04 5.10215759e-04 2.30598450e-03 2.29930878e-03
 9.12666321e-04 9.39369202e-04 1.64985657e-04 1.67846680e-04
 2.00271606e-04 1.90734863e-04 9.02175903e-04 8.73565674e-04]
[0.01638603 0.01598549 0.00270653 0.0027914  0.00273323 0.0028019
 0.0159626  0.01598644 0.01615715 0.01578331 0.00275421 0.00274277
 0.00271511 0.00277138 0.0161314  0.015975   0.         0.
 0.         0.         0.         0.         0.         0.
 0.         0.         0.         0.         0.         0.
 0.         0.         0.17953014 0.17921638 0.03111935 0.03109741
 0.03079033 0.03098774 0.18029976 0.17991924 0.00136757 0.0013895
 0.0002594  0.00026321 0.00026226 0.0002203  0.00143337 0.00146008
 0.         0.         0.         0.         0.         0.
 0.         0.         0.         0.         0.         0.
 0.         0.         0.         0.        ]
Fid of qvm & frp	0.04411236696373756	0.03981415008120703
.

=============================== warnings summary ===============================
tst/qvm/integration/bench_test.py::TestBenchDiffBackendQvmFrpV2::test_two_bench_frp[qasm-/root/projects/QASMBench/small//teleportation_n3/teleportation_n3.qasm,/root/projects/QASMBench/small//linearsolver_n3/linearsolver_n3.qasm-FakeBrooklyn-4-10]
tst/qvm/integration/bench_test.py::TestBenchDiffBackendQvmFrpV2::test_two_bench_frp[qasm-/root/projects/QASMBench/small//teleportation_n3/teleportation_n3.qasm,/root/projects/QASMBench/small//linearsolver_n3/linearsolver_n3.qasm-FakeBrooklyn-4-10]
  /root/anaconda3/envs/qcs-noise/lib/python3.10/site-packages/qiskit/providers/fake_provider/fake_backend.py:462: PendingDeprecationWarning: "warnings" argument will be deprecated as part of the qiskit-aer 0.12.0 and subsequently removed
    noise_model = NoiseModel.from_backend(self, warnings=False)

-- Docs: https://docs.pytest.org/en/stable/how-to/capture-warnings.html
=========== 1 passed, 19 deselected, 2 warnings in 61.64s (0:01:01) ============
