Randomly selected files:
/root/projects/QASMBench/small//linearsolver_n3/linearsolver_n3.qasm,/root/projects/QASMBench/small//qaoa_n3/qaoa_n3.qasm
============================= test session starts ==============================
platform linux -- Python 3.10.6, pytest-7.2.0, pluggy-1.0.0
rootdir: /root/projects/qcs
plugins: anyio-3.6.2
collected 20 items / 19 deselected / 1 selected

tst/qvm/integration/bench_test.py [1.96847916e-02 1.61724091e-02 6.40869141e-04 8.16345215e-04
 1.75143242e-01 5.60379028e-03 2.08663940e-03 1.32274628e-03
 9.25636292e-03 7.70664215e-03 3.00407410e-04 3.40461731e-04
 8.44736099e-02 2.60829926e-03 9.69886780e-04 6.42776489e-04
 9.97924805e-03 8.29505920e-03 3.05175781e-04 4.03404236e-04
 8.88738632e-02 2.79331207e-03 1.03664398e-03 6.76155090e-04
 1.82151794e-02 1.51262283e-02 5.73158264e-04 6.97135925e-04
 1.62424088e-01 5.12504578e-03 1.89113617e-03 1.29985809e-03
 4.48036194e-03 3.72505188e-03 1.29699707e-04 1.74522400e-04
 4.03862000e-02 1.30081177e-03 4.55856323e-04 3.01361084e-04
 1.12848282e-02 9.35173035e-03 3.85284424e-04 4.39643860e-04
 1.00892067e-01 3.27587128e-03 1.22356415e-03 7.57217407e-04
 1.19419098e-02 9.86766815e-03 4.01496887e-04 4.26292419e-04
 1.06138229e-01 3.41510773e-03 1.21688843e-03 7.99179077e-04
 3.64398956e-03 3.06606293e-03 1.03950500e-04 1.49726868e-04
 3.31430435e-02 1.03473663e-03 3.94821167e-04 2.08854675e-04]
[0.01696491 0.01702976 0.         0.         0.19051361 0.00154781
 0.         0.         0.00716686 0.00726509 0.         0.
 0.08118343 0.00058365 0.         0.         0.00736904 0.00726414
 0.         0.         0.08148766 0.0007143  0.         0.
 0.01672268 0.01718521 0.         0.         0.19080257 0.00152016
 0.         0.         0.00273228 0.00275993 0.         0.
 0.03082085 0.00025654 0.         0.         0.01055431 0.01045227
 0.         0.         0.11834335 0.00090599 0.         0.
 0.01051426 0.01069355 0.         0.         0.11894035 0.00089455
 0.         0.         0.00281048 0.00283146 0.         0.
 0.03092957 0.00023937 0.         0.        ]
[2.11143494e-02 1.55696869e-02 4.44412231e-04 4.24385071e-04
 1.72370911e-01 4.54235077e-03 2.39944458e-03 8.66889954e-04
 1.05352402e-02 7.66658783e-03 2.32696533e-04 2.46047974e-04
 8.59203339e-02 2.18677521e-03 1.20067596e-03 4.45365906e-04
 1.01432800e-02 7.63130188e-03 2.14576721e-04 2.23159790e-04
 8.35523605e-02 2.29072571e-03 1.18064880e-03 3.91006470e-04
 1.99937820e-02 1.47857666e-02 4.06265259e-04 4.25338745e-04
 1.62497520e-01 4.19521332e-03 2.28977203e-03 8.15391541e-04
 5.22804260e-03 3.74126434e-03 1.16348267e-04 1.07765198e-04
 4.12855148e-02 1.03950500e-03 5.62667847e-04 1.95503235e-04
 1.30281448e-02 9.75799561e-03 2.50816345e-04 3.28063965e-04
 1.05629921e-01 2.87246704e-03 1.52873993e-03 5.30242920e-04
 1.30453110e-02 9.39178467e-03 2.66075134e-04 2.89916992e-04
 1.05276108e-01 2.77233124e-03 1.46007538e-03 5.58853149e-04
 4.14371490e-03 3.14807892e-03 8.39233398e-05 9.15527344e-05
 3.45287323e-02 8.87870789e-04 4.73022461e-04 1.77383423e-04]
[0.01702499 0.01683807 0.         0.         0.19154549 0.0015049
 0.         0.         0.00720882 0.0072813  0.         0.
 0.08136082 0.00062752 0.         0.         0.00721741 0.00729465
 0.         0.         0.08149147 0.00063324 0.         0.
 0.01677608 0.01679325 0.         0.         0.19057369 0.00152874
 0.         0.         0.00283241 0.00288868 0.         0.
 0.03082943 0.00026989 0.         0.         0.01042271 0.01055813
 0.         0.         0.11842537 0.00087738 0.         0.
 0.01058865 0.01047897 0.         0.         0.11825466 0.00091457
 0.         0.         0.00282288 0.00281334 0.         0.
 0.03107738 0.00024509 0.         0.        ]
Fid of qvm & frp	0.04009795503234165	0.03609379404993786
.

=============================== warnings summary ===============================
tst/qvm/integration/bench_test.py::TestBenchDiffBackendQvmFrpV2::test_two_bench_frp[qasm-/root/projects/QASMBench/small//linearsolver_n3/linearsolver_n3.qasm,/root/projects/QASMBench/small//qaoa_n3/qaoa_n3.qasm-FakeBrooklyn-4-10]
tst/qvm/integration/bench_test.py::TestBenchDiffBackendQvmFrpV2::test_two_bench_frp[qasm-/root/projects/QASMBench/small//linearsolver_n3/linearsolver_n3.qasm,/root/projects/QASMBench/small//qaoa_n3/qaoa_n3.qasm-FakeBrooklyn-4-10]
  /root/anaconda3/envs/qcs-noise/lib/python3.10/site-packages/qiskit/providers/fake_provider/fake_backend.py:462: PendingDeprecationWarning: "warnings" argument will be deprecated as part of the qiskit-aer 0.12.0 and subsequently removed
    noise_model = NoiseModel.from_backend(self, warnings=False)

-- Docs: https://docs.pytest.org/en/stable/how-to/capture-warnings.html
=========== 1 passed, 19 deselected, 2 warnings in 62.81s (0:01:02) ============
