============================= test session starts ==============================
platform linux -- Python 3.10.6, pytest-7.2.0, pluggy-1.0.0
rootdir: /root/projects/qcs
collected 13 items / 12 deselected / 1 selected

tst/qdao/engine.py 
::::::::::::::::::Config::::::::::::::::::

NQ::	27
NP::	25
NL::	22

::::::::::::::::::Config::::::::::::::::::

Warning: Operations gate may be not supported by QuantumCircuit class currently.
Partial simulation consumes time: 12.55878496170044
Partial simulation consumes time: 11.637749433517456
Partial simulation consumes time: 12.65739893913269
Partial simulation consumes time: 11.949465274810791
Partial simulation consumes time: 0.48371291160583496
Partial simulation consumes time: 0.6917695999145508
Partial simulation consumes time: 0.6312251091003418
Partial simulation consumes time: 0.5707945823669434
Qdao runs:	63.00865817070007
_initialize	3.4290859699249268
_preprocess	2.8634233474731445
_postprocess	5.52391242980957
_run	59.568556785583496
initialize	3.429060697555542
load_sv	2.859121799468994
store_sv	5.523698806762695
Quafu runs:	57.1847403049469
.

================= 1 passed, 12 deselected in 122.90s (0:02:02) =================
