============================= test session starts ==============================
platform linux -- Python 3.10.6, pytest-7.2.0, pluggy-1.0.0
rootdir: /root/projects/qvm
plugins: anyio-3.6.2
collected 55 items / 54 deselected / 1 selected

tst/qvm/integration/bench_test.py 
------------------- Testing --------------

QVM::selection::costs::	random	5.984306335449219e-05
compute_unit_list	[{2}, {3}, {1, 12}, {6}]
QVM::selection::costs::	naive	5.745887756347656e-05
compute_unit_list	[{2}, {3}, {1, 12}, {6}]
QVM::selection::costs::	naive_reverse	9.632110595703125e-05
compute_unit_list	[{5}, {2}, {3, 6}, {12}]
QVM::selection::costs::	brute_force	0.03197145462036133
compute_unit_list	[{2}, {3}, {1, 12}, {6}]
random	5.984306335449219e-05	0.10834413509582703	0.9089212417602539
small_first	5.745887756347656e-05	0.10821289670822683	0.9089803695678711
large_first	9.632110595703125e-05	0.12107634063301746	0.8963863849639893
brute_force	0.03197145462036133	0.10836985928201506	0.9088618755340576
.

=============================== warnings summary ===============================
qcs/tst/qvm/integration/bench_test.py::TestBenchDiffBackendQvmFrpV2::test_bench_multi_methods_multi_metrics[/root/projects/QASMBench/small//deutsch_n2/deutsch_n2.qasm,/root/projects/QASMBench/small//fredkin_n3/fredkin_n3.qasm,/root/projects/QASMBench/small//qaoa_n6/qaoa_n6.qasm,/root/projects/QASMBench/small//wstate_n3/wstate_n3.qasm-FakeBrooklyn-4-random,small_first,large_first,brute_force]
qcs/tst/qvm/integration/bench_test.py::TestBenchDiffBackendQvmFrpV2::test_bench_multi_methods_multi_metrics[/root/projects/QASMBench/small//deutsch_n2/deutsch_n2.qasm,/root/projects/QASMBench/small//fredkin_n3/fredkin_n3.qasm,/root/projects/QASMBench/small//qaoa_n6/qaoa_n6.qasm,/root/projects/QASMBench/small//wstate_n3/wstate_n3.qasm-FakeBrooklyn-4-random,small_first,large_first,brute_force]
qcs/tst/qvm/integration/bench_test.py::TestBenchDiffBackendQvmFrpV2::test_bench_multi_methods_multi_metrics[/root/projects/QASMBench/small//deutsch_n2/deutsch_n2.qasm,/root/projects/QASMBench/small//fredkin_n3/fredkin_n3.qasm,/root/projects/QASMBench/small//qaoa_n6/qaoa_n6.qasm,/root/projects/QASMBench/small//wstate_n3/wstate_n3.qasm-FakeBrooklyn-4-random,small_first,large_first,brute_force]
qcs/tst/qvm/integration/bench_test.py::TestBenchDiffBackendQvmFrpV2::test_bench_multi_methods_multi_metrics[/root/projects/QASMBench/small//deutsch_n2/deutsch_n2.qasm,/root/projects/QASMBench/small//fredkin_n3/fredkin_n3.qasm,/root/projects/QASMBench/small//qaoa_n6/qaoa_n6.qasm,/root/projects/QASMBench/small//wstate_n3/wstate_n3.qasm-FakeBrooklyn-4-random,small_first,large_first,brute_force]
qcs/tst/qvm/integration/bench_test.py::TestBenchDiffBackendQvmFrpV2::test_bench_multi_methods_multi_metrics[/root/projects/QASMBench/small//deutsch_n2/deutsch_n2.qasm,/root/projects/QASMBench/small//fredkin_n3/fredkin_n3.qasm,/root/projects/QASMBench/small//qaoa_n6/qaoa_n6.qasm,/root/projects/QASMBench/small//wstate_n3/wstate_n3.qasm-FakeBrooklyn-4-random,small_first,large_first,brute_force]
qcs/tst/qvm/integration/bench_test.py::TestBenchDiffBackendQvmFrpV2::test_bench_multi_methods_multi_metrics[/root/projects/QASMBench/small//deutsch_n2/deutsch_n2.qasm,/root/projects/QASMBench/small//fredkin_n3/fredkin_n3.qasm,/root/projects/QASMBench/small//qaoa_n6/qaoa_n6.qasm,/root/projects/QASMBench/small//wstate_n3/wstate_n3.qasm-FakeBrooklyn-4-random,small_first,large_first,brute_force]
qcs/tst/qvm/integration/bench_test.py::TestBenchDiffBackendQvmFrpV2::test_bench_multi_methods_multi_metrics[/root/projects/QASMBench/small//deutsch_n2/deutsch_n2.qasm,/root/projects/QASMBench/small//fredkin_n3/fredkin_n3.qasm,/root/projects/QASMBench/small//qaoa_n6/qaoa_n6.qasm,/root/projects/QASMBench/small//wstate_n3/wstate_n3.qasm-FakeBrooklyn-4-random,small_first,large_first,brute_force]
qcs/tst/qvm/integration/bench_test.py::TestBenchDiffBackendQvmFrpV2::test_bench_multi_methods_multi_metrics[/root/projects/QASMBench/small//deutsch_n2/deutsch_n2.qasm,/root/projects/QASMBench/small//fredkin_n3/fredkin_n3.qasm,/root/projects/QASMBench/small//qaoa_n6/qaoa_n6.qasm,/root/projects/QASMBench/small//wstate_n3/wstate_n3.qasm-FakeBrooklyn-4-random,small_first,large_first,brute_force]
  /root/anaconda3/envs/qcs-noise/lib/python3.10/site-packages/qiskit/providers/fake_provider/fake_backend.py:462: PendingDeprecationWarning: "warnings" argument will be deprecated as part of the qiskit-aer 0.12.0 and subsequently removed
    noise_model = NoiseModel.from_backend(self, warnings=False)

qcs/tst/qvm/integration/bench_test.py::TestBenchDiffBackendQvmFrpV2::test_bench_multi_methods_multi_metrics[/root/projects/QASMBench/small//deutsch_n2/deutsch_n2.qasm,/root/projects/QASMBench/small//fredkin_n3/fredkin_n3.qasm,/root/projects/QASMBench/small//qaoa_n6/qaoa_n6.qasm,/root/projects/QASMBench/small//wstate_n3/wstate_n3.qasm-FakeBrooklyn-4-random,small_first,large_first,brute_force]
qcs/tst/qvm/integration/bench_test.py::TestBenchDiffBackendQvmFrpV2::test_bench_multi_methods_multi_metrics[/root/projects/QASMBench/small//deutsch_n2/deutsch_n2.qasm,/root/projects/QASMBench/small//fredkin_n3/fredkin_n3.qasm,/root/projects/QASMBench/small//qaoa_n6/qaoa_n6.qasm,/root/projects/QASMBench/small//wstate_n3/wstate_n3.qasm-FakeBrooklyn-4-random,small_first,large_first,brute_force]
qcs/tst/qvm/integration/bench_test.py::TestBenchDiffBackendQvmFrpV2::test_bench_multi_methods_multi_metrics[/root/projects/QASMBench/small//deutsch_n2/deutsch_n2.qasm,/root/projects/QASMBench/small//fredkin_n3/fredkin_n3.qasm,/root/projects/QASMBench/small//qaoa_n6/qaoa_n6.qasm,/root/projects/QASMBench/small//wstate_n3/wstate_n3.qasm-FakeBrooklyn-4-random,small_first,large_first,brute_force]
qcs/tst/qvm/integration/bench_test.py::TestBenchDiffBackendQvmFrpV2::test_bench_multi_methods_multi_metrics[/root/projects/QASMBench/small//deutsch_n2/deutsch_n2.qasm,/root/projects/QASMBench/small//fredkin_n3/fredkin_n3.qasm,/root/projects/QASMBench/small//qaoa_n6/qaoa_n6.qasm,/root/projects/QASMBench/small//wstate_n3/wstate_n3.qasm-FakeBrooklyn-4-random,small_first,large_first,brute_force]
qcs/tst/qvm/integration/bench_test.py::TestBenchDiffBackendQvmFrpV2::test_bench_multi_methods_multi_metrics[/root/projects/QASMBench/small//deutsch_n2/deutsch_n2.qasm,/root/projects/QASMBench/small//fredkin_n3/fredkin_n3.qasm,/root/projects/QASMBench/small//qaoa_n6/qaoa_n6.qasm,/root/projects/QASMBench/small//wstate_n3/wstate_n3.qasm-FakeBrooklyn-4-random,small_first,large_first,brute_force]
qcs/tst/qvm/integration/bench_test.py::TestBenchDiffBackendQvmFrpV2::test_bench_multi_methods_multi_metrics[/root/projects/QASMBench/small//deutsch_n2/deutsch_n2.qasm,/root/projects/QASMBench/small//fredkin_n3/fredkin_n3.qasm,/root/projects/QASMBench/small//qaoa_n6/qaoa_n6.qasm,/root/projects/QASMBench/small//wstate_n3/wstate_n3.qasm-FakeBrooklyn-4-random,small_first,large_first,brute_force]
  /root/anaconda3/envs/qcs-noise/lib/python3.10/site-packages/qiskit_aer/noise/device/models.py:365: UserWarning: Device model returned an invalid T_2 relaxation time greater than the theoretical maximum value 2 * T_1 (96966.20180926041 > 2 * 40591.82230473617). Truncating to maximum value.
    warn("Device model returned an invalid T_2 relaxation time greater than"

qcs/tst/qvm/integration/bench_test.py::TestBenchDiffBackendQvmFrpV2::test_bench_multi_methods_multi_metrics[/root/projects/QASMBench/small//deutsch_n2/deutsch_n2.qasm,/root/projects/QASMBench/small//fredkin_n3/fredkin_n3.qasm,/root/projects/QASMBench/small//qaoa_n6/qaoa_n6.qasm,/root/projects/QASMBench/small//wstate_n3/wstate_n3.qasm-FakeBrooklyn-4-random,small_first,large_first,brute_force]
  /root/anaconda3/envs/qcs-noise/lib/python3.10/site-packages/qiskit_aer/noise/device/models.py:365: UserWarning: Device model returned an invalid T_2 relaxation time greater than the theoretical maximum value 2 * T_1 (9.696620180926042e-05 > 2 * 4.059182230473617e-05). Truncating to maximum value.
    warn("Device model returned an invalid T_2 relaxation time greater than"

-- Docs: https://docs.pytest.org/en/stable/how-to/capture-warnings.html
========== 1 passed, 54 deselected, 15 warnings in 145.67s (0:02:25) ===========
