============================= test session starts ==============================
platform linux -- Python 3.10.6, pytest-7.2.0, pluggy-1.0.0
rootdir: /root/projects/qvm
plugins: anyio-3.6.2
collected 55 items / 54 deselected / 1 selected

tst/qvm/integration/bench_test.py 
------------------- Testing --------------

QVM::selection::costs::	random	4.172325134277344e-05
compute_unit_list	[{0, 10, 4}, {5}, {2}, {8, 11}, {3}, {6}, {1}]
QVM::selection::costs::	naive	0.00011777877807617188
compute_unit_list	[{1, 12, 7}, {0}, {3}, {8, 11}, {6}, {2}, {5}]
QVM::selection::costs::	naive_reverse	0.00014925003051757812
compute_unit_list	[{0, 10, 4}, {5}, {3}, {8, 11}, {2}, {1}, {6}]
QVM::selection::costs::	brute_force	8.05497407913208
compute_unit_list	[{1, 12, 7}, {5}, {2}, {8, 11}, {3}, {0}, {6}]
random	4.172325134277344e-05	0.2762587026224365	0.8454207011631557
small_first	0.00011777877807617188	0.26328772806728284	0.851752689906529
large_first	0.00014925003051757812	0.27321629322137225	0.847672871180943
brute_force	8.05497407913208	0.2648267172451013	0.8478137425013951
.

=============================== warnings summary ===============================
qcs/tst/qvm/integration/bench_test.py: 17 warnings
  /root/anaconda3/envs/qcs-noise/lib/python3.10/site-packages/qiskit/providers/fake_provider/fake_backend.py:462: PendingDeprecationWarning: "warnings" argument will be deprecated as part of the qiskit-aer 0.12.0 and subsequently removed
    noise_model = NoiseModel.from_backend(self, warnings=False)

qcs/tst/qvm/integration/bench_test.py: 12 warnings
  /root/anaconda3/envs/qcs-noise/lib/python3.10/site-packages/qiskit_aer/noise/device/models.py:365: UserWarning: Device model returned an invalid T_2 relaxation time greater than the theoretical maximum value 2 * T_1 (96966.20180926041 > 2 * 40591.82230473617). Truncating to maximum value.
    warn("Device model returned an invalid T_2 relaxation time greater than"

qcs/tst/qvm/integration/bench_test.py::TestBenchDiffBackendQvmFrpV2::test_bench_multi_methods_multi_metrics[/root/projects/QASMBench/small//adder_n10/adder_n10.qasm,/root/projects/QASMBench/small//adder_n4/adder_n4.qasm,/root/projects/QASMBench/small//basis_change_n3/basis_change_n3.qasm,/root/projects/QASMBench/small//qaoa_n6/qaoa_n6.qasm,/root/projects/QASMBench/small//qrng_n4/qrng_n4.qasm,/root/projects/QASMBench/small//quantumwalks_n2/quantumwalks_n2.qasm,/root/projects/QASMBench/small//teleportation_n3/teleportation_n3.qasm-FakeBrooklyn-4-random,small_first,large_first,brute_force]
qcs/tst/qvm/integration/bench_test.py::TestBenchDiffBackendQvmFrpV2::test_bench_multi_methods_multi_metrics[/root/projects/QASMBench/small//adder_n10/adder_n10.qasm,/root/projects/QASMBench/small//adder_n4/adder_n4.qasm,/root/projects/QASMBench/small//basis_change_n3/basis_change_n3.qasm,/root/projects/QASMBench/small//qaoa_n6/qaoa_n6.qasm,/root/projects/QASMBench/small//qrng_n4/qrng_n4.qasm,/root/projects/QASMBench/small//quantumwalks_n2/quantumwalks_n2.qasm,/root/projects/QASMBench/small//teleportation_n3/teleportation_n3.qasm-FakeBrooklyn-4-random,small_first,large_first,brute_force]
  /root/anaconda3/envs/qcs-noise/lib/python3.10/site-packages/qiskit_aer/noise/device/models.py:365: UserWarning: Device model returned an invalid T_2 relaxation time greater than the theoretical maximum value 2 * T_1 (9.696620180926042e-05 > 2 * 4.059182230473617e-05). Truncating to maximum value.
    warn("Device model returned an invalid T_2 relaxation time greater than"

-- Docs: https://docs.pytest.org/en/stable/how-to/capture-warnings.html
========== 1 passed, 54 deselected, 31 warnings in 271.04s (0:04:31) ===========
