============================= test session starts ==============================
platform linux -- Python 3.10.6, pytest-7.2.0, pluggy-1.0.0
rootdir: /root/projects/qcs
plugins: anyio-3.6.2
collected 13 items / 12 deselected / 1 selected

tst/qdao/engine.py 
::::::::::::::::::Config::::::::::::::::::

NQ::	29
NP::	27
NL::	21

::::::::::::::::::Config::::::::::::::::::

Partial simulation consumes time: 24.808523654937744
Partial simulation consumes time: 24.591949939727783
Partial simulation consumes time: 24.58689570426941
Partial simulation consumes time: 24.50584864616394
Partial simulation consumes time: 3.607743740081787
Partial simulation consumes time: 3.311264991760254
Partial simulation consumes time: 3.3357162475585938
Partial simulation consumes time: 3.2927443981170654
Qdao runs:	146.75186252593994
_initialize	4.480712175369263
_preprocess	14.904289722442627
_postprocess	14.58895468711853
_run	142.05072116851807
initialize	4.480699777603149
load_sv	14.876655340194702
store_sv	14.58881163597107
.

================= 1 passed, 12 deselected in 149.60s (0:02:29) =================
