============================= test session starts ==============================
platform linux -- Python 3.10.6, pytest-7.2.0, pluggy-1.0.0
rootdir: /root/projects/qvm
plugins: anyio-3.6.2
collected 55 items / 54 deselected / 1 selected

tst/qvm/integration/bench_test.py 
------------------- Testing --------------

QVM::selection::costs::	random	8.821487426757812e-06
compute_unit_list	[{3}, {2}]
QVM::selection::costs::	naive	4.076957702636719e-05
compute_unit_list	[{3}, {2}]
QVM::selection::costs::	naive_reverse	8.034706115722656e-05
compute_unit_list	[{3}, {2}]
QVM::selection::costs::	brute_force	0.0008885860443115234
compute_unit_list	[{3}, {2}]
random	8.821487426757812e-06	0.11824936682139789	0.9039850234985352
small_first	4.076957702636719e-05	0.11826618005944023	0.9039492607116699
large_first	8.034706115722656e-05	0.1184394282002486	0.9038128852844238
brute_force	0.0008885860443115234	0.11873122278862487	0.9036455154418945
.

=============================== warnings summary ===============================
qcs/tst/qvm/integration/bench_test.py::TestBenchDiffBackendQvmFrpV2::test_bench_multi_methods_multi_metrics[/root/projects/QASMBench/small//qft_n4/qft_n4.qasm,/root/projects/QASMBench/small//variational_n4/variational_n4.qasm-FakeBrooklyn-4-random,small_first,large_first,brute_force]
qcs/tst/qvm/integration/bench_test.py::TestBenchDiffBackendQvmFrpV2::test_bench_multi_methods_multi_metrics[/root/projects/QASMBench/small//qft_n4/qft_n4.qasm,/root/projects/QASMBench/small//variational_n4/variational_n4.qasm-FakeBrooklyn-4-random,small_first,large_first,brute_force]
  /root/anaconda3/envs/qcs-noise/lib/python3.10/site-packages/qiskit/providers/fake_provider/fake_backend.py:462: PendingDeprecationWarning: "warnings" argument will be deprecated as part of the qiskit-aer 0.12.0 and subsequently removed
    noise_model = NoiseModel.from_backend(self, warnings=False)

-- Docs: https://docs.pytest.org/en/stable/how-to/capture-warnings.html
=========== 1 passed, 54 deselected, 2 warnings in 80.44s (0:01:20) ============
