============================= test session starts ==============================
platform linux -- Python 3.10.6, pytest-7.2.0, pluggy-1.0.0
rootdir: /root/projects/qvm
plugins: anyio-3.6.2
collected 55 items / 54 deselected / 1 selected

tst/qvm/integration/bench_test.py 
------------------- Testing --------------

QVM::selection::costs::	random	9.059906005859375e-06
compute_unit_list	[{2}, {1}]
QVM::selection::costs::	naive	3.0040740966796875e-05
compute_unit_list	[{2}, {1}]
QVM::selection::costs::	naive_reverse	3.218650817871094e-05
compute_unit_list	[{2}, {1}]
QVM::selection::costs::	brute_force	0.0010547637939453125
compute_unit_list	[{2}, {1}]
random	9.059906005859375e-06	0.08468679115342734	0.9395909309387207
small_first	3.0040740966796875e-05	0.08485380526670135	0.9393839836120605
large_first	3.218650817871094e-05	0.08453299956205985	0.9397406578063965
brute_force	0.0010547637939453125	0.08467307470942047	0.9395809173583984
.

=============================== warnings summary ===============================
qcs/tst/qvm/integration/bench_test.py::TestBenchDiffBackendQvmFrpV2::test_bench_multi_methods_multi_metrics[/root/projects/QASMBench/small//dnn_n2/dnn_n2.qasm,/root/projects/QASMBench/small//wstate_n3/wstate_n3.qasm-FakeBrooklyn-4-random,small_first,large_first,brute_force]
qcs/tst/qvm/integration/bench_test.py::TestBenchDiffBackendQvmFrpV2::test_bench_multi_methods_multi_metrics[/root/projects/QASMBench/small//dnn_n2/dnn_n2.qasm,/root/projects/QASMBench/small//wstate_n3/wstate_n3.qasm-FakeBrooklyn-4-random,small_first,large_first,brute_force]
  /root/anaconda3/envs/qcs-noise/lib/python3.10/site-packages/qiskit/providers/fake_provider/fake_backend.py:462: PendingDeprecationWarning: "warnings" argument will be deprecated as part of the qiskit-aer 0.12.0 and subsequently removed
    noise_model = NoiseModel.from_backend(self, warnings=False)

-- Docs: https://docs.pytest.org/en/stable/how-to/capture-warnings.html
=========== 1 passed, 54 deselected, 2 warnings in 76.46s (0:01:16) ============
