============================= test session starts ==============================
platform linux -- Python 3.10.6, pytest-7.2.0, pluggy-1.0.0
rootdir: /root/projects/qvm
plugins: anyio-3.6.2
collected 55 items / 54 deselected / 1 selected

tst/qvm/integration/bench_test.py 
------------------- Testing --------------

QVM::selection::costs::	random	2.0742416381835938e-05
compute_unit_list	[{2}, {3, 6}]
QVM::selection::costs::	naive	2.8848648071289062e-05
compute_unit_list	[{2}, {3, 6}]
QVM::selection::costs::	naive_reverse	7.939338684082031e-05
compute_unit_list	[{2}, {3, 6}]
QVM::selection::costs::	brute_force	0.00045418739318847656
compute_unit_list	[{2}, {3, 6}]
random	2.0742416381835938e-05	0.0976196458470642	0.9074211120605469
small_first	2.8848648071289062e-05	0.0981739404918926	0.9069333076477051
large_first	7.939338684082031e-05	0.0980207810259106	0.9070620536804199
brute_force	0.00045418739318847656	0.0977971680542522	0.9072976112365723
.

=============================== warnings summary ===============================
qcs/tst/qvm/integration/bench_test.py::TestBenchDiffBackendQvmFrpV2::test_bench_multi_methods_multi_metrics[/root/projects/QASMBench/small//basis_change_n3/basis_change_n3.qasm,/root/projects/QASMBench/small//lpn_n5/lpn_n5.qasm-FakeBrooklyn-4-random,small_first,large_first,brute_force]
qcs/tst/qvm/integration/bench_test.py::TestBenchDiffBackendQvmFrpV2::test_bench_multi_methods_multi_metrics[/root/projects/QASMBench/small//basis_change_n3/basis_change_n3.qasm,/root/projects/QASMBench/small//lpn_n5/lpn_n5.qasm-FakeBrooklyn-4-random,small_first,large_first,brute_force]
  /root/anaconda3/envs/qcs-noise/lib/python3.10/site-packages/qiskit/providers/fake_provider/fake_backend.py:462: PendingDeprecationWarning: "warnings" argument will be deprecated as part of the qiskit-aer 0.12.0 and subsequently removed
    noise_model = NoiseModel.from_backend(self, warnings=False)

-- Docs: https://docs.pytest.org/en/stable/how-to/capture-warnings.html
=========== 1 passed, 54 deselected, 2 warnings in 70.55s (0:01:10) ============
