============================= test session starts ==============================
platform linux -- Python 3.10.6, pytest-7.2.0, pluggy-1.0.0
rootdir: /root/projects/qvm
plugins: anyio-3.6.2
collected 55 items / 54 deselected / 1 selected

tst/qvm/integration/bench_test.py 
------------------- Testing --------------

QVM::selection::costs::	random	1.0251998901367188e-05
compute_unit_list	[{3, 6}, {2}]
QVM::selection::costs::	naive	3.123283386230469e-05
compute_unit_list	[{3, 6}, {2}]
QVM::selection::costs::	naive_reverse	4.291534423828125e-05
compute_unit_list	[{3, 6}, {2}]
QVM::selection::costs::	brute_force	0.0004832744598388672
compute_unit_list	[{3, 6}, {2}]
random	1.0251998901367188e-05	0.1095439859179182	0.8992552757263184
small_first	3.123283386230469e-05	0.10968071215396438	0.8991227149963379
large_first	4.291534423828125e-05	0.10953896505572215	0.8992781639099121
brute_force	0.0004832744598388672	0.10922623703115705	0.8995270729064941
.

=============================== warnings summary ===============================
qcs/tst/qvm/integration/bench_test.py::TestBenchDiffBackendQvmFrpV2::test_bench_multi_methods_multi_metrics[/root/projects/QASMBench/small//lpn_n5/lpn_n5.qasm,/root/projects/QASMBench/small//wstate_n3/wstate_n3.qasm-FakeBrooklyn-4-random,small_first,large_first,brute_force]
qcs/tst/qvm/integration/bench_test.py::TestBenchDiffBackendQvmFrpV2::test_bench_multi_methods_multi_metrics[/root/projects/QASMBench/small//lpn_n5/lpn_n5.qasm,/root/projects/QASMBench/small//wstate_n3/wstate_n3.qasm-FakeBrooklyn-4-random,small_first,large_first,brute_force]
  /root/anaconda3/envs/qcs-noise/lib/python3.10/site-packages/qiskit/providers/fake_provider/fake_backend.py:462: PendingDeprecationWarning: "warnings" argument will be deprecated as part of the qiskit-aer 0.12.0 and subsequently removed
    noise_model = NoiseModel.from_backend(self, warnings=False)

-- Docs: https://docs.pytest.org/en/stable/how-to/capture-warnings.html
=========== 1 passed, 54 deselected, 2 warnings in 70.66s (0:01:10) ============
