============================= test session starts ==============================
platform linux -- Python 3.10.6, pytest-7.2.0, pluggy-1.0.0
rootdir: /root/projects/qvm
plugins: anyio-3.6.2
collected 55 items / 54 deselected / 1 selected

tst/qvm/integration/bench_test.py 
------------------- Testing --------------

QVM::selection::costs::	random	2.0742416381835938e-05
compute_unit_list	[{3}, {0, 10, 4}]
QVM::selection::costs::	naive	6.961822509765625e-05
compute_unit_list	[{3}, {0, 10, 4}]
QVM::selection::costs::	naive_reverse	3.647804260253906e-05
compute_unit_list	[{3}, {0, 10, 4}]
QVM::selection::costs::	brute_force	0.00035190582275390625
compute_unit_list	[{3}, {0, 10, 4}]
random	2.0742416381835938e-05	0.10791178180796158	1.0
small_first	6.961822509765625e-05	0.10778268016146902	1.0
large_first	3.647804260253906e-05	0.10811913138439941	1.0
brute_force	0.00035190582275390625	0.10826005913499152	1.0
.

=============================== warnings summary ===============================
qcs/tst/qvm/integration/bench_test.py::TestBenchDiffBackendQvmFrpV2::test_bench_multi_methods_multi_metrics[/root/projects/QASMBench/small//qft_n4/qft_n4.qasm,/root/projects/QASMBench/small//qpe_n9/qpe_n9.qasm-FakeBrooklyn-4-random,small_first,large_first,brute_force]
qcs/tst/qvm/integration/bench_test.py::TestBenchDiffBackendQvmFrpV2::test_bench_multi_methods_multi_metrics[/root/projects/QASMBench/small//qft_n4/qft_n4.qasm,/root/projects/QASMBench/small//qpe_n9/qpe_n9.qasm-FakeBrooklyn-4-random,small_first,large_first,brute_force]
  /root/anaconda3/envs/qcs-noise/lib/python3.10/site-packages/qiskit/providers/fake_provider/fake_backend.py:462: PendingDeprecationWarning: "warnings" argument will be deprecated as part of the qiskit-aer 0.12.0 and subsequently removed
    noise_model = NoiseModel.from_backend(self, warnings=False)

-- Docs: https://docs.pytest.org/en/stable/how-to/capture-warnings.html
=========== 1 passed, 54 deselected, 2 warnings in 76.59s (0:01:16) ============
