============================= test session starts ==============================
platform linux -- Python 3.10.6, pytest-7.2.0, pluggy-1.0.0
rootdir: /root/projects/qvm
plugins: anyio-3.6.2
collected 55 items / 54 deselected / 1 selected

tst/qvm/integration/bench_test.py 
------------------- Testing --------------

QVM::selection::costs::	random	0.0001404285430908203
compute_unit_list	[{2}, {5}, {0, 10}, {3}, {6}, {4}, {1}, {8, 11}, {12}, {9}]
QVM::selection::costs::	naive_reverse	0.00013566017150878906
compute_unit_list	[{2}, {5}, {0, 10}, {11}, {4}, {9}, {12}, {3, 6}, {1}, {8}]
random	0.0001404285430908203	0.2837416317189084	0.8457117080688477
small_first	conflict	failed	failed
large_first	0.00013566017150878906	0.2643786570033102	0.8577168464660645
brute_force	unknown	failed	failed
.

=============================== warnings summary ===============================
qcs/tst/qvm/integration/bench_test.py: 17 warnings
  /root/anaconda3/envs/qcs-noise/lib/python3.10/site-packages/qiskit/providers/fake_provider/fake_backend.py:462: PendingDeprecationWarning: "warnings" argument will be deprecated as part of the qiskit-aer 0.12.0 and subsequently removed
    noise_model = NoiseModel.from_backend(self, warnings=False)

qcs/tst/qvm/integration/bench_test.py::TestBenchDiffBackendQvmFrpV2::test_bench_multi_methods_multi_metrics[/root/projects/QASMBench/small//adder_n4/adder_n4.qasm,/root/projects/QASMBench/small//cat_state_n4/cat_state_n4.qasm,/root/projects/QASMBench/small//dnn_n8/dnn_n8.qasm,/root/projects/QASMBench/small//fredkin_n3/fredkin_n3.qasm,/root/projects/QASMBench/small//hs4_n4/hs4_n4.qasm,/root/projects/QASMBench/small//iswap_n2/iswap_n2.qasm,/root/projects/QASMBench/small//linearsolver_n3/linearsolver_n3.qasm,/root/projects/QASMBench/small//pea_n5/pea_n5.qasm,/root/projects/QASMBench/small//variational_n4/variational_n4.qasm,/root/projects/QASMBench/small//wstate_n3/wstate_n3.qasm-FakeBrooklyn-4-random,small_first,large_first,brute_force]
qcs/tst/qvm/integration/bench_test.py::TestBenchDiffBackendQvmFrpV2::test_bench_multi_methods_multi_metrics[/root/projects/QASMBench/small//adder_n4/adder_n4.qasm,/root/projects/QASMBench/small//cat_state_n4/cat_state_n4.qasm,/root/projects/QASMBench/small//dnn_n8/dnn_n8.qasm,/root/projects/QASMBench/small//fredkin_n3/fredkin_n3.qasm,/root/projects/QASMBench/small//hs4_n4/hs4_n4.qasm,/root/projects/QASMBench/small//iswap_n2/iswap_n2.qasm,/root/projects/QASMBench/small//linearsolver_n3/linearsolver_n3.qasm,/root/projects/QASMBench/small//pea_n5/pea_n5.qasm,/root/projects/QASMBench/small//variational_n4/variational_n4.qasm,/root/projects/QASMBench/small//wstate_n3/wstate_n3.qasm-FakeBrooklyn-4-random,small_first,large_first,brute_force]
qcs/tst/qvm/integration/bench_test.py::TestBenchDiffBackendQvmFrpV2::test_bench_multi_methods_multi_metrics[/root/projects/QASMBench/small//adder_n4/adder_n4.qasm,/root/projects/QASMBench/small//cat_state_n4/cat_state_n4.qasm,/root/projects/QASMBench/small//dnn_n8/dnn_n8.qasm,/root/projects/QASMBench/small//fredkin_n3/fredkin_n3.qasm,/root/projects/QASMBench/small//hs4_n4/hs4_n4.qasm,/root/projects/QASMBench/small//iswap_n2/iswap_n2.qasm,/root/projects/QASMBench/small//linearsolver_n3/linearsolver_n3.qasm,/root/projects/QASMBench/small//pea_n5/pea_n5.qasm,/root/projects/QASMBench/small//variational_n4/variational_n4.qasm,/root/projects/QASMBench/small//wstate_n3/wstate_n3.qasm-FakeBrooklyn-4-random,small_first,large_first,brute_force]
qcs/tst/qvm/integration/bench_test.py::TestBenchDiffBackendQvmFrpV2::test_bench_multi_methods_multi_metrics[/root/projects/QASMBench/small//adder_n4/adder_n4.qasm,/root/projects/QASMBench/small//cat_state_n4/cat_state_n4.qasm,/root/projects/QASMBench/small//dnn_n8/dnn_n8.qasm,/root/projects/QASMBench/small//fredkin_n3/fredkin_n3.qasm,/root/projects/QASMBench/small//hs4_n4/hs4_n4.qasm,/root/projects/QASMBench/small//iswap_n2/iswap_n2.qasm,/root/projects/QASMBench/small//linearsolver_n3/linearsolver_n3.qasm,/root/projects/QASMBench/small//pea_n5/pea_n5.qasm,/root/projects/QASMBench/small//variational_n4/variational_n4.qasm,/root/projects/QASMBench/small//wstate_n3/wstate_n3.qasm-FakeBrooklyn-4-random,small_first,large_first,brute_force]
qcs/tst/qvm/integration/bench_test.py::TestBenchDiffBackendQvmFrpV2::test_bench_multi_methods_multi_metrics[/root/projects/QASMBench/small//adder_n4/adder_n4.qasm,/root/projects/QASMBench/small//cat_state_n4/cat_state_n4.qasm,/root/projects/QASMBench/small//dnn_n8/dnn_n8.qasm,/root/projects/QASMBench/small//fredkin_n3/fredkin_n3.qasm,/root/projects/QASMBench/small//hs4_n4/hs4_n4.qasm,/root/projects/QASMBench/small//iswap_n2/iswap_n2.qasm,/root/projects/QASMBench/small//linearsolver_n3/linearsolver_n3.qasm,/root/projects/QASMBench/small//pea_n5/pea_n5.qasm,/root/projects/QASMBench/small//variational_n4/variational_n4.qasm,/root/projects/QASMBench/small//wstate_n3/wstate_n3.qasm-FakeBrooklyn-4-random,small_first,large_first,brute_force]
qcs/tst/qvm/integration/bench_test.py::TestBenchDiffBackendQvmFrpV2::test_bench_multi_methods_multi_metrics[/root/projects/QASMBench/small//adder_n4/adder_n4.qasm,/root/projects/QASMBench/small//cat_state_n4/cat_state_n4.qasm,/root/projects/QASMBench/small//dnn_n8/dnn_n8.qasm,/root/projects/QASMBench/small//fredkin_n3/fredkin_n3.qasm,/root/projects/QASMBench/small//hs4_n4/hs4_n4.qasm,/root/projects/QASMBench/small//iswap_n2/iswap_n2.qasm,/root/projects/QASMBench/small//linearsolver_n3/linearsolver_n3.qasm,/root/projects/QASMBench/small//pea_n5/pea_n5.qasm,/root/projects/QASMBench/small//variational_n4/variational_n4.qasm,/root/projects/QASMBench/small//wstate_n3/wstate_n3.qasm-FakeBrooklyn-4-random,small_first,large_first,brute_force]
  /root/anaconda3/envs/qcs-noise/lib/python3.10/site-packages/qiskit_aer/noise/device/models.py:365: UserWarning: Device model returned an invalid T_2 relaxation time greater than the theoretical maximum value 2 * T_1 (96966.20180926041 > 2 * 40591.82230473617). Truncating to maximum value.
    warn("Device model returned an invalid T_2 relaxation time greater than"

qcs/tst/qvm/integration/bench_test.py::TestBenchDiffBackendQvmFrpV2::test_bench_multi_methods_multi_metrics[/root/projects/QASMBench/small//adder_n4/adder_n4.qasm,/root/projects/QASMBench/small//cat_state_n4/cat_state_n4.qasm,/root/projects/QASMBench/small//dnn_n8/dnn_n8.qasm,/root/projects/QASMBench/small//fredkin_n3/fredkin_n3.qasm,/root/projects/QASMBench/small//hs4_n4/hs4_n4.qasm,/root/projects/QASMBench/small//iswap_n2/iswap_n2.qasm,/root/projects/QASMBench/small//linearsolver_n3/linearsolver_n3.qasm,/root/projects/QASMBench/small//pea_n5/pea_n5.qasm,/root/projects/QASMBench/small//variational_n4/variational_n4.qasm,/root/projects/QASMBench/small//wstate_n3/wstate_n3.qasm-FakeBrooklyn-4-random,small_first,large_first,brute_force]
  /root/anaconda3/envs/qcs-noise/lib/python3.10/site-packages/qiskit_aer/noise/device/models.py:365: UserWarning: Device model returned an invalid T_2 relaxation time greater than the theoretical maximum value 2 * T_1 (9.696620180926042e-05 > 2 * 4.059182230473617e-05). Truncating to maximum value.
    warn("Device model returned an invalid T_2 relaxation time greater than"

-- Docs: https://docs.pytest.org/en/stable/how-to/capture-warnings.html
========== 1 passed, 54 deselected, 24 warnings in 221.49s (0:03:41) ===========
