============================= test session starts ==============================
platform linux -- Python 3.10.6, pytest-7.2.0, pluggy-1.0.0
rootdir: /root/projects/qvm
plugins: anyio-3.6.2
collected 55 items / 54 deselected / 1 selected

tst/qvm/integration/bench_test.py 
------------------- Testing --------------

QVM::selection::costs::	random	0.0002219676971435547
compute_unit_list	[{2}, {3}, {5}, {1, 12}, {0}, {8, 11}, {4, 7}, {6}, {10}, {9}]
QVM::selection::costs::	naive_reverse	0.000156402587890625
compute_unit_list	[{2}, {4}, {5}, {3, 6}, {10}, {8, 11}, {1, 12}, {9}, {0}, {7}]
random	0.0002219676971435547	0.40452898338521337	0.7189516067504883
small_first	conflict	failed	failed
large_first	0.000156402587890625	0.4162552659180099	0.7088170051574707
brute_force	unknown	failed	failed
.

=============================== warnings summary ===============================
qcs/tst/qvm/integration/bench_test.py: 17 warnings
  /root/anaconda3/envs/qcs-noise/lib/python3.10/site-packages/qiskit/providers/fake_provider/fake_backend.py:462: PendingDeprecationWarning: "warnings" argument will be deprecated as part of the qiskit-aer 0.12.0 and subsequently removed
    noise_model = NoiseModel.from_backend(self, warnings=False)

qcs/tst/qvm/integration/bench_test.py::TestBenchDiffBackendQvmFrpV2::test_bench_multi_methods_multi_metrics[/root/projects/QASMBench/small//adder_n4/adder_n4.qasm,/root/projects/QASMBench/small//basis_change_n3/basis_change_n3.qasm,/root/projects/QASMBench/small//basis_trotter_n4/basis_trotter_n4.qasm,/root/projects/QASMBench/small//error_correctiond3_n5/error_correctiond3_n5.qasm,/root/projects/QASMBench/small//fredkin_n3/fredkin_n3.qasm,/root/projects/QASMBench/small//pea_n5/pea_n5.qasm,/root/projects/QASMBench/small//simon_n6/simon_n6.qasm,/root/projects/QASMBench/small//toffoli_n3/toffoli_n3.qasm,/root/projects/QASMBench/small//variational_n4/variational_n4.qasm,/root/projects/QASMBench/small//wstate_n3/wstate_n3.qasm-FakeBrooklyn-4-random,small_first,large_first,brute_force]
qcs/tst/qvm/integration/bench_test.py::TestBenchDiffBackendQvmFrpV2::test_bench_multi_methods_multi_metrics[/root/projects/QASMBench/small//adder_n4/adder_n4.qasm,/root/projects/QASMBench/small//basis_change_n3/basis_change_n3.qasm,/root/projects/QASMBench/small//basis_trotter_n4/basis_trotter_n4.qasm,/root/projects/QASMBench/small//error_correctiond3_n5/error_correctiond3_n5.qasm,/root/projects/QASMBench/small//fredkin_n3/fredkin_n3.qasm,/root/projects/QASMBench/small//pea_n5/pea_n5.qasm,/root/projects/QASMBench/small//simon_n6/simon_n6.qasm,/root/projects/QASMBench/small//toffoli_n3/toffoli_n3.qasm,/root/projects/QASMBench/small//variational_n4/variational_n4.qasm,/root/projects/QASMBench/small//wstate_n3/wstate_n3.qasm-FakeBrooklyn-4-random,small_first,large_first,brute_force]
qcs/tst/qvm/integration/bench_test.py::TestBenchDiffBackendQvmFrpV2::test_bench_multi_methods_multi_metrics[/root/projects/QASMBench/small//adder_n4/adder_n4.qasm,/root/projects/QASMBench/small//basis_change_n3/basis_change_n3.qasm,/root/projects/QASMBench/small//basis_trotter_n4/basis_trotter_n4.qasm,/root/projects/QASMBench/small//error_correctiond3_n5/error_correctiond3_n5.qasm,/root/projects/QASMBench/small//fredkin_n3/fredkin_n3.qasm,/root/projects/QASMBench/small//pea_n5/pea_n5.qasm,/root/projects/QASMBench/small//simon_n6/simon_n6.qasm,/root/projects/QASMBench/small//toffoli_n3/toffoli_n3.qasm,/root/projects/QASMBench/small//variational_n4/variational_n4.qasm,/root/projects/QASMBench/small//wstate_n3/wstate_n3.qasm-FakeBrooklyn-4-random,small_first,large_first,brute_force]
qcs/tst/qvm/integration/bench_test.py::TestBenchDiffBackendQvmFrpV2::test_bench_multi_methods_multi_metrics[/root/projects/QASMBench/small//adder_n4/adder_n4.qasm,/root/projects/QASMBench/small//basis_change_n3/basis_change_n3.qasm,/root/projects/QASMBench/small//basis_trotter_n4/basis_trotter_n4.qasm,/root/projects/QASMBench/small//error_correctiond3_n5/error_correctiond3_n5.qasm,/root/projects/QASMBench/small//fredkin_n3/fredkin_n3.qasm,/root/projects/QASMBench/small//pea_n5/pea_n5.qasm,/root/projects/QASMBench/small//simon_n6/simon_n6.qasm,/root/projects/QASMBench/small//toffoli_n3/toffoli_n3.qasm,/root/projects/QASMBench/small//variational_n4/variational_n4.qasm,/root/projects/QASMBench/small//wstate_n3/wstate_n3.qasm-FakeBrooklyn-4-random,small_first,large_first,brute_force]
qcs/tst/qvm/integration/bench_test.py::TestBenchDiffBackendQvmFrpV2::test_bench_multi_methods_multi_metrics[/root/projects/QASMBench/small//adder_n4/adder_n4.qasm,/root/projects/QASMBench/small//basis_change_n3/basis_change_n3.qasm,/root/projects/QASMBench/small//basis_trotter_n4/basis_trotter_n4.qasm,/root/projects/QASMBench/small//error_correctiond3_n5/error_correctiond3_n5.qasm,/root/projects/QASMBench/small//fredkin_n3/fredkin_n3.qasm,/root/projects/QASMBench/small//pea_n5/pea_n5.qasm,/root/projects/QASMBench/small//simon_n6/simon_n6.qasm,/root/projects/QASMBench/small//toffoli_n3/toffoli_n3.qasm,/root/projects/QASMBench/small//variational_n4/variational_n4.qasm,/root/projects/QASMBench/small//wstate_n3/wstate_n3.qasm-FakeBrooklyn-4-random,small_first,large_first,brute_force]
qcs/tst/qvm/integration/bench_test.py::TestBenchDiffBackendQvmFrpV2::test_bench_multi_methods_multi_metrics[/root/projects/QASMBench/small//adder_n4/adder_n4.qasm,/root/projects/QASMBench/small//basis_change_n3/basis_change_n3.qasm,/root/projects/QASMBench/small//basis_trotter_n4/basis_trotter_n4.qasm,/root/projects/QASMBench/small//error_correctiond3_n5/error_correctiond3_n5.qasm,/root/projects/QASMBench/small//fredkin_n3/fredkin_n3.qasm,/root/projects/QASMBench/small//pea_n5/pea_n5.qasm,/root/projects/QASMBench/small//simon_n6/simon_n6.qasm,/root/projects/QASMBench/small//toffoli_n3/toffoli_n3.qasm,/root/projects/QASMBench/small//variational_n4/variational_n4.qasm,/root/projects/QASMBench/small//wstate_n3/wstate_n3.qasm-FakeBrooklyn-4-random,small_first,large_first,brute_force]
  /root/anaconda3/envs/qcs-noise/lib/python3.10/site-packages/qiskit_aer/noise/device/models.py:365: UserWarning: Device model returned an invalid T_2 relaxation time greater than the theoretical maximum value 2 * T_1 (96966.20180926041 > 2 * 40591.82230473617). Truncating to maximum value.
    warn("Device model returned an invalid T_2 relaxation time greater than"

qcs/tst/qvm/integration/bench_test.py::TestBenchDiffBackendQvmFrpV2::test_bench_multi_methods_multi_metrics[/root/projects/QASMBench/small//adder_n4/adder_n4.qasm,/root/projects/QASMBench/small//basis_change_n3/basis_change_n3.qasm,/root/projects/QASMBench/small//basis_trotter_n4/basis_trotter_n4.qasm,/root/projects/QASMBench/small//error_correctiond3_n5/error_correctiond3_n5.qasm,/root/projects/QASMBench/small//fredkin_n3/fredkin_n3.qasm,/root/projects/QASMBench/small//pea_n5/pea_n5.qasm,/root/projects/QASMBench/small//simon_n6/simon_n6.qasm,/root/projects/QASMBench/small//toffoli_n3/toffoli_n3.qasm,/root/projects/QASMBench/small//variational_n4/variational_n4.qasm,/root/projects/QASMBench/small//wstate_n3/wstate_n3.qasm-FakeBrooklyn-4-random,small_first,large_first,brute_force]
  /root/anaconda3/envs/qcs-noise/lib/python3.10/site-packages/qiskit_aer/noise/device/models.py:365: UserWarning: Device model returned an invalid T_2 relaxation time greater than the theoretical maximum value 2 * T_1 (9.696620180926042e-05 > 2 * 4.059182230473617e-05). Truncating to maximum value.
    warn("Device model returned an invalid T_2 relaxation time greater than"

-- Docs: https://docs.pytest.org/en/stable/how-to/capture-warnings.html
========== 1 passed, 54 deselected, 24 warnings in 185.07s (0:03:05) ===========
