============================= test session starts ==============================
platform linux -- Python 3.10.6, pytest-7.2.0, pluggy-1.0.0
rootdir: /root/projects/qvm
plugins: anyio-3.6.2
collected 55 items / 54 deselected / 1 selected

tst/qvm/integration/bench_test.py 
------------------- Testing --------------

QVM::selection::costs::	naive	4.649162292480469e-05
compute_unit_list	[{3, 6}, {2}, {0, 10}]
QVM::selection::costs::	naive_reverse	6.4849853515625e-05
compute_unit_list	[{3, 6}, {2}, {0, 10}]
QVM::selection::costs::	brute_force	0.0014493465423583984
compute_unit_list	[{3, 6}, {2}, {0, 10}]
small_first	4.649162292480469e-05	1.1400756636187686	0.8149007161458334
large_first	6.4849853515625e-05	1.1360015474793765	0.8148212432861328
brute_force	0.0014493465423583984	1.1381360166340964	0.815550168355306
.

=============================== warnings summary ===============================
qcs/tst/qvm/integration/bench_test.py::TestBenchDiffBackendQvmFrpV2::test_bench_multi_methods_multi_metrics[/root/projects/QASMBench/small//simon_n6/simon_n6.qasm,/root/projects/QASMBench/small//teleportation_n3/teleportation_n3.qasm,/root/projects/QASMBench/small//hhl_n7/hhl_n7.qasm-FakeBrooklyn-4-small_first,large_first,brute_force]
qcs/tst/qvm/integration/bench_test.py::TestBenchDiffBackendQvmFrpV2::test_bench_multi_methods_multi_metrics[/root/projects/QASMBench/small//simon_n6/simon_n6.qasm,/root/projects/QASMBench/small//teleportation_n3/teleportation_n3.qasm,/root/projects/QASMBench/small//hhl_n7/hhl_n7.qasm-FakeBrooklyn-4-small_first,large_first,brute_force]
qcs/tst/qvm/integration/bench_test.py::TestBenchDiffBackendQvmFrpV2::test_bench_multi_methods_multi_metrics[/root/projects/QASMBench/small//simon_n6/simon_n6.qasm,/root/projects/QASMBench/small//teleportation_n3/teleportation_n3.qasm,/root/projects/QASMBench/small//hhl_n7/hhl_n7.qasm-FakeBrooklyn-4-small_first,large_first,brute_force]
  /root/anaconda3/envs/qcs-noise/lib/python3.10/site-packages/qiskit/providers/fake_provider/fake_backend.py:462: PendingDeprecationWarning: "warnings" argument will be deprecated as part of the qiskit-aer 0.12.0 and subsequently removed
    noise_model = NoiseModel.from_backend(self, warnings=False)

-- Docs: https://docs.pytest.org/en/stable/how-to/capture-warnings.html
=========== 1 passed, 54 deselected, 3 warnings in 99.50s (0:01:39) ============
