============================= test session starts ==============================
platform linux -- Python 3.10.6, pytest-7.2.0, pluggy-1.0.0
rootdir: /root/projects/qvm
plugins: anyio-3.6.2
collected 55 items / 54 deselected / 1 selected

tst/qvm/integration/bench_test.py 
------------------- Testing --------------

QVM::selection::costs::	random	1.5974044799804688e-05
compute_unit_list	[{2}, {3}, {5}]
QVM::selection::costs::	naive	8.869171142578125e-05
compute_unit_list	[{2}, {3}, {5}]
QVM::selection::costs::	naive_reverse	0.00012731552124023438
compute_unit_list	[{5}, {3}, {2}]
QVM::selection::costs::	brute_force	0.00610804557800293
compute_unit_list	[{2}, {3}, {5}]
random	1.5974044799804688e-05	0.07877920622393242	0.9405918121337891
small_first	8.869171142578125e-05	0.07881169718632626	0.9404226938883463
large_first	0.00012731552124023438	0.07918595229613881	0.9400622049967448
brute_force	0.00610804557800293	0.0787341533579795	0.9404223759969076
.

=============================== warnings summary ===============================
qcs/tst/qvm/integration/bench_test.py::TestBenchDiffBackendQvmFrpV2::test_bench_multi_methods_multi_metrics[/root/projects/QASMBench/small//dnn_n2/dnn_n2.qasm,/root/projects/QASMBench/small//fredkin_n3/fredkin_n3.qasm,/root/projects/QASMBench/small//qrng_n4/qrng_n4.qasm-FakeBrooklyn-4-random,small_first,large_first,brute_force]
qcs/tst/qvm/integration/bench_test.py::TestBenchDiffBackendQvmFrpV2::test_bench_multi_methods_multi_metrics[/root/projects/QASMBench/small//dnn_n2/dnn_n2.qasm,/root/projects/QASMBench/small//fredkin_n3/fredkin_n3.qasm,/root/projects/QASMBench/small//qrng_n4/qrng_n4.qasm-FakeBrooklyn-4-random,small_first,large_first,brute_force]
qcs/tst/qvm/integration/bench_test.py::TestBenchDiffBackendQvmFrpV2::test_bench_multi_methods_multi_metrics[/root/projects/QASMBench/small//dnn_n2/dnn_n2.qasm,/root/projects/QASMBench/small//fredkin_n3/fredkin_n3.qasm,/root/projects/QASMBench/small//qrng_n4/qrng_n4.qasm-FakeBrooklyn-4-random,small_first,large_first,brute_force]
qcs/tst/qvm/integration/bench_test.py::TestBenchDiffBackendQvmFrpV2::test_bench_multi_methods_multi_metrics[/root/projects/QASMBench/small//dnn_n2/dnn_n2.qasm,/root/projects/QASMBench/small//fredkin_n3/fredkin_n3.qasm,/root/projects/QASMBench/small//qrng_n4/qrng_n4.qasm-FakeBrooklyn-4-random,small_first,large_first,brute_force]
qcs/tst/qvm/integration/bench_test.py::TestBenchDiffBackendQvmFrpV2::test_bench_multi_methods_multi_metrics[/root/projects/QASMBench/small//dnn_n2/dnn_n2.qasm,/root/projects/QASMBench/small//fredkin_n3/fredkin_n3.qasm,/root/projects/QASMBench/small//qrng_n4/qrng_n4.qasm-FakeBrooklyn-4-random,small_first,large_first,brute_force]
  /root/anaconda3/envs/qcs-noise/lib/python3.10/site-packages/qiskit/providers/fake_provider/fake_backend.py:462: PendingDeprecationWarning: "warnings" argument will be deprecated as part of the qiskit-aer 0.12.0 and subsequently removed
    noise_model = NoiseModel.from_backend(self, warnings=False)

qcs/tst/qvm/integration/bench_test.py: 12 warnings
  /root/anaconda3/envs/qcs-noise/lib/python3.10/site-packages/qiskit_aer/noise/device/models.py:365: UserWarning: Device model returned an invalid T_2 relaxation time greater than the theoretical maximum value 2 * T_1 (96966.20180926041 > 2 * 40591.82230473617). Truncating to maximum value.
    warn("Device model returned an invalid T_2 relaxation time greater than"

qcs/tst/qvm/integration/bench_test.py::TestBenchDiffBackendQvmFrpV2::test_bench_multi_methods_multi_metrics[/root/projects/QASMBench/small//dnn_n2/dnn_n2.qasm,/root/projects/QASMBench/small//fredkin_n3/fredkin_n3.qasm,/root/projects/QASMBench/small//qrng_n4/qrng_n4.qasm-FakeBrooklyn-4-random,small_first,large_first,brute_force]
qcs/tst/qvm/integration/bench_test.py::TestBenchDiffBackendQvmFrpV2::test_bench_multi_methods_multi_metrics[/root/projects/QASMBench/small//dnn_n2/dnn_n2.qasm,/root/projects/QASMBench/small//fredkin_n3/fredkin_n3.qasm,/root/projects/QASMBench/small//qrng_n4/qrng_n4.qasm-FakeBrooklyn-4-random,small_first,large_first,brute_force]
  /root/anaconda3/envs/qcs-noise/lib/python3.10/site-packages/qiskit_aer/noise/device/models.py:365: UserWarning: Device model returned an invalid T_2 relaxation time greater than the theoretical maximum value 2 * T_1 (9.696620180926042e-05 > 2 * 4.059182230473617e-05). Truncating to maximum value.
    warn("Device model returned an invalid T_2 relaxation time greater than"

-- Docs: https://docs.pytest.org/en/stable/how-to/capture-warnings.html
========== 1 passed, 54 deselected, 19 warnings in 118.32s (0:01:58) ===========
