============================= test session starts ==============================
platform linux -- Python 3.10.6, pytest-7.2.0, pluggy-1.0.0
rootdir: /root/projects/qvm
plugins: anyio-3.6.2
collected 55 items / 54 deselected / 1 selected

tst/qvm/integration/bench_test.py 
------------------- Testing --------------

QVM::selection::costs::	random	2.0265579223632812e-05
compute_unit_list	[{1, 12, 7}, {2}, {3, 6}]
QVM::selection::costs::	naive	0.00010180473327636719
compute_unit_list	[{1, 12, 7}, {2}, {3, 6}]
QVM::selection::costs::	naive_reverse	6.651878356933594e-05
compute_unit_list	[{1, 12, 7}, {2}, {3, 6}]
QVM::selection::costs::	brute_force	0.0009975433349609375
compute_unit_list	[{1, 12, 7}, {2}, {3, 6}]
random	2.0265579223632812e-05	0.6398252689846617	0.6396093368530273
small_first	0.00010180473327636719	0.64107908876777	0.6394615173339844
large_first	6.651878356933594e-05	0.6392363927823776	0.6401135126749674
brute_force	0.0009975433349609375	0.640422173177495	0.6395111083984375
.

=============================== warnings summary ===============================
qcs/tst/qvm/integration/bench_test.py::TestBenchDiffBackendQvmFrpV2::test_bench_multi_methods_multi_metrics[/root/projects/QASMBench/small//adder_n10/adder_n10.qasm,/root/projects/QASMBench/small//fredkin_n3/fredkin_n3.qasm,/root/projects/QASMBench/small//lpn_n5/lpn_n5.qasm-FakeBrooklyn-4-random,small_first,large_first,brute_force]
qcs/tst/qvm/integration/bench_test.py::TestBenchDiffBackendQvmFrpV2::test_bench_multi_methods_multi_metrics[/root/projects/QASMBench/small//adder_n10/adder_n10.qasm,/root/projects/QASMBench/small//fredkin_n3/fredkin_n3.qasm,/root/projects/QASMBench/small//lpn_n5/lpn_n5.qasm-FakeBrooklyn-4-random,small_first,large_first,brute_force]
qcs/tst/qvm/integration/bench_test.py::TestBenchDiffBackendQvmFrpV2::test_bench_multi_methods_multi_metrics[/root/projects/QASMBench/small//adder_n10/adder_n10.qasm,/root/projects/QASMBench/small//fredkin_n3/fredkin_n3.qasm,/root/projects/QASMBench/small//lpn_n5/lpn_n5.qasm-FakeBrooklyn-4-random,small_first,large_first,brute_force]
  /root/anaconda3/envs/qcs-noise/lib/python3.10/site-packages/qiskit/providers/fake_provider/fake_backend.py:462: PendingDeprecationWarning: "warnings" argument will be deprecated as part of the qiskit-aer 0.12.0 and subsequently removed
    noise_model = NoiseModel.from_backend(self, warnings=False)

-- Docs: https://docs.pytest.org/en/stable/how-to/capture-warnings.html
=========== 1 passed, 54 deselected, 3 warnings in 106.29s (0:01:46) ===========
